<?xml version="1.0" encoding="UTF-8"?>
<testsuite name="it.disi.unitn.lasagna.audiocreator.AudioExtractorTest" tests="1" skipped="0" failures="0" errors="0" timestamp="2025-01-27T09:47:42" hostname="marco-lasagna-Dell-G15-5530" time="0.075">
  <properties/>
  <testcase name="extractAudio()" classname="it.disi.unitn.lasagna.audiocreator.AudioExtractorTest" time="0.075"/>
  <system-out><![CDATA[]]></system-out>
  <system-err><![CDATA[ffmpeg version 7.0.2-3ubuntu1 Copyright (c) 2000-2024 the FFmpeg developers
  built with gcc 14 (Ubuntu 14.2.0-2ubuntu1)
  configuration: --prefix=/usr --extra-version=3ubuntu1 --toolchain=hardened --libdir=/usr/lib/x86_64-linux-gnu --incdir=/usr/include/x86_64-linux-gnu --arch=amd64 --enable-gpl --disable-stripping --disable-libmfx --disable-omx --enable-gnutls --enable-libaom --enable-libass --enable-libbs2b --enable-libcdio --enable-libcodec2 --enable-libdav1d --enable-libflite --enable-libfontconfig --enable-libfreetype --enable-libfribidi --enable-libglslang --enable-libgme --enable-libgsm --enable-libharfbuzz --enable-libmp3lame --enable-libmysofa --enable-libopenjpeg --enable-libopenmpt --enable-libopus --enable-librubberband --enable-libshine --enable-libsnappy --enable-libsoxr --enable-libspeex --enable-libtheora --enable-libtwolame --enable-libvidstab --enable-libvorbis --enable-libvpx --enable-libwebp --enable-libx265 --enable-libxml2 --enable-libxvid --enable-libzimg --enable-openal --enable-opencl --enable-opengl --disable-sndio --enable-libvpl --enable-libdc1394 --enable-libdrm --enable-libiec61883 --enable-chromaprint --enable-frei0r --enable-ladspa --enable-libbluray --enable-libcaca --enable-libdvdnav --enable-libdvdread --enable-libjack --enable-libpulse --enable-librabbitmq --enable-librist --enable-libsrt --enable-libssh --enable-libsvtav1 --enable-libx264 --enable-libzmq --enable-libzvbi --enable-lv2 --enable-sdl2 --enable-libplacebo --enable-librav1e --enable-pocketsphinx --enable-librsvg --enable-libjxl --enable-shared
  libavutil      59.  8.100 / 59.  8.100
  libavcodec     61.  3.100 / 61.  3.100
  libavformat    61.  1.100 / 61.  1.100
  libavdevice    61.  1.100 / 61.  1.100
  libavfilter    10.  1.100 / 10.  1.100
  libswscale      8.  1.100 /  8.  1.100
  libswresample   5.  1.100 /  5.  1.100
  libpostproc    58.  1.100 / 58.  1.100
Input #0, asf, from './src/test/resources/input/mp4/000.wmv':
  Metadata:
    encoder         : Lavf61.1.100
  Duration: 00:00:06.00, start: 0.000000, bitrate: 112 kb/s
  Stream #0:0: Video: wmv2 (WMV2 / 0x32564D57), yuv420p, 800x600, SAR 4501:6000 DAR 4501:4500, 1k tbr, 1k tbn
  Stream #0:1: Audio: mp3 (mp3float) (U[0][0][0] / 0x0055), 24000 Hz, mono, fltp, 64 kb/s
Stream mapping:
  Stream #0:1 -> #0:0 (mp3 (mp3float) -> wmav2 (native))
Press [q] to stop, [?] for help
Output #0, asf, to './src/test/resources/output/mp3/000.wma':
  Metadata:
    WM/EncodingSettings: Lavf61.1.100
  Stream #0:0: Audio: wmav2 (a[1][0][0] / 0x0161), 24000 Hz, mono, fltp, 128 kb/s
      Metadata:
        encoder         : Lavc61.3.100 wmav2
[out#0/asf @ 0x579169673b00] video:0KiB audio:95KiB subtitle:0KiB other streams:0KiB global headers:0KiB muxing overhead: 19.426301%
size=     113KiB time=00:00:05.91 bitrate= 156.5kbits/s speed=1.07e+03x    
]]></system-err>
</testsuite>
