<?xml version="1.0" encoding="UTF-8"?>
<testsuite name="it.disi.unitn.videocreator.VideoCreatorTest" tests="1" skipped="0" failures="0" errors="0" timestamp="2024-05-28T17:18:06" hostname="marco-lasagna-Dell-G15-5530" time="0.042">
  <properties/>
  <testcase name="createCommand()" classname="it.disi.unitn.videocreator.VideoCreatorTest" time="0.042"/>
  <system-out><![CDATA[]]></system-out>
  <system-err><![CDATA[ffmpeg version N-115353-gd43e123837 Copyright (c) 2000-2024 the FFmpeg developers
  built with gcc 13 (Ubuntu 13.2.0-23ubuntu4)
  configuration: --prefix=/home/marco-lasagna/ffmpeg_build --pkg-config-flags=--static --extra-cflags=-I/home/marco-lasagna/ffmpeg_build/include --extra-ldflags=-L/home/marco-lasagna/ffmpeg_build/lib --extra-libs='-lpthread -lm' --ld=g++ --bindir=/home/marco-lasagna/bin --enable-gpl --enable-gnutls --enable-libaom --enable-libass --enable-libfdk-aac --enable-libfreetype --enable-libmp3lame --enable-libopus --enable-libsvtav1 --enable-libdav1d --enable-libvorbis --enable-libvpx --enable-libx264 --enable-libx265 --enable-nonfree
  libavutil      59. 19.100 / 59. 19.100
  libavcodec     61.  5.104 / 61.  5.104
  libavformat    61.  3.103 / 61.  3.103
  libavdevice    61.  2.100 / 61.  2.100
  libavfilter    10.  2.102 / 10.  2.102
  libswscale      8.  2.100 /  8.  2.100
  libswresample   5.  2.100 /  5.  2.100
  libpostproc    58.  2.100 / 58.  2.100
Input #0, image2, from './src/test/resources/input/images/000.jpeg':
  Duration: 00:00:00.04, start: 0.000000, bitrate: 107484 kb/s
  Stream #0:0: Video: mjpeg (Baseline), yuvj420p(pc, bt470bg/unknown/unknown), 4501x4500 [SAR 1:1 DAR 4501:4500], 25 fps, 25 tbr, 25 tbn
Stream mapping:
  Stream #0:0 -> #0:0 (copy)
Output #0, mp4, to './src/test/resources/input/mp4/example.mp4':
  Metadata:
    encoder         : Lavf61.3.103
  Stream #0:0: Video: mjpeg (Baseline) (mp4v / 0x7634706D), yuvj420p(pc, bt470bg/unknown/unknown), 4501x4500 [SAR 1:1 DAR 4501:4500], q=2-31, 25 fps, 25 tbr, 16384 tbn
Press [q] to stop, [?] for help
[out#0/mp4 @ 0x5c873959cb00] video:525KiB audio:0KiB subtitle:0KiB other streams:0KiB global headers:0KiB muxing overhead: 0.153325%
size=     526KiB time=00:00:00.04 bitrate=107649.2kbits/s speed=65.8x    
]]></system-err>
</testsuite>
