<?xml version="1.0" encoding="UTF-8"?>
<testsuite name="it.disi.unitn.transition.translation.TranslationTest" tests="2" skipped="0" failures="0" errors="0" timestamp="2025-02-13T02:08:38" hostname="marco-lasagna-Dell-G15-5530" time="253.105">
  <properties/>
  <testcase name="test()" classname="it.disi.unitn.transition.translation.TranslationTest" time="126.62"/>
  <testcase name="test1()" classname="it.disi.unitn.transition.translation.TranslationTest" time="126.483"/>
  <system-out><![CDATA[]]></system-out>
  <system-err><![CDATA[ffmpeg version 7.0.2-3ubuntu1 Copyright (c) 2000-2024 the FFmpeg developers
  built with gcc 14 (Ubuntu 14.2.0-2ubuntu1)
  configuration: --prefix=/usr --extra-version=3ubuntu1 --toolchain=hardened --libdir=/usr/lib/x86_64-linux-gnu --incdir=/usr/include/x86_64-linux-gnu --arch=amd64 --enable-gpl --disable-stripping --disable-libmfx --disable-omx --enable-gnutls --enable-libaom --enable-libass --enable-libbs2b --enable-libcdio --enable-libcodec2 --enable-libdav1d --enable-libflite --enable-libfontconfig --enable-libfreetype --enable-libfribidi --enable-libglslang --enable-libgme --enable-libgsm --enable-libharfbuzz --enable-libmp3lame --enable-libmysofa --enable-libopenjpeg --enable-libopenmpt --enable-libopus --enable-librubberband --enable-libshine --enable-libsnappy --enable-libsoxr --enable-libspeex --enable-libtheora --enable-libtwolame --enable-libvidstab --enable-libvorbis --enable-libvpx --enable-libwebp --enable-libx265 --enable-libxml2 --enable-libxvid --enable-libzimg --enable-openal --enable-opencl --enable-opengl --disable-sndio --enable-libvpl --enable-libdc1394 --enable-libdrm --enable-libiec61883 --enable-chromaprint --enable-frei0r --enable-ladspa --enable-libbluray --enable-libcaca --enable-libdvdnav --enable-libdvdread --enable-libjack --enable-libpulse --enable-librabbitmq --enable-librist --enable-libsrt --enable-libssh --enable-libsvtav1 --enable-libx264 --enable-libzmq --enable-libzvbi --enable-lv2 --enable-sdl2 --enable-libplacebo --enable-librav1e --enable-pocketsphinx --enable-librsvg --enable-libjxl --enable-shared
  libavutil      59.  8.100 / 59.  8.100
  libavcodec     61.  3.100 / 61.  3.100
  libavformat    61.  1.100 / 61.  1.100
  libavdevice    61.  1.100 / 61.  1.100
  libavfilter    10.  1.100 / 10.  1.100
  libswscale      8.  1.100 /  8.  1.100
  libswresample   5.  1.100 /  5.  1.100
  libpostproc    58.  1.100 / 58.  1.100
Input #0, concat, from '/home/marco-lasagna/Scaricati/ffmpeg-java/inputFile.txt':
  Duration: N/A, start: 0.000000, bitrate: N/A
  Stream #0:0: Video: mjpeg (Baseline), yuvj420p(pc, bt470bg/unknown/unknown), 4501x4500 [SAR 1:1 DAR 4501:4500], 25 fps, 25 tbr, 25 tbn
Stream mapping:
  Stream #0:0 -> #0:0 (mjpeg (native) -> h264 (libx264))
Press [q] to stop, [?] for help
[swscaler @ 0x72a8e4016b00] deprecated pixel format used, make sure you did set range correctly
    Last message repeated 1 times
[swscaler @ 0x72a8e4b407c0] deprecated pixel format used, make sure you did set range correctly
    Last message repeated 1 times
[vost#0:0/libx264 @ 0x64e8c0dfba00] No information about the input framerate is available. Falling back to a default value of 25fps. Use the -r option if you want a different framerate.
[libx264 @ 0x64e8c0df1dc0] using SAR=2048/4095
[libx264 @ 0x64e8c0df1dc0] using cpu capabilities: MMX2 SSE2Fast SSSE3 SSE4.2 AVX FMA3 BMI2 AVX2
[libx264 @ 0x64e8c0df1dc0] profile High, level 4.0, 4:2:0, 8-bit
[libx264 @ 0x64e8c0df1dc0] 264 - core 164 r3108 31e19f9 - H.264/MPEG-4 AVC codec - Copyleft 2003-2023 - http://www.videolan.org/x264.html - options: cabac=1 ref=3 deblock=1:0:0 analyse=0x3:0x113 me=hex subme=7 psy=1 psy_rd=1.00:0.00 mixed_ref=1 me_range=16 chroma_me=1 trellis=1 8x8dct=1 cqm=0 deadzone=21,11 fast_pskip=1 chroma_qp_offset=-2 threads=30 lookahead_threads=5 sliced_threads=0 nr=0 decimate=1 interlaced=0 bluray_compat=0 constrained_intra=0 bframes=3 b_pyramid=2 b_adapt=1 b_bias=0 direct=1 weightb=1 open_gop=0 weightp=2 keyint=250 keyint_min=25 scenecut=40 intra_refresh=0 rc_lookahead=40 rc=crf mbtree=1 crf=23.0 qcomp=0.60 qpmin=0 qpmax=69 qpstep=4 ip_ratio=1.40 aq=1:1.00
Output #0, mp4, to './src/test/resources/output/translation/video/009.mp4':
  Metadata:
    encoder         : Lavf61.1.100
  Stream #0:0: Video: h264 (avc1 / 0x31637661), yuvj420p(pc, progressive), 2048x1024 [SAR 4501:9000 DAR 4501:4500], q=2-31, 25 fps, 12800 tbn
      Metadata:
        encoder         : Lavc61.3.100 libx264
      Side data:
        cpb: bitrate max/min/avg: 0/0/0 buffer size: 0 vbv_delay: N/A
[out#0/mp4 @ 0x64e8c0df9a80] video:32KiB audio:0KiB subtitle:0KiB other streams:0KiB global headers:0KiB muxing overhead: 2.936464%
frame=    6 fps=0.0 q=-1.0 Lsize=      33KiB time=00:00:00.16 bitrate=1670.3kbits/s dup=0 drop=17 speed=0.717x    
[libx264 @ 0x64e8c0df1dc0] frame I:1     Avg QP:18.46  size: 29741
[libx264 @ 0x64e8c0df1dc0] frame P:2     Avg QP:19.31  size:   556
[libx264 @ 0x64e8c0df1dc0] frame B:3     Avg QP:24.14  size:   303
[libx264 @ 0x64e8c0df1dc0] consecutive B-frames: 33.3%  0.0%  0.0% 66.7%
[libx264 @ 0x64e8c0df1dc0] mb I  I16..4: 17.2% 72.6% 10.2%
[libx264 @ 0x64e8c0df1dc0] mb P  I16..4:  0.1%  0.1%  0.0%  P16..4:  1.2%  0.2%  0.1%  0.0%  0.0%    skip:98.3%
[libx264 @ 0x64e8c0df1dc0] mb B  I16..4:  0.0%  0.0%  0.0%  B16..8:  1.1%  0.1%  0.0%  direct: 0.1%  skip:98.6%  L0:61.5% L1:35.9% BI: 2.6%
[libx264 @ 0x64e8c0df1dc0] 8x8 transform intra:72.5% inter:22.1%
[libx264 @ 0x64e8c0df1dc0] coded y,uvDC,uvAC intra: 5.9% 10.2% 9.1% inter: 0.1% 0.0% 0.0%
[libx264 @ 0x64e8c0df1dc0] i16 v,h,dc,p: 82% 17%  1%  0%
[libx264 @ 0x64e8c0df1dc0] i8 v,h,dc,ddl,ddr,vr,hd,vl,hu: 42%  9% 48%  0%  0%  0%  0%  0%  0%
[libx264 @ 0x64e8c0df1dc0] i4 v,h,dc,ddl,ddr,vr,hd,vl,hu: 39% 30% 10%  4%  2%  2%  4%  4%  5%
[libx264 @ 0x64e8c0df1dc0] i8c dc,h,v,p: 82%  9%  8%  1%
[libx264 @ 0x64e8c0df1dc0] Weighted P-Frames: Y:0.0% UV:0.0%
[libx264 @ 0x64e8c0df1dc0] ref P L0: 96.2%  0.0%  0.4%  3.4%
[libx264 @ 0x64e8c0df1dc0] ref B L0: 93.8%  6.2%
[libx264 @ 0x64e8c0df1dc0] ref B L1: 91.9%  8.1%
[libx264 @ 0x64e8c0df1dc0] kb/s:1058.80
ffmpeg version 7.0.2-3ubuntu1 Copyright (c) 2000-2024 the FFmpeg developers
  built with gcc 14 (Ubuntu 14.2.0-2ubuntu1)
  configuration: --prefix=/usr --extra-version=3ubuntu1 --toolchain=hardened --libdir=/usr/lib/x86_64-linux-gnu --incdir=/usr/include/x86_64-linux-gnu --arch=amd64 --enable-gpl --disable-stripping --disable-libmfx --disable-omx --enable-gnutls --enable-libaom --enable-libass --enable-libbs2b --enable-libcdio --enable-libcodec2 --enable-libdav1d --enable-libflite --enable-libfontconfig --enable-libfreetype --enable-libfribidi --enable-libglslang --enable-libgme --enable-libgsm --enable-libharfbuzz --enable-libmp3lame --enable-libmysofa --enable-libopenjpeg --enable-libopenmpt --enable-libopus --enable-librubberband --enable-libshine --enable-libsnappy --enable-libsoxr --enable-libspeex --enable-libtheora --enable-libtwolame --enable-libvidstab --enable-libvorbis --enable-libvpx --enable-libwebp --enable-libx265 --enable-libxml2 --enable-libxvid --enable-libzimg --enable-openal --enable-opencl --enable-opengl --disable-sndio --enable-libvpl --enable-libdc1394 --enable-libdrm --enable-libiec61883 --enable-chromaprint --enable-frei0r --enable-ladspa --enable-libbluray --enable-libcaca --enable-libdvdnav --enable-libdvdread --enable-libjack --enable-libpulse --enable-librabbitmq --enable-librist --enable-libsrt --enable-libssh --enable-libsvtav1 --enable-libx264 --enable-libzmq --enable-libzvbi --enable-lv2 --enable-sdl2 --enable-libplacebo --enable-librav1e --enable-pocketsphinx --enable-librsvg --enable-libjxl --enable-shared
  libavutil      59.  8.100 / 59.  8.100
  libavcodec     61.  3.100 / 61.  3.100
  libavformat    61.  1.100 / 61.  1.100
  libavdevice    61.  1.100 / 61.  1.100
  libavfilter    10.  1.100 / 10.  1.100
  libswscale      8.  1.100 /  8.  1.100
  libswresample   5.  1.100 /  5.  1.100
  libpostproc    58.  1.100 / 58.  1.100
Input #0, concat, from '/home/marco-lasagna/Scaricati/ffmpeg-java/inputFile.txt':
  Duration: N/A, start: 0.000000, bitrate: N/A
  Stream #0:0: Video: mjpeg (Baseline), yuvj420p(pc, bt470bg/unknown/unknown), 4501x4500 [SAR 1:1 DAR 4501:4500], 25 fps, 25 tbr, 25 tbn
Stream mapping:
  Stream #0:0 -> #0:0 (mjpeg (native) -> h264 (libx264))
Press [q] to stop, [?] for help
[swscaler @ 0x75ada4016b00] deprecated pixel format used, make sure you did set range correctly
    Last message repeated 1 times
[swscaler @ 0x75ada4b407c0] deprecated pixel format used, make sure you did set range correctly
    Last message repeated 1 times
[vost#0:0/libx264 @ 0x5c08f9b04ac0] No information about the input framerate is available. Falling back to a default value of 25fps. Use the -r option if you want a different framerate.
[libx264 @ 0x5c08f9afae80] using SAR=2048/4095
[libx264 @ 0x5c08f9afae80] using cpu capabilities: MMX2 SSE2Fast SSSE3 SSE4.2 AVX FMA3 BMI2 AVX2
[libx264 @ 0x5c08f9afae80] profile High, level 4.0, 4:2:0, 8-bit
[libx264 @ 0x5c08f9afae80] 264 - core 164 r3108 31e19f9 - H.264/MPEG-4 AVC codec - Copyleft 2003-2023 - http://www.videolan.org/x264.html - options: cabac=1 ref=3 deblock=1:0:0 analyse=0x3:0x113 me=hex subme=7 psy=1 psy_rd=1.00:0.00 mixed_ref=1 me_range=16 chroma_me=1 trellis=1 8x8dct=1 cqm=0 deadzone=21,11 fast_pskip=1 chroma_qp_offset=-2 threads=30 lookahead_threads=5 sliced_threads=0 nr=0 decimate=1 interlaced=0 bluray_compat=0 constrained_intra=0 bframes=3 b_pyramid=2 b_adapt=1 b_bias=0 direct=1 weightb=1 open_gop=0 weightp=2 keyint=250 keyint_min=25 scenecut=40 intra_refresh=0 rc_lookahead=40 rc=crf mbtree=1 crf=23.0 qcomp=0.60 qpmin=0 qpmax=69 qpstep=4 ip_ratio=1.40 aq=1:1.00
Output #0, mp4, to './src/test/resources/output/translation/video/019.mp4':
  Metadata:
    encoder         : Lavf61.1.100
  Stream #0:0: Video: h264 (avc1 / 0x31637661), yuvj420p(pc, progressive), 2048x1024 [SAR 4501:9000 DAR 4501:4500], q=2-31, 25 fps, 12800 tbn
      Metadata:
        encoder         : Lavc61.3.100 libx264
      Side data:
        cpb: bitrate max/min/avg: 0/0/0 buffer size: 0 vbv_delay: N/A
[out#0/mp4 @ 0x5c08f9b02b40] video:32KiB audio:0KiB subtitle:0KiB other streams:0KiB global headers:0KiB muxing overhead: 2.927084%
frame=    6 fps=0.0 q=-1.0 Lsize=      33KiB time=00:00:00.16 bitrate=1675.5kbits/s dup=0 drop=19 speed=0.638x    
[libx264 @ 0x5c08f9afae80] frame I:1     Avg QP:18.47  size: 29744
[libx264 @ 0x5c08f9afae80] frame P:2     Avg QP:19.17  size:   618
[libx264 @ 0x5c08f9afae80] frame B:3     Avg QP:29.21  size:   296
[libx264 @ 0x5c08f9afae80] consecutive B-frames: 33.3%  0.0%  0.0% 66.7%
[libx264 @ 0x5c08f9afae80] mb I  I16..4: 17.3% 72.5% 10.2%
[libx264 @ 0x5c08f9afae80] mb P  I16..4:  0.1%  0.1%  0.0%  P16..4:  1.2%  0.2%  0.1%  0.0%  0.0%    skip:98.3%
[libx264 @ 0x5c08f9afae80] mb B  I16..4:  0.0%  0.0%  0.0%  B16..8:  1.1%  0.1%  0.0%  direct: 0.1%  skip:98.7%  L0:32.2% L1:65.1% BI: 2.7%
[libx264 @ 0x5c08f9afae80] 8x8 transform intra:72.4% inter:10.5%
[libx264 @ 0x5c08f9afae80] coded y,uvDC,uvAC intra: 5.9% 10.2% 9.1% inter: 0.1% 0.0% 0.0%
[libx264 @ 0x5c08f9afae80] i16 v,h,dc,p: 82% 17%  1%  0%
[libx264 @ 0x5c08f9afae80] i8 v,h,dc,ddl,ddr,vr,hd,vl,hu: 45%  6% 48%  0%  0%  0%  0%  0%  0%
[libx264 @ 0x5c08f9afae80] i4 v,h,dc,ddl,ddr,vr,hd,vl,hu: 39% 30% 10%  4%  2%  2%  4%  4%  5%
[libx264 @ 0x5c08f9afae80] i8c dc,h,v,p: 82%  9%  8%  1%
[libx264 @ 0x5c08f9afae80] Weighted P-Frames: Y:0.0% UV:0.0%
[libx264 @ 0x5c08f9afae80] ref P L0: 95.3%  0.2%  1.4%  3.0%
[libx264 @ 0x5c08f9afae80] ref B L0: 88.5% 11.5%
[libx264 @ 0x5c08f9afae80] ref B L1: 97.6%  2.4%
[libx264 @ 0x5c08f9afae80] kb/s:1062.27
ffmpeg version 7.0.2-3ubuntu1 Copyright (c) 2000-2024 the FFmpeg developers
  built with gcc 14 (Ubuntu 14.2.0-2ubuntu1)
  configuration: --prefix=/usr --extra-version=3ubuntu1 --toolchain=hardened --libdir=/usr/lib/x86_64-linux-gnu --incdir=/usr/include/x86_64-linux-gnu --arch=amd64 --enable-gpl --disable-stripping --disable-libmfx --disable-omx --enable-gnutls --enable-libaom --enable-libass --enable-libbs2b --enable-libcdio --enable-libcodec2 --enable-libdav1d --enable-libflite --enable-libfontconfig --enable-libfreetype --enable-libfribidi --enable-libglslang --enable-libgme --enable-libgsm --enable-libharfbuzz --enable-libmp3lame --enable-libmysofa --enable-libopenjpeg --enable-libopenmpt --enable-libopus --enable-librubberband --enable-libshine --enable-libsnappy --enable-libsoxr --enable-libspeex --enable-libtheora --enable-libtwolame --enable-libvidstab --enable-libvorbis --enable-libvpx --enable-libwebp --enable-libx265 --enable-libxml2 --enable-libxvid --enable-libzimg --enable-openal --enable-opencl --enable-opengl --disable-sndio --enable-libvpl --enable-libdc1394 --enable-libdrm --enable-libiec61883 --enable-chromaprint --enable-frei0r --enable-ladspa --enable-libbluray --enable-libcaca --enable-libdvdnav --enable-libdvdread --enable-libjack --enable-libpulse --enable-librabbitmq --enable-librist --enable-libsrt --enable-libssh --enable-libsvtav1 --enable-libx264 --enable-libzmq --enable-libzvbi --enable-lv2 --enable-sdl2 --enable-libplacebo --enable-librav1e --enable-pocketsphinx --enable-librsvg --enable-libjxl --enable-shared
  libavutil      59.  8.100 / 59.  8.100
  libavcodec     61.  3.100 / 61.  3.100
  libavformat    61.  1.100 / 61.  1.100
  libavdevice    61.  1.100 / 61.  1.100
  libavfilter    10.  1.100 / 10.  1.100
  libswscale      8.  1.100 /  8.  1.100
  libswresample   5.  1.100 /  5.  1.100
  libpostproc    58.  1.100 / 58.  1.100
Input #0, concat, from '/home/marco-lasagna/Scaricati/ffmpeg-java/inputFile.txt':
  Duration: N/A, start: 0.000000, bitrate: N/A
  Stream #0:0: Video: mjpeg (Baseline), yuvj420p(pc, bt470bg/unknown/unknown), 4501x4500 [SAR 1:1 DAR 4501:4500], 25 fps, 25 tbr, 25 tbn
Stream mapping:
  Stream #0:0 -> #0:0 (mjpeg (native) -> h264 (libx264))
Press [q] to stop, [?] for help
[swscaler @ 0x7ca470016b00] deprecated pixel format used, make sure you did set range correctly
    Last message repeated 1 times
[swscaler @ 0x7ca470b407c0] deprecated pixel format used, make sure you did set range correctly
    Last message repeated 1 times
[vost#0:0/libx264 @ 0x5e6f2a411ac0] No information about the input framerate is available. Falling back to a default value of 25fps. Use the -r option if you want a different framerate.
[libx264 @ 0x5e6f2a407e80] using SAR=2048/4095
[libx264 @ 0x5e6f2a407e80] using cpu capabilities: MMX2 SSE2Fast SSSE3 SSE4.2 AVX FMA3 BMI2 AVX2
[libx264 @ 0x5e6f2a407e80] profile High, level 4.0, 4:2:0, 8-bit
[libx264 @ 0x5e6f2a407e80] 264 - core 164 r3108 31e19f9 - H.264/MPEG-4 AVC codec - Copyleft 2003-2023 - http://www.videolan.org/x264.html - options: cabac=1 ref=3 deblock=1:0:0 analyse=0x3:0x113 me=hex subme=7 psy=1 psy_rd=1.00:0.00 mixed_ref=1 me_range=16 chroma_me=1 trellis=1 8x8dct=1 cqm=0 deadzone=21,11 fast_pskip=1 chroma_qp_offset=-2 threads=30 lookahead_threads=5 sliced_threads=0 nr=0 decimate=1 interlaced=0 bluray_compat=0 constrained_intra=0 bframes=3 b_pyramid=2 b_adapt=1 b_bias=0 direct=1 weightb=1 open_gop=0 weightp=2 keyint=250 keyint_min=25 scenecut=40 intra_refresh=0 rc_lookahead=40 rc=crf mbtree=1 crf=23.0 qcomp=0.60 qpmin=0 qpmax=69 qpstep=4 ip_ratio=1.40 aq=1:1.00
Output #0, mp4, to './src/test/resources/output/translation/video/029.mp4':
  Metadata:
    encoder         : Lavf61.1.100
  Stream #0:0: Video: h264 (avc1 / 0x31637661), yuvj420p(pc, progressive), 2048x1024 [SAR 4501:9000 DAR 4501:4500], q=2-31, 25 fps, 12800 tbn
      Metadata:
        encoder         : Lavc61.3.100 libx264
      Side data:
        cpb: bitrate max/min/avg: 0/0/0 buffer size: 0 vbv_delay: N/A
[out#0/mp4 @ 0x5e6f2a40fb40] video:32KiB audio:0KiB subtitle:0KiB other streams:0KiB global headers:0KiB muxing overhead: 2.893270%
frame=    6 fps=0.0 q=-1.0 Lsize=      33KiB time=00:00:00.16 bitrate=1680.3kbits/s dup=0 drop=19 speed=0.649x    
[libx264 @ 0x5e6f2a407e80] frame I:1     Avg QP:18.52  size: 29864
[libx264 @ 0x5e6f2a407e80] frame P:2     Avg QP:21.86  size:   624
[libx264 @ 0x5e6f2a407e80] frame B:3     Avg QP:26.99  size:   286
[libx264 @ 0x5e6f2a407e80] consecutive B-frames: 16.7% 33.3% 50.0%  0.0%
[libx264 @ 0x5e6f2a407e80] mb I  I16..4: 26.5% 63.2% 10.3%
[libx264 @ 0x5e6f2a407e80] mb P  I16..4:  0.0%  0.1%  0.0%  P16..4:  1.3%  0.2%  0.1%  0.0%  0.0%    skip:98.2%
[libx264 @ 0x5e6f2a407e80] mb B  I16..4:  0.0%  0.0%  0.0%  B16..8:  1.4%  0.0%  0.0%  direct: 0.1%  skip:98.5%  L0:54.6% L1:44.4% BI: 1.1%
[libx264 @ 0x5e6f2a407e80] 8x8 transform intra:63.2% inter:26.0%
[libx264 @ 0x5e6f2a407e80] coded y,uvDC,uvAC intra: 5.9% 10.1% 9.1% inter: 0.1% 0.0% 0.0%
[libx264 @ 0x5e6f2a407e80] i16 v,h,dc,p: 88% 11%  1%  0%
[libx264 @ 0x5e6f2a407e80] i8 v,h,dc,ddl,ddr,vr,hd,vl,hu: 44%  4% 51%  0%  0%  0%  0%  0%  0%
[libx264 @ 0x5e6f2a407e80] i4 v,h,dc,ddl,ddr,vr,hd,vl,hu: 39% 30% 10%  4%  2%  2%  4%  4%  5%
[libx264 @ 0x5e6f2a407e80] i8c dc,h,v,p: 82%  9%  8%  1%
[libx264 @ 0x5e6f2a407e80] Weighted P-Frames: Y:0.0% UV:0.0%
[libx264 @ 0x5e6f2a407e80] ref P L0: 94.6%  0.5%  4.6%  0.4%
[libx264 @ 0x5e6f2a407e80] ref B L0: 45.6% 54.4%
[libx264 @ 0x5e6f2a407e80] kb/s:1065.73
ffmpeg version 7.0.2-3ubuntu1 Copyright (c) 2000-2024 the FFmpeg developers
  built with gcc 14 (Ubuntu 14.2.0-2ubuntu1)
  configuration: --prefix=/usr --extra-version=3ubuntu1 --toolchain=hardened --libdir=/usr/lib/x86_64-linux-gnu --incdir=/usr/include/x86_64-linux-gnu --arch=amd64 --enable-gpl --disable-stripping --disable-libmfx --disable-omx --enable-gnutls --enable-libaom --enable-libass --enable-libbs2b --enable-libcdio --enable-libcodec2 --enable-libdav1d --enable-libflite --enable-libfontconfig --enable-libfreetype --enable-libfribidi --enable-libglslang --enable-libgme --enable-libgsm --enable-libharfbuzz --enable-libmp3lame --enable-libmysofa --enable-libopenjpeg --enable-libopenmpt --enable-libopus --enable-librubberband --enable-libshine --enable-libsnappy --enable-libsoxr --enable-libspeex --enable-libtheora --enable-libtwolame --enable-libvidstab --enable-libvorbis --enable-libvpx --enable-libwebp --enable-libx265 --enable-libxml2 --enable-libxvid --enable-libzimg --enable-openal --enable-opencl --enable-opengl --disable-sndio --enable-libvpl --enable-libdc1394 --enable-libdrm --enable-libiec61883 --enable-chromaprint --enable-frei0r --enable-ladspa --enable-libbluray --enable-libcaca --enable-libdvdnav --enable-libdvdread --enable-libjack --enable-libpulse --enable-librabbitmq --enable-librist --enable-libsrt --enable-libssh --enable-libsvtav1 --enable-libx264 --enable-libzmq --enable-libzvbi --enable-lv2 --enable-sdl2 --enable-libplacebo --enable-librav1e --enable-pocketsphinx --enable-librsvg --enable-libjxl --enable-shared
  libavutil      59.  8.100 / 59.  8.100
  libavcodec     61.  3.100 / 61.  3.100
  libavformat    61.  1.100 / 61.  1.100
  libavdevice    61.  1.100 / 61.  1.100
  libavfilter    10.  1.100 / 10.  1.100
  libswscale      8.  1.100 /  8.  1.100
  libswresample   5.  1.100 /  5.  1.100
  libpostproc    58.  1.100 / 58.  1.100
Input #0, concat, from '/home/marco-lasagna/Scaricati/ffmpeg-java/inputFile.txt':
  Duration: N/A, start: 0.000000, bitrate: N/A
  Stream #0:0: Video: mjpeg (Baseline), yuvj420p(pc, bt470bg/unknown/unknown), 4501x4500 [SAR 1:1 DAR 4501:4500], 25 fps, 25 tbr, 25 tbn
Stream mapping:
  Stream #0:0 -> #0:0 (mjpeg (native) -> h264 (libx264))
Press [q] to stop, [?] for help
[swscaler @ 0x7d17c8016b00] deprecated pixel format used, make sure you did set range correctly
    Last message repeated 1 times
[swscaler @ 0x7d17c8b407c0] deprecated pixel format used, make sure you did set range correctly
    Last message repeated 1 times
[vost#0:0/libx264 @ 0x61f7c6552ac0] No information about the input framerate is available. Falling back to a default value of 25fps. Use the -r option if you want a different framerate.
[libx264 @ 0x61f7c6548e80] using SAR=2048/4095
[libx264 @ 0x61f7c6548e80] using cpu capabilities: MMX2 SSE2Fast SSSE3 SSE4.2 AVX FMA3 BMI2 AVX2
[libx264 @ 0x61f7c6548e80] profile High, level 4.0, 4:2:0, 8-bit
[libx264 @ 0x61f7c6548e80] 264 - core 164 r3108 31e19f9 - H.264/MPEG-4 AVC codec - Copyleft 2003-2023 - http://www.videolan.org/x264.html - options: cabac=1 ref=3 deblock=1:0:0 analyse=0x3:0x113 me=hex subme=7 psy=1 psy_rd=1.00:0.00 mixed_ref=1 me_range=16 chroma_me=1 trellis=1 8x8dct=1 cqm=0 deadzone=21,11 fast_pskip=1 chroma_qp_offset=-2 threads=30 lookahead_threads=5 sliced_threads=0 nr=0 decimate=1 interlaced=0 bluray_compat=0 constrained_intra=0 bframes=3 b_pyramid=2 b_adapt=1 b_bias=0 direct=1 weightb=1 open_gop=0 weightp=2 keyint=250 keyint_min=25 scenecut=40 intra_refresh=0 rc_lookahead=40 rc=crf mbtree=1 crf=23.0 qcomp=0.60 qpmin=0 qpmax=69 qpstep=4 ip_ratio=1.40 aq=1:1.00
Output #0, mp4, to './src/test/resources/output/translation/video/039.mp4':
  Metadata:
    encoder         : Lavf61.1.100
  Stream #0:0: Video: h264 (avc1 / 0x31637661), yuvj420p(pc, progressive), 2048x1024 [SAR 4501:9000 DAR 4501:4500], q=2-31, 25 fps, 12800 tbn
      Metadata:
        encoder         : Lavc61.3.100 libx264
      Side data:
        cpb: bitrate max/min/avg: 0/0/0 buffer size: 0 vbv_delay: N/A
[out#0/mp4 @ 0x61f7c6550b40] video:32KiB audio:0KiB subtitle:0KiB other streams:0KiB global headers:0KiB muxing overhead: 2.910190%
frame=    6 fps=0.0 q=-1.0 Lsize=      33KiB time=00:00:00.16 bitrate=1685.0kbits/s dup=0 drop=19 speed=0.629x    
[libx264 @ 0x61f7c6548e80] frame I:1     Avg QP:18.55  size: 29948
[libx264 @ 0x61f7c6548e80] frame P:2     Avg QP:19.39  size:   585
[libx264 @ 0x61f7c6548e80] frame B:3     Avg QP:32.21  size:   313
[libx264 @ 0x61f7c6548e80] consecutive B-frames: 33.3%  0.0%  0.0% 66.7%
[libx264 @ 0x61f7c6548e80] mb I  I16..4: 26.1% 63.7% 10.2%
[libx264 @ 0x61f7c6548e80] mb P  I16..4:  0.1%  0.1%  0.0%  P16..4:  1.2%  0.2%  0.1%  0.0%  0.0%    skip:98.4%
[libx264 @ 0x61f7c6548e80] mb B  I16..4:  0.0%  0.0%  0.0%  B16..8:  1.2%  0.1%  0.0%  direct: 0.1%  skip:98.6%  L0:58.6% L1:38.4% BI: 3.0%
[libx264 @ 0x61f7c6548e80] 8x8 transform intra:63.6% inter:15.7%
[libx264 @ 0x61f7c6548e80] coded y,uvDC,uvAC intra: 5.9% 10.2% 9.1% inter: 0.1% 0.0% 0.0%
[libx264 @ 0x61f7c6548e80] i16 v,h,dc,p: 88% 12%  1%  0%
[libx264 @ 0x61f7c6548e80] i8 v,h,dc,ddl,ddr,vr,hd,vl,hu: 48%  5% 47%  0%  0%  0%  0%  0%  0%
[libx264 @ 0x61f7c6548e80] i4 v,h,dc,ddl,ddr,vr,hd,vl,hu: 39% 30%  9%  4%  2%  2%  4%  4%  5%
[libx264 @ 0x61f7c6548e80] i8c dc,h,v,p: 82%  9%  8%  1%
[libx264 @ 0x61f7c6548e80] Weighted P-Frames: Y:0.0% UV:0.0%
[libx264 @ 0x61f7c6548e80] ref P L0: 97.9%  0.4%  0.1%  1.6%
[libx264 @ 0x61f7c6548e80] ref B L0: 95.2%  4.8%
[libx264 @ 0x61f7c6548e80] ref B L1: 95.5%  4.5%
[libx264 @ 0x61f7c6548e80] kb/s:1068.57
ffmpeg version 7.0.2-3ubuntu1 Copyright (c) 2000-2024 the FFmpeg developers
  built with gcc 14 (Ubuntu 14.2.0-2ubuntu1)
  configuration: --prefix=/usr --extra-version=3ubuntu1 --toolchain=hardened --libdir=/usr/lib/x86_64-linux-gnu --incdir=/usr/include/x86_64-linux-gnu --arch=amd64 --enable-gpl --disable-stripping --disable-libmfx --disable-omx --enable-gnutls --enable-libaom --enable-libass --enable-libbs2b --enable-libcdio --enable-libcodec2 --enable-libdav1d --enable-libflite --enable-libfontconfig --enable-libfreetype --enable-libfribidi --enable-libglslang --enable-libgme --enable-libgsm --enable-libharfbuzz --enable-libmp3lame --enable-libmysofa --enable-libopenjpeg --enable-libopenmpt --enable-libopus --enable-librubberband --enable-libshine --enable-libsnappy --enable-libsoxr --enable-libspeex --enable-libtheora --enable-libtwolame --enable-libvidstab --enable-libvorbis --enable-libvpx --enable-libwebp --enable-libx265 --enable-libxml2 --enable-libxvid --enable-libzimg --enable-openal --enable-opencl --enable-opengl --disable-sndio --enable-libvpl --enable-libdc1394 --enable-libdrm --enable-libiec61883 --enable-chromaprint --enable-frei0r --enable-ladspa --enable-libbluray --enable-libcaca --enable-libdvdnav --enable-libdvdread --enable-libjack --enable-libpulse --enable-librabbitmq --enable-librist --enable-libsrt --enable-libssh --enable-libsvtav1 --enable-libx264 --enable-libzmq --enable-libzvbi --enable-lv2 --enable-sdl2 --enable-libplacebo --enable-librav1e --enable-pocketsphinx --enable-librsvg --enable-libjxl --enable-shared
  libavutil      59.  8.100 / 59.  8.100
  libavcodec     61.  3.100 / 61.  3.100
  libavformat    61.  1.100 / 61.  1.100
  libavdevice    61.  1.100 / 61.  1.100
  libavfilter    10.  1.100 / 10.  1.100
  libswscale      8.  1.100 /  8.  1.100
  libswresample   5.  1.100 /  5.  1.100
  libpostproc    58.  1.100 / 58.  1.100
Input #0, concat, from '/home/marco-lasagna/Scaricati/ffmpeg-java/inputFile.txt':
  Duration: N/A, start: 0.000000, bitrate: N/A
  Stream #0:0: Video: mjpeg (Baseline), yuvj420p(pc, bt470bg/unknown/unknown), 4501x4500 [SAR 1:1 DAR 4501:4500], 25 fps, 25 tbr, 25 tbn
Stream mapping:
  Stream #0:0 -> #0:0 (mjpeg (native) -> h264 (libx264))
Press [q] to stop, [?] for help
[swscaler @ 0x701970016b00] deprecated pixel format used, make sure you did set range correctly
    Last message repeated 1 times
[swscaler @ 0x701970b407c0] deprecated pixel format used, make sure you did set range correctly
    Last message repeated 1 times
[vost#0:0/libx264 @ 0x601be8c33ac0] No information about the input framerate is available. Falling back to a default value of 25fps. Use the -r option if you want a different framerate.
[libx264 @ 0x601be8c29e80] using SAR=2048/4095
[libx264 @ 0x601be8c29e80] using cpu capabilities: MMX2 SSE2Fast SSSE3 SSE4.2 AVX FMA3 BMI2 AVX2
[libx264 @ 0x601be8c29e80] profile High, level 4.0, 4:2:0, 8-bit
[libx264 @ 0x601be8c29e80] 264 - core 164 r3108 31e19f9 - H.264/MPEG-4 AVC codec - Copyleft 2003-2023 - http://www.videolan.org/x264.html - options: cabac=1 ref=3 deblock=1:0:0 analyse=0x3:0x113 me=hex subme=7 psy=1 psy_rd=1.00:0.00 mixed_ref=1 me_range=16 chroma_me=1 trellis=1 8x8dct=1 cqm=0 deadzone=21,11 fast_pskip=1 chroma_qp_offset=-2 threads=30 lookahead_threads=5 sliced_threads=0 nr=0 decimate=1 interlaced=0 bluray_compat=0 constrained_intra=0 bframes=3 b_pyramid=2 b_adapt=1 b_bias=0 direct=1 weightb=1 open_gop=0 weightp=2 keyint=250 keyint_min=25 scenecut=40 intra_refresh=0 rc_lookahead=40 rc=crf mbtree=1 crf=23.0 qcomp=0.60 qpmin=0 qpmax=69 qpstep=4 ip_ratio=1.40 aq=1:1.00
Output #0, mp4, to './src/test/resources/output/translation/video/049.mp4':
  Metadata:
    encoder         : Lavf61.1.100
  Stream #0:0: Video: h264 (avc1 / 0x31637661), yuvj420p(pc, progressive), 2048x1024 [SAR 4501:9000 DAR 4501:4500], q=2-31, 25 fps, 12800 tbn
      Metadata:
        encoder         : Lavc61.3.100 libx264
      Side data:
        cpb: bitrate max/min/avg: 0/0/0 buffer size: 0 vbv_delay: N/A
[out#0/mp4 @ 0x601be8c31b40] video:32KiB audio:0KiB subtitle:0KiB other streams:0KiB global headers:0KiB muxing overhead: 2.923223%
frame=    6 fps=0.0 q=-1.0 Lsize=      33KiB time=00:00:00.16 bitrate=1677.7kbits/s dup=0 drop=19 speed=0.677x    
[libx264 @ 0x601be8c29e80] frame I:1     Avg QP:18.49  size: 29973
[libx264 @ 0x601be8c29e80] frame P:2     Avg QP:19.38  size:   536
[libx264 @ 0x601be8c29e80] frame B:3     Avg QP:24.83  size:   289
[libx264 @ 0x601be8c29e80] consecutive B-frames: 33.3%  0.0%  0.0% 66.7%
[libx264 @ 0x601be8c29e80] mb I  I16..4: 16.8% 73.0% 10.2%
[libx264 @ 0x601be8c29e80] mb P  I16..4:  0.1%  0.1%  0.0%  P16..4:  1.2%  0.2%  0.1%  0.0%  0.0%    skip:98.4%
[libx264 @ 0x601be8c29e80] mb B  I16..4:  0.0%  0.1%  0.0%  B16..8:  1.1%  0.1%  0.0%  direct: 0.0%  skip:98.7%  L0:57.2% L1:38.7% BI: 4.1%
[libx264 @ 0x601be8c29e80] 8x8 transform intra:72.9% inter:20.5%
[libx264 @ 0x601be8c29e80] coded y,uvDC,uvAC intra: 5.9% 10.2% 9.1% inter: 0.1% 0.0% 0.0%
[libx264 @ 0x601be8c29e80] i16 v,h,dc,p: 81% 18%  1%  0%
[libx264 @ 0x601be8c29e80] i8 v,h,dc,ddl,ddr,vr,hd,vl,hu: 57%  9% 34%  0%  0%  0%  0%  0%  0%
[libx264 @ 0x601be8c29e80] i4 v,h,dc,ddl,ddr,vr,hd,vl,hu: 40% 29% 10%  4%  2%  2%  4%  4%  5%
[libx264 @ 0x601be8c29e80] i8c dc,h,v,p: 82%  9%  8%  1%
[libx264 @ 0x601be8c29e80] Weighted P-Frames: Y:0.0% UV:0.0%
[libx264 @ 0x601be8c29e80] ref P L0: 95.8%  0.2%  1.1%  2.9%
[libx264 @ 0x601be8c29e80] ref B L0: 93.0%  7.0%
[libx264 @ 0x601be8c29e80] ref B L1: 92.2%  7.8%
[libx264 @ 0x601be8c29e80] kb/s:1063.70
ffmpeg version 7.0.2-3ubuntu1 Copyright (c) 2000-2024 the FFmpeg developers
  built with gcc 14 (Ubuntu 14.2.0-2ubuntu1)
  configuration: --prefix=/usr --extra-version=3ubuntu1 --toolchain=hardened --libdir=/usr/lib/x86_64-linux-gnu --incdir=/usr/include/x86_64-linux-gnu --arch=amd64 --enable-gpl --disable-stripping --disable-libmfx --disable-omx --enable-gnutls --enable-libaom --enable-libass --enable-libbs2b --enable-libcdio --enable-libcodec2 --enable-libdav1d --enable-libflite --enable-libfontconfig --enable-libfreetype --enable-libfribidi --enable-libglslang --enable-libgme --enable-libgsm --enable-libharfbuzz --enable-libmp3lame --enable-libmysofa --enable-libopenjpeg --enable-libopenmpt --enable-libopus --enable-librubberband --enable-libshine --enable-libsnappy --enable-libsoxr --enable-libspeex --enable-libtheora --enable-libtwolame --enable-libvidstab --enable-libvorbis --enable-libvpx --enable-libwebp --enable-libx265 --enable-libxml2 --enable-libxvid --enable-libzimg --enable-openal --enable-opencl --enable-opengl --disable-sndio --enable-libvpl --enable-libdc1394 --enable-libdrm --enable-libiec61883 --enable-chromaprint --enable-frei0r --enable-ladspa --enable-libbluray --enable-libcaca --enable-libdvdnav --enable-libdvdread --enable-libjack --enable-libpulse --enable-librabbitmq --enable-librist --enable-libsrt --enable-libssh --enable-libsvtav1 --enable-libx264 --enable-libzmq --enable-libzvbi --enable-lv2 --enable-sdl2 --enable-libplacebo --enable-librav1e --enable-pocketsphinx --enable-librsvg --enable-libjxl --enable-shared
  libavutil      59.  8.100 / 59.  8.100
  libavcodec     61.  3.100 / 61.  3.100
  libavformat    61.  1.100 / 61.  1.100
  libavdevice    61.  1.100 / 61.  1.100
  libavfilter    10.  1.100 / 10.  1.100
  libswscale      8.  1.100 /  8.  1.100
  libswresample   5.  1.100 /  5.  1.100
  libpostproc    58.  1.100 / 58.  1.100
Input #0, concat, from '/home/marco-lasagna/Scaricati/ffmpeg-java/inputFile.txt':
  Duration: N/A, start: 0.000000, bitrate: N/A
  Stream #0:0: Video: mjpeg (Baseline), yuvj420p(pc, bt470bg/unknown/unknown), 4501x4500 [SAR 1:1 DAR 4501:4500], 25 fps, 25 tbr, 25 tbn
Stream mapping:
  Stream #0:0 -> #0:0 (mjpeg (native) -> h264 (libx264))
Press [q] to stop, [?] for help
[swscaler @ 0x752e68016b00] deprecated pixel format used, make sure you did set range correctly
    Last message repeated 1 times
[swscaler @ 0x752e68b407c0] deprecated pixel format used, make sure you did set range correctly
    Last message repeated 1 times
[vost#0:0/libx264 @ 0x5c1eee86dac0] No information about the input framerate is available. Falling back to a default value of 25fps. Use the -r option if you want a different framerate.
[libx264 @ 0x5c1eee863e80] using SAR=2048/4095
[libx264 @ 0x5c1eee863e80] using cpu capabilities: MMX2 SSE2Fast SSSE3 SSE4.2 AVX FMA3 BMI2 AVX2
[libx264 @ 0x5c1eee863e80] profile High, level 4.0, 4:2:0, 8-bit
[libx264 @ 0x5c1eee863e80] 264 - core 164 r3108 31e19f9 - H.264/MPEG-4 AVC codec - Copyleft 2003-2023 - http://www.videolan.org/x264.html - options: cabac=1 ref=3 deblock=1:0:0 analyse=0x3:0x113 me=hex subme=7 psy=1 psy_rd=1.00:0.00 mixed_ref=1 me_range=16 chroma_me=1 trellis=1 8x8dct=1 cqm=0 deadzone=21,11 fast_pskip=1 chroma_qp_offset=-2 threads=30 lookahead_threads=5 sliced_threads=0 nr=0 decimate=1 interlaced=0 bluray_compat=0 constrained_intra=0 bframes=3 b_pyramid=2 b_adapt=1 b_bias=0 direct=1 weightb=1 open_gop=0 weightp=2 keyint=250 keyint_min=25 scenecut=40 intra_refresh=0 rc_lookahead=40 rc=crf mbtree=1 crf=23.0 qcomp=0.60 qpmin=0 qpmax=69 qpstep=4 ip_ratio=1.40 aq=1:1.00
Output #0, mp4, to './src/test/resources/output/translation/video/059.mp4':
  Metadata:
    encoder         : Lavf61.1.100
  Stream #0:0: Video: h264 (avc1 / 0x31637661), yuvj420p(pc, progressive), 2048x1024 [SAR 4501:9000 DAR 4501:4500], q=2-31, 25 fps, 12800 tbn
      Metadata:
        encoder         : Lavc61.3.100 libx264
      Side data:
        cpb: bitrate max/min/avg: 0/0/0 buffer size: 0 vbv_delay: N/A
[out#0/mp4 @ 0x5c1eee86bb40] video:32KiB audio:0KiB subtitle:0KiB other streams:0KiB global headers:0KiB muxing overhead: 2.904425%
frame=    6 fps=0.0 q=-1.0 Lsize=      33KiB time=00:00:00.16 bitrate=1688.2kbits/s dup=0 drop=19 speed=0.633x    
[libx264 @ 0x5c1eee863e80] frame I:1     Avg QP:18.46  size: 30065
[libx264 @ 0x5c1eee863e80] frame P:2     Avg QP:18.41  size:   564
[libx264 @ 0x5c1eee863e80] frame B:3     Avg QP:27.33  size:   310
[libx264 @ 0x5c1eee863e80] consecutive B-frames: 33.3%  0.0%  0.0% 66.7%
[libx264 @ 0x5c1eee863e80] mb I  I16..4: 25.5% 64.2% 10.2%
[libx264 @ 0x5c1eee863e80] mb P  I16..4:  0.1%  0.1%  0.0%  P16..4:  0.9%  0.1%  0.1%  0.0%  0.0%    skip:98.6%
[libx264 @ 0x5c1eee863e80] mb B  I16..4:  0.0%  0.1%  0.0%  B16..8:  1.4%  0.0%  0.0%  direct: 0.0%  skip:98.4%  L0:22.3% L1:76.0% BI: 1.7%
[libx264 @ 0x5c1eee863e80] 8x8 transform intra:64.2% inter:33.3%
[libx264 @ 0x5c1eee863e80] coded y,uvDC,uvAC intra: 5.9% 10.1% 9.1% inter: 0.1% 0.0% 0.0%
[libx264 @ 0x5c1eee863e80] i16 v,h,dc,p: 87% 12%  1%  0%
[libx264 @ 0x5c1eee863e80] i8 v,h,dc,ddl,ddr,vr,hd,vl,hu: 63%  6% 30%  0%  0%  0%  0%  0%  0%
[libx264 @ 0x5c1eee863e80] i4 v,h,dc,ddl,ddr,vr,hd,vl,hu: 40% 29%  9%  4%  2%  2%  4%  4%  5%
[libx264 @ 0x5c1eee863e80] i8c dc,h,v,p: 82%  9%  8%  1%
[libx264 @ 0x5c1eee863e80] Weighted P-Frames: Y:0.0% UV:0.0%
[libx264 @ 0x5c1eee863e80] ref P L0: 94.0%  1.3%  1.6%  3.1%
[libx264 @ 0x5c1eee863e80] ref B L0: 93.5%  6.5%
[libx264 @ 0x5c1eee863e80] ref B L1: 95.8%  4.2%
[libx264 @ 0x5c1eee863e80] kb/s:1070.73
ffmpeg version 7.0.2-3ubuntu1 Copyright (c) 2000-2024 the FFmpeg developers
  built with gcc 14 (Ubuntu 14.2.0-2ubuntu1)
  configuration: --prefix=/usr --extra-version=3ubuntu1 --toolchain=hardened --libdir=/usr/lib/x86_64-linux-gnu --incdir=/usr/include/x86_64-linux-gnu --arch=amd64 --enable-gpl --disable-stripping --disable-libmfx --disable-omx --enable-gnutls --enable-libaom --enable-libass --enable-libbs2b --enable-libcdio --enable-libcodec2 --enable-libdav1d --enable-libflite --enable-libfontconfig --enable-libfreetype --enable-libfribidi --enable-libglslang --enable-libgme --enable-libgsm --enable-libharfbuzz --enable-libmp3lame --enable-libmysofa --enable-libopenjpeg --enable-libopenmpt --enable-libopus --enable-librubberband --enable-libshine --enable-libsnappy --enable-libsoxr --enable-libspeex --enable-libtheora --enable-libtwolame --enable-libvidstab --enable-libvorbis --enable-libvpx --enable-libwebp --enable-libx265 --enable-libxml2 --enable-libxvid --enable-libzimg --enable-openal --enable-opencl --enable-opengl --disable-sndio --enable-libvpl --enable-libdc1394 --enable-libdrm --enable-libiec61883 --enable-chromaprint --enable-frei0r --enable-ladspa --enable-libbluray --enable-libcaca --enable-libdvdnav --enable-libdvdread --enable-libjack --enable-libpulse --enable-librabbitmq --enable-librist --enable-libsrt --enable-libssh --enable-libsvtav1 --enable-libx264 --enable-libzmq --enable-libzvbi --enable-lv2 --enable-sdl2 --enable-libplacebo --enable-librav1e --enable-pocketsphinx --enable-librsvg --enable-libjxl --enable-shared
  libavutil      59.  8.100 / 59.  8.100
  libavcodec     61.  3.100 / 61.  3.100
  libavformat    61.  1.100 / 61.  1.100
  libavdevice    61.  1.100 / 61.  1.100
  libavfilter    10.  1.100 / 10.  1.100
  libswscale      8.  1.100 /  8.  1.100
  libswresample   5.  1.100 /  5.  1.100
  libpostproc    58.  1.100 / 58.  1.100
Input #0, concat, from '/home/marco-lasagna/Scaricati/ffmpeg-java/inputFile.txt':
  Duration: N/A, start: 0.000000, bitrate: N/A
  Stream #0:0: Video: mjpeg (Baseline), yuvj420p(pc, bt470bg/unknown/unknown), 4501x4500 [SAR 1:1 DAR 4501:4500], 25 fps, 25 tbr, 25 tbn
Stream mapping:
  Stream #0:0 -> #0:0 (mjpeg (native) -> h264 (libx264))
Press [q] to stop, [?] for help
[swscaler @ 0x787c9c016b00] deprecated pixel format used, make sure you did set range correctly
    Last message repeated 1 times
[swscaler @ 0x787c9cb407c0] deprecated pixel format used, make sure you did set range correctly
    Last message repeated 1 times
[vost#0:0/libx264 @ 0x5aa88ea64ac0] No information about the input framerate is available. Falling back to a default value of 25fps. Use the -r option if you want a different framerate.
[libx264 @ 0x5aa88ea5ae80] using SAR=2048/4095
[libx264 @ 0x5aa88ea5ae80] using cpu capabilities: MMX2 SSE2Fast SSSE3 SSE4.2 AVX FMA3 BMI2 AVX2
[libx264 @ 0x5aa88ea5ae80] profile High, level 4.0, 4:2:0, 8-bit
[libx264 @ 0x5aa88ea5ae80] 264 - core 164 r3108 31e19f9 - H.264/MPEG-4 AVC codec - Copyleft 2003-2023 - http://www.videolan.org/x264.html - options: cabac=1 ref=3 deblock=1:0:0 analyse=0x3:0x113 me=hex subme=7 psy=1 psy_rd=1.00:0.00 mixed_ref=1 me_range=16 chroma_me=1 trellis=1 8x8dct=1 cqm=0 deadzone=21,11 fast_pskip=1 chroma_qp_offset=-2 threads=30 lookahead_threads=5 sliced_threads=0 nr=0 decimate=1 interlaced=0 bluray_compat=0 constrained_intra=0 bframes=3 b_pyramid=2 b_adapt=1 b_bias=0 direct=1 weightb=1 open_gop=0 weightp=2 keyint=250 keyint_min=25 scenecut=40 intra_refresh=0 rc_lookahead=40 rc=crf mbtree=1 crf=23.0 qcomp=0.60 qpmin=0 qpmax=69 qpstep=4 ip_ratio=1.40 aq=1:1.00
Output #0, mp4, to './src/test/resources/output/translation/video/069.mp4':
  Metadata:
    encoder         : Lavf61.1.100
  Stream #0:0: Video: h264 (avc1 / 0x31637661), yuvj420p(pc, progressive), 2048x1024 [SAR 4501:9000 DAR 4501:4500], q=2-31, 25 fps, 12800 tbn
      Metadata:
        encoder         : Lavc61.3.100 libx264
      Side data:
        cpb: bitrate max/min/avg: 0/0/0 buffer size: 0 vbv_delay: N/A
[out#0/mp4 @ 0x5aa88ea62b40] video:32KiB audio:0KiB subtitle:0KiB other streams:0KiB global headers:0KiB muxing overhead: 2.916781%
frame=    6 fps=0.0 q=-1.0 Lsize=      33KiB time=00:00:00.16 bitrate=1681.3kbits/s dup=0 drop=19 speed=0.648x    
[libx264 @ 0x5aa88ea5ae80] frame I:1     Avg QP:18.32  size: 30121
[libx264 @ 0x5aa88ea5ae80] frame P:2     Avg QP:17.21  size:   518
[libx264 @ 0x5aa88ea5ae80] frame B:3     Avg QP:26.11  size:   275
[libx264 @ 0x5aa88ea5ae80] consecutive B-frames: 33.3%  0.0%  0.0% 66.7%
[libx264 @ 0x5aa88ea5ae80] mb I  I16..4: 25.6% 64.1% 10.3%
[libx264 @ 0x5aa88ea5ae80] mb P  I16..4:  0.1%  0.1%  0.0%  P16..4:  0.4%  0.2%  0.1%  0.0%  0.0%    skip:99.1%
[libx264 @ 0x5aa88ea5ae80] mb B  I16..4:  0.0%  0.0%  0.0%  B16..8:  1.1%  0.0%  0.0%  direct: 0.0%  skip:98.8%  L0:56.5% L1:40.1% BI: 3.4%
[libx264 @ 0x5aa88ea5ae80] 8x8 transform intra:64.0% inter:30.1%
[libx264 @ 0x5aa88ea5ae80] coded y,uvDC,uvAC intra: 6.0% 10.2% 9.1% inter: 0.1% 0.0% 0.0%
[libx264 @ 0x5aa88ea5ae80] i16 v,h,dc,p: 87% 12%  1%  0%
[libx264 @ 0x5aa88ea5ae80] i8 v,h,dc,ddl,ddr,vr,hd,vl,hu: 58%  9% 33%  0%  0%  0%  0%  0%  0%
[libx264 @ 0x5aa88ea5ae80] i4 v,h,dc,ddl,ddr,vr,hd,vl,hu: 39% 30% 10%  4%  2%  2%  4%  4%  5%
[libx264 @ 0x5aa88ea5ae80] i8c dc,h,v,p: 82%  9%  8%  1%
[libx264 @ 0x5aa88ea5ae80] Weighted P-Frames: Y:0.0% UV:0.0%
[libx264 @ 0x5aa88ea5ae80] ref P L0: 91.4%  0.2%  4.9%  3.5%
[libx264 @ 0x5aa88ea5ae80] ref B L0: 98.4%  1.6%
[libx264 @ 0x5aa88ea5ae80] ref B L1: 91.4%  8.6%
[libx264 @ 0x5aa88ea5ae80] kb/s:1066.10
ffmpeg version 7.0.2-3ubuntu1 Copyright (c) 2000-2024 the FFmpeg developers
  built with gcc 14 (Ubuntu 14.2.0-2ubuntu1)
  configuration: --prefix=/usr --extra-version=3ubuntu1 --toolchain=hardened --libdir=/usr/lib/x86_64-linux-gnu --incdir=/usr/include/x86_64-linux-gnu --arch=amd64 --enable-gpl --disable-stripping --disable-libmfx --disable-omx --enable-gnutls --enable-libaom --enable-libass --enable-libbs2b --enable-libcdio --enable-libcodec2 --enable-libdav1d --enable-libflite --enable-libfontconfig --enable-libfreetype --enable-libfribidi --enable-libglslang --enable-libgme --enable-libgsm --enable-libharfbuzz --enable-libmp3lame --enable-libmysofa --enable-libopenjpeg --enable-libopenmpt --enable-libopus --enable-librubberband --enable-libshine --enable-libsnappy --enable-libsoxr --enable-libspeex --enable-libtheora --enable-libtwolame --enable-libvidstab --enable-libvorbis --enable-libvpx --enable-libwebp --enable-libx265 --enable-libxml2 --enable-libxvid --enable-libzimg --enable-openal --enable-opencl --enable-opengl --disable-sndio --enable-libvpl --enable-libdc1394 --enable-libdrm --enable-libiec61883 --enable-chromaprint --enable-frei0r --enable-ladspa --enable-libbluray --enable-libcaca --enable-libdvdnav --enable-libdvdread --enable-libjack --enable-libpulse --enable-librabbitmq --enable-librist --enable-libsrt --enable-libssh --enable-libsvtav1 --enable-libx264 --enable-libzmq --enable-libzvbi --enable-lv2 --enable-sdl2 --enable-libplacebo --enable-librav1e --enable-pocketsphinx --enable-librsvg --enable-libjxl --enable-shared
  libavutil      59.  8.100 / 59.  8.100
  libavcodec     61.  3.100 / 61.  3.100
  libavformat    61.  1.100 / 61.  1.100
  libavdevice    61.  1.100 / 61.  1.100
  libavfilter    10.  1.100 / 10.  1.100
  libswscale      8.  1.100 /  8.  1.100
  libswresample   5.  1.100 /  5.  1.100
  libpostproc    58.  1.100 / 58.  1.100
Input #0, concat, from '/home/marco-lasagna/Scaricati/ffmpeg-java/inputFile.txt':
  Duration: N/A, start: 0.000000, bitrate: N/A
  Stream #0:0: Video: mjpeg (Baseline), yuvj420p(pc, bt470bg/unknown/unknown), 4501x4500 [SAR 1:1 DAR 4501:4500], 25 fps, 25 tbr, 25 tbn
Stream mapping:
  Stream #0:0 -> #0:0 (mjpeg (native) -> h264 (libx264))
Press [q] to stop, [?] for help
[swscaler @ 0x7945b4016b00] deprecated pixel format used, make sure you did set range correctly
    Last message repeated 1 times
[swscaler @ 0x7945b4b407c0] deprecated pixel format used, make sure you did set range correctly
    Last message repeated 1 times
[vost#0:0/libx264 @ 0x600978870ac0] No information about the input framerate is available. Falling back to a default value of 25fps. Use the -r option if you want a different framerate.
[libx264 @ 0x600978866e80] using SAR=2048/4095
[libx264 @ 0x600978866e80] using cpu capabilities: MMX2 SSE2Fast SSSE3 SSE4.2 AVX FMA3 BMI2 AVX2
[libx264 @ 0x600978866e80] profile High, level 4.0, 4:2:0, 8-bit
[libx264 @ 0x600978866e80] 264 - core 164 r3108 31e19f9 - H.264/MPEG-4 AVC codec - Copyleft 2003-2023 - http://www.videolan.org/x264.html - options: cabac=1 ref=3 deblock=1:0:0 analyse=0x3:0x113 me=hex subme=7 psy=1 psy_rd=1.00:0.00 mixed_ref=1 me_range=16 chroma_me=1 trellis=1 8x8dct=1 cqm=0 deadzone=21,11 fast_pskip=1 chroma_qp_offset=-2 threads=30 lookahead_threads=5 sliced_threads=0 nr=0 decimate=1 interlaced=0 bluray_compat=0 constrained_intra=0 bframes=3 b_pyramid=2 b_adapt=1 b_bias=0 direct=1 weightb=1 open_gop=0 weightp=2 keyint=250 keyint_min=25 scenecut=40 intra_refresh=0 rc_lookahead=40 rc=crf mbtree=1 crf=23.0 qcomp=0.60 qpmin=0 qpmax=69 qpstep=4 ip_ratio=1.40 aq=1:1.00
Output #0, mp4, to './src/test/resources/output/translation/video/079.mp4':
  Metadata:
    encoder         : Lavf61.1.100
  Stream #0:0: Video: h264 (avc1 / 0x31637661), yuvj420p(pc, progressive), 2048x1024 [SAR 4501:9000 DAR 4501:4500], q=2-31, 25 fps, 12800 tbn
      Metadata:
        encoder         : Lavc61.3.100 libx264
      Side data:
        cpb: bitrate max/min/avg: 0/0/0 buffer size: 0 vbv_delay: N/A
[out#0/mp4 @ 0x60097886eb40] video:32KiB audio:0KiB subtitle:0KiB other streams:0KiB global headers:0KiB muxing overhead: 2.884263%
frame=    6 fps=0.0 q=-1.0 Lsize=      33KiB time=00:00:00.16 bitrate=1685.5kbits/s dup=0 drop=19 speed=0.645x    
[libx264 @ 0x600978866e80] frame I:1     Avg QP:18.45  size: 30215
[libx264 @ 0x600978866e80] frame P:2     Avg QP:18.77  size:   552
[libx264 @ 0x600978866e80] frame B:3     Avg QP:27.34  size:   252
[libx264 @ 0x600978866e80] consecutive B-frames: 16.7% 33.3% 50.0%  0.0%
[libx264 @ 0x600978866e80] mb I  I16..4: 24.2% 65.7% 10.2%
[libx264 @ 0x600978866e80] mb P  I16..4:  0.1%  0.1%  0.0%  P16..4:  1.3%  0.2%  0.1%  0.0%  0.0%    skip:98.2%
[libx264 @ 0x600978866e80] mb B  I16..4:  0.0%  0.0%  0.0%  B16..8:  1.4%  0.1%  0.0%  direct: 0.0%  skip:98.5%  L0:52.4% L1:45.4% BI: 2.3%
[libx264 @ 0x600978866e80] 8x8 transform intra:65.6% inter:28.7%
[libx264 @ 0x600978866e80] coded y,uvDC,uvAC intra: 6.0% 10.1% 9.1% inter: 0.1% 0.0% 0.0%
[libx264 @ 0x600978866e80] i16 v,h,dc,p: 87% 13%  0%  0%
[libx264 @ 0x600978866e80] i8 v,h,dc,ddl,ddr,vr,hd,vl,hu: 60%  8% 31%  0%  0%  0%  0%  0%  0%
[libx264 @ 0x600978866e80] i4 v,h,dc,ddl,ddr,vr,hd,vl,hu: 40% 29%  9%  4%  2%  2%  4%  4%  5%
[libx264 @ 0x600978866e80] i8c dc,h,v,p: 82% 10%  8%  1%
[libx264 @ 0x600978866e80] Weighted P-Frames: Y:0.0% UV:0.0%
[libx264 @ 0x600978866e80] ref P L0: 95.9%  0.7%  2.3%  1.1%
[libx264 @ 0x600978866e80] ref B L0: 45.3% 54.7%
[libx264 @ 0x600978866e80] kb/s:1069.13
ffmpeg version 7.0.2-3ubuntu1 Copyright (c) 2000-2024 the FFmpeg developers
  built with gcc 14 (Ubuntu 14.2.0-2ubuntu1)
  configuration: --prefix=/usr --extra-version=3ubuntu1 --toolchain=hardened --libdir=/usr/lib/x86_64-linux-gnu --incdir=/usr/include/x86_64-linux-gnu --arch=amd64 --enable-gpl --disable-stripping --disable-libmfx --disable-omx --enable-gnutls --enable-libaom --enable-libass --enable-libbs2b --enable-libcdio --enable-libcodec2 --enable-libdav1d --enable-libflite --enable-libfontconfig --enable-libfreetype --enable-libfribidi --enable-libglslang --enable-libgme --enable-libgsm --enable-libharfbuzz --enable-libmp3lame --enable-libmysofa --enable-libopenjpeg --enable-libopenmpt --enable-libopus --enable-librubberband --enable-libshine --enable-libsnappy --enable-libsoxr --enable-libspeex --enable-libtheora --enable-libtwolame --enable-libvidstab --enable-libvorbis --enable-libvpx --enable-libwebp --enable-libx265 --enable-libxml2 --enable-libxvid --enable-libzimg --enable-openal --enable-opencl --enable-opengl --disable-sndio --enable-libvpl --enable-libdc1394 --enable-libdrm --enable-libiec61883 --enable-chromaprint --enable-frei0r --enable-ladspa --enable-libbluray --enable-libcaca --enable-libdvdnav --enable-libdvdread --enable-libjack --enable-libpulse --enable-librabbitmq --enable-librist --enable-libsrt --enable-libssh --enable-libsvtav1 --enable-libx264 --enable-libzmq --enable-libzvbi --enable-lv2 --enable-sdl2 --enable-libplacebo --enable-librav1e --enable-pocketsphinx --enable-librsvg --enable-libjxl --enable-shared
  libavutil      59.  8.100 / 59.  8.100
  libavcodec     61.  3.100 / 61.  3.100
  libavformat    61.  1.100 / 61.  1.100
  libavdevice    61.  1.100 / 61.  1.100
  libavfilter    10.  1.100 / 10.  1.100
  libswscale      8.  1.100 /  8.  1.100
  libswresample   5.  1.100 /  5.  1.100
  libpostproc    58.  1.100 / 58.  1.100
Input #0, concat, from '/home/marco-lasagna/Scaricati/ffmpeg-java/inputFile.txt':
  Duration: N/A, start: 0.000000, bitrate: N/A
  Stream #0:0: Video: mjpeg (Baseline), yuvj420p(pc, bt470bg/unknown/unknown), 4501x4500 [SAR 1:1 DAR 4501:4500], 25 fps, 25 tbr, 25 tbn
Stream mapping:
  Stream #0:0 -> #0:0 (mjpeg (native) -> h264 (libx264))
Press [q] to stop, [?] for help
[swscaler @ 0x7962d0016b00] deprecated pixel format used, make sure you did set range correctly
    Last message repeated 1 times
[swscaler @ 0x7962d0b407c0] deprecated pixel format used, make sure you did set range correctly
    Last message repeated 1 times
[vost#0:0/libx264 @ 0x5f343709dac0] No information about the input framerate is available. Falling back to a default value of 25fps. Use the -r option if you want a different framerate.
[libx264 @ 0x5f3437093e80] using SAR=2048/4095
[libx264 @ 0x5f3437093e80] using cpu capabilities: MMX2 SSE2Fast SSSE3 SSE4.2 AVX FMA3 BMI2 AVX2
[libx264 @ 0x5f3437093e80] profile High, level 4.0, 4:2:0, 8-bit
[libx264 @ 0x5f3437093e80] 264 - core 164 r3108 31e19f9 - H.264/MPEG-4 AVC codec - Copyleft 2003-2023 - http://www.videolan.org/x264.html - options: cabac=1 ref=3 deblock=1:0:0 analyse=0x3:0x113 me=hex subme=7 psy=1 psy_rd=1.00:0.00 mixed_ref=1 me_range=16 chroma_me=1 trellis=1 8x8dct=1 cqm=0 deadzone=21,11 fast_pskip=1 chroma_qp_offset=-2 threads=30 lookahead_threads=5 sliced_threads=0 nr=0 decimate=1 interlaced=0 bluray_compat=0 constrained_intra=0 bframes=3 b_pyramid=2 b_adapt=1 b_bias=0 direct=1 weightb=1 open_gop=0 weightp=2 keyint=250 keyint_min=25 scenecut=40 intra_refresh=0 rc_lookahead=40 rc=crf mbtree=1 crf=23.0 qcomp=0.60 qpmin=0 qpmax=69 qpstep=4 ip_ratio=1.40 aq=1:1.00
Output #0, mp4, to './src/test/resources/output/translation/video/089.mp4':
  Metadata:
    encoder         : Lavf61.1.100
  Stream #0:0: Video: h264 (avc1 / 0x31637661), yuvj420p(pc, progressive), 2048x1024 [SAR 4501:9000 DAR 4501:4500], q=2-31, 25 fps, 12800 tbn
      Metadata:
        encoder         : Lavc61.3.100 libx264
      Side data:
        cpb: bitrate max/min/avg: 0/0/0 buffer size: 0 vbv_delay: N/A
[out#0/mp4 @ 0x5f343709bb40] video:32KiB audio:0KiB subtitle:0KiB other streams:0KiB global headers:0KiB muxing overhead: 2.879079%
frame=    6 fps=0.0 q=-1.0 Lsize=      33KiB time=00:00:00.16 bitrate=1688.4kbits/s dup=0 drop=19 speed=0.644x    
[libx264 @ 0x5f3437093e80] frame I:1     Avg QP:18.30  size: 30229
[libx264 @ 0x5f3437093e80] frame P:2     Avg QP:18.82  size:   518
[libx264 @ 0x5f3437093e80] frame B:3     Avg QP:33.58  size:   289
[libx264 @ 0x5f3437093e80] consecutive B-frames: 16.7% 33.3% 50.0%  0.0%
[libx264 @ 0x5f3437093e80] mb I  I16..4: 25.0% 64.8% 10.3%
[libx264 @ 0x5f3437093e80] mb P  I16..4:  0.1%  0.1%  0.0%  P16..4:  1.0%  0.2%  0.1%  0.0%  0.0%    skip:98.6%
[libx264 @ 0x5f3437093e80] mb B  I16..4:  0.0%  0.1%  0.0%  B16..8:  1.2%  0.1%  0.0%  direct: 0.0%  skip:98.6%  L0:37.9% L1:60.5% BI: 1.6%
[libx264 @ 0x5f3437093e80] 8x8 transform intra:64.8% inter:43.1%
[libx264 @ 0x5f3437093e80] coded y,uvDC,uvAC intra: 5.9% 10.1% 9.1% inter: 0.1% 0.0% 0.0%
[libx264 @ 0x5f3437093e80] i16 v,h,dc,p: 88% 11%  1%  0%
[libx264 @ 0x5f3437093e80] i8 v,h,dc,ddl,ddr,vr,hd,vl,hu: 61%  6% 32%  0%  0%  0%  0%  0%  0%
[libx264 @ 0x5f3437093e80] i4 v,h,dc,ddl,ddr,vr,hd,vl,hu: 40% 29%  9%  4%  2%  2%  4%  4%  5%
[libx264 @ 0x5f3437093e80] i8c dc,h,v,p: 82%  9%  8%  1%
[libx264 @ 0x5f3437093e80] Weighted P-Frames: Y:0.0% UV:0.0%
[libx264 @ 0x5f3437093e80] ref P L0: 96.6%  0.5%  1.7%  1.2%
[libx264 @ 0x5f3437093e80] ref B L0: 52.5% 47.5%
[libx264 @ 0x5f3437093e80] kb/s:1071.10
ffmpeg version 7.0.2-3ubuntu1 Copyright (c) 2000-2024 the FFmpeg developers
  built with gcc 14 (Ubuntu 14.2.0-2ubuntu1)
  configuration: --prefix=/usr --extra-version=3ubuntu1 --toolchain=hardened --libdir=/usr/lib/x86_64-linux-gnu --incdir=/usr/include/x86_64-linux-gnu --arch=amd64 --enable-gpl --disable-stripping --disable-libmfx --disable-omx --enable-gnutls --enable-libaom --enable-libass --enable-libbs2b --enable-libcdio --enable-libcodec2 --enable-libdav1d --enable-libflite --enable-libfontconfig --enable-libfreetype --enable-libfribidi --enable-libglslang --enable-libgme --enable-libgsm --enable-libharfbuzz --enable-libmp3lame --enable-libmysofa --enable-libopenjpeg --enable-libopenmpt --enable-libopus --enable-librubberband --enable-libshine --enable-libsnappy --enable-libsoxr --enable-libspeex --enable-libtheora --enable-libtwolame --enable-libvidstab --enable-libvorbis --enable-libvpx --enable-libwebp --enable-libx265 --enable-libxml2 --enable-libxvid --enable-libzimg --enable-openal --enable-opencl --enable-opengl --disable-sndio --enable-libvpl --enable-libdc1394 --enable-libdrm --enable-libiec61883 --enable-chromaprint --enable-frei0r --enable-ladspa --enable-libbluray --enable-libcaca --enable-libdvdnav --enable-libdvdread --enable-libjack --enable-libpulse --enable-librabbitmq --enable-librist --enable-libsrt --enable-libssh --enable-libsvtav1 --enable-libx264 --enable-libzmq --enable-libzvbi --enable-lv2 --enable-sdl2 --enable-libplacebo --enable-librav1e --enable-pocketsphinx --enable-librsvg --enable-libjxl --enable-shared
  libavutil      59.  8.100 / 59.  8.100
  libavcodec     61.  3.100 / 61.  3.100
  libavformat    61.  1.100 / 61.  1.100
  libavdevice    61.  1.100 / 61.  1.100
  libavfilter    10.  1.100 / 10.  1.100
  libswscale      8.  1.100 /  8.  1.100
  libswresample   5.  1.100 /  5.  1.100
  libpostproc    58.  1.100 / 58.  1.100
Input #0, concat, from '/home/marco-lasagna/Scaricati/ffmpeg-java/inputFile.txt':
  Duration: N/A, start: 0.000000, bitrate: N/A
  Stream #0:0: Video: mjpeg (Baseline), yuvj420p(pc, bt470bg/unknown/unknown), 4501x4500 [SAR 1:1 DAR 4501:4500], 25 fps, 25 tbr, 25 tbn
Stream mapping:
  Stream #0:0 -> #0:0 (mjpeg (native) -> h264 (libx264))
Press [q] to stop, [?] for help
[swscaler @ 0x7cd500016b00] deprecated pixel format used, make sure you did set range correctly
    Last message repeated 1 times
[swscaler @ 0x7cd500b407c0] deprecated pixel format used, make sure you did set range correctly
    Last message repeated 1 times
[vost#0:0/libx264 @ 0x5d618d58cac0] No information about the input framerate is available. Falling back to a default value of 25fps. Use the -r option if you want a different framerate.
[libx264 @ 0x5d618d582e80] using SAR=2048/4095
[libx264 @ 0x5d618d582e80] using cpu capabilities: MMX2 SSE2Fast SSSE3 SSE4.2 AVX FMA3 BMI2 AVX2
[libx264 @ 0x5d618d582e80] profile High, level 4.0, 4:2:0, 8-bit
[libx264 @ 0x5d618d582e80] 264 - core 164 r3108 31e19f9 - H.264/MPEG-4 AVC codec - Copyleft 2003-2023 - http://www.videolan.org/x264.html - options: cabac=1 ref=3 deblock=1:0:0 analyse=0x3:0x113 me=hex subme=7 psy=1 psy_rd=1.00:0.00 mixed_ref=1 me_range=16 chroma_me=1 trellis=1 8x8dct=1 cqm=0 deadzone=21,11 fast_pskip=1 chroma_qp_offset=-2 threads=30 lookahead_threads=5 sliced_threads=0 nr=0 decimate=1 interlaced=0 bluray_compat=0 constrained_intra=0 bframes=3 b_pyramid=2 b_adapt=1 b_bias=0 direct=1 weightb=1 open_gop=0 weightp=2 keyint=250 keyint_min=25 scenecut=40 intra_refresh=0 rc_lookahead=40 rc=crf mbtree=1 crf=23.0 qcomp=0.60 qpmin=0 qpmax=69 qpstep=4 ip_ratio=1.40 aq=1:1.00
Output #0, mp4, to './src/test/resources/output/translation/video/099.mp4':
  Metadata:
    encoder         : Lavf61.1.100
  Stream #0:0: Video: h264 (avc1 / 0x31637661), yuvj420p(pc, progressive), 2048x1024 [SAR 4501:9000 DAR 4501:4500], q=2-31, 25 fps, 12800 tbn
      Metadata:
        encoder         : Lavc61.3.100 libx264
      Side data:
        cpb: bitrate max/min/avg: 0/0/0 buffer size: 0 vbv_delay: N/A
[out#0/mp4 @ 0x5d618d58ab40] video:32KiB audio:0KiB subtitle:0KiB other streams:0KiB global headers:0KiB muxing overhead: 2.876625%
frame=    6 fps=0.0 q=-1.0 Lsize=      33KiB time=00:00:00.16 bitrate=1689.8kbits/s dup=0 drop=19 speed=0.657x    
[libx264 @ 0x5d618d582e80] frame I:1     Avg QP:18.04  size: 30240
[libx264 @ 0x5d618d582e80] frame P:2     Avg QP:18.75  size:   526
[libx264 @ 0x5d618d582e80] frame B:3     Avg QP:26.74  size:   290
[libx264 @ 0x5d618d582e80] consecutive B-frames: 16.7% 33.3% 50.0%  0.0%
[libx264 @ 0x5d618d582e80] mb I  I16..4: 25.2% 64.5% 10.3%
[libx264 @ 0x5d618d582e80] mb P  I16..4:  0.1%  0.1%  0.0%  P16..4:  0.5%  0.3%  0.1%  0.0%  0.0%    skip:98.9%
[libx264 @ 0x5d618d582e80] mb B  I16..4:  0.0%  0.0%  0.0%  B16..8:  1.3%  0.1%  0.0%  direct: 0.0%  skip:98.6%  L0:54.4% L1:42.4% BI: 3.1%
[libx264 @ 0x5d618d582e80] 8x8 transform intra:64.5% inter:25.0%
[libx264 @ 0x5d618d582e80] coded y,uvDC,uvAC intra: 5.9% 10.1% 9.1% inter: 0.1% 0.0% 0.0%
[libx264 @ 0x5d618d582e80] i16 v,h,dc,p: 87% 12%  1%  0%
[libx264 @ 0x5d618d582e80] i8 v,h,dc,ddl,ddr,vr,hd,vl,hu: 61%  7% 32%  0%  0%  0%  0%  0%  0%
[libx264 @ 0x5d618d582e80] i4 v,h,dc,ddl,ddr,vr,hd,vl,hu: 40% 29%  9%  4%  2%  2%  4%  4%  5%
[libx264 @ 0x5d618d582e80] i8c dc,h,v,p: 82%  9%  8%  1%
[libx264 @ 0x5d618d582e80] Weighted P-Frames: Y:0.0% UV:0.0%
[libx264 @ 0x5d618d582e80] ref P L0: 90.7%  2.5%  4.4%  2.4%
[libx264 @ 0x5d618d582e80] ref B L0: 49.7% 50.3%
[libx264 @ 0x5d618d582e80] kb/s:1072.03
ffmpeg version 7.0.2-3ubuntu1 Copyright (c) 2000-2024 the FFmpeg developers
  built with gcc 14 (Ubuntu 14.2.0-2ubuntu1)
  configuration: --prefix=/usr --extra-version=3ubuntu1 --toolchain=hardened --libdir=/usr/lib/x86_64-linux-gnu --incdir=/usr/include/x86_64-linux-gnu --arch=amd64 --enable-gpl --disable-stripping --disable-libmfx --disable-omx --enable-gnutls --enable-libaom --enable-libass --enable-libbs2b --enable-libcdio --enable-libcodec2 --enable-libdav1d --enable-libflite --enable-libfontconfig --enable-libfreetype --enable-libfribidi --enable-libglslang --enable-libgme --enable-libgsm --enable-libharfbuzz --enable-libmp3lame --enable-libmysofa --enable-libopenjpeg --enable-libopenmpt --enable-libopus --enable-librubberband --enable-libshine --enable-libsnappy --enable-libsoxr --enable-libspeex --enable-libtheora --enable-libtwolame --enable-libvidstab --enable-libvorbis --enable-libvpx --enable-libwebp --enable-libx265 --enable-libxml2 --enable-libxvid --enable-libzimg --enable-openal --enable-opencl --enable-opengl --disable-sndio --enable-libvpl --enable-libdc1394 --enable-libdrm --enable-libiec61883 --enable-chromaprint --enable-frei0r --enable-ladspa --enable-libbluray --enable-libcaca --enable-libdvdnav --enable-libdvdread --enable-libjack --enable-libpulse --enable-librabbitmq --enable-librist --enable-libsrt --enable-libssh --enable-libsvtav1 --enable-libx264 --enable-libzmq --enable-libzvbi --enable-lv2 --enable-sdl2 --enable-libplacebo --enable-librav1e --enable-pocketsphinx --enable-librsvg --enable-libjxl --enable-shared
  libavutil      59.  8.100 / 59.  8.100
  libavcodec     61.  3.100 / 61.  3.100
  libavformat    61.  1.100 / 61.  1.100
  libavdevice    61.  1.100 / 61.  1.100
  libavfilter    10.  1.100 / 10.  1.100
  libswscale      8.  1.100 /  8.  1.100
  libswresample   5.  1.100 /  5.  1.100
  libpostproc    58.  1.100 / 58.  1.100
Input #0, concat, from '/home/marco-lasagna/Scaricati/ffmpeg-java/inputFile.txt':
  Duration: N/A, start: 0.000000, bitrate: N/A
  Stream #0:0: Video: mjpeg (Baseline), yuvj420p(pc, bt470bg/unknown/unknown), 4501x4500 [SAR 1:1 DAR 4501:4500], 25 fps, 25 tbr, 25 tbn
Stream mapping:
  Stream #0:0 -> #0:0 (mjpeg (native) -> h264 (libx264))
Press [q] to stop, [?] for help
[swscaler @ 0x70ca68016b00] deprecated pixel format used, make sure you did set range correctly
    Last message repeated 1 times
[swscaler @ 0x70ca68b407c0] deprecated pixel format used, make sure you did set range correctly
    Last message repeated 1 times
[vost#0:0/libx264 @ 0x5f8e9e605ac0] No information about the input framerate is available. Falling back to a default value of 25fps. Use the -r option if you want a different framerate.
[libx264 @ 0x5f8e9e5fbe80] using SAR=2048/4095
[libx264 @ 0x5f8e9e5fbe80] using cpu capabilities: MMX2 SSE2Fast SSSE3 SSE4.2 AVX FMA3 BMI2 AVX2
[libx264 @ 0x5f8e9e5fbe80] profile High, level 4.0, 4:2:0, 8-bit
[libx264 @ 0x5f8e9e5fbe80] 264 - core 164 r3108 31e19f9 - H.264/MPEG-4 AVC codec - Copyleft 2003-2023 - http://www.videolan.org/x264.html - options: cabac=1 ref=3 deblock=1:0:0 analyse=0x3:0x113 me=hex subme=7 psy=1 psy_rd=1.00:0.00 mixed_ref=1 me_range=16 chroma_me=1 trellis=1 8x8dct=1 cqm=0 deadzone=21,11 fast_pskip=1 chroma_qp_offset=-2 threads=30 lookahead_threads=5 sliced_threads=0 nr=0 decimate=1 interlaced=0 bluray_compat=0 constrained_intra=0 bframes=3 b_pyramid=2 b_adapt=1 b_bias=0 direct=1 weightb=1 open_gop=0 weightp=2 keyint=250 keyint_min=25 scenecut=40 intra_refresh=0 rc_lookahead=40 rc=crf mbtree=1 crf=23.0 qcomp=0.60 qpmin=0 qpmax=69 qpstep=4 ip_ratio=1.40 aq=1:1.00
Output #0, mp4, to './src/test/resources/output/translation/video/109.mp4':
  Metadata:
    encoder         : Lavf61.1.100
  Stream #0:0: Video: h264 (avc1 / 0x31637661), yuvj420p(pc, progressive), 2048x1024 [SAR 4501:9000 DAR 4501:4500], q=2-31, 25 fps, 12800 tbn
      Metadata:
        encoder         : Lavc61.3.100 libx264
      Side data:
        cpb: bitrate max/min/avg: 0/0/0 buffer size: 0 vbv_delay: N/A
[out#0/mp4 @ 0x5f8e9e603b40] video:32KiB audio:0KiB subtitle:0KiB other streams:0KiB global headers:0KiB muxing overhead: 2.886201%
frame=    6 fps=0.0 q=-1.0 Lsize=      33KiB time=00:00:00.16 bitrate=1684.3kbits/s dup=0 drop=19 speed=0.663x    
[libx264 @ 0x5f8e9e5fbe80] frame I:1     Avg QP:18.03  size: 30195
[libx264 @ 0x5f8e9e5fbe80] frame P:2     Avg QP:18.64  size:   509
[libx264 @ 0x5f8e9e5fbe80] frame B:3     Avg QP:27.03  size:   280
[libx264 @ 0x5f8e9e5fbe80] consecutive B-frames: 16.7% 33.3% 50.0%  0.0%
[libx264 @ 0x5f8e9e5fbe80] mb I  I16..4: 25.2% 64.5% 10.3%
[libx264 @ 0x5f8e9e5fbe80] mb P  I16..4:  0.1%  0.1%  0.0%  P16..4:  1.2%  0.3%  0.1%  0.0%  0.0%    skip:98.2%
[libx264 @ 0x5f8e9e5fbe80] mb B  I16..4:  0.0%  0.0%  0.0%  B16..8:  1.3%  0.0%  0.0%  direct: 0.1%  skip:98.6%  L0:49.8% L1:46.9% BI: 3.3%
[libx264 @ 0x5f8e9e5fbe80] 8x8 transform intra:64.5% inter:18.8%
[libx264 @ 0x5f8e9e5fbe80] coded y,uvDC,uvAC intra: 5.9% 10.1% 9.1% inter: 0.1% 0.0% 0.0%
[libx264 @ 0x5f8e9e5fbe80] i16 v,h,dc,p: 87% 12%  1%  0%
[libx264 @ 0x5f8e9e5fbe80] i8 v,h,dc,ddl,ddr,vr,hd,vl,hu: 59%  8% 32%  0%  0%  0%  0%  0%  0%
[libx264 @ 0x5f8e9e5fbe80] i4 v,h,dc,ddl,ddr,vr,hd,vl,hu: 40% 29%  9%  4%  2%  2%  4%  4%  5%
[libx264 @ 0x5f8e9e5fbe80] i8c dc,h,v,p: 82%  9%  8%  1%
[libx264 @ 0x5f8e9e5fbe80] Weighted P-Frames: Y:0.0% UV:0.0%
[libx264 @ 0x5f8e9e5fbe80] ref P L0: 95.7%  0.0%  3.1%  1.1%
[libx264 @ 0x5f8e9e5fbe80] ref B L0: 45.7% 54.3%
[libx264 @ 0x5f8e9e5fbe80] kb/s:1068.40
ffmpeg version 7.0.2-3ubuntu1 Copyright (c) 2000-2024 the FFmpeg developers
  built with gcc 14 (Ubuntu 14.2.0-2ubuntu1)
  configuration: --prefix=/usr --extra-version=3ubuntu1 --toolchain=hardened --libdir=/usr/lib/x86_64-linux-gnu --incdir=/usr/include/x86_64-linux-gnu --arch=amd64 --enable-gpl --disable-stripping --disable-libmfx --disable-omx --enable-gnutls --enable-libaom --enable-libass --enable-libbs2b --enable-libcdio --enable-libcodec2 --enable-libdav1d --enable-libflite --enable-libfontconfig --enable-libfreetype --enable-libfribidi --enable-libglslang --enable-libgme --enable-libgsm --enable-libharfbuzz --enable-libmp3lame --enable-libmysofa --enable-libopenjpeg --enable-libopenmpt --enable-libopus --enable-librubberband --enable-libshine --enable-libsnappy --enable-libsoxr --enable-libspeex --enable-libtheora --enable-libtwolame --enable-libvidstab --enable-libvorbis --enable-libvpx --enable-libwebp --enable-libx265 --enable-libxml2 --enable-libxvid --enable-libzimg --enable-openal --enable-opencl --enable-opengl --disable-sndio --enable-libvpl --enable-libdc1394 --enable-libdrm --enable-libiec61883 --enable-chromaprint --enable-frei0r --enable-ladspa --enable-libbluray --enable-libcaca --enable-libdvdnav --enable-libdvdread --enable-libjack --enable-libpulse --enable-librabbitmq --enable-librist --enable-libsrt --enable-libssh --enable-libsvtav1 --enable-libx264 --enable-libzmq --enable-libzvbi --enable-lv2 --enable-sdl2 --enable-libplacebo --enable-librav1e --enable-pocketsphinx --enable-librsvg --enable-libjxl --enable-shared
  libavutil      59.  8.100 / 59.  8.100
  libavcodec     61.  3.100 / 61.  3.100
  libavformat    61.  1.100 / 61.  1.100
  libavdevice    61.  1.100 / 61.  1.100
  libavfilter    10.  1.100 / 10.  1.100
  libswscale      8.  1.100 /  8.  1.100
  libswresample   5.  1.100 /  5.  1.100
  libpostproc    58.  1.100 / 58.  1.100
Input #0, concat, from '/home/marco-lasagna/Scaricati/ffmpeg-java/inputFile.txt':
  Duration: N/A, start: 0.000000, bitrate: N/A
  Stream #0:0: Video: mjpeg (Baseline), yuvj420p(pc, bt470bg/unknown/unknown), 4501x4500 [SAR 1:1 DAR 4501:4500], 25 fps, 25 tbr, 25 tbn
Stream mapping:
  Stream #0:0 -> #0:0 (mjpeg (native) -> h264 (libx264))
Press [q] to stop, [?] for help
[swscaler @ 0x71d284016b00] deprecated pixel format used, make sure you did set range correctly
    Last message repeated 1 times
[swscaler @ 0x71d284b407c0] deprecated pixel format used, make sure you did set range correctly
    Last message repeated 1 times
[vost#0:0/libx264 @ 0x5f7298d3fac0] No information about the input framerate is available. Falling back to a default value of 25fps. Use the -r option if you want a different framerate.
[libx264 @ 0x5f7298d35e80] using SAR=2048/4095
[libx264 @ 0x5f7298d35e80] using cpu capabilities: MMX2 SSE2Fast SSSE3 SSE4.2 AVX FMA3 BMI2 AVX2
[libx264 @ 0x5f7298d35e80] profile High, level 4.0, 4:2:0, 8-bit
[libx264 @ 0x5f7298d35e80] 264 - core 164 r3108 31e19f9 - H.264/MPEG-4 AVC codec - Copyleft 2003-2023 - http://www.videolan.org/x264.html - options: cabac=1 ref=3 deblock=1:0:0 analyse=0x3:0x113 me=hex subme=7 psy=1 psy_rd=1.00:0.00 mixed_ref=1 me_range=16 chroma_me=1 trellis=1 8x8dct=1 cqm=0 deadzone=21,11 fast_pskip=1 chroma_qp_offset=-2 threads=30 lookahead_threads=5 sliced_threads=0 nr=0 decimate=1 interlaced=0 bluray_compat=0 constrained_intra=0 bframes=3 b_pyramid=2 b_adapt=1 b_bias=0 direct=1 weightb=1 open_gop=0 weightp=2 keyint=250 keyint_min=25 scenecut=40 intra_refresh=0 rc_lookahead=40 rc=crf mbtree=1 crf=23.0 qcomp=0.60 qpmin=0 qpmax=69 qpstep=4 ip_ratio=1.40 aq=1:1.00
Output #0, mp4, to './src/test/resources/output/translation/video/119.mp4':
  Metadata:
    encoder         : Lavf61.1.100
  Stream #0:0: Video: h264 (avc1 / 0x31637661), yuvj420p(pc, progressive), 2048x1024 [SAR 4501:9000 DAR 4501:4500], q=2-31, 25 fps, 12800 tbn
      Metadata:
        encoder         : Lavc61.3.100 libx264
      Side data:
        cpb: bitrate max/min/avg: 0/0/0 buffer size: 0 vbv_delay: N/A
[out#0/mp4 @ 0x5f7298d3db40] video:32KiB audio:0KiB subtitle:0KiB other streams:0KiB global headers:0KiB muxing overhead: 2.910635%
frame=    6 fps=0.0 q=-1.0 Lsize=      33KiB time=00:00:00.16 bitrate=1684.8kbits/s dup=0 drop=19 speed=0.646x    
[libx264 @ 0x5f7298d35e80] frame I:1     Avg QP:18.12  size: 30120
[libx264 @ 0x5f7298d35e80] frame P:2     Avg QP:17.90  size:   548
[libx264 @ 0x5f7298d35e80] frame B:3     Avg QP:26.40  size:   279
[libx264 @ 0x5f7298d35e80] consecutive B-frames: 33.3%  0.0%  0.0% 66.7%
[libx264 @ 0x5f7298d35e80] mb I  I16..4: 14.3% 75.4% 10.2%
[libx264 @ 0x5f7298d35e80] mb P  I16..4:  0.1%  0.1%  0.0%  P16..4:  1.2%  0.2%  0.0%  0.0%  0.0%    skip:98.3%
[libx264 @ 0x5f7298d35e80] mb B  I16..4:  0.0%  0.0%  0.0%  B16..8:  1.1%  0.1%  0.0%  direct: 0.0%  skip:98.7%  L0:57.7% L1:38.7% BI: 3.6%
[libx264 @ 0x5f7298d35e80] 8x8 transform intra:75.3% inter:32.4%
[libx264 @ 0x5f7298d35e80] coded y,uvDC,uvAC intra: 5.9% 10.1% 9.1% inter: 0.1% 0.0% 0.0%
[libx264 @ 0x5f7298d35e80] i16 v,h,dc,p: 79% 20%  1%  0%
[libx264 @ 0x5f7298d35e80] i8 v,h,dc,ddl,ddr,vr,hd,vl,hu: 55%  9% 35%  0%  0%  0%  0%  0%  0%
[libx264 @ 0x5f7298d35e80] i4 v,h,dc,ddl,ddr,vr,hd,vl,hu: 39% 30% 10%  4%  2%  2%  4%  4%  5%
[libx264 @ 0x5f7298d35e80] i8c dc,h,v,p: 82%  9%  8%  1%
[libx264 @ 0x5f7298d35e80] Weighted P-Frames: Y:0.0% UV:0.0%
[libx264 @ 0x5f7298d35e80] ref P L0: 94.4%  0.2%  1.7%  3.7%
[libx264 @ 0x5f7298d35e80] ref B L0: 91.9%  8.1%
[libx264 @ 0x5f7298d35e80] ref B L1: 91.4%  8.6%
[libx264 @ 0x5f7298d35e80] kb/s:1068.40
ffmpeg version 7.0.2-3ubuntu1 Copyright (c) 2000-2024 the FFmpeg developers
  built with gcc 14 (Ubuntu 14.2.0-2ubuntu1)
  configuration: --prefix=/usr --extra-version=3ubuntu1 --toolchain=hardened --libdir=/usr/lib/x86_64-linux-gnu --incdir=/usr/include/x86_64-linux-gnu --arch=amd64 --enable-gpl --disable-stripping --disable-libmfx --disable-omx --enable-gnutls --enable-libaom --enable-libass --enable-libbs2b --enable-libcdio --enable-libcodec2 --enable-libdav1d --enable-libflite --enable-libfontconfig --enable-libfreetype --enable-libfribidi --enable-libglslang --enable-libgme --enable-libgsm --enable-libharfbuzz --enable-libmp3lame --enable-libmysofa --enable-libopenjpeg --enable-libopenmpt --enable-libopus --enable-librubberband --enable-libshine --enable-libsnappy --enable-libsoxr --enable-libspeex --enable-libtheora --enable-libtwolame --enable-libvidstab --enable-libvorbis --enable-libvpx --enable-libwebp --enable-libx265 --enable-libxml2 --enable-libxvid --enable-libzimg --enable-openal --enable-opencl --enable-opengl --disable-sndio --enable-libvpl --enable-libdc1394 --enable-libdrm --enable-libiec61883 --enable-chromaprint --enable-frei0r --enable-ladspa --enable-libbluray --enable-libcaca --enable-libdvdnav --enable-libdvdread --enable-libjack --enable-libpulse --enable-librabbitmq --enable-librist --enable-libsrt --enable-libssh --enable-libsvtav1 --enable-libx264 --enable-libzmq --enable-libzvbi --enable-lv2 --enable-sdl2 --enable-libplacebo --enable-librav1e --enable-pocketsphinx --enable-librsvg --enable-libjxl --enable-shared
  libavutil      59.  8.100 / 59.  8.100
  libavcodec     61.  3.100 / 61.  3.100
  libavformat    61.  1.100 / 61.  1.100
  libavdevice    61.  1.100 / 61.  1.100
  libavfilter    10.  1.100 / 10.  1.100
  libswscale      8.  1.100 /  8.  1.100
  libswresample   5.  1.100 /  5.  1.100
  libpostproc    58.  1.100 / 58.  1.100
Input #0, concat, from '/home/marco-lasagna/Scaricati/ffmpeg-java/inputFile.txt':
  Duration: N/A, start: 0.000000, bitrate: N/A
  Stream #0:0: Video: mjpeg (Baseline), yuvj420p(pc, bt470bg/unknown/unknown), 4501x4500 [SAR 1:1 DAR 4501:4500], 25 fps, 25 tbr, 25 tbn
Stream mapping:
  Stream #0:0 -> #0:0 (mjpeg (native) -> h264 (libx264))
Press [q] to stop, [?] for help
[swscaler @ 0x793cc8016b00] deprecated pixel format used, make sure you did set range correctly
    Last message repeated 1 times
[swscaler @ 0x793cc8b407c0] deprecated pixel format used, make sure you did set range correctly
    Last message repeated 1 times
[vost#0:0/libx264 @ 0x5f1e16a7dac0] No information about the input framerate is available. Falling back to a default value of 25fps. Use the -r option if you want a different framerate.
[libx264 @ 0x5f1e16a73e80] using SAR=2048/4095
[libx264 @ 0x5f1e16a73e80] using cpu capabilities: MMX2 SSE2Fast SSSE3 SSE4.2 AVX FMA3 BMI2 AVX2
[libx264 @ 0x5f1e16a73e80] profile High, level 4.0, 4:2:0, 8-bit
[libx264 @ 0x5f1e16a73e80] 264 - core 164 r3108 31e19f9 - H.264/MPEG-4 AVC codec - Copyleft 2003-2023 - http://www.videolan.org/x264.html - options: cabac=1 ref=3 deblock=1:0:0 analyse=0x3:0x113 me=hex subme=7 psy=1 psy_rd=1.00:0.00 mixed_ref=1 me_range=16 chroma_me=1 trellis=1 8x8dct=1 cqm=0 deadzone=21,11 fast_pskip=1 chroma_qp_offset=-2 threads=30 lookahead_threads=5 sliced_threads=0 nr=0 decimate=1 interlaced=0 bluray_compat=0 constrained_intra=0 bframes=3 b_pyramid=2 b_adapt=1 b_bias=0 direct=1 weightb=1 open_gop=0 weightp=2 keyint=250 keyint_min=25 scenecut=40 intra_refresh=0 rc_lookahead=40 rc=crf mbtree=1 crf=23.0 qcomp=0.60 qpmin=0 qpmax=69 qpstep=4 ip_ratio=1.40 aq=1:1.00
Output #0, mp4, to './src/test/resources/output/translation/video/129.mp4':
  Metadata:
    encoder         : Lavf61.1.100
  Stream #0:0: Video: h264 (avc1 / 0x31637661), yuvj420p(pc, progressive), 2048x1024 [SAR 4501:9000 DAR 4501:4500], q=2-31, 25 fps, 12800 tbn
      Metadata:
        encoder         : Lavc61.3.100 libx264
      Side data:
        cpb: bitrate max/min/avg: 0/0/0 buffer size: 0 vbv_delay: N/A
[out#0/mp4 @ 0x5f1e16a7bb40] video:32KiB audio:0KiB subtitle:0KiB other streams:0KiB global headers:0KiB muxing overhead: 2.912236%
frame=    6 fps=0.0 q=-1.0 Lsize=      33KiB time=00:00:00.16 bitrate=1683.8kbits/s dup=0 drop=19 speed=0.65x    
[libx264 @ 0x5f1e16a73e80] frame I:1     Avg QP:18.66  size: 30079
[libx264 @ 0x5f1e16a73e80] frame P:2     Avg QP:18.59  size:   548
[libx264 @ 0x5f1e16a73e80] frame B:3     Avg QP:25.66  size:   287
[libx264 @ 0x5f1e16a73e80] consecutive B-frames: 33.3%  0.0%  0.0% 66.7%
[libx264 @ 0x5f1e16a73e80] mb I  I16..4: 14.1% 75.6% 10.3%
[libx264 @ 0x5f1e16a73e80] mb P  I16..4:  0.1%  0.1%  0.0%  P16..4:  1.2%  0.2%  0.1%  0.0%  0.0%    skip:98.4%
[libx264 @ 0x5f1e16a73e80] mb B  I16..4:  0.0%  0.0%  0.0%  B16..8:  1.1%  0.1%  0.0%  direct: 0.0%  skip:98.7%  L0:25.4% L1:70.8% BI: 3.8%
[libx264 @ 0x5f1e16a73e80] 8x8 transform intra:75.5% inter:37.5%
[libx264 @ 0x5f1e16a73e80] coded y,uvDC,uvAC intra: 5.9% 10.2% 9.1% inter: 0.1% 0.0% 0.0%
[libx264 @ 0x5f1e16a73e80] i16 v,h,dc,p: 79% 20%  1%  0%
[libx264 @ 0x5f1e16a73e80] i8 v,h,dc,ddl,ddr,vr,hd,vl,hu: 55%  9% 35%  0%  0%  0%  0%  0%  0%
[libx264 @ 0x5f1e16a73e80] i4 v,h,dc,ddl,ddr,vr,hd,vl,hu: 38% 30% 10%  4%  2%  2%  4%  4%  5%
[libx264 @ 0x5f1e16a73e80] i8c dc,h,v,p: 82%  9%  8%  1%
[libx264 @ 0x5f1e16a73e80] Weighted P-Frames: Y:0.0% UV:0.0%
[libx264 @ 0x5f1e16a73e80] ref P L0: 95.2%  0.2%  1.3%  3.2%
[libx264 @ 0x5f1e16a73e80] ref B L0: 89.2% 10.8%
[libx264 @ 0x5f1e16a73e80] ref B L1: 96.4%  3.6%
[libx264 @ 0x5f1e16a73e80] kb/s:1067.80
ffmpeg version 7.0.2-3ubuntu1 Copyright (c) 2000-2024 the FFmpeg developers
  built with gcc 14 (Ubuntu 14.2.0-2ubuntu1)
  configuration: --prefix=/usr --extra-version=3ubuntu1 --toolchain=hardened --libdir=/usr/lib/x86_64-linux-gnu --incdir=/usr/include/x86_64-linux-gnu --arch=amd64 --enable-gpl --disable-stripping --disable-libmfx --disable-omx --enable-gnutls --enable-libaom --enable-libass --enable-libbs2b --enable-libcdio --enable-libcodec2 --enable-libdav1d --enable-libflite --enable-libfontconfig --enable-libfreetype --enable-libfribidi --enable-libglslang --enable-libgme --enable-libgsm --enable-libharfbuzz --enable-libmp3lame --enable-libmysofa --enable-libopenjpeg --enable-libopenmpt --enable-libopus --enable-librubberband --enable-libshine --enable-libsnappy --enable-libsoxr --enable-libspeex --enable-libtheora --enable-libtwolame --enable-libvidstab --enable-libvorbis --enable-libvpx --enable-libwebp --enable-libx265 --enable-libxml2 --enable-libxvid --enable-libzimg --enable-openal --enable-opencl --enable-opengl --disable-sndio --enable-libvpl --enable-libdc1394 --enable-libdrm --enable-libiec61883 --enable-chromaprint --enable-frei0r --enable-ladspa --enable-libbluray --enable-libcaca --enable-libdvdnav --enable-libdvdread --enable-libjack --enable-libpulse --enable-librabbitmq --enable-librist --enable-libsrt --enable-libssh --enable-libsvtav1 --enable-libx264 --enable-libzmq --enable-libzvbi --enable-lv2 --enable-sdl2 --enable-libplacebo --enable-librav1e --enable-pocketsphinx --enable-librsvg --enable-libjxl --enable-shared
  libavutil      59.  8.100 / 59.  8.100
  libavcodec     61.  3.100 / 61.  3.100
  libavformat    61.  1.100 / 61.  1.100
  libavdevice    61.  1.100 / 61.  1.100
  libavfilter    10.  1.100 / 10.  1.100
  libswscale      8.  1.100 /  8.  1.100
  libswresample   5.  1.100 /  5.  1.100
  libpostproc    58.  1.100 / 58.  1.100
Input #0, concat, from '/home/marco-lasagna/Scaricati/ffmpeg-java/inputFile.txt':
  Duration: N/A, start: 0.000000, bitrate: N/A
  Stream #0:0: Video: mjpeg (Baseline), yuvj420p(pc, bt470bg/unknown/unknown), 4501x4500 [SAR 1:1 DAR 4501:4500], 25 fps, 25 tbr, 25 tbn
Stream mapping:
  Stream #0:0 -> #0:0 (mjpeg (native) -> h264 (libx264))
Press [q] to stop, [?] for help
[swscaler @ 0x75268c016b00] deprecated pixel format used, make sure you did set range correctly
    Last message repeated 1 times
[swscaler @ 0x75268cb407c0] deprecated pixel format used, make sure you did set range correctly
    Last message repeated 1 times
[vost#0:0/libx264 @ 0x5b36325fbac0] No information about the input framerate is available. Falling back to a default value of 25fps. Use the -r option if you want a different framerate.
[libx264 @ 0x5b36325f1e80] using SAR=2048/4095
[libx264 @ 0x5b36325f1e80] using cpu capabilities: MMX2 SSE2Fast SSSE3 SSE4.2 AVX FMA3 BMI2 AVX2
[libx264 @ 0x5b36325f1e80] profile High, level 4.0, 4:2:0, 8-bit
[libx264 @ 0x5b36325f1e80] 264 - core 164 r3108 31e19f9 - H.264/MPEG-4 AVC codec - Copyleft 2003-2023 - http://www.videolan.org/x264.html - options: cabac=1 ref=3 deblock=1:0:0 analyse=0x3:0x113 me=hex subme=7 psy=1 psy_rd=1.00:0.00 mixed_ref=1 me_range=16 chroma_me=1 trellis=1 8x8dct=1 cqm=0 deadzone=21,11 fast_pskip=1 chroma_qp_offset=-2 threads=30 lookahead_threads=5 sliced_threads=0 nr=0 decimate=1 interlaced=0 bluray_compat=0 constrained_intra=0 bframes=3 b_pyramid=2 b_adapt=1 b_bias=0 direct=1 weightb=1 open_gop=0 weightp=2 keyint=250 keyint_min=25 scenecut=40 intra_refresh=0 rc_lookahead=40 rc=crf mbtree=1 crf=23.0 qcomp=0.60 qpmin=0 qpmax=69 qpstep=4 ip_ratio=1.40 aq=1:1.00
Output #0, mp4, to './src/test/resources/output/translation/video/139.mp4':
  Metadata:
    encoder         : Lavf61.1.100
  Stream #0:0: Video: h264 (avc1 / 0x31637661), yuvj420p(pc, progressive), 2048x1024 [SAR 4501:9000 DAR 4501:4500], q=2-31, 25 fps, 12800 tbn
      Metadata:
        encoder         : Lavc61.3.100 libx264
      Side data:
        cpb: bitrate max/min/avg: 0/0/0 buffer size: 0 vbv_delay: N/A
[out#0/mp4 @ 0x5b36325f9b40] video:32KiB audio:0KiB subtitle:0KiB other streams:0KiB global headers:0KiB muxing overhead: 2.920267%
frame=    6 fps=0.0 q=-1.0 Lsize=      33KiB time=00:00:00.16 bitrate=1679.3kbits/s dup=0 drop=19 speed=0.663x    
[libx264 @ 0x5b36325f1e80] frame I:1     Avg QP:18.37  size: 30040
[libx264 @ 0x5b36325f1e80] frame P:2     Avg QP:15.66  size:   538
[libx264 @ 0x5b36325f1e80] frame B:3     Avg QP:26.35  size:   276
[libx264 @ 0x5b36325f1e80] consecutive B-frames: 33.3%  0.0%  0.0% 66.7%
[libx264 @ 0x5b36325f1e80] mb I  I16..4: 14.2% 75.5% 10.2%
[libx264 @ 0x5b36325f1e80] mb P  I16..4:  0.2%  0.1%  0.0%  P16..4:  0.5%  0.2%  0.0%  0.0%  0.0%    skip:99.1%
[libx264 @ 0x5b36325f1e80] mb B  I16..4:  0.0%  0.0%  0.0%  B16..8:  1.0%  0.1%  0.0%  direct: 0.0%  skip:98.8%  L0:24.5% L1:72.3% BI: 3.2%
[libx264 @ 0x5b36325f1e80] 8x8 transform intra:75.3% inter:15.5%
[libx264 @ 0x5b36325f1e80] coded y,uvDC,uvAC intra: 5.9% 10.1% 9.1% inter: 0.1% 0.0% 0.0%
[libx264 @ 0x5b36325f1e80] i16 v,h,dc,p: 78% 20%  1%  0%
[libx264 @ 0x5b36325f1e80] i8 v,h,dc,ddl,ddr,vr,hd,vl,hu: 53% 11% 35%  0%  0%  0%  0%  0%  0%
[libx264 @ 0x5b36325f1e80] i4 v,h,dc,ddl,ddr,vr,hd,vl,hu: 38% 30% 10%  4%  2%  2%  4%  4%  5%
[libx264 @ 0x5b36325f1e80] i8c dc,h,v,p: 82%  9%  8%  1%
[libx264 @ 0x5b36325f1e80] Weighted P-Frames: Y:0.0% UV:0.0%
[libx264 @ 0x5b36325f1e80] ref P L0: 96.1%  0.0%  1.7%  2.2%
[libx264 @ 0x5b36325f1e80] ref B L0: 93.1%  6.9%
[libx264 @ 0x5b36325f1e80] ref B L1: 93.4%  6.6%
[libx264 @ 0x5b36325f1e80] kb/s:1064.80
ffmpeg version 7.0.2-3ubuntu1 Copyright (c) 2000-2024 the FFmpeg developers
  built with gcc 14 (Ubuntu 14.2.0-2ubuntu1)
  configuration: --prefix=/usr --extra-version=3ubuntu1 --toolchain=hardened --libdir=/usr/lib/x86_64-linux-gnu --incdir=/usr/include/x86_64-linux-gnu --arch=amd64 --enable-gpl --disable-stripping --disable-libmfx --disable-omx --enable-gnutls --enable-libaom --enable-libass --enable-libbs2b --enable-libcdio --enable-libcodec2 --enable-libdav1d --enable-libflite --enable-libfontconfig --enable-libfreetype --enable-libfribidi --enable-libglslang --enable-libgme --enable-libgsm --enable-libharfbuzz --enable-libmp3lame --enable-libmysofa --enable-libopenjpeg --enable-libopenmpt --enable-libopus --enable-librubberband --enable-libshine --enable-libsnappy --enable-libsoxr --enable-libspeex --enable-libtheora --enable-libtwolame --enable-libvidstab --enable-libvorbis --enable-libvpx --enable-libwebp --enable-libx265 --enable-libxml2 --enable-libxvid --enable-libzimg --enable-openal --enable-opencl --enable-opengl --disable-sndio --enable-libvpl --enable-libdc1394 --enable-libdrm --enable-libiec61883 --enable-chromaprint --enable-frei0r --enable-ladspa --enable-libbluray --enable-libcaca --enable-libdvdnav --enable-libdvdread --enable-libjack --enable-libpulse --enable-librabbitmq --enable-librist --enable-libsrt --enable-libssh --enable-libsvtav1 --enable-libx264 --enable-libzmq --enable-libzvbi --enable-lv2 --enable-sdl2 --enable-libplacebo --enable-librav1e --enable-pocketsphinx --enable-librsvg --enable-libjxl --enable-shared
  libavutil      59.  8.100 / 59.  8.100
  libavcodec     61.  3.100 / 61.  3.100
  libavformat    61.  1.100 / 61.  1.100
  libavdevice    61.  1.100 / 61.  1.100
  libavfilter    10.  1.100 / 10.  1.100
  libswscale      8.  1.100 /  8.  1.100
  libswresample   5.  1.100 /  5.  1.100
  libpostproc    58.  1.100 / 58.  1.100
Input #0, concat, from '/home/marco-lasagna/Scaricati/ffmpeg-java/inputFile.txt':
  Duration: N/A, start: 0.000000, bitrate: N/A
  Stream #0:0: Video: mjpeg (Baseline), yuvj420p(pc, bt470bg/unknown/unknown), 4501x4500 [SAR 1:1 DAR 4501:4500], 25 fps, 25 tbr, 25 tbn
Stream mapping:
  Stream #0:0 -> #0:0 (mjpeg (native) -> h264 (libx264))
Press [q] to stop, [?] for help
[swscaler @ 0x7e1390016b00] deprecated pixel format used, make sure you did set range correctly
    Last message repeated 1 times
[swscaler @ 0x7e1390b407c0] deprecated pixel format used, make sure you did set range correctly
    Last message repeated 1 times
[vost#0:0/libx264 @ 0x644b4dfc9ac0] No information about the input framerate is available. Falling back to a default value of 25fps. Use the -r option if you want a different framerate.
[libx264 @ 0x644b4dfbfe80] using SAR=2048/4095
[libx264 @ 0x644b4dfbfe80] using cpu capabilities: MMX2 SSE2Fast SSSE3 SSE4.2 AVX FMA3 BMI2 AVX2
[libx264 @ 0x644b4dfbfe80] profile High, level 4.0, 4:2:0, 8-bit
[libx264 @ 0x644b4dfbfe80] 264 - core 164 r3108 31e19f9 - H.264/MPEG-4 AVC codec - Copyleft 2003-2023 - http://www.videolan.org/x264.html - options: cabac=1 ref=3 deblock=1:0:0 analyse=0x3:0x113 me=hex subme=7 psy=1 psy_rd=1.00:0.00 mixed_ref=1 me_range=16 chroma_me=1 trellis=1 8x8dct=1 cqm=0 deadzone=21,11 fast_pskip=1 chroma_qp_offset=-2 threads=30 lookahead_threads=5 sliced_threads=0 nr=0 decimate=1 interlaced=0 bluray_compat=0 constrained_intra=0 bframes=3 b_pyramid=2 b_adapt=1 b_bias=0 direct=1 weightb=1 open_gop=0 weightp=2 keyint=250 keyint_min=25 scenecut=40 intra_refresh=0 rc_lookahead=40 rc=crf mbtree=1 crf=23.0 qcomp=0.60 qpmin=0 qpmax=69 qpstep=4 ip_ratio=1.40 aq=1:1.00
Output #0, mp4, to './src/test/resources/output/translation/video/149.mp4':
  Metadata:
    encoder         : Lavf61.1.100
  Stream #0:0: Video: h264 (avc1 / 0x31637661), yuvj420p(pc, progressive), 2048x1024 [SAR 4501:9000 DAR 4501:4500], q=2-31, 25 fps, 12800 tbn
      Metadata:
        encoder         : Lavc61.3.100 libx264
      Side data:
        cpb: bitrate max/min/avg: 0/0/0 buffer size: 0 vbv_delay: N/A
[out#0/mp4 @ 0x644b4dfc7b40] video:32KiB audio:0KiB subtitle:0KiB other streams:0KiB global headers:0KiB muxing overhead: 2.903806%
frame=    6 fps=0.0 q=-1.0 Lsize=      33KiB time=00:00:00.16 bitrate=1688.6kbits/s dup=0 drop=19 speed=0.671x    
[libx264 @ 0x644b4dfbfe80] frame I:1     Avg QP:18.57  size: 29983
[libx264 @ 0x644b4dfbfe80] frame P:2     Avg QP:18.98  size:   622
[libx264 @ 0x644b4dfbfe80] frame B:3     Avg QP:21.48  size:   300
[libx264 @ 0x644b4dfbfe80] consecutive B-frames: 33.3%  0.0%  0.0% 66.7%
[libx264 @ 0x644b4dfbfe80] mb I  I16..4: 16.7% 73.0% 10.3%
[libx264 @ 0x644b4dfbfe80] mb P  I16..4:  0.1%  0.1%  0.0%  P16..4:  1.2%  0.2%  0.0%  0.0%  0.0%    skip:98.3%
[libx264 @ 0x644b4dfbfe80] mb B  I16..4:  0.0%  0.1%  0.0%  B16..8:  1.1%  0.1%  0.0%  direct: 0.0%  skip:98.7%  L0:60.5% L1:35.0% BI: 4.6%
[libx264 @ 0x644b4dfbfe80] 8x8 transform intra:72.9% inter:25.0%
[libx264 @ 0x644b4dfbfe80] coded y,uvDC,uvAC intra: 5.9% 10.2% 9.1% inter: 0.1% 0.0% 0.0%
[libx264 @ 0x644b4dfbfe80] i16 v,h,dc,p: 81% 17%  1%  0%
[libx264 @ 0x644b4dfbfe80] i8 v,h,dc,ddl,ddr,vr,hd,vl,hu: 56% 10% 33%  0%  0%  0%  0%  0%  0%
[libx264 @ 0x644b4dfbfe80] i4 v,h,dc,ddl,ddr,vr,hd,vl,hu: 39% 30% 10%  4%  2%  2%  4%  4%  5%
[libx264 @ 0x644b4dfbfe80] i8c dc,h,v,p: 82%  9%  8%  1%
[libx264 @ 0x644b4dfbfe80] Weighted P-Frames: Y:0.0% UV:0.0%
[libx264 @ 0x644b4dfbfe80] ref P L0: 94.0%  0.1%  2.3%  3.6%
[libx264 @ 0x644b4dfbfe80] ref B L0: 94.1%  5.9%
[libx264 @ 0x644b4dfbfe80] ref B L1: 95.7%  4.3%
[libx264 @ 0x644b4dfbfe80] kb/s:1070.97
ffmpeg version 7.0.2-3ubuntu1 Copyright (c) 2000-2024 the FFmpeg developers
  built with gcc 14 (Ubuntu 14.2.0-2ubuntu1)
  configuration: --prefix=/usr --extra-version=3ubuntu1 --toolchain=hardened --libdir=/usr/lib/x86_64-linux-gnu --incdir=/usr/include/x86_64-linux-gnu --arch=amd64 --enable-gpl --disable-stripping --disable-libmfx --disable-omx --enable-gnutls --enable-libaom --enable-libass --enable-libbs2b --enable-libcdio --enable-libcodec2 --enable-libdav1d --enable-libflite --enable-libfontconfig --enable-libfreetype --enable-libfribidi --enable-libglslang --enable-libgme --enable-libgsm --enable-libharfbuzz --enable-libmp3lame --enable-libmysofa --enable-libopenjpeg --enable-libopenmpt --enable-libopus --enable-librubberband --enable-libshine --enable-libsnappy --enable-libsoxr --enable-libspeex --enable-libtheora --enable-libtwolame --enable-libvidstab --enable-libvorbis --enable-libvpx --enable-libwebp --enable-libx265 --enable-libxml2 --enable-libxvid --enable-libzimg --enable-openal --enable-opencl --enable-opengl --disable-sndio --enable-libvpl --enable-libdc1394 --enable-libdrm --enable-libiec61883 --enable-chromaprint --enable-frei0r --enable-ladspa --enable-libbluray --enable-libcaca --enable-libdvdnav --enable-libdvdread --enable-libjack --enable-libpulse --enable-librabbitmq --enable-librist --enable-libsrt --enable-libssh --enable-libsvtav1 --enable-libx264 --enable-libzmq --enable-libzvbi --enable-lv2 --enable-sdl2 --enable-libplacebo --enable-librav1e --enable-pocketsphinx --enable-librsvg --enable-libjxl --enable-shared
  libavutil      59.  8.100 / 59.  8.100
  libavcodec     61.  3.100 / 61.  3.100
  libavformat    61.  1.100 / 61.  1.100
  libavdevice    61.  1.100 / 61.  1.100
  libavfilter    10.  1.100 / 10.  1.100
  libswscale      8.  1.100 /  8.  1.100
  libswresample   5.  1.100 /  5.  1.100
  libpostproc    58.  1.100 / 58.  1.100
Input #0, concat, from '/home/marco-lasagna/Scaricati/ffmpeg-java/inputFile.txt':
  Duration: N/A, start: 0.000000, bitrate: N/A
  Stream #0:0: Video: mjpeg (Baseline), yuvj420p(pc, bt470bg/unknown/unknown), 4501x4500 [SAR 1:1 DAR 4501:4500], 25 fps, 25 tbr, 25 tbn
Stream mapping:
  Stream #0:0 -> #0:0 (mjpeg (native) -> h264 (libx264))
Press [q] to stop, [?] for help
[swscaler @ 0x7b8c10016b00] deprecated pixel format used, make sure you did set range correctly
    Last message repeated 1 times
[swscaler @ 0x7b8c10b407c0] deprecated pixel format used, make sure you did set range correctly
    Last message repeated 1 times
[vost#0:0/libx264 @ 0x620a55296ac0] No information about the input framerate is available. Falling back to a default value of 25fps. Use the -r option if you want a different framerate.
[libx264 @ 0x620a5528ce80] using SAR=2048/4095
[libx264 @ 0x620a5528ce80] using cpu capabilities: MMX2 SSE2Fast SSSE3 SSE4.2 AVX FMA3 BMI2 AVX2
[libx264 @ 0x620a5528ce80] profile High, level 4.0, 4:2:0, 8-bit
[libx264 @ 0x620a5528ce80] 264 - core 164 r3108 31e19f9 - H.264/MPEG-4 AVC codec - Copyleft 2003-2023 - http://www.videolan.org/x264.html - options: cabac=1 ref=3 deblock=1:0:0 analyse=0x3:0x113 me=hex subme=7 psy=1 psy_rd=1.00:0.00 mixed_ref=1 me_range=16 chroma_me=1 trellis=1 8x8dct=1 cqm=0 deadzone=21,11 fast_pskip=1 chroma_qp_offset=-2 threads=30 lookahead_threads=5 sliced_threads=0 nr=0 decimate=1 interlaced=0 bluray_compat=0 constrained_intra=0 bframes=3 b_pyramid=2 b_adapt=1 b_bias=0 direct=1 weightb=1 open_gop=0 weightp=2 keyint=250 keyint_min=25 scenecut=40 intra_refresh=0 rc_lookahead=40 rc=crf mbtree=1 crf=23.0 qcomp=0.60 qpmin=0 qpmax=69 qpstep=4 ip_ratio=1.40 aq=1:1.00
Output #0, mp4, to './src/test/resources/output/translation/video/159.mp4':
  Metadata:
    encoder         : Lavf61.1.100
  Stream #0:0: Video: h264 (avc1 / 0x31637661), yuvj420p(pc, progressive), 2048x1024 [SAR 4501:9000 DAR 4501:4500], q=2-31, 25 fps, 12800 tbn
      Metadata:
        encoder         : Lavc61.3.100 libx264
      Side data:
        cpb: bitrate max/min/avg: 0/0/0 buffer size: 0 vbv_delay: N/A
[out#0/mp4 @ 0x620a55294b40] video:32KiB audio:0KiB subtitle:0KiB other streams:0KiB global headers:0KiB muxing overhead: 2.917049%
frame=    6 fps=0.0 q=-1.0 Lsize=      33KiB time=00:00:00.16 bitrate=1681.2kbits/s dup=0 drop=19 speed=0.663x    
[libx264 @ 0x620a5528ce80] frame I:1     Avg QP:18.39  size: 29985
[libx264 @ 0x620a5528ce80] frame P:2     Avg QP:24.26  size:   566
[libx264 @ 0x620a5528ce80] frame B:3     Avg QP:26.18  size:   288
[libx264 @ 0x620a5528ce80] consecutive B-frames: 33.3%  0.0%  0.0% 66.7%
[libx264 @ 0x620a5528ce80] mb I  I16..4: 25.5% 64.2% 10.3%
[libx264 @ 0x620a5528ce80] mb P  I16..4:  0.0%  0.1%  0.0%  P16..4:  1.3%  0.2%  0.1%  0.0%  0.0%    skip:98.4%
[libx264 @ 0x620a5528ce80] mb B  I16..4:  0.0%  0.0%  0.0%  B16..8:  1.1%  0.1%  0.0%  direct: 0.0%  skip:98.7%  L0:60.5% L1:36.2% BI: 3.3%
[libx264 @ 0x620a5528ce80] 8x8 transform intra:64.2% inter:23.3%
[libx264 @ 0x620a5528ce80] coded y,uvDC,uvAC intra: 5.8% 10.2% 9.1% inter: 0.1% 0.0% 0.0%
[libx264 @ 0x620a5528ce80] i16 v,h,dc,p: 87% 12%  1%  0%
[libx264 @ 0x620a5528ce80] i8 v,h,dc,ddl,ddr,vr,hd,vl,hu: 54%  9% 37%  0%  0%  0%  0%  0%  0%
[libx264 @ 0x620a5528ce80] i4 v,h,dc,ddl,ddr,vr,hd,vl,hu: 40% 29% 10%  4%  2%  2%  4%  4%  5%
[libx264 @ 0x620a5528ce80] i8c dc,h,v,p: 82%  9%  8%  1%
[libx264 @ 0x620a5528ce80] Weighted P-Frames: Y:0.0% UV:0.0%
[libx264 @ 0x620a5528ce80] ref P L0: 93.1%  0.0%  1.7%  5.2%
[libx264 @ 0x620a5528ce80] ref B L0: 92.4%  7.6%
[libx264 @ 0x620a5528ce80] ref B L1: 97.5%  2.5%
[libx264 @ 0x620a5528ce80] kb/s:1066.00
ffmpeg version 7.0.2-3ubuntu1 Copyright (c) 2000-2024 the FFmpeg developers
  built with gcc 14 (Ubuntu 14.2.0-2ubuntu1)
  configuration: --prefix=/usr --extra-version=3ubuntu1 --toolchain=hardened --libdir=/usr/lib/x86_64-linux-gnu --incdir=/usr/include/x86_64-linux-gnu --arch=amd64 --enable-gpl --disable-stripping --disable-libmfx --disable-omx --enable-gnutls --enable-libaom --enable-libass --enable-libbs2b --enable-libcdio --enable-libcodec2 --enable-libdav1d --enable-libflite --enable-libfontconfig --enable-libfreetype --enable-libfribidi --enable-libglslang --enable-libgme --enable-libgsm --enable-libharfbuzz --enable-libmp3lame --enable-libmysofa --enable-libopenjpeg --enable-libopenmpt --enable-libopus --enable-librubberband --enable-libshine --enable-libsnappy --enable-libsoxr --enable-libspeex --enable-libtheora --enable-libtwolame --enable-libvidstab --enable-libvorbis --enable-libvpx --enable-libwebp --enable-libx265 --enable-libxml2 --enable-libxvid --enable-libzimg --enable-openal --enable-opencl --enable-opengl --disable-sndio --enable-libvpl --enable-libdc1394 --enable-libdrm --enable-libiec61883 --enable-chromaprint --enable-frei0r --enable-ladspa --enable-libbluray --enable-libcaca --enable-libdvdnav --enable-libdvdread --enable-libjack --enable-libpulse --enable-librabbitmq --enable-librist --enable-libsrt --enable-libssh --enable-libsvtav1 --enable-libx264 --enable-libzmq --enable-libzvbi --enable-lv2 --enable-sdl2 --enable-libplacebo --enable-librav1e --enable-pocketsphinx --enable-librsvg --enable-libjxl --enable-shared
  libavutil      59.  8.100 / 59.  8.100
  libavcodec     61.  3.100 / 61.  3.100
  libavformat    61.  1.100 / 61.  1.100
  libavdevice    61.  1.100 / 61.  1.100
  libavfilter    10.  1.100 / 10.  1.100
  libswscale      8.  1.100 /  8.  1.100
  libswresample   5.  1.100 /  5.  1.100
  libpostproc    58.  1.100 / 58.  1.100
Input #0, concat, from '/home/marco-lasagna/Scaricati/ffmpeg-java/inputFile.txt':
  Duration: N/A, start: 0.000000, bitrate: N/A
  Stream #0:0: Video: mjpeg (Baseline), yuvj420p(pc, bt470bg/unknown/unknown), 4501x4500 [SAR 1:1 DAR 4501:4500], 25 fps, 25 tbr, 25 tbn
Stream mapping:
  Stream #0:0 -> #0:0 (mjpeg (native) -> h264 (libx264))
Press [q] to stop, [?] for help
[swscaler @ 0x792b10016b00] deprecated pixel format used, make sure you did set range correctly
    Last message repeated 1 times
[swscaler @ 0x792b10b407c0] deprecated pixel format used, make sure you did set range correctly
    Last message repeated 1 times
[vost#0:0/libx264 @ 0x5f08c6495ac0] No information about the input framerate is available. Falling back to a default value of 25fps. Use the -r option if you want a different framerate.
[libx264 @ 0x5f08c648be80] using SAR=2048/4095
[libx264 @ 0x5f08c648be80] using cpu capabilities: MMX2 SSE2Fast SSSE3 SSE4.2 AVX FMA3 BMI2 AVX2
[libx264 @ 0x5f08c648be80] profile High, level 4.0, 4:2:0, 8-bit
[libx264 @ 0x5f08c648be80] 264 - core 164 r3108 31e19f9 - H.264/MPEG-4 AVC codec - Copyleft 2003-2023 - http://www.videolan.org/x264.html - options: cabac=1 ref=3 deblock=1:0:0 analyse=0x3:0x113 me=hex subme=7 psy=1 psy_rd=1.00:0.00 mixed_ref=1 me_range=16 chroma_me=1 trellis=1 8x8dct=1 cqm=0 deadzone=21,11 fast_pskip=1 chroma_qp_offset=-2 threads=30 lookahead_threads=5 sliced_threads=0 nr=0 decimate=1 interlaced=0 bluray_compat=0 constrained_intra=0 bframes=3 b_pyramid=2 b_adapt=1 b_bias=0 direct=1 weightb=1 open_gop=0 weightp=2 keyint=250 keyint_min=25 scenecut=40 intra_refresh=0 rc_lookahead=40 rc=crf mbtree=1 crf=23.0 qcomp=0.60 qpmin=0 qpmax=69 qpstep=4 ip_ratio=1.40 aq=1:1.00
Output #0, mp4, to './src/test/resources/output/translation/video/169.mp4':
  Metadata:
    encoder         : Lavf61.1.100
  Stream #0:0: Video: h264 (avc1 / 0x31637661), yuvj420p(pc, progressive), 2048x1024 [SAR 4501:9000 DAR 4501:4500], q=2-31, 25 fps, 12800 tbn
      Metadata:
        encoder         : Lavc61.3.100 libx264
      Side data:
        cpb: bitrate max/min/avg: 0/0/0 buffer size: 0 vbv_delay: N/A
[out#0/mp4 @ 0x5f08c6493b40] video:32KiB audio:0KiB subtitle:0KiB other streams:0KiB global headers:0KiB muxing overhead: 2.902126%
frame=    6 fps=0.0 q=-1.0 Lsize=      33KiB time=00:00:00.16 bitrate=1689.5kbits/s dup=0 drop=19 speed=0.67x    
[libx264 @ 0x5f08c648be80] frame I:1     Avg QP:18.30  size: 29959
[libx264 @ 0x5f08c648be80] frame P:2     Avg QP:18.98  size:   622
[libx264 @ 0x5f08c648be80] frame B:3     Avg QP:25.88  size:   315
[libx264 @ 0x5f08c648be80] consecutive B-frames: 33.3%  0.0%  0.0% 66.7%
[libx264 @ 0x5f08c648be80] mb I  I16..4: 26.0% 63.7% 10.3%
[libx264 @ 0x5f08c648be80] mb P  I16..4:  0.1%  0.1%  0.0%  P16..4:  1.2%  0.2%  0.1%  0.0%  0.0%    skip:98.3%
[libx264 @ 0x5f08c648be80] mb B  I16..4:  0.0%  0.0%  0.0%  B16..8:  1.2%  0.0%  0.0%  direct: 0.0%  skip:98.6%  L0:57.2% L1:40.5% BI: 2.3%
[libx264 @ 0x5f08c648be80] 8x8 transform intra:63.7% inter:25.8%
[libx264 @ 0x5f08c648be80] coded y,uvDC,uvAC intra: 5.9% 10.2% 9.1% inter: 0.1% 0.0% 0.0%
[libx264 @ 0x5f08c648be80] i16 v,h,dc,p: 88% 12%  1%  0%
[libx264 @ 0x5f08c648be80] i8 v,h,dc,ddl,ddr,vr,hd,vl,hu: 45%  5% 50%  0%  0%  0%  0%  0%  0%
[libx264 @ 0x5f08c648be80] i4 v,h,dc,ddl,ddr,vr,hd,vl,hu: 38% 30% 10%  4%  2%  2%  4%  4%  5%
[libx264 @ 0x5f08c648be80] i8c dc,h,v,p: 82%  9%  8%  1%
[libx264 @ 0x5f08c648be80] Weighted P-Frames: Y:0.0% UV:0.0%
[libx264 @ 0x5f08c648be80] ref P L0: 96.4%  0.0%  0.7%  2.9%
[libx264 @ 0x5f08c648be80] ref B L0: 94.4%  5.6%
[libx264 @ 0x5f08c648be80] ref B L1: 92.6%  7.4%
[libx264 @ 0x5f08c648be80] kb/s:1071.60
ffmpeg version 7.0.2-3ubuntu1 Copyright (c) 2000-2024 the FFmpeg developers
  built with gcc 14 (Ubuntu 14.2.0-2ubuntu1)
  configuration: --prefix=/usr --extra-version=3ubuntu1 --toolchain=hardened --libdir=/usr/lib/x86_64-linux-gnu --incdir=/usr/include/x86_64-linux-gnu --arch=amd64 --enable-gpl --disable-stripping --disable-libmfx --disable-omx --enable-gnutls --enable-libaom --enable-libass --enable-libbs2b --enable-libcdio --enable-libcodec2 --enable-libdav1d --enable-libflite --enable-libfontconfig --enable-libfreetype --enable-libfribidi --enable-libglslang --enable-libgme --enable-libgsm --enable-libharfbuzz --enable-libmp3lame --enable-libmysofa --enable-libopenjpeg --enable-libopenmpt --enable-libopus --enable-librubberband --enable-libshine --enable-libsnappy --enable-libsoxr --enable-libspeex --enable-libtheora --enable-libtwolame --enable-libvidstab --enable-libvorbis --enable-libvpx --enable-libwebp --enable-libx265 --enable-libxml2 --enable-libxvid --enable-libzimg --enable-openal --enable-opencl --enable-opengl --disable-sndio --enable-libvpl --enable-libdc1394 --enable-libdrm --enable-libiec61883 --enable-chromaprint --enable-frei0r --enable-ladspa --enable-libbluray --enable-libcaca --enable-libdvdnav --enable-libdvdread --enable-libjack --enable-libpulse --enable-librabbitmq --enable-librist --enable-libsrt --enable-libssh --enable-libsvtav1 --enable-libx264 --enable-libzmq --enable-libzvbi --enable-lv2 --enable-sdl2 --enable-libplacebo --enable-librav1e --enable-pocketsphinx --enable-librsvg --enable-libjxl --enable-shared
  libavutil      59.  8.100 / 59.  8.100
  libavcodec     61.  3.100 / 61.  3.100
  libavformat    61.  1.100 / 61.  1.100
  libavdevice    61.  1.100 / 61.  1.100
  libavfilter    10.  1.100 / 10.  1.100
  libswscale      8.  1.100 /  8.  1.100
  libswresample   5.  1.100 /  5.  1.100
  libpostproc    58.  1.100 / 58.  1.100
Input #0, concat, from '/home/marco-lasagna/Scaricati/ffmpeg-java/inputFile.txt':
  Duration: N/A, start: 0.000000, bitrate: N/A
  Stream #0:0: Video: mjpeg (Baseline), yuvj420p(pc, bt470bg/unknown/unknown), 4501x4500 [SAR 1:1 DAR 4501:4500], 25 fps, 25 tbr, 25 tbn
Stream mapping:
  Stream #0:0 -> #0:0 (mjpeg (native) -> h264 (libx264))
Press [q] to stop, [?] for help
[swscaler @ 0x729e58016b00] deprecated pixel format used, make sure you did set range correctly
    Last message repeated 1 times
[swscaler @ 0x729e58b407c0] deprecated pixel format used, make sure you did set range correctly
    Last message repeated 1 times
[vost#0:0/libx264 @ 0x6119cf5a9ac0] No information about the input framerate is available. Falling back to a default value of 25fps. Use the -r option if you want a different framerate.
[libx264 @ 0x6119cf59fe80] using SAR=2048/4095
[libx264 @ 0x6119cf59fe80] using cpu capabilities: MMX2 SSE2Fast SSSE3 SSE4.2 AVX FMA3 BMI2 AVX2
[libx264 @ 0x6119cf59fe80] profile High, level 4.0, 4:2:0, 8-bit
[libx264 @ 0x6119cf59fe80] 264 - core 164 r3108 31e19f9 - H.264/MPEG-4 AVC codec - Copyleft 2003-2023 - http://www.videolan.org/x264.html - options: cabac=1 ref=3 deblock=1:0:0 analyse=0x3:0x113 me=hex subme=7 psy=1 psy_rd=1.00:0.00 mixed_ref=1 me_range=16 chroma_me=1 trellis=1 8x8dct=1 cqm=0 deadzone=21,11 fast_pskip=1 chroma_qp_offset=-2 threads=30 lookahead_threads=5 sliced_threads=0 nr=0 decimate=1 interlaced=0 bluray_compat=0 constrained_intra=0 bframes=3 b_pyramid=2 b_adapt=1 b_bias=0 direct=1 weightb=1 open_gop=0 weightp=2 keyint=250 keyint_min=25 scenecut=40 intra_refresh=0 rc_lookahead=40 rc=crf mbtree=1 crf=23.0 qcomp=0.60 qpmin=0 qpmax=69 qpstep=4 ip_ratio=1.40 aq=1:1.00
Output #0, mp4, to './src/test/resources/output/translation/video/179.mp4':
  Metadata:
    encoder         : Lavf61.1.100
  Stream #0:0: Video: h264 (avc1 / 0x31637661), yuvj420p(pc, progressive), 2048x1024 [SAR 4501:9000 DAR 4501:4500], q=2-31, 25 fps, 12800 tbn
      Metadata:
        encoder         : Lavc61.3.100 libx264
      Side data:
        cpb: bitrate max/min/avg: 0/0/0 buffer size: 0 vbv_delay: N/A
[out#0/mp4 @ 0x6119cf5a7b40] video:32KiB audio:0KiB subtitle:0KiB other streams:0KiB global headers:0KiB muxing overhead: 2.898947%
frame=    6 fps=0.0 q=-1.0 Lsize=      33KiB time=00:00:00.16 bitrate=1691.3kbits/s dup=0 drop=19 speed=0.664x    
[libx264 @ 0x6119cf59fe80] frame I:1     Avg QP:18.16  size: 29931
[libx264 @ 0x6119cf59fe80] frame P:2     Avg QP:18.03  size:   650
[libx264 @ 0x6119cf59fe80] frame B:3     Avg QP:32.52  size:   318
[libx264 @ 0x6119cf59fe80] consecutive B-frames: 33.3%  0.0%  0.0% 66.7%
[libx264 @ 0x6119cf59fe80] mb I  I16..4: 14.3% 75.4% 10.3%
[libx264 @ 0x6119cf59fe80] mb P  I16..4:  0.1%  0.1%  0.0%  P16..4:  1.2%  0.2%  0.1%  0.0%  0.0%    skip:98.3%
[libx264 @ 0x6119cf59fe80] mb B  I16..4:  0.0%  0.0%  0.0%  B16..8:  1.2%  0.0%  0.0%  direct: 0.1%  skip:98.7%  L0:58.5% L1:37.3% BI: 4.3%
[libx264 @ 0x6119cf59fe80] 8x8 transform intra:75.4% inter:10.3%
[libx264 @ 0x6119cf59fe80] coded y,uvDC,uvAC intra: 5.9% 10.2% 9.1% inter: 0.1% 0.0% 0.0%
[libx264 @ 0x6119cf59fe80] i16 v,h,dc,p: 79% 20%  1%  0%
[libx264 @ 0x6119cf59fe80] i8 v,h,dc,ddl,ddr,vr,hd,vl,hu: 55%  9% 35%  0%  0%  0%  0%  0%  0%
[libx264 @ 0x6119cf59fe80] i4 v,h,dc,ddl,ddr,vr,hd,vl,hu: 38% 30% 10%  4%  2%  2%  4%  4%  5%
[libx264 @ 0x6119cf59fe80] i8c dc,h,v,p: 82%  9%  8%  1%
[libx264 @ 0x6119cf59fe80] Weighted P-Frames: Y:0.0% UV:0.0%
[libx264 @ 0x6119cf59fe80] ref P L0: 95.0%  1.3%  1.5%  2.1%
[libx264 @ 0x6119cf59fe80] ref B L0: 93.4%  6.6%
[libx264 @ 0x6119cf59fe80] ref B L1: 92.9%  7.1%
[libx264 @ 0x6119cf59fe80] kb/s:1072.80
ffmpeg version 7.0.2-3ubuntu1 Copyright (c) 2000-2024 the FFmpeg developers
  built with gcc 14 (Ubuntu 14.2.0-2ubuntu1)
  configuration: --prefix=/usr --extra-version=3ubuntu1 --toolchain=hardened --libdir=/usr/lib/x86_64-linux-gnu --incdir=/usr/include/x86_64-linux-gnu --arch=amd64 --enable-gpl --disable-stripping --disable-libmfx --disable-omx --enable-gnutls --enable-libaom --enable-libass --enable-libbs2b --enable-libcdio --enable-libcodec2 --enable-libdav1d --enable-libflite --enable-libfontconfig --enable-libfreetype --enable-libfribidi --enable-libglslang --enable-libgme --enable-libgsm --enable-libharfbuzz --enable-libmp3lame --enable-libmysofa --enable-libopenjpeg --enable-libopenmpt --enable-libopus --enable-librubberband --enable-libshine --enable-libsnappy --enable-libsoxr --enable-libspeex --enable-libtheora --enable-libtwolame --enable-libvidstab --enable-libvorbis --enable-libvpx --enable-libwebp --enable-libx265 --enable-libxml2 --enable-libxvid --enable-libzimg --enable-openal --enable-opencl --enable-opengl --disable-sndio --enable-libvpl --enable-libdc1394 --enable-libdrm --enable-libiec61883 --enable-chromaprint --enable-frei0r --enable-ladspa --enable-libbluray --enable-libcaca --enable-libdvdnav --enable-libdvdread --enable-libjack --enable-libpulse --enable-librabbitmq --enable-librist --enable-libsrt --enable-libssh --enable-libsvtav1 --enable-libx264 --enable-libzmq --enable-libzvbi --enable-lv2 --enable-sdl2 --enable-libplacebo --enable-librav1e --enable-pocketsphinx --enable-librsvg --enable-libjxl --enable-shared
  libavutil      59.  8.100 / 59.  8.100
  libavcodec     61.  3.100 / 61.  3.100
  libavformat    61.  1.100 / 61.  1.100
  libavdevice    61.  1.100 / 61.  1.100
  libavfilter    10.  1.100 / 10.  1.100
  libswscale      8.  1.100 /  8.  1.100
  libswresample   5.  1.100 /  5.  1.100
  libpostproc    58.  1.100 / 58.  1.100
Input #0, concat, from '/home/marco-lasagna/Scaricati/ffmpeg-java/inputFile.txt':
  Duration: N/A, start: 0.000000, bitrate: N/A
  Stream #0:0: Video: mjpeg (Baseline), yuvj420p(pc, bt470bg/unknown/unknown), 4501x4500 [SAR 1:1 DAR 4501:4500], 25 fps, 25 tbr, 25 tbn
Stream mapping:
  Stream #0:0 -> #0:0 (mjpeg (native) -> h264 (libx264))
Press [q] to stop, [?] for help
[swscaler @ 0x7650f8016b00] deprecated pixel format used, make sure you did set range correctly
    Last message repeated 1 times
[swscaler @ 0x7650f8b407c0] deprecated pixel format used, make sure you did set range correctly
    Last message repeated 1 times
[vost#0:0/libx264 @ 0x64eaec1e3ac0] No information about the input framerate is available. Falling back to a default value of 25fps. Use the -r option if you want a different framerate.
[libx264 @ 0x64eaec1d9e80] using SAR=2048/4095
[libx264 @ 0x64eaec1d9e80] using cpu capabilities: MMX2 SSE2Fast SSSE3 SSE4.2 AVX FMA3 BMI2 AVX2
[libx264 @ 0x64eaec1d9e80] profile High, level 4.0, 4:2:0, 8-bit
[libx264 @ 0x64eaec1d9e80] 264 - core 164 r3108 31e19f9 - H.264/MPEG-4 AVC codec - Copyleft 2003-2023 - http://www.videolan.org/x264.html - options: cabac=1 ref=3 deblock=1:0:0 analyse=0x3:0x113 me=hex subme=7 psy=1 psy_rd=1.00:0.00 mixed_ref=1 me_range=16 chroma_me=1 trellis=1 8x8dct=1 cqm=0 deadzone=21,11 fast_pskip=1 chroma_qp_offset=-2 threads=30 lookahead_threads=5 sliced_threads=0 nr=0 decimate=1 interlaced=0 bluray_compat=0 constrained_intra=0 bframes=3 b_pyramid=2 b_adapt=1 b_bias=0 direct=1 weightb=1 open_gop=0 weightp=2 keyint=250 keyint_min=25 scenecut=40 intra_refresh=0 rc_lookahead=40 rc=crf mbtree=1 crf=23.0 qcomp=0.60 qpmin=0 qpmax=69 qpstep=4 ip_ratio=1.40 aq=1:1.00
Output #0, mp4, to './src/test/resources/output/translation/video/189.mp4':
  Metadata:
    encoder         : Lavf61.1.100
  Stream #0:0: Video: h264 (avc1 / 0x31637661), yuvj420p(pc, progressive), 2048x1024 [SAR 4501:9000 DAR 4501:4500], q=2-31, 25 fps, 12800 tbn
      Metadata:
        encoder         : Lavc61.3.100 libx264
      Side data:
        cpb: bitrate max/min/avg: 0/0/0 buffer size: 0 vbv_delay: N/A
[out#0/mp4 @ 0x64eaec1e1b40] video:32KiB audio:0KiB subtitle:0KiB other streams:0KiB global headers:0KiB muxing overhead: 2.887179%
frame=    6 fps=0.0 q=-1.0 Lsize=      33KiB time=00:00:00.16 bitrate=1698.0kbits/s dup=0 drop=19 speed=0.666x    
[libx264 @ 0x64eaec1d9e80] frame I:1     Avg QP:18.30  size: 29969
[libx264 @ 0x64eaec1d9e80] frame P:2     Avg QP:18.96  size:   657
[libx264 @ 0x64eaec1d9e80] frame B:3     Avg QP:25.72  size:   345
[libx264 @ 0x64eaec1d9e80] consecutive B-frames: 33.3%  0.0%  0.0% 66.7%
[libx264 @ 0x64eaec1d9e80] mb I  I16..4: 26.0% 63.7% 10.3%
[libx264 @ 0x64eaec1d9e80] mb P  I16..4:  0.1%  0.1%  0.0%  P16..4:  1.1%  0.2%  0.1%  0.0%  0.0%    skip:98.4%
[libx264 @ 0x64eaec1d9e80] mb B  I16..4:  0.0%  0.0%  0.0%  B16..8:  1.2%  0.1%  0.0%  direct: 0.0%  skip:98.6%  L0:33.9% L1:62.9% BI: 3.2%
[libx264 @ 0x64eaec1d9e80] 8x8 transform intra:63.7% inter:15.3%
[libx264 @ 0x64eaec1d9e80] coded y,uvDC,uvAC intra: 5.8% 10.2% 9.1% inter: 0.1% 0.0% 0.0%
[libx264 @ 0x64eaec1d9e80] i16 v,h,dc,p: 88% 11%  1%  0%
[libx264 @ 0x64eaec1d9e80] i8 v,h,dc,ddl,ddr,vr,hd,vl,hu: 45%  4% 50%  0%  0%  0%  0%  0%  0%
[libx264 @ 0x64eaec1d9e80] i4 v,h,dc,ddl,ddr,vr,hd,vl,hu: 38% 30% 10%  4%  2%  2%  4%  4%  5%
[libx264 @ 0x64eaec1d9e80] i8c dc,h,v,p: 82%  9%  8%  1%
[libx264 @ 0x64eaec1d9e80] Weighted P-Frames: Y:0.0% UV:0.0%
[libx264 @ 0x64eaec1d9e80] ref P L0: 96.8%  0.4%  0.1%  2.7%
[libx264 @ 0x64eaec1d9e80] ref B L0: 89.8% 10.2%
[libx264 @ 0x64eaec1d9e80] ref B L1: 95.8%  4.2%
[libx264 @ 0x64eaec1d9e80] kb/s:1077.27
ffmpeg version 7.0.2-3ubuntu1 Copyright (c) 2000-2024 the FFmpeg developers
  built with gcc 14 (Ubuntu 14.2.0-2ubuntu1)
  configuration: --prefix=/usr --extra-version=3ubuntu1 --toolchain=hardened --libdir=/usr/lib/x86_64-linux-gnu --incdir=/usr/include/x86_64-linux-gnu --arch=amd64 --enable-gpl --disable-stripping --disable-libmfx --disable-omx --enable-gnutls --enable-libaom --enable-libass --enable-libbs2b --enable-libcdio --enable-libcodec2 --enable-libdav1d --enable-libflite --enable-libfontconfig --enable-libfreetype --enable-libfribidi --enable-libglslang --enable-libgme --enable-libgsm --enable-libharfbuzz --enable-libmp3lame --enable-libmysofa --enable-libopenjpeg --enable-libopenmpt --enable-libopus --enable-librubberband --enable-libshine --enable-libsnappy --enable-libsoxr --enable-libspeex --enable-libtheora --enable-libtwolame --enable-libvidstab --enable-libvorbis --enable-libvpx --enable-libwebp --enable-libx265 --enable-libxml2 --enable-libxvid --enable-libzimg --enable-openal --enable-opencl --enable-opengl --disable-sndio --enable-libvpl --enable-libdc1394 --enable-libdrm --enable-libiec61883 --enable-chromaprint --enable-frei0r --enable-ladspa --enable-libbluray --enable-libcaca --enable-libdvdnav --enable-libdvdread --enable-libjack --enable-libpulse --enable-librabbitmq --enable-librist --enable-libsrt --enable-libssh --enable-libsvtav1 --enable-libx264 --enable-libzmq --enable-libzvbi --enable-lv2 --enable-sdl2 --enable-libplacebo --enable-librav1e --enable-pocketsphinx --enable-librsvg --enable-libjxl --enable-shared
  libavutil      59.  8.100 / 59.  8.100
  libavcodec     61.  3.100 / 61.  3.100
  libavformat    61.  1.100 / 61.  1.100
  libavdevice    61.  1.100 / 61.  1.100
  libavfilter    10.  1.100 / 10.  1.100
  libswscale      8.  1.100 /  8.  1.100
  libswresample   5.  1.100 /  5.  1.100
  libpostproc    58.  1.100 / 58.  1.100
Input #0, concat, from '/home/marco-lasagna/Scaricati/ffmpeg-java/inputFile.txt':
  Duration: N/A, start: 0.000000, bitrate: N/A
  Stream #0:0: Video: mjpeg (Baseline), yuvj420p(pc, bt470bg/unknown/unknown), 4501x4500 [SAR 1:1 DAR 4501:4500], 25 fps, 25 tbr, 25 tbn
Stream mapping:
  Stream #0:0 -> #0:0 (mjpeg (native) -> h264 (libx264))
Press [q] to stop, [?] for help
[swscaler @ 0x7efd94016b00] deprecated pixel format used, make sure you did set range correctly
    Last message repeated 1 times
[swscaler @ 0x7efd94b407c0] deprecated pixel format used, make sure you did set range correctly
    Last message repeated 1 times
[vost#0:0/libx264 @ 0x5e38943e3ac0] No information about the input framerate is available. Falling back to a default value of 25fps. Use the -r option if you want a different framerate.
[libx264 @ 0x5e38943d9e80] using SAR=2048/4095
[libx264 @ 0x5e38943d9e80] using cpu capabilities: MMX2 SSE2Fast SSSE3 SSE4.2 AVX FMA3 BMI2 AVX2
[libx264 @ 0x5e38943d9e80] profile High, level 4.0, 4:2:0, 8-bit
[libx264 @ 0x5e38943d9e80] 264 - core 164 r3108 31e19f9 - H.264/MPEG-4 AVC codec - Copyleft 2003-2023 - http://www.videolan.org/x264.html - options: cabac=1 ref=3 deblock=1:0:0 analyse=0x3:0x113 me=hex subme=7 psy=1 psy_rd=1.00:0.00 mixed_ref=1 me_range=16 chroma_me=1 trellis=1 8x8dct=1 cqm=0 deadzone=21,11 fast_pskip=1 chroma_qp_offset=-2 threads=30 lookahead_threads=5 sliced_threads=0 nr=0 decimate=1 interlaced=0 bluray_compat=0 constrained_intra=0 bframes=3 b_pyramid=2 b_adapt=1 b_bias=0 direct=1 weightb=1 open_gop=0 weightp=2 keyint=250 keyint_min=25 scenecut=40 intra_refresh=0 rc_lookahead=40 rc=crf mbtree=1 crf=23.0 qcomp=0.60 qpmin=0 qpmax=69 qpstep=4 ip_ratio=1.40 aq=1:1.00
Output #0, mp4, to './src/test/resources/output/translation/video/199.mp4':
  Metadata:
    encoder         : Lavf61.1.100
  Stream #0:0: Video: h264 (avc1 / 0x31637661), yuvj420p(pc, progressive), 2048x1024 [SAR 4501:9000 DAR 4501:4500], q=2-31, 25 fps, 12800 tbn
      Metadata:
        encoder         : Lavc61.3.100 libx264
      Side data:
        cpb: bitrate max/min/avg: 0/0/0 buffer size: 0 vbv_delay: N/A
[out#0/mp4 @ 0x5e38943e1b40] video:32KiB audio:0KiB subtitle:0KiB other streams:0KiB global headers:0KiB muxing overhead: 2.904071%
frame=    6 fps=0.0 q=-1.0 Lsize=      33KiB time=00:00:00.16 bitrate=1688.5kbits/s dup=0 drop=19 speed=0.681x    
[libx264 @ 0x5e38943d9e80] frame I:1     Avg QP:18.32  size: 29955
[libx264 @ 0x5e38943d9e80] frame P:2     Avg QP:18.93  size:   614
[libx264 @ 0x5e38943d9e80] frame B:3     Avg QP:26.55  size:   314
[libx264 @ 0x5e38943d9e80] consecutive B-frames: 33.3%  0.0%  0.0% 66.7%
[libx264 @ 0x5e38943d9e80] mb I  I16..4: 25.9% 63.9% 10.3%
[libx264 @ 0x5e38943d9e80] mb P  I16..4:  0.1%  0.1%  0.0%  P16..4:  1.2%  0.2%  0.1%  0.0%  0.0%    skip:98.3%
[libx264 @ 0x5e38943d9e80] mb B  I16..4:  0.0%  0.0%  0.0%  B16..8:  1.2%  0.0%  0.0%  direct: 0.1%  skip:98.6%  L0:27.6% L1:69.8% BI: 2.6%
[libx264 @ 0x5e38943d9e80] 8x8 transform intra:63.8% inter:15.2%
[libx264 @ 0x5e38943d9e80] coded y,uvDC,uvAC intra: 5.9% 10.1% 9.1% inter: 0.1% 0.0% 0.0%
[libx264 @ 0x5e38943d9e80] i16 v,h,dc,p: 88% 11%  1%  0%
[libx264 @ 0x5e38943d9e80] i8 v,h,dc,ddl,ddr,vr,hd,vl,hu: 42%  8% 50%  0%  0%  0%  0%  0%  0%
[libx264 @ 0x5e38943d9e80] i4 v,h,dc,ddl,ddr,vr,hd,vl,hu: 38% 30% 10%  4%  2%  2%  4%  4%  5%
[libx264 @ 0x5e38943d9e80] i8c dc,h,v,p: 82%  9%  8%  1%
[libx264 @ 0x5e38943d9e80] Weighted P-Frames: Y:0.0% UV:0.0%
[libx264 @ 0x5e38943d9e80] ref P L0: 95.6%  0.5%  0.6%  3.2%
[libx264 @ 0x5e38943d9e80] ref B L0: 88.9% 11.1%
[libx264 @ 0x5e38943d9e80] ref B L1: 95.5%  4.5%
[libx264 @ 0x5e38943d9e80] kb/s:1070.87
ffmpeg version 7.0.2-3ubuntu1 Copyright (c) 2000-2024 the FFmpeg developers
  built with gcc 14 (Ubuntu 14.2.0-2ubuntu1)
  configuration: --prefix=/usr --extra-version=3ubuntu1 --toolchain=hardened --libdir=/usr/lib/x86_64-linux-gnu --incdir=/usr/include/x86_64-linux-gnu --arch=amd64 --enable-gpl --disable-stripping --disable-libmfx --disable-omx --enable-gnutls --enable-libaom --enable-libass --enable-libbs2b --enable-libcdio --enable-libcodec2 --enable-libdav1d --enable-libflite --enable-libfontconfig --enable-libfreetype --enable-libfribidi --enable-libglslang --enable-libgme --enable-libgsm --enable-libharfbuzz --enable-libmp3lame --enable-libmysofa --enable-libopenjpeg --enable-libopenmpt --enable-libopus --enable-librubberband --enable-libshine --enable-libsnappy --enable-libsoxr --enable-libspeex --enable-libtheora --enable-libtwolame --enable-libvidstab --enable-libvorbis --enable-libvpx --enable-libwebp --enable-libx265 --enable-libxml2 --enable-libxvid --enable-libzimg --enable-openal --enable-opencl --enable-opengl --disable-sndio --enable-libvpl --enable-libdc1394 --enable-libdrm --enable-libiec61883 --enable-chromaprint --enable-frei0r --enable-ladspa --enable-libbluray --enable-libcaca --enable-libdvdnav --enable-libdvdread --enable-libjack --enable-libpulse --enable-librabbitmq --enable-librist --enable-libsrt --enable-libssh --enable-libsvtav1 --enable-libx264 --enable-libzmq --enable-libzvbi --enable-lv2 --enable-sdl2 --enable-libplacebo --enable-librav1e --enable-pocketsphinx --enable-librsvg --enable-libjxl --enable-shared
  libavutil      59.  8.100 / 59.  8.100
  libavcodec     61.  3.100 / 61.  3.100
  libavformat    61.  1.100 / 61.  1.100
  libavdevice    61.  1.100 / 61.  1.100
  libavfilter    10.  1.100 / 10.  1.100
  libswscale      8.  1.100 /  8.  1.100
  libswresample   5.  1.100 /  5.  1.100
  libpostproc    58.  1.100 / 58.  1.100
Input #0, concat, from '/home/marco-lasagna/Scaricati/ffmpeg-java/inputFile.txt':
  Duration: N/A, start: 0.000000, bitrate: N/A
  Stream #0:0: Video: mjpeg (Baseline), yuvj420p(pc, bt470bg/unknown/unknown), 4501x4500 [SAR 1:1 DAR 4501:4500], 25 fps, 25 tbr, 25 tbn
Stream mapping:
  Stream #0:0 -> #0:0 (mjpeg (native) -> h264 (libx264))
Press [q] to stop, [?] for help
[swscaler @ 0x7b637c016b00] deprecated pixel format used, make sure you did set range correctly
    Last message repeated 1 times
[swscaler @ 0x7b637cb407c0] deprecated pixel format used, make sure you did set range correctly
    Last message repeated 1 times
[vost#0:0/libx264 @ 0x5db7fe071ac0] No information about the input framerate is available. Falling back to a default value of 25fps. Use the -r option if you want a different framerate.
[libx264 @ 0x5db7fe067e80] using SAR=2048/4095
[libx264 @ 0x5db7fe067e80] using cpu capabilities: MMX2 SSE2Fast SSSE3 SSE4.2 AVX FMA3 BMI2 AVX2
[libx264 @ 0x5db7fe067e80] profile High, level 4.0, 4:2:0, 8-bit
[libx264 @ 0x5db7fe067e80] 264 - core 164 r3108 31e19f9 - H.264/MPEG-4 AVC codec - Copyleft 2003-2023 - http://www.videolan.org/x264.html - options: cabac=1 ref=3 deblock=1:0:0 analyse=0x3:0x113 me=hex subme=7 psy=1 psy_rd=1.00:0.00 mixed_ref=1 me_range=16 chroma_me=1 trellis=1 8x8dct=1 cqm=0 deadzone=21,11 fast_pskip=1 chroma_qp_offset=-2 threads=30 lookahead_threads=5 sliced_threads=0 nr=0 decimate=1 interlaced=0 bluray_compat=0 constrained_intra=0 bframes=3 b_pyramid=2 b_adapt=1 b_bias=0 direct=1 weightb=1 open_gop=0 weightp=2 keyint=250 keyint_min=25 scenecut=40 intra_refresh=0 rc_lookahead=40 rc=crf mbtree=1 crf=23.0 qcomp=0.60 qpmin=0 qpmax=69 qpstep=4 ip_ratio=1.40 aq=1:1.00
Output #0, mp4, to './src/test/resources/output/translation/video/209.mp4':
  Metadata:
    encoder         : Lavf61.1.100
  Stream #0:0: Video: h264 (avc1 / 0x31637661), yuvj420p(pc, progressive), 2048x1024 [SAR 4501:9000 DAR 4501:4500], q=2-31, 25 fps, 12800 tbn
      Metadata:
        encoder         : Lavc61.3.100 libx264
      Side data:
        cpb: bitrate max/min/avg: 0/0/0 buffer size: 0 vbv_delay: N/A
[out#0/mp4 @ 0x5db7fe06fb40] video:32KiB audio:0KiB subtitle:0KiB other streams:0KiB global headers:0KiB muxing overhead: 2.918389%
frame=    6 fps=0.0 q=-1.0 Lsize=      33KiB time=00:00:00.16 bitrate=1680.4kbits/s dup=0 drop=19 speed=0.671x    
[libx264 @ 0x5db7fe067e80] frame I:1     Avg QP:18.41  size: 29916
[libx264 @ 0x5db7fe067e80] frame P:2     Avg QP:18.48  size:   587
[libx264 @ 0x5db7fe067e80] frame B:3     Avg QP:26.64  size:   292
[libx264 @ 0x5db7fe067e80] consecutive B-frames: 33.3%  0.0%  0.0% 66.7%
[libx264 @ 0x5db7fe067e80] mb I  I16..4: 17.2% 72.5% 10.3%
[libx264 @ 0x5db7fe067e80] mb P  I16..4:  0.1%  0.1%  0.0%  P16..4:  0.8%  0.1%  0.1%  0.0%  0.0%    skip:98.7%
[libx264 @ 0x5db7fe067e80] mb B  I16..4:  0.0%  0.0%  0.0%  B16..8:  1.1%  0.1%  0.0%  direct: 0.0%  skip:98.7%  L0:31.8% L1:65.6% BI: 2.7%
[libx264 @ 0x5db7fe067e80] 8x8 transform intra:72.3% inter:13.6%
[libx264 @ 0x5db7fe067e80] coded y,uvDC,uvAC intra: 5.9% 10.1% 9.1% inter: 0.1% 0.0% 0.0%
[libx264 @ 0x5db7fe067e80] i16 v,h,dc,p: 82% 17%  1%  0%
[libx264 @ 0x5db7fe067e80] i8 v,h,dc,ddl,ddr,vr,hd,vl,hu: 45%  6% 49%  0%  0%  0%  0%  0%  0%
[libx264 @ 0x5db7fe067e80] i4 v,h,dc,ddl,ddr,vr,hd,vl,hu: 40% 30%  9%  4%  2%  2%  4%  4%  5%
[libx264 @ 0x5db7fe067e80] i8c dc,h,v,p: 82%  9%  8%  1%
[libx264 @ 0x5db7fe067e80] Weighted P-Frames: Y:0.0% UV:0.0%
[libx264 @ 0x5db7fe067e80] ref P L0: 94.6%  0.3%  2.7%  2.4%
[libx264 @ 0x5db7fe067e80] ref B L0: 90.8%  9.2%
[libx264 @ 0x5db7fe067e80] ref B L1: 98.0%  2.0%
[libx264 @ 0x5db7fe067e80] kb/s:1065.50
ffmpeg version 7.0.2-3ubuntu1 Copyright (c) 2000-2024 the FFmpeg developers
  built with gcc 14 (Ubuntu 14.2.0-2ubuntu1)
  configuration: --prefix=/usr --extra-version=3ubuntu1 --toolchain=hardened --libdir=/usr/lib/x86_64-linux-gnu --incdir=/usr/include/x86_64-linux-gnu --arch=amd64 --enable-gpl --disable-stripping --disable-libmfx --disable-omx --enable-gnutls --enable-libaom --enable-libass --enable-libbs2b --enable-libcdio --enable-libcodec2 --enable-libdav1d --enable-libflite --enable-libfontconfig --enable-libfreetype --enable-libfribidi --enable-libglslang --enable-libgme --enable-libgsm --enable-libharfbuzz --enable-libmp3lame --enable-libmysofa --enable-libopenjpeg --enable-libopenmpt --enable-libopus --enable-librubberband --enable-libshine --enable-libsnappy --enable-libsoxr --enable-libspeex --enable-libtheora --enable-libtwolame --enable-libvidstab --enable-libvorbis --enable-libvpx --enable-libwebp --enable-libx265 --enable-libxml2 --enable-libxvid --enable-libzimg --enable-openal --enable-opencl --enable-opengl --disable-sndio --enable-libvpl --enable-libdc1394 --enable-libdrm --enable-libiec61883 --enable-chromaprint --enable-frei0r --enable-ladspa --enable-libbluray --enable-libcaca --enable-libdvdnav --enable-libdvdread --enable-libjack --enable-libpulse --enable-librabbitmq --enable-librist --enable-libsrt --enable-libssh --enable-libsvtav1 --enable-libx264 --enable-libzmq --enable-libzvbi --enable-lv2 --enable-sdl2 --enable-libplacebo --enable-librav1e --enable-pocketsphinx --enable-librsvg --enable-libjxl --enable-shared
  libavutil      59.  8.100 / 59.  8.100
  libavcodec     61.  3.100 / 61.  3.100
  libavformat    61.  1.100 / 61.  1.100
  libavdevice    61.  1.100 / 61.  1.100
  libavfilter    10.  1.100 / 10.  1.100
  libswscale      8.  1.100 /  8.  1.100
  libswresample   5.  1.100 /  5.  1.100
  libpostproc    58.  1.100 / 58.  1.100
Input #0, concat, from '/home/marco-lasagna/Scaricati/ffmpeg-java/inputFile.txt':
  Duration: N/A, start: 0.000000, bitrate: N/A
  Stream #0:0: Video: mjpeg (Baseline), yuvj420p(pc, bt470bg/unknown/unknown), 4501x4500 [SAR 1:1 DAR 4501:4500], 25 fps, 25 tbr, 25 tbn
Stream mapping:
  Stream #0:0 -> #0:0 (mjpeg (native) -> h264 (libx264))
Press [q] to stop, [?] for help
[swscaler @ 0x75ea40016b00] deprecated pixel format used, make sure you did set range correctly
    Last message repeated 1 times
[swscaler @ 0x75ea40b407c0] deprecated pixel format used, make sure you did set range correctly
    Last message repeated 1 times
[vost#0:0/libx264 @ 0x598108a3aac0] No information about the input framerate is available. Falling back to a default value of 25fps. Use the -r option if you want a different framerate.
[libx264 @ 0x598108a30e80] using SAR=2048/4095
[libx264 @ 0x598108a30e80] using cpu capabilities: MMX2 SSE2Fast SSSE3 SSE4.2 AVX FMA3 BMI2 AVX2
[libx264 @ 0x598108a30e80] profile High, level 4.0, 4:2:0, 8-bit
[libx264 @ 0x598108a30e80] 264 - core 164 r3108 31e19f9 - H.264/MPEG-4 AVC codec - Copyleft 2003-2023 - http://www.videolan.org/x264.html - options: cabac=1 ref=3 deblock=1:0:0 analyse=0x3:0x113 me=hex subme=7 psy=1 psy_rd=1.00:0.00 mixed_ref=1 me_range=16 chroma_me=1 trellis=1 8x8dct=1 cqm=0 deadzone=21,11 fast_pskip=1 chroma_qp_offset=-2 threads=30 lookahead_threads=5 sliced_threads=0 nr=0 decimate=1 interlaced=0 bluray_compat=0 constrained_intra=0 bframes=3 b_pyramid=2 b_adapt=1 b_bias=0 direct=1 weightb=1 open_gop=0 weightp=2 keyint=250 keyint_min=25 scenecut=40 intra_refresh=0 rc_lookahead=40 rc=crf mbtree=1 crf=23.0 qcomp=0.60 qpmin=0 qpmax=69 qpstep=4 ip_ratio=1.40 aq=1:1.00
Output #0, mp4, to './src/test/resources/output/translation/video/219.mp4':
  Metadata:
    encoder         : Lavf61.1.100
  Stream #0:0: Video: h264 (avc1 / 0x31637661), yuvj420p(pc, progressive), 2048x1024 [SAR 4501:9000 DAR 4501:4500], q=2-31, 25 fps, 12800 tbn
      Metadata:
        encoder         : Lavc61.3.100 libx264
      Side data:
        cpb: bitrate max/min/avg: 0/0/0 buffer size: 0 vbv_delay: N/A
[out#0/mp4 @ 0x598108a38b40] video:32KiB audio:0KiB subtitle:0KiB other streams:0KiB global headers:0KiB muxing overhead: 2.916781%
frame=    6 fps=0.0 q=-1.0 Lsize=      33KiB time=00:00:00.16 bitrate=1681.3kbits/s dup=0 drop=19 speed=0.656x    
[libx264 @ 0x598108a30e80] frame I:1     Avg QP:18.41  size: 29891
[libx264 @ 0x598108a30e80] frame P:2     Avg QP:18.54  size:   609
[libx264 @ 0x598108a30e80] frame B:3     Avg QP:26.44  size:   291
[libx264 @ 0x598108a30e80] consecutive B-frames: 33.3%  0.0%  0.0% 66.7%
[libx264 @ 0x598108a30e80] mb I  I16..4: 26.0% 63.7% 10.2%
[libx264 @ 0x598108a30e80] mb P  I16..4:  0.1%  0.1%  0.0%  P16..4:  1.2%  0.2%  0.1%  0.0%  0.0%    skip:98.3%
[libx264 @ 0x598108a30e80] mb B  I16..4:  0.0%  0.0%  0.0%  B16..8:  1.2%  0.1%  0.0%  direct: 0.0%  skip:98.6%  L0:58.9% L1:36.8% BI: 4.3%
[libx264 @ 0x598108a30e80] 8x8 transform intra:63.7% inter:16.9%
[libx264 @ 0x598108a30e80] coded y,uvDC,uvAC intra: 5.9% 10.1% 9.1% inter: 0.1% 0.0% 0.0%
[libx264 @ 0x598108a30e80] i16 v,h,dc,p: 88% 12%  1%  0%
[libx264 @ 0x598108a30e80] i8 v,h,dc,ddl,ddr,vr,hd,vl,hu: 43%  7% 50%  0%  0%  0%  0%  0%  0%
[libx264 @ 0x598108a30e80] i4 v,h,dc,ddl,ddr,vr,hd,vl,hu: 40% 29% 10%  4%  2%  2%  4%  4%  5%
[libx264 @ 0x598108a30e80] i8c dc,h,v,p: 82%  9%  8%  1%
[libx264 @ 0x598108a30e80] Weighted P-Frames: Y:0.0% UV:0.0%
[libx264 @ 0x598108a30e80] ref P L0: 94.5%  0.4%  2.5%  2.6%
[libx264 @ 0x598108a30e80] ref B L0: 96.7%  3.3%
[libx264 @ 0x598108a30e80] ref B L1: 98.5%  1.5%
[libx264 @ 0x598108a30e80] kb/s:1066.10
ffmpeg version 7.0.2-3ubuntu1 Copyright (c) 2000-2024 the FFmpeg developers
  built with gcc 14 (Ubuntu 14.2.0-2ubuntu1)
  configuration: --prefix=/usr --extra-version=3ubuntu1 --toolchain=hardened --libdir=/usr/lib/x86_64-linux-gnu --incdir=/usr/include/x86_64-linux-gnu --arch=amd64 --enable-gpl --disable-stripping --disable-libmfx --disable-omx --enable-gnutls --enable-libaom --enable-libass --enable-libbs2b --enable-libcdio --enable-libcodec2 --enable-libdav1d --enable-libflite --enable-libfontconfig --enable-libfreetype --enable-libfribidi --enable-libglslang --enable-libgme --enable-libgsm --enable-libharfbuzz --enable-libmp3lame --enable-libmysofa --enable-libopenjpeg --enable-libopenmpt --enable-libopus --enable-librubberband --enable-libshine --enable-libsnappy --enable-libsoxr --enable-libspeex --enable-libtheora --enable-libtwolame --enable-libvidstab --enable-libvorbis --enable-libvpx --enable-libwebp --enable-libx265 --enable-libxml2 --enable-libxvid --enable-libzimg --enable-openal --enable-opencl --enable-opengl --disable-sndio --enable-libvpl --enable-libdc1394 --enable-libdrm --enable-libiec61883 --enable-chromaprint --enable-frei0r --enable-ladspa --enable-libbluray --enable-libcaca --enable-libdvdnav --enable-libdvdread --enable-libjack --enable-libpulse --enable-librabbitmq --enable-librist --enable-libsrt --enable-libssh --enable-libsvtav1 --enable-libx264 --enable-libzmq --enable-libzvbi --enable-lv2 --enable-sdl2 --enable-libplacebo --enable-librav1e --enable-pocketsphinx --enable-librsvg --enable-libjxl --enable-shared
  libavutil      59.  8.100 / 59.  8.100
  libavcodec     61.  3.100 / 61.  3.100
  libavformat    61.  1.100 / 61.  1.100
  libavdevice    61.  1.100 / 61.  1.100
  libavfilter    10.  1.100 / 10.  1.100
  libswscale      8.  1.100 /  8.  1.100
  libswresample   5.  1.100 /  5.  1.100
  libpostproc    58.  1.100 / 58.  1.100
Input #0, concat, from '/home/marco-lasagna/Scaricati/ffmpeg-java/inputFile.txt':
  Duration: N/A, start: 0.000000, bitrate: N/A
  Stream #0:0: Video: mjpeg (Baseline), yuvj420p(pc, bt470bg/unknown/unknown), 4501x4500 [SAR 1:1 DAR 4501:4500], 25 fps, 25 tbr, 25 tbn
Stream mapping:
  Stream #0:0 -> #0:0 (mjpeg (native) -> h264 (libx264))
Press [q] to stop, [?] for help
[swscaler @ 0x7a44c8016b00] deprecated pixel format used, make sure you did set range correctly
    Last message repeated 1 times
[swscaler @ 0x7a44c8b407c0] deprecated pixel format used, make sure you did set range correctly
    Last message repeated 1 times
[vost#0:0/libx264 @ 0x5f95d3d4fac0] No information about the input framerate is available. Falling back to a default value of 25fps. Use the -r option if you want a different framerate.
[libx264 @ 0x5f95d3d45e80] using SAR=2048/4095
[libx264 @ 0x5f95d3d45e80] using cpu capabilities: MMX2 SSE2Fast SSSE3 SSE4.2 AVX FMA3 BMI2 AVX2
[libx264 @ 0x5f95d3d45e80] profile High, level 4.0, 4:2:0, 8-bit
[libx264 @ 0x5f95d3d45e80] 264 - core 164 r3108 31e19f9 - H.264/MPEG-4 AVC codec - Copyleft 2003-2023 - http://www.videolan.org/x264.html - options: cabac=1 ref=3 deblock=1:0:0 analyse=0x3:0x113 me=hex subme=7 psy=1 psy_rd=1.00:0.00 mixed_ref=1 me_range=16 chroma_me=1 trellis=1 8x8dct=1 cqm=0 deadzone=21,11 fast_pskip=1 chroma_qp_offset=-2 threads=30 lookahead_threads=5 sliced_threads=0 nr=0 decimate=1 interlaced=0 bluray_compat=0 constrained_intra=0 bframes=3 b_pyramid=2 b_adapt=1 b_bias=0 direct=1 weightb=1 open_gop=0 weightp=2 keyint=250 keyint_min=25 scenecut=40 intra_refresh=0 rc_lookahead=40 rc=crf mbtree=1 crf=23.0 qcomp=0.60 qpmin=0 qpmax=69 qpstep=4 ip_ratio=1.40 aq=1:1.00
Output #0, mp4, to './src/test/resources/output/translation/video/229.mp4':
  Metadata:
    encoder         : Lavf61.1.100
  Stream #0:0: Video: h264 (avc1 / 0x31637661), yuvj420p(pc, progressive), 2048x1024 [SAR 4501:9000 DAR 4501:4500], q=2-31, 25 fps, 12800 tbn
      Metadata:
        encoder         : Lavc61.3.100 libx264
      Side data:
        cpb: bitrate max/min/avg: 0/0/0 buffer size: 0 vbv_delay: N/A
[out#0/mp4 @ 0x5f95d3d4db40] video:32KiB audio:0KiB subtitle:0KiB other streams:0KiB global headers:0KiB muxing overhead: 2.919641%
frame=    6 fps=0.0 q=-1.0 Lsize=      33KiB time=00:00:00.16 bitrate=1679.7kbits/s dup=0 drop=19 speed=0.64x    
[libx264 @ 0x5f95d3d45e80] frame I:1     Avg QP:18.57  size: 29974
[libx264 @ 0x5f95d3d45e80] frame P:2     Avg QP:18.67  size:   578
[libx264 @ 0x5f95d3d45e80] frame B:3     Avg QP:21.13  size:   274
[libx264 @ 0x5f95d3d45e80] consecutive B-frames: 33.3%  0.0%  0.0% 66.7%
[libx264 @ 0x5f95d3d45e80] mb I  I16..4: 26.0% 63.6% 10.4%
[libx264 @ 0x5f95d3d45e80] mb P  I16..4:  0.1%  0.1%  0.0%  P16..4:  1.1%  0.2%  0.1%  0.0%  0.0%    skip:98.4%
[libx264 @ 0x5f95d3d45e80] mb B  I16..4:  0.0%  0.0%  0.0%  B16..8:  1.0%  0.1%  0.0%  direct: 0.0%  skip:98.8%  L0:60.2% L1:36.5% BI: 3.3%
[libx264 @ 0x5f95d3d45e80] 8x8 transform intra:63.6% inter:20.5%
[libx264 @ 0x5f95d3d45e80] coded y,uvDC,uvAC intra: 5.9% 10.2% 9.1% inter: 0.1% 0.0% 0.0%
[libx264 @ 0x5f95d3d45e80] i16 v,h,dc,p: 88% 12%  1%  0%
[libx264 @ 0x5f95d3d45e80] i8 v,h,dc,ddl,ddr,vr,hd,vl,hu: 45%  4% 50%  0%  0%  0%  0%  0%  0%
[libx264 @ 0x5f95d3d45e80] i4 v,h,dc,ddl,ddr,vr,hd,vl,hu: 40% 29% 10%  4%  2%  2%  4%  4%  5%
[libx264 @ 0x5f95d3d45e80] i8c dc,h,v,p: 82%  9%  8%  1%
[libx264 @ 0x5f95d3d45e80] Weighted P-Frames: Y:0.0% UV:0.0%
[libx264 @ 0x5f95d3d45e80] ref P L0: 96.4%  0.0%  0.0%  3.6%
[libx264 @ 0x5f95d3d45e80] ref B L0: 93.8%  6.2%
[libx264 @ 0x5f95d3d45e80] ref B L1: 94.8%  5.2%
[libx264 @ 0x5f95d3d45e80] kb/s:1065.03
ffmpeg version 7.0.2-3ubuntu1 Copyright (c) 2000-2024 the FFmpeg developers
  built with gcc 14 (Ubuntu 14.2.0-2ubuntu1)
  configuration: --prefix=/usr --extra-version=3ubuntu1 --toolchain=hardened --libdir=/usr/lib/x86_64-linux-gnu --incdir=/usr/include/x86_64-linux-gnu --arch=amd64 --enable-gpl --disable-stripping --disable-libmfx --disable-omx --enable-gnutls --enable-libaom --enable-libass --enable-libbs2b --enable-libcdio --enable-libcodec2 --enable-libdav1d --enable-libflite --enable-libfontconfig --enable-libfreetype --enable-libfribidi --enable-libglslang --enable-libgme --enable-libgsm --enable-libharfbuzz --enable-libmp3lame --enable-libmysofa --enable-libopenjpeg --enable-libopenmpt --enable-libopus --enable-librubberband --enable-libshine --enable-libsnappy --enable-libsoxr --enable-libspeex --enable-libtheora --enable-libtwolame --enable-libvidstab --enable-libvorbis --enable-libvpx --enable-libwebp --enable-libx265 --enable-libxml2 --enable-libxvid --enable-libzimg --enable-openal --enable-opencl --enable-opengl --disable-sndio --enable-libvpl --enable-libdc1394 --enable-libdrm --enable-libiec61883 --enable-chromaprint --enable-frei0r --enable-ladspa --enable-libbluray --enable-libcaca --enable-libdvdnav --enable-libdvdread --enable-libjack --enable-libpulse --enable-librabbitmq --enable-librist --enable-libsrt --enable-libssh --enable-libsvtav1 --enable-libx264 --enable-libzmq --enable-libzvbi --enable-lv2 --enable-sdl2 --enable-libplacebo --enable-librav1e --enable-pocketsphinx --enable-librsvg --enable-libjxl --enable-shared
  libavutil      59.  8.100 / 59.  8.100
  libavcodec     61.  3.100 / 61.  3.100
  libavformat    61.  1.100 / 61.  1.100
  libavdevice    61.  1.100 / 61.  1.100
  libavfilter    10.  1.100 / 10.  1.100
  libswscale      8.  1.100 /  8.  1.100
  libswresample   5.  1.100 /  5.  1.100
  libpostproc    58.  1.100 / 58.  1.100
Input #0, concat, from '/home/marco-lasagna/Scaricati/ffmpeg-java/inputFile.txt':
  Duration: N/A, start: 0.000000, bitrate: N/A
  Stream #0:0: Video: mjpeg (Baseline), yuvj420p(pc, bt470bg/unknown/unknown), 4501x4500 [SAR 1:1 DAR 4501:4500], 25 fps, 25 tbr, 25 tbn
Stream mapping:
  Stream #0:0 -> #0:0 (mjpeg (native) -> h264 (libx264))
Press [q] to stop, [?] for help
[swscaler @ 0x701dc4016b00] deprecated pixel format used, make sure you did set range correctly
    Last message repeated 1 times
[swscaler @ 0x701dc4b407c0] deprecated pixel format used, make sure you did set range correctly
    Last message repeated 1 times
[vost#0:0/libx264 @ 0x56b9f596aac0] No information about the input framerate is available. Falling back to a default value of 25fps. Use the -r option if you want a different framerate.
[libx264 @ 0x56b9f5960e80] using SAR=2048/4095
[libx264 @ 0x56b9f5960e80] using cpu capabilities: MMX2 SSE2Fast SSSE3 SSE4.2 AVX FMA3 BMI2 AVX2
[libx264 @ 0x56b9f5960e80] profile High, level 4.0, 4:2:0, 8-bit
[libx264 @ 0x56b9f5960e80] 264 - core 164 r3108 31e19f9 - H.264/MPEG-4 AVC codec - Copyleft 2003-2023 - http://www.videolan.org/x264.html - options: cabac=1 ref=3 deblock=1:0:0 analyse=0x3:0x113 me=hex subme=7 psy=1 psy_rd=1.00:0.00 mixed_ref=1 me_range=16 chroma_me=1 trellis=1 8x8dct=1 cqm=0 deadzone=21,11 fast_pskip=1 chroma_qp_offset=-2 threads=30 lookahead_threads=5 sliced_threads=0 nr=0 decimate=1 interlaced=0 bluray_compat=0 constrained_intra=0 bframes=3 b_pyramid=2 b_adapt=1 b_bias=0 direct=1 weightb=1 open_gop=0 weightp=2 keyint=250 keyint_min=25 scenecut=40 intra_refresh=0 rc_lookahead=40 rc=crf mbtree=1 crf=23.0 qcomp=0.60 qpmin=0 qpmax=69 qpstep=4 ip_ratio=1.40 aq=1:1.00
Output #0, mp4, to './src/test/resources/output/translation/video/239.mp4':
  Metadata:
    encoder         : Lavf61.1.100
  Stream #0:0: Video: h264 (avc1 / 0x31637661), yuvj420p(pc, progressive), 2048x1024 [SAR 4501:9000 DAR 4501:4500], q=2-31, 25 fps, 12800 tbn
      Metadata:
        encoder         : Lavc61.3.100 libx264
      Side data:
        cpb: bitrate max/min/avg: 0/0/0 buffer size: 0 vbv_delay: N/A
[out#0/mp4 @ 0x56b9f5968b40] video:32KiB audio:0KiB subtitle:0KiB other streams:0KiB global headers:0KiB muxing overhead: 2.905222%
frame=    6 fps=0.0 q=-1.0 Lsize=      33KiB time=00:00:00.16 bitrate=1687.8kbits/s dup=0 drop=19 speed=0.609x    
[libx264 @ 0x56b9f5960e80] frame I:1     Avg QP:18.56  size: 30062
[libx264 @ 0x56b9f5960e80] frame P:2     Avg QP:19.28  size:   588
[libx264 @ 0x56b9f5960e80] frame B:3     Avg QP:14.28  size:   292
[libx264 @ 0x56b9f5960e80] consecutive B-frames: 33.3%  0.0%  0.0% 66.7%
[libx264 @ 0x56b9f5960e80] mb I  I16..4: 16.9% 72.8% 10.3%
[libx264 @ 0x56b9f5960e80] mb P  I16..4:  0.1%  0.1%  0.0%  P16..4:  1.4%  0.2%  0.1%  0.0%  0.0%    skip:98.2%
[libx264 @ 0x56b9f5960e80] mb B  I16..4:  0.1%  0.0%  0.0%  B16..8:  1.2%  0.1%  0.0%  direct: 0.1%  skip:98.5%  L0:40.7% L1:56.9% BI: 2.3%
[libx264 @ 0x56b9f5960e80] 8x8 transform intra:72.7% inter:32.5%
[libx264 @ 0x56b9f5960e80] coded y,uvDC,uvAC intra: 5.9% 10.2% 9.1% inter: 0.1% 0.0% 0.0%
[libx264 @ 0x56b9f5960e80] i16 v,h,dc,p: 81% 17%  1%  0%
[libx264 @ 0x56b9f5960e80] i8 v,h,dc,ddl,ddr,vr,hd,vl,hu: 58%  8% 33%  0%  0%  0%  0%  0%  0%
[libx264 @ 0x56b9f5960e80] i4 v,h,dc,ddl,ddr,vr,hd,vl,hu: 40% 29% 10%  4%  2%  2%  4%  4%  5%
[libx264 @ 0x56b9f5960e80] i8c dc,h,v,p: 82%  9%  8%  1%
[libx264 @ 0x56b9f5960e80] Weighted P-Frames: Y:0.0% UV:0.0%
[libx264 @ 0x56b9f5960e80] ref P L0: 94.9%  0.5%  1.9%  2.8%
[libx264 @ 0x56b9f5960e80] ref B L0: 89.9% 10.1%
[libx264 @ 0x56b9f5960e80] ref B L1: 98.5%  1.5%
[libx264 @ 0x56b9f5960e80] kb/s:1070.43
ffmpeg version 7.0.2-3ubuntu1 Copyright (c) 2000-2024 the FFmpeg developers
  built with gcc 14 (Ubuntu 14.2.0-2ubuntu1)
  configuration: --prefix=/usr --extra-version=3ubuntu1 --toolchain=hardened --libdir=/usr/lib/x86_64-linux-gnu --incdir=/usr/include/x86_64-linux-gnu --arch=amd64 --enable-gpl --disable-stripping --disable-libmfx --disable-omx --enable-gnutls --enable-libaom --enable-libass --enable-libbs2b --enable-libcdio --enable-libcodec2 --enable-libdav1d --enable-libflite --enable-libfontconfig --enable-libfreetype --enable-libfribidi --enable-libglslang --enable-libgme --enable-libgsm --enable-libharfbuzz --enable-libmp3lame --enable-libmysofa --enable-libopenjpeg --enable-libopenmpt --enable-libopus --enable-librubberband --enable-libshine --enable-libsnappy --enable-libsoxr --enable-libspeex --enable-libtheora --enable-libtwolame --enable-libvidstab --enable-libvorbis --enable-libvpx --enable-libwebp --enable-libx265 --enable-libxml2 --enable-libxvid --enable-libzimg --enable-openal --enable-opencl --enable-opengl --disable-sndio --enable-libvpl --enable-libdc1394 --enable-libdrm --enable-libiec61883 --enable-chromaprint --enable-frei0r --enable-ladspa --enable-libbluray --enable-libcaca --enable-libdvdnav --enable-libdvdread --enable-libjack --enable-libpulse --enable-librabbitmq --enable-librist --enable-libsrt --enable-libssh --enable-libsvtav1 --enable-libx264 --enable-libzmq --enable-libzvbi --enable-lv2 --enable-sdl2 --enable-libplacebo --enable-librav1e --enable-pocketsphinx --enable-librsvg --enable-libjxl --enable-shared
  libavutil      59.  8.100 / 59.  8.100
  libavcodec     61.  3.100 / 61.  3.100
  libavformat    61.  1.100 / 61.  1.100
  libavdevice    61.  1.100 / 61.  1.100
  libavfilter    10.  1.100 / 10.  1.100
  libswscale      8.  1.100 /  8.  1.100
  libswresample   5.  1.100 /  5.  1.100
  libpostproc    58.  1.100 / 58.  1.100
Input #0, concat, from '/home/marco-lasagna/Scaricati/ffmpeg-java/inputFile.txt':
  Duration: N/A, start: 0.000000, bitrate: N/A
  Stream #0:0: Video: mjpeg (Baseline), yuvj420p(pc, bt470bg/unknown/unknown), 4501x4500 [SAR 1:1 DAR 4501:4500], 25 fps, 25 tbr, 25 tbn
Stream mapping:
  Stream #0:0 -> #0:0 (mjpeg (native) -> h264 (libx264))
Press [q] to stop, [?] for help
[swscaler @ 0x731744016b00] deprecated pixel format used, make sure you did set range correctly
    Last message repeated 1 times
[swscaler @ 0x731744b407c0] deprecated pixel format used, make sure you did set range correctly
    Last message repeated 1 times
[vost#0:0/libx264 @ 0x5763a14eeac0] No information about the input framerate is available. Falling back to a default value of 25fps. Use the -r option if you want a different framerate.
[libx264 @ 0x5763a14e4e80] using SAR=2048/4095
[libx264 @ 0x5763a14e4e80] using cpu capabilities: MMX2 SSE2Fast SSSE3 SSE4.2 AVX FMA3 BMI2 AVX2
[libx264 @ 0x5763a14e4e80] profile High, level 4.0, 4:2:0, 8-bit
[libx264 @ 0x5763a14e4e80] 264 - core 164 r3108 31e19f9 - H.264/MPEG-4 AVC codec - Copyleft 2003-2023 - http://www.videolan.org/x264.html - options: cabac=1 ref=3 deblock=1:0:0 analyse=0x3:0x113 me=hex subme=7 psy=1 psy_rd=1.00:0.00 mixed_ref=1 me_range=16 chroma_me=1 trellis=1 8x8dct=1 cqm=0 deadzone=21,11 fast_pskip=1 chroma_qp_offset=-2 threads=30 lookahead_threads=5 sliced_threads=0 nr=0 decimate=1 interlaced=0 bluray_compat=0 constrained_intra=0 bframes=3 b_pyramid=2 b_adapt=1 b_bias=0 direct=1 weightb=1 open_gop=0 weightp=2 keyint=250 keyint_min=25 scenecut=40 intra_refresh=0 rc_lookahead=40 rc=crf mbtree=1 crf=23.0 qcomp=0.60 qpmin=0 qpmax=69 qpstep=4 ip_ratio=1.40 aq=1:1.00
Output #0, mp4, to './src/test/resources/output/translation/video/249.mp4':
  Metadata:
    encoder         : Lavf61.1.100
  Stream #0:0: Video: h264 (avc1 / 0x31637661), yuvj420p(pc, progressive), 2048x1024 [SAR 4501:9000 DAR 4501:4500], q=2-31, 25 fps, 12800 tbn
      Metadata:
        encoder         : Lavc61.3.100 libx264
      Side data:
        cpb: bitrate max/min/avg: 0/0/0 buffer size: 0 vbv_delay: N/A
[out#0/mp4 @ 0x5763a14ecb40] video:32KiB audio:0KiB subtitle:0KiB other streams:0KiB global headers:0KiB muxing overhead: 2.920357%
frame=    6 fps=0.0 q=-1.0 Lsize=      33KiB time=00:00:00.16 bitrate=1679.3kbits/s dup=0 drop=19 speed=0.66x    
[libx264 @ 0x5763a14e4e80] frame I:1     Avg QP:18.38  size: 30059
[libx264 @ 0x5763a14e4e80] frame P:2     Avg QP:19.04  size:   526
[libx264 @ 0x5763a14e4e80] frame B:3     Avg QP:22.36  size:   278
[libx264 @ 0x5763a14e4e80] consecutive B-frames: 33.3%  0.0%  0.0% 66.7%
[libx264 @ 0x5763a14e4e80] mb I  I16..4: 17.2% 72.5% 10.3%
[libx264 @ 0x5763a14e4e80] mb P  I16..4:  0.1%  0.1%  0.0%  P16..4:  1.2%  0.2%  0.0%  0.0%  0.0%    skip:98.4%
[libx264 @ 0x5763a14e4e80] mb B  I16..4:  0.0%  0.0%  0.0%  B16..8:  1.1%  0.1%  0.0%  direct: 0.1%  skip:98.7%  L0:30.5% L1:67.6% BI: 1.9%
[libx264 @ 0x5763a14e4e80] 8x8 transform intra:72.3% inter:20.2%
[libx264 @ 0x5763a14e4e80] coded y,uvDC,uvAC intra: 5.9% 10.2% 9.1% inter: 0.1% 0.0% 0.0%
[libx264 @ 0x5763a14e4e80] i16 v,h,dc,p: 83% 16%  1%  0%
[libx264 @ 0x5763a14e4e80] i8 v,h,dc,ddl,ddr,vr,hd,vl,hu: 45%  6% 48%  0%  0%  0%  0%  0%  0%
[libx264 @ 0x5763a14e4e80] i4 v,h,dc,ddl,ddr,vr,hd,vl,hu: 38% 31% 10%  4%  2%  2%  4%  4%  5%
[libx264 @ 0x5763a14e4e80] i8c dc,h,v,p: 82%  9%  8%  1%
[libx264 @ 0x5763a14e4e80] Weighted P-Frames: Y:0.0% UV:0.0%
[libx264 @ 0x5763a14e4e80] ref P L0: 95.9%  0.0%  1.3%  2.8%
[libx264 @ 0x5763a14e4e80] ref B L0: 88.7% 11.3%
[libx264 @ 0x5763a14e4e80] ref B L1: 98.5%  1.5%
[libx264 @ 0x5763a14e4e80] kb/s:1064.77
ffmpeg version 7.0.2-3ubuntu1 Copyright (c) 2000-2024 the FFmpeg developers
  built with gcc 14 (Ubuntu 14.2.0-2ubuntu1)
  configuration: --prefix=/usr --extra-version=3ubuntu1 --toolchain=hardened --libdir=/usr/lib/x86_64-linux-gnu --incdir=/usr/include/x86_64-linux-gnu --arch=amd64 --enable-gpl --disable-stripping --disable-libmfx --disable-omx --enable-gnutls --enable-libaom --enable-libass --enable-libbs2b --enable-libcdio --enable-libcodec2 --enable-libdav1d --enable-libflite --enable-libfontconfig --enable-libfreetype --enable-libfribidi --enable-libglslang --enable-libgme --enable-libgsm --enable-libharfbuzz --enable-libmp3lame --enable-libmysofa --enable-libopenjpeg --enable-libopenmpt --enable-libopus --enable-librubberband --enable-libshine --enable-libsnappy --enable-libsoxr --enable-libspeex --enable-libtheora --enable-libtwolame --enable-libvidstab --enable-libvorbis --enable-libvpx --enable-libwebp --enable-libx265 --enable-libxml2 --enable-libxvid --enable-libzimg --enable-openal --enable-opencl --enable-opengl --disable-sndio --enable-libvpl --enable-libdc1394 --enable-libdrm --enable-libiec61883 --enable-chromaprint --enable-frei0r --enable-ladspa --enable-libbluray --enable-libcaca --enable-libdvdnav --enable-libdvdread --enable-libjack --enable-libpulse --enable-librabbitmq --enable-librist --enable-libsrt --enable-libssh --enable-libsvtav1 --enable-libx264 --enable-libzmq --enable-libzvbi --enable-lv2 --enable-sdl2 --enable-libplacebo --enable-librav1e --enable-pocketsphinx --enable-librsvg --enable-libjxl --enable-shared
  libavutil      59.  8.100 / 59.  8.100
  libavcodec     61.  3.100 / 61.  3.100
  libavformat    61.  1.100 / 61.  1.100
  libavdevice    61.  1.100 / 61.  1.100
  libavfilter    10.  1.100 / 10.  1.100
  libswscale      8.  1.100 /  8.  1.100
  libswresample   5.  1.100 /  5.  1.100
  libpostproc    58.  1.100 / 58.  1.100
Input #0, concat, from '/home/marco-lasagna/Scaricati/ffmpeg-java/inputFile.txt':
  Duration: N/A, start: 0.000000, bitrate: N/A
  Stream #0:0: Video: mjpeg (Baseline), yuvj420p(pc, bt470bg/unknown/unknown), 4501x4500 [SAR 1:1 DAR 4501:4500], 25 fps, 25 tbr, 25 tbn
Stream mapping:
  Stream #0:0 -> #0:0 (mjpeg (native) -> h264 (libx264))
Press [q] to stop, [?] for help
[swscaler @ 0x74bbcc016b00] deprecated pixel format used, make sure you did set range correctly
    Last message repeated 1 times
[swscaler @ 0x74bbccb407c0] deprecated pixel format used, make sure you did set range correctly
    Last message repeated 1 times
[vost#0:0/libx264 @ 0x6202d5660ac0] No information about the input framerate is available. Falling back to a default value of 25fps. Use the -r option if you want a different framerate.
[libx264 @ 0x6202d5656e80] using SAR=2048/4095
[libx264 @ 0x6202d5656e80] using cpu capabilities: MMX2 SSE2Fast SSSE3 SSE4.2 AVX FMA3 BMI2 AVX2
[libx264 @ 0x6202d5656e80] profile High, level 4.0, 4:2:0, 8-bit
[libx264 @ 0x6202d5656e80] 264 - core 164 r3108 31e19f9 - H.264/MPEG-4 AVC codec - Copyleft 2003-2023 - http://www.videolan.org/x264.html - options: cabac=1 ref=3 deblock=1:0:0 analyse=0x3:0x113 me=hex subme=7 psy=1 psy_rd=1.00:0.00 mixed_ref=1 me_range=16 chroma_me=1 trellis=1 8x8dct=1 cqm=0 deadzone=21,11 fast_pskip=1 chroma_qp_offset=-2 threads=30 lookahead_threads=5 sliced_threads=0 nr=0 decimate=1 interlaced=0 bluray_compat=0 constrained_intra=0 bframes=3 b_pyramid=2 b_adapt=1 b_bias=0 direct=1 weightb=1 open_gop=0 weightp=2 keyint=250 keyint_min=25 scenecut=40 intra_refresh=0 rc_lookahead=40 rc=crf mbtree=1 crf=23.0 qcomp=0.60 qpmin=0 qpmax=69 qpstep=4 ip_ratio=1.40 aq=1:1.00
Output #0, mp4, to './src/test/resources/output/translation/video/259.mp4':
  Metadata:
    encoder         : Lavf61.1.100
  Stream #0:0: Video: h264 (avc1 / 0x31637661), yuvj420p(pc, progressive), 2048x1024 [SAR 4501:9000 DAR 4501:4500], q=2-31, 25 fps, 12800 tbn
      Metadata:
        encoder         : Lavc61.3.100 libx264
      Side data:
        cpb: bitrate max/min/avg: 0/0/0 buffer size: 0 vbv_delay: N/A
[out#0/mp4 @ 0x6202d565eb40] video:32KiB audio:0KiB subtitle:0KiB other streams:0KiB global headers:0KiB muxing overhead: 2.916871%
frame=    6 fps=0.0 q=-1.0 Lsize=      33KiB time=00:00:00.16 bitrate=1681.2kbits/s dup=0 drop=19 speed=0.637x    
[libx264 @ 0x6202d5656e80] frame I:1     Avg QP:18.57  size: 30112
[libx264 @ 0x6202d5656e80] frame P:2     Avg QP:16.67  size:   530
[libx264 @ 0x6202d5656e80] frame B:3     Avg QP:32.36  size:   270
[libx264 @ 0x6202d5656e80] consecutive B-frames: 33.3%  0.0%  0.0% 66.7%
[libx264 @ 0x6202d5656e80] mb I  I16..4: 24.1% 65.6% 10.3%
[libx264 @ 0x6202d5656e80] mb P  I16..4:  0.2%  0.1%  0.0%  P16..4:  1.2%  0.1%  0.0%  0.0%  0.0%    skip:98.4%
[libx264 @ 0x6202d5656e80] mb B  I16..4:  0.0%  0.0%  0.0%  B16..8:  1.2%  0.1%  0.0%  direct: 0.0%  skip:98.6%  L0:29.5% L1:67.8% BI: 2.7%
[libx264 @ 0x6202d5656e80] 8x8 transform intra:65.4% inter:26.2%
[libx264 @ 0x6202d5656e80] coded y,uvDC,uvAC intra: 5.9% 10.2% 9.1% inter: 0.1% 0.0% 0.0%
[libx264 @ 0x6202d5656e80] i16 v,h,dc,p: 87% 12%  1%  0%
[libx264 @ 0x6202d5656e80] i8 v,h,dc,ddl,ddr,vr,hd,vl,hu: 55% 13% 31%  0%  0%  0%  0%  0%  0%
[libx264 @ 0x6202d5656e80] i4 v,h,dc,ddl,ddr,vr,hd,vl,hu: 39% 30%  9%  4%  2%  2%  4%  4%  5%
[libx264 @ 0x6202d5656e80] i8c dc,h,v,p: 82%  9%  8%  1%
[libx264 @ 0x6202d5656e80] Weighted P-Frames: Y:0.0% UV:0.0%
[libx264 @ 0x6202d5656e80] ref P L0: 93.8%  0.0%  0.2%  6.0%
[libx264 @ 0x6202d5656e80] ref B L0: 84.9% 15.1%
[libx264 @ 0x6202d5656e80] ref B L1: 95.2%  4.8%
[libx264 @ 0x6202d5656e80] kb/s:1066.07
ffmpeg version 7.0.2-3ubuntu1 Copyright (c) 2000-2024 the FFmpeg developers
  built with gcc 14 (Ubuntu 14.2.0-2ubuntu1)
  configuration: --prefix=/usr --extra-version=3ubuntu1 --toolchain=hardened --libdir=/usr/lib/x86_64-linux-gnu --incdir=/usr/include/x86_64-linux-gnu --arch=amd64 --enable-gpl --disable-stripping --disable-libmfx --disable-omx --enable-gnutls --enable-libaom --enable-libass --enable-libbs2b --enable-libcdio --enable-libcodec2 --enable-libdav1d --enable-libflite --enable-libfontconfig --enable-libfreetype --enable-libfribidi --enable-libglslang --enable-libgme --enable-libgsm --enable-libharfbuzz --enable-libmp3lame --enable-libmysofa --enable-libopenjpeg --enable-libopenmpt --enable-libopus --enable-librubberband --enable-libshine --enable-libsnappy --enable-libsoxr --enable-libspeex --enable-libtheora --enable-libtwolame --enable-libvidstab --enable-libvorbis --enable-libvpx --enable-libwebp --enable-libx265 --enable-libxml2 --enable-libxvid --enable-libzimg --enable-openal --enable-opencl --enable-opengl --disable-sndio --enable-libvpl --enable-libdc1394 --enable-libdrm --enable-libiec61883 --enable-chromaprint --enable-frei0r --enable-ladspa --enable-libbluray --enable-libcaca --enable-libdvdnav --enable-libdvdread --enable-libjack --enable-libpulse --enable-librabbitmq --enable-librist --enable-libsrt --enable-libssh --enable-libsvtav1 --enable-libx264 --enable-libzmq --enable-libzvbi --enable-lv2 --enable-sdl2 --enable-libplacebo --enable-librav1e --enable-pocketsphinx --enable-librsvg --enable-libjxl --enable-shared
  libavutil      59.  8.100 / 59.  8.100
  libavcodec     61.  3.100 / 61.  3.100
  libavformat    61.  1.100 / 61.  1.100
  libavdevice    61.  1.100 / 61.  1.100
  libavfilter    10.  1.100 / 10.  1.100
  libswscale      8.  1.100 /  8.  1.100
  libswresample   5.  1.100 /  5.  1.100
  libpostproc    58.  1.100 / 58.  1.100
Input #0, concat, from '/home/marco-lasagna/Scaricati/ffmpeg-java/inputFile.txt':
  Duration: N/A, start: 0.000000, bitrate: N/A
  Stream #0:0: Video: mjpeg (Baseline), yuvj420p(pc, bt470bg/unknown/unknown), 4501x4500 [SAR 1:1 DAR 4501:4500], 25 fps, 25 tbr, 25 tbn
Stream mapping:
  Stream #0:0 -> #0:0 (mjpeg (native) -> h264 (libx264))
Press [q] to stop, [?] for help
[swscaler @ 0x717544016b00] deprecated pixel format used, make sure you did set range correctly
    Last message repeated 1 times
[swscaler @ 0x717544b407c0] deprecated pixel format used, make sure you did set range correctly
    Last message repeated 1 times
[vost#0:0/libx264 @ 0x60886af5fac0] No information about the input framerate is available. Falling back to a default value of 25fps. Use the -r option if you want a different framerate.
[libx264 @ 0x60886af55e80] using SAR=2048/4095
[libx264 @ 0x60886af55e80] using cpu capabilities: MMX2 SSE2Fast SSSE3 SSE4.2 AVX FMA3 BMI2 AVX2
[libx264 @ 0x60886af55e80] profile High, level 4.0, 4:2:0, 8-bit
[libx264 @ 0x60886af55e80] 264 - core 164 r3108 31e19f9 - H.264/MPEG-4 AVC codec - Copyleft 2003-2023 - http://www.videolan.org/x264.html - options: cabac=1 ref=3 deblock=1:0:0 analyse=0x3:0x113 me=hex subme=7 psy=1 psy_rd=1.00:0.00 mixed_ref=1 me_range=16 chroma_me=1 trellis=1 8x8dct=1 cqm=0 deadzone=21,11 fast_pskip=1 chroma_qp_offset=-2 threads=30 lookahead_threads=5 sliced_threads=0 nr=0 decimate=1 interlaced=0 bluray_compat=0 constrained_intra=0 bframes=3 b_pyramid=2 b_adapt=1 b_bias=0 direct=1 weightb=1 open_gop=0 weightp=2 keyint=250 keyint_min=25 scenecut=40 intra_refresh=0 rc_lookahead=40 rc=crf mbtree=1 crf=23.0 qcomp=0.60 qpmin=0 qpmax=69 qpstep=4 ip_ratio=1.40 aq=1:1.00
Output #0, mp4, to './src/test/resources/output/translation/video/269.mp4':
  Metadata:
    encoder         : Lavf61.1.100
  Stream #0:0: Video: h264 (avc1 / 0x31637661), yuvj420p(pc, progressive), 2048x1024 [SAR 4501:9000 DAR 4501:4500], q=2-31, 25 fps, 12800 tbn
      Metadata:
        encoder         : Lavc61.3.100 libx264
      Side data:
        cpb: bitrate max/min/avg: 0/0/0 buffer size: 0 vbv_delay: N/A
[out#0/mp4 @ 0x60886af5db40] video:32KiB audio:0KiB subtitle:0KiB other streams:0KiB global headers:0KiB muxing overhead: 2.909924%
frame=    6 fps=0.0 q=-1.0 Lsize=      33KiB time=00:00:00.16 bitrate=1685.2kbits/s dup=0 drop=19 speed=0.661x    
[libx264 @ 0x60886af55e80] frame I:1     Avg QP:18.53  size: 30131
[libx264 @ 0x60886af55e80] frame P:2     Avg QP:17.86  size:   531
[libx264 @ 0x60886af55e80] frame B:3     Avg QP:26.31  size:   289
[libx264 @ 0x60886af55e80] consecutive B-frames: 33.3%  0.0%  0.0% 66.7%
[libx264 @ 0x60886af55e80] mb I  I16..4: 25.6% 64.1% 10.3%
[libx264 @ 0x60886af55e80] mb P  I16..4:  0.1%  0.1%  0.0%  P16..4:  1.5%  0.1%  0.1%  0.0%  0.0%    skip:98.0%
[libx264 @ 0x60886af55e80] mb B  I16..4:  0.0%  0.0%  0.0%  B16..8:  1.2%  0.1%  0.0%  direct: 0.0%  skip:98.6%  L0:51.8% L1:44.5% BI: 3.7%
[libx264 @ 0x60886af55e80] 8x8 transform intra:64.0% inter:32.8%
[libx264 @ 0x60886af55e80] coded y,uvDC,uvAC intra: 5.9% 10.2% 9.1% inter: 0.1% 0.0% 0.0%
[libx264 @ 0x60886af55e80] i16 v,h,dc,p: 87% 12%  1%  0%
[libx264 @ 0x60886af55e80] i8 v,h,dc,ddl,ddr,vr,hd,vl,hu: 59%  7% 33%  0%  0%  0%  0%  0%  0%
[libx264 @ 0x60886af55e80] i4 v,h,dc,ddl,ddr,vr,hd,vl,hu: 38% 31%  9%  4%  2%  2%  4%  4%  5%
[libx264 @ 0x60886af55e80] i8c dc,h,v,p: 82% 10%  8%  1%
[libx264 @ 0x60886af55e80] Weighted P-Frames: Y:0.0% UV:0.0%
[libx264 @ 0x60886af55e80] ref P L0: 97.5%  0.0%  1.4%  1.1%
[libx264 @ 0x60886af55e80] ref B L0: 95.0%  5.0%
[libx264 @ 0x60886af55e80] ref B L1: 94.5%  5.5%
[libx264 @ 0x60886af55e80] kb/s:1068.67
ffmpeg version 7.0.2-3ubuntu1 Copyright (c) 2000-2024 the FFmpeg developers
  built with gcc 14 (Ubuntu 14.2.0-2ubuntu1)
  configuration: --prefix=/usr --extra-version=3ubuntu1 --toolchain=hardened --libdir=/usr/lib/x86_64-linux-gnu --incdir=/usr/include/x86_64-linux-gnu --arch=amd64 --enable-gpl --disable-stripping --disable-libmfx --disable-omx --enable-gnutls --enable-libaom --enable-libass --enable-libbs2b --enable-libcdio --enable-libcodec2 --enable-libdav1d --enable-libflite --enable-libfontconfig --enable-libfreetype --enable-libfribidi --enable-libglslang --enable-libgme --enable-libgsm --enable-libharfbuzz --enable-libmp3lame --enable-libmysofa --enable-libopenjpeg --enable-libopenmpt --enable-libopus --enable-librubberband --enable-libshine --enable-libsnappy --enable-libsoxr --enable-libspeex --enable-libtheora --enable-libtwolame --enable-libvidstab --enable-libvorbis --enable-libvpx --enable-libwebp --enable-libx265 --enable-libxml2 --enable-libxvid --enable-libzimg --enable-openal --enable-opencl --enable-opengl --disable-sndio --enable-libvpl --enable-libdc1394 --enable-libdrm --enable-libiec61883 --enable-chromaprint --enable-frei0r --enable-ladspa --enable-libbluray --enable-libcaca --enable-libdvdnav --enable-libdvdread --enable-libjack --enable-libpulse --enable-librabbitmq --enable-librist --enable-libsrt --enable-libssh --enable-libsvtav1 --enable-libx264 --enable-libzmq --enable-libzvbi --enable-lv2 --enable-sdl2 --enable-libplacebo --enable-librav1e --enable-pocketsphinx --enable-librsvg --enable-libjxl --enable-shared
  libavutil      59.  8.100 / 59.  8.100
  libavcodec     61.  3.100 / 61.  3.100
  libavformat    61.  1.100 / 61.  1.100
  libavdevice    61.  1.100 / 61.  1.100
  libavfilter    10.  1.100 / 10.  1.100
  libswscale      8.  1.100 /  8.  1.100
  libswresample   5.  1.100 /  5.  1.100
  libpostproc    58.  1.100 / 58.  1.100
Input #0, concat, from '/home/marco-lasagna/Scaricati/ffmpeg-java/inputFile.txt':
  Duration: N/A, start: 0.000000, bitrate: N/A
  Stream #0:0: Video: mjpeg (Baseline), yuvj420p(pc, bt470bg/unknown/unknown), 4501x4500 [SAR 1:1 DAR 4501:4500], 25 fps, 25 tbr, 25 tbn
Stream mapping:
  Stream #0:0 -> #0:0 (mjpeg (native) -> h264 (libx264))
Press [q] to stop, [?] for help
[swscaler @ 0x71fd08016b00] deprecated pixel format used, make sure you did set range correctly
    Last message repeated 1 times
[swscaler @ 0x71fd08b407c0] deprecated pixel format used, make sure you did set range correctly
    Last message repeated 1 times
[vost#0:0/libx264 @ 0x611e55d06ac0] No information about the input framerate is available. Falling back to a default value of 25fps. Use the -r option if you want a different framerate.
[libx264 @ 0x611e55cfce80] using SAR=2048/4095
[libx264 @ 0x611e55cfce80] using cpu capabilities: MMX2 SSE2Fast SSSE3 SSE4.2 AVX FMA3 BMI2 AVX2
[libx264 @ 0x611e55cfce80] profile High, level 4.0, 4:2:0, 8-bit
[libx264 @ 0x611e55cfce80] 264 - core 164 r3108 31e19f9 - H.264/MPEG-4 AVC codec - Copyleft 2003-2023 - http://www.videolan.org/x264.html - options: cabac=1 ref=3 deblock=1:0:0 analyse=0x3:0x113 me=hex subme=7 psy=1 psy_rd=1.00:0.00 mixed_ref=1 me_range=16 chroma_me=1 trellis=1 8x8dct=1 cqm=0 deadzone=21,11 fast_pskip=1 chroma_qp_offset=-2 threads=30 lookahead_threads=5 sliced_threads=0 nr=0 decimate=1 interlaced=0 bluray_compat=0 constrained_intra=0 bframes=3 b_pyramid=2 b_adapt=1 b_bias=0 direct=1 weightb=1 open_gop=0 weightp=2 keyint=250 keyint_min=25 scenecut=40 intra_refresh=0 rc_lookahead=40 rc=crf mbtree=1 crf=23.0 qcomp=0.60 qpmin=0 qpmax=69 qpstep=4 ip_ratio=1.40 aq=1:1.00
Output #0, mp4, to './src/test/resources/output/translation/video/279.mp4':
  Metadata:
    encoder         : Lavf61.1.100
  Stream #0:0: Video: h264 (avc1 / 0x31637661), yuvj420p(pc, progressive), 2048x1024 [SAR 4501:9000 DAR 4501:4500], q=2-31, 25 fps, 12800 tbn
      Metadata:
        encoder         : Lavc61.3.100 libx264
      Side data:
        cpb: bitrate max/min/avg: 0/0/0 buffer size: 0 vbv_delay: N/A
[out#0/mp4 @ 0x611e55d04b40] video:32KiB audio:0KiB subtitle:0KiB other streams:0KiB global headers:0KiB muxing overhead: 2.909213%
frame=    6 fps=0.0 q=-1.0 Lsize=      33KiB time=00:00:00.16 bitrate=1685.5kbits/s dup=0 drop=19 speed=0.639x    
[libx264 @ 0x611e55cfce80] frame I:1     Avg QP:18.26  size: 30207
[libx264 @ 0x611e55cfce80] frame P:2     Avg QP:16.99  size:   512
[libx264 @ 0x611e55cfce80] frame B:3     Avg QP:26.40  size:   279
[libx264 @ 0x611e55cfce80] consecutive B-frames: 33.3%  0.0%  0.0% 66.7%
[libx264 @ 0x611e55cfce80] mb I  I16..4: 26.1% 63.5% 10.3%
[libx264 @ 0x611e55cfce80] mb P  I16..4:  0.2%  0.2%  0.0%  P16..4:  0.4%  0.1%  0.1%  0.0%  0.0%    skip:99.1%
[libx264 @ 0x611e55cfce80] mb B  I16..4:  0.0%  0.0%  0.0%  B16..8:  1.2%  0.1%  0.0%  direct: 0.0%  skip:98.6%  L0:54.1% L1:43.5% BI: 2.4%
[libx264 @ 0x611e55cfce80] 8x8 transform intra:63.4% inter:46.7%
[libx264 @ 0x611e55cfce80] coded y,uvDC,uvAC intra: 5.9% 10.1% 9.1% inter: 0.1% 0.0% 0.0%
[libx264 @ 0x611e55cfce80] i16 v,h,dc,p: 87% 12%  1%  0%
[libx264 @ 0x611e55cfce80] i8 v,h,dc,ddl,ddr,vr,hd,vl,hu: 46%  4% 50%  0%  0%  0%  0%  0%  0%
[libx264 @ 0x611e55cfce80] i4 v,h,dc,ddl,ddr,vr,hd,vl,hu: 40% 29% 10%  4%  2%  2%  4%  4%  5%
[libx264 @ 0x611e55cfce80] i8c dc,h,v,p: 82%  9%  8%  1%
[libx264 @ 0x611e55cfce80] Weighted P-Frames: Y:0.0% UV:0.0%
[libx264 @ 0x611e55cfce80] ref P L0: 90.5%  0.3%  2.6%  6.7%
[libx264 @ 0x611e55cfce80] ref B L0: 95.2%  4.8%
[libx264 @ 0x611e55cfce80] ref B L1: 92.5%  7.5%
[libx264 @ 0x611e55cfce80] kb/s:1068.93
ffmpeg version 7.0.2-3ubuntu1 Copyright (c) 2000-2024 the FFmpeg developers
  built with gcc 14 (Ubuntu 14.2.0-2ubuntu1)
  configuration: --prefix=/usr --extra-version=3ubuntu1 --toolchain=hardened --libdir=/usr/lib/x86_64-linux-gnu --incdir=/usr/include/x86_64-linux-gnu --arch=amd64 --enable-gpl --disable-stripping --disable-libmfx --disable-omx --enable-gnutls --enable-libaom --enable-libass --enable-libbs2b --enable-libcdio --enable-libcodec2 --enable-libdav1d --enable-libflite --enable-libfontconfig --enable-libfreetype --enable-libfribidi --enable-libglslang --enable-libgme --enable-libgsm --enable-libharfbuzz --enable-libmp3lame --enable-libmysofa --enable-libopenjpeg --enable-libopenmpt --enable-libopus --enable-librubberband --enable-libshine --enable-libsnappy --enable-libsoxr --enable-libspeex --enable-libtheora --enable-libtwolame --enable-libvidstab --enable-libvorbis --enable-libvpx --enable-libwebp --enable-libx265 --enable-libxml2 --enable-libxvid --enable-libzimg --enable-openal --enable-opencl --enable-opengl --disable-sndio --enable-libvpl --enable-libdc1394 --enable-libdrm --enable-libiec61883 --enable-chromaprint --enable-frei0r --enable-ladspa --enable-libbluray --enable-libcaca --enable-libdvdnav --enable-libdvdread --enable-libjack --enable-libpulse --enable-librabbitmq --enable-librist --enable-libsrt --enable-libssh --enable-libsvtav1 --enable-libx264 --enable-libzmq --enable-libzvbi --enable-lv2 --enable-sdl2 --enable-libplacebo --enable-librav1e --enable-pocketsphinx --enable-librsvg --enable-libjxl --enable-shared
  libavutil      59.  8.100 / 59.  8.100
  libavcodec     61.  3.100 / 61.  3.100
  libavformat    61.  1.100 / 61.  1.100
  libavdevice    61.  1.100 / 61.  1.100
  libavfilter    10.  1.100 / 10.  1.100
  libswscale      8.  1.100 /  8.  1.100
  libswresample   5.  1.100 /  5.  1.100
  libpostproc    58.  1.100 / 58.  1.100
Input #0, concat, from '/home/marco-lasagna/Scaricati/ffmpeg-java/inputFile.txt':
  Duration: N/A, start: 0.000000, bitrate: N/A
  Stream #0:0: Video: mjpeg (Baseline), yuvj420p(pc, bt470bg/unknown/unknown), 4501x4500 [SAR 1:1 DAR 4501:4500], 25 fps, 25 tbr, 25 tbn
Stream mapping:
  Stream #0:0 -> #0:0 (mjpeg (native) -> h264 (libx264))
Press [q] to stop, [?] for help
[swscaler @ 0x7a2324016b00] deprecated pixel format used, make sure you did set range correctly
    Last message repeated 1 times
[swscaler @ 0x7a2324b407c0] deprecated pixel format used, make sure you did set range correctly
    Last message repeated 1 times
[vost#0:0/libx264 @ 0x6016e1edfac0] No information about the input framerate is available. Falling back to a default value of 25fps. Use the -r option if you want a different framerate.
[libx264 @ 0x6016e1ed5e80] using SAR=2048/4095
[libx264 @ 0x6016e1ed5e80] using cpu capabilities: MMX2 SSE2Fast SSSE3 SSE4.2 AVX FMA3 BMI2 AVX2
[libx264 @ 0x6016e1ed5e80] profile High, level 4.0, 4:2:0, 8-bit
[libx264 @ 0x6016e1ed5e80] 264 - core 164 r3108 31e19f9 - H.264/MPEG-4 AVC codec - Copyleft 2003-2023 - http://www.videolan.org/x264.html - options: cabac=1 ref=3 deblock=1:0:0 analyse=0x3:0x113 me=hex subme=7 psy=1 psy_rd=1.00:0.00 mixed_ref=1 me_range=16 chroma_me=1 trellis=1 8x8dct=1 cqm=0 deadzone=21,11 fast_pskip=1 chroma_qp_offset=-2 threads=30 lookahead_threads=5 sliced_threads=0 nr=0 decimate=1 interlaced=0 bluray_compat=0 constrained_intra=0 bframes=3 b_pyramid=2 b_adapt=1 b_bias=0 direct=1 weightb=1 open_gop=0 weightp=2 keyint=250 keyint_min=25 scenecut=40 intra_refresh=0 rc_lookahead=40 rc=crf mbtree=1 crf=23.0 qcomp=0.60 qpmin=0 qpmax=69 qpstep=4 ip_ratio=1.40 aq=1:1.00
Output #0, mp4, to './src/test/resources/output/translation/video/289.mp4':
  Metadata:
    encoder         : Lavf61.1.100
  Stream #0:0: Video: h264 (avc1 / 0x31637661), yuvj420p(pc, progressive), 2048x1024 [SAR 4501:9000 DAR 4501:4500], q=2-31, 25 fps, 12800 tbn
      Metadata:
        encoder         : Lavc61.3.100 libx264
      Side data:
        cpb: bitrate max/min/avg: 0/0/0 buffer size: 0 vbv_delay: N/A
[out#0/mp4 @ 0x6016e1eddb40] video:32KiB audio:0KiB subtitle:0KiB other streams:0KiB global headers:0KiB muxing overhead: 2.919820%
frame=    6 fps=0.0 q=-1.0 Lsize=      33KiB time=00:00:00.16 bitrate=1679.6kbits/s dup=0 drop=19 speed=0.66x    
[libx264 @ 0x6016e1ed5e80] frame I:1     Avg QP:18.46  size: 30161
[libx264 @ 0x6016e1ed5e80] frame P:2     Avg QP:17.99  size:   498
[libx264 @ 0x6016e1ed5e80] frame B:3     Avg QP:18.79  size:   264
[libx264 @ 0x6016e1ed5e80] consecutive B-frames: 33.3%  0.0%  0.0% 66.7%
[libx264 @ 0x6016e1ed5e80] mb I  I16..4: 25.8% 63.9% 10.2%
[libx264 @ 0x6016e1ed5e80] mb P  I16..4:  0.1%  0.1%  0.0%  P16..4:  1.1%  0.2%  0.1%  0.0%  0.0%    skip:98.4%
[libx264 @ 0x6016e1ed5e80] mb B  I16..4:  0.1%  0.0%  0.0%  B16..8:  1.1%  0.1%  0.0%  direct: 0.0%  skip:98.7%  L0:55.3% L1:41.7% BI: 3.1%
[libx264 @ 0x6016e1ed5e80] 8x8 transform intra:63.8% inter:27.3%
[libx264 @ 0x6016e1ed5e80] coded y,uvDC,uvAC intra: 5.9% 10.1% 9.1% inter: 0.1% 0.0% 0.0%
[libx264 @ 0x6016e1ed5e80] i16 v,h,dc,p: 87% 12%  1%  0%
[libx264 @ 0x6016e1ed5e80] i8 v,h,dc,ddl,ddr,vr,hd,vl,hu: 53% 13% 34%  0%  0%  0%  0%  0%  0%
[libx264 @ 0x6016e1ed5e80] i4 v,h,dc,ddl,ddr,vr,hd,vl,hu: 38% 30% 10%  4%  2%  2%  4%  4%  5%
[libx264 @ 0x6016e1ed5e80] i8c dc,h,v,p: 82% 10%  8%  1%
[libx264 @ 0x6016e1ed5e80] Weighted P-Frames: Y:0.0% UV:0.0%
[libx264 @ 0x6016e1ed5e80] ref P L0: 92.9%  0.3%  1.4%  5.4%
[libx264 @ 0x6016e1ed5e80] ref B L0: 91.2%  8.8%
[libx264 @ 0x6016e1ed5e80] ref B L1: 93.4%  6.6%
[libx264 @ 0x6016e1ed5e80] kb/s:1064.97
ffmpeg version 7.0.2-3ubuntu1 Copyright (c) 2000-2024 the FFmpeg developers
  built with gcc 14 (Ubuntu 14.2.0-2ubuntu1)
  configuration: --prefix=/usr --extra-version=3ubuntu1 --toolchain=hardened --libdir=/usr/lib/x86_64-linux-gnu --incdir=/usr/include/x86_64-linux-gnu --arch=amd64 --enable-gpl --disable-stripping --disable-libmfx --disable-omx --enable-gnutls --enable-libaom --enable-libass --enable-libbs2b --enable-libcdio --enable-libcodec2 --enable-libdav1d --enable-libflite --enable-libfontconfig --enable-libfreetype --enable-libfribidi --enable-libglslang --enable-libgme --enable-libgsm --enable-libharfbuzz --enable-libmp3lame --enable-libmysofa --enable-libopenjpeg --enable-libopenmpt --enable-libopus --enable-librubberband --enable-libshine --enable-libsnappy --enable-libsoxr --enable-libspeex --enable-libtheora --enable-libtwolame --enable-libvidstab --enable-libvorbis --enable-libvpx --enable-libwebp --enable-libx265 --enable-libxml2 --enable-libxvid --enable-libzimg --enable-openal --enable-opencl --enable-opengl --disable-sndio --enable-libvpl --enable-libdc1394 --enable-libdrm --enable-libiec61883 --enable-chromaprint --enable-frei0r --enable-ladspa --enable-libbluray --enable-libcaca --enable-libdvdnav --enable-libdvdread --enable-libjack --enable-libpulse --enable-librabbitmq --enable-librist --enable-libsrt --enable-libssh --enable-libsvtav1 --enable-libx264 --enable-libzmq --enable-libzvbi --enable-lv2 --enable-sdl2 --enable-libplacebo --enable-librav1e --enable-pocketsphinx --enable-librsvg --enable-libjxl --enable-shared
  libavutil      59.  8.100 / 59.  8.100
  libavcodec     61.  3.100 / 61.  3.100
  libavformat    61.  1.100 / 61.  1.100
  libavdevice    61.  1.100 / 61.  1.100
  libavfilter    10.  1.100 / 10.  1.100
  libswscale      8.  1.100 /  8.  1.100
  libswresample   5.  1.100 /  5.  1.100
  libpostproc    58.  1.100 / 58.  1.100
Input #0, concat, from '/home/marco-lasagna/Scaricati/ffmpeg-java/inputFile.txt':
  Duration: N/A, start: 0.000000, bitrate: N/A
  Stream #0:0: Video: mjpeg (Baseline), yuvj420p(pc, bt470bg/unknown/unknown), 4501x4500 [SAR 1:1 DAR 4501:4500], 25 fps, 25 tbr, 25 tbn
Stream mapping:
  Stream #0:0 -> #0:0 (mjpeg (native) -> h264 (libx264))
Press [q] to stop, [?] for help
[swscaler @ 0x7e1298016b00] deprecated pixel format used, make sure you did set range correctly
    Last message repeated 1 times
[swscaler @ 0x7e1298b407c0] deprecated pixel format used, make sure you did set range correctly
    Last message repeated 1 times
[vost#0:0/libx264 @ 0x5746f1b32ac0] No information about the input framerate is available. Falling back to a default value of 25fps. Use the -r option if you want a different framerate.
[libx264 @ 0x5746f1b28e80] using SAR=2048/4095
[libx264 @ 0x5746f1b28e80] using cpu capabilities: MMX2 SSE2Fast SSSE3 SSE4.2 AVX FMA3 BMI2 AVX2
[libx264 @ 0x5746f1b28e80] profile High, level 4.0, 4:2:0, 8-bit
[libx264 @ 0x5746f1b28e80] 264 - core 164 r3108 31e19f9 - H.264/MPEG-4 AVC codec - Copyleft 2003-2023 - http://www.videolan.org/x264.html - options: cabac=1 ref=3 deblock=1:0:0 analyse=0x3:0x113 me=hex subme=7 psy=1 psy_rd=1.00:0.00 mixed_ref=1 me_range=16 chroma_me=1 trellis=1 8x8dct=1 cqm=0 deadzone=21,11 fast_pskip=1 chroma_qp_offset=-2 threads=30 lookahead_threads=5 sliced_threads=0 nr=0 decimate=1 interlaced=0 bluray_compat=0 constrained_intra=0 bframes=3 b_pyramid=2 b_adapt=1 b_bias=0 direct=1 weightb=1 open_gop=0 weightp=2 keyint=250 keyint_min=25 scenecut=40 intra_refresh=0 rc_lookahead=40 rc=crf mbtree=1 crf=23.0 qcomp=0.60 qpmin=0 qpmax=69 qpstep=4 ip_ratio=1.40 aq=1:1.00
Output #0, mp4, to './src/test/resources/output/translation/video/299.mp4':
  Metadata:
    encoder         : Lavf61.1.100
  Stream #0:0: Video: h264 (avc1 / 0x31637661), yuvj420p(pc, progressive), 2048x1024 [SAR 4501:9000 DAR 4501:4500], q=2-31, 25 fps, 12800 tbn
      Metadata:
        encoder         : Lavc61.3.100 libx264
      Side data:
        cpb: bitrate max/min/avg: 0/0/0 buffer size: 0 vbv_delay: N/A
[out#0/mp4 @ 0x5746f1b30b40] video:32KiB audio:0KiB subtitle:0KiB other streams:0KiB global headers:0KiB muxing overhead: 2.898417%
frame=    6 fps=0.0 q=-1.0 Lsize=      33KiB time=00:00:00.16 bitrate=1677.5kbits/s dup=0 drop=19 speed=0.649x    
[libx264 @ 0x5746f1b28e80] frame I:1     Avg QP:18.46  size: 30298
[libx264 @ 0x5746f1b28e80] frame P:2     Avg QP:18.24  size:   400
[libx264 @ 0x5746f1b28e80] frame B:3     Avg QP:26.06  size:   272
[libx264 @ 0x5746f1b28e80] consecutive B-frames: 16.7% 33.3% 50.0%  0.0%
[libx264 @ 0x5746f1b28e80] mb I  I16..4: 25.4% 64.3% 10.4%
[libx264 @ 0x5746f1b28e80] mb P  I16..4:  0.1%  0.1%  0.0%  P16..4:  1.2%  0.2%  0.1%  0.0%  0.0%    skip:98.3%
[libx264 @ 0x5746f1b28e80] mb B  I16..4:  0.0%  0.0%  0.0%  B16..8:  1.4%  0.1%  0.0%  direct: 0.0%  skip:98.5%  L0:54.1% L1:44.0% BI: 1.9%
[libx264 @ 0x5746f1b28e80] 8x8 transform intra:64.1% inter:42.9%
[libx264 @ 0x5746f1b28e80] coded y,uvDC,uvAC intra: 6.0% 10.1% 9.1% inter: 0.1% 0.0% 0.0%
[libx264 @ 0x5746f1b28e80] i16 v,h,dc,p: 88% 11%  1%  0%
[libx264 @ 0x5746f1b28e80] i8 v,h,dc,ddl,ddr,vr,hd,vl,hu: 61%  6% 32%  0%  0%  0%  0%  0%  0%
[libx264 @ 0x5746f1b28e80] i4 v,h,dc,ddl,ddr,vr,hd,vl,hu: 40% 30%  9%  4%  2%  2%  4%  4%  5%
[libx264 @ 0x5746f1b28e80] i8c dc,h,v,p: 82%  9%  8%  1%
[libx264 @ 0x5746f1b28e80] Weighted P-Frames: Y:0.0% UV:0.0%
[libx264 @ 0x5746f1b28e80] ref P L0: 94.8%  0.0%  4.4%  0.8%
[libx264 @ 0x5746f1b28e80] ref B L0: 49.4% 50.6%
[libx264 @ 0x5746f1b28e80] kb/s:1063.80
ffmpeg version 7.0.2-3ubuntu1 Copyright (c) 2000-2024 the FFmpeg developers
  built with gcc 14 (Ubuntu 14.2.0-2ubuntu1)
  configuration: --prefix=/usr --extra-version=3ubuntu1 --toolchain=hardened --libdir=/usr/lib/x86_64-linux-gnu --incdir=/usr/include/x86_64-linux-gnu --arch=amd64 --enable-gpl --disable-stripping --disable-libmfx --disable-omx --enable-gnutls --enable-libaom --enable-libass --enable-libbs2b --enable-libcdio --enable-libcodec2 --enable-libdav1d --enable-libflite --enable-libfontconfig --enable-libfreetype --enable-libfribidi --enable-libglslang --enable-libgme --enable-libgsm --enable-libharfbuzz --enable-libmp3lame --enable-libmysofa --enable-libopenjpeg --enable-libopenmpt --enable-libopus --enable-librubberband --enable-libshine --enable-libsnappy --enable-libsoxr --enable-libspeex --enable-libtheora --enable-libtwolame --enable-libvidstab --enable-libvorbis --enable-libvpx --enable-libwebp --enable-libx265 --enable-libxml2 --enable-libxvid --enable-libzimg --enable-openal --enable-opencl --enable-opengl --disable-sndio --enable-libvpl --enable-libdc1394 --enable-libdrm --enable-libiec61883 --enable-chromaprint --enable-frei0r --enable-ladspa --enable-libbluray --enable-libcaca --enable-libdvdnav --enable-libdvdread --enable-libjack --enable-libpulse --enable-librabbitmq --enable-librist --enable-libsrt --enable-libssh --enable-libsvtav1 --enable-libx264 --enable-libzmq --enable-libzvbi --enable-lv2 --enable-sdl2 --enable-libplacebo --enable-librav1e --enable-pocketsphinx --enable-librsvg --enable-libjxl --enable-shared
  libavutil      59.  8.100 / 59.  8.100
  libavcodec     61.  3.100 / 61.  3.100
  libavformat    61.  1.100 / 61.  1.100
  libavdevice    61.  1.100 / 61.  1.100
  libavfilter    10.  1.100 / 10.  1.100
  libswscale      8.  1.100 /  8.  1.100
  libswresample   5.  1.100 /  5.  1.100
  libpostproc    58.  1.100 / 58.  1.100
Input #0, concat, from '/home/marco-lasagna/Scaricati/ffmpeg-java/inputFile.txt':
  Duration: N/A, start: 0.000000, bitrate: N/A
  Stream #0:0: Video: mjpeg (Baseline), yuvj420p(pc, bt470bg/unknown/unknown), 4501x4500 [SAR 1:1 DAR 4501:4500], 25 fps, 25 tbr, 25 tbn
Stream mapping:
  Stream #0:0 -> #0:0 (mjpeg (native) -> h264 (libx264))
Press [q] to stop, [?] for help
[swscaler @ 0x7891b8016b00] deprecated pixel format used, make sure you did set range correctly
    Last message repeated 1 times
[swscaler @ 0x7891b8b407c0] deprecated pixel format used, make sure you did set range correctly
    Last message repeated 1 times
[vost#0:0/libx264 @ 0x635e16032ac0] No information about the input framerate is available. Falling back to a default value of 25fps. Use the -r option if you want a different framerate.
[libx264 @ 0x635e16028e80] using SAR=2048/4095
[libx264 @ 0x635e16028e80] using cpu capabilities: MMX2 SSE2Fast SSSE3 SSE4.2 AVX FMA3 BMI2 AVX2
[libx264 @ 0x635e16028e80] profile High, level 4.0, 4:2:0, 8-bit
[libx264 @ 0x635e16028e80] 264 - core 164 r3108 31e19f9 - H.264/MPEG-4 AVC codec - Copyleft 2003-2023 - http://www.videolan.org/x264.html - options: cabac=1 ref=3 deblock=1:0:0 analyse=0x3:0x113 me=hex subme=7 psy=1 psy_rd=1.00:0.00 mixed_ref=1 me_range=16 chroma_me=1 trellis=1 8x8dct=1 cqm=0 deadzone=21,11 fast_pskip=1 chroma_qp_offset=-2 threads=30 lookahead_threads=5 sliced_threads=0 nr=0 decimate=1 interlaced=0 bluray_compat=0 constrained_intra=0 bframes=3 b_pyramid=2 b_adapt=1 b_bias=0 direct=1 weightb=1 open_gop=0 weightp=2 keyint=250 keyint_min=25 scenecut=40 intra_refresh=0 rc_lookahead=40 rc=crf mbtree=1 crf=23.0 qcomp=0.60 qpmin=0 qpmax=69 qpstep=4 ip_ratio=1.40 aq=1:1.00
Output #0, mp4, to './src/test/resources/output/translation/video/309.mp4':
  Metadata:
    encoder         : Lavf61.1.100
  Stream #0:0: Video: h264 (avc1 / 0x31637661), yuvj420p(pc, progressive), 2048x1024 [SAR 4501:9000 DAR 4501:4500], q=2-31, 25 fps, 12800 tbn
      Metadata:
        encoder         : Lavc61.3.100 libx264
      Side data:
        cpb: bitrate max/min/avg: 0/0/0 buffer size: 0 vbv_delay: N/A
[out#0/mp4 @ 0x635e16030b40] video:32KiB audio:0KiB subtitle:0KiB other streams:0KiB global headers:0KiB muxing overhead: 2.929063%
frame=    6 fps=0.0 q=-1.0 Lsize=      33KiB time=00:00:00.16 bitrate=1674.5kbits/s dup=0 drop=19 speed=0.584x    
[libx264 @ 0x635e16028e80] frame I:1     Avg QP:18.36  size: 30289
[libx264 @ 0x635e16028e80] frame P:2     Avg QP:18.93  size:   414
[libx264 @ 0x635e16028e80] frame B:3     Avg QP:21.60  size:   243
[libx264 @ 0x635e16028e80] consecutive B-frames: 33.3%  0.0%  0.0% 66.7%
[libx264 @ 0x635e16028e80] mb I  I16..4: 26.0% 63.6% 10.4%
[libx264 @ 0x635e16028e80] mb P  I16..4:  0.1%  0.1%  0.0%  P16..4:  1.2%  0.2%  0.1%  0.0%  0.0%    skip:98.3%
[libx264 @ 0x635e16028e80] mb B  I16..4:  0.0%  0.0%  0.0%  B16..8:  1.2%  0.1%  0.0%  direct: 0.0%  skip:98.6%  L0:45.1% L1:52.6% BI: 2.2%
[libx264 @ 0x635e16028e80] 8x8 transform intra:63.6% inter:38.6%
[libx264 @ 0x635e16028e80] coded y,uvDC,uvAC intra: 5.9% 10.2% 9.1% inter: 0.1% 0.0% 0.0%
[libx264 @ 0x635e16028e80] i16 v,h,dc,p: 88% 12%  1%  0%
[libx264 @ 0x635e16028e80] i8 v,h,dc,ddl,ddr,vr,hd,vl,hu: 45%  4% 50%  0%  0%  0%  0%  0%  0%
[libx264 @ 0x635e16028e80] i4 v,h,dc,ddl,ddr,vr,hd,vl,hu: 40% 29% 10%  4%  2%  2%  4%  4%  5%
[libx264 @ 0x635e16028e80] i8c dc,h,v,p: 82% 10%  8%  1%
[libx264 @ 0x635e16028e80] Weighted P-Frames: Y:0.0% UV:0.0%
[libx264 @ 0x635e16028e80] ref P L0: 93.8%  0.8%  1.4%  4.0%
[libx264 @ 0x635e16028e80] ref B L0: 87.6% 12.4%
[libx264 @ 0x635e16028e80] ref B L1: 96.0%  4.0%
[libx264 @ 0x635e16028e80] kb/s:1061.53
ffmpeg version 7.0.2-3ubuntu1 Copyright (c) 2000-2024 the FFmpeg developers
  built with gcc 14 (Ubuntu 14.2.0-2ubuntu1)
  configuration: --prefix=/usr --extra-version=3ubuntu1 --toolchain=hardened --libdir=/usr/lib/x86_64-linux-gnu --incdir=/usr/include/x86_64-linux-gnu --arch=amd64 --enable-gpl --disable-stripping --disable-libmfx --disable-omx --enable-gnutls --enable-libaom --enable-libass --enable-libbs2b --enable-libcdio --enable-libcodec2 --enable-libdav1d --enable-libflite --enable-libfontconfig --enable-libfreetype --enable-libfribidi --enable-libglslang --enable-libgme --enable-libgsm --enable-libharfbuzz --enable-libmp3lame --enable-libmysofa --enable-libopenjpeg --enable-libopenmpt --enable-libopus --enable-librubberband --enable-libshine --enable-libsnappy --enable-libsoxr --enable-libspeex --enable-libtheora --enable-libtwolame --enable-libvidstab --enable-libvorbis --enable-libvpx --enable-libwebp --enable-libx265 --enable-libxml2 --enable-libxvid --enable-libzimg --enable-openal --enable-opencl --enable-opengl --disable-sndio --enable-libvpl --enable-libdc1394 --enable-libdrm --enable-libiec61883 --enable-chromaprint --enable-frei0r --enable-ladspa --enable-libbluray --enable-libcaca --enable-libdvdnav --enable-libdvdread --enable-libjack --enable-libpulse --enable-librabbitmq --enable-librist --enable-libsrt --enable-libssh --enable-libsvtav1 --enable-libx264 --enable-libzmq --enable-libzvbi --enable-lv2 --enable-sdl2 --enable-libplacebo --enable-librav1e --enable-pocketsphinx --enable-librsvg --enable-libjxl --enable-shared
  libavutil      59.  8.100 / 59.  8.100
  libavcodec     61.  3.100 / 61.  3.100
  libavformat    61.  1.100 / 61.  1.100
  libavdevice    61.  1.100 / 61.  1.100
  libavfilter    10.  1.100 / 10.  1.100
  libswscale      8.  1.100 /  8.  1.100
  libswresample   5.  1.100 /  5.  1.100
  libpostproc    58.  1.100 / 58.  1.100
Input #0, concat, from '/home/marco-lasagna/Scaricati/ffmpeg-java/inputFile.txt':
  Duration: N/A, start: 0.000000, bitrate: N/A
  Stream #0:0: Video: mjpeg (Baseline), yuvj420p(pc, bt470bg/unknown/unknown), 4501x4500 [SAR 1:1 DAR 4501:4500], 25 fps, 25 tbr, 25 tbn
Stream mapping:
  Stream #0:0 -> #0:0 (mjpeg (native) -> h264 (libx264))
Press [q] to stop, [?] for help
[swscaler @ 0x732d90016b00] deprecated pixel format used, make sure you did set range correctly
    Last message repeated 1 times
[swscaler @ 0x732d90b407c0] deprecated pixel format used, make sure you did set range correctly
    Last message repeated 1 times
[vost#0:0/libx264 @ 0x58932ce73ac0] No information about the input framerate is available. Falling back to a default value of 25fps. Use the -r option if you want a different framerate.
[libx264 @ 0x58932ce69e80] using SAR=2048/4095
[libx264 @ 0x58932ce69e80] using cpu capabilities: MMX2 SSE2Fast SSSE3 SSE4.2 AVX FMA3 BMI2 AVX2
[libx264 @ 0x58932ce69e80] profile High, level 4.0, 4:2:0, 8-bit
[libx264 @ 0x58932ce69e80] 264 - core 164 r3108 31e19f9 - H.264/MPEG-4 AVC codec - Copyleft 2003-2023 - http://www.videolan.org/x264.html - options: cabac=1 ref=3 deblock=1:0:0 analyse=0x3:0x113 me=hex subme=7 psy=1 psy_rd=1.00:0.00 mixed_ref=1 me_range=16 chroma_me=1 trellis=1 8x8dct=1 cqm=0 deadzone=21,11 fast_pskip=1 chroma_qp_offset=-2 threads=30 lookahead_threads=5 sliced_threads=0 nr=0 decimate=1 interlaced=0 bluray_compat=0 constrained_intra=0 bframes=3 b_pyramid=2 b_adapt=1 b_bias=0 direct=1 weightb=1 open_gop=0 weightp=2 keyint=250 keyint_min=25 scenecut=40 intra_refresh=0 rc_lookahead=40 rc=crf mbtree=1 crf=23.0 qcomp=0.60 qpmin=0 qpmax=69 qpstep=4 ip_ratio=1.40 aq=1:1.00
Output #0, mp4, to './src/test/resources/output/translation/video/319.mp4':
  Metadata:
    encoder         : Lavf61.1.100
  Stream #0:0: Video: h264 (avc1 / 0x31637661), yuvj420p(pc, progressive), 2048x1024 [SAR 4501:9000 DAR 4501:4500], q=2-31, 25 fps, 12800 tbn
      Metadata:
        encoder         : Lavc61.3.100 libx264
      Side data:
        cpb: bitrate max/min/avg: 0/0/0 buffer size: 0 vbv_delay: N/A
[out#0/mp4 @ 0x58932ce71b40] video:32KiB audio:0KiB subtitle:0KiB other streams:0KiB global headers:0KiB muxing overhead: 2.905488%
frame=    6 fps=0.0 q=-1.0 Lsize=      33KiB time=00:00:00.16 bitrate=1687.7kbits/s dup=0 drop=19 speed=0.606x    
[libx264 @ 0x58932ce69e80] frame I:1     Avg QP:18.48  size: 30342
[libx264 @ 0x58932ce69e80] frame P:2     Avg QP:18.97  size:   478
[libx264 @ 0x58932ce69e80] frame B:3     Avg QP:19.07  size:   270
[libx264 @ 0x58932ce69e80] consecutive B-frames: 33.3%  0.0%  0.0% 66.7%
[libx264 @ 0x58932ce69e80] mb I  I16..4: 16.7% 72.9% 10.4%
[libx264 @ 0x58932ce69e80] mb P  I16..4:  0.1%  0.1%  0.0%  P16..4:  1.3%  0.2%  0.1%  0.0%  0.0%    skip:98.2%
[libx264 @ 0x58932ce69e80] mb B  I16..4:  0.0%  0.0%  0.0%  B16..8:  1.2%  0.1%  0.0%  direct: 0.0%  skip:98.5%  L0:43.9% L1:53.9% BI: 2.2%
[libx264 @ 0x58932ce69e80] 8x8 transform intra:72.8% inter:27.3%
[libx264 @ 0x58932ce69e80] coded y,uvDC,uvAC intra: 6.0% 10.2% 9.1% inter: 0.1% 0.0% 0.0%
[libx264 @ 0x58932ce69e80] i16 v,h,dc,p: 81% 17%  1%  0%
[libx264 @ 0x58932ce69e80] i8 v,h,dc,ddl,ddr,vr,hd,vl,hu: 57%  9% 34%  0%  0%  0%  0%  0%  0%
[libx264 @ 0x58932ce69e80] i4 v,h,dc,ddl,ddr,vr,hd,vl,hu: 40% 29% 10%  4%  2%  2%  4%  4%  5%
[libx264 @ 0x58932ce69e80] i8c dc,h,v,p: 82%  9%  8%  1%
[libx264 @ 0x58932ce69e80] Weighted P-Frames: Y:0.0% UV:0.0%
[libx264 @ 0x58932ce69e80] ref P L0: 94.6%  0.0%  1.3%  4.0%
[libx264 @ 0x58932ce69e80] ref B L0: 90.3%  9.7%
[libx264 @ 0x58932ce69e80] ref B L1: 95.3%  4.7%
[libx264 @ 0x58932ce69e80] kb/s:1070.33
ffmpeg version 7.0.2-3ubuntu1 Copyright (c) 2000-2024 the FFmpeg developers
  built with gcc 14 (Ubuntu 14.2.0-2ubuntu1)
  configuration: --prefix=/usr --extra-version=3ubuntu1 --toolchain=hardened --libdir=/usr/lib/x86_64-linux-gnu --incdir=/usr/include/x86_64-linux-gnu --arch=amd64 --enable-gpl --disable-stripping --disable-libmfx --disable-omx --enable-gnutls --enable-libaom --enable-libass --enable-libbs2b --enable-libcdio --enable-libcodec2 --enable-libdav1d --enable-libflite --enable-libfontconfig --enable-libfreetype --enable-libfribidi --enable-libglslang --enable-libgme --enable-libgsm --enable-libharfbuzz --enable-libmp3lame --enable-libmysofa --enable-libopenjpeg --enable-libopenmpt --enable-libopus --enable-librubberband --enable-libshine --enable-libsnappy --enable-libsoxr --enable-libspeex --enable-libtheora --enable-libtwolame --enable-libvidstab --enable-libvorbis --enable-libvpx --enable-libwebp --enable-libx265 --enable-libxml2 --enable-libxvid --enable-libzimg --enable-openal --enable-opencl --enable-opengl --disable-sndio --enable-libvpl --enable-libdc1394 --enable-libdrm --enable-libiec61883 --enable-chromaprint --enable-frei0r --enable-ladspa --enable-libbluray --enable-libcaca --enable-libdvdnav --enable-libdvdread --enable-libjack --enable-libpulse --enable-librabbitmq --enable-librist --enable-libsrt --enable-libssh --enable-libsvtav1 --enable-libx264 --enable-libzmq --enable-libzvbi --enable-lv2 --enable-sdl2 --enable-libplacebo --enable-librav1e --enable-pocketsphinx --enable-librsvg --enable-libjxl --enable-shared
  libavutil      59.  8.100 / 59.  8.100
  libavcodec     61.  3.100 / 61.  3.100
  libavformat    61.  1.100 / 61.  1.100
  libavdevice    61.  1.100 / 61.  1.100
  libavfilter    10.  1.100 / 10.  1.100
  libswscale      8.  1.100 /  8.  1.100
  libswresample   5.  1.100 /  5.  1.100
  libpostproc    58.  1.100 / 58.  1.100
Input #0, concat, from '/home/marco-lasagna/Scaricati/ffmpeg-java/inputFile.txt':
  Duration: N/A, start: 0.000000, bitrate: N/A
  Stream #0:0: Video: mjpeg (Baseline), yuvj420p(pc, bt470bg/unknown/unknown), 4501x4500 [SAR 1:1 DAR 4501:4500], 25 fps, 25 tbr, 25 tbn
Stream mapping:
  Stream #0:0 -> #0:0 (mjpeg (native) -> h264 (libx264))
Press [q] to stop, [?] for help
[swscaler @ 0x7b82e8016b00] deprecated pixel format used, make sure you did set range correctly
    Last message repeated 1 times
[swscaler @ 0x7b82e8b407c0] deprecated pixel format used, make sure you did set range correctly
    Last message repeated 1 times
[vost#0:0/libx264 @ 0x6016790d6ac0] No information about the input framerate is available. Falling back to a default value of 25fps. Use the -r option if you want a different framerate.
[libx264 @ 0x6016790cce80] using SAR=2048/4095
[libx264 @ 0x6016790cce80] using cpu capabilities: MMX2 SSE2Fast SSSE3 SSE4.2 AVX FMA3 BMI2 AVX2
[libx264 @ 0x6016790cce80] profile High, level 4.0, 4:2:0, 8-bit
[libx264 @ 0x6016790cce80] 264 - core 164 r3108 31e19f9 - H.264/MPEG-4 AVC codec - Copyleft 2003-2023 - http://www.videolan.org/x264.html - options: cabac=1 ref=3 deblock=1:0:0 analyse=0x3:0x113 me=hex subme=7 psy=1 psy_rd=1.00:0.00 mixed_ref=1 me_range=16 chroma_me=1 trellis=1 8x8dct=1 cqm=0 deadzone=21,11 fast_pskip=1 chroma_qp_offset=-2 threads=30 lookahead_threads=5 sliced_threads=0 nr=0 decimate=1 interlaced=0 bluray_compat=0 constrained_intra=0 bframes=3 b_pyramid=2 b_adapt=1 b_bias=0 direct=1 weightb=1 open_gop=0 weightp=2 keyint=250 keyint_min=25 scenecut=40 intra_refresh=0 rc_lookahead=40 rc=crf mbtree=1 crf=23.0 qcomp=0.60 qpmin=0 qpmax=69 qpstep=4 ip_ratio=1.40 aq=1:1.00
Output #0, mp4, to './src/test/resources/output/translation/video/329.mp4':
  Metadata:
    encoder         : Lavf61.1.100
  Stream #0:0: Video: h264 (avc1 / 0x31637661), yuvj420p(pc, progressive), 2048x1024 [SAR 4501:9000 DAR 4501:4500], q=2-31, 25 fps, 12800 tbn
      Metadata:
        encoder         : Lavc61.3.100 libx264
      Side data:
        cpb: bitrate max/min/avg: 0/0/0 buffer size: 0 vbv_delay: N/A
[out#0/mp4 @ 0x6016790d4b40] video:32KiB audio:0KiB subtitle:0KiB other streams:0KiB global headers:0KiB muxing overhead: 2.933030%
frame=    6 fps=0.0 q=-1.0 Lsize=      33KiB time=00:00:00.16 bitrate=1672.2kbits/s dup=0 drop=19 speed=0.63x    
[libx264 @ 0x6016790cce80] frame I:1     Avg QP:18.53  size: 30242
[libx264 @ 0x6016790cce80] frame P:2     Avg QP:16.54  size:   402
[libx264 @ 0x6016790cce80] frame B:3     Avg QP:31.36  size:   252
[libx264 @ 0x6016790cce80] consecutive B-frames: 33.3%  0.0%  0.0% 66.7%
[libx264 @ 0x6016790cce80] mb I  I16..4: 14.1% 75.6% 10.4%
[libx264 @ 0x6016790cce80] mb P  I16..4:  0.2%  0.1%  0.0%  P16..4:  1.4%  0.2%  0.0%  0.0%  0.0%    skip:98.1%
[libx264 @ 0x6016790cce80] mb B  I16..4:  0.0%  0.0%  0.0%  B16..8:  1.2%  0.1%  0.0%  direct: 0.0%  skip:98.7%  L0:56.1% L1:41.0% BI: 2.9%
[libx264 @ 0x6016790cce80] 8x8 transform intra:75.4% inter:46.4%
[libx264 @ 0x6016790cce80] coded y,uvDC,uvAC intra: 6.0% 10.2% 9.1% inter: 0.1% 0.0% 0.0%
[libx264 @ 0x6016790cce80] i16 v,h,dc,p: 79% 20%  1%  0%
[libx264 @ 0x6016790cce80] i8 v,h,dc,ddl,ddr,vr,hd,vl,hu: 55%  9% 35%  0%  0%  0%  0%  0%  0%
[libx264 @ 0x6016790cce80] i4 v,h,dc,ddl,ddr,vr,hd,vl,hu: 39% 30% 10%  4%  2%  2%  4%  4%  5%
[libx264 @ 0x6016790cce80] i8c dc,h,v,p: 82%  9%  8%  1%
[libx264 @ 0x6016790cce80] Weighted P-Frames: Y:0.0% UV:0.0%
[libx264 @ 0x6016790cce80] ref P L0: 94.7%  0.0%  1.6%  3.8%
[libx264 @ 0x6016790cce80] ref B L0: 89.5% 10.5%
[libx264 @ 0x6016790cce80] ref B L1: 94.3%  5.7%
[libx264 @ 0x6016790cce80] kb/s:1060.07
ffmpeg version 7.0.2-3ubuntu1 Copyright (c) 2000-2024 the FFmpeg developers
  built with gcc 14 (Ubuntu 14.2.0-2ubuntu1)
  configuration: --prefix=/usr --extra-version=3ubuntu1 --toolchain=hardened --libdir=/usr/lib/x86_64-linux-gnu --incdir=/usr/include/x86_64-linux-gnu --arch=amd64 --enable-gpl --disable-stripping --disable-libmfx --disable-omx --enable-gnutls --enable-libaom --enable-libass --enable-libbs2b --enable-libcdio --enable-libcodec2 --enable-libdav1d --enable-libflite --enable-libfontconfig --enable-libfreetype --enable-libfribidi --enable-libglslang --enable-libgme --enable-libgsm --enable-libharfbuzz --enable-libmp3lame --enable-libmysofa --enable-libopenjpeg --enable-libopenmpt --enable-libopus --enable-librubberband --enable-libshine --enable-libsnappy --enable-libsoxr --enable-libspeex --enable-libtheora --enable-libtwolame --enable-libvidstab --enable-libvorbis --enable-libvpx --enable-libwebp --enable-libx265 --enable-libxml2 --enable-libxvid --enable-libzimg --enable-openal --enable-opencl --enable-opengl --disable-sndio --enable-libvpl --enable-libdc1394 --enable-libdrm --enable-libiec61883 --enable-chromaprint --enable-frei0r --enable-ladspa --enable-libbluray --enable-libcaca --enable-libdvdnav --enable-libdvdread --enable-libjack --enable-libpulse --enable-librabbitmq --enable-librist --enable-libsrt --enable-libssh --enable-libsvtav1 --enable-libx264 --enable-libzmq --enable-libzvbi --enable-lv2 --enable-sdl2 --enable-libplacebo --enable-librav1e --enable-pocketsphinx --enable-librsvg --enable-libjxl --enable-shared
  libavutil      59.  8.100 / 59.  8.100
  libavcodec     61.  3.100 / 61.  3.100
  libavformat    61.  1.100 / 61.  1.100
  libavdevice    61.  1.100 / 61.  1.100
  libavfilter    10.  1.100 / 10.  1.100
  libswscale      8.  1.100 /  8.  1.100
  libswresample   5.  1.100 /  5.  1.100
  libpostproc    58.  1.100 / 58.  1.100
Input #0, concat, from '/home/marco-lasagna/Scaricati/ffmpeg-java/inputFile.txt':
  Duration: N/A, start: 0.000000, bitrate: N/A
  Stream #0:0: Video: mjpeg (Baseline), yuvj420p(pc, bt470bg/unknown/unknown), 4501x4500 [SAR 1:1 DAR 4501:4500], 25 fps, 25 tbr, 25 tbn
Stream mapping:
  Stream #0:0 -> #0:0 (mjpeg (native) -> h264 (libx264))
Press [q] to stop, [?] for help
[swscaler @ 0x710a7c016b00] deprecated pixel format used, make sure you did set range correctly
    Last message repeated 1 times
[swscaler @ 0x710a7cb407c0] deprecated pixel format used, make sure you did set range correctly
    Last message repeated 1 times
[vost#0:0/libx264 @ 0x5b202b735ac0] No information about the input framerate is available. Falling back to a default value of 25fps. Use the -r option if you want a different framerate.
[libx264 @ 0x5b202b72be80] using SAR=2048/4095
[libx264 @ 0x5b202b72be80] using cpu capabilities: MMX2 SSE2Fast SSSE3 SSE4.2 AVX FMA3 BMI2 AVX2
[libx264 @ 0x5b202b72be80] profile High, level 4.0, 4:2:0, 8-bit
[libx264 @ 0x5b202b72be80] 264 - core 164 r3108 31e19f9 - H.264/MPEG-4 AVC codec - Copyleft 2003-2023 - http://www.videolan.org/x264.html - options: cabac=1 ref=3 deblock=1:0:0 analyse=0x3:0x113 me=hex subme=7 psy=1 psy_rd=1.00:0.00 mixed_ref=1 me_range=16 chroma_me=1 trellis=1 8x8dct=1 cqm=0 deadzone=21,11 fast_pskip=1 chroma_qp_offset=-2 threads=30 lookahead_threads=5 sliced_threads=0 nr=0 decimate=1 interlaced=0 bluray_compat=0 constrained_intra=0 bframes=3 b_pyramid=2 b_adapt=1 b_bias=0 direct=1 weightb=1 open_gop=0 weightp=2 keyint=250 keyint_min=25 scenecut=40 intra_refresh=0 rc_lookahead=40 rc=crf mbtree=1 crf=23.0 qcomp=0.60 qpmin=0 qpmax=69 qpstep=4 ip_ratio=1.40 aq=1:1.00
Output #0, mp4, to './src/test/resources/output/translation/video/339.mp4':
  Metadata:
    encoder         : Lavf61.1.100
  Stream #0:0: Video: h264 (avc1 / 0x31637661), yuvj420p(pc, progressive), 2048x1024 [SAR 4501:9000 DAR 4501:4500], q=2-31, 25 fps, 12800 tbn
      Metadata:
        encoder         : Lavc61.3.100 libx264
      Side data:
        cpb: bitrate max/min/avg: 0/0/0 buffer size: 0 vbv_delay: N/A
[out#0/mp4 @ 0x5b202b733b40] video:32KiB audio:0KiB subtitle:0KiB other streams:0KiB global headers:0KiB muxing overhead: 2.921431%
frame=    6 fps=0.0 q=-1.0 Lsize=      33KiB time=00:00:00.16 bitrate=1678.7kbits/s dup=0 drop=19 speed=0.66x    
[libx264 @ 0x5b202b72be80] frame I:1     Avg QP:18.64  size: 30337
[libx264 @ 0x5b202b72be80] frame P:2     Avg QP:19.57  size:   413
[libx264 @ 0x5b202b72be80] frame B:3     Avg QP:19.24  size:   256
[libx264 @ 0x5b202b72be80] consecutive B-frames: 33.3%  0.0%  0.0% 66.7%
[libx264 @ 0x5b202b72be80] mb I  I16..4: 25.0% 64.7% 10.4%
[libx264 @ 0x5b202b72be80] mb P  I16..4:  0.1%  0.1%  0.0%  P16..4:  1.2%  0.2%  0.1%  0.0%  0.0%    skip:98.3%
[libx264 @ 0x5b202b72be80] mb B  I16..4:  0.1%  0.0%  0.0%  B16..8:  1.3%  0.1%  0.0%  direct: 0.0%  skip:98.4%  L0:29.7% L1:68.5% BI: 1.8%
[libx264 @ 0x5b202b72be80] 8x8 transform intra:64.6% inter:13.5%
[libx264 @ 0x5b202b72be80] coded y,uvDC,uvAC intra: 6.0% 10.1% 9.1% inter: 0.1% 0.0% 0.0%
[libx264 @ 0x5b202b72be80] i16 v,h,dc,p: 87% 12%  1%  0%
[libx264 @ 0x5b202b72be80] i8 v,h,dc,ddl,ddr,vr,hd,vl,hu: 57% 11% 32%  0%  0%  0%  0%  0%  0%
[libx264 @ 0x5b202b72be80] i4 v,h,dc,ddl,ddr,vr,hd,vl,hu: 41% 30%  8%  4%  2%  2%  4%  4%  5%
[libx264 @ 0x5b202b72be80] i8c dc,h,v,p: 82%  9%  8%  1%
[libx264 @ 0x5b202b72be80] Weighted P-Frames: Y:0.0% UV:0.0%
[libx264 @ 0x5b202b72be80] ref P L0: 92.6%  1.1%  2.1%  4.2%
[libx264 @ 0x5b202b72be80] ref B L0: 83.7% 16.3%
[libx264 @ 0x5b202b72be80] ref B L1: 96.8%  3.2%
[libx264 @ 0x5b202b72be80] kb/s:1064.37
ffmpeg version 7.0.2-3ubuntu1 Copyright (c) 2000-2024 the FFmpeg developers
  built with gcc 14 (Ubuntu 14.2.0-2ubuntu1)
  configuration: --prefix=/usr --extra-version=3ubuntu1 --toolchain=hardened --libdir=/usr/lib/x86_64-linux-gnu --incdir=/usr/include/x86_64-linux-gnu --arch=amd64 --enable-gpl --disable-stripping --disable-libmfx --disable-omx --enable-gnutls --enable-libaom --enable-libass --enable-libbs2b --enable-libcdio --enable-libcodec2 --enable-libdav1d --enable-libflite --enable-libfontconfig --enable-libfreetype --enable-libfribidi --enable-libglslang --enable-libgme --enable-libgsm --enable-libharfbuzz --enable-libmp3lame --enable-libmysofa --enable-libopenjpeg --enable-libopenmpt --enable-libopus --enable-librubberband --enable-libshine --enable-libsnappy --enable-libsoxr --enable-libspeex --enable-libtheora --enable-libtwolame --enable-libvidstab --enable-libvorbis --enable-libvpx --enable-libwebp --enable-libx265 --enable-libxml2 --enable-libxvid --enable-libzimg --enable-openal --enable-opencl --enable-opengl --disable-sndio --enable-libvpl --enable-libdc1394 --enable-libdrm --enable-libiec61883 --enable-chromaprint --enable-frei0r --enable-ladspa --enable-libbluray --enable-libcaca --enable-libdvdnav --enable-libdvdread --enable-libjack --enable-libpulse --enable-librabbitmq --enable-librist --enable-libsrt --enable-libssh --enable-libsvtav1 --enable-libx264 --enable-libzmq --enable-libzvbi --enable-lv2 --enable-sdl2 --enable-libplacebo --enable-librav1e --enable-pocketsphinx --enable-librsvg --enable-libjxl --enable-shared
  libavutil      59.  8.100 / 59.  8.100
  libavcodec     61.  3.100 / 61.  3.100
  libavformat    61.  1.100 / 61.  1.100
  libavdevice    61.  1.100 / 61.  1.100
  libavfilter    10.  1.100 / 10.  1.100
  libswscale      8.  1.100 /  8.  1.100
  libswresample   5.  1.100 /  5.  1.100
  libpostproc    58.  1.100 / 58.  1.100
Input #0, concat, from '/home/marco-lasagna/Scaricati/ffmpeg-java/inputFile.txt':
  Duration: N/A, start: 0.000000, bitrate: N/A
  Stream #0:0: Video: mjpeg (Baseline), yuvj420p(pc, bt470bg/unknown/unknown), 4501x4500 [SAR 1:1 DAR 4501:4500], 25 fps, 25 tbr, 25 tbn
Stream mapping:
  Stream #0:0 -> #0:0 (mjpeg (native) -> h264 (libx264))
Press [q] to stop, [?] for help
[swscaler @ 0x74bd94016b00] deprecated pixel format used, make sure you did set range correctly
    Last message repeated 1 times
[swscaler @ 0x74bd94b407c0] deprecated pixel format used, make sure you did set range correctly
    Last message repeated 1 times
[vost#0:0/libx264 @ 0x58747f67fac0] No information about the input framerate is available. Falling back to a default value of 25fps. Use the -r option if you want a different framerate.
[libx264 @ 0x58747f675e80] using SAR=2048/4095
[libx264 @ 0x58747f675e80] using cpu capabilities: MMX2 SSE2Fast SSSE3 SSE4.2 AVX FMA3 BMI2 AVX2
[libx264 @ 0x58747f675e80] profile High, level 4.0, 4:2:0, 8-bit
[libx264 @ 0x58747f675e80] 264 - core 164 r3108 31e19f9 - H.264/MPEG-4 AVC codec - Copyleft 2003-2023 - http://www.videolan.org/x264.html - options: cabac=1 ref=3 deblock=1:0:0 analyse=0x3:0x113 me=hex subme=7 psy=1 psy_rd=1.00:0.00 mixed_ref=1 me_range=16 chroma_me=1 trellis=1 8x8dct=1 cqm=0 deadzone=21,11 fast_pskip=1 chroma_qp_offset=-2 threads=30 lookahead_threads=5 sliced_threads=0 nr=0 decimate=1 interlaced=0 bluray_compat=0 constrained_intra=0 bframes=3 b_pyramid=2 b_adapt=1 b_bias=0 direct=1 weightb=1 open_gop=0 weightp=2 keyint=250 keyint_min=25 scenecut=40 intra_refresh=0 rc_lookahead=40 rc=crf mbtree=1 crf=23.0 qcomp=0.60 qpmin=0 qpmax=69 qpstep=4 ip_ratio=1.40 aq=1:1.00
Output #0, mp4, to './src/test/resources/output/translation/video/349.mp4':
  Metadata:
    encoder         : Lavf61.1.100
  Stream #0:0: Video: h264 (avc1 / 0x31637661), yuvj420p(pc, progressive), 2048x1024 [SAR 4501:9000 DAR 4501:4500], q=2-31, 25 fps, 12800 tbn
      Metadata:
        encoder         : Lavc61.3.100 libx264
      Side data:
        cpb: bitrate max/min/avg: 0/0/0 buffer size: 0 vbv_delay: N/A
[out#0/mp4 @ 0x58747f67db40] video:32KiB audio:0KiB subtitle:0KiB other streams:0KiB global headers:0KiB muxing overhead: 2.924479%
frame=    6 fps=0.0 q=-1.0 Lsize=      33KiB time=00:00:00.16 bitrate=1677.0kbits/s dup=0 drop=19 speed=0.644x    
[libx264 @ 0x58747f675e80] frame I:1     Avg QP:18.53  size: 30289
[libx264 @ 0x58747f675e80] frame P:2     Avg QP:16.52  size:   425
[libx264 @ 0x58747f675e80] frame B:3     Avg QP:25.89  size:   253
[libx264 @ 0x58747f675e80] consecutive B-frames: 33.3%  0.0%  0.0% 66.7%
[libx264 @ 0x58747f675e80] mb I  I16..4: 25.7% 63.9% 10.4%
[libx264 @ 0x58747f675e80] mb P  I16..4:  0.1%  0.2%  0.0%  P16..4:  0.9%  0.1%  0.1%  0.0%  0.0%    skip:98.6%
[libx264 @ 0x58747f675e80] mb B  I16..4:  0.0%  0.0%  0.0%  B16..8:  1.2%  0.1%  0.0%  direct: 0.0%  skip:98.6%  L0:50.2% L1:48.1% BI: 1.6%
[libx264 @ 0x58747f675e80] 8x8 transform intra:63.8% inter:46.0%
[libx264 @ 0x58747f675e80] coded y,uvDC,uvAC intra: 6.1% 10.1% 9.1% inter: 0.1% 0.0% 0.0%
[libx264 @ 0x58747f675e80] i16 v,h,dc,p: 87% 12%  1%  0%
[libx264 @ 0x58747f675e80] i8 v,h,dc,ddl,ddr,vr,hd,vl,hu: 59%  7% 33%  0%  0%  0%  0%  0%  0%
[libx264 @ 0x58747f675e80] i4 v,h,dc,ddl,ddr,vr,hd,vl,hu: 39% 30% 10%  4%  2%  2%  4%  4%  5%
[libx264 @ 0x58747f675e80] i8c dc,h,v,p: 82%  9%  8%  1%
[libx264 @ 0x58747f675e80] Weighted P-Frames: Y:0.0% UV:0.0%
[libx264 @ 0x58747f675e80] ref P L0: 89.4%  1.7%  2.8%  6.1%
[libx264 @ 0x58747f675e80] ref B L0: 90.0% 10.0%
[libx264 @ 0x58747f675e80] ref B L1: 89.4% 10.6%
[libx264 @ 0x58747f675e80] kb/s:1063.23
ffmpeg version 7.0.2-3ubuntu1 Copyright (c) 2000-2024 the FFmpeg developers
  built with gcc 14 (Ubuntu 14.2.0-2ubuntu1)
  configuration: --prefix=/usr --extra-version=3ubuntu1 --toolchain=hardened --libdir=/usr/lib/x86_64-linux-gnu --incdir=/usr/include/x86_64-linux-gnu --arch=amd64 --enable-gpl --disable-stripping --disable-libmfx --disable-omx --enable-gnutls --enable-libaom --enable-libass --enable-libbs2b --enable-libcdio --enable-libcodec2 --enable-libdav1d --enable-libflite --enable-libfontconfig --enable-libfreetype --enable-libfribidi --enable-libglslang --enable-libgme --enable-libgsm --enable-libharfbuzz --enable-libmp3lame --enable-libmysofa --enable-libopenjpeg --enable-libopenmpt --enable-libopus --enable-librubberband --enable-libshine --enable-libsnappy --enable-libsoxr --enable-libspeex --enable-libtheora --enable-libtwolame --enable-libvidstab --enable-libvorbis --enable-libvpx --enable-libwebp --enable-libx265 --enable-libxml2 --enable-libxvid --enable-libzimg --enable-openal --enable-opencl --enable-opengl --disable-sndio --enable-libvpl --enable-libdc1394 --enable-libdrm --enable-libiec61883 --enable-chromaprint --enable-frei0r --enable-ladspa --enable-libbluray --enable-libcaca --enable-libdvdnav --enable-libdvdread --enable-libjack --enable-libpulse --enable-librabbitmq --enable-librist --enable-libsrt --enable-libssh --enable-libsvtav1 --enable-libx264 --enable-libzmq --enable-libzvbi --enable-lv2 --enable-sdl2 --enable-libplacebo --enable-librav1e --enable-pocketsphinx --enable-librsvg --enable-libjxl --enable-shared
  libavutil      59.  8.100 / 59.  8.100
  libavcodec     61.  3.100 / 61.  3.100
  libavformat    61.  1.100 / 61.  1.100
  libavdevice    61.  1.100 / 61.  1.100
  libavfilter    10.  1.100 / 10.  1.100
  libswscale      8.  1.100 /  8.  1.100
  libswresample   5.  1.100 /  5.  1.100
  libpostproc    58.  1.100 / 58.  1.100
Input #0, concat, from '/home/marco-lasagna/Scaricati/ffmpeg-java/inputFile.txt':
  Duration: N/A, start: 0.000000, bitrate: N/A
  Stream #0:0: Video: mjpeg (Baseline), yuvj420p(pc, bt470bg/unknown/unknown), 4501x4500 [SAR 1:1 DAR 4501:4500], 25 fps, 25 tbr, 25 tbn
Stream mapping:
  Stream #0:0 -> #0:0 (mjpeg (native) -> h264 (libx264))
Press [q] to stop, [?] for help
[swscaler @ 0x7bf5dc016b00] deprecated pixel format used, make sure you did set range correctly
    Last message repeated 1 times
[swscaler @ 0x7bf5dcb407c0] deprecated pixel format used, make sure you did set range correctly
    Last message repeated 1 times
[vost#0:0/libx264 @ 0x5a253b352ac0] No information about the input framerate is available. Falling back to a default value of 25fps. Use the -r option if you want a different framerate.
[libx264 @ 0x5a253b348e80] using SAR=2048/4095
[libx264 @ 0x5a253b348e80] using cpu capabilities: MMX2 SSE2Fast SSSE3 SSE4.2 AVX FMA3 BMI2 AVX2
[libx264 @ 0x5a253b348e80] profile High, level 4.0, 4:2:0, 8-bit
[libx264 @ 0x5a253b348e80] 264 - core 164 r3108 31e19f9 - H.264/MPEG-4 AVC codec - Copyleft 2003-2023 - http://www.videolan.org/x264.html - options: cabac=1 ref=3 deblock=1:0:0 analyse=0x3:0x113 me=hex subme=7 psy=1 psy_rd=1.00:0.00 mixed_ref=1 me_range=16 chroma_me=1 trellis=1 8x8dct=1 cqm=0 deadzone=21,11 fast_pskip=1 chroma_qp_offset=-2 threads=30 lookahead_threads=5 sliced_threads=0 nr=0 decimate=1 interlaced=0 bluray_compat=0 constrained_intra=0 bframes=3 b_pyramid=2 b_adapt=1 b_bias=0 direct=1 weightb=1 open_gop=0 weightp=2 keyint=250 keyint_min=25 scenecut=40 intra_refresh=0 rc_lookahead=40 rc=crf mbtree=1 crf=23.0 qcomp=0.60 qpmin=0 qpmax=69 qpstep=4 ip_ratio=1.40 aq=1:1.00
Output #0, mp4, to './src/test/resources/output/translation/video/359.mp4':
  Metadata:
    encoder         : Lavf61.1.100
  Stream #0:0: Video: h264 (avc1 / 0x31637661), yuvj420p(pc, progressive), 2048x1024 [SAR 4501:9000 DAR 4501:4500], q=2-31, 25 fps, 12800 tbn
      Metadata:
        encoder         : Lavc61.3.100 libx264
      Side data:
        cpb: bitrate max/min/avg: 0/0/0 buffer size: 0 vbv_delay: N/A
[out#0/mp4 @ 0x5a253b350b40] video:32KiB audio:0KiB subtitle:0KiB other streams:0KiB global headers:0KiB muxing overhead: 2.920446%
frame=    6 fps=0.0 q=-1.0 Lsize=      33KiB time=00:00:00.16 bitrate=1679.2kbits/s dup=0 drop=19 speed=0.651x    
[libx264 @ 0x5a253b348e80] frame I:1     Avg QP:18.55  size: 30309
[libx264 @ 0x5a253b348e80] frame P:2     Avg QP:18.36  size:   428
[libx264 @ 0x5a253b348e80] frame B:3     Avg QP:22.10  size:   259
[libx264 @ 0x5a253b348e80] consecutive B-frames: 33.3%  0.0%  0.0% 66.7%
[libx264 @ 0x5a253b348e80] mb I  I16..4: 17.0% 72.7% 10.4%
[libx264 @ 0x5a253b348e80] mb P  I16..4:  0.1%  0.1%  0.0%  P16..4:  1.2%  0.2%  0.0%  0.0%  0.0%    skip:98.3%
[libx264 @ 0x5a253b348e80] mb B  I16..4:  0.0%  0.0%  0.0%  B16..8:  1.2%  0.1%  0.0%  direct: 0.0%  skip:98.7%  L0:55.3% L1:41.4% BI: 3.2%
[libx264 @ 0x5a253b348e80] 8x8 transform intra:72.6% inter:27.5%
[libx264 @ 0x5a253b348e80] coded y,uvDC,uvAC intra: 6.0% 10.2% 9.1% inter: 0.1% 0.0% 0.0%
[libx264 @ 0x5a253b348e80] i16 v,h,dc,p: 81% 18%  1%  0%
[libx264 @ 0x5a253b348e80] i8 v,h,dc,ddl,ddr,vr,hd,vl,hu: 53% 13% 34%  0%  0%  0%  0%  0%  0%
[libx264 @ 0x5a253b348e80] i4 v,h,dc,ddl,ddr,vr,hd,vl,hu: 39% 30% 10%  4%  2%  2%  4%  4%  5%
[libx264 @ 0x5a253b348e80] i8c dc,h,v,p: 82%  9%  8%  1%
[libx264 @ 0x5a253b348e80] Weighted P-Frames: Y:0.0% UV:0.0%
[libx264 @ 0x5a253b348e80] ref P L0: 90.8%  0.0%  1.4%  7.9%
[libx264 @ 0x5a253b348e80] ref B L0: 91.5%  8.5%
[libx264 @ 0x5a253b348e80] ref B L1: 95.0%  5.0%
[libx264 @ 0x5a253b348e80] kb/s:1064.73
ffmpeg version 7.0.2-3ubuntu1 Copyright (c) 2000-2024 the FFmpeg developers
  built with gcc 14 (Ubuntu 14.2.0-2ubuntu1)
  configuration: --prefix=/usr --extra-version=3ubuntu1 --toolchain=hardened --libdir=/usr/lib/x86_64-linux-gnu --incdir=/usr/include/x86_64-linux-gnu --arch=amd64 --enable-gpl --disable-stripping --disable-libmfx --disable-omx --enable-gnutls --enable-libaom --enable-libass --enable-libbs2b --enable-libcdio --enable-libcodec2 --enable-libdav1d --enable-libflite --enable-libfontconfig --enable-libfreetype --enable-libfribidi --enable-libglslang --enable-libgme --enable-libgsm --enable-libharfbuzz --enable-libmp3lame --enable-libmysofa --enable-libopenjpeg --enable-libopenmpt --enable-libopus --enable-librubberband --enable-libshine --enable-libsnappy --enable-libsoxr --enable-libspeex --enable-libtheora --enable-libtwolame --enable-libvidstab --enable-libvorbis --enable-libvpx --enable-libwebp --enable-libx265 --enable-libxml2 --enable-libxvid --enable-libzimg --enable-openal --enable-opencl --enable-opengl --disable-sndio --enable-libvpl --enable-libdc1394 --enable-libdrm --enable-libiec61883 --enable-chromaprint --enable-frei0r --enable-ladspa --enable-libbluray --enable-libcaca --enable-libdvdnav --enable-libdvdread --enable-libjack --enable-libpulse --enable-librabbitmq --enable-librist --enable-libsrt --enable-libssh --enable-libsvtav1 --enable-libx264 --enable-libzmq --enable-libzvbi --enable-lv2 --enable-sdl2 --enable-libplacebo --enable-librav1e --enable-pocketsphinx --enable-librsvg --enable-libjxl --enable-shared
  libavutil      59.  8.100 / 59.  8.100
  libavcodec     61.  3.100 / 61.  3.100
  libavformat    61.  1.100 / 61.  1.100
  libavdevice    61.  1.100 / 61.  1.100
  libavfilter    10.  1.100 / 10.  1.100
  libswscale      8.  1.100 /  8.  1.100
  libswresample   5.  1.100 /  5.  1.100
  libpostproc    58.  1.100 / 58.  1.100
Input #0, concat, from '/home/marco-lasagna/Scaricati/ffmpeg-java/inputFile.txt':
  Duration: N/A, start: 0.000000, bitrate: N/A
  Stream #0:0: Video: mjpeg (Baseline), yuvj420p(pc, bt470bg/unknown/unknown), 4501x4500 [SAR 1:1 DAR 4501:4500], 25 fps, 25 tbr, 25 tbn
Stream mapping:
  Stream #0:0 -> #0:0 (mjpeg (native) -> h264 (libx264))
Press [q] to stop, [?] for help
[swscaler @ 0x727610016b00] deprecated pixel format used, make sure you did set range correctly
    Last message repeated 1 times
[swscaler @ 0x727610b407c0] deprecated pixel format used, make sure you did set range correctly
    Last message repeated 1 times
[vost#0:0/libx264 @ 0x563af53c4ac0] No information about the input framerate is available. Falling back to a default value of 25fps. Use the -r option if you want a different framerate.
[libx264 @ 0x563af53bae80] using SAR=2048/4095
[libx264 @ 0x563af53bae80] using cpu capabilities: MMX2 SSE2Fast SSSE3 SSE4.2 AVX FMA3 BMI2 AVX2
[libx264 @ 0x563af53bae80] profile High, level 4.0, 4:2:0, 8-bit
[libx264 @ 0x563af53bae80] 264 - core 164 r3108 31e19f9 - H.264/MPEG-4 AVC codec - Copyleft 2003-2023 - http://www.videolan.org/x264.html - options: cabac=1 ref=3 deblock=1:0:0 analyse=0x3:0x113 me=hex subme=7 psy=1 psy_rd=1.00:0.00 mixed_ref=1 me_range=16 chroma_me=1 trellis=1 8x8dct=1 cqm=0 deadzone=21,11 fast_pskip=1 chroma_qp_offset=-2 threads=30 lookahead_threads=5 sliced_threads=0 nr=0 decimate=1 interlaced=0 bluray_compat=0 constrained_intra=0 bframes=3 b_pyramid=2 b_adapt=1 b_bias=0 direct=1 weightb=1 open_gop=0 weightp=2 keyint=250 keyint_min=25 scenecut=40 intra_refresh=0 rc_lookahead=40 rc=crf mbtree=1 crf=23.0 qcomp=0.60 qpmin=0 qpmax=69 qpstep=4 ip_ratio=1.40 aq=1:1.00
Output #0, mp4, to './src/test/resources/output/translation/video/369.mp4':
  Metadata:
    encoder         : Lavf61.1.100
  Stream #0:0: Video: h264 (avc1 / 0x31637661), yuvj420p(pc, progressive), 2048x1024 [SAR 4501:9000 DAR 4501:4500], q=2-31, 25 fps, 12800 tbn
      Metadata:
        encoder         : Lavc61.3.100 libx264
      Side data:
        cpb: bitrate max/min/avg: 0/0/0 buffer size: 0 vbv_delay: N/A
[out#0/mp4 @ 0x563af53c2b40] video:32KiB audio:0KiB subtitle:0KiB other streams:0KiB global headers:0KiB muxing overhead: 2.914284%
frame=    6 fps=0.0 q=-1.0 Lsize=      33KiB time=00:00:00.16 bitrate=1682.7kbits/s dup=0 drop=19 speed=0.637x    
[libx264 @ 0x563af53bae80] frame I:1     Avg QP:18.55  size: 30385
[libx264 @ 0x563af53bae80] frame P:2     Avg QP:17.48  size:   416
[libx264 @ 0x563af53bae80] frame B:3     Avg QP:23.30  size:   265
[libx264 @ 0x563af53bae80] consecutive B-frames: 33.3%  0.0%  0.0% 66.7%
[libx264 @ 0x563af53bae80] mb I  I16..4: 25.9% 63.6% 10.5%
[libx264 @ 0x563af53bae80] mb P  I16..4:  0.1%  0.1%  0.0%  P16..4:  1.2%  0.2%  0.1%  0.0%  0.0%    skip:98.3%
[libx264 @ 0x563af53bae80] mb B  I16..4:  0.0%  0.0%  0.0%  B16..8:  1.3%  0.1%  0.0%  direct: 0.0%  skip:98.5%  L0:57.7% L1:39.8% BI: 2.6%
[libx264 @ 0x563af53bae80] 8x8 transform intra:63.6% inter:39.7%
[libx264 @ 0x563af53bae80] coded y,uvDC,uvAC intra: 6.0% 10.2% 9.1% inter: 0.1% 0.0% 0.0%
[libx264 @ 0x563af53bae80] i16 v,h,dc,p: 88% 11%  1%  0%
[libx264 @ 0x563af53bae80] i8 v,h,dc,ddl,ddr,vr,hd,vl,hu: 44%  5% 50%  0%  0%  0%  0%  0%  0%
[libx264 @ 0x563af53bae80] i4 v,h,dc,ddl,ddr,vr,hd,vl,hu: 40% 30%  9%  4%  2%  2%  4%  4%  5%
[libx264 @ 0x563af53bae80] i8c dc,h,v,p: 82%  9%  8%  1%
[libx264 @ 0x563af53bae80] Weighted P-Frames: Y:0.0% UV:0.0%
[libx264 @ 0x563af53bae80] ref P L0: 93.6%  0.2%  1.1%  5.1%
[libx264 @ 0x563af53bae80] ref B L0: 87.1% 12.9%
[libx264 @ 0x563af53bae80] ref B L1: 91.1%  8.9%
[libx264 @ 0x563af53bae80] kb/s:1067.03
ffmpeg version 7.0.2-3ubuntu1 Copyright (c) 2000-2024 the FFmpeg developers
  built with gcc 14 (Ubuntu 14.2.0-2ubuntu1)
  configuration: --prefix=/usr --extra-version=3ubuntu1 --toolchain=hardened --libdir=/usr/lib/x86_64-linux-gnu --incdir=/usr/include/x86_64-linux-gnu --arch=amd64 --enable-gpl --disable-stripping --disable-libmfx --disable-omx --enable-gnutls --enable-libaom --enable-libass --enable-libbs2b --enable-libcdio --enable-libcodec2 --enable-libdav1d --enable-libflite --enable-libfontconfig --enable-libfreetype --enable-libfribidi --enable-libglslang --enable-libgme --enable-libgsm --enable-libharfbuzz --enable-libmp3lame --enable-libmysofa --enable-libopenjpeg --enable-libopenmpt --enable-libopus --enable-librubberband --enable-libshine --enable-libsnappy --enable-libsoxr --enable-libspeex --enable-libtheora --enable-libtwolame --enable-libvidstab --enable-libvorbis --enable-libvpx --enable-libwebp --enable-libx265 --enable-libxml2 --enable-libxvid --enable-libzimg --enable-openal --enable-opencl --enable-opengl --disable-sndio --enable-libvpl --enable-libdc1394 --enable-libdrm --enable-libiec61883 --enable-chromaprint --enable-frei0r --enable-ladspa --enable-libbluray --enable-libcaca --enable-libdvdnav --enable-libdvdread --enable-libjack --enable-libpulse --enable-librabbitmq --enable-librist --enable-libsrt --enable-libssh --enable-libsvtav1 --enable-libx264 --enable-libzmq --enable-libzvbi --enable-lv2 --enable-sdl2 --enable-libplacebo --enable-librav1e --enable-pocketsphinx --enable-librsvg --enable-libjxl --enable-shared
  libavutil      59.  8.100 / 59.  8.100
  libavcodec     61.  3.100 / 61.  3.100
  libavformat    61.  1.100 / 61.  1.100
  libavdevice    61.  1.100 / 61.  1.100
  libavfilter    10.  1.100 / 10.  1.100
  libswscale      8.  1.100 /  8.  1.100
  libswresample   5.  1.100 /  5.  1.100
  libpostproc    58.  1.100 / 58.  1.100
Input #0, concat, from '/home/marco-lasagna/Scaricati/ffmpeg-java/inputFile.txt':
  Duration: N/A, start: 0.000000, bitrate: N/A
  Stream #0:0: Video: mjpeg (Baseline), yuvj420p(pc, bt470bg/unknown/unknown), 4501x4500 [SAR 1:1 DAR 4501:4500], 25 fps, 25 tbr, 25 tbn
Stream mapping:
  Stream #0:0 -> #0:0 (mjpeg (native) -> h264 (libx264))
Press [q] to stop, [?] for help
[swscaler @ 0x7d082c016b00] deprecated pixel format used, make sure you did set range correctly
    Last message repeated 1 times
[swscaler @ 0x7d082cb407c0] deprecated pixel format used, make sure you did set range correctly
    Last message repeated 1 times
[vost#0:0/libx264 @ 0x620207c10ac0] No information about the input framerate is available. Falling back to a default value of 25fps. Use the -r option if you want a different framerate.
[libx264 @ 0x620207c06e80] using SAR=2048/4095
[libx264 @ 0x620207c06e80] using cpu capabilities: MMX2 SSE2Fast SSSE3 SSE4.2 AVX FMA3 BMI2 AVX2
[libx264 @ 0x620207c06e80] profile High, level 4.0, 4:2:0, 8-bit
[libx264 @ 0x620207c06e80] 264 - core 164 r3108 31e19f9 - H.264/MPEG-4 AVC codec - Copyleft 2003-2023 - http://www.videolan.org/x264.html - options: cabac=1 ref=3 deblock=1:0:0 analyse=0x3:0x113 me=hex subme=7 psy=1 psy_rd=1.00:0.00 mixed_ref=1 me_range=16 chroma_me=1 trellis=1 8x8dct=1 cqm=0 deadzone=21,11 fast_pskip=1 chroma_qp_offset=-2 threads=30 lookahead_threads=5 sliced_threads=0 nr=0 decimate=1 interlaced=0 bluray_compat=0 constrained_intra=0 bframes=3 b_pyramid=2 b_adapt=1 b_bias=0 direct=1 weightb=1 open_gop=0 weightp=2 keyint=250 keyint_min=25 scenecut=40 intra_refresh=0 rc_lookahead=40 rc=crf mbtree=1 crf=23.0 qcomp=0.60 qpmin=0 qpmax=69 qpstep=4 ip_ratio=1.40 aq=1:1.00
Output #0, mp4, to './src/test/resources/output/translation/video/379.mp4':
  Metadata:
    encoder         : Lavf61.1.100
  Stream #0:0: Video: h264 (avc1 / 0x31637661), yuvj420p(pc, progressive), 2048x1024 [SAR 4501:9000 DAR 4501:4500], q=2-31, 25 fps, 12800 tbn
      Metadata:
        encoder         : Lavc61.3.100 libx264
      Side data:
        cpb: bitrate max/min/avg: 0/0/0 buffer size: 0 vbv_delay: N/A
[out#0/mp4 @ 0x620207c0eb40] video:32KiB audio:0KiB subtitle:0KiB other streams:0KiB global headers:0KiB muxing overhead: 2.921789%
frame=    6 fps=0.0 q=-1.0 Lsize=      33KiB time=00:00:00.16 bitrate=1678.5kbits/s dup=0 drop=19 speed=0.633x    
[libx264 @ 0x620207c06e80] frame I:1     Avg QP:18.44  size: 30354
[libx264 @ 0x620207c06e80] frame P:2     Avg QP:18.16  size:   408
[libx264 @ 0x620207c06e80] frame B:3     Avg QP:31.48  size:   252
[libx264 @ 0x620207c06e80] consecutive B-frames: 33.3%  0.0%  0.0% 66.7%
[libx264 @ 0x620207c06e80] mb I  I16..4: 26.0% 63.5% 10.5%
[libx264 @ 0x620207c06e80] mb P  I16..4:  0.1%  0.1%  0.0%  P16..4:  1.2%  0.1%  0.0%  0.0%  0.0%    skip:98.4%
[libx264 @ 0x620207c06e80] mb B  I16..4:  0.0%  0.0%  0.0%  B16..8:  1.1%  0.1%  0.0%  direct: 0.0%  skip:98.7%  L0:54.5% L1:40.5% BI: 5.0%
[libx264 @ 0x620207c06e80] 8x8 transform intra:63.5% inter:30.6%
[libx264 @ 0x620207c06e80] coded y,uvDC,uvAC intra: 6.0% 10.2% 9.1% inter: 0.1% 0.0% 0.0%
[libx264 @ 0x620207c06e80] i16 v,h,dc,p: 88% 12%  1%  0%
[libx264 @ 0x620207c06e80] i8 v,h,dc,ddl,ddr,vr,hd,vl,hu: 44%  5% 50%  0%  0%  0%  0%  0%  0%
[libx264 @ 0x620207c06e80] i4 v,h,dc,ddl,ddr,vr,hd,vl,hu: 39% 30% 10%  4%  2%  2%  4%  4%  5%
[libx264 @ 0x620207c06e80] i8c dc,h,v,p: 82%  9%  8%  1%
[libx264 @ 0x620207c06e80] Weighted P-Frames: Y:0.0% UV:0.0%
[libx264 @ 0x620207c06e80] ref P L0: 92.4%  0.4%  0.9%  6.3%
[libx264 @ 0x620207c06e80] ref B L0: 88.0% 12.0%
[libx264 @ 0x620207c06e80] ref B L1: 94.9%  5.1%
[libx264 @ 0x620207c06e80] kb/s:1064.23
ffmpeg version 7.0.2-3ubuntu1 Copyright (c) 2000-2024 the FFmpeg developers
  built with gcc 14 (Ubuntu 14.2.0-2ubuntu1)
  configuration: --prefix=/usr --extra-version=3ubuntu1 --toolchain=hardened --libdir=/usr/lib/x86_64-linux-gnu --incdir=/usr/include/x86_64-linux-gnu --arch=amd64 --enable-gpl --disable-stripping --disable-libmfx --disable-omx --enable-gnutls --enable-libaom --enable-libass --enable-libbs2b --enable-libcdio --enable-libcodec2 --enable-libdav1d --enable-libflite --enable-libfontconfig --enable-libfreetype --enable-libfribidi --enable-libglslang --enable-libgme --enable-libgsm --enable-libharfbuzz --enable-libmp3lame --enable-libmysofa --enable-libopenjpeg --enable-libopenmpt --enable-libopus --enable-librubberband --enable-libshine --enable-libsnappy --enable-libsoxr --enable-libspeex --enable-libtheora --enable-libtwolame --enable-libvidstab --enable-libvorbis --enable-libvpx --enable-libwebp --enable-libx265 --enable-libxml2 --enable-libxvid --enable-libzimg --enable-openal --enable-opencl --enable-opengl --disable-sndio --enable-libvpl --enable-libdc1394 --enable-libdrm --enable-libiec61883 --enable-chromaprint --enable-frei0r --enable-ladspa --enable-libbluray --enable-libcaca --enable-libdvdnav --enable-libdvdread --enable-libjack --enable-libpulse --enable-librabbitmq --enable-librist --enable-libsrt --enable-libssh --enable-libsvtav1 --enable-libx264 --enable-libzmq --enable-libzvbi --enable-lv2 --enable-sdl2 --enable-libplacebo --enable-librav1e --enable-pocketsphinx --enable-librsvg --enable-libjxl --enable-shared
  libavutil      59.  8.100 / 59.  8.100
  libavcodec     61.  3.100 / 61.  3.100
  libavformat    61.  1.100 / 61.  1.100
  libavdevice    61.  1.100 / 61.  1.100
  libavfilter    10.  1.100 / 10.  1.100
  libswscale      8.  1.100 /  8.  1.100
  libswresample   5.  1.100 /  5.  1.100
  libpostproc    58.  1.100 / 58.  1.100
Input #0, concat, from '/home/marco-lasagna/Scaricati/ffmpeg-java/inputFile.txt':
  Duration: N/A, start: 0.000000, bitrate: N/A
  Stream #0:0: Video: mjpeg (Baseline), yuvj420p(pc, bt470bg/unknown/unknown), 4501x4500 [SAR 1:1 DAR 4501:4500], 25 fps, 25 tbr, 25 tbn
Stream mapping:
  Stream #0:0 -> #0:0 (mjpeg (native) -> h264 (libx264))
Press [q] to stop, [?] for help
[swscaler @ 0x7ea6fc016b00] deprecated pixel format used, make sure you did set range correctly
    Last message repeated 1 times
[swscaler @ 0x7ea6fcb407c0] deprecated pixel format used, make sure you did set range correctly
    Last message repeated 1 times
[vost#0:0/libx264 @ 0x6420766b6ac0] No information about the input framerate is available. Falling back to a default value of 25fps. Use the -r option if you want a different framerate.
[libx264 @ 0x6420766ace80] using SAR=2048/4095
[libx264 @ 0x6420766ace80] using cpu capabilities: MMX2 SSE2Fast SSSE3 SSE4.2 AVX FMA3 BMI2 AVX2
[libx264 @ 0x6420766ace80] profile High, level 4.0, 4:2:0, 8-bit
[libx264 @ 0x6420766ace80] 264 - core 164 r3108 31e19f9 - H.264/MPEG-4 AVC codec - Copyleft 2003-2023 - http://www.videolan.org/x264.html - options: cabac=1 ref=3 deblock=1:0:0 analyse=0x3:0x113 me=hex subme=7 psy=1 psy_rd=1.00:0.00 mixed_ref=1 me_range=16 chroma_me=1 trellis=1 8x8dct=1 cqm=0 deadzone=21,11 fast_pskip=1 chroma_qp_offset=-2 threads=30 lookahead_threads=5 sliced_threads=0 nr=0 decimate=1 interlaced=0 bluray_compat=0 constrained_intra=0 bframes=3 b_pyramid=2 b_adapt=1 b_bias=0 direct=1 weightb=1 open_gop=0 weightp=2 keyint=250 keyint_min=25 scenecut=40 intra_refresh=0 rc_lookahead=40 rc=crf mbtree=1 crf=23.0 qcomp=0.60 qpmin=0 qpmax=69 qpstep=4 ip_ratio=1.40 aq=1:1.00
Output #0, mp4, to './src/test/resources/output/translation/video/389.mp4':
  Metadata:
    encoder         : Lavf61.1.100
  Stream #0:0: Video: h264 (avc1 / 0x31637661), yuvj420p(pc, progressive), 2048x1024 [SAR 4501:9000 DAR 4501:4500], q=2-31, 25 fps, 12800 tbn
      Metadata:
        encoder         : Lavc61.3.100 libx264
      Side data:
        cpb: bitrate max/min/avg: 0/0/0 buffer size: 0 vbv_delay: N/A
[out#0/mp4 @ 0x6420766b4b40] video:32KiB audio:0KiB subtitle:0KiB other streams:0KiB global headers:0KiB muxing overhead: 2.915443%
frame=    6 fps=0.0 q=-1.0 Lsize=      33KiB time=00:00:00.16 bitrate=1682.0kbits/s dup=0 drop=19 speed=0.644x    
[libx264 @ 0x6420766ace80] frame I:1     Avg QP:18.65  size: 30391
[libx264 @ 0x6420766ace80] frame P:2     Avg QP:18.56  size:   449
[libx264 @ 0x6420766ace80] frame B:3     Avg QP:13.76  size:   236
[libx264 @ 0x6420766ace80] consecutive B-frames: 33.3%  0.0%  0.0% 66.7%
[libx264 @ 0x6420766ace80] mb I  I16..4: 16.5% 73.0% 10.5%
[libx264 @ 0x6420766ace80] mb P  I16..4:  0.1%  0.1%  0.0%  P16..4:  1.3%  0.2%  0.0%  0.0%  0.0%    skip:98.2%
[libx264 @ 0x6420766ace80] mb B  I16..4:  0.0%  0.0%  0.0%  B16..8:  1.1%  0.1%  0.0%  direct: 0.0%  skip:98.7%  L0:62.3% L1:35.2% BI: 2.5%
[libx264 @ 0x6420766ace80] 8x8 transform intra:72.9% inter:30.9%
[libx264 @ 0x6420766ace80] coded y,uvDC,uvAC intra: 6.0% 10.2% 9.1% inter: 0.1% 0.0% 0.0%
[libx264 @ 0x6420766ace80] i16 v,h,dc,p: 82% 17%  1%  0%
[libx264 @ 0x6420766ace80] i8 v,h,dc,ddl,ddr,vr,hd,vl,hu: 59%  8% 33%  0%  0%  0%  0%  0%  0%
[libx264 @ 0x6420766ace80] i4 v,h,dc,ddl,ddr,vr,hd,vl,hu: 40% 30%  9%  4%  2%  2%  4%  4%  5%
[libx264 @ 0x6420766ace80] i8c dc,h,v,p: 82%  9%  8%  1%
[libx264 @ 0x6420766ace80] Weighted P-Frames: Y:0.0% UV:0.0%
[libx264 @ 0x6420766ace80] ref P L0: 87.5%  0.0%  4.3%  8.3%
[libx264 @ 0x6420766ace80] ref B L0: 84.6% 15.4%
[libx264 @ 0x6420766ace80] ref B L1: 98.2%  1.8%
[libx264 @ 0x6420766ace80] kb/s:1066.60
ffmpeg version 7.0.2-3ubuntu1 Copyright (c) 2000-2024 the FFmpeg developers
  built with gcc 14 (Ubuntu 14.2.0-2ubuntu1)
  configuration: --prefix=/usr --extra-version=3ubuntu1 --toolchain=hardened --libdir=/usr/lib/x86_64-linux-gnu --incdir=/usr/include/x86_64-linux-gnu --arch=amd64 --enable-gpl --disable-stripping --disable-libmfx --disable-omx --enable-gnutls --enable-libaom --enable-libass --enable-libbs2b --enable-libcdio --enable-libcodec2 --enable-libdav1d --enable-libflite --enable-libfontconfig --enable-libfreetype --enable-libfribidi --enable-libglslang --enable-libgme --enable-libgsm --enable-libharfbuzz --enable-libmp3lame --enable-libmysofa --enable-libopenjpeg --enable-libopenmpt --enable-libopus --enable-librubberband --enable-libshine --enable-libsnappy --enable-libsoxr --enable-libspeex --enable-libtheora --enable-libtwolame --enable-libvidstab --enable-libvorbis --enable-libvpx --enable-libwebp --enable-libx265 --enable-libxml2 --enable-libxvid --enable-libzimg --enable-openal --enable-opencl --enable-opengl --disable-sndio --enable-libvpl --enable-libdc1394 --enable-libdrm --enable-libiec61883 --enable-chromaprint --enable-frei0r --enable-ladspa --enable-libbluray --enable-libcaca --enable-libdvdnav --enable-libdvdread --enable-libjack --enable-libpulse --enable-librabbitmq --enable-librist --enable-libsrt --enable-libssh --enable-libsvtav1 --enable-libx264 --enable-libzmq --enable-libzvbi --enable-lv2 --enable-sdl2 --enable-libplacebo --enable-librav1e --enable-pocketsphinx --enable-librsvg --enable-libjxl --enable-shared
  libavutil      59.  8.100 / 59.  8.100
  libavcodec     61.  3.100 / 61.  3.100
  libavformat    61.  1.100 / 61.  1.100
  libavdevice    61.  1.100 / 61.  1.100
  libavfilter    10.  1.100 / 10.  1.100
  libswscale      8.  1.100 /  8.  1.100
  libswresample   5.  1.100 /  5.  1.100
  libpostproc    58.  1.100 / 58.  1.100
Input #0, concat, from '/home/marco-lasagna/Scaricati/ffmpeg-java/inputFile.txt':
  Duration: N/A, start: 0.000000, bitrate: N/A
  Stream #0:0: Video: mjpeg (Baseline), yuvj420p(pc, bt470bg/unknown/unknown), 4501x4500 [SAR 1:1 DAR 4501:4500], 25 fps, 25 tbr, 25 tbn
Stream mapping:
  Stream #0:0 -> #0:0 (mjpeg (native) -> h264 (libx264))
Press [q] to stop, [?] for help
[swscaler @ 0x7a49c4016b00] deprecated pixel format used, make sure you did set range correctly
    Last message repeated 1 times
[swscaler @ 0x7a49c4b407c0] deprecated pixel format used, make sure you did set range correctly
    Last message repeated 1 times
[vost#0:0/libx264 @ 0x5c7cc1886ac0] No information about the input framerate is available. Falling back to a default value of 25fps. Use the -r option if you want a different framerate.
[libx264 @ 0x5c7cc187ce80] using SAR=2048/4095
[libx264 @ 0x5c7cc187ce80] using cpu capabilities: MMX2 SSE2Fast SSSE3 SSE4.2 AVX FMA3 BMI2 AVX2
[libx264 @ 0x5c7cc187ce80] profile High, level 4.0, 4:2:0, 8-bit
[libx264 @ 0x5c7cc187ce80] 264 - core 164 r3108 31e19f9 - H.264/MPEG-4 AVC codec - Copyleft 2003-2023 - http://www.videolan.org/x264.html - options: cabac=1 ref=3 deblock=1:0:0 analyse=0x3:0x113 me=hex subme=7 psy=1 psy_rd=1.00:0.00 mixed_ref=1 me_range=16 chroma_me=1 trellis=1 8x8dct=1 cqm=0 deadzone=21,11 fast_pskip=1 chroma_qp_offset=-2 threads=30 lookahead_threads=5 sliced_threads=0 nr=0 decimate=1 interlaced=0 bluray_compat=0 constrained_intra=0 bframes=3 b_pyramid=2 b_adapt=1 b_bias=0 direct=1 weightb=1 open_gop=0 weightp=2 keyint=250 keyint_min=25 scenecut=40 intra_refresh=0 rc_lookahead=40 rc=crf mbtree=1 crf=23.0 qcomp=0.60 qpmin=0 qpmax=69 qpstep=4 ip_ratio=1.40 aq=1:1.00
Output #0, mp4, to './src/test/resources/output/translation/video/399.mp4':
  Metadata:
    encoder         : Lavf61.1.100
  Stream #0:0: Video: h264 (avc1 / 0x31637661), yuvj420p(pc, progressive), 2048x1024 [SAR 4501:9000 DAR 4501:4500], q=2-31, 25 fps, 12800 tbn
      Metadata:
        encoder         : Lavc61.3.100 libx264
      Side data:
        cpb: bitrate max/min/avg: 0/0/0 buffer size: 0 vbv_delay: N/A
[out#0/mp4 @ 0x5c7cc1884b40] video:32KiB audio:0KiB subtitle:0KiB other streams:0KiB global headers:0KiB muxing overhead: 2.915889%
frame=    6 fps=0.0 q=-1.0 Lsize=      33KiB time=00:00:00.16 bitrate=1681.8kbits/s dup=0 drop=19 speed=0.654x    
[libx264 @ 0x5c7cc187ce80] frame I:1     Avg QP:18.86  size: 30316
[libx264 @ 0x5c7cc187ce80] frame P:2     Avg QP:18.50  size:   434
[libx264 @ 0x5c7cc187ce80] frame B:3     Avg QP:25.37  size:   270
[libx264 @ 0x5c7cc187ce80] consecutive B-frames: 33.3%  0.0%  0.0% 66.7%
[libx264 @ 0x5c7cc187ce80] mb I  I16..4: 24.7% 64.9% 10.4%
[libx264 @ 0x5c7cc187ce80] mb P  I16..4:  0.1%  0.2%  0.0%  P16..4:  1.2%  0.2%  0.0%  0.0%  0.0%    skip:98.3%
[libx264 @ 0x5c7cc187ce80] mb B  I16..4:  0.0%  0.0%  0.0%  B16..8:  1.2%  0.1%  0.0%  direct: 0.0%  skip:98.6%  L0:56.5% L1:39.5% BI: 4.0%
[libx264 @ 0x5c7cc187ce80] 8x8 transform intra:64.9% inter:19.7%
[libx264 @ 0x5c7cc187ce80] coded y,uvDC,uvAC intra: 6.0% 10.2% 9.1% inter: 0.1% 0.0% 0.0%
[libx264 @ 0x5c7cc187ce80] i16 v,h,dc,p: 87% 12%  1%  0%
[libx264 @ 0x5c7cc187ce80] i8 v,h,dc,ddl,ddr,vr,hd,vl,hu: 61%  7% 32%  0%  0%  0%  0%  0%  0%
[libx264 @ 0x5c7cc187ce80] i4 v,h,dc,ddl,ddr,vr,hd,vl,hu: 39% 30%  9%  4%  2%  2%  4%  4%  5%
[libx264 @ 0x5c7cc187ce80] i8c dc,h,v,p: 82%  9%  8%  1%
[libx264 @ 0x5c7cc187ce80] Weighted P-Frames: Y:0.0% UV:0.0%
[libx264 @ 0x5c7cc187ce80] ref P L0: 91.7%  0.0%  2.1%  6.1%
[libx264 @ 0x5c7cc187ce80] ref B L0: 90.1%  9.9%
[libx264 @ 0x5c7cc187ce80] ref B L1: 93.5%  6.5%
[libx264 @ 0x5c7cc187ce80] kb/s:1066.43
ffmpeg version 7.0.2-3ubuntu1 Copyright (c) 2000-2024 the FFmpeg developers
  built with gcc 14 (Ubuntu 14.2.0-2ubuntu1)
  configuration: --prefix=/usr --extra-version=3ubuntu1 --toolchain=hardened --libdir=/usr/lib/x86_64-linux-gnu --incdir=/usr/include/x86_64-linux-gnu --arch=amd64 --enable-gpl --disable-stripping --disable-libmfx --disable-omx --enable-gnutls --enable-libaom --enable-libass --enable-libbs2b --enable-libcdio --enable-libcodec2 --enable-libdav1d --enable-libflite --enable-libfontconfig --enable-libfreetype --enable-libfribidi --enable-libglslang --enable-libgme --enable-libgsm --enable-libharfbuzz --enable-libmp3lame --enable-libmysofa --enable-libopenjpeg --enable-libopenmpt --enable-libopus --enable-librubberband --enable-libshine --enable-libsnappy --enable-libsoxr --enable-libspeex --enable-libtheora --enable-libtwolame --enable-libvidstab --enable-libvorbis --enable-libvpx --enable-libwebp --enable-libx265 --enable-libxml2 --enable-libxvid --enable-libzimg --enable-openal --enable-opencl --enable-opengl --disable-sndio --enable-libvpl --enable-libdc1394 --enable-libdrm --enable-libiec61883 --enable-chromaprint --enable-frei0r --enable-ladspa --enable-libbluray --enable-libcaca --enable-libdvdnav --enable-libdvdread --enable-libjack --enable-libpulse --enable-librabbitmq --enable-librist --enable-libsrt --enable-libssh --enable-libsvtav1 --enable-libx264 --enable-libzmq --enable-libzvbi --enable-lv2 --enable-sdl2 --enable-libplacebo --enable-librav1e --enable-pocketsphinx --enable-librsvg --enable-libjxl --enable-shared
  libavutil      59.  8.100 / 59.  8.100
  libavcodec     61.  3.100 / 61.  3.100
  libavformat    61.  1.100 / 61.  1.100
  libavdevice    61.  1.100 / 61.  1.100
  libavfilter    10.  1.100 / 10.  1.100
  libswscale      8.  1.100 /  8.  1.100
  libswresample   5.  1.100 /  5.  1.100
  libpostproc    58.  1.100 / 58.  1.100
Input #0, concat, from '/home/marco-lasagna/Scaricati/ffmpeg-java/inputFile.txt':
  Duration: N/A, start: 0.000000, bitrate: N/A
  Stream #0:0: Video: mjpeg (Baseline), yuvj420p(pc, bt470bg/unknown/unknown), 4501x4500 [SAR 1:1 DAR 4501:4500], 25 fps, 25 tbr, 25 tbn
Stream mapping:
  Stream #0:0 -> #0:0 (mjpeg (native) -> h264 (libx264))
Press [q] to stop, [?] for help
[swscaler @ 0x79853c016b00] deprecated pixel format used, make sure you did set range correctly
    Last message repeated 1 times
[swscaler @ 0x79853cb407c0] deprecated pixel format used, make sure you did set range correctly
    Last message repeated 1 times
[vost#0:0/libx264 @ 0x61014c925ac0] No information about the input framerate is available. Falling back to a default value of 25fps. Use the -r option if you want a different framerate.
[libx264 @ 0x61014c91be80] using SAR=2048/4095
[libx264 @ 0x61014c91be80] using cpu capabilities: MMX2 SSE2Fast SSSE3 SSE4.2 AVX FMA3 BMI2 AVX2
[libx264 @ 0x61014c91be80] profile High, level 4.0, 4:2:0, 8-bit
[libx264 @ 0x61014c91be80] 264 - core 164 r3108 31e19f9 - H.264/MPEG-4 AVC codec - Copyleft 2003-2023 - http://www.videolan.org/x264.html - options: cabac=1 ref=3 deblock=1:0:0 analyse=0x3:0x113 me=hex subme=7 psy=1 psy_rd=1.00:0.00 mixed_ref=1 me_range=16 chroma_me=1 trellis=1 8x8dct=1 cqm=0 deadzone=21,11 fast_pskip=1 chroma_qp_offset=-2 threads=30 lookahead_threads=5 sliced_threads=0 nr=0 decimate=1 interlaced=0 bluray_compat=0 constrained_intra=0 bframes=3 b_pyramid=2 b_adapt=1 b_bias=0 direct=1 weightb=1 open_gop=0 weightp=2 keyint=250 keyint_min=25 scenecut=40 intra_refresh=0 rc_lookahead=40 rc=crf mbtree=1 crf=23.0 qcomp=0.60 qpmin=0 qpmax=69 qpstep=4 ip_ratio=1.40 aq=1:1.00
Output #0, mp4, to './src/test/resources/output/translation/video/409.mp4':
  Metadata:
    encoder         : Lavf61.1.100
  Stream #0:0: Video: h264 (avc1 / 0x31637661), yuvj420p(pc, progressive), 2048x1024 [SAR 4501:9000 DAR 4501:4500], q=2-31, 25 fps, 12800 tbn
      Metadata:
        encoder         : Lavc61.3.100 libx264
      Side data:
        cpb: bitrate max/min/avg: 0/0/0 buffer size: 0 vbv_delay: N/A
[out#0/mp4 @ 0x61014c923b40] video:32KiB audio:0KiB subtitle:0KiB other streams:0KiB global headers:0KiB muxing overhead: 2.939725%
frame=    6 fps=0.0 q=-1.0 Lsize=      33KiB time=00:00:00.16 bitrate=1668.5kbits/s dup=0 drop=19 speed=0.636x    
[libx264 @ 0x61014c91be80] frame I:1     Avg QP:18.51  size: 30314
[libx264 @ 0x61014c91be80] frame P:2     Avg QP:18.55  size:   392
[libx264 @ 0x61014c91be80] frame B:3     Avg QP:19.24  size:   210
[libx264 @ 0x61014c91be80] consecutive B-frames: 33.3%  0.0%  0.0% 66.7%
[libx264 @ 0x61014c91be80] mb I  I16..4: 25.6% 64.0% 10.4%
[libx264 @ 0x61014c91be80] mb P  I16..4:  0.1%  0.1%  0.0%  P16..4:  1.1%  0.1%  0.1%  0.0%  0.0%    skip:98.4%
[libx264 @ 0x61014c91be80] mb B  I16..4:  0.0%  0.0%  0.0%  B16..8:  1.1%  0.1%  0.0%  direct: 0.0%  skip:98.8%  L0:60.2% L1:36.5% BI: 3.3%
[libx264 @ 0x61014c91be80] 8x8 transform intra:63.9% inter:18.8%
[libx264 @ 0x61014c91be80] coded y,uvDC,uvAC intra: 6.0% 10.2% 9.1% inter: 0.0% 0.0% 0.0%
[libx264 @ 0x61014c91be80] i16 v,h,dc,p: 87% 12%  1%  0%
[libx264 @ 0x61014c91be80] i8 v,h,dc,ddl,ddr,vr,hd,vl,hu: 59%  8% 33%  0%  0%  0%  0%  0%  0%
[libx264 @ 0x61014c91be80] i4 v,h,dc,ddl,ddr,vr,hd,vl,hu: 39% 30% 10%  4%  2%  2%  4%  4%  5%
[libx264 @ 0x61014c91be80] i8c dc,h,v,p: 82%  9%  8%  1%
[libx264 @ 0x61014c91be80] Weighted P-Frames: Y:0.0% UV:0.0%
[libx264 @ 0x61014c91be80] ref P L0: 90.0%  0.2%  4.3%  5.5%
[libx264 @ 0x61014c91be80] ref B L0: 90.2%  9.8%
[libx264 @ 0x61014c91be80] kb/s:1057.60
ffmpeg version 7.0.2-3ubuntu1 Copyright (c) 2000-2024 the FFmpeg developers
  built with gcc 14 (Ubuntu 14.2.0-2ubuntu1)
  configuration: --prefix=/usr --extra-version=3ubuntu1 --toolchain=hardened --libdir=/usr/lib/x86_64-linux-gnu --incdir=/usr/include/x86_64-linux-gnu --arch=amd64 --enable-gpl --disable-stripping --disable-libmfx --disable-omx --enable-gnutls --enable-libaom --enable-libass --enable-libbs2b --enable-libcdio --enable-libcodec2 --enable-libdav1d --enable-libflite --enable-libfontconfig --enable-libfreetype --enable-libfribidi --enable-libglslang --enable-libgme --enable-libgsm --enable-libharfbuzz --enable-libmp3lame --enable-libmysofa --enable-libopenjpeg --enable-libopenmpt --enable-libopus --enable-librubberband --enable-libshine --enable-libsnappy --enable-libsoxr --enable-libspeex --enable-libtheora --enable-libtwolame --enable-libvidstab --enable-libvorbis --enable-libvpx --enable-libwebp --enable-libx265 --enable-libxml2 --enable-libxvid --enable-libzimg --enable-openal --enable-opencl --enable-opengl --disable-sndio --enable-libvpl --enable-libdc1394 --enable-libdrm --enable-libiec61883 --enable-chromaprint --enable-frei0r --enable-ladspa --enable-libbluray --enable-libcaca --enable-libdvdnav --enable-libdvdread --enable-libjack --enable-libpulse --enable-librabbitmq --enable-librist --enable-libsrt --enable-libssh --enable-libsvtav1 --enable-libx264 --enable-libzmq --enable-libzvbi --enable-lv2 --enable-sdl2 --enable-libplacebo --enable-librav1e --enable-pocketsphinx --enable-librsvg --enable-libjxl --enable-shared
  libavutil      59.  8.100 / 59.  8.100
  libavcodec     61.  3.100 / 61.  3.100
  libavformat    61.  1.100 / 61.  1.100
  libavdevice    61.  1.100 / 61.  1.100
  libavfilter    10.  1.100 / 10.  1.100
  libswscale      8.  1.100 /  8.  1.100
  libswresample   5.  1.100 /  5.  1.100
  libpostproc    58.  1.100 / 58.  1.100
Input #0, concat, from '/home/marco-lasagna/Scaricati/ffmpeg-java/inputFile.txt':
  Duration: N/A, start: 0.000000, bitrate: N/A
  Stream #0:0: Video: mjpeg (Baseline), yuvj420p(pc, bt470bg/unknown/unknown), 4501x4500 [SAR 1:1 DAR 4501:4500], 25 fps, 25 tbr, 25 tbn
Stream mapping:
  Stream #0:0 -> #0:0 (mjpeg (native) -> h264 (libx264))
Press [q] to stop, [?] for help
[swscaler @ 0x72c77c016b00] deprecated pixel format used, make sure you did set range correctly
    Last message repeated 1 times
[swscaler @ 0x72c77cb407c0] deprecated pixel format used, make sure you did set range correctly
    Last message repeated 1 times
[vost#0:0/libx264 @ 0x5c8f75351ac0] No information about the input framerate is available. Falling back to a default value of 25fps. Use the -r option if you want a different framerate.
[libx264 @ 0x5c8f75347e80] using SAR=2048/4095
[libx264 @ 0x5c8f75347e80] using cpu capabilities: MMX2 SSE2Fast SSSE3 SSE4.2 AVX FMA3 BMI2 AVX2
[libx264 @ 0x5c8f75347e80] profile High, level 4.0, 4:2:0, 8-bit
[libx264 @ 0x5c8f75347e80] 264 - core 164 r3108 31e19f9 - H.264/MPEG-4 AVC codec - Copyleft 2003-2023 - http://www.videolan.org/x264.html - options: cabac=1 ref=3 deblock=1:0:0 analyse=0x3:0x113 me=hex subme=7 psy=1 psy_rd=1.00:0.00 mixed_ref=1 me_range=16 chroma_me=1 trellis=1 8x8dct=1 cqm=0 deadzone=21,11 fast_pskip=1 chroma_qp_offset=-2 threads=30 lookahead_threads=5 sliced_threads=0 nr=0 decimate=1 interlaced=0 bluray_compat=0 constrained_intra=0 bframes=3 b_pyramid=2 b_adapt=1 b_bias=0 direct=1 weightb=1 open_gop=0 weightp=2 keyint=250 keyint_min=25 scenecut=40 intra_refresh=0 rc_lookahead=40 rc=crf mbtree=1 crf=23.0 qcomp=0.60 qpmin=0 qpmax=69 qpstep=4 ip_ratio=1.40 aq=1:1.00
Output #0, mp4, to './src/test/resources/output/translation/video/419.mp4':
  Metadata:
    encoder         : Lavf61.1.100
  Stream #0:0: Video: h264 (avc1 / 0x31637661), yuvj420p(pc, progressive), 2048x1024 [SAR 4501:9000 DAR 4501:4500], q=2-31, 25 fps, 12800 tbn
      Metadata:
        encoder         : Lavc61.3.100 libx264
      Side data:
        cpb: bitrate max/min/avg: 0/0/0 buffer size: 0 vbv_delay: N/A
[out#0/mp4 @ 0x5c8f7534fb40] video:32KiB audio:0KiB subtitle:0KiB other streams:0KiB global headers:0KiB muxing overhead: 2.920894%
frame=    6 fps=0.0 q=-1.0 Lsize=      33KiB time=00:00:00.16 bitrate=1679.0kbits/s dup=0 drop=19 speed=0.658x    
[libx264 @ 0x5c8f75347e80] frame I:1     Avg QP:18.48  size: 30332
[libx264 @ 0x5c8f75347e80] frame P:2     Avg QP:17.33  size:   412
[libx264 @ 0x5c8f75347e80] frame B:3     Avg QP:23.91  size:   260
[libx264 @ 0x5c8f75347e80] consecutive B-frames: 33.3%  0.0%  0.0% 66.7%
[libx264 @ 0x5c8f75347e80] mb I  I16..4: 25.4% 64.2% 10.4%
[libx264 @ 0x5c8f75347e80] mb P  I16..4:  0.2%  0.1%  0.0%  P16..4:  0.5%  0.1%  0.1%  0.0%  0.0%    skip:99.0%
[libx264 @ 0x5c8f75347e80] mb B  I16..4:  0.0%  0.0%  0.0%  B16..8:  1.2%  0.1%  0.0%  direct: 0.0%  skip:98.6%  L0:32.5% L1:64.8% BI: 2.7%
[libx264 @ 0x5c8f75347e80] 8x8 transform intra:64.0% inter:33.3%
[libx264 @ 0x5c8f75347e80] coded y,uvDC,uvAC intra: 5.9% 10.2% 9.1% inter: 0.1% 0.0% 0.0%
[libx264 @ 0x5c8f75347e80] i16 v,h,dc,p: 87% 12%  1%  0%
[libx264 @ 0x5c8f75347e80] i8 v,h,dc,ddl,ddr,vr,hd,vl,hu: 61%  6% 33%  0%  0%  0%  0%  0%  0%
[libx264 @ 0x5c8f75347e80] i4 v,h,dc,ddl,ddr,vr,hd,vl,hu: 40% 30%  9%  4%  2%  2%  4%  4%  5%
[libx264 @ 0x5c8f75347e80] i8c dc,h,v,p: 82%  9%  8%  1%
[libx264 @ 0x5c8f75347e80] Weighted P-Frames: Y:0.0% UV:0.0%
[libx264 @ 0x5c8f75347e80] ref P L0: 86.9%  0.9%  1.8% 10.4%
[libx264 @ 0x5c8f75347e80] ref B L0: 80.5% 19.5%
[libx264 @ 0x5c8f75347e80] ref B L1: 96.3%  3.7%
[libx264 @ 0x5c8f75347e80] kb/s:1064.57
ffmpeg version 7.0.2-3ubuntu1 Copyright (c) 2000-2024 the FFmpeg developers
  built with gcc 14 (Ubuntu 14.2.0-2ubuntu1)
  configuration: --prefix=/usr --extra-version=3ubuntu1 --toolchain=hardened --libdir=/usr/lib/x86_64-linux-gnu --incdir=/usr/include/x86_64-linux-gnu --arch=amd64 --enable-gpl --disable-stripping --disable-libmfx --disable-omx --enable-gnutls --enable-libaom --enable-libass --enable-libbs2b --enable-libcdio --enable-libcodec2 --enable-libdav1d --enable-libflite --enable-libfontconfig --enable-libfreetype --enable-libfribidi --enable-libglslang --enable-libgme --enable-libgsm --enable-libharfbuzz --enable-libmp3lame --enable-libmysofa --enable-libopenjpeg --enable-libopenmpt --enable-libopus --enable-librubberband --enable-libshine --enable-libsnappy --enable-libsoxr --enable-libspeex --enable-libtheora --enable-libtwolame --enable-libvidstab --enable-libvorbis --enable-libvpx --enable-libwebp --enable-libx265 --enable-libxml2 --enable-libxvid --enable-libzimg --enable-openal --enable-opencl --enable-opengl --disable-sndio --enable-libvpl --enable-libdc1394 --enable-libdrm --enable-libiec61883 --enable-chromaprint --enable-frei0r --enable-ladspa --enable-libbluray --enable-libcaca --enable-libdvdnav --enable-libdvdread --enable-libjack --enable-libpulse --enable-librabbitmq --enable-librist --enable-libsrt --enable-libssh --enable-libsvtav1 --enable-libx264 --enable-libzmq --enable-libzvbi --enable-lv2 --enable-sdl2 --enable-libplacebo --enable-librav1e --enable-pocketsphinx --enable-librsvg --enable-libjxl --enable-shared
  libavutil      59.  8.100 / 59.  8.100
  libavcodec     61.  3.100 / 61.  3.100
  libavformat    61.  1.100 / 61.  1.100
  libavdevice    61.  1.100 / 61.  1.100
  libavfilter    10.  1.100 / 10.  1.100
  libswscale      8.  1.100 /  8.  1.100
  libswresample   5.  1.100 /  5.  1.100
  libpostproc    58.  1.100 / 58.  1.100
Input #0, concat, from '/home/marco-lasagna/Scaricati/ffmpeg-java/inputFile.txt':
  Duration: N/A, start: 0.000000, bitrate: N/A
  Stream #0:0: Video: mjpeg (Baseline), yuvj420p(pc, bt470bg/unknown/unknown), 4501x4500 [SAR 1:1 DAR 4501:4500], 25 fps, 25 tbr, 25 tbn
Stream mapping:
  Stream #0:0 -> #0:0 (mjpeg (native) -> h264 (libx264))
Press [q] to stop, [?] for help
[swscaler @ 0x72bc64016b00] deprecated pixel format used, make sure you did set range correctly
    Last message repeated 1 times
[swscaler @ 0x72bc64b407c0] deprecated pixel format used, make sure you did set range correctly
    Last message repeated 1 times
[vost#0:0/libx264 @ 0x5c3e4ddeeac0] No information about the input framerate is available. Falling back to a default value of 25fps. Use the -r option if you want a different framerate.
[libx264 @ 0x5c3e4dde4e80] using SAR=2048/4095
[libx264 @ 0x5c3e4dde4e80] using cpu capabilities: MMX2 SSE2Fast SSSE3 SSE4.2 AVX FMA3 BMI2 AVX2
[libx264 @ 0x5c3e4dde4e80] profile High, level 4.0, 4:2:0, 8-bit
[libx264 @ 0x5c3e4dde4e80] 264 - core 164 r3108 31e19f9 - H.264/MPEG-4 AVC codec - Copyleft 2003-2023 - http://www.videolan.org/x264.html - options: cabac=1 ref=3 deblock=1:0:0 analyse=0x3:0x113 me=hex subme=7 psy=1 psy_rd=1.00:0.00 mixed_ref=1 me_range=16 chroma_me=1 trellis=1 8x8dct=1 cqm=0 deadzone=21,11 fast_pskip=1 chroma_qp_offset=-2 threads=30 lookahead_threads=5 sliced_threads=0 nr=0 decimate=1 interlaced=0 bluray_compat=0 constrained_intra=0 bframes=3 b_pyramid=2 b_adapt=1 b_bias=0 direct=1 weightb=1 open_gop=0 weightp=2 keyint=250 keyint_min=25 scenecut=40 intra_refresh=0 rc_lookahead=40 rc=crf mbtree=1 crf=23.0 qcomp=0.60 qpmin=0 qpmax=69 qpstep=4 ip_ratio=1.40 aq=1:1.00
Output #0, mp4, to './src/test/resources/output/translation/video/429.mp4':
  Metadata:
    encoder         : Lavf61.1.100
  Stream #0:0: Video: h264 (avc1 / 0x31637661), yuvj420p(pc, progressive), 2048x1024 [SAR 4501:9000 DAR 4501:4500], q=2-31, 25 fps, 12800 tbn
      Metadata:
        encoder         : Lavc61.3.100 libx264
      Side data:
        cpb: bitrate max/min/avg: 0/0/0 buffer size: 0 vbv_delay: N/A
[out#0/mp4 @ 0x5c3e4ddecb40] video:32KiB audio:0KiB subtitle:0KiB other streams:0KiB global headers:0KiB muxing overhead: 2.921252%
frame=    6 fps=0.0 q=-1.0 Lsize=      33KiB time=00:00:00.16 bitrate=1678.8kbits/s dup=0 drop=19 speed=0.647x    
[libx264 @ 0x5c3e4dde4e80] frame I:1     Avg QP:18.73  size: 30350
[libx264 @ 0x5c3e4dde4e80] frame P:2     Avg QP:17.89  size:   434
[libx264 @ 0x5c3e4dde4e80] frame B:3     Avg QP:20.75  size:   238
[libx264 @ 0x5c3e4dde4e80] consecutive B-frames: 33.3%  0.0%  0.0% 66.7%
[libx264 @ 0x5c3e4dde4e80] mb I  I16..4: 24.8% 64.9% 10.4%
[libx264 @ 0x5c3e4dde4e80] mb P  I16..4:  0.1%  0.1%  0.0%  P16..4:  1.2%  0.2%  0.0%  0.0%  0.0%    skip:98.3%
[libx264 @ 0x5c3e4dde4e80] mb B  I16..4:  0.0%  0.0%  0.0%  B16..8:  1.2%  0.1%  0.0%  direct: 0.0%  skip:98.6%  L0:58.8% L1:39.4% BI: 1.8%
[libx264 @ 0x5c3e4dde4e80] 8x8 transform intra:64.8% inter:20.7%
[libx264 @ 0x5c3e4dde4e80] coded y,uvDC,uvAC intra: 5.9% 10.2% 9.1% inter: 0.1% 0.0% 0.0%
[libx264 @ 0x5c3e4dde4e80] i16 v,h,dc,p: 87% 12%  1%  0%
[libx264 @ 0x5c3e4dde4e80] i8 v,h,dc,ddl,ddr,vr,hd,vl,hu: 55% 12% 32%  0%  0%  0%  0%  0%  0%
[libx264 @ 0x5c3e4dde4e80] i4 v,h,dc,ddl,ddr,vr,hd,vl,hu: 40% 29% 10%  4%  2%  2%  4%  4%  5%
[libx264 @ 0x5c3e4dde4e80] i8c dc,h,v,p: 82%  9%  8%  1%
[libx264 @ 0x5c3e4dde4e80] Weighted P-Frames: Y:0.0% UV:0.0%
[libx264 @ 0x5c3e4dde4e80] ref P L0: 90.4%  0.4%  2.8%  6.4%
[libx264 @ 0x5c3e4dde4e80] ref B L0: 91.3%  8.7%
[libx264 @ 0x5c3e4dde4e80] ref B L1: 96.2%  3.8%
[libx264 @ 0x5c3e4dde4e80] kb/s:1064.43
ffmpeg version 7.0.2-3ubuntu1 Copyright (c) 2000-2024 the FFmpeg developers
  built with gcc 14 (Ubuntu 14.2.0-2ubuntu1)
  configuration: --prefix=/usr --extra-version=3ubuntu1 --toolchain=hardened --libdir=/usr/lib/x86_64-linux-gnu --incdir=/usr/include/x86_64-linux-gnu --arch=amd64 --enable-gpl --disable-stripping --disable-libmfx --disable-omx --enable-gnutls --enable-libaom --enable-libass --enable-libbs2b --enable-libcdio --enable-libcodec2 --enable-libdav1d --enable-libflite --enable-libfontconfig --enable-libfreetype --enable-libfribidi --enable-libglslang --enable-libgme --enable-libgsm --enable-libharfbuzz --enable-libmp3lame --enable-libmysofa --enable-libopenjpeg --enable-libopenmpt --enable-libopus --enable-librubberband --enable-libshine --enable-libsnappy --enable-libsoxr --enable-libspeex --enable-libtheora --enable-libtwolame --enable-libvidstab --enable-libvorbis --enable-libvpx --enable-libwebp --enable-libx265 --enable-libxml2 --enable-libxvid --enable-libzimg --enable-openal --enable-opencl --enable-opengl --disable-sndio --enable-libvpl --enable-libdc1394 --enable-libdrm --enable-libiec61883 --enable-chromaprint --enable-frei0r --enable-ladspa --enable-libbluray --enable-libcaca --enable-libdvdnav --enable-libdvdread --enable-libjack --enable-libpulse --enable-librabbitmq --enable-librist --enable-libsrt --enable-libssh --enable-libsvtav1 --enable-libx264 --enable-libzmq --enable-libzvbi --enable-lv2 --enable-sdl2 --enable-libplacebo --enable-librav1e --enable-pocketsphinx --enable-librsvg --enable-libjxl --enable-shared
  libavutil      59.  8.100 / 59.  8.100
  libavcodec     61.  3.100 / 61.  3.100
  libavformat    61.  1.100 / 61.  1.100
  libavdevice    61.  1.100 / 61.  1.100
  libavfilter    10.  1.100 / 10.  1.100
  libswscale      8.  1.100 /  8.  1.100
  libswresample   5.  1.100 /  5.  1.100
  libpostproc    58.  1.100 / 58.  1.100
Input #0, concat, from '/home/marco-lasagna/Scaricati/ffmpeg-java/inputFile.txt':
  Duration: N/A, start: 0.000000, bitrate: N/A
  Stream #0:0: Video: mjpeg (Baseline), yuvj420p(pc, bt470bg/unknown/unknown), 4501x4500 [SAR 1:1 DAR 4501:4500], 25 fps, 25 tbr, 25 tbn
Stream mapping:
  Stream #0:0 -> #0:0 (mjpeg (native) -> h264 (libx264))
Press [q] to stop, [?] for help
[swscaler @ 0x7b9ccc016b00] deprecated pixel format used, make sure you did set range correctly
    Last message repeated 1 times
[swscaler @ 0x7b9cccb407c0] deprecated pixel format used, make sure you did set range correctly
    Last message repeated 1 times
[vost#0:0/libx264 @ 0x57d388c49ac0] No information about the input framerate is available. Falling back to a default value of 25fps. Use the -r option if you want a different framerate.
[libx264 @ 0x57d388c3fe80] using SAR=2048/4095
[libx264 @ 0x57d388c3fe80] using cpu capabilities: MMX2 SSE2Fast SSSE3 SSE4.2 AVX FMA3 BMI2 AVX2
[libx264 @ 0x57d388c3fe80] profile High, level 4.0, 4:2:0, 8-bit
[libx264 @ 0x57d388c3fe80] 264 - core 164 r3108 31e19f9 - H.264/MPEG-4 AVC codec - Copyleft 2003-2023 - http://www.videolan.org/x264.html - options: cabac=1 ref=3 deblock=1:0:0 analyse=0x3:0x113 me=hex subme=7 psy=1 psy_rd=1.00:0.00 mixed_ref=1 me_range=16 chroma_me=1 trellis=1 8x8dct=1 cqm=0 deadzone=21,11 fast_pskip=1 chroma_qp_offset=-2 threads=30 lookahead_threads=5 sliced_threads=0 nr=0 decimate=1 interlaced=0 bluray_compat=0 constrained_intra=0 bframes=3 b_pyramid=2 b_adapt=1 b_bias=0 direct=1 weightb=1 open_gop=0 weightp=2 keyint=250 keyint_min=25 scenecut=40 intra_refresh=0 rc_lookahead=40 rc=crf mbtree=1 crf=23.0 qcomp=0.60 qpmin=0 qpmax=69 qpstep=4 ip_ratio=1.40 aq=1:1.00
Output #0, mp4, to './src/test/resources/output/translation/video/439.mp4':
  Metadata:
    encoder         : Lavf61.1.100
  Stream #0:0: Video: h264 (avc1 / 0x31637661), yuvj420p(pc, progressive), 2048x1024 [SAR 4501:9000 DAR 4501:4500], q=2-31, 25 fps, 12800 tbn
      Metadata:
        encoder         : Lavc61.3.100 libx264
      Side data:
        cpb: bitrate max/min/avg: 0/0/0 buffer size: 0 vbv_delay: N/A
[out#0/mp4 @ 0x57d388c47b40] video:32KiB audio:0KiB subtitle:0KiB other streams:0KiB global headers:0KiB muxing overhead: 2.912592%
frame=    6 fps=0.0 q=-1.0 Lsize=      33KiB time=00:00:00.16 bitrate=1683.7kbits/s dup=0 drop=19 speed=0.649x    
[libx264 @ 0x57d388c3fe80] frame I:1     Avg QP:18.57  size: 30313
[libx264 @ 0x57d388c3fe80] frame P:2     Avg QP:17.24  size:   436
[libx264 @ 0x57d388c3fe80] frame B:3     Avg QP:30.03  size:   282
[libx264 @ 0x57d388c3fe80] consecutive B-frames: 33.3%  0.0%  0.0% 66.7%
[libx264 @ 0x57d388c3fe80] mb I  I16..4: 25.6% 63.9% 10.4%
[libx264 @ 0x57d388c3fe80] mb P  I16..4:  0.1%  0.1%  0.0%  P16..4:  1.3%  0.2%  0.1%  0.0%  0.0%    skip:98.2%
[libx264 @ 0x57d388c3fe80] mb B  I16..4:  0.0%  0.0%  0.0%  B16..8:  1.6%  0.1%  0.0%  direct: 0.0%  skip:98.2%  L0:31.7% L1:67.3% BI: 1.0%
[libx264 @ 0x57d388c3fe80] 8x8 transform intra:63.9% inter:44.4%
[libx264 @ 0x57d388c3fe80] coded y,uvDC,uvAC intra: 6.0% 10.2% 9.1% inter: 0.1% 0.0% 0.0%
[libx264 @ 0x57d388c3fe80] i16 v,h,dc,p: 87% 12%  1%  0%
[libx264 @ 0x57d388c3fe80] i8 v,h,dc,ddl,ddr,vr,hd,vl,hu: 60%  6% 33%  0%  0%  0%  0%  0%  0%
[libx264 @ 0x57d388c3fe80] i4 v,h,dc,ddl,ddr,vr,hd,vl,hu: 39% 30% 10%  4%  2%  2%  4%  4%  5%
[libx264 @ 0x57d388c3fe80] i8c dc,h,v,p: 82%  9%  8%  1%
[libx264 @ 0x57d388c3fe80] Weighted P-Frames: Y:0.0% UV:0.0%
[libx264 @ 0x57d388c3fe80] ref P L0: 91.5%  0.1%  2.3%  6.1%
[libx264 @ 0x57d388c3fe80] ref B L0: 83.5% 16.5%
[libx264 @ 0x57d388c3fe80] ref B L1: 96.5%  3.5%
[libx264 @ 0x57d388c3fe80] kb/s:1067.67
ffmpeg version 7.0.2-3ubuntu1 Copyright (c) 2000-2024 the FFmpeg developers
  built with gcc 14 (Ubuntu 14.2.0-2ubuntu1)
  configuration: --prefix=/usr --extra-version=3ubuntu1 --toolchain=hardened --libdir=/usr/lib/x86_64-linux-gnu --incdir=/usr/include/x86_64-linux-gnu --arch=amd64 --enable-gpl --disable-stripping --disable-libmfx --disable-omx --enable-gnutls --enable-libaom --enable-libass --enable-libbs2b --enable-libcdio --enable-libcodec2 --enable-libdav1d --enable-libflite --enable-libfontconfig --enable-libfreetype --enable-libfribidi --enable-libglslang --enable-libgme --enable-libgsm --enable-libharfbuzz --enable-libmp3lame --enable-libmysofa --enable-libopenjpeg --enable-libopenmpt --enable-libopus --enable-librubberband --enable-libshine --enable-libsnappy --enable-libsoxr --enable-libspeex --enable-libtheora --enable-libtwolame --enable-libvidstab --enable-libvorbis --enable-libvpx --enable-libwebp --enable-libx265 --enable-libxml2 --enable-libxvid --enable-libzimg --enable-openal --enable-opencl --enable-opengl --disable-sndio --enable-libvpl --enable-libdc1394 --enable-libdrm --enable-libiec61883 --enable-chromaprint --enable-frei0r --enable-ladspa --enable-libbluray --enable-libcaca --enable-libdvdnav --enable-libdvdread --enable-libjack --enable-libpulse --enable-librabbitmq --enable-librist --enable-libsrt --enable-libssh --enable-libsvtav1 --enable-libx264 --enable-libzmq --enable-libzvbi --enable-lv2 --enable-sdl2 --enable-libplacebo --enable-librav1e --enable-pocketsphinx --enable-librsvg --enable-libjxl --enable-shared
  libavutil      59.  8.100 / 59.  8.100
  libavcodec     61.  3.100 / 61.  3.100
  libavformat    61.  1.100 / 61.  1.100
  libavdevice    61.  1.100 / 61.  1.100
  libavfilter    10.  1.100 / 10.  1.100
  libswscale      8.  1.100 /  8.  1.100
  libswresample   5.  1.100 /  5.  1.100
  libpostproc    58.  1.100 / 58.  1.100
Input #0, concat, from '/home/marco-lasagna/Scaricati/ffmpeg-java/inputFile.txt':
  Duration: N/A, start: 0.000000, bitrate: N/A
  Stream #0:0: Video: mjpeg (Baseline), yuvj420p(pc, bt470bg/unknown/unknown), 4501x4500 [SAR 1:1 DAR 4501:4500], 25 fps, 25 tbr, 25 tbn
Stream mapping:
  Stream #0:0 -> #0:0 (mjpeg (native) -> h264 (libx264))
Press [q] to stop, [?] for help
[swscaler @ 0x764dc0016b00] deprecated pixel format used, make sure you did set range correctly
    Last message repeated 1 times
[swscaler @ 0x764dc0b407c0] deprecated pixel format used, make sure you did set range correctly
    Last message repeated 1 times
[vost#0:0/libx264 @ 0x608946440ac0] No information about the input framerate is available. Falling back to a default value of 25fps. Use the -r option if you want a different framerate.
[libx264 @ 0x608946436e80] using SAR=2048/4095
[libx264 @ 0x608946436e80] using cpu capabilities: MMX2 SSE2Fast SSSE3 SSE4.2 AVX FMA3 BMI2 AVX2
[libx264 @ 0x608946436e80] profile High, level 4.0, 4:2:0, 8-bit
[libx264 @ 0x608946436e80] 264 - core 164 r3108 31e19f9 - H.264/MPEG-4 AVC codec - Copyleft 2003-2023 - http://www.videolan.org/x264.html - options: cabac=1 ref=3 deblock=1:0:0 analyse=0x3:0x113 me=hex subme=7 psy=1 psy_rd=1.00:0.00 mixed_ref=1 me_range=16 chroma_me=1 trellis=1 8x8dct=1 cqm=0 deadzone=21,11 fast_pskip=1 chroma_qp_offset=-2 threads=30 lookahead_threads=5 sliced_threads=0 nr=0 decimate=1 interlaced=0 bluray_compat=0 constrained_intra=0 bframes=3 b_pyramid=2 b_adapt=1 b_bias=0 direct=1 weightb=1 open_gop=0 weightp=2 keyint=250 keyint_min=25 scenecut=40 intra_refresh=0 rc_lookahead=40 rc=crf mbtree=1 crf=23.0 qcomp=0.60 qpmin=0 qpmax=69 qpstep=4 ip_ratio=1.40 aq=1:1.00
Output #0, mp4, to './src/test/resources/output/translation/video/449.mp4':
  Metadata:
    encoder         : Lavf61.1.100
  Stream #0:0: Video: h264 (avc1 / 0x31637661), yuvj420p(pc, progressive), 2048x1024 [SAR 4501:9000 DAR 4501:4500], q=2-31, 25 fps, 12800 tbn
      Metadata:
        encoder         : Lavc61.3.100 libx264
      Side data:
        cpb: bitrate max/min/avg: 0/0/0 buffer size: 0 vbv_delay: N/A
[out#0/mp4 @ 0x60894643eb40] video:32KiB audio:0KiB subtitle:0KiB other streams:0KiB global headers:0KiB muxing overhead: 2.918926%
frame=    6 fps=0.0 q=-1.0 Lsize=      33KiB time=00:00:00.16 bitrate=1680.1kbits/s dup=0 drop=19 speed=0.655x    
[libx264 @ 0x608946436e80] frame I:1     Avg QP:18.60  size: 30380
[libx264 @ 0x608946436e80] frame P:2     Avg QP:21.54  size:   406
[libx264 @ 0x608946436e80] frame B:3     Avg QP:20.56  size:   255
[libx264 @ 0x608946436e80] consecutive B-frames: 33.3%  0.0%  0.0% 66.7%
[libx264 @ 0x608946436e80] mb I  I16..4: 25.7% 63.8% 10.5%
[libx264 @ 0x608946436e80] mb P  I16..4:  0.0%  0.1%  0.0%  P16..4:  1.2%  0.2%  0.1%  0.0%  0.0%    skip:98.4%
[libx264 @ 0x608946436e80] mb B  I16..4:  0.0%  0.0%  0.0%  B16..8:  1.2%  0.1%  0.0%  direct: 0.0%  skip:98.6%  L0:56.0% L1:42.1% BI: 1.9%
[libx264 @ 0x608946436e80] 8x8 transform intra:63.9% inter:53.6%
[libx264 @ 0x608946436e80] coded y,uvDC,uvAC intra: 6.1% 10.2% 9.1% inter: 0.1% 0.0% 0.0%
[libx264 @ 0x608946436e80] i16 v,h,dc,p: 87% 12%  1%  0%
[libx264 @ 0x608946436e80] i8 v,h,dc,ddl,ddr,vr,hd,vl,hu: 58%  8% 33%  0%  0%  0%  0%  0%  0%
[libx264 @ 0x608946436e80] i4 v,h,dc,ddl,ddr,vr,hd,vl,hu: 39% 31%  9%  4%  2%  2%  4%  4%  5%
[libx264 @ 0x608946436e80] i8c dc,h,v,p: 82%  9%  8%  1%
[libx264 @ 0x608946436e80] Weighted P-Frames: Y:0.0% UV:0.0%
[libx264 @ 0x608946436e80] ref P L0: 92.8%  0.1%  1.6%  5.5%
[libx264 @ 0x608946436e80] ref B L0: 86.8% 13.2%
[libx264 @ 0x608946436e80] ref B L1: 94.0%  6.0%
[libx264 @ 0x608946436e80] kb/s:1065.30
ffmpeg version 7.0.2-3ubuntu1 Copyright (c) 2000-2024 the FFmpeg developers
  built with gcc 14 (Ubuntu 14.2.0-2ubuntu1)
  configuration: --prefix=/usr --extra-version=3ubuntu1 --toolchain=hardened --libdir=/usr/lib/x86_64-linux-gnu --incdir=/usr/include/x86_64-linux-gnu --arch=amd64 --enable-gpl --disable-stripping --disable-libmfx --disable-omx --enable-gnutls --enable-libaom --enable-libass --enable-libbs2b --enable-libcdio --enable-libcodec2 --enable-libdav1d --enable-libflite --enable-libfontconfig --enable-libfreetype --enable-libfribidi --enable-libglslang --enable-libgme --enable-libgsm --enable-libharfbuzz --enable-libmp3lame --enable-libmysofa --enable-libopenjpeg --enable-libopenmpt --enable-libopus --enable-librubberband --enable-libshine --enable-libsnappy --enable-libsoxr --enable-libspeex --enable-libtheora --enable-libtwolame --enable-libvidstab --enable-libvorbis --enable-libvpx --enable-libwebp --enable-libx265 --enable-libxml2 --enable-libxvid --enable-libzimg --enable-openal --enable-opencl --enable-opengl --disable-sndio --enable-libvpl --enable-libdc1394 --enable-libdrm --enable-libiec61883 --enable-chromaprint --enable-frei0r --enable-ladspa --enable-libbluray --enable-libcaca --enable-libdvdnav --enable-libdvdread --enable-libjack --enable-libpulse --enable-librabbitmq --enable-librist --enable-libsrt --enable-libssh --enable-libsvtav1 --enable-libx264 --enable-libzmq --enable-libzvbi --enable-lv2 --enable-sdl2 --enable-libplacebo --enable-librav1e --enable-pocketsphinx --enable-librsvg --enable-libjxl --enable-shared
  libavutil      59.  8.100 / 59.  8.100
  libavcodec     61.  3.100 / 61.  3.100
  libavformat    61.  1.100 / 61.  1.100
  libavdevice    61.  1.100 / 61.  1.100
  libavfilter    10.  1.100 / 10.  1.100
  libswscale      8.  1.100 /  8.  1.100
  libswresample   5.  1.100 /  5.  1.100
  libpostproc    58.  1.100 / 58.  1.100
Input #0, concat, from '/home/marco-lasagna/Scaricati/ffmpeg-java/inputFile.txt':
  Duration: N/A, start: 0.000000, bitrate: N/A
  Stream #0:0: Video: mjpeg (Baseline), yuvj420p(pc, bt470bg/unknown/unknown), 4501x4500 [SAR 1:1 DAR 4501:4500], 25 fps, 25 tbr, 25 tbn
Stream mapping:
  Stream #0:0 -> #0:0 (mjpeg (native) -> h264 (libx264))
Press [q] to stop, [?] for help
[swscaler @ 0x746328016b00] deprecated pixel format used, make sure you did set range correctly
    Last message repeated 1 times
[swscaler @ 0x746328b407c0] deprecated pixel format used, make sure you did set range correctly
    Last message repeated 1 times
[vost#0:0/libx264 @ 0x62343858eac0] No information about the input framerate is available. Falling back to a default value of 25fps. Use the -r option if you want a different framerate.
[libx264 @ 0x623438584e80] using SAR=2048/4095
[libx264 @ 0x623438584e80] using cpu capabilities: MMX2 SSE2Fast SSSE3 SSE4.2 AVX FMA3 BMI2 AVX2
[libx264 @ 0x623438584e80] profile High, level 4.0, 4:2:0, 8-bit
[libx264 @ 0x623438584e80] 264 - core 164 r3108 31e19f9 - H.264/MPEG-4 AVC codec - Copyleft 2003-2023 - http://www.videolan.org/x264.html - options: cabac=1 ref=3 deblock=1:0:0 analyse=0x3:0x113 me=hex subme=7 psy=1 psy_rd=1.00:0.00 mixed_ref=1 me_range=16 chroma_me=1 trellis=1 8x8dct=1 cqm=0 deadzone=21,11 fast_pskip=1 chroma_qp_offset=-2 threads=30 lookahead_threads=5 sliced_threads=0 nr=0 decimate=1 interlaced=0 bluray_compat=0 constrained_intra=0 bframes=3 b_pyramid=2 b_adapt=1 b_bias=0 direct=1 weightb=1 open_gop=0 weightp=2 keyint=250 keyint_min=25 scenecut=40 intra_refresh=0 rc_lookahead=40 rc=crf mbtree=1 crf=23.0 qcomp=0.60 qpmin=0 qpmax=69 qpstep=4 ip_ratio=1.40 aq=1:1.00
Output #0, mp4, to './src/test/resources/output/translation/video/459.mp4':
  Metadata:
    encoder         : Lavf61.1.100
  Stream #0:0: Video: h264 (avc1 / 0x31637661), yuvj420p(pc, progressive), 2048x1024 [SAR 4501:9000 DAR 4501:4500], q=2-31, 25 fps, 12800 tbn
      Metadata:
        encoder         : Lavc61.3.100 libx264
      Side data:
        cpb: bitrate max/min/avg: 0/0/0 buffer size: 0 vbv_delay: N/A
[out#0/mp4 @ 0x62343858cb40] video:32KiB audio:0KiB subtitle:0KiB other streams:0KiB global headers:0KiB muxing overhead: 2.906551%
frame=    6 fps=0.0 q=-1.0 Lsize=      33KiB time=00:00:00.16 bitrate=1687.0kbits/s dup=0 drop=19 speed=0.66x    
[libx264 @ 0x623438584e80] frame I:1     Avg QP:18.44  size: 30435
[libx264 @ 0x623438584e80] frame P:2     Avg QP:17.83  size:   428
[libx264 @ 0x623438584e80] frame B:3     Avg QP:23.07  size:   269
[libx264 @ 0x623438584e80] consecutive B-frames: 33.3%  0.0%  0.0% 66.7%
[libx264 @ 0x623438584e80] mb I  I16..4: 26.7% 62.8% 10.5%
[libx264 @ 0x623438584e80] mb P  I16..4:  0.1%  0.2%  0.0%  P16..4:  1.2%  0.2%  0.1%  0.0%  0.0%    skip:98.3%
[libx264 @ 0x623438584e80] mb B  I16..4:  0.0%  0.0%  0.0%  B16..8:  1.4%  0.1%  0.0%  direct: 0.0%  skip:98.4%  L0:62.4% L1:35.3% BI: 2.3%
[libx264 @ 0x623438584e80] 8x8 transform intra:62.8% inter:34.8%
[libx264 @ 0x623438584e80] coded y,uvDC,uvAC intra: 6.0% 10.2% 9.1% inter: 0.1% 0.0% 0.0%
[libx264 @ 0x623438584e80] i16 v,h,dc,p: 88% 11%  1%  0%
[libx264 @ 0x623438584e80] i8 v,h,dc,ddl,ddr,vr,hd,vl,hu: 43%  5% 51%  0%  0%  0%  0%  0%  0%
[libx264 @ 0x623438584e80] i4 v,h,dc,ddl,ddr,vr,hd,vl,hu: 39% 30% 11%  4%  2%  2%  4%  4%  5%
[libx264 @ 0x623438584e80] i8c dc,h,v,p: 82%  9%  8%  1%
[libx264 @ 0x623438584e80] Weighted P-Frames: Y:0.0% UV:0.0%
[libx264 @ 0x623438584e80] ref P L0: 87.5%  0.0%  2.3% 10.2%
[libx264 @ 0x623438584e80] ref B L0: 82.2% 17.8%
[libx264 @ 0x623438584e80] ref B L1: 94.4%  5.6%
[libx264 @ 0x623438584e80] kb/s:1069.93
ffmpeg version 7.0.2-3ubuntu1 Copyright (c) 2000-2024 the FFmpeg developers
  built with gcc 14 (Ubuntu 14.2.0-2ubuntu1)
  configuration: --prefix=/usr --extra-version=3ubuntu1 --toolchain=hardened --libdir=/usr/lib/x86_64-linux-gnu --incdir=/usr/include/x86_64-linux-gnu --arch=amd64 --enable-gpl --disable-stripping --disable-libmfx --disable-omx --enable-gnutls --enable-libaom --enable-libass --enable-libbs2b --enable-libcdio --enable-libcodec2 --enable-libdav1d --enable-libflite --enable-libfontconfig --enable-libfreetype --enable-libfribidi --enable-libglslang --enable-libgme --enable-libgsm --enable-libharfbuzz --enable-libmp3lame --enable-libmysofa --enable-libopenjpeg --enable-libopenmpt --enable-libopus --enable-librubberband --enable-libshine --enable-libsnappy --enable-libsoxr --enable-libspeex --enable-libtheora --enable-libtwolame --enable-libvidstab --enable-libvorbis --enable-libvpx --enable-libwebp --enable-libx265 --enable-libxml2 --enable-libxvid --enable-libzimg --enable-openal --enable-opencl --enable-opengl --disable-sndio --enable-libvpl --enable-libdc1394 --enable-libdrm --enable-libiec61883 --enable-chromaprint --enable-frei0r --enable-ladspa --enable-libbluray --enable-libcaca --enable-libdvdnav --enable-libdvdread --enable-libjack --enable-libpulse --enable-librabbitmq --enable-librist --enable-libsrt --enable-libssh --enable-libsvtav1 --enable-libx264 --enable-libzmq --enable-libzvbi --enable-lv2 --enable-sdl2 --enable-libplacebo --enable-librav1e --enable-pocketsphinx --enable-librsvg --enable-libjxl --enable-shared
  libavutil      59.  8.100 / 59.  8.100
  libavcodec     61.  3.100 / 61.  3.100
  libavformat    61.  1.100 / 61.  1.100
  libavdevice    61.  1.100 / 61.  1.100
  libavfilter    10.  1.100 / 10.  1.100
  libswscale      8.  1.100 /  8.  1.100
  libswresample   5.  1.100 /  5.  1.100
  libpostproc    58.  1.100 / 58.  1.100
Input #0, concat, from '/home/marco-lasagna/Scaricati/ffmpeg-java/inputFile.txt':
  Duration: N/A, start: 0.000000, bitrate: N/A
  Stream #0:0: Video: mjpeg (Baseline), yuvj420p(pc, bt470bg/unknown/unknown), 4501x4500 [SAR 1:1 DAR 4501:4500], 25 fps, 25 tbr, 25 tbn
Stream mapping:
  Stream #0:0 -> #0:0 (mjpeg (native) -> h264 (libx264))
Press [q] to stop, [?] for help
[swscaler @ 0x704f78016b00] deprecated pixel format used, make sure you did set range correctly
    Last message repeated 1 times
[swscaler @ 0x704f78b407c0] deprecated pixel format used, make sure you did set range correctly
    Last message repeated 1 times
[vost#0:0/libx264 @ 0x633997cc8ac0] No information about the input framerate is available. Falling back to a default value of 25fps. Use the -r option if you want a different framerate.
[libx264 @ 0x633997cbee80] using SAR=2048/4095
[libx264 @ 0x633997cbee80] using cpu capabilities: MMX2 SSE2Fast SSSE3 SSE4.2 AVX FMA3 BMI2 AVX2
[libx264 @ 0x633997cbee80] profile High, level 4.0, 4:2:0, 8-bit
[libx264 @ 0x633997cbee80] 264 - core 164 r3108 31e19f9 - H.264/MPEG-4 AVC codec - Copyleft 2003-2023 - http://www.videolan.org/x264.html - options: cabac=1 ref=3 deblock=1:0:0 analyse=0x3:0x113 me=hex subme=7 psy=1 psy_rd=1.00:0.00 mixed_ref=1 me_range=16 chroma_me=1 trellis=1 8x8dct=1 cqm=0 deadzone=21,11 fast_pskip=1 chroma_qp_offset=-2 threads=30 lookahead_threads=5 sliced_threads=0 nr=0 decimate=1 interlaced=0 bluray_compat=0 constrained_intra=0 bframes=3 b_pyramid=2 b_adapt=1 b_bias=0 direct=1 weightb=1 open_gop=0 weightp=2 keyint=250 keyint_min=25 scenecut=40 intra_refresh=0 rc_lookahead=40 rc=crf mbtree=1 crf=23.0 qcomp=0.60 qpmin=0 qpmax=69 qpstep=4 ip_ratio=1.40 aq=1:1.00
Output #0, mp4, to './src/test/resources/output/translation/video/469.mp4':
  Metadata:
    encoder         : Lavf61.1.100
  Stream #0:0: Video: h264 (avc1 / 0x31637661), yuvj420p(pc, progressive), 2048x1024 [SAR 4501:9000 DAR 4501:4500], q=2-31, 25 fps, 12800 tbn
      Metadata:
        encoder         : Lavc61.3.100 libx264
      Side data:
        cpb: bitrate max/min/avg: 0/0/0 buffer size: 0 vbv_delay: N/A
[out#0/mp4 @ 0x633997cc6b40] video:32KiB audio:0KiB subtitle:0KiB other streams:0KiB global headers:0KiB muxing overhead: 2.904425%
frame=    6 fps=0.0 q=-1.0 Lsize=      33KiB time=00:00:00.16 bitrate=1688.2kbits/s dup=0 drop=19 speed=0.669x    
[libx264 @ 0x633997cbee80] frame I:1     Avg QP:18.53  size: 30367
[libx264 @ 0x633997cbee80] frame P:2     Avg QP:19.02  size:   444
[libx264 @ 0x633997cbee80] frame B:3     Avg QP:21.78  size:   289
[libx264 @ 0x633997cbee80] consecutive B-frames: 33.3%  0.0%  0.0% 66.7%
[libx264 @ 0x633997cbee80] mb I  I16..4: 26.1% 63.5% 10.4%
[libx264 @ 0x633997cbee80] mb P  I16..4:  0.1%  0.1%  0.0%  P16..4:  1.2%  0.2%  0.0%  0.0%  0.0%    skip:98.3%
[libx264 @ 0x633997cbee80] mb B  I16..4:  0.0%  0.0%  0.0%  B16..8:  1.6%  0.1%  0.0%  direct: 0.0%  skip:98.2%  L0:58.2% L1:41.1% BI: 0.8%
[libx264 @ 0x633997cbee80] 8x8 transform intra:63.4% inter:39.1%
[libx264 @ 0x633997cbee80] coded y,uvDC,uvAC intra: 6.0% 10.2% 9.1% inter: 0.1% 0.0% 0.0%
[libx264 @ 0x633997cbee80] i16 v,h,dc,p: 88% 12%  1%  0%
[libx264 @ 0x633997cbee80] i8 v,h,dc,ddl,ddr,vr,hd,vl,hu: 46%  4% 50%  0%  0%  0%  0%  0%  0%
[libx264 @ 0x633997cbee80] i4 v,h,dc,ddl,ddr,vr,hd,vl,hu: 39% 30% 10%  4%  2%  2%  4%  4%  5%
[libx264 @ 0x633997cbee80] i8c dc,h,v,p: 82%  9%  8%  1%
[libx264 @ 0x633997cbee80] Weighted P-Frames: Y:0.0% UV:0.0%
[libx264 @ 0x633997cbee80] ref P L0: 92.1%  1.3%  2.9%  3.7%
[libx264 @ 0x633997cbee80] ref B L0: 92.7%  7.3%
[libx264 @ 0x633997cbee80] ref B L1: 97.8%  2.2%
[libx264 @ 0x633997cbee80] kb/s:1070.73
ffmpeg version 7.0.2-3ubuntu1 Copyright (c) 2000-2024 the FFmpeg developers
  built with gcc 14 (Ubuntu 14.2.0-2ubuntu1)
  configuration: --prefix=/usr --extra-version=3ubuntu1 --toolchain=hardened --libdir=/usr/lib/x86_64-linux-gnu --incdir=/usr/include/x86_64-linux-gnu --arch=amd64 --enable-gpl --disable-stripping --disable-libmfx --disable-omx --enable-gnutls --enable-libaom --enable-libass --enable-libbs2b --enable-libcdio --enable-libcodec2 --enable-libdav1d --enable-libflite --enable-libfontconfig --enable-libfreetype --enable-libfribidi --enable-libglslang --enable-libgme --enable-libgsm --enable-libharfbuzz --enable-libmp3lame --enable-libmysofa --enable-libopenjpeg --enable-libopenmpt --enable-libopus --enable-librubberband --enable-libshine --enable-libsnappy --enable-libsoxr --enable-libspeex --enable-libtheora --enable-libtwolame --enable-libvidstab --enable-libvorbis --enable-libvpx --enable-libwebp --enable-libx265 --enable-libxml2 --enable-libxvid --enable-libzimg --enable-openal --enable-opencl --enable-opengl --disable-sndio --enable-libvpl --enable-libdc1394 --enable-libdrm --enable-libiec61883 --enable-chromaprint --enable-frei0r --enable-ladspa --enable-libbluray --enable-libcaca --enable-libdvdnav --enable-libdvdread --enable-libjack --enable-libpulse --enable-librabbitmq --enable-librist --enable-libsrt --enable-libssh --enable-libsvtav1 --enable-libx264 --enable-libzmq --enable-libzvbi --enable-lv2 --enable-sdl2 --enable-libplacebo --enable-librav1e --enable-pocketsphinx --enable-librsvg --enable-libjxl --enable-shared
  libavutil      59.  8.100 / 59.  8.100
  libavcodec     61.  3.100 / 61.  3.100
  libavformat    61.  1.100 / 61.  1.100
  libavdevice    61.  1.100 / 61.  1.100
  libavfilter    10.  1.100 / 10.  1.100
  libswscale      8.  1.100 /  8.  1.100
  libswresample   5.  1.100 /  5.  1.100
  libpostproc    58.  1.100 / 58.  1.100
Input #0, concat, from '/home/marco-lasagna/Scaricati/ffmpeg-java/inputFile.txt':
  Duration: N/A, start: 0.000000, bitrate: N/A
  Stream #0:0: Video: mjpeg (Baseline), yuvj420p(pc, bt470bg/unknown/unknown), 4501x4500 [SAR 1:1 DAR 4501:4500], 25 fps, 25 tbr, 25 tbn
Stream mapping:
  Stream #0:0 -> #0:0 (mjpeg (native) -> h264 (libx264))
Press [q] to stop, [?] for help
[swscaler @ 0x778348016b00] deprecated pixel format used, make sure you did set range correctly
    Last message repeated 1 times
[swscaler @ 0x778348b407c0] deprecated pixel format used, make sure you did set range correctly
    Last message repeated 1 times
[vost#0:0/libx264 @ 0x5c1842fa0ac0] No information about the input framerate is available. Falling back to a default value of 25fps. Use the -r option if you want a different framerate.
[libx264 @ 0x5c1842f96e80] using SAR=2048/4095
[libx264 @ 0x5c1842f96e80] using cpu capabilities: MMX2 SSE2Fast SSSE3 SSE4.2 AVX FMA3 BMI2 AVX2
[libx264 @ 0x5c1842f96e80] profile High, level 4.0, 4:2:0, 8-bit
[libx264 @ 0x5c1842f96e80] 264 - core 164 r3108 31e19f9 - H.264/MPEG-4 AVC codec - Copyleft 2003-2023 - http://www.videolan.org/x264.html - options: cabac=1 ref=3 deblock=1:0:0 analyse=0x3:0x113 me=hex subme=7 psy=1 psy_rd=1.00:0.00 mixed_ref=1 me_range=16 chroma_me=1 trellis=1 8x8dct=1 cqm=0 deadzone=21,11 fast_pskip=1 chroma_qp_offset=-2 threads=30 lookahead_threads=5 sliced_threads=0 nr=0 decimate=1 interlaced=0 bluray_compat=0 constrained_intra=0 bframes=3 b_pyramid=2 b_adapt=1 b_bias=0 direct=1 weightb=1 open_gop=0 weightp=2 keyint=250 keyint_min=25 scenecut=40 intra_refresh=0 rc_lookahead=40 rc=crf mbtree=1 crf=23.0 qcomp=0.60 qpmin=0 qpmax=69 qpstep=4 ip_ratio=1.40 aq=1:1.00
Output #0, mp4, to './src/test/resources/output/translation/video/479.mp4':
  Metadata:
    encoder         : Lavf61.1.100
  Stream #0:0: Video: h264 (avc1 / 0x31637661), yuvj420p(pc, progressive), 2048x1024 [SAR 4501:9000 DAR 4501:4500], q=2-31, 25 fps, 12800 tbn
      Metadata:
        encoder         : Lavc61.3.100 libx264
      Side data:
        cpb: bitrate max/min/avg: 0/0/0 buffer size: 0 vbv_delay: N/A
[out#0/mp4 @ 0x5c1842f9eb40] video:32KiB audio:0KiB subtitle:0KiB other streams:0KiB global headers:0KiB muxing overhead: 2.912592%
frame=    6 fps=0.0 q=-1.0 Lsize=      33KiB time=00:00:00.16 bitrate=1683.7kbits/s dup=0 drop=19 speed=0.647x    
[libx264 @ 0x5c1842f96e80] frame I:1     Avg QP:18.00  size: 30393
[libx264 @ 0x5c1842f96e80] frame P:2     Avg QP:19.01  size:   429
[libx264 @ 0x5c1842f96e80] frame B:3     Avg QP:20.38  size:   260
[libx264 @ 0x5c1842f96e80] consecutive B-frames: 33.3%  0.0%  0.0% 66.7%
[libx264 @ 0x5c1842f96e80] mb I  I16..4: 29.5% 60.1% 10.4%
[libx264 @ 0x5c1842f96e80] mb P  I16..4:  0.1%  0.1%  0.0%  P16..4:  1.2%  0.2%  0.1%  0.0%  0.0%    skip:98.4%
[libx264 @ 0x5c1842f96e80] mb B  I16..4:  0.0%  0.0%  0.0%  B16..8:  1.2%  0.1%  0.0%  direct: 0.0%  skip:98.6%  L0:54.9% L1:42.3% BI: 2.8%
[libx264 @ 0x5c1842f96e80] 8x8 transform intra:60.0% inter:22.8%
[libx264 @ 0x5c1842f96e80] coded y,uvDC,uvAC intra: 5.9% 10.2% 9.1% inter: 0.1% 0.0% 0.0%
[libx264 @ 0x5c1842f96e80] i16 v,h,dc,p: 90%  9%  1%  0%
[libx264 @ 0x5c1842f96e80] i8 v,h,dc,ddl,ddr,vr,hd,vl,hu: 43%  5% 52%  0%  0%  0%  0%  0%  0%
[libx264 @ 0x5c1842f96e80] i4 v,h,dc,ddl,ddr,vr,hd,vl,hu: 38% 29% 12%  4%  2%  2%  4%  4%  5%
[libx264 @ 0x5c1842f96e80] i8c dc,h,v,p: 82%  9%  8%  1%
[libx264 @ 0x5c1842f96e80] Weighted P-Frames: Y:0.0% UV:0.0%
[libx264 @ 0x5c1842f96e80] ref P L0: 91.3%  0.0%  2.6%  6.1%
[libx264 @ 0x5c1842f96e80] ref B L0: 87.3% 12.7%
[libx264 @ 0x5c1842f96e80] ref B L1: 95.2%  4.8%
[libx264 @ 0x5c1842f96e80] kb/s:1067.67
ffmpeg version 7.0.2-3ubuntu1 Copyright (c) 2000-2024 the FFmpeg developers
  built with gcc 14 (Ubuntu 14.2.0-2ubuntu1)
  configuration: --prefix=/usr --extra-version=3ubuntu1 --toolchain=hardened --libdir=/usr/lib/x86_64-linux-gnu --incdir=/usr/include/x86_64-linux-gnu --arch=amd64 --enable-gpl --disable-stripping --disable-libmfx --disable-omx --enable-gnutls --enable-libaom --enable-libass --enable-libbs2b --enable-libcdio --enable-libcodec2 --enable-libdav1d --enable-libflite --enable-libfontconfig --enable-libfreetype --enable-libfribidi --enable-libglslang --enable-libgme --enable-libgsm --enable-libharfbuzz --enable-libmp3lame --enable-libmysofa --enable-libopenjpeg --enable-libopenmpt --enable-libopus --enable-librubberband --enable-libshine --enable-libsnappy --enable-libsoxr --enable-libspeex --enable-libtheora --enable-libtwolame --enable-libvidstab --enable-libvorbis --enable-libvpx --enable-libwebp --enable-libx265 --enable-libxml2 --enable-libxvid --enable-libzimg --enable-openal --enable-opencl --enable-opengl --disable-sndio --enable-libvpl --enable-libdc1394 --enable-libdrm --enable-libiec61883 --enable-chromaprint --enable-frei0r --enable-ladspa --enable-libbluray --enable-libcaca --enable-libdvdnav --enable-libdvdread --enable-libjack --enable-libpulse --enable-librabbitmq --enable-librist --enable-libsrt --enable-libssh --enable-libsvtav1 --enable-libx264 --enable-libzmq --enable-libzvbi --enable-lv2 --enable-sdl2 --enable-libplacebo --enable-librav1e --enable-pocketsphinx --enable-librsvg --enable-libjxl --enable-shared
  libavutil      59.  8.100 / 59.  8.100
  libavcodec     61.  3.100 / 61.  3.100
  libavformat    61.  1.100 / 61.  1.100
  libavdevice    61.  1.100 / 61.  1.100
  libavfilter    10.  1.100 / 10.  1.100
  libswscale      8.  1.100 /  8.  1.100
  libswresample   5.  1.100 /  5.  1.100
  libpostproc    58.  1.100 / 58.  1.100
Input #0, concat, from '/home/marco-lasagna/Scaricati/ffmpeg-java/inputFile.txt':
  Duration: N/A, start: 0.000000, bitrate: N/A
  Stream #0:0: Video: mjpeg (Baseline), yuvj420p(pc, bt470bg/unknown/unknown), 4501x4500 [SAR 1:1 DAR 4501:4500], 25 fps, 25 tbr, 25 tbn
Stream mapping:
  Stream #0:0 -> #0:0 (mjpeg (native) -> h264 (libx264))
Press [q] to stop, [?] for help
[swscaler @ 0x7f27f0016b00] deprecated pixel format used, make sure you did set range correctly
    Last message repeated 1 times
[swscaler @ 0x7f27f0b407c0] deprecated pixel format used, make sure you did set range correctly
    Last message repeated 1 times
[vost#0:0/libx264 @ 0x59bef4141ac0] No information about the input framerate is available. Falling back to a default value of 25fps. Use the -r option if you want a different framerate.
[libx264 @ 0x59bef4137e80] using SAR=2048/4095
[libx264 @ 0x59bef4137e80] using cpu capabilities: MMX2 SSE2Fast SSSE3 SSE4.2 AVX FMA3 BMI2 AVX2
[libx264 @ 0x59bef4137e80] profile High, level 4.0, 4:2:0, 8-bit
[libx264 @ 0x59bef4137e80] 264 - core 164 r3108 31e19f9 - H.264/MPEG-4 AVC codec - Copyleft 2003-2023 - http://www.videolan.org/x264.html - options: cabac=1 ref=3 deblock=1:0:0 analyse=0x3:0x113 me=hex subme=7 psy=1 psy_rd=1.00:0.00 mixed_ref=1 me_range=16 chroma_me=1 trellis=1 8x8dct=1 cqm=0 deadzone=21,11 fast_pskip=1 chroma_qp_offset=-2 threads=30 lookahead_threads=5 sliced_threads=0 nr=0 decimate=1 interlaced=0 bluray_compat=0 constrained_intra=0 bframes=3 b_pyramid=2 b_adapt=1 b_bias=0 direct=1 weightb=1 open_gop=0 weightp=2 keyint=250 keyint_min=25 scenecut=40 intra_refresh=0 rc_lookahead=40 rc=crf mbtree=1 crf=23.0 qcomp=0.60 qpmin=0 qpmax=69 qpstep=4 ip_ratio=1.40 aq=1:1.00
Output #0, mp4, to './src/test/resources/output/translation/video/489.mp4':
  Metadata:
    encoder         : Lavf61.1.100
  Stream #0:0: Video: h264 (avc1 / 0x31637661), yuvj420p(pc, progressive), 2048x1024 [SAR 4501:9000 DAR 4501:4500], q=2-31, 25 fps, 12800 tbn
      Metadata:
        encoder         : Lavc61.3.100 libx264
      Side data:
        cpb: bitrate max/min/avg: 0/0/0 buffer size: 0 vbv_delay: N/A
[out#0/mp4 @ 0x59bef413fb40] video:32KiB audio:0KiB subtitle:0KiB other streams:0KiB global headers:0KiB muxing overhead: 2.907527%
frame=    6 fps=0.0 q=-1.0 Lsize=      33KiB time=00:00:00.16 bitrate=1686.5kbits/s dup=0 drop=19 speed=0.677x    
[libx264 @ 0x59bef4137e80] frame I:1     Avg QP:18.52  size: 30364
[libx264 @ 0x59bef4137e80] frame P:2     Avg QP:16.63  size:   446
[libx264 @ 0x59bef4137e80] frame B:3     Avg QP:29.33  size:   277
[libx264 @ 0x59bef4137e80] consecutive B-frames: 33.3%  0.0%  0.0% 66.7%
[libx264 @ 0x59bef4137e80] mb I  I16..4: 16.0% 73.7% 10.3%
[libx264 @ 0x59bef4137e80] mb P  I16..4:  0.2%  0.2%  0.0%  P16..4:  0.6%  0.2%  0.1%  0.0%  0.0%    skip:98.8%
[libx264 @ 0x59bef4137e80] mb B  I16..4:  0.0%  0.0%  0.0%  B16..8:  1.3%  0.1%  0.0%  direct: 0.0%  skip:98.5%  L0:45.0% L1:52.3% BI: 2.7%
[libx264 @ 0x59bef4137e80] 8x8 transform intra:73.5% inter:53.2%
[libx264 @ 0x59bef4137e80] coded y,uvDC,uvAC intra: 6.0% 10.2% 9.1% inter: 0.1% 0.0% 0.0%
[libx264 @ 0x59bef4137e80] i16 v,h,dc,p: 81% 18%  1%  0%
[libx264 @ 0x59bef4137e80] i8 v,h,dc,ddl,ddr,vr,hd,vl,hu: 44%  7% 48%  0%  0%  0%  0%  0%  0%
[libx264 @ 0x59bef4137e80] i4 v,h,dc,ddl,ddr,vr,hd,vl,hu: 38% 31% 10%  4%  2%  2%  4%  4%  5%
[libx264 @ 0x59bef4137e80] i8c dc,h,v,p: 82%  9%  8%  1%
[libx264 @ 0x59bef4137e80] Weighted P-Frames: Y:0.0% UV:0.0%
[libx264 @ 0x59bef4137e80] ref P L0: 90.7%  0.0%  2.6%  6.6%
[libx264 @ 0x59bef4137e80] ref B L0: 87.7% 12.3%
[libx264 @ 0x59bef4137e80] ref B L1: 96.5%  3.5%
[libx264 @ 0x59bef4137e80] kb/s:1069.57
ffmpeg version 7.0.2-3ubuntu1 Copyright (c) 2000-2024 the FFmpeg developers
  built with gcc 14 (Ubuntu 14.2.0-2ubuntu1)
  configuration: --prefix=/usr --extra-version=3ubuntu1 --toolchain=hardened --libdir=/usr/lib/x86_64-linux-gnu --incdir=/usr/include/x86_64-linux-gnu --arch=amd64 --enable-gpl --disable-stripping --disable-libmfx --disable-omx --enable-gnutls --enable-libaom --enable-libass --enable-libbs2b --enable-libcdio --enable-libcodec2 --enable-libdav1d --enable-libflite --enable-libfontconfig --enable-libfreetype --enable-libfribidi --enable-libglslang --enable-libgme --enable-libgsm --enable-libharfbuzz --enable-libmp3lame --enable-libmysofa --enable-libopenjpeg --enable-libopenmpt --enable-libopus --enable-librubberband --enable-libshine --enable-libsnappy --enable-libsoxr --enable-libspeex --enable-libtheora --enable-libtwolame --enable-libvidstab --enable-libvorbis --enable-libvpx --enable-libwebp --enable-libx265 --enable-libxml2 --enable-libxvid --enable-libzimg --enable-openal --enable-opencl --enable-opengl --disable-sndio --enable-libvpl --enable-libdc1394 --enable-libdrm --enable-libiec61883 --enable-chromaprint --enable-frei0r --enable-ladspa --enable-libbluray --enable-libcaca --enable-libdvdnav --enable-libdvdread --enable-libjack --enable-libpulse --enable-librabbitmq --enable-librist --enable-libsrt --enable-libssh --enable-libsvtav1 --enable-libx264 --enable-libzmq --enable-libzvbi --enable-lv2 --enable-sdl2 --enable-libplacebo --enable-librav1e --enable-pocketsphinx --enable-librsvg --enable-libjxl --enable-shared
  libavutil      59.  8.100 / 59.  8.100
  libavcodec     61.  3.100 / 61.  3.100
  libavformat    61.  1.100 / 61.  1.100
  libavdevice    61.  1.100 / 61.  1.100
  libavfilter    10.  1.100 / 10.  1.100
  libswscale      8.  1.100 /  8.  1.100
  libswresample   5.  1.100 /  5.  1.100
  libpostproc    58.  1.100 / 58.  1.100
Input #0, concat, from '/home/marco-lasagna/Scaricati/ffmpeg-java/inputFile.txt':
  Duration: N/A, start: 0.000000, bitrate: N/A
  Stream #0:0: Video: mjpeg (Baseline), yuvj420p(pc, bt470bg/unknown/unknown), 4501x4500 [SAR 1:1 DAR 4501:4500], 25 fps, 25 tbr, 25 tbn
Stream mapping:
  Stream #0:0 -> #0:0 (mjpeg (native) -> h264 (libx264))
Press [q] to stop, [?] for help
[swscaler @ 0x77c2e0016b00] deprecated pixel format used, make sure you did set range correctly
    Last message repeated 1 times
[swscaler @ 0x77c2e0b407c0] deprecated pixel format used, make sure you did set range correctly
    Last message repeated 1 times
[vost#0:0/libx264 @ 0x5e008000dac0] No information about the input framerate is available. Falling back to a default value of 25fps. Use the -r option if you want a different framerate.
[libx264 @ 0x5e0080003e80] using SAR=2048/4095
[libx264 @ 0x5e0080003e80] using cpu capabilities: MMX2 SSE2Fast SSSE3 SSE4.2 AVX FMA3 BMI2 AVX2
[libx264 @ 0x5e0080003e80] profile High, level 4.0, 4:2:0, 8-bit
[libx264 @ 0x5e0080003e80] 264 - core 164 r3108 31e19f9 - H.264/MPEG-4 AVC codec - Copyleft 2003-2023 - http://www.videolan.org/x264.html - options: cabac=1 ref=3 deblock=1:0:0 analyse=0x3:0x113 me=hex subme=7 psy=1 psy_rd=1.00:0.00 mixed_ref=1 me_range=16 chroma_me=1 trellis=1 8x8dct=1 cqm=0 deadzone=21,11 fast_pskip=1 chroma_qp_offset=-2 threads=30 lookahead_threads=5 sliced_threads=0 nr=0 decimate=1 interlaced=0 bluray_compat=0 constrained_intra=0 bframes=3 b_pyramid=2 b_adapt=1 b_bias=0 direct=1 weightb=1 open_gop=0 weightp=2 keyint=250 keyint_min=25 scenecut=40 intra_refresh=0 rc_lookahead=40 rc=crf mbtree=1 crf=23.0 qcomp=0.60 qpmin=0 qpmax=69 qpstep=4 ip_ratio=1.40 aq=1:1.00
Output #0, mp4, to './src/test/resources/output/translation/video/499.mp4':
  Metadata:
    encoder         : Lavf61.1.100
  Stream #0:0: Video: h264 (avc1 / 0x31637661), yuvj420p(pc, progressive), 2048x1024 [SAR 4501:9000 DAR 4501:4500], q=2-31, 25 fps, 12800 tbn
      Metadata:
        encoder         : Lavc61.3.100 libx264
      Side data:
        cpb: bitrate max/min/avg: 0/0/0 buffer size: 0 vbv_delay: N/A
[out#0/mp4 @ 0x5e008000bb40] video:32KiB audio:0KiB subtitle:0KiB other streams:0KiB global headers:0KiB muxing overhead: 2.927803%
frame=    6 fps=0.0 q=-1.0 Lsize=      33KiB time=00:00:00.16 bitrate=1675.2kbits/s dup=0 drop=19 speed=0.681x    
[libx264 @ 0x5e0080003e80] frame I:1     Avg QP:18.36  size: 30291
[libx264 @ 0x5e0080003e80] frame P:2     Avg QP:17.79  size:   411
[libx264 @ 0x5e0080003e80] frame B:3     Avg QP:27.80  size:   249
[libx264 @ 0x5e0080003e80] consecutive B-frames: 33.3%  0.0%  0.0% 66.7%
[libx264 @ 0x5e0080003e80] mb I  I16..4: 25.6% 64.1% 10.3%
[libx264 @ 0x5e0080003e80] mb P  I16..4:  0.1%  0.1%  0.0%  P16..4:  1.2%  0.1%  0.1%  0.0%  0.0%    skip:98.3%
[libx264 @ 0x5e0080003e80] mb B  I16..4:  0.0%  0.0%  0.0%  B16..8:  1.3%  0.1%  0.0%  direct: 0.0%  skip:98.6%  L0:47.4% L1:51.1% BI: 1.5%
[libx264 @ 0x5e0080003e80] 8x8 transform intra:64.0% inter:35.8%
[libx264 @ 0x5e0080003e80] coded y,uvDC,uvAC intra: 5.9% 10.2% 9.1% inter: 0.1% 0.0% 0.0%
[libx264 @ 0x5e0080003e80] i16 v,h,dc,p: 88% 12%  1%  0%
[libx264 @ 0x5e0080003e80] i8 v,h,dc,ddl,ddr,vr,hd,vl,hu: 46%  6% 47%  0%  0%  0%  0%  0%  0%
[libx264 @ 0x5e0080003e80] i4 v,h,dc,ddl,ddr,vr,hd,vl,hu: 39% 30%  9%  4%  2%  2%  4%  4%  5%
[libx264 @ 0x5e0080003e80] i8c dc,h,v,p: 82%  9%  8%  1%
[libx264 @ 0x5e0080003e80] Weighted P-Frames: Y:0.0% UV:0.0%
[libx264 @ 0x5e0080003e80] ref P L0: 92.5%  0.0%  2.6%  4.9%
[libx264 @ 0x5e0080003e80] ref B L0: 88.5% 11.5%
[libx264 @ 0x5e0080003e80] ref B L1: 97.8%  2.2%
[libx264 @ 0x5e0080003e80] kb/s:1062.00
ffmpeg version 7.0.2-3ubuntu1 Copyright (c) 2000-2024 the FFmpeg developers
  built with gcc 14 (Ubuntu 14.2.0-2ubuntu1)
  configuration: --prefix=/usr --extra-version=3ubuntu1 --toolchain=hardened --libdir=/usr/lib/x86_64-linux-gnu --incdir=/usr/include/x86_64-linux-gnu --arch=amd64 --enable-gpl --disable-stripping --disable-libmfx --disable-omx --enable-gnutls --enable-libaom --enable-libass --enable-libbs2b --enable-libcdio --enable-libcodec2 --enable-libdav1d --enable-libflite --enable-libfontconfig --enable-libfreetype --enable-libfribidi --enable-libglslang --enable-libgme --enable-libgsm --enable-libharfbuzz --enable-libmp3lame --enable-libmysofa --enable-libopenjpeg --enable-libopenmpt --enable-libopus --enable-librubberband --enable-libshine --enable-libsnappy --enable-libsoxr --enable-libspeex --enable-libtheora --enable-libtwolame --enable-libvidstab --enable-libvorbis --enable-libvpx --enable-libwebp --enable-libx265 --enable-libxml2 --enable-libxvid --enable-libzimg --enable-openal --enable-opencl --enable-opengl --disable-sndio --enable-libvpl --enable-libdc1394 --enable-libdrm --enable-libiec61883 --enable-chromaprint --enable-frei0r --enable-ladspa --enable-libbluray --enable-libcaca --enable-libdvdnav --enable-libdvdread --enable-libjack --enable-libpulse --enable-librabbitmq --enable-librist --enable-libsrt --enable-libssh --enable-libsvtav1 --enable-libx264 --enable-libzmq --enable-libzvbi --enable-lv2 --enable-sdl2 --enable-libplacebo --enable-librav1e --enable-pocketsphinx --enable-librsvg --enable-libjxl --enable-shared
  libavutil      59.  8.100 / 59.  8.100
  libavcodec     61.  3.100 / 61.  3.100
  libavformat    61.  1.100 / 61.  1.100
  libavdevice    61.  1.100 / 61.  1.100
  libavfilter    10.  1.100 / 10.  1.100
  libswscale      8.  1.100 /  8.  1.100
  libswresample   5.  1.100 /  5.  1.100
  libpostproc    58.  1.100 / 58.  1.100
Input #0, concat, from '/home/marco-lasagna/Scaricati/ffmpeg-java/inputFile.txt':
  Duration: N/A, start: 0.000000, bitrate: N/A
  Stream #0:0: Video: mjpeg (Baseline), yuvj420p(pc, bt470bg/unknown/unknown), 4501x4500 [SAR 1:1 DAR 4501:4500], 25 fps, 25 tbr, 25 tbn
Stream mapping:
  Stream #0:0 -> #0:0 (mjpeg (native) -> h264 (libx264))
Press [q] to stop, [?] for help
[swscaler @ 0x765a88016b00] deprecated pixel format used, make sure you did set range correctly
    Last message repeated 1 times
[swscaler @ 0x765a88b407c0] deprecated pixel format used, make sure you did set range correctly
    Last message repeated 1 times
[vost#0:0/libx264 @ 0x58f4faf21ac0] No information about the input framerate is available. Falling back to a default value of 25fps. Use the -r option if you want a different framerate.
[libx264 @ 0x58f4faf17e80] using SAR=2048/4095
[libx264 @ 0x58f4faf17e80] using cpu capabilities: MMX2 SSE2Fast SSSE3 SSE4.2 AVX FMA3 BMI2 AVX2
[libx264 @ 0x58f4faf17e80] profile High, level 4.0, 4:2:0, 8-bit
[libx264 @ 0x58f4faf17e80] 264 - core 164 r3108 31e19f9 - H.264/MPEG-4 AVC codec - Copyleft 2003-2023 - http://www.videolan.org/x264.html - options: cabac=1 ref=3 deblock=1:0:0 analyse=0x3:0x113 me=hex subme=7 psy=1 psy_rd=1.00:0.00 mixed_ref=1 me_range=16 chroma_me=1 trellis=1 8x8dct=1 cqm=0 deadzone=21,11 fast_pskip=1 chroma_qp_offset=-2 threads=30 lookahead_threads=5 sliced_threads=0 nr=0 decimate=1 interlaced=0 bluray_compat=0 constrained_intra=0 bframes=3 b_pyramid=2 b_adapt=1 b_bias=0 direct=1 weightb=1 open_gop=0 weightp=2 keyint=250 keyint_min=25 scenecut=40 intra_refresh=0 rc_lookahead=40 rc=crf mbtree=1 crf=23.0 qcomp=0.60 qpmin=0 qpmax=69 qpstep=4 ip_ratio=1.40 aq=1:1.00
Output #0, mp4, to './src/test/resources/output/translation/video/509.mp4':
  Metadata:
    encoder         : Lavf61.1.100
  Stream #0:0: Video: h264 (avc1 / 0x31637661), yuvj420p(pc, progressive), 2048x1024 [SAR 4501:9000 DAR 4501:4500], q=2-31, 25 fps, 12800 tbn
      Metadata:
        encoder         : Lavc61.3.100 libx264
      Side data:
        cpb: bitrate max/min/avg: 0/0/0 buffer size: 0 vbv_delay: N/A
[out#0/mp4 @ 0x58f4faf1fb40] video:32KiB audio:0KiB subtitle:0KiB other streams:0KiB global headers:0KiB muxing overhead: 2.924300%
frame=    6 fps=0.0 q=-1.0 Lsize=      33KiB time=00:00:00.16 bitrate=1677.1kbits/s dup=0 drop=19 speed=0.658x    
[libx264 @ 0x58f4faf17e80] frame I:1     Avg QP:18.57  size: 30310
[libx264 @ 0x58f4faf17e80] frame P:2     Avg QP:16.94  size:   413
[libx264 @ 0x58f4faf17e80] frame B:3     Avg QP:22.76  size:   254
[libx264 @ 0x58f4faf17e80] consecutive B-frames: 33.3%  0.0%  0.0% 66.7%
[libx264 @ 0x58f4faf17e80] mb I  I16..4: 26.6% 62.9% 10.5%
[libx264 @ 0x58f4faf17e80] mb P  I16..4:  0.1%  0.1%  0.0%  P16..4:  1.2%  0.2%  0.0%  0.0%  0.0%    skip:98.4%
[libx264 @ 0x58f4faf17e80] mb B  I16..4:  0.0%  0.0%  0.0%  B16..8:  1.2%  0.0%  0.0%  direct: 0.0%  skip:98.7%  L0:63.3% L1:35.6% BI: 1.1%
[libx264 @ 0x58f4faf17e80] 8x8 transform intra:62.8% inter:42.0%
[libx264 @ 0x58f4faf17e80] coded y,uvDC,uvAC intra: 6.0% 10.2% 9.1% inter: 0.1% 0.0% 0.0%
[libx264 @ 0x58f4faf17e80] i16 v,h,dc,p: 88% 11%  1%  0%
[libx264 @ 0x58f4faf17e80] i8 v,h,dc,ddl,ddr,vr,hd,vl,hu: 48%  4% 49%  0%  0%  0%  0%  0%  0%
[libx264 @ 0x58f4faf17e80] i4 v,h,dc,ddl,ddr,vr,hd,vl,hu: 39% 30% 10%  4%  2%  2%  4%  4%  5%
[libx264 @ 0x58f4faf17e80] i8c dc,h,v,p: 82%  9%  8%  1%
[libx264 @ 0x58f4faf17e80] Weighted P-Frames: Y:0.0% UV:0.0%
[libx264 @ 0x58f4faf17e80] ref P L0: 93.1%  0.0%  1.6%  5.4%
[libx264 @ 0x58f4faf17e80] ref B L0: 86.7% 13.3%
[libx264 @ 0x58f4faf17e80] ref B L1: 93.9%  6.1%
[libx264 @ 0x58f4faf17e80] kb/s:1063.30
ffmpeg version 7.0.2-3ubuntu1 Copyright (c) 2000-2024 the FFmpeg developers
  built with gcc 14 (Ubuntu 14.2.0-2ubuntu1)
  configuration: --prefix=/usr --extra-version=3ubuntu1 --toolchain=hardened --libdir=/usr/lib/x86_64-linux-gnu --incdir=/usr/include/x86_64-linux-gnu --arch=amd64 --enable-gpl --disable-stripping --disable-libmfx --disable-omx --enable-gnutls --enable-libaom --enable-libass --enable-libbs2b --enable-libcdio --enable-libcodec2 --enable-libdav1d --enable-libflite --enable-libfontconfig --enable-libfreetype --enable-libfribidi --enable-libglslang --enable-libgme --enable-libgsm --enable-libharfbuzz --enable-libmp3lame --enable-libmysofa --enable-libopenjpeg --enable-libopenmpt --enable-libopus --enable-librubberband --enable-libshine --enable-libsnappy --enable-libsoxr --enable-libspeex --enable-libtheora --enable-libtwolame --enable-libvidstab --enable-libvorbis --enable-libvpx --enable-libwebp --enable-libx265 --enable-libxml2 --enable-libxvid --enable-libzimg --enable-openal --enable-opencl --enable-opengl --disable-sndio --enable-libvpl --enable-libdc1394 --enable-libdrm --enable-libiec61883 --enable-chromaprint --enable-frei0r --enable-ladspa --enable-libbluray --enable-libcaca --enable-libdvdnav --enable-libdvdread --enable-libjack --enable-libpulse --enable-librabbitmq --enable-librist --enable-libsrt --enable-libssh --enable-libsvtav1 --enable-libx264 --enable-libzmq --enable-libzvbi --enable-lv2 --enable-sdl2 --enable-libplacebo --enable-librav1e --enable-pocketsphinx --enable-librsvg --enable-libjxl --enable-shared
  libavutil      59.  8.100 / 59.  8.100
  libavcodec     61.  3.100 / 61.  3.100
  libavformat    61.  1.100 / 61.  1.100
  libavdevice    61.  1.100 / 61.  1.100
  libavfilter    10.  1.100 / 10.  1.100
  libswscale      8.  1.100 /  8.  1.100
  libswresample   5.  1.100 /  5.  1.100
  libpostproc    58.  1.100 / 58.  1.100
Input #0, concat, from '/home/marco-lasagna/Scaricati/ffmpeg-java/inputFile.txt':
  Duration: N/A, start: 0.000000, bitrate: N/A
  Stream #0:0: Video: mjpeg (Baseline), yuvj420p(pc, bt470bg/unknown/unknown), 4501x4500 [SAR 1:1 DAR 4501:4500], 25 fps, 25 tbr, 25 tbn
Stream mapping:
  Stream #0:0 -> #0:0 (mjpeg (native) -> h264 (libx264))
Press [q] to stop, [?] for help
[swscaler @ 0x759310016b00] deprecated pixel format used, make sure you did set range correctly
    Last message repeated 1 times
[swscaler @ 0x759310b407c0] deprecated pixel format used, make sure you did set range correctly
    Last message repeated 1 times
[vost#0:0/libx264 @ 0x616ef8c38940] No information about the input framerate is available. Falling back to a default value of 25fps. Use the -r option if you want a different framerate.
[libx264 @ 0x616ef8c2ed00] using SAR=2048/4095
[libx264 @ 0x616ef8c2ed00] using cpu capabilities: MMX2 SSE2Fast SSSE3 SSE4.2 AVX FMA3 BMI2 AVX2
[libx264 @ 0x616ef8c2ed00] profile High, level 4.0, 4:2:0, 8-bit
[libx264 @ 0x616ef8c2ed00] 264 - core 164 r3108 31e19f9 - H.264/MPEG-4 AVC codec - Copyleft 2003-2023 - http://www.videolan.org/x264.html - options: cabac=1 ref=3 deblock=1:0:0 analyse=0x3:0x113 me=hex subme=7 psy=1 psy_rd=1.00:0.00 mixed_ref=1 me_range=16 chroma_me=1 trellis=1 8x8dct=1 cqm=0 deadzone=21,11 fast_pskip=1 chroma_qp_offset=-2 threads=30 lookahead_threads=5 sliced_threads=0 nr=0 decimate=1 interlaced=0 bluray_compat=0 constrained_intra=0 bframes=3 b_pyramid=2 b_adapt=1 b_bias=0 direct=1 weightb=1 open_gop=0 weightp=2 keyint=250 keyint_min=25 scenecut=40 intra_refresh=0 rc_lookahead=40 rc=crf mbtree=1 crf=23.0 qcomp=0.60 qpmin=0 qpmax=69 qpstep=4 ip_ratio=1.40 aq=1:1.00
Output #0, mp4, to './src/test/resources/output/translation/video/last.mp4':
  Metadata:
    encoder         : Lavf61.1.100
  Stream #0:0: Video: h264 (avc1 / 0x31637661), yuvj420p(pc, progressive), 2048x1024 [SAR 4501:9000 DAR 4501:4500], q=2-31, 25 fps, 12800 tbn
      Metadata:
        encoder         : Lavc61.3.100 libx264
      Side data:
        cpb: bitrate max/min/avg: 0/0/0 buffer size: 0 vbv_delay: N/A
[out#0/mp4 @ 0x616ef8c369c0] video:31KiB audio:0KiB subtitle:0KiB other streams:0KiB global headers:0KiB muxing overhead: 2.998821%
frame=    5 fps=0.0 q=-1.0 Lsize=      32KiB time=00:00:00.12 bitrate=2154.7kbits/s dup=0 drop=15 speed=0.598x    
[libx264 @ 0x616ef8c2ed00] frame I:1     Avg QP:18.52  size: 29388
[libx264 @ 0x616ef8c2ed00] frame P:1     Avg QP:16.97  size:   493
[libx264 @ 0x616ef8c2ed00] frame B:3     Avg QP:23.66  size:   269
[libx264 @ 0x616ef8c2ed00] consecutive B-frames: 20.0%  0.0%  0.0% 80.0%
[libx264 @ 0x616ef8c2ed00] mb I  I16..4: 35.1% 54.4% 10.4%
[libx264 @ 0x616ef8c2ed00] mb P  I16..4:  0.2%  0.5%  0.0%  P16..4:  1.3%  0.2%  0.0%  0.0%  0.0%    skip:97.9%
[libx264 @ 0x616ef8c2ed00] mb B  I16..4:  0.0%  0.0%  0.0%  B16..8:  1.3%  0.1%  0.0%  direct: 0.1%  skip:98.5%  L0:61.7% L1:36.4% BI: 1.9%
[libx264 @ 0x616ef8c2ed00] 8x8 transform intra:54.5% inter:33.3%
[libx264 @ 0x616ef8c2ed00] coded y,uvDC,uvAC intra: 6.0% 10.0% 8.9% inter: 0.1% 0.1% 0.0%
[libx264 @ 0x616ef8c2ed00] i16 v,h,dc,p: 90%  9%  1%  0%
[libx264 @ 0x616ef8c2ed00] i8 v,h,dc,ddl,ddr,vr,hd,vl,hu: 71%  8% 20%  0%  0%  0%  0%  0%  0%
[libx264 @ 0x616ef8c2ed00] i4 v,h,dc,ddl,ddr,vr,hd,vl,hu: 38% 30% 11%  4%  2%  2%  4%  4%  5%
[libx264 @ 0x616ef8c2ed00] i8c dc,h,v,p: 82%  9%  8%  1%
[libx264 @ 0x616ef8c2ed00] Weighted P-Frames: Y:0.0% UV:0.0%
[libx264 @ 0x616ef8c2ed00] ref B L0: 90.5%  9.5%
[libx264 @ 0x616ef8c2ed00] ref B L1: 92.3%  7.7%
[libx264 @ 0x616ef8c2ed00] kb/s:1227.56
ffmpeg version 7.0.2-3ubuntu1 Copyright (c) 2000-2024 the FFmpeg developers
  built with gcc 14 (Ubuntu 14.2.0-2ubuntu1)
  configuration: --prefix=/usr --extra-version=3ubuntu1 --toolchain=hardened --libdir=/usr/lib/x86_64-linux-gnu --incdir=/usr/include/x86_64-linux-gnu --arch=amd64 --enable-gpl --disable-stripping --disable-libmfx --disable-omx --enable-gnutls --enable-libaom --enable-libass --enable-libbs2b --enable-libcdio --enable-libcodec2 --enable-libdav1d --enable-libflite --enable-libfontconfig --enable-libfreetype --enable-libfribidi --enable-libglslang --enable-libgme --enable-libgsm --enable-libharfbuzz --enable-libmp3lame --enable-libmysofa --enable-libopenjpeg --enable-libopenmpt --enable-libopus --enable-librubberband --enable-libshine --enable-libsnappy --enable-libsoxr --enable-libspeex --enable-libtheora --enable-libtwolame --enable-libvidstab --enable-libvorbis --enable-libvpx --enable-libwebp --enable-libx265 --enable-libxml2 --enable-libxvid --enable-libzimg --enable-openal --enable-opencl --enable-opengl --disable-sndio --enable-libvpl --enable-libdc1394 --enable-libdrm --enable-libiec61883 --enable-chromaprint --enable-frei0r --enable-ladspa --enable-libbluray --enable-libcaca --enable-libdvdnav --enable-libdvdread --enable-libjack --enable-libpulse --enable-librabbitmq --enable-librist --enable-libsrt --enable-libssh --enable-libsvtav1 --enable-libx264 --enable-libzmq --enable-libzvbi --enable-lv2 --enable-sdl2 --enable-libplacebo --enable-librav1e --enable-pocketsphinx --enable-librsvg --enable-libjxl --enable-shared
  libavutil      59.  8.100 / 59.  8.100
  libavcodec     61.  3.100 / 61.  3.100
  libavformat    61.  1.100 / 61.  1.100
  libavdevice    61.  1.100 / 61.  1.100
  libavfilter    10.  1.100 / 10.  1.100
  libswscale      8.  1.100 /  8.  1.100
  libswresample   5.  1.100 /  5.  1.100
  libpostproc    58.  1.100 / 58.  1.100
[mov,mp4,m4a,3gp,3g2,mj2 @ 0x6146d3e65100] Auto-inserting h264_mp4toannexb bitstream filter
Input #0, concat, from '/home/marco-lasagna/Scaricati/ffmpeg-java/inputFile.txt':
  Duration: N/A, start: 0.000000, bitrate: 1081 kb/s
  Stream #0:0(und): Video: h264 (High) (avc1 / 0x31637661), yuvj420p(pc, progressive), 2048x1024 [SAR 2048:4095 DAR 4096:4095], 1081 kb/s, SAR 4501:9000 DAR 4501:4500, 25 fps, 25 tbr, 12800 tbn
      Metadata:
        handler_name    : VideoHandler
        vendor_id       : [0][0][0][0]
        encoder         : Lavc61.3.100 libx264
Stream mapping:
  Stream #0:0 -> #0:0 (h264 (native) -> h264 (libx264))
Press [q] to stop, [?] for help
[mov,mp4,m4a,3gp,3g2,mj2 @ 0x6146d3e65100] Auto-inserting h264_mp4toannexb bitstream filter
    Last message repeated 3 times
[vost#0:0/libx264 @ 0x6146d3efa900] No information about the input framerate is available. Falling back to a default value of 25fps. Use the -r option if you want a different framerate.
[libx264 @ 0x6146d3e65d80] using SAR=2048/4095
[libx264 @ 0x6146d3e65d80] using cpu capabilities: MMX2 SSE2Fast SSSE3 SSE4.2 AVX FMA3 BMI2 AVX2
[mov,mp4,m4a,3gp,3g2,mj2 @ 0x6146d3e65100] Auto-inserting h264_mp4toannexb bitstream filter
    Last message repeated 1 times
[libx264 @ 0x6146d3e65d80] profile High, level 4.0, 4:2:0, 8-bit
[libx264 @ 0x6146d3e65d80] 264 - core 164 r3108 31e19f9 - H.264/MPEG-4 AVC codec - Copyleft 2003-2023 - http://www.videolan.org/x264.html - options: cabac=1 ref=3 deblock=1:0:0 analyse=0x3:0x113 me=hex subme=7 psy=1 psy_rd=1.00:0.00 mixed_ref=1 me_range=16 chroma_me=1 trellis=1 8x8dct=1 cqm=0 deadzone=21,11 fast_pskip=1 chroma_qp_offset=-2 threads=30 lookahead_threads=5 sliced_threads=0 nr=0 decimate=1 interlaced=0 bluray_compat=0 constrained_intra=0 bframes=3 b_pyramid=2 b_adapt=1 b_bias=0 direct=1 weightb=1 open_gop=0 weightp=2 keyint=250 keyint_min=25 scenecut=40 intra_refresh=0 rc_lookahead=40 rc=crf mbtree=1 crf=23.0 qcomp=0.60 qpmin=0 qpmax=69 qpstep=4 ip_ratio=1.40 aq=1:1.00
Output #0, mp4, to './src/test/resources/output/translation/video/output.mp4':
  Metadata:
    encoder         : Lavf61.1.100
  Stream #0:0(und): Video: h264 (avc1 / 0x31637661), yuvj420p(pc, progressive), 2048x1024 [SAR 4501:9000 DAR 4501:4500], q=2-31, 25 fps, 12800 tbn
      Metadata:
        handler_name    : VideoHandler
        vendor_id       : [0][0][0][0]
        encoder         : Lavc61.3.100 libx264
      Side data:
        cpb: bitrate max/min/avg: 0/0/0 buffer size: 0 vbv_delay: N/A
[mov,mp4,m4a,3gp,3g2,mj2 @ 0x6146d3e65100] Auto-inserting h264_mp4toannexb bitstream filter
    Last message repeated 44 times
[out#0/mp4 @ 0x6146d3ef9d40] video:121KiB audio:0KiB subtitle:0KiB other streams:0KiB global headers:0KiB muxing overhead: 2.209038%
frame=  157 fps=0.0 q=-1.0 Lsize=     123KiB time=00:00:06.20 bitrate= 163.2kbits/s dup=0 drop=590 speed=12.9x    
[libx264 @ 0x6146d3e65d80] frame I:1     Avg QP:16.59  size: 35136
[libx264 @ 0x6146d3e65d80] frame P:42    Avg QP:20.32  size:  1187
[libx264 @ 0x6146d3e65d80] frame B:114   Avg QP:28.38  size:   334
[libx264 @ 0x6146d3e65d80] consecutive B-frames:  2.5%  0.0%  5.7% 91.7%
[libx264 @ 0x6146d3e65d80] mb I  I16..4: 14.8% 74.9% 10.3%
[libx264 @ 0x6146d3e65d80] mb P  I16..4:  0.1%  0.1%  0.0%  P16..4:  1.8%  0.2%  0.1%  0.0%  0.0%    skip:97.7%
[libx264 @ 0x6146d3e65d80] mb B  I16..4:  0.0%  0.0%  0.0%  B16..8:  1.0%  0.1%  0.0%  direct: 0.0%  skip:98.8%  L0:50.9% L1:43.6% BI: 5.5%
[libx264 @ 0x6146d3e65d80] 8x8 transform intra:72.9% inter:27.1%
[libx264 @ 0x6146d3e65d80] coded y,uvDC,uvAC intra: 6.2% 10.2% 9.0% inter: 0.2% 0.1% 0.0%
[libx264 @ 0x6146d3e65d80] i16 v,h,dc,p: 72% 26%  2%  0%
[libx264 @ 0x6146d3e65d80] i8 v,h,dc,ddl,ddr,vr,hd,vl,hu: 57% 14% 29%  0%  0%  0%  0%  0%  0%
[libx264 @ 0x6146d3e65d80] i4 v,h,dc,ddl,ddr,vr,hd,vl,hu: 40% 29% 10%  4%  2%  2%  4%  3%  5%
[libx264 @ 0x6146d3e65d80] i8c dc,h,v,p: 79% 12%  8%  1%
[libx264 @ 0x6146d3e65d80] Weighted P-Frames: Y:0.0% UV:0.0%
[libx264 @ 0x6146d3e65d80] ref P L0: 67.6%  3.1% 15.0% 14.2%
[libx264 @ 0x6146d3e65d80] ref B L0: 74.7% 17.8%  7.5%
[libx264 @ 0x6146d3e65d80] ref B L1: 91.8%  8.2%
[libx264 @ 0x6146d3e65d80] kb/s:156.72
ffmpeg version 7.0.2-3ubuntu1 Copyright (c) 2000-2024 the FFmpeg developers
  built with gcc 14 (Ubuntu 14.2.0-2ubuntu1)
  configuration: --prefix=/usr --extra-version=3ubuntu1 --toolchain=hardened --libdir=/usr/lib/x86_64-linux-gnu --incdir=/usr/include/x86_64-linux-gnu --arch=amd64 --enable-gpl --disable-stripping --disable-libmfx --disable-omx --enable-gnutls --enable-libaom --enable-libass --enable-libbs2b --enable-libcdio --enable-libcodec2 --enable-libdav1d --enable-libflite --enable-libfontconfig --enable-libfreetype --enable-libfribidi --enable-libglslang --enable-libgme --enable-libgsm --enable-libharfbuzz --enable-libmp3lame --enable-libmysofa --enable-libopenjpeg --enable-libopenmpt --enable-libopus --enable-librubberband --enable-libshine --enable-libsnappy --enable-libsoxr --enable-libspeex --enable-libtheora --enable-libtwolame --enable-libvidstab --enable-libvorbis --enable-libvpx --enable-libwebp --enable-libx265 --enable-libxml2 --enable-libxvid --enable-libzimg --enable-openal --enable-opencl --enable-opengl --disable-sndio --enable-libvpl --enable-libdc1394 --enable-libdrm --enable-libiec61883 --enable-chromaprint --enable-frei0r --enable-ladspa --enable-libbluray --enable-libcaca --enable-libdvdnav --enable-libdvdread --enable-libjack --enable-libpulse --enable-librabbitmq --enable-librist --enable-libsrt --enable-libssh --enable-libsvtav1 --enable-libx264 --enable-libzmq --enable-libzvbi --enable-lv2 --enable-sdl2 --enable-libplacebo --enable-librav1e --enable-pocketsphinx --enable-librsvg --enable-libjxl --enable-shared
  libavutil      59.  8.100 / 59.  8.100
  libavcodec     61.  3.100 / 61.  3.100
  libavformat    61.  1.100 / 61.  1.100
  libavdevice    61.  1.100 / 61.  1.100
  libavfilter    10.  1.100 / 10.  1.100
  libswscale      8.  1.100 /  8.  1.100
  libswresample   5.  1.100 /  5.  1.100
  libpostproc    58.  1.100 / 58.  1.100
Input #0, concat, from '/home/marco-lasagna/Scaricati/ffmpeg-java/inputFile.txt':
  Duration: N/A, start: 0.000000, bitrate: N/A
  Stream #0:0: Video: mjpeg (Baseline), yuvj420p(pc, bt470bg/unknown/unknown), 4501x4500 [SAR 1:1 DAR 4501:4500], 25 fps, 25 tbr, 25 tbn
Stream mapping:
  Stream #0:0 -> #0:0 (mjpeg (native) -> h264 (libx264))
Press [q] to stop, [?] for help
[swscaler @ 0x7d8e0c016b00] deprecated pixel format used, make sure you did set range correctly
    Last message repeated 1 times
[swscaler @ 0x7d8e0cb407c0] deprecated pixel format used, make sure you did set range correctly
    Last message repeated 1 times
[vost#0:0/libx264 @ 0x5ffd36b05a00] No information about the input framerate is available. Falling back to a default value of 25fps. Use the -r option if you want a different framerate.
[libx264 @ 0x5ffd36afbdc0] using SAR=2048/4095
[libx264 @ 0x5ffd36afbdc0] using cpu capabilities: MMX2 SSE2Fast SSSE3 SSE4.2 AVX FMA3 BMI2 AVX2
[libx264 @ 0x5ffd36afbdc0] profile High, level 4.0, 4:2:0, 8-bit
[libx264 @ 0x5ffd36afbdc0] 264 - core 164 r3108 31e19f9 - H.264/MPEG-4 AVC codec - Copyleft 2003-2023 - http://www.videolan.org/x264.html - options: cabac=1 ref=3 deblock=1:0:0 analyse=0x3:0x113 me=hex subme=7 psy=1 psy_rd=1.00:0.00 mixed_ref=1 me_range=16 chroma_me=1 trellis=1 8x8dct=1 cqm=0 deadzone=21,11 fast_pskip=1 chroma_qp_offset=-2 threads=30 lookahead_threads=5 sliced_threads=0 nr=0 decimate=1 interlaced=0 bluray_compat=0 constrained_intra=0 bframes=3 b_pyramid=2 b_adapt=1 b_bias=0 direct=1 weightb=1 open_gop=0 weightp=2 keyint=250 keyint_min=25 scenecut=40 intra_refresh=0 rc_lookahead=40 rc=crf mbtree=1 crf=23.0 qcomp=0.60 qpmin=0 qpmax=69 qpstep=4 ip_ratio=1.40 aq=1:1.00
Output #0, mp4, to './src/test/resources/output/translation/video/009.mp4':
  Metadata:
    encoder         : Lavf61.1.100
  Stream #0:0: Video: h264 (avc1 / 0x31637661), yuvj420p(pc, progressive), 2048x1024 [SAR 4501:9000 DAR 4501:4500], q=2-31, 25 fps, 12800 tbn
      Metadata:
        encoder         : Lavc61.3.100 libx264
      Side data:
        cpb: bitrate max/min/avg: 0/0/0 buffer size: 0 vbv_delay: N/A
[out#0/mp4 @ 0x5ffd36b03a80] video:32KiB audio:0KiB subtitle:0KiB other streams:0KiB global headers:0KiB muxing overhead: 2.918747%
frame=    6 fps=0.0 q=-1.0 Lsize=      33KiB time=00:00:00.16 bitrate=1680.2kbits/s dup=0 drop=17 speed=0.719x    
[libx264 @ 0x5ffd36afbdc0] frame I:1     Avg QP:18.53  size: 30347
[libx264 @ 0x5ffd36afbdc0] frame P:2     Avg QP:17.75  size:   424
[libx264 @ 0x5ffd36afbdc0] frame B:3     Avg QP:13.72  size:   255
[libx264 @ 0x5ffd36afbdc0] consecutive B-frames: 33.3%  0.0%  0.0% 66.7%
[libx264 @ 0x5ffd36afbdc0] mb I  I16..4: 25.9% 63.6% 10.4%
[libx264 @ 0x5ffd36afbdc0] mb P  I16..4:  0.1%  0.1%  0.0%  P16..4:  1.6%  0.2%  0.0%  0.0%  0.0%    skip:98.0%
[libx264 @ 0x5ffd36afbdc0] mb B  I16..4:  0.1%  0.0%  0.0%  B16..8:  1.3%  0.1%  0.0%  direct: 0.0%  skip:98.5%  L0:46.4% L1:51.2% BI: 2.4%
[libx264 @ 0x5ffd36afbdc0] 8x8 transform intra:63.4% inter:45.1%
[libx264 @ 0x5ffd36afbdc0] coded y,uvDC,uvAC intra: 6.0% 10.2% 9.1% inter: 0.1% 0.0% 0.0%
[libx264 @ 0x5ffd36afbdc0] i16 v,h,dc,p: 87% 12%  1%  0%
[libx264 @ 0x5ffd36afbdc0] i8 v,h,dc,ddl,ddr,vr,hd,vl,hu: 48%  5% 47%  0%  0%  0%  0%  0%  0%
[libx264 @ 0x5ffd36afbdc0] i4 v,h,dc,ddl,ddr,vr,hd,vl,hu: 40% 29% 10%  4%  2%  2%  4%  4%  5%
[libx264 @ 0x5ffd36afbdc0] i8c dc,h,v,p: 82%  9%  8%  1%
[libx264 @ 0x5ffd36afbdc0] Weighted P-Frames: Y:0.0% UV:0.0%
[libx264 @ 0x5ffd36afbdc0] ref P L0: 95.4%  0.0%  3.2%  1.4%
[libx264 @ 0x5ffd36afbdc0] ref B L0: 86.1% 13.9%
[libx264 @ 0x5ffd36afbdc0] ref B L1: 98.9%  1.1%
[libx264 @ 0x5ffd36afbdc0] kb/s:1065.37
ffmpeg version 7.0.2-3ubuntu1 Copyright (c) 2000-2024 the FFmpeg developers
  built with gcc 14 (Ubuntu 14.2.0-2ubuntu1)
  configuration: --prefix=/usr --extra-version=3ubuntu1 --toolchain=hardened --libdir=/usr/lib/x86_64-linux-gnu --incdir=/usr/include/x86_64-linux-gnu --arch=amd64 --enable-gpl --disable-stripping --disable-libmfx --disable-omx --enable-gnutls --enable-libaom --enable-libass --enable-libbs2b --enable-libcdio --enable-libcodec2 --enable-libdav1d --enable-libflite --enable-libfontconfig --enable-libfreetype --enable-libfribidi --enable-libglslang --enable-libgme --enable-libgsm --enable-libharfbuzz --enable-libmp3lame --enable-libmysofa --enable-libopenjpeg --enable-libopenmpt --enable-libopus --enable-librubberband --enable-libshine --enable-libsnappy --enable-libsoxr --enable-libspeex --enable-libtheora --enable-libtwolame --enable-libvidstab --enable-libvorbis --enable-libvpx --enable-libwebp --enable-libx265 --enable-libxml2 --enable-libxvid --enable-libzimg --enable-openal --enable-opencl --enable-opengl --disable-sndio --enable-libvpl --enable-libdc1394 --enable-libdrm --enable-libiec61883 --enable-chromaprint --enable-frei0r --enable-ladspa --enable-libbluray --enable-libcaca --enable-libdvdnav --enable-libdvdread --enable-libjack --enable-libpulse --enable-librabbitmq --enable-librist --enable-libsrt --enable-libssh --enable-libsvtav1 --enable-libx264 --enable-libzmq --enable-libzvbi --enable-lv2 --enable-sdl2 --enable-libplacebo --enable-librav1e --enable-pocketsphinx --enable-librsvg --enable-libjxl --enable-shared
  libavutil      59.  8.100 / 59.  8.100
  libavcodec     61.  3.100 / 61.  3.100
  libavformat    61.  1.100 / 61.  1.100
  libavdevice    61.  1.100 / 61.  1.100
  libavfilter    10.  1.100 / 10.  1.100
  libswscale      8.  1.100 /  8.  1.100
  libswresample   5.  1.100 /  5.  1.100
  libpostproc    58.  1.100 / 58.  1.100
Input #0, concat, from '/home/marco-lasagna/Scaricati/ffmpeg-java/inputFile.txt':
  Duration: N/A, start: 0.000000, bitrate: N/A
  Stream #0:0: Video: mjpeg (Baseline), yuvj420p(pc, bt470bg/unknown/unknown), 4501x4500 [SAR 1:1 DAR 4501:4500], 25 fps, 25 tbr, 25 tbn
Stream mapping:
  Stream #0:0 -> #0:0 (mjpeg (native) -> h264 (libx264))
Press [q] to stop, [?] for help
[swscaler @ 0x783f08016b00] deprecated pixel format used, make sure you did set range correctly
    Last message repeated 1 times
[swscaler @ 0x783f08b407c0] deprecated pixel format used, make sure you did set range correctly
    Last message repeated 1 times
[vost#0:0/libx264 @ 0x57cd15052ac0] No information about the input framerate is available. Falling back to a default value of 25fps. Use the -r option if you want a different framerate.
[libx264 @ 0x57cd15048e80] using SAR=2048/4095
[libx264 @ 0x57cd15048e80] using cpu capabilities: MMX2 SSE2Fast SSSE3 SSE4.2 AVX FMA3 BMI2 AVX2
[libx264 @ 0x57cd15048e80] profile High, level 4.0, 4:2:0, 8-bit
[libx264 @ 0x57cd15048e80] 264 - core 164 r3108 31e19f9 - H.264/MPEG-4 AVC codec - Copyleft 2003-2023 - http://www.videolan.org/x264.html - options: cabac=1 ref=3 deblock=1:0:0 analyse=0x3:0x113 me=hex subme=7 psy=1 psy_rd=1.00:0.00 mixed_ref=1 me_range=16 chroma_me=1 trellis=1 8x8dct=1 cqm=0 deadzone=21,11 fast_pskip=1 chroma_qp_offset=-2 threads=30 lookahead_threads=5 sliced_threads=0 nr=0 decimate=1 interlaced=0 bluray_compat=0 constrained_intra=0 bframes=3 b_pyramid=2 b_adapt=1 b_bias=0 direct=1 weightb=1 open_gop=0 weightp=2 keyint=250 keyint_min=25 scenecut=40 intra_refresh=0 rc_lookahead=40 rc=crf mbtree=1 crf=23.0 qcomp=0.60 qpmin=0 qpmax=69 qpstep=4 ip_ratio=1.40 aq=1:1.00
Output #0, mp4, to './src/test/resources/output/translation/video/019.mp4':
  Metadata:
    encoder         : Lavf61.1.100
  Stream #0:0: Video: h264 (avc1 / 0x31637661), yuvj420p(pc, progressive), 2048x1024 [SAR 4501:9000 DAR 4501:4500], q=2-31, 25 fps, 12800 tbn
      Metadata:
        encoder         : Lavc61.3.100 libx264
      Side data:
        cpb: bitrate max/min/avg: 0/0/0 buffer size: 0 vbv_delay: N/A
[out#0/mp4 @ 0x57cd15050b40] video:32KiB audio:0KiB subtitle:0KiB other streams:0KiB global headers:0KiB muxing overhead: 2.922327%
frame=    6 fps=0.0 q=-1.0 Lsize=      33KiB time=00:00:00.16 bitrate=1678.2kbits/s dup=0 drop=19 speed=0.651x    
[libx264 @ 0x57cd15048e80] frame I:1     Avg QP:18.47  size: 30310
[libx264 @ 0x57cd15048e80] frame P:2     Avg QP:15.83  size:   414
[libx264 @ 0x57cd15048e80] frame B:3     Avg QP:18.07  size:   261
[libx264 @ 0x57cd15048e80] consecutive B-frames: 33.3%  0.0%  0.0% 66.7%
[libx264 @ 0x57cd15048e80] mb I  I16..4: 26.1% 63.7% 10.3%
[libx264 @ 0x57cd15048e80] mb P  I16..4:  0.1%  0.2%  0.0%  P16..4:  0.9%  0.2%  0.1%  0.0%  0.0%    skip:98.5%
[libx264 @ 0x57cd15048e80] mb B  I16..4:  0.0%  0.0%  0.0%  B16..8:  1.4%  0.1%  0.0%  direct: 0.1%  skip:98.4%  L0:41.5% L1:55.9% BI: 2.5%
[libx264 @ 0x57cd15048e80] 8x8 transform intra:63.6% inter:38.6%
[libx264 @ 0x57cd15048e80] coded y,uvDC,uvAC intra: 6.0% 10.2% 9.1% inter: 0.1% 0.0% 0.0%
[libx264 @ 0x57cd15048e80] i16 v,h,dc,p: 87% 12%  1%  0%
[libx264 @ 0x57cd15048e80] i8 v,h,dc,ddl,ddr,vr,hd,vl,hu: 47%  5% 47%  0%  0%  0%  0%  0%  0%
[libx264 @ 0x57cd15048e80] i4 v,h,dc,ddl,ddr,vr,hd,vl,hu: 40% 29%  9%  4%  2%  2%  4%  4%  5%
[libx264 @ 0x57cd15048e80] i8c dc,h,v,p: 82% 10%  8%  1%
[libx264 @ 0x57cd15048e80] Weighted P-Frames: Y:0.0% UV:0.0%
[libx264 @ 0x57cd15048e80] ref P L0: 88.4%  0.0%  2.8%  8.8%
[libx264 @ 0x57cd15048e80] ref B L0: 88.3% 11.7%
[libx264 @ 0x57cd15048e80] ref B L1: 95.4%  4.6%
[libx264 @ 0x57cd15048e80] kb/s:1064.03
ffmpeg version 7.0.2-3ubuntu1 Copyright (c) 2000-2024 the FFmpeg developers
  built with gcc 14 (Ubuntu 14.2.0-2ubuntu1)
  configuration: --prefix=/usr --extra-version=3ubuntu1 --toolchain=hardened --libdir=/usr/lib/x86_64-linux-gnu --incdir=/usr/include/x86_64-linux-gnu --arch=amd64 --enable-gpl --disable-stripping --disable-libmfx --disable-omx --enable-gnutls --enable-libaom --enable-libass --enable-libbs2b --enable-libcdio --enable-libcodec2 --enable-libdav1d --enable-libflite --enable-libfontconfig --enable-libfreetype --enable-libfribidi --enable-libglslang --enable-libgme --enable-libgsm --enable-libharfbuzz --enable-libmp3lame --enable-libmysofa --enable-libopenjpeg --enable-libopenmpt --enable-libopus --enable-librubberband --enable-libshine --enable-libsnappy --enable-libsoxr --enable-libspeex --enable-libtheora --enable-libtwolame --enable-libvidstab --enable-libvorbis --enable-libvpx --enable-libwebp --enable-libx265 --enable-libxml2 --enable-libxvid --enable-libzimg --enable-openal --enable-opencl --enable-opengl --disable-sndio --enable-libvpl --enable-libdc1394 --enable-libdrm --enable-libiec61883 --enable-chromaprint --enable-frei0r --enable-ladspa --enable-libbluray --enable-libcaca --enable-libdvdnav --enable-libdvdread --enable-libjack --enable-libpulse --enable-librabbitmq --enable-librist --enable-libsrt --enable-libssh --enable-libsvtav1 --enable-libx264 --enable-libzmq --enable-libzvbi --enable-lv2 --enable-sdl2 --enable-libplacebo --enable-librav1e --enable-pocketsphinx --enable-librsvg --enable-libjxl --enable-shared
  libavutil      59.  8.100 / 59.  8.100
  libavcodec     61.  3.100 / 61.  3.100
  libavformat    61.  1.100 / 61.  1.100
  libavdevice    61.  1.100 / 61.  1.100
  libavfilter    10.  1.100 / 10.  1.100
  libswscale      8.  1.100 /  8.  1.100
  libswresample   5.  1.100 /  5.  1.100
  libpostproc    58.  1.100 / 58.  1.100
Input #0, concat, from '/home/marco-lasagna/Scaricati/ffmpeg-java/inputFile.txt':
  Duration: N/A, start: 0.000000, bitrate: N/A
  Stream #0:0: Video: mjpeg (Baseline), yuvj420p(pc, bt470bg/unknown/unknown), 4501x4500 [SAR 1:1 DAR 4501:4500], 25 fps, 25 tbr, 25 tbn
Stream mapping:
  Stream #0:0 -> #0:0 (mjpeg (native) -> h264 (libx264))
Press [q] to stop, [?] for help
[swscaler @ 0x7a644c016b00] deprecated pixel format used, make sure you did set range correctly
    Last message repeated 1 times
[swscaler @ 0x7a644cb407c0] deprecated pixel format used, make sure you did set range correctly
    Last message repeated 1 times
[vost#0:0/libx264 @ 0x57ca3acf1ac0] No information about the input framerate is available. Falling back to a default value of 25fps. Use the -r option if you want a different framerate.
[libx264 @ 0x57ca3ace7e80] using SAR=2048/4095
[libx264 @ 0x57ca3ace7e80] using cpu capabilities: MMX2 SSE2Fast SSSE3 SSE4.2 AVX FMA3 BMI2 AVX2
[libx264 @ 0x57ca3ace7e80] profile High, level 4.0, 4:2:0, 8-bit
[libx264 @ 0x57ca3ace7e80] 264 - core 164 r3108 31e19f9 - H.264/MPEG-4 AVC codec - Copyleft 2003-2023 - http://www.videolan.org/x264.html - options: cabac=1 ref=3 deblock=1:0:0 analyse=0x3:0x113 me=hex subme=7 psy=1 psy_rd=1.00:0.00 mixed_ref=1 me_range=16 chroma_me=1 trellis=1 8x8dct=1 cqm=0 deadzone=21,11 fast_pskip=1 chroma_qp_offset=-2 threads=30 lookahead_threads=5 sliced_threads=0 nr=0 decimate=1 interlaced=0 bluray_compat=0 constrained_intra=0 bframes=3 b_pyramid=2 b_adapt=1 b_bias=0 direct=1 weightb=1 open_gop=0 weightp=2 keyint=250 keyint_min=25 scenecut=40 intra_refresh=0 rc_lookahead=40 rc=crf mbtree=1 crf=23.0 qcomp=0.60 qpmin=0 qpmax=69 qpstep=4 ip_ratio=1.40 aq=1:1.00
Output #0, mp4, to './src/test/resources/output/translation/video/029.mp4':
  Metadata:
    encoder         : Lavf61.1.100
  Stream #0:0: Video: h264 (avc1 / 0x31637661), yuvj420p(pc, progressive), 2048x1024 [SAR 4501:9000 DAR 4501:4500], q=2-31, 25 fps, 12800 tbn
      Metadata:
        encoder         : Lavc61.3.100 libx264
      Side data:
        cpb: bitrate max/min/avg: 0/0/0 buffer size: 0 vbv_delay: N/A
[out#0/mp4 @ 0x57ca3acefb40] video:32KiB audio:0KiB subtitle:0KiB other streams:0KiB global headers:0KiB muxing overhead: 2.923941%
frame=    6 fps=0.0 q=-1.0 Lsize=      33KiB time=00:00:00.16 bitrate=1677.3kbits/s dup=0 drop=19 speed=0.665x    
[libx264 @ 0x57ca3ace7e80] frame I:1     Avg QP:18.68  size: 30340
[libx264 @ 0x57ca3ace7e80] frame P:2     Avg QP:17.15  size:   424
[libx264 @ 0x57ca3ace7e80] frame B:3     Avg QP:19.50  size:   238
[libx264 @ 0x57ca3ace7e80] consecutive B-frames: 33.3%  0.0%  0.0% 66.7%
[libx264 @ 0x57ca3ace7e80] mb I  I16..4: 17.0% 72.5% 10.4%
[libx264 @ 0x57ca3ace7e80] mb P  I16..4:  0.1%  0.1%  0.0%  P16..4:  1.2%  0.2%  0.1%  0.0%  0.0%    skip:98.4%
[libx264 @ 0x57ca3ace7e80] mb B  I16..4:  0.0%  0.0%  0.0%  B16..8:  1.1%  0.1%  0.0%  direct: 0.0%  skip:98.8%  L0:52.4% L1:45.3% BI: 2.3%
[libx264 @ 0x57ca3ace7e80] 8x8 transform intra:72.3% inter:34.3%
[libx264 @ 0x57ca3ace7e80] coded y,uvDC,uvAC intra: 5.9% 10.2% 9.1% inter: 0.1% 0.0% 0.0%
[libx264 @ 0x57ca3ace7e80] i16 v,h,dc,p: 82% 17%  1%  0%
[libx264 @ 0x57ca3ace7e80] i8 v,h,dc,ddl,ddr,vr,hd,vl,hu: 47%  8% 45%  0%  0%  0%  0%  0%  0%
[libx264 @ 0x57ca3ace7e80] i4 v,h,dc,ddl,ddr,vr,hd,vl,hu: 39% 30%  9%  4%  2%  2%  4%  4%  5%
[libx264 @ 0x57ca3ace7e80] i8c dc,h,v,p: 82% 10%  8%  1%
[libx264 @ 0x57ca3ace7e80] Weighted P-Frames: Y:0.0% UV:0.0%
[libx264 @ 0x57ca3ace7e80] ref P L0: 92.8%  0.0%  2.2%  5.0%
[libx264 @ 0x57ca3ace7e80] ref B L0: 88.6% 11.4%
[libx264 @ 0x57ca3ace7e80] ref B L1: 98.6%  1.4%
[libx264 @ 0x57ca3ace7e80] kb/s:1063.43
ffmpeg version 7.0.2-3ubuntu1 Copyright (c) 2000-2024 the FFmpeg developers
  built with gcc 14 (Ubuntu 14.2.0-2ubuntu1)
  configuration: --prefix=/usr --extra-version=3ubuntu1 --toolchain=hardened --libdir=/usr/lib/x86_64-linux-gnu --incdir=/usr/include/x86_64-linux-gnu --arch=amd64 --enable-gpl --disable-stripping --disable-libmfx --disable-omx --enable-gnutls --enable-libaom --enable-libass --enable-libbs2b --enable-libcdio --enable-libcodec2 --enable-libdav1d --enable-libflite --enable-libfontconfig --enable-libfreetype --enable-libfribidi --enable-libglslang --enable-libgme --enable-libgsm --enable-libharfbuzz --enable-libmp3lame --enable-libmysofa --enable-libopenjpeg --enable-libopenmpt --enable-libopus --enable-librubberband --enable-libshine --enable-libsnappy --enable-libsoxr --enable-libspeex --enable-libtheora --enable-libtwolame --enable-libvidstab --enable-libvorbis --enable-libvpx --enable-libwebp --enable-libx265 --enable-libxml2 --enable-libxvid --enable-libzimg --enable-openal --enable-opencl --enable-opengl --disable-sndio --enable-libvpl --enable-libdc1394 --enable-libdrm --enable-libiec61883 --enable-chromaprint --enable-frei0r --enable-ladspa --enable-libbluray --enable-libcaca --enable-libdvdnav --enable-libdvdread --enable-libjack --enable-libpulse --enable-librabbitmq --enable-librist --enable-libsrt --enable-libssh --enable-libsvtav1 --enable-libx264 --enable-libzmq --enable-libzvbi --enable-lv2 --enable-sdl2 --enable-libplacebo --enable-librav1e --enable-pocketsphinx --enable-librsvg --enable-libjxl --enable-shared
  libavutil      59.  8.100 / 59.  8.100
  libavcodec     61.  3.100 / 61.  3.100
  libavformat    61.  1.100 / 61.  1.100
  libavdevice    61.  1.100 / 61.  1.100
  libavfilter    10.  1.100 / 10.  1.100
  libswscale      8.  1.100 /  8.  1.100
  libswresample   5.  1.100 /  5.  1.100
  libpostproc    58.  1.100 / 58.  1.100
Input #0, concat, from '/home/marco-lasagna/Scaricati/ffmpeg-java/inputFile.txt':
  Duration: N/A, start: 0.000000, bitrate: N/A
  Stream #0:0: Video: mjpeg (Baseline), yuvj420p(pc, bt470bg/unknown/unknown), 4501x4500 [SAR 1:1 DAR 4501:4500], 25 fps, 25 tbr, 25 tbn
Stream mapping:
  Stream #0:0 -> #0:0 (mjpeg (native) -> h264 (libx264))
Press [q] to stop, [?] for help
[swscaler @ 0x7aef28016b00] deprecated pixel format used, make sure you did set range correctly
    Last message repeated 1 times
[swscaler @ 0x7aef28b407c0] deprecated pixel format used, make sure you did set range correctly
    Last message repeated 1 times
[vost#0:0/libx264 @ 0x5c0240602ac0] No information about the input framerate is available. Falling back to a default value of 25fps. Use the -r option if you want a different framerate.
[libx264 @ 0x5c02405f8e80] using SAR=2048/4095
[libx264 @ 0x5c02405f8e80] using cpu capabilities: MMX2 SSE2Fast SSSE3 SSE4.2 AVX FMA3 BMI2 AVX2
[libx264 @ 0x5c02405f8e80] profile High, level 4.0, 4:2:0, 8-bit
[libx264 @ 0x5c02405f8e80] 264 - core 164 r3108 31e19f9 - H.264/MPEG-4 AVC codec - Copyleft 2003-2023 - http://www.videolan.org/x264.html - options: cabac=1 ref=3 deblock=1:0:0 analyse=0x3:0x113 me=hex subme=7 psy=1 psy_rd=1.00:0.00 mixed_ref=1 me_range=16 chroma_me=1 trellis=1 8x8dct=1 cqm=0 deadzone=21,11 fast_pskip=1 chroma_qp_offset=-2 threads=30 lookahead_threads=5 sliced_threads=0 nr=0 decimate=1 interlaced=0 bluray_compat=0 constrained_intra=0 bframes=3 b_pyramid=2 b_adapt=1 b_bias=0 direct=1 weightb=1 open_gop=0 weightp=2 keyint=250 keyint_min=25 scenecut=40 intra_refresh=0 rc_lookahead=40 rc=crf mbtree=1 crf=23.0 qcomp=0.60 qpmin=0 qpmax=69 qpstep=4 ip_ratio=1.40 aq=1:1.00
Output #0, mp4, to './src/test/resources/output/translation/video/039.mp4':
  Metadata:
    encoder         : Lavf61.1.100
  Stream #0:0: Video: h264 (avc1 / 0x31637661), yuvj420p(pc, progressive), 2048x1024 [SAR 4501:9000 DAR 4501:4500], q=2-31, 25 fps, 12800 tbn
      Metadata:
        encoder         : Lavc61.3.100 libx264
      Side data:
        cpb: bitrate max/min/avg: 0/0/0 buffer size: 0 vbv_delay: N/A
[out#0/mp4 @ 0x5c0240600b40] video:32KiB audio:0KiB subtitle:0KiB other streams:0KiB global headers:0KiB muxing overhead: 2.925916%
frame=    6 fps=0.0 q=-1.0 Lsize=      33KiB time=00:00:00.16 bitrate=1676.2kbits/s dup=0 drop=19 speed=0.667x    
[libx264 @ 0x5c02405f8e80] frame I:1     Avg QP:18.60  size: 30372
[libx264 @ 0x5c02405f8e80] frame P:2     Avg QP:16.57  size:   410
[libx264 @ 0x5c02405f8e80] frame B:3     Avg QP:25.30  size:   230
[libx264 @ 0x5c02405f8e80] consecutive B-frames: 33.3%  0.0%  0.0% 66.7%
[libx264 @ 0x5c02405f8e80] mb I  I16..4: 27.8% 61.8% 10.4%
[libx264 @ 0x5c02405f8e80] mb P  I16..4:  0.1%  0.1%  0.0%  P16..4:  1.2%  0.1%  0.0%  0.0%  0.0%    skip:98.4%
[libx264 @ 0x5c02405f8e80] mb B  I16..4:  0.0%  0.0%  0.0%  B16..8:  1.1%  0.1%  0.0%  direct: 0.0%  skip:98.8%  L0:34.0% L1:64.7% BI: 1.3%
[libx264 @ 0x5c02405f8e80] 8x8 transform intra:61.7% inter:32.1%
[libx264 @ 0x5c02405f8e80] coded y,uvDC,uvAC intra: 6.0% 10.2% 9.1% inter: 0.1% 0.0% 0.0%
[libx264 @ 0x5c02405f8e80] i16 v,h,dc,p: 88% 11%  1%  0%
[libx264 @ 0x5c02405f8e80] i8 v,h,dc,ddl,ddr,vr,hd,vl,hu: 57%  6% 36%  0%  0%  0%  0%  0%  0%
[libx264 @ 0x5c02405f8e80] i4 v,h,dc,ddl,ddr,vr,hd,vl,hu: 39% 30% 10%  3%  2%  2%  4%  4%  5%
[libx264 @ 0x5c02405f8e80] i8c dc,h,v,p: 82% 10%  8%  1%
[libx264 @ 0x5c02405f8e80] Weighted P-Frames: Y:0.0% UV:0.0%
[libx264 @ 0x5c02405f8e80] ref P L0: 95.2%  0.0%  0.7%  4.1%
[libx264 @ 0x5c02405f8e80] ref B L0: 82.6% 17.4%
[libx264 @ 0x5c02405f8e80] ref B L1: 95.8%  4.2%
[libx264 @ 0x5c02405f8e80] kb/s:1062.70
ffmpeg version 7.0.2-3ubuntu1 Copyright (c) 2000-2024 the FFmpeg developers
  built with gcc 14 (Ubuntu 14.2.0-2ubuntu1)
  configuration: --prefix=/usr --extra-version=3ubuntu1 --toolchain=hardened --libdir=/usr/lib/x86_64-linux-gnu --incdir=/usr/include/x86_64-linux-gnu --arch=amd64 --enable-gpl --disable-stripping --disable-libmfx --disable-omx --enable-gnutls --enable-libaom --enable-libass --enable-libbs2b --enable-libcdio --enable-libcodec2 --enable-libdav1d --enable-libflite --enable-libfontconfig --enable-libfreetype --enable-libfribidi --enable-libglslang --enable-libgme --enable-libgsm --enable-libharfbuzz --enable-libmp3lame --enable-libmysofa --enable-libopenjpeg --enable-libopenmpt --enable-libopus --enable-librubberband --enable-libshine --enable-libsnappy --enable-libsoxr --enable-libspeex --enable-libtheora --enable-libtwolame --enable-libvidstab --enable-libvorbis --enable-libvpx --enable-libwebp --enable-libx265 --enable-libxml2 --enable-libxvid --enable-libzimg --enable-openal --enable-opencl --enable-opengl --disable-sndio --enable-libvpl --enable-libdc1394 --enable-libdrm --enable-libiec61883 --enable-chromaprint --enable-frei0r --enable-ladspa --enable-libbluray --enable-libcaca --enable-libdvdnav --enable-libdvdread --enable-libjack --enable-libpulse --enable-librabbitmq --enable-librist --enable-libsrt --enable-libssh --enable-libsvtav1 --enable-libx264 --enable-libzmq --enable-libzvbi --enable-lv2 --enable-sdl2 --enable-libplacebo --enable-librav1e --enable-pocketsphinx --enable-librsvg --enable-libjxl --enable-shared
  libavutil      59.  8.100 / 59.  8.100
  libavcodec     61.  3.100 / 61.  3.100
  libavformat    61.  1.100 / 61.  1.100
  libavdevice    61.  1.100 / 61.  1.100
  libavfilter    10.  1.100 / 10.  1.100
  libswscale      8.  1.100 /  8.  1.100
  libswresample   5.  1.100 /  5.  1.100
  libpostproc    58.  1.100 / 58.  1.100
Input #0, concat, from '/home/marco-lasagna/Scaricati/ffmpeg-java/inputFile.txt':
  Duration: N/A, start: 0.000000, bitrate: N/A
  Stream #0:0: Video: mjpeg (Baseline), yuvj420p(pc, bt470bg/unknown/unknown), 4501x4500 [SAR 1:1 DAR 4501:4500], 25 fps, 25 tbr, 25 tbn
Stream mapping:
  Stream #0:0 -> #0:0 (mjpeg (native) -> h264 (libx264))
Press [q] to stop, [?] for help
[swscaler @ 0x7e5590016b00] deprecated pixel format used, make sure you did set range correctly
    Last message repeated 1 times
[swscaler @ 0x7e5590b407c0] deprecated pixel format used, make sure you did set range correctly
    Last message repeated 1 times
[vost#0:0/libx264 @ 0x5a7725974ac0] No information about the input framerate is available. Falling back to a default value of 25fps. Use the -r option if you want a different framerate.
[libx264 @ 0x5a772596ae80] using SAR=2048/4095
[libx264 @ 0x5a772596ae80] using cpu capabilities: MMX2 SSE2Fast SSSE3 SSE4.2 AVX FMA3 BMI2 AVX2
[libx264 @ 0x5a772596ae80] profile High, level 4.0, 4:2:0, 8-bit
[libx264 @ 0x5a772596ae80] 264 - core 164 r3108 31e19f9 - H.264/MPEG-4 AVC codec - Copyleft 2003-2023 - http://www.videolan.org/x264.html - options: cabac=1 ref=3 deblock=1:0:0 analyse=0x3:0x113 me=hex subme=7 psy=1 psy_rd=1.00:0.00 mixed_ref=1 me_range=16 chroma_me=1 trellis=1 8x8dct=1 cqm=0 deadzone=21,11 fast_pskip=1 chroma_qp_offset=-2 threads=30 lookahead_threads=5 sliced_threads=0 nr=0 decimate=1 interlaced=0 bluray_compat=0 constrained_intra=0 bframes=3 b_pyramid=2 b_adapt=1 b_bias=0 direct=1 weightb=1 open_gop=0 weightp=2 keyint=250 keyint_min=25 scenecut=40 intra_refresh=0 rc_lookahead=40 rc=crf mbtree=1 crf=23.0 qcomp=0.60 qpmin=0 qpmax=69 qpstep=4 ip_ratio=1.40 aq=1:1.00
Output #0, mp4, to './src/test/resources/output/translation/video/049.mp4':
  Metadata:
    encoder         : Lavf61.1.100
  Stream #0:0: Video: h264 (avc1 / 0x31637661), yuvj420p(pc, progressive), 2048x1024 [SAR 4501:9000 DAR 4501:4500], q=2-31, 25 fps, 12800 tbn
      Metadata:
        encoder         : Lavc61.3.100 libx264
      Side data:
        cpb: bitrate max/min/avg: 0/0/0 buffer size: 0 vbv_delay: N/A
[out#0/mp4 @ 0x5a7725972b40] video:32KiB audio:0KiB subtitle:0KiB other streams:0KiB global headers:0KiB muxing overhead: 2.920536%
frame=    6 fps=0.0 q=-1.0 Lsize=      33KiB time=00:00:00.16 bitrate=1679.2kbits/s dup=0 drop=19 speed=0.648x    
[libx264 @ 0x5a772596ae80] frame I:1     Avg QP:18.41  size: 30362
[libx264 @ 0x5a772596ae80] frame P:2     Avg QP:17.58  size:   420
[libx264 @ 0x5a772596ae80] frame B:3     Avg QP:25.21  size:   246
[libx264 @ 0x5a772596ae80] consecutive B-frames: 33.3%  0.0%  0.0% 66.7%
[libx264 @ 0x5a772596ae80] mb I  I16..4: 25.7% 63.8% 10.5%
[libx264 @ 0x5a772596ae80] mb P  I16..4:  0.1%  0.1%  0.0%  P16..4:  1.3%  0.2%  0.0%  0.0%  0.0%    skip:98.3%
[libx264 @ 0x5a772596ae80] mb B  I16..4:  0.0%  0.0%  0.0%  B16..8:  1.2%  0.1%  0.0%  direct: 0.0%  skip:98.6%  L0:60.8% L1:37.1% BI: 2.0%
[libx264 @ 0x5a772596ae80] 8x8 transform intra:63.7% inter:27.5%
[libx264 @ 0x5a772596ae80] coded y,uvDC,uvAC intra: 6.0% 10.2% 9.1% inter: 0.1% 0.0% 0.0%
[libx264 @ 0x5a772596ae80] i16 v,h,dc,p: 87% 12%  1%  0%
[libx264 @ 0x5a772596ae80] i8 v,h,dc,ddl,ddr,vr,hd,vl,hu: 42%  7% 50%  0%  0%  0%  0%  0%  0%
[libx264 @ 0x5a772596ae80] i4 v,h,dc,ddl,ddr,vr,hd,vl,hu: 38% 30% 10%  4%  2%  2%  4%  4%  5%
[libx264 @ 0x5a772596ae80] i8c dc,h,v,p: 82% 10%  8%  1%
[libx264 @ 0x5a772596ae80] Weighted P-Frames: Y:0.0% UV:0.0%
[libx264 @ 0x5a772596ae80] ref P L0: 93.1%  0.0%  2.9%  4.0%
[libx264 @ 0x5a772596ae80] ref B L0: 80.6% 19.4%
[libx264 @ 0x5a772596ae80] ref B L1: 93.7%  6.3%
[libx264 @ 0x5a772596ae80] kb/s:1064.70
ffmpeg version 7.0.2-3ubuntu1 Copyright (c) 2000-2024 the FFmpeg developers
  built with gcc 14 (Ubuntu 14.2.0-2ubuntu1)
  configuration: --prefix=/usr --extra-version=3ubuntu1 --toolchain=hardened --libdir=/usr/lib/x86_64-linux-gnu --incdir=/usr/include/x86_64-linux-gnu --arch=amd64 --enable-gpl --disable-stripping --disable-libmfx --disable-omx --enable-gnutls --enable-libaom --enable-libass --enable-libbs2b --enable-libcdio --enable-libcodec2 --enable-libdav1d --enable-libflite --enable-libfontconfig --enable-libfreetype --enable-libfribidi --enable-libglslang --enable-libgme --enable-libgsm --enable-libharfbuzz --enable-libmp3lame --enable-libmysofa --enable-libopenjpeg --enable-libopenmpt --enable-libopus --enable-librubberband --enable-libshine --enable-libsnappy --enable-libsoxr --enable-libspeex --enable-libtheora --enable-libtwolame --enable-libvidstab --enable-libvorbis --enable-libvpx --enable-libwebp --enable-libx265 --enable-libxml2 --enable-libxvid --enable-libzimg --enable-openal --enable-opencl --enable-opengl --disable-sndio --enable-libvpl --enable-libdc1394 --enable-libdrm --enable-libiec61883 --enable-chromaprint --enable-frei0r --enable-ladspa --enable-libbluray --enable-libcaca --enable-libdvdnav --enable-libdvdread --enable-libjack --enable-libpulse --enable-librabbitmq --enable-librist --enable-libsrt --enable-libssh --enable-libsvtav1 --enable-libx264 --enable-libzmq --enable-libzvbi --enable-lv2 --enable-sdl2 --enable-libplacebo --enable-librav1e --enable-pocketsphinx --enable-librsvg --enable-libjxl --enable-shared
  libavutil      59.  8.100 / 59.  8.100
  libavcodec     61.  3.100 / 61.  3.100
  libavformat    61.  1.100 / 61.  1.100
  libavdevice    61.  1.100 / 61.  1.100
  libavfilter    10.  1.100 / 10.  1.100
  libswscale      8.  1.100 /  8.  1.100
  libswresample   5.  1.100 /  5.  1.100
  libpostproc    58.  1.100 / 58.  1.100
Input #0, concat, from '/home/marco-lasagna/Scaricati/ffmpeg-java/inputFile.txt':
  Duration: N/A, start: 0.000000, bitrate: N/A
  Stream #0:0: Video: mjpeg (Baseline), yuvj420p(pc, bt470bg/unknown/unknown), 4501x4500 [SAR 1:1 DAR 4501:4500], 25 fps, 25 tbr, 25 tbn
Stream mapping:
  Stream #0:0 -> #0:0 (mjpeg (native) -> h264 (libx264))
Press [q] to stop, [?] for help
[swscaler @ 0x71fb54016b00] deprecated pixel format used, make sure you did set range correctly
    Last message repeated 1 times
[swscaler @ 0x71fb54b407c0] deprecated pixel format used, make sure you did set range correctly
    Last message repeated 1 times
[vost#0:0/libx264 @ 0x58bf50fefac0] No information about the input framerate is available. Falling back to a default value of 25fps. Use the -r option if you want a different framerate.
[libx264 @ 0x58bf50fe5e80] using SAR=2048/4095
[libx264 @ 0x58bf50fe5e80] using cpu capabilities: MMX2 SSE2Fast SSSE3 SSE4.2 AVX FMA3 BMI2 AVX2
[libx264 @ 0x58bf50fe5e80] profile High, level 4.0, 4:2:0, 8-bit
[libx264 @ 0x58bf50fe5e80] 264 - core 164 r3108 31e19f9 - H.264/MPEG-4 AVC codec - Copyleft 2003-2023 - http://www.videolan.org/x264.html - options: cabac=1 ref=3 deblock=1:0:0 analyse=0x3:0x113 me=hex subme=7 psy=1 psy_rd=1.00:0.00 mixed_ref=1 me_range=16 chroma_me=1 trellis=1 8x8dct=1 cqm=0 deadzone=21,11 fast_pskip=1 chroma_qp_offset=-2 threads=30 lookahead_threads=5 sliced_threads=0 nr=0 decimate=1 interlaced=0 bluray_compat=0 constrained_intra=0 bframes=3 b_pyramid=2 b_adapt=1 b_bias=0 direct=1 weightb=1 open_gop=0 weightp=2 keyint=250 keyint_min=25 scenecut=40 intra_refresh=0 rc_lookahead=40 rc=crf mbtree=1 crf=23.0 qcomp=0.60 qpmin=0 qpmax=69 qpstep=4 ip_ratio=1.40 aq=1:1.00
Output #0, mp4, to './src/test/resources/output/translation/video/059.mp4':
  Metadata:
    encoder         : Lavf61.1.100
  Stream #0:0: Video: h264 (avc1 / 0x31637661), yuvj420p(pc, progressive), 2048x1024 [SAR 4501:9000 DAR 4501:4500], q=2-31, 25 fps, 12800 tbn
      Metadata:
        encoder         : Lavc61.3.100 libx264
      Side data:
        cpb: bitrate max/min/avg: 0/0/0 buffer size: 0 vbv_delay: N/A
[out#0/mp4 @ 0x58bf50fedb40] video:32KiB audio:0KiB subtitle:0KiB other streams:0KiB global headers:0KiB muxing overhead: 2.913571%
frame=    6 fps=0.0 q=-1.0 Lsize=      33KiB time=00:00:00.16 bitrate=1683.1kbits/s dup=0 drop=19 speed=0.672x    
[libx264 @ 0x58bf50fe5e80] frame I:1     Avg QP:18.28  size: 30453
[libx264 @ 0x58bf50fe5e80] frame P:2     Avg QP:19.73  size:   428
[libx264 @ 0x58bf50fe5e80] frame B:3     Avg QP:27.87  size:   237
[libx264 @ 0x58bf50fe5e80] consecutive B-frames: 33.3%  0.0%  0.0% 66.7%
[libx264 @ 0x58bf50fe5e80] mb I  I16..4: 26.2% 63.3% 10.5%
[libx264 @ 0x58bf50fe5e80] mb P  I16..4:  0.1%  0.1%  0.0%  P16..4:  1.2%  0.2%  0.1%  0.0%  0.0%    skip:98.4%
[libx264 @ 0x58bf50fe5e80] mb B  I16..4:  0.0%  0.0%  0.0%  B16..8:  1.1%  0.1%  0.0%  direct: 0.0%  skip:98.8%  L0:58.2% L1:40.1% BI: 1.7%
[libx264 @ 0x58bf50fe5e80] 8x8 transform intra:63.3% inter:25.8%
[libx264 @ 0x58bf50fe5e80] coded y,uvDC,uvAC intra: 6.0% 10.2% 9.1% inter: 0.1% 0.0% 0.0%
[libx264 @ 0x58bf50fe5e80] i16 v,h,dc,p: 87% 12%  1%  0%
[libx264 @ 0x58bf50fe5e80] i8 v,h,dc,ddl,ddr,vr,hd,vl,hu: 44%  6% 50%  0%  0%  0%  0%  0%  0%
[libx264 @ 0x58bf50fe5e80] i4 v,h,dc,ddl,ddr,vr,hd,vl,hu: 39% 29% 10%  4%  2%  2%  4%  4%  5%
[libx264 @ 0x58bf50fe5e80] i8c dc,h,v,p: 82% 10%  8%  1%
[libx264 @ 0x58bf50fe5e80] Weighted P-Frames: Y:0.0% UV:0.0%
[libx264 @ 0x58bf50fe5e80] ref P L0: 91.8%  0.0%  2.7%  5.5%
[libx264 @ 0x58bf50fe5e80] ref B L0: 87.0% 13.0%
[libx264 @ 0x58bf50fe5e80] ref B L1: 95.9%  4.1%
[libx264 @ 0x58bf50fe5e80] kb/s:1067.30
ffmpeg version 7.0.2-3ubuntu1 Copyright (c) 2000-2024 the FFmpeg developers
  built with gcc 14 (Ubuntu 14.2.0-2ubuntu1)
  configuration: --prefix=/usr --extra-version=3ubuntu1 --toolchain=hardened --libdir=/usr/lib/x86_64-linux-gnu --incdir=/usr/include/x86_64-linux-gnu --arch=amd64 --enable-gpl --disable-stripping --disable-libmfx --disable-omx --enable-gnutls --enable-libaom --enable-libass --enable-libbs2b --enable-libcdio --enable-libcodec2 --enable-libdav1d --enable-libflite --enable-libfontconfig --enable-libfreetype --enable-libfribidi --enable-libglslang --enable-libgme --enable-libgsm --enable-libharfbuzz --enable-libmp3lame --enable-libmysofa --enable-libopenjpeg --enable-libopenmpt --enable-libopus --enable-librubberband --enable-libshine --enable-libsnappy --enable-libsoxr --enable-libspeex --enable-libtheora --enable-libtwolame --enable-libvidstab --enable-libvorbis --enable-libvpx --enable-libwebp --enable-libx265 --enable-libxml2 --enable-libxvid --enable-libzimg --enable-openal --enable-opencl --enable-opengl --disable-sndio --enable-libvpl --enable-libdc1394 --enable-libdrm --enable-libiec61883 --enable-chromaprint --enable-frei0r --enable-ladspa --enable-libbluray --enable-libcaca --enable-libdvdnav --enable-libdvdread --enable-libjack --enable-libpulse --enable-librabbitmq --enable-librist --enable-libsrt --enable-libssh --enable-libsvtav1 --enable-libx264 --enable-libzmq --enable-libzvbi --enable-lv2 --enable-sdl2 --enable-libplacebo --enable-librav1e --enable-pocketsphinx --enable-librsvg --enable-libjxl --enable-shared
  libavutil      59.  8.100 / 59.  8.100
  libavcodec     61.  3.100 / 61.  3.100
  libavformat    61.  1.100 / 61.  1.100
  libavdevice    61.  1.100 / 61.  1.100
  libavfilter    10.  1.100 / 10.  1.100
  libswscale      8.  1.100 /  8.  1.100
  libswresample   5.  1.100 /  5.  1.100
  libpostproc    58.  1.100 / 58.  1.100
Input #0, concat, from '/home/marco-lasagna/Scaricati/ffmpeg-java/inputFile.txt':
  Duration: N/A, start: 0.000000, bitrate: N/A
  Stream #0:0: Video: mjpeg (Baseline), yuvj420p(pc, bt470bg/unknown/unknown), 4501x4500 [SAR 1:1 DAR 4501:4500], 25 fps, 25 tbr, 25 tbn
Stream mapping:
  Stream #0:0 -> #0:0 (mjpeg (native) -> h264 (libx264))
Press [q] to stop, [?] for help
[swscaler @ 0x7a7128016b00] deprecated pixel format used, make sure you did set range correctly
    Last message repeated 1 times
[swscaler @ 0x7a7128b407c0] deprecated pixel format used, make sure you did set range correctly
    Last message repeated 1 times
[vost#0:0/libx264 @ 0x621ba3ceaac0] No information about the input framerate is available. Falling back to a default value of 25fps. Use the -r option if you want a different framerate.
[libx264 @ 0x621ba3ce0e80] using SAR=2048/4095
[libx264 @ 0x621ba3ce0e80] using cpu capabilities: MMX2 SSE2Fast SSSE3 SSE4.2 AVX FMA3 BMI2 AVX2
[libx264 @ 0x621ba3ce0e80] profile High, level 4.0, 4:2:0, 8-bit
[libx264 @ 0x621ba3ce0e80] 264 - core 164 r3108 31e19f9 - H.264/MPEG-4 AVC codec - Copyleft 2003-2023 - http://www.videolan.org/x264.html - options: cabac=1 ref=3 deblock=1:0:0 analyse=0x3:0x113 me=hex subme=7 psy=1 psy_rd=1.00:0.00 mixed_ref=1 me_range=16 chroma_me=1 trellis=1 8x8dct=1 cqm=0 deadzone=21,11 fast_pskip=1 chroma_qp_offset=-2 threads=30 lookahead_threads=5 sliced_threads=0 nr=0 decimate=1 interlaced=0 bluray_compat=0 constrained_intra=0 bframes=3 b_pyramid=2 b_adapt=1 b_bias=0 direct=1 weightb=1 open_gop=0 weightp=2 keyint=250 keyint_min=25 scenecut=40 intra_refresh=0 rc_lookahead=40 rc=crf mbtree=1 crf=23.0 qcomp=0.60 qpmin=0 qpmax=69 qpstep=4 ip_ratio=1.40 aq=1:1.00
Output #0, mp4, to './src/test/resources/output/translation/video/069.mp4':
  Metadata:
    encoder         : Lavf61.1.100
  Stream #0:0: Video: h264 (avc1 / 0x31637661), yuvj420p(pc, progressive), 2048x1024 [SAR 4501:9000 DAR 4501:4500], q=2-31, 25 fps, 12800 tbn
      Metadata:
        encoder         : Lavc61.3.100 libx264
      Side data:
        cpb: bitrate max/min/avg: 0/0/0 buffer size: 0 vbv_delay: N/A
[out#0/mp4 @ 0x621ba3ce8b40] video:32KiB audio:0KiB subtitle:0KiB other streams:0KiB global headers:0KiB muxing overhead: 2.913215%
frame=    6 fps=0.0 q=-1.0 Lsize=      33KiB time=00:00:00.16 bitrate=1683.3kbits/s dup=0 drop=19 speed=0.666x    
[libx264 @ 0x621ba3ce0e80] frame I:1     Avg QP:18.43  size: 30366
[libx264 @ 0x621ba3ce0e80] frame P:2     Avg QP:18.49  size:   428
[libx264 @ 0x621ba3ce0e80] frame B:3     Avg QP:19.45  size:   267
[libx264 @ 0x621ba3ce0e80] consecutive B-frames: 33.3%  0.0%  0.0% 66.7%
[libx264 @ 0x621ba3ce0e80] mb I  I16..4: 25.5% 64.0% 10.5%
[libx264 @ 0x621ba3ce0e80] mb P  I16..4:  0.1%  0.1%  0.0%  P16..4:  1.3%  0.1%  0.0%  0.0%  0.0%    skip:98.4%
[libx264 @ 0x621ba3ce0e80] mb B  I16..4:  0.1%  0.0%  0.0%  B16..8:  1.2%  0.1%  0.0%  direct: 0.0%  skip:98.6%  L0:57.6% L1:41.4% BI: 1.0%
[libx264 @ 0x621ba3ce0e80] 8x8 transform intra:63.9% inter:39.5%
[libx264 @ 0x621ba3ce0e80] coded y,uvDC,uvAC intra: 6.0% 10.1% 9.1% inter: 0.1% 0.0% 0.0%
[libx264 @ 0x621ba3ce0e80] i16 v,h,dc,p: 87% 12%  1%  0%
[libx264 @ 0x621ba3ce0e80] i8 v,h,dc,ddl,ddr,vr,hd,vl,hu: 43%  6% 50%  0%  0%  0%  0%  0%  0%
[libx264 @ 0x621ba3ce0e80] i4 v,h,dc,ddl,ddr,vr,hd,vl,hu: 41% 29%  9%  4%  2%  2%  4%  4%  5%
[libx264 @ 0x621ba3ce0e80] i8c dc,h,v,p: 82%  9%  8%  1%
[libx264 @ 0x621ba3ce0e80] Weighted P-Frames: Y:0.0% UV:0.0%
[libx264 @ 0x621ba3ce0e80] ref P L0: 93.2%  0.0%  1.5%  5.3%
[libx264 @ 0x621ba3ce0e80] ref B L0: 84.3% 15.7%
[libx264 @ 0x621ba3ce0e80] ref B L1: 96.8%  3.2%
[libx264 @ 0x621ba3ce0e80] kb/s:1067.43
ffmpeg version 7.0.2-3ubuntu1 Copyright (c) 2000-2024 the FFmpeg developers
  built with gcc 14 (Ubuntu 14.2.0-2ubuntu1)
  configuration: --prefix=/usr --extra-version=3ubuntu1 --toolchain=hardened --libdir=/usr/lib/x86_64-linux-gnu --incdir=/usr/include/x86_64-linux-gnu --arch=amd64 --enable-gpl --disable-stripping --disable-libmfx --disable-omx --enable-gnutls --enable-libaom --enable-libass --enable-libbs2b --enable-libcdio --enable-libcodec2 --enable-libdav1d --enable-libflite --enable-libfontconfig --enable-libfreetype --enable-libfribidi --enable-libglslang --enable-libgme --enable-libgsm --enable-libharfbuzz --enable-libmp3lame --enable-libmysofa --enable-libopenjpeg --enable-libopenmpt --enable-libopus --enable-librubberband --enable-libshine --enable-libsnappy --enable-libsoxr --enable-libspeex --enable-libtheora --enable-libtwolame --enable-libvidstab --enable-libvorbis --enable-libvpx --enable-libwebp --enable-libx265 --enable-libxml2 --enable-libxvid --enable-libzimg --enable-openal --enable-opencl --enable-opengl --disable-sndio --enable-libvpl --enable-libdc1394 --enable-libdrm --enable-libiec61883 --enable-chromaprint --enable-frei0r --enable-ladspa --enable-libbluray --enable-libcaca --enable-libdvdnav --enable-libdvdread --enable-libjack --enable-libpulse --enable-librabbitmq --enable-librist --enable-libsrt --enable-libssh --enable-libsvtav1 --enable-libx264 --enable-libzmq --enable-libzvbi --enable-lv2 --enable-sdl2 --enable-libplacebo --enable-librav1e --enable-pocketsphinx --enable-librsvg --enable-libjxl --enable-shared
  libavutil      59.  8.100 / 59.  8.100
  libavcodec     61.  3.100 / 61.  3.100
  libavformat    61.  1.100 / 61.  1.100
  libavdevice    61.  1.100 / 61.  1.100
  libavfilter    10.  1.100 / 10.  1.100
  libswscale      8.  1.100 /  8.  1.100
  libswresample   5.  1.100 /  5.  1.100
  libpostproc    58.  1.100 / 58.  1.100
Input #0, concat, from '/home/marco-lasagna/Scaricati/ffmpeg-java/inputFile.txt':
  Duration: N/A, start: 0.000000, bitrate: N/A
  Stream #0:0: Video: mjpeg (Baseline), yuvj420p(pc, bt470bg/unknown/unknown), 4501x4500 [SAR 1:1 DAR 4501:4500], 25 fps, 25 tbr, 25 tbn
Stream mapping:
  Stream #0:0 -> #0:0 (mjpeg (native) -> h264 (libx264))
Press [q] to stop, [?] for help
[swscaler @ 0x73208c016b00] deprecated pixel format used, make sure you did set range correctly
    Last message repeated 1 times
[swscaler @ 0x73208cb407c0] deprecated pixel format used, make sure you did set range correctly
    Last message repeated 1 times
[vost#0:0/libx264 @ 0x5aa27faceac0] No information about the input framerate is available. Falling back to a default value of 25fps. Use the -r option if you want a different framerate.
[libx264 @ 0x5aa27fac4e80] using SAR=2048/4095
[libx264 @ 0x5aa27fac4e80] using cpu capabilities: MMX2 SSE2Fast SSSE3 SSE4.2 AVX FMA3 BMI2 AVX2
[libx264 @ 0x5aa27fac4e80] profile High, level 4.0, 4:2:0, 8-bit
[libx264 @ 0x5aa27fac4e80] 264 - core 164 r3108 31e19f9 - H.264/MPEG-4 AVC codec - Copyleft 2003-2023 - http://www.videolan.org/x264.html - options: cabac=1 ref=3 deblock=1:0:0 analyse=0x3:0x113 me=hex subme=7 psy=1 psy_rd=1.00:0.00 mixed_ref=1 me_range=16 chroma_me=1 trellis=1 8x8dct=1 cqm=0 deadzone=21,11 fast_pskip=1 chroma_qp_offset=-2 threads=30 lookahead_threads=5 sliced_threads=0 nr=0 decimate=1 interlaced=0 bluray_compat=0 constrained_intra=0 bframes=3 b_pyramid=2 b_adapt=1 b_bias=0 direct=1 weightb=1 open_gop=0 weightp=2 keyint=250 keyint_min=25 scenecut=40 intra_refresh=0 rc_lookahead=40 rc=crf mbtree=1 crf=23.0 qcomp=0.60 qpmin=0 qpmax=69 qpstep=4 ip_ratio=1.40 aq=1:1.00
Output #0, mp4, to './src/test/resources/output/translation/video/079.mp4':
  Metadata:
    encoder         : Lavf61.1.100
  Stream #0:0: Video: h264 (avc1 / 0x31637661), yuvj420p(pc, progressive), 2048x1024 [SAR 4501:9000 DAR 4501:4500], q=2-31, 25 fps, 12800 tbn
      Metadata:
        encoder         : Lavc61.3.100 libx264
      Side data:
        cpb: bitrate max/min/avg: 0/0/0 buffer size: 0 vbv_delay: N/A
[out#0/mp4 @ 0x5aa27faccb40] video:32KiB audio:0KiB subtitle:0KiB other streams:0KiB global headers:0KiB muxing overhead: 2.907083%
frame=    6 fps=0.0 q=-1.0 Lsize=      33KiB time=00:00:00.16 bitrate=1686.8kbits/s dup=0 drop=19 speed=0.634x    
[libx264 @ 0x5aa27fac4e80] frame I:1     Avg QP:18.46  size: 30422
[libx264 @ 0x5aa27fac4e80] frame P:2     Avg QP:16.57  size:   451
[libx264 @ 0x5aa27fac4e80] frame B:3     Avg QP:24.70  size:   256
[libx264 @ 0x5aa27fac4e80] consecutive B-frames: 33.3%  0.0%  0.0% 66.7%
[libx264 @ 0x5aa27fac4e80] mb I  I16..4: 25.6% 64.0% 10.4%
[libx264 @ 0x5aa27fac4e80] mb P  I16..4:  0.1%  0.1%  0.0%  P16..4:  1.1%  0.1%  0.1%  0.0%  0.0%    skip:98.4%
[libx264 @ 0x5aa27fac4e80] mb B  I16..4:  0.0%  0.0%  0.0%  B16..8:  1.2%  0.1%  0.0%  direct: 0.0%  skip:98.6%  L0:56.9% L1:40.5% BI: 2.6%
[libx264 @ 0x5aa27fac4e80] 8x8 transform intra:63.9% inter:38.6%
[libx264 @ 0x5aa27fac4e80] coded y,uvDC,uvAC intra: 6.0% 10.2% 9.1% inter: 0.1% 0.0% 0.0%
[libx264 @ 0x5aa27fac4e80] i16 v,h,dc,p: 87% 12%  1%  0%
[libx264 @ 0x5aa27fac4e80] i8 v,h,dc,ddl,ddr,vr,hd,vl,hu: 57% 10% 33%  0%  0%  0%  0%  0%  0%
[libx264 @ 0x5aa27fac4e80] i4 v,h,dc,ddl,ddr,vr,hd,vl,hu: 39% 30% 10%  4%  2%  2%  4%  4%  5%
[libx264 @ 0x5aa27fac4e80] i8c dc,h,v,p: 82% 10%  8%  1%
[libx264 @ 0x5aa27fac4e80] Weighted P-Frames: Y:0.0% UV:0.0%
[libx264 @ 0x5aa27fac4e80] ref P L0: 93.5%  0.0%  2.0%  4.4%
[libx264 @ 0x5aa27fac4e80] ref B L0: 84.3% 15.7%
[libx264 @ 0x5aa27fac4e80] ref B L1: 92.3%  7.7%
[libx264 @ 0x5aa27fac4e80] kb/s:1069.73
ffmpeg version 7.0.2-3ubuntu1 Copyright (c) 2000-2024 the FFmpeg developers
  built with gcc 14 (Ubuntu 14.2.0-2ubuntu1)
  configuration: --prefix=/usr --extra-version=3ubuntu1 --toolchain=hardened --libdir=/usr/lib/x86_64-linux-gnu --incdir=/usr/include/x86_64-linux-gnu --arch=amd64 --enable-gpl --disable-stripping --disable-libmfx --disable-omx --enable-gnutls --enable-libaom --enable-libass --enable-libbs2b --enable-libcdio --enable-libcodec2 --enable-libdav1d --enable-libflite --enable-libfontconfig --enable-libfreetype --enable-libfribidi --enable-libglslang --enable-libgme --enable-libgsm --enable-libharfbuzz --enable-libmp3lame --enable-libmysofa --enable-libopenjpeg --enable-libopenmpt --enable-libopus --enable-librubberband --enable-libshine --enable-libsnappy --enable-libsoxr --enable-libspeex --enable-libtheora --enable-libtwolame --enable-libvidstab --enable-libvorbis --enable-libvpx --enable-libwebp --enable-libx265 --enable-libxml2 --enable-libxvid --enable-libzimg --enable-openal --enable-opencl --enable-opengl --disable-sndio --enable-libvpl --enable-libdc1394 --enable-libdrm --enable-libiec61883 --enable-chromaprint --enable-frei0r --enable-ladspa --enable-libbluray --enable-libcaca --enable-libdvdnav --enable-libdvdread --enable-libjack --enable-libpulse --enable-librabbitmq --enable-librist --enable-libsrt --enable-libssh --enable-libsvtav1 --enable-libx264 --enable-libzmq --enable-libzvbi --enable-lv2 --enable-sdl2 --enable-libplacebo --enable-librav1e --enable-pocketsphinx --enable-librsvg --enable-libjxl --enable-shared
  libavutil      59.  8.100 / 59.  8.100
  libavcodec     61.  3.100 / 61.  3.100
  libavformat    61.  1.100 / 61.  1.100
  libavdevice    61.  1.100 / 61.  1.100
  libavfilter    10.  1.100 / 10.  1.100
  libswscale      8.  1.100 /  8.  1.100
  libswresample   5.  1.100 /  5.  1.100
  libpostproc    58.  1.100 / 58.  1.100
Input #0, concat, from '/home/marco-lasagna/Scaricati/ffmpeg-java/inputFile.txt':
  Duration: N/A, start: 0.000000, bitrate: N/A
  Stream #0:0: Video: mjpeg (Baseline), yuvj420p(pc, bt470bg/unknown/unknown), 4501x4500 [SAR 1:1 DAR 4501:4500], 25 fps, 25 tbr, 25 tbn
Stream mapping:
  Stream #0:0 -> #0:0 (mjpeg (native) -> h264 (libx264))
Press [q] to stop, [?] for help
[swscaler @ 0x7c4268016b00] deprecated pixel format used, make sure you did set range correctly
    Last message repeated 1 times
[swscaler @ 0x7c4268b407c0] deprecated pixel format used, make sure you did set range correctly
    Last message repeated 1 times
[vost#0:0/libx264 @ 0x5aeee994cac0] No information about the input framerate is available. Falling back to a default value of 25fps. Use the -r option if you want a different framerate.
[libx264 @ 0x5aeee9942e80] using SAR=2048/4095
[libx264 @ 0x5aeee9942e80] using cpu capabilities: MMX2 SSE2Fast SSSE3 SSE4.2 AVX FMA3 BMI2 AVX2
[libx264 @ 0x5aeee9942e80] profile High, level 4.0, 4:2:0, 8-bit
[libx264 @ 0x5aeee9942e80] 264 - core 164 r3108 31e19f9 - H.264/MPEG-4 AVC codec - Copyleft 2003-2023 - http://www.videolan.org/x264.html - options: cabac=1 ref=3 deblock=1:0:0 analyse=0x3:0x113 me=hex subme=7 psy=1 psy_rd=1.00:0.00 mixed_ref=1 me_range=16 chroma_me=1 trellis=1 8x8dct=1 cqm=0 deadzone=21,11 fast_pskip=1 chroma_qp_offset=-2 threads=30 lookahead_threads=5 sliced_threads=0 nr=0 decimate=1 interlaced=0 bluray_compat=0 constrained_intra=0 bframes=3 b_pyramid=2 b_adapt=1 b_bias=0 direct=1 weightb=1 open_gop=0 weightp=2 keyint=250 keyint_min=25 scenecut=40 intra_refresh=0 rc_lookahead=40 rc=crf mbtree=1 crf=23.0 qcomp=0.60 qpmin=0 qpmax=69 qpstep=4 ip_ratio=1.40 aq=1:1.00
Output #0, mp4, to './src/test/resources/output/translation/video/089.mp4':
  Metadata:
    encoder         : Lavf61.1.100
  Stream #0:0: Video: h264 (avc1 / 0x31637661), yuvj420p(pc, progressive), 2048x1024 [SAR 4501:9000 DAR 4501:4500], q=2-31, 25 fps, 12800 tbn
      Metadata:
        encoder         : Lavc61.3.100 libx264
      Side data:
        cpb: bitrate max/min/avg: 0/0/0 buffer size: 0 vbv_delay: N/A
[out#0/mp4 @ 0x5aeee994ab40] video:32KiB audio:0KiB subtitle:0KiB other streams:0KiB global headers:0KiB muxing overhead: 2.929964%
frame=    6 fps=0.0 q=-1.0 Lsize=      33KiB time=00:00:00.16 bitrate=1674.0kbits/s dup=0 drop=19 speed=0.641x    
[libx264 @ 0x5aeee9942e80] frame I:1     Avg QP:18.73  size: 30330
[libx264 @ 0x5aeee9942e80] frame P:2     Avg QP:18.46  size:   390
[libx264 @ 0x5aeee9942e80] frame B:3     Avg QP:23.80  size:   242
[libx264 @ 0x5aeee9942e80] consecutive B-frames: 33.3%  0.0%  0.0% 66.7%
[libx264 @ 0x5aeee9942e80] mb I  I16..4: 25.3% 64.3% 10.4%
[libx264 @ 0x5aeee9942e80] mb P  I16..4:  0.1%  0.2%  0.0%  P16..4:  1.0%  0.1%  0.0%  0.0%  0.0%    skip:98.7%
[libx264 @ 0x5aeee9942e80] mb B  I16..4:  0.0%  0.0%  0.0%  B16..8:  1.2%  0.1%  0.0%  direct: 0.0%  skip:98.6%  L0:40.9% L1:57.4% BI: 1.6%
[libx264 @ 0x5aeee9942e80] 8x8 transform intra:64.3% inter:37.3%
[libx264 @ 0x5aeee9942e80] coded y,uvDC,uvAC intra: 6.0% 10.2% 9.1% inter: 0.1% 0.0% 0.0%
[libx264 @ 0x5aeee9942e80] i16 v,h,dc,p: 88% 11%  1%  0%
[libx264 @ 0x5aeee9942e80] i8 v,h,dc,ddl,ddr,vr,hd,vl,hu: 58%  9% 33%  0%  0%  0%  0%  0%  0%
[libx264 @ 0x5aeee9942e80] i4 v,h,dc,ddl,ddr,vr,hd,vl,hu: 41% 29%  9%  4%  2%  2%  4%  4%  5%
[libx264 @ 0x5aeee9942e80] i8c dc,h,v,p: 82%  9%  8%  1%
[libx264 @ 0x5aeee9942e80] Weighted P-Frames: Y:0.0% UV:0.0%
[libx264 @ 0x5aeee9942e80] ref P L0: 96.2%  0.0%  0.8%  2.9%
[libx264 @ 0x5aeee9942e80] ref B L0: 90.5%  9.5%
[libx264 @ 0x5aeee9942e80] ref B L1: 96.4%  3.6%
[libx264 @ 0x5aeee9942e80] kb/s:1061.20
ffmpeg version 7.0.2-3ubuntu1 Copyright (c) 2000-2024 the FFmpeg developers
  built with gcc 14 (Ubuntu 14.2.0-2ubuntu1)
  configuration: --prefix=/usr --extra-version=3ubuntu1 --toolchain=hardened --libdir=/usr/lib/x86_64-linux-gnu --incdir=/usr/include/x86_64-linux-gnu --arch=amd64 --enable-gpl --disable-stripping --disable-libmfx --disable-omx --enable-gnutls --enable-libaom --enable-libass --enable-libbs2b --enable-libcdio --enable-libcodec2 --enable-libdav1d --enable-libflite --enable-libfontconfig --enable-libfreetype --enable-libfribidi --enable-libglslang --enable-libgme --enable-libgsm --enable-libharfbuzz --enable-libmp3lame --enable-libmysofa --enable-libopenjpeg --enable-libopenmpt --enable-libopus --enable-librubberband --enable-libshine --enable-libsnappy --enable-libsoxr --enable-libspeex --enable-libtheora --enable-libtwolame --enable-libvidstab --enable-libvorbis --enable-libvpx --enable-libwebp --enable-libx265 --enable-libxml2 --enable-libxvid --enable-libzimg --enable-openal --enable-opencl --enable-opengl --disable-sndio --enable-libvpl --enable-libdc1394 --enable-libdrm --enable-libiec61883 --enable-chromaprint --enable-frei0r --enable-ladspa --enable-libbluray --enable-libcaca --enable-libdvdnav --enable-libdvdread --enable-libjack --enable-libpulse --enable-librabbitmq --enable-librist --enable-libsrt --enable-libssh --enable-libsvtav1 --enable-libx264 --enable-libzmq --enable-libzvbi --enable-lv2 --enable-sdl2 --enable-libplacebo --enable-librav1e --enable-pocketsphinx --enable-librsvg --enable-libjxl --enable-shared
  libavutil      59.  8.100 / 59.  8.100
  libavcodec     61.  3.100 / 61.  3.100
  libavformat    61.  1.100 / 61.  1.100
  libavdevice    61.  1.100 / 61.  1.100
  libavfilter    10.  1.100 / 10.  1.100
  libswscale      8.  1.100 /  8.  1.100
  libswresample   5.  1.100 /  5.  1.100
  libpostproc    58.  1.100 / 58.  1.100
Input #0, concat, from '/home/marco-lasagna/Scaricati/ffmpeg-java/inputFile.txt':
  Duration: N/A, start: 0.000000, bitrate: N/A
  Stream #0:0: Video: mjpeg (Baseline), yuvj420p(pc, bt470bg/unknown/unknown), 4501x4500 [SAR 1:1 DAR 4501:4500], 25 fps, 25 tbr, 25 tbn
Stream mapping:
  Stream #0:0 -> #0:0 (mjpeg (native) -> h264 (libx264))
Press [q] to stop, [?] for help
[swscaler @ 0x7d30e4016b00] deprecated pixel format used, make sure you did set range correctly
    Last message repeated 1 times
[swscaler @ 0x7d30e4b407c0] deprecated pixel format used, make sure you did set range correctly
    Last message repeated 1 times
[vost#0:0/libx264 @ 0x5b2b09f10ac0] No information about the input framerate is available. Falling back to a default value of 25fps. Use the -r option if you want a different framerate.
[libx264 @ 0x5b2b09f06e80] using SAR=2048/4095
[libx264 @ 0x5b2b09f06e80] using cpu capabilities: MMX2 SSE2Fast SSSE3 SSE4.2 AVX FMA3 BMI2 AVX2
[libx264 @ 0x5b2b09f06e80] profile High, level 4.0, 4:2:0, 8-bit
[libx264 @ 0x5b2b09f06e80] 264 - core 164 r3108 31e19f9 - H.264/MPEG-4 AVC codec - Copyleft 2003-2023 - http://www.videolan.org/x264.html - options: cabac=1 ref=3 deblock=1:0:0 analyse=0x3:0x113 me=hex subme=7 psy=1 psy_rd=1.00:0.00 mixed_ref=1 me_range=16 chroma_me=1 trellis=1 8x8dct=1 cqm=0 deadzone=21,11 fast_pskip=1 chroma_qp_offset=-2 threads=30 lookahead_threads=5 sliced_threads=0 nr=0 decimate=1 interlaced=0 bluray_compat=0 constrained_intra=0 bframes=3 b_pyramid=2 b_adapt=1 b_bias=0 direct=1 weightb=1 open_gop=0 weightp=2 keyint=250 keyint_min=25 scenecut=40 intra_refresh=0 rc_lookahead=40 rc=crf mbtree=1 crf=23.0 qcomp=0.60 qpmin=0 qpmax=69 qpstep=4 ip_ratio=1.40 aq=1:1.00
Output #0, mp4, to './src/test/resources/output/translation/video/099.mp4':
  Metadata:
    encoder         : Lavf61.1.100
  Stream #0:0: Video: h264 (avc1 / 0x31637661), yuvj420p(pc, progressive), 2048x1024 [SAR 4501:9000 DAR 4501:4500], q=2-31, 25 fps, 12800 tbn
      Metadata:
        encoder         : Lavc61.3.100 libx264
      Side data:
        cpb: bitrate max/min/avg: 0/0/0 buffer size: 0 vbv_delay: N/A
[out#0/mp4 @ 0x5b2b09f0eb40] video:32KiB audio:0KiB subtitle:0KiB other streams:0KiB global headers:0KiB muxing overhead: 2.923313%
frame=    6 fps=0.0 q=-1.0 Lsize=      33KiB time=00:00:00.16 bitrate=1677.7kbits/s dup=0 drop=19 speed=0.675x    
[libx264 @ 0x5b2b09f06e80] frame I:1     Avg QP:18.36  size: 30301
[libx264 @ 0x5b2b09f06e80] frame P:2     Avg QP:18.43  size:   420
[libx264 @ 0x5b2b09f06e80] frame B:3     Avg QP:25.35  size:   257
[libx264 @ 0x5b2b09f06e80] consecutive B-frames: 33.3%  0.0%  0.0% 66.7%
[libx264 @ 0x5b2b09f06e80] mb I  I16..4: 26.1% 63.5% 10.4%
[libx264 @ 0x5b2b09f06e80] mb P  I16..4:  0.1%  0.2%  0.0%  P16..4:  1.3%  0.1%  0.1%  0.0%  0.0%    skip:98.3%
[libx264 @ 0x5b2b09f06e80] mb B  I16..4:  0.0%  0.0%  0.0%  B16..8:  1.2%  0.1%  0.0%  direct: 0.0%  skip:98.6%  L0:42.4% L1:56.4% BI: 1.1%
[libx264 @ 0x5b2b09f06e80] 8x8 transform intra:63.5% inter:33.9%
[libx264 @ 0x5b2b09f06e80] coded y,uvDC,uvAC intra: 6.0% 10.2% 9.1% inter: 0.1% 0.0% 0.0%
[libx264 @ 0x5b2b09f06e80] i16 v,h,dc,p: 87% 12%  1%  0%
[libx264 @ 0x5b2b09f06e80] i8 v,h,dc,ddl,ddr,vr,hd,vl,hu: 44%  6% 50%  0%  0%  0%  0%  0%  0%
[libx264 @ 0x5b2b09f06e80] i4 v,h,dc,ddl,ddr,vr,hd,vl,hu: 39% 29% 10%  4%  2%  2%  4%  4%  5%
[libx264 @ 0x5b2b09f06e80] i8c dc,h,v,p: 82%  9%  8%  1%
[libx264 @ 0x5b2b09f06e80] Weighted P-Frames: Y:0.0% UV:0.0%
[libx264 @ 0x5b2b09f06e80] ref P L0: 96.8%  0.0%  1.4%  1.8%
[libx264 @ 0x5b2b09f06e80] ref B L0: 85.6% 14.4%
[libx264 @ 0x5b2b09f06e80] ref B L1: 93.7%  6.3%
[libx264 @ 0x5b2b09f06e80] kb/s:1063.67
ffmpeg version 7.0.2-3ubuntu1 Copyright (c) 2000-2024 the FFmpeg developers
  built with gcc 14 (Ubuntu 14.2.0-2ubuntu1)
  configuration: --prefix=/usr --extra-version=3ubuntu1 --toolchain=hardened --libdir=/usr/lib/x86_64-linux-gnu --incdir=/usr/include/x86_64-linux-gnu --arch=amd64 --enable-gpl --disable-stripping --disable-libmfx --disable-omx --enable-gnutls --enable-libaom --enable-libass --enable-libbs2b --enable-libcdio --enable-libcodec2 --enable-libdav1d --enable-libflite --enable-libfontconfig --enable-libfreetype --enable-libfribidi --enable-libglslang --enable-libgme --enable-libgsm --enable-libharfbuzz --enable-libmp3lame --enable-libmysofa --enable-libopenjpeg --enable-libopenmpt --enable-libopus --enable-librubberband --enable-libshine --enable-libsnappy --enable-libsoxr --enable-libspeex --enable-libtheora --enable-libtwolame --enable-libvidstab --enable-libvorbis --enable-libvpx --enable-libwebp --enable-libx265 --enable-libxml2 --enable-libxvid --enable-libzimg --enable-openal --enable-opencl --enable-opengl --disable-sndio --enable-libvpl --enable-libdc1394 --enable-libdrm --enable-libiec61883 --enable-chromaprint --enable-frei0r --enable-ladspa --enable-libbluray --enable-libcaca --enable-libdvdnav --enable-libdvdread --enable-libjack --enable-libpulse --enable-librabbitmq --enable-librist --enable-libsrt --enable-libssh --enable-libsvtav1 --enable-libx264 --enable-libzmq --enable-libzvbi --enable-lv2 --enable-sdl2 --enable-libplacebo --enable-librav1e --enable-pocketsphinx --enable-librsvg --enable-libjxl --enable-shared
  libavutil      59.  8.100 / 59.  8.100
  libavcodec     61.  3.100 / 61.  3.100
  libavformat    61.  1.100 / 61.  1.100
  libavdevice    61.  1.100 / 61.  1.100
  libavfilter    10.  1.100 / 10.  1.100
  libswscale      8.  1.100 /  8.  1.100
  libswresample   5.  1.100 /  5.  1.100
  libpostproc    58.  1.100 / 58.  1.100
Input #0, concat, from '/home/marco-lasagna/Scaricati/ffmpeg-java/inputFile.txt':
  Duration: N/A, start: 0.000000, bitrate: N/A
  Stream #0:0: Video: mjpeg (Baseline), yuvj420p(pc, bt470bg/unknown/unknown), 4501x4500 [SAR 1:1 DAR 4501:4500], 25 fps, 25 tbr, 25 tbn
Stream mapping:
  Stream #0:0 -> #0:0 (mjpeg (native) -> h264 (libx264))
Press [q] to stop, [?] for help
[swscaler @ 0x748d14016b00] deprecated pixel format used, make sure you did set range correctly
    Last message repeated 1 times
[swscaler @ 0x748d14b407c0] deprecated pixel format used, make sure you did set range correctly
    Last message repeated 1 times
[vost#0:0/libx264 @ 0x607c3704dac0] No information about the input framerate is available. Falling back to a default value of 25fps. Use the -r option if you want a different framerate.
[libx264 @ 0x607c37043e80] using SAR=2048/4095
[libx264 @ 0x607c37043e80] using cpu capabilities: MMX2 SSE2Fast SSSE3 SSE4.2 AVX FMA3 BMI2 AVX2
[libx264 @ 0x607c37043e80] profile High, level 4.0, 4:2:0, 8-bit
[libx264 @ 0x607c37043e80] 264 - core 164 r3108 31e19f9 - H.264/MPEG-4 AVC codec - Copyleft 2003-2023 - http://www.videolan.org/x264.html - options: cabac=1 ref=3 deblock=1:0:0 analyse=0x3:0x113 me=hex subme=7 psy=1 psy_rd=1.00:0.00 mixed_ref=1 me_range=16 chroma_me=1 trellis=1 8x8dct=1 cqm=0 deadzone=21,11 fast_pskip=1 chroma_qp_offset=-2 threads=30 lookahead_threads=5 sliced_threads=0 nr=0 decimate=1 interlaced=0 bluray_compat=0 constrained_intra=0 bframes=3 b_pyramid=2 b_adapt=1 b_bias=0 direct=1 weightb=1 open_gop=0 weightp=2 keyint=250 keyint_min=25 scenecut=40 intra_refresh=0 rc_lookahead=40 rc=crf mbtree=1 crf=23.0 qcomp=0.60 qpmin=0 qpmax=69 qpstep=4 ip_ratio=1.40 aq=1:1.00
Output #0, mp4, to './src/test/resources/output/translation/video/109.mp4':
  Metadata:
    encoder         : Lavf61.1.100
  Stream #0:0: Video: h264 (avc1 / 0x31637661), yuvj420p(pc, progressive), 2048x1024 [SAR 4501:9000 DAR 4501:4500], q=2-31, 25 fps, 12800 tbn
      Metadata:
        encoder         : Lavc61.3.100 libx264
      Side data:
        cpb: bitrate max/min/avg: 0/0/0 buffer size: 0 vbv_delay: N/A
[out#0/mp4 @ 0x607c3704bb40] video:32KiB audio:0KiB subtitle:0KiB other streams:0KiB global headers:0KiB muxing overhead: 2.920446%
frame=    6 fps=0.0 q=-1.0 Lsize=      33KiB time=00:00:00.16 bitrate=1679.2kbits/s dup=0 drop=19 speed=0.667x    
[libx264 @ 0x607c37043e80] frame I:1     Avg QP:18.53  size: 30289
[libx264 @ 0x607c37043e80] frame P:2     Avg QP:17.53  size:   446
[libx264 @ 0x607c37043e80] frame B:3     Avg QP:24.13  size:   253
[libx264 @ 0x607c37043e80] consecutive B-frames: 33.3%  0.0%  0.0% 66.7%
[libx264 @ 0x607c37043e80] mb I  I16..4: 25.5% 64.1% 10.4%
[libx264 @ 0x607c37043e80] mb P  I16..4:  0.1%  0.2%  0.0%  P16..4:  1.3%  0.1%  0.0%  0.0%  0.0%    skip:98.2%
[libx264 @ 0x607c37043e80] mb B  I16..4:  0.0%  0.0%  0.0%  B16..8:  1.4%  0.1%  0.0%  direct: 0.0%  skip:98.5%  L0:29.3% L1:69.0% BI: 1.8%
[libx264 @ 0x607c37043e80] 8x8 transform intra:64.0% inter:42.6%
[libx264 @ 0x607c37043e80] coded y,uvDC,uvAC intra: 6.0% 10.1% 9.1% inter: 0.1% 0.0% 0.0%
[libx264 @ 0x607c37043e80] i16 v,h,dc,p: 87% 12%  1%  0%
[libx264 @ 0x607c37043e80] i8 v,h,dc,ddl,ddr,vr,hd,vl,hu: 57%  9% 33%  0%  0%  0%  0%  0%  0%
[libx264 @ 0x607c37043e80] i4 v,h,dc,ddl,ddr,vr,hd,vl,hu: 40% 29% 10%  4%  2%  2%  4%  4%  5%
[libx264 @ 0x607c37043e80] i8c dc,h,v,p: 82%  9%  8%  1%
[libx264 @ 0x607c37043e80] Weighted P-Frames: Y:0.0% UV:0.0%
[libx264 @ 0x607c37043e80] ref P L0: 94.7%  0.2%  2.9%  2.2%
[libx264 @ 0x607c37043e80] ref B L0: 83.1% 16.9%
[libx264 @ 0x607c37043e80] ref B L1: 95.6%  4.4%
[libx264 @ 0x607c37043e80] kb/s:1064.73
ffmpeg version 7.0.2-3ubuntu1 Copyright (c) 2000-2024 the FFmpeg developers
  built with gcc 14 (Ubuntu 14.2.0-2ubuntu1)
  configuration: --prefix=/usr --extra-version=3ubuntu1 --toolchain=hardened --libdir=/usr/lib/x86_64-linux-gnu --incdir=/usr/include/x86_64-linux-gnu --arch=amd64 --enable-gpl --disable-stripping --disable-libmfx --disable-omx --enable-gnutls --enable-libaom --enable-libass --enable-libbs2b --enable-libcdio --enable-libcodec2 --enable-libdav1d --enable-libflite --enable-libfontconfig --enable-libfreetype --enable-libfribidi --enable-libglslang --enable-libgme --enable-libgsm --enable-libharfbuzz --enable-libmp3lame --enable-libmysofa --enable-libopenjpeg --enable-libopenmpt --enable-libopus --enable-librubberband --enable-libshine --enable-libsnappy --enable-libsoxr --enable-libspeex --enable-libtheora --enable-libtwolame --enable-libvidstab --enable-libvorbis --enable-libvpx --enable-libwebp --enable-libx265 --enable-libxml2 --enable-libxvid --enable-libzimg --enable-openal --enable-opencl --enable-opengl --disable-sndio --enable-libvpl --enable-libdc1394 --enable-libdrm --enable-libiec61883 --enable-chromaprint --enable-frei0r --enable-ladspa --enable-libbluray --enable-libcaca --enable-libdvdnav --enable-libdvdread --enable-libjack --enable-libpulse --enable-librabbitmq --enable-librist --enable-libsrt --enable-libssh --enable-libsvtav1 --enable-libx264 --enable-libzmq --enable-libzvbi --enable-lv2 --enable-sdl2 --enable-libplacebo --enable-librav1e --enable-pocketsphinx --enable-librsvg --enable-libjxl --enable-shared
  libavutil      59.  8.100 / 59.  8.100
  libavcodec     61.  3.100 / 61.  3.100
  libavformat    61.  1.100 / 61.  1.100
  libavdevice    61.  1.100 / 61.  1.100
  libavfilter    10.  1.100 / 10.  1.100
  libswscale      8.  1.100 /  8.  1.100
  libswresample   5.  1.100 /  5.  1.100
  libpostproc    58.  1.100 / 58.  1.100
Input #0, concat, from '/home/marco-lasagna/Scaricati/ffmpeg-java/inputFile.txt':
  Duration: N/A, start: 0.000000, bitrate: N/A
  Stream #0:0: Video: mjpeg (Baseline), yuvj420p(pc, bt470bg/unknown/unknown), 4501x4500 [SAR 1:1 DAR 4501:4500], 25 fps, 25 tbr, 25 tbn
Stream mapping:
  Stream #0:0 -> #0:0 (mjpeg (native) -> h264 (libx264))
Press [q] to stop, [?] for help
[swscaler @ 0x7358a4016b00] deprecated pixel format used, make sure you did set range correctly
    Last message repeated 1 times
[swscaler @ 0x7358a4b407c0] deprecated pixel format used, make sure you did set range correctly
    Last message repeated 1 times
[vost#0:0/libx264 @ 0x64140dcafac0] No information about the input framerate is available. Falling back to a default value of 25fps. Use the -r option if you want a different framerate.
[libx264 @ 0x64140dca5e80] using SAR=2048/4095
[libx264 @ 0x64140dca5e80] using cpu capabilities: MMX2 SSE2Fast SSSE3 SSE4.2 AVX FMA3 BMI2 AVX2
[libx264 @ 0x64140dca5e80] profile High, level 4.0, 4:2:0, 8-bit
[libx264 @ 0x64140dca5e80] 264 - core 164 r3108 31e19f9 - H.264/MPEG-4 AVC codec - Copyleft 2003-2023 - http://www.videolan.org/x264.html - options: cabac=1 ref=3 deblock=1:0:0 analyse=0x3:0x113 me=hex subme=7 psy=1 psy_rd=1.00:0.00 mixed_ref=1 me_range=16 chroma_me=1 trellis=1 8x8dct=1 cqm=0 deadzone=21,11 fast_pskip=1 chroma_qp_offset=-2 threads=30 lookahead_threads=5 sliced_threads=0 nr=0 decimate=1 interlaced=0 bluray_compat=0 constrained_intra=0 bframes=3 b_pyramid=2 b_adapt=1 b_bias=0 direct=1 weightb=1 open_gop=0 weightp=2 keyint=250 keyint_min=25 scenecut=40 intra_refresh=0 rc_lookahead=40 rc=crf mbtree=1 crf=23.0 qcomp=0.60 qpmin=0 qpmax=69 qpstep=4 ip_ratio=1.40 aq=1:1.00
Output #0, mp4, to './src/test/resources/output/translation/video/119.mp4':
  Metadata:
    encoder         : Lavf61.1.100
  Stream #0:0: Video: h264 (avc1 / 0x31637661), yuvj420p(pc, progressive), 2048x1024 [SAR 4501:9000 DAR 4501:4500], q=2-31, 25 fps, 12800 tbn
      Metadata:
        encoder         : Lavc61.3.100 libx264
      Side data:
        cpb: bitrate max/min/avg: 0/0/0 buffer size: 0 vbv_delay: N/A
[out#0/mp4 @ 0x64140dcadb40] video:32KiB audio:0KiB subtitle:0KiB other streams:0KiB global headers:0KiB muxing overhead: 2.925018%
frame=    6 fps=0.0 q=-1.0 Lsize=      33KiB time=00:00:00.16 bitrate=1676.7kbits/s dup=0 drop=19 speed=0.657x    
[libx264 @ 0x64140dca5e80] frame I:1     Avg QP:18.55  size: 30327
[libx264 @ 0x64140dca5e80] frame P:2     Avg QP:18.64  size:   416
[libx264 @ 0x64140dca5e80] frame B:3     Avg QP:13.88  size:   244
[libx264 @ 0x64140dca5e80] consecutive B-frames: 33.3%  0.0%  0.0% 66.7%
[libx264 @ 0x64140dca5e80] mb I  I16..4: 25.4% 64.2% 10.4%
[libx264 @ 0x64140dca5e80] mb P  I16..4:  0.1%  0.1%  0.0%  P16..4:  1.2%  0.2%  0.0%  0.0%  0.0%    skip:98.3%
[libx264 @ 0x64140dca5e80] mb B  I16..4:  0.1%  0.0%  0.0%  B16..8:  1.1%  0.1%  0.0%  direct: 0.0%  skip:98.7%  L0:61.7% L1:35.6% BI: 2.7%
[libx264 @ 0x64140dca5e80] 8x8 transform intra:64.1% inter:20.0%
[libx264 @ 0x64140dca5e80] coded y,uvDC,uvAC intra: 6.0% 10.2% 9.1% inter: 0.1% 0.0% 0.0%
[libx264 @ 0x64140dca5e80] i16 v,h,dc,p: 88% 12%  1%  0%
[libx264 @ 0x64140dca5e80] i8 v,h,dc,ddl,ddr,vr,hd,vl,hu: 58%  9% 33%  0%  0%  0%  0%  0%  0%
[libx264 @ 0x64140dca5e80] i4 v,h,dc,ddl,ddr,vr,hd,vl,hu: 40% 29%  9%  4%  2%  2%  4%  4%  5%
[libx264 @ 0x64140dca5e80] i8c dc,h,v,p: 82%  9%  8%  1%
[libx264 @ 0x64140dca5e80] Weighted P-Frames: Y:0.0% UV:0.0%
[libx264 @ 0x64140dca5e80] ref P L0: 92.1%  0.4%  4.0%  3.5%
[libx264 @ 0x64140dca5e80] ref B L0: 89.0% 11.0%
[libx264 @ 0x64140dca5e80] ref B L1: 95.6%  4.4%
[libx264 @ 0x64140dca5e80] kb/s:1063.03
ffmpeg version 7.0.2-3ubuntu1 Copyright (c) 2000-2024 the FFmpeg developers
  built with gcc 14 (Ubuntu 14.2.0-2ubuntu1)
  configuration: --prefix=/usr --extra-version=3ubuntu1 --toolchain=hardened --libdir=/usr/lib/x86_64-linux-gnu --incdir=/usr/include/x86_64-linux-gnu --arch=amd64 --enable-gpl --disable-stripping --disable-libmfx --disable-omx --enable-gnutls --enable-libaom --enable-libass --enable-libbs2b --enable-libcdio --enable-libcodec2 --enable-libdav1d --enable-libflite --enable-libfontconfig --enable-libfreetype --enable-libfribidi --enable-libglslang --enable-libgme --enable-libgsm --enable-libharfbuzz --enable-libmp3lame --enable-libmysofa --enable-libopenjpeg --enable-libopenmpt --enable-libopus --enable-librubberband --enable-libshine --enable-libsnappy --enable-libsoxr --enable-libspeex --enable-libtheora --enable-libtwolame --enable-libvidstab --enable-libvorbis --enable-libvpx --enable-libwebp --enable-libx265 --enable-libxml2 --enable-libxvid --enable-libzimg --enable-openal --enable-opencl --enable-opengl --disable-sndio --enable-libvpl --enable-libdc1394 --enable-libdrm --enable-libiec61883 --enable-chromaprint --enable-frei0r --enable-ladspa --enable-libbluray --enable-libcaca --enable-libdvdnav --enable-libdvdread --enable-libjack --enable-libpulse --enable-librabbitmq --enable-librist --enable-libsrt --enable-libssh --enable-libsvtav1 --enable-libx264 --enable-libzmq --enable-libzvbi --enable-lv2 --enable-sdl2 --enable-libplacebo --enable-librav1e --enable-pocketsphinx --enable-librsvg --enable-libjxl --enable-shared
  libavutil      59.  8.100 / 59.  8.100
  libavcodec     61.  3.100 / 61.  3.100
  libavformat    61.  1.100 / 61.  1.100
  libavdevice    61.  1.100 / 61.  1.100
  libavfilter    10.  1.100 / 10.  1.100
  libswscale      8.  1.100 /  8.  1.100
  libswresample   5.  1.100 /  5.  1.100
  libpostproc    58.  1.100 / 58.  1.100
Input #0, concat, from '/home/marco-lasagna/Scaricati/ffmpeg-java/inputFile.txt':
  Duration: N/A, start: 0.000000, bitrate: N/A
  Stream #0:0: Video: mjpeg (Baseline), yuvj420p(pc, bt470bg/unknown/unknown), 4501x4500 [SAR 1:1 DAR 4501:4500], 25 fps, 25 tbr, 25 tbn
Stream mapping:
  Stream #0:0 -> #0:0 (mjpeg (native) -> h264 (libx264))
Press [q] to stop, [?] for help
[swscaler @ 0x708be8016b00] deprecated pixel format used, make sure you did set range correctly
    Last message repeated 1 times
[swscaler @ 0x708be8b407c0] deprecated pixel format used, make sure you did set range correctly
    Last message repeated 1 times
[vost#0:0/libx264 @ 0x5fde5c7eeac0] No information about the input framerate is available. Falling back to a default value of 25fps. Use the -r option if you want a different framerate.
[libx264 @ 0x5fde5c7e4e80] using SAR=2048/4095
[libx264 @ 0x5fde5c7e4e80] using cpu capabilities: MMX2 SSE2Fast SSSE3 SSE4.2 AVX FMA3 BMI2 AVX2
[libx264 @ 0x5fde5c7e4e80] profile High, level 4.0, 4:2:0, 8-bit
[libx264 @ 0x5fde5c7e4e80] 264 - core 164 r3108 31e19f9 - H.264/MPEG-4 AVC codec - Copyleft 2003-2023 - http://www.videolan.org/x264.html - options: cabac=1 ref=3 deblock=1:0:0 analyse=0x3:0x113 me=hex subme=7 psy=1 psy_rd=1.00:0.00 mixed_ref=1 me_range=16 chroma_me=1 trellis=1 8x8dct=1 cqm=0 deadzone=21,11 fast_pskip=1 chroma_qp_offset=-2 threads=30 lookahead_threads=5 sliced_threads=0 nr=0 decimate=1 interlaced=0 bluray_compat=0 constrained_intra=0 bframes=3 b_pyramid=2 b_adapt=1 b_bias=0 direct=1 weightb=1 open_gop=0 weightp=2 keyint=250 keyint_min=25 scenecut=40 intra_refresh=0 rc_lookahead=40 rc=crf mbtree=1 crf=23.0 qcomp=0.60 qpmin=0 qpmax=69 qpstep=4 ip_ratio=1.40 aq=1:1.00
Output #0, mp4, to './src/test/resources/output/translation/video/129.mp4':
  Metadata:
    encoder         : Lavf61.1.100
  Stream #0:0: Video: h264 (avc1 / 0x31637661), yuvj420p(pc, progressive), 2048x1024 [SAR 4501:9000 DAR 4501:4500], q=2-31, 25 fps, 12800 tbn
      Metadata:
        encoder         : Lavc61.3.100 libx264
      Side data:
        cpb: bitrate max/min/avg: 0/0/0 buffer size: 0 vbv_delay: N/A
[out#0/mp4 @ 0x5fde5c7ecb40] video:32KiB audio:0KiB subtitle:0KiB other streams:0KiB global headers:0KiB muxing overhead: 2.911524%
frame=    6 fps=0.0 q=-1.0 Lsize=      33KiB time=00:00:00.16 bitrate=1684.2kbits/s dup=0 drop=19 speed=0.63x    
[libx264 @ 0x5fde5c7e4e80] frame I:1     Avg QP:18.62  size: 30417
[libx264 @ 0x5fde5c7e4e80] frame P:2     Avg QP:18.86  size:   426
[libx264 @ 0x5fde5c7e4e80] frame B:3     Avg QP:19.64  size:   257
[libx264 @ 0x5fde5c7e4e80] consecutive B-frames: 33.3%  0.0%  0.0% 66.7%
[libx264 @ 0x5fde5c7e4e80] mb I  I16..4: 24.9% 64.6% 10.4%
[libx264 @ 0x5fde5c7e4e80] mb P  I16..4:  0.1%  0.1%  0.0%  P16..4:  1.3%  0.2%  0.0%  0.0%  0.0%    skip:98.3%
[libx264 @ 0x5fde5c7e4e80] mb B  I16..4:  0.0%  0.0%  0.0%  B16..8:  1.3%  0.1%  0.0%  direct: 0.0%  skip:98.5%  L0:40.7% L1:56.5% BI: 2.7%
[libx264 @ 0x5fde5c7e4e80] 8x8 transform intra:64.6% inter:46.8%
[libx264 @ 0x5fde5c7e4e80] coded y,uvDC,uvAC intra: 5.9% 10.2% 9.1% inter: 0.1% 0.0% 0.0%
[libx264 @ 0x5fde5c7e4e80] i16 v,h,dc,p: 88% 12%  1%  0%
[libx264 @ 0x5fde5c7e4e80] i8 v,h,dc,ddl,ddr,vr,hd,vl,hu: 59%  9% 32%  0%  0%  0%  0%  0%  0%
[libx264 @ 0x5fde5c7e4e80] i4 v,h,dc,ddl,ddr,vr,hd,vl,hu: 41% 29%  8%  4%  2%  2%  4%  4%  5%
[libx264 @ 0x5fde5c7e4e80] i8c dc,h,v,p: 82%  9%  8%  1%
[libx264 @ 0x5fde5c7e4e80] Weighted P-Frames: Y:0.0% UV:0.0%
[libx264 @ 0x5fde5c7e4e80] ref P L0: 94.5%  0.2%  2.2%  3.1%
[libx264 @ 0x5fde5c7e4e80] ref B L0: 86.1% 13.9%
[libx264 @ 0x5fde5c7e4e80] ref B L1: 99.0%  1.0%
[libx264 @ 0x5fde5c7e4e80] kb/s:1068.07
ffmpeg version 7.0.2-3ubuntu1 Copyright (c) 2000-2024 the FFmpeg developers
  built with gcc 14 (Ubuntu 14.2.0-2ubuntu1)
  configuration: --prefix=/usr --extra-version=3ubuntu1 --toolchain=hardened --libdir=/usr/lib/x86_64-linux-gnu --incdir=/usr/include/x86_64-linux-gnu --arch=amd64 --enable-gpl --disable-stripping --disable-libmfx --disable-omx --enable-gnutls --enable-libaom --enable-libass --enable-libbs2b --enable-libcdio --enable-libcodec2 --enable-libdav1d --enable-libflite --enable-libfontconfig --enable-libfreetype --enable-libfribidi --enable-libglslang --enable-libgme --enable-libgsm --enable-libharfbuzz --enable-libmp3lame --enable-libmysofa --enable-libopenjpeg --enable-libopenmpt --enable-libopus --enable-librubberband --enable-libshine --enable-libsnappy --enable-libsoxr --enable-libspeex --enable-libtheora --enable-libtwolame --enable-libvidstab --enable-libvorbis --enable-libvpx --enable-libwebp --enable-libx265 --enable-libxml2 --enable-libxvid --enable-libzimg --enable-openal --enable-opencl --enable-opengl --disable-sndio --enable-libvpl --enable-libdc1394 --enable-libdrm --enable-libiec61883 --enable-chromaprint --enable-frei0r --enable-ladspa --enable-libbluray --enable-libcaca --enable-libdvdnav --enable-libdvdread --enable-libjack --enable-libpulse --enable-librabbitmq --enable-librist --enable-libsrt --enable-libssh --enable-libsvtav1 --enable-libx264 --enable-libzmq --enable-libzvbi --enable-lv2 --enable-sdl2 --enable-libplacebo --enable-librav1e --enable-pocketsphinx --enable-librsvg --enable-libjxl --enable-shared
  libavutil      59.  8.100 / 59.  8.100
  libavcodec     61.  3.100 / 61.  3.100
  libavformat    61.  1.100 / 61.  1.100
  libavdevice    61.  1.100 / 61.  1.100
  libavfilter    10.  1.100 / 10.  1.100
  libswscale      8.  1.100 /  8.  1.100
  libswresample   5.  1.100 /  5.  1.100
  libpostproc    58.  1.100 / 58.  1.100
Input #0, concat, from '/home/marco-lasagna/Scaricati/ffmpeg-java/inputFile.txt':
  Duration: N/A, start: 0.000000, bitrate: N/A
  Stream #0:0: Video: mjpeg (Baseline), yuvj420p(pc, bt470bg/unknown/unknown), 4501x4500 [SAR 1:1 DAR 4501:4500], 25 fps, 25 tbr, 25 tbn
Stream mapping:
  Stream #0:0 -> #0:0 (mjpeg (native) -> h264 (libx264))
Press [q] to stop, [?] for help
[swscaler @ 0x700bac016b00] deprecated pixel format used, make sure you did set range correctly
    Last message repeated 1 times
[swscaler @ 0x700bacb407c0] deprecated pixel format used, make sure you did set range correctly
    Last message repeated 1 times
[vost#0:0/libx264 @ 0x5c9b36705ac0] No information about the input framerate is available. Falling back to a default value of 25fps. Use the -r option if you want a different framerate.
[libx264 @ 0x5c9b366fbe80] using SAR=2048/4095
[libx264 @ 0x5c9b366fbe80] using cpu capabilities: MMX2 SSE2Fast SSSE3 SSE4.2 AVX FMA3 BMI2 AVX2
[libx264 @ 0x5c9b366fbe80] profile High, level 4.0, 4:2:0, 8-bit
[libx264 @ 0x5c9b366fbe80] 264 - core 164 r3108 31e19f9 - H.264/MPEG-4 AVC codec - Copyleft 2003-2023 - http://www.videolan.org/x264.html - options: cabac=1 ref=3 deblock=1:0:0 analyse=0x3:0x113 me=hex subme=7 psy=1 psy_rd=1.00:0.00 mixed_ref=1 me_range=16 chroma_me=1 trellis=1 8x8dct=1 cqm=0 deadzone=21,11 fast_pskip=1 chroma_qp_offset=-2 threads=30 lookahead_threads=5 sliced_threads=0 nr=0 decimate=1 interlaced=0 bluray_compat=0 constrained_intra=0 bframes=3 b_pyramid=2 b_adapt=1 b_bias=0 direct=1 weightb=1 open_gop=0 weightp=2 keyint=250 keyint_min=25 scenecut=40 intra_refresh=0 rc_lookahead=40 rc=crf mbtree=1 crf=23.0 qcomp=0.60 qpmin=0 qpmax=69 qpstep=4 ip_ratio=1.40 aq=1:1.00
Output #0, mp4, to './src/test/resources/output/translation/video/139.mp4':
  Metadata:
    encoder         : Lavf61.1.100
  Stream #0:0: Video: h264 (avc1 / 0x31637661), yuvj420p(pc, progressive), 2048x1024 [SAR 4501:9000 DAR 4501:4500], q=2-31, 25 fps, 12800 tbn
      Metadata:
        encoder         : Lavc61.3.100 libx264
      Side data:
        cpb: bitrate max/min/avg: 0/0/0 buffer size: 0 vbv_delay: N/A
[out#0/mp4 @ 0x5c9b36703b40] video:32KiB audio:0KiB subtitle:0KiB other streams:0KiB global headers:0KiB muxing overhead: 2.924748%
frame=    6 fps=0.0 q=-1.0 Lsize=      33KiB time=00:00:00.16 bitrate=1676.8kbits/s dup=0 drop=19 speed=0.641x    
[libx264 @ 0x5c9b366fbe80] frame I:1     Avg QP:18.56  size: 30301
[libx264 @ 0x5c9b366fbe80] frame P:2     Avg QP:18.67  size:   402
[libx264 @ 0x5c9b366fbe80] frame B:3     Avg QP:23.77  size:   263
[libx264 @ 0x5c9b366fbe80] consecutive B-frames: 33.3%  0.0%  0.0% 66.7%
[libx264 @ 0x5c9b366fbe80] mb I  I16..4: 25.8% 63.7% 10.5%
[libx264 @ 0x5c9b366fbe80] mb P  I16..4:  0.1%  0.1%  0.0%  P16..4:  1.2%  0.2%  0.0%  0.0%  0.0%    skip:98.4%
[libx264 @ 0x5c9b366fbe80] mb B  I16..4:  0.0%  0.0%  0.0%  B16..8:  1.3%  0.1%  0.0%  direct: 0.0%  skip:98.5%  L0:63.2% L1:35.5% BI: 1.3%
[libx264 @ 0x5c9b366fbe80] 8x8 transform intra:63.7% inter:41.4%
[libx264 @ 0x5c9b366fbe80] coded y,uvDC,uvAC intra: 6.0% 10.2% 9.1% inter: 0.1% 0.0% 0.0%
[libx264 @ 0x5c9b366fbe80] i16 v,h,dc,p: 88% 11%  1%  0%
[libx264 @ 0x5c9b366fbe80] i8 v,h,dc,ddl,ddr,vr,hd,vl,hu: 44%  5% 50%  0%  0%  0%  0%  0%  0%
[libx264 @ 0x5c9b366fbe80] i4 v,h,dc,ddl,ddr,vr,hd,vl,hu: 40% 29%  9%  4%  2%  2%  4%  4%  5%
[libx264 @ 0x5c9b366fbe80] i8c dc,h,v,p: 82%  9%  8%  1%
[libx264 @ 0x5c9b366fbe80] Weighted P-Frames: Y:0.0% UV:0.0%
[libx264 @ 0x5c9b366fbe80] ref P L0: 90.3%  0.0%  0.4%  9.3%
[libx264 @ 0x5c9b366fbe80] ref B L0: 82.7% 17.3%
[libx264 @ 0x5c9b366fbe80] ref B L1: 93.8%  6.2%
[libx264 @ 0x5c9b366fbe80] kb/s:1063.13
ffmpeg version 7.0.2-3ubuntu1 Copyright (c) 2000-2024 the FFmpeg developers
  built with gcc 14 (Ubuntu 14.2.0-2ubuntu1)
  configuration: --prefix=/usr --extra-version=3ubuntu1 --toolchain=hardened --libdir=/usr/lib/x86_64-linux-gnu --incdir=/usr/include/x86_64-linux-gnu --arch=amd64 --enable-gpl --disable-stripping --disable-libmfx --disable-omx --enable-gnutls --enable-libaom --enable-libass --enable-libbs2b --enable-libcdio --enable-libcodec2 --enable-libdav1d --enable-libflite --enable-libfontconfig --enable-libfreetype --enable-libfribidi --enable-libglslang --enable-libgme --enable-libgsm --enable-libharfbuzz --enable-libmp3lame --enable-libmysofa --enable-libopenjpeg --enable-libopenmpt --enable-libopus --enable-librubberband --enable-libshine --enable-libsnappy --enable-libsoxr --enable-libspeex --enable-libtheora --enable-libtwolame --enable-libvidstab --enable-libvorbis --enable-libvpx --enable-libwebp --enable-libx265 --enable-libxml2 --enable-libxvid --enable-libzimg --enable-openal --enable-opencl --enable-opengl --disable-sndio --enable-libvpl --enable-libdc1394 --enable-libdrm --enable-libiec61883 --enable-chromaprint --enable-frei0r --enable-ladspa --enable-libbluray --enable-libcaca --enable-libdvdnav --enable-libdvdread --enable-libjack --enable-libpulse --enable-librabbitmq --enable-librist --enable-libsrt --enable-libssh --enable-libsvtav1 --enable-libx264 --enable-libzmq --enable-libzvbi --enable-lv2 --enable-sdl2 --enable-libplacebo --enable-librav1e --enable-pocketsphinx --enable-librsvg --enable-libjxl --enable-shared
  libavutil      59.  8.100 / 59.  8.100
  libavcodec     61.  3.100 / 61.  3.100
  libavformat    61.  1.100 / 61.  1.100
  libavdevice    61.  1.100 / 61.  1.100
  libavfilter    10.  1.100 / 10.  1.100
  libswscale      8.  1.100 /  8.  1.100
  libswresample   5.  1.100 /  5.  1.100
  libpostproc    58.  1.100 / 58.  1.100
Input #0, concat, from '/home/marco-lasagna/Scaricati/ffmpeg-java/inputFile.txt':
  Duration: N/A, start: 0.000000, bitrate: N/A
  Stream #0:0: Video: mjpeg (Baseline), yuvj420p(pc, bt470bg/unknown/unknown), 4501x4500 [SAR 1:1 DAR 4501:4500], 25 fps, 25 tbr, 25 tbn
Stream mapping:
  Stream #0:0 -> #0:0 (mjpeg (native) -> h264 (libx264))
Press [q] to stop, [?] for help
[swscaler @ 0x751940016b00] deprecated pixel format used, make sure you did set range correctly
    Last message repeated 1 times
[swscaler @ 0x751940b407c0] deprecated pixel format used, make sure you did set range correctly
    Last message repeated 1 times
[vost#0:0/libx264 @ 0x626537e19ac0] No information about the input framerate is available. Falling back to a default value of 25fps. Use the -r option if you want a different framerate.
[libx264 @ 0x626537e0fe80] using SAR=2048/4095
[libx264 @ 0x626537e0fe80] using cpu capabilities: MMX2 SSE2Fast SSSE3 SSE4.2 AVX FMA3 BMI2 AVX2
[libx264 @ 0x626537e0fe80] profile High, level 4.0, 4:2:0, 8-bit
[libx264 @ 0x626537e0fe80] 264 - core 164 r3108 31e19f9 - H.264/MPEG-4 AVC codec - Copyleft 2003-2023 - http://www.videolan.org/x264.html - options: cabac=1 ref=3 deblock=1:0:0 analyse=0x3:0x113 me=hex subme=7 psy=1 psy_rd=1.00:0.00 mixed_ref=1 me_range=16 chroma_me=1 trellis=1 8x8dct=1 cqm=0 deadzone=21,11 fast_pskip=1 chroma_qp_offset=-2 threads=30 lookahead_threads=5 sliced_threads=0 nr=0 decimate=1 interlaced=0 bluray_compat=0 constrained_intra=0 bframes=3 b_pyramid=2 b_adapt=1 b_bias=0 direct=1 weightb=1 open_gop=0 weightp=2 keyint=250 keyint_min=25 scenecut=40 intra_refresh=0 rc_lookahead=40 rc=crf mbtree=1 crf=23.0 qcomp=0.60 qpmin=0 qpmax=69 qpstep=4 ip_ratio=1.40 aq=1:1.00
Output #0, mp4, to './src/test/resources/output/translation/video/149.mp4':
  Metadata:
    encoder         : Lavf61.1.100
  Stream #0:0: Video: h264 (avc1 / 0x31637661), yuvj420p(pc, progressive), 2048x1024 [SAR 4501:9000 DAR 4501:4500], q=2-31, 25 fps, 12800 tbn
      Metadata:
        encoder         : Lavc61.3.100 libx264
      Side data:
        cpb: bitrate max/min/avg: 0/0/0 buffer size: 0 vbv_delay: N/A
[out#0/mp4 @ 0x626537e17b40] video:32KiB audio:0KiB subtitle:0KiB other streams:0KiB global headers:0KiB muxing overhead: 2.908591%
frame=    6 fps=0.0 q=-1.0 Lsize=      33KiB time=00:00:00.16 bitrate=1685.9kbits/s dup=0 drop=19 speed=0.665x    
[libx264 @ 0x626537e0fe80] frame I:1     Avg QP:18.45  size: 30414
[libx264 @ 0x626537e0fe80] frame P:2     Avg QP:18.70  size:   437
[libx264 @ 0x626537e0fe80] frame B:3     Avg QP:19.99  size:   262
[libx264 @ 0x626537e0fe80] consecutive B-frames: 33.3%  0.0%  0.0% 66.7%
[libx264 @ 0x626537e0fe80] mb I  I16..4: 25.1% 64.4% 10.5%
[libx264 @ 0x626537e0fe80] mb P  I16..4:  0.1%  0.1%  0.0%  P16..4:  1.3%  0.1%  0.1%  0.0%  0.0%    skip:98.3%
[libx264 @ 0x626537e0fe80] mb B  I16..4:  0.0%  0.0%  0.0%  B16..8:  1.3%  0.1%  0.0%  direct: 0.0%  skip:98.6%  L0:42.9% L1:54.5% BI: 2.7%
[libx264 @ 0x626537e0fe80] 8x8 transform intra:64.4% inter:17.5%
[libx264 @ 0x626537e0fe80] coded y,uvDC,uvAC intra: 6.0% 10.2% 9.1% inter: 0.1% 0.0% 0.0%
[libx264 @ 0x626537e0fe80] i16 v,h,dc,p: 88% 11%  1%  0%
[libx264 @ 0x626537e0fe80] i8 v,h,dc,ddl,ddr,vr,hd,vl,hu: 58%  9% 32%  0%  0%  0%  0%  0%  0%
[libx264 @ 0x626537e0fe80] i4 v,h,dc,ddl,ddr,vr,hd,vl,hu: 41% 29%  9%  4%  2%  2%  4%  4%  5%
[libx264 @ 0x626537e0fe80] i8c dc,h,v,p: 82%  9%  8%  1%
[libx264 @ 0x626537e0fe80] Weighted P-Frames: Y:0.0% UV:0.0%
[libx264 @ 0x626537e0fe80] ref P L0: 95.7%  0.0%  2.8%  1.4%
[libx264 @ 0x626537e0fe80] ref B L0: 88.3% 11.7%
[libx264 @ 0x626537e0fe80] ref B L1: 99.5%  0.5%
[libx264 @ 0x626537e0fe80] kb/s:1069.17
ffmpeg version 7.0.2-3ubuntu1 Copyright (c) 2000-2024 the FFmpeg developers
  built with gcc 14 (Ubuntu 14.2.0-2ubuntu1)
  configuration: --prefix=/usr --extra-version=3ubuntu1 --toolchain=hardened --libdir=/usr/lib/x86_64-linux-gnu --incdir=/usr/include/x86_64-linux-gnu --arch=amd64 --enable-gpl --disable-stripping --disable-libmfx --disable-omx --enable-gnutls --enable-libaom --enable-libass --enable-libbs2b --enable-libcdio --enable-libcodec2 --enable-libdav1d --enable-libflite --enable-libfontconfig --enable-libfreetype --enable-libfribidi --enable-libglslang --enable-libgme --enable-libgsm --enable-libharfbuzz --enable-libmp3lame --enable-libmysofa --enable-libopenjpeg --enable-libopenmpt --enable-libopus --enable-librubberband --enable-libshine --enable-libsnappy --enable-libsoxr --enable-libspeex --enable-libtheora --enable-libtwolame --enable-libvidstab --enable-libvorbis --enable-libvpx --enable-libwebp --enable-libx265 --enable-libxml2 --enable-libxvid --enable-libzimg --enable-openal --enable-opencl --enable-opengl --disable-sndio --enable-libvpl --enable-libdc1394 --enable-libdrm --enable-libiec61883 --enable-chromaprint --enable-frei0r --enable-ladspa --enable-libbluray --enable-libcaca --enable-libdvdnav --enable-libdvdread --enable-libjack --enable-libpulse --enable-librabbitmq --enable-librist --enable-libsrt --enable-libssh --enable-libsvtav1 --enable-libx264 --enable-libzmq --enable-libzvbi --enable-lv2 --enable-sdl2 --enable-libplacebo --enable-librav1e --enable-pocketsphinx --enable-librsvg --enable-libjxl --enable-shared
  libavutil      59.  8.100 / 59.  8.100
  libavcodec     61.  3.100 / 61.  3.100
  libavformat    61.  1.100 / 61.  1.100
  libavdevice    61.  1.100 / 61.  1.100
  libavfilter    10.  1.100 / 10.  1.100
  libswscale      8.  1.100 /  8.  1.100
  libswresample   5.  1.100 /  5.  1.100
  libpostproc    58.  1.100 / 58.  1.100
Input #0, concat, from '/home/marco-lasagna/Scaricati/ffmpeg-java/inputFile.txt':
  Duration: N/A, start: 0.000000, bitrate: N/A
  Stream #0:0: Video: mjpeg (Baseline), yuvj420p(pc, bt470bg/unknown/unknown), 4501x4500 [SAR 1:1 DAR 4501:4500], 25 fps, 25 tbr, 25 tbn
Stream mapping:
  Stream #0:0 -> #0:0 (mjpeg (native) -> h264 (libx264))
Press [q] to stop, [?] for help
[swscaler @ 0x74c2e8016b00] deprecated pixel format used, make sure you did set range correctly
    Last message repeated 1 times
[swscaler @ 0x74c2e8b407c0] deprecated pixel format used, make sure you did set range correctly
    Last message repeated 1 times
[vost#0:0/libx264 @ 0x56943fbc1ac0] No information about the input framerate is available. Falling back to a default value of 25fps. Use the -r option if you want a different framerate.
[libx264 @ 0x56943fbb7e80] using SAR=2048/4095
[libx264 @ 0x56943fbb7e80] using cpu capabilities: MMX2 SSE2Fast SSSE3 SSE4.2 AVX FMA3 BMI2 AVX2
[libx264 @ 0x56943fbb7e80] profile High, level 4.0, 4:2:0, 8-bit
[libx264 @ 0x56943fbb7e80] 264 - core 164 r3108 31e19f9 - H.264/MPEG-4 AVC codec - Copyleft 2003-2023 - http://www.videolan.org/x264.html - options: cabac=1 ref=3 deblock=1:0:0 analyse=0x3:0x113 me=hex subme=7 psy=1 psy_rd=1.00:0.00 mixed_ref=1 me_range=16 chroma_me=1 trellis=1 8x8dct=1 cqm=0 deadzone=21,11 fast_pskip=1 chroma_qp_offset=-2 threads=30 lookahead_threads=5 sliced_threads=0 nr=0 decimate=1 interlaced=0 bluray_compat=0 constrained_intra=0 bframes=3 b_pyramid=2 b_adapt=1 b_bias=0 direct=1 weightb=1 open_gop=0 weightp=2 keyint=250 keyint_min=25 scenecut=40 intra_refresh=0 rc_lookahead=40 rc=crf mbtree=1 crf=23.0 qcomp=0.60 qpmin=0 qpmax=69 qpstep=4 ip_ratio=1.40 aq=1:1.00
Output #0, mp4, to './src/test/resources/output/translation/video/159.mp4':
  Metadata:
    encoder         : Lavf61.1.100
  Stream #0:0: Video: h264 (avc1 / 0x31637661), yuvj420p(pc, progressive), 2048x1024 [SAR 4501:9000 DAR 4501:4500], q=2-31, 25 fps, 12800 tbn
      Metadata:
        encoder         : Lavc61.3.100 libx264
      Side data:
        cpb: bitrate max/min/avg: 0/0/0 buffer size: 0 vbv_delay: N/A
[out#0/mp4 @ 0x56943fbbfb40] video:32KiB audio:0KiB subtitle:0KiB other streams:0KiB global headers:0KiB muxing overhead: 2.928703%
frame=    6 fps=0.0 q=-1.0 Lsize=      33KiB time=00:00:00.16 bitrate=1674.7kbits/s dup=0 drop=19 speed=0.646x    
[libx264 @ 0x56943fbb7e80] frame I:1     Avg QP:19.05  size: 30368
[libx264 @ 0x56943fbb7e80] frame P:2     Avg QP:17.17  size:   391
[libx264 @ 0x56943fbb7e80] frame B:3     Avg QP:23.78  size:   233
[libx264 @ 0x56943fbb7e80] consecutive B-frames: 33.3%  0.0%  0.0% 66.7%
[libx264 @ 0x56943fbb7e80] mb I  I16..4: 16.3% 73.4% 10.4%
[libx264 @ 0x56943fbb7e80] mb P  I16..4:  0.2%  0.1%  0.0%  P16..4:  0.7%  0.2%  0.0%  0.0%  0.0%    skip:98.7%
[libx264 @ 0x56943fbb7e80] mb B  I16..4:  0.0%  0.0%  0.0%  B16..8:  1.1%  0.1%  0.0%  direct: 0.0%  skip:98.8%  L0:34.4% L1:63.3% BI: 2.3%
[libx264 @ 0x56943fbb7e80] 8x8 transform intra:73.1% inter:50.9%
[libx264 @ 0x56943fbb7e80] coded y,uvDC,uvAC intra: 6.0% 10.2% 9.1% inter: 0.1% 0.0% 0.0%
[libx264 @ 0x56943fbb7e80] i16 v,h,dc,p: 80% 18%  1%  0%
[libx264 @ 0x56943fbb7e80] i8 v,h,dc,ddl,ddr,vr,hd,vl,hu: 61% 10% 29%  0%  0%  0%  0%  0%  0%
[libx264 @ 0x56943fbb7e80] i4 v,h,dc,ddl,ddr,vr,hd,vl,hu: 40% 30%  9%  4%  2%  2%  4%  4%  5%
[libx264 @ 0x56943fbb7e80] i8c dc,h,v,p: 82%  9%  8%  1%
[libx264 @ 0x56943fbb7e80] Weighted P-Frames: Y:0.0% UV:0.0%
[libx264 @ 0x56943fbb7e80] ref P L0: 97.5%  0.6%  0.0%  1.9%
[libx264 @ 0x56943fbb7e80] ref B L0: 82.5% 17.5%
[libx264 @ 0x56943fbb7e80] ref B L1: 98.4%  1.6%
[libx264 @ 0x56943fbb7e80] kb/s:1061.67
ffmpeg version 7.0.2-3ubuntu1 Copyright (c) 2000-2024 the FFmpeg developers
  built with gcc 14 (Ubuntu 14.2.0-2ubuntu1)
  configuration: --prefix=/usr --extra-version=3ubuntu1 --toolchain=hardened --libdir=/usr/lib/x86_64-linux-gnu --incdir=/usr/include/x86_64-linux-gnu --arch=amd64 --enable-gpl --disable-stripping --disable-libmfx --disable-omx --enable-gnutls --enable-libaom --enable-libass --enable-libbs2b --enable-libcdio --enable-libcodec2 --enable-libdav1d --enable-libflite --enable-libfontconfig --enable-libfreetype --enable-libfribidi --enable-libglslang --enable-libgme --enable-libgsm --enable-libharfbuzz --enable-libmp3lame --enable-libmysofa --enable-libopenjpeg --enable-libopenmpt --enable-libopus --enable-librubberband --enable-libshine --enable-libsnappy --enable-libsoxr --enable-libspeex --enable-libtheora --enable-libtwolame --enable-libvidstab --enable-libvorbis --enable-libvpx --enable-libwebp --enable-libx265 --enable-libxml2 --enable-libxvid --enable-libzimg --enable-openal --enable-opencl --enable-opengl --disable-sndio --enable-libvpl --enable-libdc1394 --enable-libdrm --enable-libiec61883 --enable-chromaprint --enable-frei0r --enable-ladspa --enable-libbluray --enable-libcaca --enable-libdvdnav --enable-libdvdread --enable-libjack --enable-libpulse --enable-librabbitmq --enable-librist --enable-libsrt --enable-libssh --enable-libsvtav1 --enable-libx264 --enable-libzmq --enable-libzvbi --enable-lv2 --enable-sdl2 --enable-libplacebo --enable-librav1e --enable-pocketsphinx --enable-librsvg --enable-libjxl --enable-shared
  libavutil      59.  8.100 / 59.  8.100
  libavcodec     61.  3.100 / 61.  3.100
  libavformat    61.  1.100 / 61.  1.100
  libavdevice    61.  1.100 / 61.  1.100
  libavfilter    10.  1.100 / 10.  1.100
  libswscale      8.  1.100 /  8.  1.100
  libswresample   5.  1.100 /  5.  1.100
  libpostproc    58.  1.100 / 58.  1.100
Input #0, concat, from '/home/marco-lasagna/Scaricati/ffmpeg-java/inputFile.txt':
  Duration: N/A, start: 0.000000, bitrate: N/A
  Stream #0:0: Video: mjpeg (Baseline), yuvj420p(pc, bt470bg/unknown/unknown), 4501x4500 [SAR 1:1 DAR 4501:4500], 25 fps, 25 tbr, 25 tbn
Stream mapping:
  Stream #0:0 -> #0:0 (mjpeg (native) -> h264 (libx264))
Press [q] to stop, [?] for help
[swscaler @ 0x7b78f4016b00] deprecated pixel format used, make sure you did set range correctly
    Last message repeated 1 times
[swscaler @ 0x7b78f4b407c0] deprecated pixel format used, make sure you did set range correctly
    Last message repeated 1 times
[vost#0:0/libx264 @ 0x5f2ede5b4ac0] No information about the input framerate is available. Falling back to a default value of 25fps. Use the -r option if you want a different framerate.
[libx264 @ 0x5f2ede5aae80] using SAR=2048/4095
[libx264 @ 0x5f2ede5aae80] using cpu capabilities: MMX2 SSE2Fast SSSE3 SSE4.2 AVX FMA3 BMI2 AVX2
[libx264 @ 0x5f2ede5aae80] profile High, level 4.0, 4:2:0, 8-bit
[libx264 @ 0x5f2ede5aae80] 264 - core 164 r3108 31e19f9 - H.264/MPEG-4 AVC codec - Copyleft 2003-2023 - http://www.videolan.org/x264.html - options: cabac=1 ref=3 deblock=1:0:0 analyse=0x3:0x113 me=hex subme=7 psy=1 psy_rd=1.00:0.00 mixed_ref=1 me_range=16 chroma_me=1 trellis=1 8x8dct=1 cqm=0 deadzone=21,11 fast_pskip=1 chroma_qp_offset=-2 threads=30 lookahead_threads=5 sliced_threads=0 nr=0 decimate=1 interlaced=0 bluray_compat=0 constrained_intra=0 bframes=3 b_pyramid=2 b_adapt=1 b_bias=0 direct=1 weightb=1 open_gop=0 weightp=2 keyint=250 keyint_min=25 scenecut=40 intra_refresh=0 rc_lookahead=40 rc=crf mbtree=1 crf=23.0 qcomp=0.60 qpmin=0 qpmax=69 qpstep=4 ip_ratio=1.40 aq=1:1.00
Output #0, mp4, to './src/test/resources/output/translation/video/169.mp4':
  Metadata:
    encoder         : Lavf61.1.100
  Stream #0:0: Video: h264 (avc1 / 0x31637661), yuvj420p(pc, progressive), 2048x1024 [SAR 4501:9000 DAR 4501:4500], q=2-31, 25 fps, 12800 tbn
      Metadata:
        encoder         : Lavc61.3.100 libx264
      Side data:
        cpb: bitrate max/min/avg: 0/0/0 buffer size: 0 vbv_delay: N/A
[out#0/mp4 @ 0x5f2ede5b2b40] video:32KiB audio:0KiB subtitle:0KiB other streams:0KiB global headers:0KiB muxing overhead: 2.933752%
frame=    6 fps=0.0 q=-1.0 Lsize=      33KiB time=00:00:00.16 bitrate=1671.8kbits/s dup=0 drop=19 speed=0.635x    
[libx264 @ 0x5f2ede5aae80] frame I:1     Avg QP:18.53  size: 30243
[libx264 @ 0x5f2ede5aae80] frame P:2     Avg QP:16.02  size:   408
[libx264 @ 0x5f2ede5aae80] frame B:3     Avg QP:13.89  size:   245
[libx264 @ 0x5f2ede5aae80] consecutive B-frames: 33.3%  0.0%  0.0% 66.7%
[libx264 @ 0x5f2ede5aae80] mb I  I16..4: 25.6% 64.0% 10.4%
[libx264 @ 0x5f2ede5aae80] mb P  I16..4:  0.2%  0.1%  0.0%  P16..4:  1.1%  0.2%  0.1%  0.0%  0.0%    skip:98.4%
[libx264 @ 0x5f2ede5aae80] mb B  I16..4:  0.0%  0.0%  0.0%  B16..8:  1.1%  0.1%  0.0%  direct: 0.0%  skip:98.8%  L0:55.6% L1:41.6% BI: 2.7%
[libx264 @ 0x5f2ede5aae80] 8x8 transform intra:63.9% inter:28.6%
[libx264 @ 0x5f2ede5aae80] coded y,uvDC,uvAC intra: 6.0% 10.2% 9.1% inter: 0.1% 0.0% 0.0%
[libx264 @ 0x5f2ede5aae80] i16 v,h,dc,p: 87% 12%  1%  0%
[libx264 @ 0x5f2ede5aae80] i8 v,h,dc,ddl,ddr,vr,hd,vl,hu: 56% 10% 33%  0%  0%  0%  0%  0%  0%
[libx264 @ 0x5f2ede5aae80] i4 v,h,dc,ddl,ddr,vr,hd,vl,hu: 39% 30% 10%  4%  2%  2%  4%  4%  5%
[libx264 @ 0x5f2ede5aae80] i8c dc,h,v,p: 82%  9%  8%  1%
[libx264 @ 0x5f2ede5aae80] Weighted P-Frames: Y:0.0% UV:0.0%
[libx264 @ 0x5f2ede5aae80] ref P L0: 93.0%  0.2%  1.4%  5.3%
[libx264 @ 0x5f2ede5aae80] ref B L0: 88.3% 11.7%
[libx264 @ 0x5f2ede5aae80] kb/s:1059.80
ffmpeg version 7.0.2-3ubuntu1 Copyright (c) 2000-2024 the FFmpeg developers
  built with gcc 14 (Ubuntu 14.2.0-2ubuntu1)
  configuration: --prefix=/usr --extra-version=3ubuntu1 --toolchain=hardened --libdir=/usr/lib/x86_64-linux-gnu --incdir=/usr/include/x86_64-linux-gnu --arch=amd64 --enable-gpl --disable-stripping --disable-libmfx --disable-omx --enable-gnutls --enable-libaom --enable-libass --enable-libbs2b --enable-libcdio --enable-libcodec2 --enable-libdav1d --enable-libflite --enable-libfontconfig --enable-libfreetype --enable-libfribidi --enable-libglslang --enable-libgme --enable-libgsm --enable-libharfbuzz --enable-libmp3lame --enable-libmysofa --enable-libopenjpeg --enable-libopenmpt --enable-libopus --enable-librubberband --enable-libshine --enable-libsnappy --enable-libsoxr --enable-libspeex --enable-libtheora --enable-libtwolame --enable-libvidstab --enable-libvorbis --enable-libvpx --enable-libwebp --enable-libx265 --enable-libxml2 --enable-libxvid --enable-libzimg --enable-openal --enable-opencl --enable-opengl --disable-sndio --enable-libvpl --enable-libdc1394 --enable-libdrm --enable-libiec61883 --enable-chromaprint --enable-frei0r --enable-ladspa --enable-libbluray --enable-libcaca --enable-libdvdnav --enable-libdvdread --enable-libjack --enable-libpulse --enable-librabbitmq --enable-librist --enable-libsrt --enable-libssh --enable-libsvtav1 --enable-libx264 --enable-libzmq --enable-libzvbi --enable-lv2 --enable-sdl2 --enable-libplacebo --enable-librav1e --enable-pocketsphinx --enable-librsvg --enable-libjxl --enable-shared
  libavutil      59.  8.100 / 59.  8.100
  libavcodec     61.  3.100 / 61.  3.100
  libavformat    61.  1.100 / 61.  1.100
  libavdevice    61.  1.100 / 61.  1.100
  libavfilter    10.  1.100 / 10.  1.100
  libswscale      8.  1.100 /  8.  1.100
  libswresample   5.  1.100 /  5.  1.100
  libpostproc    58.  1.100 / 58.  1.100
Input #0, concat, from '/home/marco-lasagna/Scaricati/ffmpeg-java/inputFile.txt':
  Duration: N/A, start: 0.000000, bitrate: N/A
  Stream #0:0: Video: mjpeg (Baseline), yuvj420p(pc, bt470bg/unknown/unknown), 4501x4500 [SAR 1:1 DAR 4501:4500], 25 fps, 25 tbr, 25 tbn
Stream mapping:
  Stream #0:0 -> #0:0 (mjpeg (native) -> h264 (libx264))
Press [q] to stop, [?] for help
[swscaler @ 0x76f114016b00] deprecated pixel format used, make sure you did set range correctly
    Last message repeated 1 times
[swscaler @ 0x76f114b407c0] deprecated pixel format used, make sure you did set range correctly
    Last message repeated 1 times
[vost#0:0/libx264 @ 0x593950bb9ac0] No information about the input framerate is available. Falling back to a default value of 25fps. Use the -r option if you want a different framerate.
[libx264 @ 0x593950bafe80] using SAR=2048/4095
[libx264 @ 0x593950bafe80] using cpu capabilities: MMX2 SSE2Fast SSSE3 SSE4.2 AVX FMA3 BMI2 AVX2
[libx264 @ 0x593950bafe80] profile High, level 4.0, 4:2:0, 8-bit
[libx264 @ 0x593950bafe80] 264 - core 164 r3108 31e19f9 - H.264/MPEG-4 AVC codec - Copyleft 2003-2023 - http://www.videolan.org/x264.html - options: cabac=1 ref=3 deblock=1:0:0 analyse=0x3:0x113 me=hex subme=7 psy=1 psy_rd=1.00:0.00 mixed_ref=1 me_range=16 chroma_me=1 trellis=1 8x8dct=1 cqm=0 deadzone=21,11 fast_pskip=1 chroma_qp_offset=-2 threads=30 lookahead_threads=5 sliced_threads=0 nr=0 decimate=1 interlaced=0 bluray_compat=0 constrained_intra=0 bframes=3 b_pyramid=2 b_adapt=1 b_bias=0 direct=1 weightb=1 open_gop=0 weightp=2 keyint=250 keyint_min=25 scenecut=40 intra_refresh=0 rc_lookahead=40 rc=crf mbtree=1 crf=23.0 qcomp=0.60 qpmin=0 qpmax=69 qpstep=4 ip_ratio=1.40 aq=1:1.00
Output #0, mp4, to './src/test/resources/output/translation/video/179.mp4':
  Metadata:
    encoder         : Lavf61.1.100
  Stream #0:0: Video: h264 (avc1 / 0x31637661), yuvj420p(pc, progressive), 2048x1024 [SAR 4501:9000 DAR 4501:4500], q=2-31, 25 fps, 12800 tbn
      Metadata:
        encoder         : Lavc61.3.100 libx264
      Side data:
        cpb: bitrate max/min/avg: 0/0/0 buffer size: 0 vbv_delay: N/A
[out#0/mp4 @ 0x593950bb7b40] video:32KiB audio:0KiB subtitle:0KiB other streams:0KiB global headers:0KiB muxing overhead: 2.923492%
frame=    6 fps=0.0 q=-1.0 Lsize=      33KiB time=00:00:00.16 bitrate=1677.5kbits/s dup=0 drop=19 speed=0.624x    
[libx264 @ 0x593950bafe80] frame I:1     Avg QP:18.36  size: 30274
[libx264 @ 0x593950bafe80] frame P:2     Avg QP:17.76  size:   436
[libx264 @ 0x593950bafe80] frame B:3     Avg QP:32.55  size:   254
[libx264 @ 0x593950bafe80] consecutive B-frames: 33.3%  0.0%  0.0% 66.7%
[libx264 @ 0x593950bafe80] mb I  I16..4: 25.7% 63.9% 10.4%
[libx264 @ 0x593950bafe80] mb P  I16..4:  0.1%  0.1%  0.0%  P16..4:  1.1%  0.1%  0.1%  0.0%  0.0%    skip:98.5%
[libx264 @ 0x593950bafe80] mb B  I16..4:  0.0%  0.0%  0.0%  B16..8:  1.3%  0.1%  0.0%  direct: 0.0%  skip:98.6%  L0:57.4% L1:41.1% BI: 1.5%
[libx264 @ 0x593950bafe80] 8x8 transform intra:63.9% inter:36.5%
[libx264 @ 0x593950bafe80] coded y,uvDC,uvAC intra: 6.0% 10.2% 9.1% inter: 0.1% 0.0% 0.0%
[libx264 @ 0x593950bafe80] i16 v,h,dc,p: 87% 12%  1%  0%
[libx264 @ 0x593950bafe80] i8 v,h,dc,ddl,ddr,vr,hd,vl,hu: 57%  9% 33%  0%  0%  0%  0%  0%  0%
[libx264 @ 0x593950bafe80] i4 v,h,dc,ddl,ddr,vr,hd,vl,hu: 39% 29% 10%  4%  2%  2%  4%  4%  5%
[libx264 @ 0x593950bafe80] i8c dc,h,v,p: 82%  9%  8%  1%
[libx264 @ 0x593950bafe80] Weighted P-Frames: Y:0.0% UV:0.0%
[libx264 @ 0x593950bafe80] ref P L0: 92.3%  0.6%  1.1%  6.1%
[libx264 @ 0x593950bafe80] ref B L0: 91.0%  9.0%
[libx264 @ 0x593950bafe80] ref B L1: 91.0%  9.0%
[libx264 @ 0x593950bafe80] kb/s:1063.60
ffmpeg version 7.0.2-3ubuntu1 Copyright (c) 2000-2024 the FFmpeg developers
  built with gcc 14 (Ubuntu 14.2.0-2ubuntu1)
  configuration: --prefix=/usr --extra-version=3ubuntu1 --toolchain=hardened --libdir=/usr/lib/x86_64-linux-gnu --incdir=/usr/include/x86_64-linux-gnu --arch=amd64 --enable-gpl --disable-stripping --disable-libmfx --disable-omx --enable-gnutls --enable-libaom --enable-libass --enable-libbs2b --enable-libcdio --enable-libcodec2 --enable-libdav1d --enable-libflite --enable-libfontconfig --enable-libfreetype --enable-libfribidi --enable-libglslang --enable-libgme --enable-libgsm --enable-libharfbuzz --enable-libmp3lame --enable-libmysofa --enable-libopenjpeg --enable-libopenmpt --enable-libopus --enable-librubberband --enable-libshine --enable-libsnappy --enable-libsoxr --enable-libspeex --enable-libtheora --enable-libtwolame --enable-libvidstab --enable-libvorbis --enable-libvpx --enable-libwebp --enable-libx265 --enable-libxml2 --enable-libxvid --enable-libzimg --enable-openal --enable-opencl --enable-opengl --disable-sndio --enable-libvpl --enable-libdc1394 --enable-libdrm --enable-libiec61883 --enable-chromaprint --enable-frei0r --enable-ladspa --enable-libbluray --enable-libcaca --enable-libdvdnav --enable-libdvdread --enable-libjack --enable-libpulse --enable-librabbitmq --enable-librist --enable-libsrt --enable-libssh --enable-libsvtav1 --enable-libx264 --enable-libzmq --enable-libzvbi --enable-lv2 --enable-sdl2 --enable-libplacebo --enable-librav1e --enable-pocketsphinx --enable-librsvg --enable-libjxl --enable-shared
  libavutil      59.  8.100 / 59.  8.100
  libavcodec     61.  3.100 / 61.  3.100
  libavformat    61.  1.100 / 61.  1.100
  libavdevice    61.  1.100 / 61.  1.100
  libavfilter    10.  1.100 / 10.  1.100
  libswscale      8.  1.100 /  8.  1.100
  libswresample   5.  1.100 /  5.  1.100
  libpostproc    58.  1.100 / 58.  1.100
Input #0, concat, from '/home/marco-lasagna/Scaricati/ffmpeg-java/inputFile.txt':
  Duration: N/A, start: 0.000000, bitrate: N/A
  Stream #0:0: Video: mjpeg (Baseline), yuvj420p(pc, bt470bg/unknown/unknown), 4501x4500 [SAR 1:1 DAR 4501:4500], 25 fps, 25 tbr, 25 tbn
Stream mapping:
  Stream #0:0 -> #0:0 (mjpeg (native) -> h264 (libx264))
Press [q] to stop, [?] for help
[swscaler @ 0x726d98016b00] deprecated pixel format used, make sure you did set range correctly
    Last message repeated 1 times
[swscaler @ 0x726d98b407c0] deprecated pixel format used, make sure you did set range correctly
    Last message repeated 1 times
[vost#0:0/libx264 @ 0x5d34b3ebfac0] No information about the input framerate is available. Falling back to a default value of 25fps. Use the -r option if you want a different framerate.
[libx264 @ 0x5d34b3eb5e80] using SAR=2048/4095
[libx264 @ 0x5d34b3eb5e80] using cpu capabilities: MMX2 SSE2Fast SSSE3 SSE4.2 AVX FMA3 BMI2 AVX2
[libx264 @ 0x5d34b3eb5e80] profile High, level 4.0, 4:2:0, 8-bit
[libx264 @ 0x5d34b3eb5e80] 264 - core 164 r3108 31e19f9 - H.264/MPEG-4 AVC codec - Copyleft 2003-2023 - http://www.videolan.org/x264.html - options: cabac=1 ref=3 deblock=1:0:0 analyse=0x3:0x113 me=hex subme=7 psy=1 psy_rd=1.00:0.00 mixed_ref=1 me_range=16 chroma_me=1 trellis=1 8x8dct=1 cqm=0 deadzone=21,11 fast_pskip=1 chroma_qp_offset=-2 threads=30 lookahead_threads=5 sliced_threads=0 nr=0 decimate=1 interlaced=0 bluray_compat=0 constrained_intra=0 bframes=3 b_pyramid=2 b_adapt=1 b_bias=0 direct=1 weightb=1 open_gop=0 weightp=2 keyint=250 keyint_min=25 scenecut=40 intra_refresh=0 rc_lookahead=40 rc=crf mbtree=1 crf=23.0 qcomp=0.60 qpmin=0 qpmax=69 qpstep=4 ip_ratio=1.40 aq=1:1.00
Output #0, mp4, to './src/test/resources/output/translation/video/189.mp4':
  Metadata:
    encoder         : Lavf61.1.100
  Stream #0:0: Video: h264 (avc1 / 0x31637661), yuvj420p(pc, progressive), 2048x1024 [SAR 4501:9000 DAR 4501:4500], q=2-31, 25 fps, 12800 tbn
      Metadata:
        encoder         : Lavc61.3.100 libx264
      Side data:
        cpb: bitrate max/min/avg: 0/0/0 buffer size: 0 vbv_delay: N/A
[out#0/mp4 @ 0x5d34b3ebdb40] video:32KiB audio:0KiB subtitle:0KiB other streams:0KiB global headers:0KiB muxing overhead: 2.915621%
frame=    6 fps=0.0 q=-1.0 Lsize=      33KiB time=00:00:00.16 bitrate=1682.0kbits/s dup=0 drop=19 speed=0.678x    
[libx264 @ 0x5d34b3eb5e80] frame I:1     Avg QP:18.99  size: 30349
[libx264 @ 0x5d34b3eb5e80] frame P:2     Avg QP:18.75  size:   416
[libx264 @ 0x5d34b3eb5e80] frame B:3     Avg QP:16.05  size:   272
[libx264 @ 0x5d34b3eb5e80] consecutive B-frames: 33.3%  0.0%  0.0% 66.7%
[libx264 @ 0x5d34b3eb5e80] mb I  I16..4: 16.3% 73.4% 10.3%
[libx264 @ 0x5d34b3eb5e80] mb P  I16..4:  0.1%  0.1%  0.0%  P16..4:  1.3%  0.2%  0.0%  0.0%  0.0%    skip:98.3%
[libx264 @ 0x5d34b3eb5e80] mb B  I16..4:  0.1%  0.0%  0.0%  B16..8:  1.1%  0.1%  0.0%  direct: 0.0%  skip:98.7%  L0:35.8% L1:62.7% BI: 1.5%
[libx264 @ 0x5d34b3eb5e80] 8x8 transform intra:73.2% inter:26.9%
[libx264 @ 0x5d34b3eb5e80] coded y,uvDC,uvAC intra: 6.0% 10.2% 9.1% inter: 0.1% 0.0% 0.0%
[libx264 @ 0x5d34b3eb5e80] i16 v,h,dc,p: 80% 19%  1%  0%
[libx264 @ 0x5d34b3eb5e80] i8 v,h,dc,ddl,ddr,vr,hd,vl,hu: 61% 10% 29%  0%  0%  0%  0%  0%  0%
[libx264 @ 0x5d34b3eb5e80] i4 v,h,dc,ddl,ddr,vr,hd,vl,hu: 41% 29%  9%  4%  2%  2%  4%  4%  5%
[libx264 @ 0x5d34b3eb5e80] i8c dc,h,v,p: 82%  9%  8%  1%
[libx264 @ 0x5d34b3eb5e80] Weighted P-Frames: Y:0.0% UV:0.0%
[libx264 @ 0x5d34b3eb5e80] ref P L0: 92.1%  0.0%  2.0%  5.8%
[libx264 @ 0x5d34b3eb5e80] ref B L0: 80.0% 20.0%
[libx264 @ 0x5d34b3eb5e80] ref B L1: 97.4%  2.6%
[libx264 @ 0x5d34b3eb5e80] kb/s:1066.53
ffmpeg version 7.0.2-3ubuntu1 Copyright (c) 2000-2024 the FFmpeg developers
  built with gcc 14 (Ubuntu 14.2.0-2ubuntu1)
  configuration: --prefix=/usr --extra-version=3ubuntu1 --toolchain=hardened --libdir=/usr/lib/x86_64-linux-gnu --incdir=/usr/include/x86_64-linux-gnu --arch=amd64 --enable-gpl --disable-stripping --disable-libmfx --disable-omx --enable-gnutls --enable-libaom --enable-libass --enable-libbs2b --enable-libcdio --enable-libcodec2 --enable-libdav1d --enable-libflite --enable-libfontconfig --enable-libfreetype --enable-libfribidi --enable-libglslang --enable-libgme --enable-libgsm --enable-libharfbuzz --enable-libmp3lame --enable-libmysofa --enable-libopenjpeg --enable-libopenmpt --enable-libopus --enable-librubberband --enable-libshine --enable-libsnappy --enable-libsoxr --enable-libspeex --enable-libtheora --enable-libtwolame --enable-libvidstab --enable-libvorbis --enable-libvpx --enable-libwebp --enable-libx265 --enable-libxml2 --enable-libxvid --enable-libzimg --enable-openal --enable-opencl --enable-opengl --disable-sndio --enable-libvpl --enable-libdc1394 --enable-libdrm --enable-libiec61883 --enable-chromaprint --enable-frei0r --enable-ladspa --enable-libbluray --enable-libcaca --enable-libdvdnav --enable-libdvdread --enable-libjack --enable-libpulse --enable-librabbitmq --enable-librist --enable-libsrt --enable-libssh --enable-libsvtav1 --enable-libx264 --enable-libzmq --enable-libzvbi --enable-lv2 --enable-sdl2 --enable-libplacebo --enable-librav1e --enable-pocketsphinx --enable-librsvg --enable-libjxl --enable-shared
  libavutil      59.  8.100 / 59.  8.100
  libavcodec     61.  3.100 / 61.  3.100
  libavformat    61.  1.100 / 61.  1.100
  libavdevice    61.  1.100 / 61.  1.100
  libavfilter    10.  1.100 / 10.  1.100
  libswscale      8.  1.100 /  8.  1.100
  libswresample   5.  1.100 /  5.  1.100
  libpostproc    58.  1.100 / 58.  1.100
Input #0, concat, from '/home/marco-lasagna/Scaricati/ffmpeg-java/inputFile.txt':
  Duration: N/A, start: 0.000000, bitrate: N/A
  Stream #0:0: Video: mjpeg (Baseline), yuvj420p(pc, bt470bg/unknown/unknown), 4501x4500 [SAR 1:1 DAR 4501:4500], 25 fps, 25 tbr, 25 tbn
Stream mapping:
  Stream #0:0 -> #0:0 (mjpeg (native) -> h264 (libx264))
Press [q] to stop, [?] for help
[swscaler @ 0x7b370c016b00] deprecated pixel format used, make sure you did set range correctly
    Last message repeated 1 times
[swscaler @ 0x7b370cb407c0] deprecated pixel format used, make sure you did set range correctly
    Last message repeated 1 times
[vost#0:0/libx264 @ 0x61cd4296eac0] No information about the input framerate is available. Falling back to a default value of 25fps. Use the -r option if you want a different framerate.
[libx264 @ 0x61cd42964e80] using SAR=2048/4095
[libx264 @ 0x61cd42964e80] using cpu capabilities: MMX2 SSE2Fast SSSE3 SSE4.2 AVX FMA3 BMI2 AVX2
[libx264 @ 0x61cd42964e80] profile High, level 4.0, 4:2:0, 8-bit
[libx264 @ 0x61cd42964e80] 264 - core 164 r3108 31e19f9 - H.264/MPEG-4 AVC codec - Copyleft 2003-2023 - http://www.videolan.org/x264.html - options: cabac=1 ref=3 deblock=1:0:0 analyse=0x3:0x113 me=hex subme=7 psy=1 psy_rd=1.00:0.00 mixed_ref=1 me_range=16 chroma_me=1 trellis=1 8x8dct=1 cqm=0 deadzone=21,11 fast_pskip=1 chroma_qp_offset=-2 threads=30 lookahead_threads=5 sliced_threads=0 nr=0 decimate=1 interlaced=0 bluray_compat=0 constrained_intra=0 bframes=3 b_pyramid=2 b_adapt=1 b_bias=0 direct=1 weightb=1 open_gop=0 weightp=2 keyint=250 keyint_min=25 scenecut=40 intra_refresh=0 rc_lookahead=40 rc=crf mbtree=1 crf=23.0 qcomp=0.60 qpmin=0 qpmax=69 qpstep=4 ip_ratio=1.40 aq=1:1.00
Output #0, mp4, to './src/test/resources/output/translation/video/199.mp4':
  Metadata:
    encoder         : Lavf61.1.100
  Stream #0:0: Video: h264 (avc1 / 0x31637661), yuvj420p(pc, progressive), 2048x1024 [SAR 4501:9000 DAR 4501:4500], q=2-31, 25 fps, 12800 tbn
      Metadata:
        encoder         : Lavc61.3.100 libx264
      Side data:
        cpb: bitrate max/min/avg: 0/0/0 buffer size: 0 vbv_delay: N/A
[out#0/mp4 @ 0x61cd4296cb40] video:32KiB audio:0KiB subtitle:0KiB other streams:0KiB global headers:0KiB muxing overhead: 2.911702%
frame=    6 fps=0.0 q=-1.0 Lsize=      33KiB time=00:00:00.16 bitrate=1684.2kbits/s dup=0 drop=19 speed=0.632x    
[libx264 @ 0x61cd42964e80] frame I:1     Avg QP:18.37  size: 30340
[libx264 @ 0x61cd42964e80] frame P:2     Avg QP:18.75  size:   456
[libx264 @ 0x61cd42964e80] frame B:3     Avg QP:25.57  size:   263
[libx264 @ 0x61cd42964e80] consecutive B-frames: 33.3%  0.0%  0.0% 66.7%
[libx264 @ 0x61cd42964e80] mb I  I16..4: 25.9% 63.6% 10.4%
[libx264 @ 0x61cd42964e80] mb P  I16..4:  0.1%  0.1%  0.0%  P16..4:  1.3%  0.2%  0.1%  0.0%  0.0%    skip:98.2%
[libx264 @ 0x61cd42964e80] mb B  I16..4:  0.0%  0.0%  0.0%  B16..8:  1.4%  0.1%  0.0%  direct: 0.0%  skip:98.4%  L0:43.1% L1:54.8% BI: 2.1%
[libx264 @ 0x61cd42964e80] 8x8 transform intra:63.6% inter:28.8%
[libx264 @ 0x61cd42964e80] coded y,uvDC,uvAC intra: 6.0% 10.2% 9.1% inter: 0.1% 0.0% 0.0%
[libx264 @ 0x61cd42964e80] i16 v,h,dc,p: 88% 11%  1%  0%
[libx264 @ 0x61cd42964e80] i8 v,h,dc,ddl,ddr,vr,hd,vl,hu: 44%  6% 50%  0%  0%  0%  0%  0%  0%
[libx264 @ 0x61cd42964e80] i4 v,h,dc,ddl,ddr,vr,hd,vl,hu: 40% 30% 10%  4%  2%  2%  4%  4%  5%
[libx264 @ 0x61cd42964e80] i8c dc,h,v,p: 82%  9%  8%  1%
[libx264 @ 0x61cd42964e80] Weighted P-Frames: Y:0.0% UV:0.0%
[libx264 @ 0x61cd42964e80] ref P L0: 94.4%  0.0%  1.2%  4.4%
[libx264 @ 0x61cd42964e80] ref B L0: 86.5% 13.5%
[libx264 @ 0x61cd42964e80] ref B L1: 96.6%  3.4%
[libx264 @ 0x61cd42964e80] kb/s:1068.00
ffmpeg version 7.0.2-3ubuntu1 Copyright (c) 2000-2024 the FFmpeg developers
  built with gcc 14 (Ubuntu 14.2.0-2ubuntu1)
  configuration: --prefix=/usr --extra-version=3ubuntu1 --toolchain=hardened --libdir=/usr/lib/x86_64-linux-gnu --incdir=/usr/include/x86_64-linux-gnu --arch=amd64 --enable-gpl --disable-stripping --disable-libmfx --disable-omx --enable-gnutls --enable-libaom --enable-libass --enable-libbs2b --enable-libcdio --enable-libcodec2 --enable-libdav1d --enable-libflite --enable-libfontconfig --enable-libfreetype --enable-libfribidi --enable-libglslang --enable-libgme --enable-libgsm --enable-libharfbuzz --enable-libmp3lame --enable-libmysofa --enable-libopenjpeg --enable-libopenmpt --enable-libopus --enable-librubberband --enable-libshine --enable-libsnappy --enable-libsoxr --enable-libspeex --enable-libtheora --enable-libtwolame --enable-libvidstab --enable-libvorbis --enable-libvpx --enable-libwebp --enable-libx265 --enable-libxml2 --enable-libxvid --enable-libzimg --enable-openal --enable-opencl --enable-opengl --disable-sndio --enable-libvpl --enable-libdc1394 --enable-libdrm --enable-libiec61883 --enable-chromaprint --enable-frei0r --enable-ladspa --enable-libbluray --enable-libcaca --enable-libdvdnav --enable-libdvdread --enable-libjack --enable-libpulse --enable-librabbitmq --enable-librist --enable-libsrt --enable-libssh --enable-libsvtav1 --enable-libx264 --enable-libzmq --enable-libzvbi --enable-lv2 --enable-sdl2 --enable-libplacebo --enable-librav1e --enable-pocketsphinx --enable-librsvg --enable-libjxl --enable-shared
  libavutil      59.  8.100 / 59.  8.100
  libavcodec     61.  3.100 / 61.  3.100
  libavformat    61.  1.100 / 61.  1.100
  libavdevice    61.  1.100 / 61.  1.100
  libavfilter    10.  1.100 / 10.  1.100
  libswscale      8.  1.100 /  8.  1.100
  libswresample   5.  1.100 /  5.  1.100
  libpostproc    58.  1.100 / 58.  1.100
Input #0, concat, from '/home/marco-lasagna/Scaricati/ffmpeg-java/inputFile.txt':
  Duration: N/A, start: 0.000000, bitrate: N/A
  Stream #0:0: Video: mjpeg (Baseline), yuvj420p(pc, bt470bg/unknown/unknown), 4501x4500 [SAR 1:1 DAR 4501:4500], 25 fps, 25 tbr, 25 tbn
Stream mapping:
  Stream #0:0 -> #0:0 (mjpeg (native) -> h264 (libx264))
Press [q] to stop, [?] for help
[swscaler @ 0x70abc0016b00] deprecated pixel format used, make sure you did set range correctly
    Last message repeated 1 times
[swscaler @ 0x70abc0b407c0] deprecated pixel format used, make sure you did set range correctly
    Last message repeated 1 times
[vost#0:0/libx264 @ 0x557951894ac0] No information about the input framerate is available. Falling back to a default value of 25fps. Use the -r option if you want a different framerate.
[libx264 @ 0x55795188ae80] using SAR=2048/4095
[libx264 @ 0x55795188ae80] using cpu capabilities: MMX2 SSE2Fast SSSE3 SSE4.2 AVX FMA3 BMI2 AVX2
[libx264 @ 0x55795188ae80] profile High, level 4.0, 4:2:0, 8-bit
[libx264 @ 0x55795188ae80] 264 - core 164 r3108 31e19f9 - H.264/MPEG-4 AVC codec - Copyleft 2003-2023 - http://www.videolan.org/x264.html - options: cabac=1 ref=3 deblock=1:0:0 analyse=0x3:0x113 me=hex subme=7 psy=1 psy_rd=1.00:0.00 mixed_ref=1 me_range=16 chroma_me=1 trellis=1 8x8dct=1 cqm=0 deadzone=21,11 fast_pskip=1 chroma_qp_offset=-2 threads=30 lookahead_threads=5 sliced_threads=0 nr=0 decimate=1 interlaced=0 bluray_compat=0 constrained_intra=0 bframes=3 b_pyramid=2 b_adapt=1 b_bias=0 direct=1 weightb=1 open_gop=0 weightp=2 keyint=250 keyint_min=25 scenecut=40 intra_refresh=0 rc_lookahead=40 rc=crf mbtree=1 crf=23.0 qcomp=0.60 qpmin=0 qpmax=69 qpstep=4 ip_ratio=1.40 aq=1:1.00
Output #0, mp4, to './src/test/resources/output/translation/video/209.mp4':
  Metadata:
    encoder         : Lavf61.1.100
  Stream #0:0: Video: h264 (avc1 / 0x31637661), yuvj420p(pc, progressive), 2048x1024 [SAR 4501:9000 DAR 4501:4500], q=2-31, 25 fps, 12800 tbn
      Metadata:
        encoder         : Lavc61.3.100 libx264
      Side data:
        cpb: bitrate max/min/avg: 0/0/0 buffer size: 0 vbv_delay: N/A
[out#0/mp4 @ 0x557951892b40] video:32KiB audio:0KiB subtitle:0KiB other streams:0KiB global headers:0KiB muxing overhead: 2.914017%
frame=    6 fps=0.0 q=-1.0 Lsize=      33KiB time=00:00:00.16 bitrate=1682.8kbits/s dup=0 drop=19 speed=0.674x    
[libx264 @ 0x55795188ae80] frame I:1     Avg QP:18.36  size: 30308
[libx264 @ 0x55795188ae80] frame P:2     Avg QP:17.55  size:   450
[libx264 @ 0x55795188ae80] frame B:3     Avg QP:25.42  size:   269
[libx264 @ 0x55795188ae80] consecutive B-frames: 33.3%  0.0%  0.0% 66.7%
[libx264 @ 0x55795188ae80] mb I  I16..4: 26.0% 63.5% 10.5%
[libx264 @ 0x55795188ae80] mb P  I16..4:  0.1%  0.2%  0.0%  P16..4:  1.1%  0.2%  0.1%  0.0%  0.0%    skip:98.4%
[libx264 @ 0x55795188ae80] mb B  I16..4:  0.0%  0.1%  0.0%  B16..8:  1.3%  0.1%  0.0%  direct: 0.0%  skip:98.5%  L0:57.3% L1:40.5% BI: 2.2%
[libx264 @ 0x55795188ae80] 8x8 transform intra:63.5% inter:47.1%
[libx264 @ 0x55795188ae80] coded y,uvDC,uvAC intra: 6.0% 10.1% 9.1% inter: 0.1% 0.0% 0.0%
[libx264 @ 0x55795188ae80] i16 v,h,dc,p: 88% 12%  1%  0%
[libx264 @ 0x55795188ae80] i8 v,h,dc,ddl,ddr,vr,hd,vl,hu: 44%  6% 50%  0%  0%  0%  0%  0%  0%
[libx264 @ 0x55795188ae80] i4 v,h,dc,ddl,ddr,vr,hd,vl,hu: 39% 30% 10%  4%  2%  2%  4%  4%  5%
[libx264 @ 0x55795188ae80] i8c dc,h,v,p: 82%  9%  8%  1%
[libx264 @ 0x55795188ae80] Weighted P-Frames: Y:0.0% UV:0.0%
[libx264 @ 0x55795188ae80] ref P L0: 94.0%  0.0%  1.3%  4.6%
[libx264 @ 0x55795188ae80] ref B L0: 89.6% 10.4%
[libx264 @ 0x55795188ae80] ref B L1: 92.7%  7.3%
[libx264 @ 0x55795188ae80] kb/s:1067.13
ffmpeg version 7.0.2-3ubuntu1 Copyright (c) 2000-2024 the FFmpeg developers
  built with gcc 14 (Ubuntu 14.2.0-2ubuntu1)
  configuration: --prefix=/usr --extra-version=3ubuntu1 --toolchain=hardened --libdir=/usr/lib/x86_64-linux-gnu --incdir=/usr/include/x86_64-linux-gnu --arch=amd64 --enable-gpl --disable-stripping --disable-libmfx --disable-omx --enable-gnutls --enable-libaom --enable-libass --enable-libbs2b --enable-libcdio --enable-libcodec2 --enable-libdav1d --enable-libflite --enable-libfontconfig --enable-libfreetype --enable-libfribidi --enable-libglslang --enable-libgme --enable-libgsm --enable-libharfbuzz --enable-libmp3lame --enable-libmysofa --enable-libopenjpeg --enable-libopenmpt --enable-libopus --enable-librubberband --enable-libshine --enable-libsnappy --enable-libsoxr --enable-libspeex --enable-libtheora --enable-libtwolame --enable-libvidstab --enable-libvorbis --enable-libvpx --enable-libwebp --enable-libx265 --enable-libxml2 --enable-libxvid --enable-libzimg --enable-openal --enable-opencl --enable-opengl --disable-sndio --enable-libvpl --enable-libdc1394 --enable-libdrm --enable-libiec61883 --enable-chromaprint --enable-frei0r --enable-ladspa --enable-libbluray --enable-libcaca --enable-libdvdnav --enable-libdvdread --enable-libjack --enable-libpulse --enable-librabbitmq --enable-librist --enable-libsrt --enable-libssh --enable-libsvtav1 --enable-libx264 --enable-libzmq --enable-libzvbi --enable-lv2 --enable-sdl2 --enable-libplacebo --enable-librav1e --enable-pocketsphinx --enable-librsvg --enable-libjxl --enable-shared
  libavutil      59.  8.100 / 59.  8.100
  libavcodec     61.  3.100 / 61.  3.100
  libavformat    61.  1.100 / 61.  1.100
  libavdevice    61.  1.100 / 61.  1.100
  libavfilter    10.  1.100 / 10.  1.100
  libswscale      8.  1.100 /  8.  1.100
  libswresample   5.  1.100 /  5.  1.100
  libpostproc    58.  1.100 / 58.  1.100
Input #0, concat, from '/home/marco-lasagna/Scaricati/ffmpeg-java/inputFile.txt':
  Duration: N/A, start: 0.000000, bitrate: N/A
  Stream #0:0: Video: mjpeg (Baseline), yuvj420p(pc, bt470bg/unknown/unknown), 4501x4500 [SAR 1:1 DAR 4501:4500], 25 fps, 25 tbr, 25 tbn
Stream mapping:
  Stream #0:0 -> #0:0 (mjpeg (native) -> h264 (libx264))
Press [q] to stop, [?] for help
[swscaler @ 0x7a7a68016b00] deprecated pixel format used, make sure you did set range correctly
    Last message repeated 1 times
[swscaler @ 0x7a7a68b407c0] deprecated pixel format used, make sure you did set range correctly
    Last message repeated 1 times
[vost#0:0/libx264 @ 0x63708231fac0] No information about the input framerate is available. Falling back to a default value of 25fps. Use the -r option if you want a different framerate.
[libx264 @ 0x637082315e80] using SAR=2048/4095
[libx264 @ 0x637082315e80] using cpu capabilities: MMX2 SSE2Fast SSSE3 SSE4.2 AVX FMA3 BMI2 AVX2
[libx264 @ 0x637082315e80] profile High, level 4.0, 4:2:0, 8-bit
[libx264 @ 0x637082315e80] 264 - core 164 r3108 31e19f9 - H.264/MPEG-4 AVC codec - Copyleft 2003-2023 - http://www.videolan.org/x264.html - options: cabac=1 ref=3 deblock=1:0:0 analyse=0x3:0x113 me=hex subme=7 psy=1 psy_rd=1.00:0.00 mixed_ref=1 me_range=16 chroma_me=1 trellis=1 8x8dct=1 cqm=0 deadzone=21,11 fast_pskip=1 chroma_qp_offset=-2 threads=30 lookahead_threads=5 sliced_threads=0 nr=0 decimate=1 interlaced=0 bluray_compat=0 constrained_intra=0 bframes=3 b_pyramid=2 b_adapt=1 b_bias=0 direct=1 weightb=1 open_gop=0 weightp=2 keyint=250 keyint_min=25 scenecut=40 intra_refresh=0 rc_lookahead=40 rc=crf mbtree=1 crf=23.0 qcomp=0.60 qpmin=0 qpmax=69 qpstep=4 ip_ratio=1.40 aq=1:1.00
Output #0, mp4, to './src/test/resources/output/translation/video/219.mp4':
  Metadata:
    encoder         : Lavf61.1.100
  Stream #0:0: Video: h264 (avc1 / 0x31637661), yuvj420p(pc, progressive), 2048x1024 [SAR 4501:9000 DAR 4501:4500], q=2-31, 25 fps, 12800 tbn
      Metadata:
        encoder         : Lavc61.3.100 libx264
      Side data:
        cpb: bitrate max/min/avg: 0/0/0 buffer size: 0 vbv_delay: N/A
[out#0/mp4 @ 0x63708231db40] video:32KiB audio:0KiB subtitle:0KiB other streams:0KiB global headers:0KiB muxing overhead: 2.914106%
frame=    6 fps=0.0 q=-1.0 Lsize=      33KiB time=00:00:00.16 bitrate=1682.8kbits/s dup=0 drop=19 speed=0.664x    
[libx264 @ 0x637082315e80] frame I:1     Avg QP:18.35  size: 30340
[libx264 @ 0x637082315e80] frame P:2     Avg QP:18.62  size:   450
[libx264 @ 0x637082315e80] frame B:3     Avg QP:27.26  size:   258
[libx264 @ 0x637082315e80] consecutive B-frames: 33.3%  0.0%  0.0% 66.7%
[libx264 @ 0x637082315e80] mb I  I16..4: 26.0% 63.5% 10.4%
[libx264 @ 0x637082315e80] mb P  I16..4:  0.1%  0.1%  0.0%  P16..4:  1.3%  0.2%  0.1%  0.0%  0.0%    skip:98.2%
[libx264 @ 0x637082315e80] mb B  I16..4:  0.0%  0.0%  0.0%  B16..8:  1.2%  0.1%  0.0%  direct: 0.0%  skip:98.6%  L0:29.8% L1:68.8% BI: 1.4%
[libx264 @ 0x637082315e80] 8x8 transform intra:63.5% inter:31.1%
[libx264 @ 0x637082315e80] coded y,uvDC,uvAC intra: 6.0% 10.2% 9.1% inter: 0.1% 0.0% 0.0%
[libx264 @ 0x637082315e80] i16 v,h,dc,p: 88% 12%  1%  0%
[libx264 @ 0x637082315e80] i8 v,h,dc,ddl,ddr,vr,hd,vl,hu: 44%  6% 50%  0%  0%  0%  0%  0%  0%
[libx264 @ 0x637082315e80] i4 v,h,dc,ddl,ddr,vr,hd,vl,hu: 40% 29% 10%  4%  2%  2%  4%  4%  5%
[libx264 @ 0x637082315e80] i8c dc,h,v,p: 82%  9%  8%  1%
[libx264 @ 0x637082315e80] Weighted P-Frames: Y:0.0% UV:0.0%
[libx264 @ 0x637082315e80] ref P L0: 95.6%  0.0%  2.9%  1.5%
[libx264 @ 0x637082315e80] ref B L0: 82.1% 17.9%
[libx264 @ 0x637082315e80] ref B L1: 96.5%  3.5%
[libx264 @ 0x637082315e80] kb/s:1067.10
ffmpeg version 7.0.2-3ubuntu1 Copyright (c) 2000-2024 the FFmpeg developers
  built with gcc 14 (Ubuntu 14.2.0-2ubuntu1)
  configuration: --prefix=/usr --extra-version=3ubuntu1 --toolchain=hardened --libdir=/usr/lib/x86_64-linux-gnu --incdir=/usr/include/x86_64-linux-gnu --arch=amd64 --enable-gpl --disable-stripping --disable-libmfx --disable-omx --enable-gnutls --enable-libaom --enable-libass --enable-libbs2b --enable-libcdio --enable-libcodec2 --enable-libdav1d --enable-libflite --enable-libfontconfig --enable-libfreetype --enable-libfribidi --enable-libglslang --enable-libgme --enable-libgsm --enable-libharfbuzz --enable-libmp3lame --enable-libmysofa --enable-libopenjpeg --enable-libopenmpt --enable-libopus --enable-librubberband --enable-libshine --enable-libsnappy --enable-libsoxr --enable-libspeex --enable-libtheora --enable-libtwolame --enable-libvidstab --enable-libvorbis --enable-libvpx --enable-libwebp --enable-libx265 --enable-libxml2 --enable-libxvid --enable-libzimg --enable-openal --enable-opencl --enable-opengl --disable-sndio --enable-libvpl --enable-libdc1394 --enable-libdrm --enable-libiec61883 --enable-chromaprint --enable-frei0r --enable-ladspa --enable-libbluray --enable-libcaca --enable-libdvdnav --enable-libdvdread --enable-libjack --enable-libpulse --enable-librabbitmq --enable-librist --enable-libsrt --enable-libssh --enable-libsvtav1 --enable-libx264 --enable-libzmq --enable-libzvbi --enable-lv2 --enable-sdl2 --enable-libplacebo --enable-librav1e --enable-pocketsphinx --enable-librsvg --enable-libjxl --enable-shared
  libavutil      59.  8.100 / 59.  8.100
  libavcodec     61.  3.100 / 61.  3.100
  libavformat    61.  1.100 / 61.  1.100
  libavdevice    61.  1.100 / 61.  1.100
  libavfilter    10.  1.100 / 10.  1.100
  libswscale      8.  1.100 /  8.  1.100
  libswresample   5.  1.100 /  5.  1.100
  libpostproc    58.  1.100 / 58.  1.100
Input #0, concat, from '/home/marco-lasagna/Scaricati/ffmpeg-java/inputFile.txt':
  Duration: N/A, start: 0.000000, bitrate: N/A
  Stream #0:0: Video: mjpeg (Baseline), yuvj420p(pc, bt470bg/unknown/unknown), 4501x4500 [SAR 1:1 DAR 4501:4500], 25 fps, 25 tbr, 25 tbn
Stream mapping:
  Stream #0:0 -> #0:0 (mjpeg (native) -> h264 (libx264))
Press [q] to stop, [?] for help
[swscaler @ 0x7f6564016b00] deprecated pixel format used, make sure you did set range correctly
    Last message repeated 1 times
[swscaler @ 0x7f6564b407c0] deprecated pixel format used, make sure you did set range correctly
    Last message repeated 1 times
[vost#0:0/libx264 @ 0x5fed7a288ac0] No information about the input framerate is available. Falling back to a default value of 25fps. Use the -r option if you want a different framerate.
[libx264 @ 0x5fed7a27ee80] using SAR=2048/4095
[libx264 @ 0x5fed7a27ee80] using cpu capabilities: MMX2 SSE2Fast SSSE3 SSE4.2 AVX FMA3 BMI2 AVX2
[libx264 @ 0x5fed7a27ee80] profile High, level 4.0, 4:2:0, 8-bit
[libx264 @ 0x5fed7a27ee80] 264 - core 164 r3108 31e19f9 - H.264/MPEG-4 AVC codec - Copyleft 2003-2023 - http://www.videolan.org/x264.html - options: cabac=1 ref=3 deblock=1:0:0 analyse=0x3:0x113 me=hex subme=7 psy=1 psy_rd=1.00:0.00 mixed_ref=1 me_range=16 chroma_me=1 trellis=1 8x8dct=1 cqm=0 deadzone=21,11 fast_pskip=1 chroma_qp_offset=-2 threads=30 lookahead_threads=5 sliced_threads=0 nr=0 decimate=1 interlaced=0 bluray_compat=0 constrained_intra=0 bframes=3 b_pyramid=2 b_adapt=1 b_bias=0 direct=1 weightb=1 open_gop=0 weightp=2 keyint=250 keyint_min=25 scenecut=40 intra_refresh=0 rc_lookahead=40 rc=crf mbtree=1 crf=23.0 qcomp=0.60 qpmin=0 qpmax=69 qpstep=4 ip_ratio=1.40 aq=1:1.00
Output #0, mp4, to './src/test/resources/output/translation/video/229.mp4':
  Metadata:
    encoder         : Lavf61.1.100
  Stream #0:0: Video: h264 (avc1 / 0x31637661), yuvj420p(pc, progressive), 2048x1024 [SAR 4501:9000 DAR 4501:4500], q=2-31, 25 fps, 12800 tbn
      Metadata:
        encoder         : Lavc61.3.100 libx264
      Side data:
        cpb: bitrate max/min/avg: 0/0/0 buffer size: 0 vbv_delay: N/A
[out#0/mp4 @ 0x5fed7a286b40] video:32KiB audio:0KiB subtitle:0KiB other streams:0KiB global headers:0KiB muxing overhead: 2.928883%
frame=    6 fps=0.0 q=-1.0 Lsize=      33KiB time=00:00:00.16 bitrate=1674.5kbits/s dup=0 drop=19 speed=0.639x    
[libx264 @ 0x5fed7a27ee80] frame I:1     Avg QP:18.51  size: 30253
[libx264 @ 0x5fed7a27ee80] frame P:2     Avg QP:16.26  size:   434
[libx264 @ 0x5fed7a27ee80] frame B:3     Avg QP:18.90  size:   242
[libx264 @ 0x5fed7a27ee80] consecutive B-frames: 33.3%  0.0%  0.0% 66.7%
[libx264 @ 0x5fed7a27ee80] mb I  I16..4: 26.0% 63.6% 10.4%
[libx264 @ 0x5fed7a27ee80] mb P  I16..4:  0.2%  0.1%  0.0%  P16..4:  0.7%  0.2%  0.1%  0.0%  0.0%    skip:98.7%
[libx264 @ 0x5fed7a27ee80] mb B  I16..4:  0.0%  0.0%  0.0%  B16..8:  1.2%  0.1%  0.0%  direct: 0.0%  skip:98.6%  L0:25.2% L1:73.0% BI: 1.8%
[libx264 @ 0x5fed7a27ee80] 8x8 transform intra:63.3% inter:30.4%
[libx264 @ 0x5fed7a27ee80] coded y,uvDC,uvAC intra: 6.0% 10.1% 9.1% inter: 0.1% 0.0% 0.0%
[libx264 @ 0x5fed7a27ee80] i16 v,h,dc,p: 87% 12%  1%  0%
[libx264 @ 0x5fed7a27ee80] i8 v,h,dc,ddl,ddr,vr,hd,vl,hu: 43%  7% 50%  0%  0%  0%  0%  0%  0%
[libx264 @ 0x5fed7a27ee80] i4 v,h,dc,ddl,ddr,vr,hd,vl,hu: 39% 30%  9%  4%  2%  2%  4%  4%  5%
[libx264 @ 0x5fed7a27ee80] i8c dc,h,v,p: 82%  9%  8%  1%
[libx264 @ 0x5fed7a27ee80] Weighted P-Frames: Y:0.0% UV:0.0%
[libx264 @ 0x5fed7a27ee80] ref P L0: 96.0%  0.7%  1.3%  2.0%
[libx264 @ 0x5fed7a27ee80] ref B L0: 85.4% 14.6%
[libx264 @ 0x5fed7a27ee80] ref B L1: 93.8%  6.2%
[libx264 @ 0x5fed7a27ee80] kb/s:1061.60
ffmpeg version 7.0.2-3ubuntu1 Copyright (c) 2000-2024 the FFmpeg developers
  built with gcc 14 (Ubuntu 14.2.0-2ubuntu1)
  configuration: --prefix=/usr --extra-version=3ubuntu1 --toolchain=hardened --libdir=/usr/lib/x86_64-linux-gnu --incdir=/usr/include/x86_64-linux-gnu --arch=amd64 --enable-gpl --disable-stripping --disable-libmfx --disable-omx --enable-gnutls --enable-libaom --enable-libass --enable-libbs2b --enable-libcdio --enable-libcodec2 --enable-libdav1d --enable-libflite --enable-libfontconfig --enable-libfreetype --enable-libfribidi --enable-libglslang --enable-libgme --enable-libgsm --enable-libharfbuzz --enable-libmp3lame --enable-libmysofa --enable-libopenjpeg --enable-libopenmpt --enable-libopus --enable-librubberband --enable-libshine --enable-libsnappy --enable-libsoxr --enable-libspeex --enable-libtheora --enable-libtwolame --enable-libvidstab --enable-libvorbis --enable-libvpx --enable-libwebp --enable-libx265 --enable-libxml2 --enable-libxvid --enable-libzimg --enable-openal --enable-opencl --enable-opengl --disable-sndio --enable-libvpl --enable-libdc1394 --enable-libdrm --enable-libiec61883 --enable-chromaprint --enable-frei0r --enable-ladspa --enable-libbluray --enable-libcaca --enable-libdvdnav --enable-libdvdread --enable-libjack --enable-libpulse --enable-librabbitmq --enable-librist --enable-libsrt --enable-libssh --enable-libsvtav1 --enable-libx264 --enable-libzmq --enable-libzvbi --enable-lv2 --enable-sdl2 --enable-libplacebo --enable-librav1e --enable-pocketsphinx --enable-librsvg --enable-libjxl --enable-shared
  libavutil      59.  8.100 / 59.  8.100
  libavcodec     61.  3.100 / 61.  3.100
  libavformat    61.  1.100 / 61.  1.100
  libavdevice    61.  1.100 / 61.  1.100
  libavfilter    10.  1.100 / 10.  1.100
  libswscale      8.  1.100 /  8.  1.100
  libswresample   5.  1.100 /  5.  1.100
  libpostproc    58.  1.100 / 58.  1.100
Input #0, concat, from '/home/marco-lasagna/Scaricati/ffmpeg-java/inputFile.txt':
  Duration: N/A, start: 0.000000, bitrate: N/A
  Stream #0:0: Video: mjpeg (Baseline), yuvj420p(pc, bt470bg/unknown/unknown), 4501x4500 [SAR 1:1 DAR 4501:4500], 25 fps, 25 tbr, 25 tbn
Stream mapping:
  Stream #0:0 -> #0:0 (mjpeg (native) -> h264 (libx264))
Press [q] to stop, [?] for help
[swscaler @ 0x740868016b00] deprecated pixel format used, make sure you did set range correctly
    Last message repeated 1 times
[swscaler @ 0x740868b407c0] deprecated pixel format used, make sure you did set range correctly
    Last message repeated 1 times
[vost#0:0/libx264 @ 0x59d69d318ac0] No information about the input framerate is available. Falling back to a default value of 25fps. Use the -r option if you want a different framerate.
[libx264 @ 0x59d69d30ee80] using SAR=2048/4095
[libx264 @ 0x59d69d30ee80] using cpu capabilities: MMX2 SSE2Fast SSSE3 SSE4.2 AVX FMA3 BMI2 AVX2
[libx264 @ 0x59d69d30ee80] profile High, level 4.0, 4:2:0, 8-bit
[libx264 @ 0x59d69d30ee80] 264 - core 164 r3108 31e19f9 - H.264/MPEG-4 AVC codec - Copyleft 2003-2023 - http://www.videolan.org/x264.html - options: cabac=1 ref=3 deblock=1:0:0 analyse=0x3:0x113 me=hex subme=7 psy=1 psy_rd=1.00:0.00 mixed_ref=1 me_range=16 chroma_me=1 trellis=1 8x8dct=1 cqm=0 deadzone=21,11 fast_pskip=1 chroma_qp_offset=-2 threads=30 lookahead_threads=5 sliced_threads=0 nr=0 decimate=1 interlaced=0 bluray_compat=0 constrained_intra=0 bframes=3 b_pyramid=2 b_adapt=1 b_bias=0 direct=1 weightb=1 open_gop=0 weightp=2 keyint=250 keyint_min=25 scenecut=40 intra_refresh=0 rc_lookahead=40 rc=crf mbtree=1 crf=23.0 qcomp=0.60 qpmin=0 qpmax=69 qpstep=4 ip_ratio=1.40 aq=1:1.00
Output #0, mp4, to './src/test/resources/output/translation/video/239.mp4':
  Metadata:
    encoder         : Lavf61.1.100
  Stream #0:0: Video: h264 (avc1 / 0x31637661), yuvj420p(pc, progressive), 2048x1024 [SAR 4501:9000 DAR 4501:4500], q=2-31, 25 fps, 12800 tbn
      Metadata:
        encoder         : Lavc61.3.100 libx264
      Side data:
        cpb: bitrate max/min/avg: 0/0/0 buffer size: 0 vbv_delay: N/A
[out#0/mp4 @ 0x59d69d316b40] video:32KiB audio:0KiB subtitle:0KiB other streams:0KiB global headers:0KiB muxing overhead: 2.916603%
frame=    6 fps=0.0 q=-1.0 Lsize=      33KiB time=00:00:00.16 bitrate=1681.4kbits/s dup=0 drop=19 speed=0.621x    
[libx264 @ 0x59d69d30ee80] frame I:1     Avg QP:18.69  size: 30238
[libx264 @ 0x59d69d30ee80] frame P:2     Avg QP:18.93  size:   470
[libx264 @ 0x59d69d30ee80] frame B:3     Avg QP:25.91  size:   269
[libx264 @ 0x59d69d30ee80] consecutive B-frames: 33.3%  0.0%  0.0% 66.7%
[libx264 @ 0x59d69d30ee80] mb I  I16..4: 25.5% 64.3% 10.3%
[libx264 @ 0x59d69d30ee80] mb P  I16..4:  0.1%  0.1%  0.0%  P16..4:  1.2%  0.2%  0.0%  0.0%  0.0%    skip:98.4%
[libx264 @ 0x59d69d30ee80] mb B  I16..4:  0.0%  0.0%  0.0%  B16..8:  1.2%  0.1%  0.0%  direct: 0.0%  skip:98.6%  L0:29.2% L1:68.8% BI: 1.9%
[libx264 @ 0x59d69d30ee80] 8x8 transform intra:64.2% inter:30.3%
[libx264 @ 0x59d69d30ee80] coded y,uvDC,uvAC intra: 5.9% 10.2% 9.1% inter: 0.1% 0.0% 0.0%
[libx264 @ 0x59d69d30ee80] i16 v,h,dc,p: 88% 12%  1%  0%
[libx264 @ 0x59d69d30ee80] i8 v,h,dc,ddl,ddr,vr,hd,vl,hu: 58%  9% 33%  0%  0%  0%  0%  0%  0%
[libx264 @ 0x59d69d30ee80] i4 v,h,dc,ddl,ddr,vr,hd,vl,hu: 40% 30%  9%  4%  2%  2%  4%  4%  5%
[libx264 @ 0x59d69d30ee80] i8c dc,h,v,p: 82%  9%  8%  1%
[libx264 @ 0x59d69d30ee80] Weighted P-Frames: Y:0.0% UV:0.0%
[libx264 @ 0x59d69d30ee80] ref P L0: 96.7%  0.0%  1.2%  2.2%
[libx264 @ 0x59d69d30ee80] ref B L0: 81.5% 18.5%
[libx264 @ 0x59d69d30ee80] ref B L1: 95.3%  4.7%
[libx264 @ 0x59d69d30ee80] kb/s:1066.17
ffmpeg version 7.0.2-3ubuntu1 Copyright (c) 2000-2024 the FFmpeg developers
  built with gcc 14 (Ubuntu 14.2.0-2ubuntu1)
  configuration: --prefix=/usr --extra-version=3ubuntu1 --toolchain=hardened --libdir=/usr/lib/x86_64-linux-gnu --incdir=/usr/include/x86_64-linux-gnu --arch=amd64 --enable-gpl --disable-stripping --disable-libmfx --disable-omx --enable-gnutls --enable-libaom --enable-libass --enable-libbs2b --enable-libcdio --enable-libcodec2 --enable-libdav1d --enable-libflite --enable-libfontconfig --enable-libfreetype --enable-libfribidi --enable-libglslang --enable-libgme --enable-libgsm --enable-libharfbuzz --enable-libmp3lame --enable-libmysofa --enable-libopenjpeg --enable-libopenmpt --enable-libopus --enable-librubberband --enable-libshine --enable-libsnappy --enable-libsoxr --enable-libspeex --enable-libtheora --enable-libtwolame --enable-libvidstab --enable-libvorbis --enable-libvpx --enable-libwebp --enable-libx265 --enable-libxml2 --enable-libxvid --enable-libzimg --enable-openal --enable-opencl --enable-opengl --disable-sndio --enable-libvpl --enable-libdc1394 --enable-libdrm --enable-libiec61883 --enable-chromaprint --enable-frei0r --enable-ladspa --enable-libbluray --enable-libcaca --enable-libdvdnav --enable-libdvdread --enable-libjack --enable-libpulse --enable-librabbitmq --enable-librist --enable-libsrt --enable-libssh --enable-libsvtav1 --enable-libx264 --enable-libzmq --enable-libzvbi --enable-lv2 --enable-sdl2 --enable-libplacebo --enable-librav1e --enable-pocketsphinx --enable-librsvg --enable-libjxl --enable-shared
  libavutil      59.  8.100 / 59.  8.100
  libavcodec     61.  3.100 / 61.  3.100
  libavformat    61.  1.100 / 61.  1.100
  libavdevice    61.  1.100 / 61.  1.100
  libavfilter    10.  1.100 / 10.  1.100
  libswscale      8.  1.100 /  8.  1.100
  libswresample   5.  1.100 /  5.  1.100
  libpostproc    58.  1.100 / 58.  1.100
Input #0, concat, from '/home/marco-lasagna/Scaricati/ffmpeg-java/inputFile.txt':
  Duration: N/A, start: 0.000000, bitrate: N/A
  Stream #0:0: Video: mjpeg (Baseline), yuvj420p(pc, bt470bg/unknown/unknown), 4501x4500 [SAR 1:1 DAR 4501:4500], 25 fps, 25 tbr, 25 tbn
Stream mapping:
  Stream #0:0 -> #0:0 (mjpeg (native) -> h264 (libx264))
Press [q] to stop, [?] for help
[swscaler @ 0x7f46e4016b00] deprecated pixel format used, make sure you did set range correctly
    Last message repeated 1 times
[swscaler @ 0x7f46e4b407c0] deprecated pixel format used, make sure you did set range correctly
    Last message repeated 1 times
[vost#0:0/libx264 @ 0x5f5d7e3b2ac0] No information about the input framerate is available. Falling back to a default value of 25fps. Use the -r option if you want a different framerate.
[libx264 @ 0x5f5d7e3a8e80] using SAR=2048/4095
[libx264 @ 0x5f5d7e3a8e80] using cpu capabilities: MMX2 SSE2Fast SSSE3 SSE4.2 AVX FMA3 BMI2 AVX2
[libx264 @ 0x5f5d7e3a8e80] profile High, level 4.0, 4:2:0, 8-bit
[libx264 @ 0x5f5d7e3a8e80] 264 - core 164 r3108 31e19f9 - H.264/MPEG-4 AVC codec - Copyleft 2003-2023 - http://www.videolan.org/x264.html - options: cabac=1 ref=3 deblock=1:0:0 analyse=0x3:0x113 me=hex subme=7 psy=1 psy_rd=1.00:0.00 mixed_ref=1 me_range=16 chroma_me=1 trellis=1 8x8dct=1 cqm=0 deadzone=21,11 fast_pskip=1 chroma_qp_offset=-2 threads=30 lookahead_threads=5 sliced_threads=0 nr=0 decimate=1 interlaced=0 bluray_compat=0 constrained_intra=0 bframes=3 b_pyramid=2 b_adapt=1 b_bias=0 direct=1 weightb=1 open_gop=0 weightp=2 keyint=250 keyint_min=25 scenecut=40 intra_refresh=0 rc_lookahead=40 rc=crf mbtree=1 crf=23.0 qcomp=0.60 qpmin=0 qpmax=69 qpstep=4 ip_ratio=1.40 aq=1:1.00
Output #0, mp4, to './src/test/resources/output/translation/video/249.mp4':
  Metadata:
    encoder         : Lavf61.1.100
  Stream #0:0: Video: h264 (avc1 / 0x31637661), yuvj420p(pc, progressive), 2048x1024 [SAR 4501:9000 DAR 4501:4500], q=2-31, 25 fps, 12800 tbn
      Metadata:
        encoder         : Lavc61.3.100 libx264
      Side data:
        cpb: bitrate max/min/avg: 0/0/0 buffer size: 0 vbv_delay: N/A
[out#0/mp4 @ 0x5f5d7e3b0b40] video:32KiB audio:0KiB subtitle:0KiB other streams:0KiB global headers:0KiB muxing overhead: 2.916246%
frame=    6 fps=0.0 q=-1.0 Lsize=      33KiB time=00:00:00.16 bitrate=1681.6kbits/s dup=0 drop=19 speed=0.676x    
[libx264 @ 0x5f5d7e3a8e80] frame I:1     Avg QP:18.42  size: 30270
[libx264 @ 0x5f5d7e3a8e80] frame P:2     Avg QP:19.02  size:   449
[libx264 @ 0x5f5d7e3a8e80] frame B:3     Avg QP:24.13  size:   274
[libx264 @ 0x5f5d7e3a8e80] consecutive B-frames: 33.3%  0.0%  0.0% 66.7%
[libx264 @ 0x5f5d7e3a8e80] mb I  I16..4: 16.6% 73.1% 10.3%
[libx264 @ 0x5f5d7e3a8e80] mb P  I16..4:  0.1%  0.1%  0.0%  P16..4:  1.1%  0.2%  0.0%  0.0%  0.0%    skip:98.5%
[libx264 @ 0x5f5d7e3a8e80] mb B  I16..4:  0.0%  0.0%  0.0%  B16..8:  1.1%  0.1%  0.0%  direct: 0.0%  skip:98.7%  L0:59.0% L1:38.7% BI: 2.3%
[libx264 @ 0x5f5d7e3a8e80] 8x8 transform intra:73.0% inter:48.1%
[libx264 @ 0x5f5d7e3a8e80] coded y,uvDC,uvAC intra: 5.9% 10.2% 9.1% inter: 0.1% 0.0% 0.0%
[libx264 @ 0x5f5d7e3a8e80] i16 v,h,dc,p: 82% 17%  1%  0%
[libx264 @ 0x5f5d7e3a8e80] i8 v,h,dc,ddl,ddr,vr,hd,vl,hu: 56% 10% 33%  0%  0%  0%  0%  0%  0%
[libx264 @ 0x5f5d7e3a8e80] i4 v,h,dc,ddl,ddr,vr,hd,vl,hu: 40% 30%  9%  4%  2%  2%  4%  4%  5%
[libx264 @ 0x5f5d7e3a8e80] i8c dc,h,v,p: 82%  9%  8%  1%
[libx264 @ 0x5f5d7e3a8e80] Weighted P-Frames: Y:0.0% UV:0.0%
[libx264 @ 0x5f5d7e3a8e80] ref P L0: 93.5%  1.6%  0.0%  4.8%
[libx264 @ 0x5f5d7e3a8e80] ref B L0: 90.4%  9.6%
[libx264 @ 0x5f5d7e3a8e80] ref B L1: 95.9%  4.1%
[libx264 @ 0x5f5d7e3a8e80] kb/s:1066.30
ffmpeg version 7.0.2-3ubuntu1 Copyright (c) 2000-2024 the FFmpeg developers
  built with gcc 14 (Ubuntu 14.2.0-2ubuntu1)
  configuration: --prefix=/usr --extra-version=3ubuntu1 --toolchain=hardened --libdir=/usr/lib/x86_64-linux-gnu --incdir=/usr/include/x86_64-linux-gnu --arch=amd64 --enable-gpl --disable-stripping --disable-libmfx --disable-omx --enable-gnutls --enable-libaom --enable-libass --enable-libbs2b --enable-libcdio --enable-libcodec2 --enable-libdav1d --enable-libflite --enable-libfontconfig --enable-libfreetype --enable-libfribidi --enable-libglslang --enable-libgme --enable-libgsm --enable-libharfbuzz --enable-libmp3lame --enable-libmysofa --enable-libopenjpeg --enable-libopenmpt --enable-libopus --enable-librubberband --enable-libshine --enable-libsnappy --enable-libsoxr --enable-libspeex --enable-libtheora --enable-libtwolame --enable-libvidstab --enable-libvorbis --enable-libvpx --enable-libwebp --enable-libx265 --enable-libxml2 --enable-libxvid --enable-libzimg --enable-openal --enable-opencl --enable-opengl --disable-sndio --enable-libvpl --enable-libdc1394 --enable-libdrm --enable-libiec61883 --enable-chromaprint --enable-frei0r --enable-ladspa --enable-libbluray --enable-libcaca --enable-libdvdnav --enable-libdvdread --enable-libjack --enable-libpulse --enable-librabbitmq --enable-librist --enable-libsrt --enable-libssh --enable-libsvtav1 --enable-libx264 --enable-libzmq --enable-libzvbi --enable-lv2 --enable-sdl2 --enable-libplacebo --enable-librav1e --enable-pocketsphinx --enable-librsvg --enable-libjxl --enable-shared
  libavutil      59.  8.100 / 59.  8.100
  libavcodec     61.  3.100 / 61.  3.100
  libavformat    61.  1.100 / 61.  1.100
  libavdevice    61.  1.100 / 61.  1.100
  libavfilter    10.  1.100 / 10.  1.100
  libswscale      8.  1.100 /  8.  1.100
  libswresample   5.  1.100 /  5.  1.100
  libpostproc    58.  1.100 / 58.  1.100
Input #0, concat, from '/home/marco-lasagna/Scaricati/ffmpeg-java/inputFile.txt':
  Duration: N/A, start: 0.000000, bitrate: N/A
  Stream #0:0: Video: mjpeg (Baseline), yuvj420p(pc, bt470bg/unknown/unknown), 4501x4500 [SAR 1:1 DAR 4501:4500], 25 fps, 25 tbr, 25 tbn
Stream mapping:
  Stream #0:0 -> #0:0 (mjpeg (native) -> h264 (libx264))
Press [q] to stop, [?] for help
[swscaler @ 0x72141c016b00] deprecated pixel format used, make sure you did set range correctly
    Last message repeated 1 times
[swscaler @ 0x72141cb407c0] deprecated pixel format used, make sure you did set range correctly
    Last message repeated 1 times
[vost#0:0/libx264 @ 0x5c98610d3ac0] No information about the input framerate is available. Falling back to a default value of 25fps. Use the -r option if you want a different framerate.
[libx264 @ 0x5c98610c9e80] using SAR=2048/4095
[libx264 @ 0x5c98610c9e80] using cpu capabilities: MMX2 SSE2Fast SSSE3 SSE4.2 AVX FMA3 BMI2 AVX2
[libx264 @ 0x5c98610c9e80] profile High, level 4.0, 4:2:0, 8-bit
[libx264 @ 0x5c98610c9e80] 264 - core 164 r3108 31e19f9 - H.264/MPEG-4 AVC codec - Copyleft 2003-2023 - http://www.videolan.org/x264.html - options: cabac=1 ref=3 deblock=1:0:0 analyse=0x3:0x113 me=hex subme=7 psy=1 psy_rd=1.00:0.00 mixed_ref=1 me_range=16 chroma_me=1 trellis=1 8x8dct=1 cqm=0 deadzone=21,11 fast_pskip=1 chroma_qp_offset=-2 threads=30 lookahead_threads=5 sliced_threads=0 nr=0 decimate=1 interlaced=0 bluray_compat=0 constrained_intra=0 bframes=3 b_pyramid=2 b_adapt=1 b_bias=0 direct=1 weightb=1 open_gop=0 weightp=2 keyint=250 keyint_min=25 scenecut=40 intra_refresh=0 rc_lookahead=40 rc=crf mbtree=1 crf=23.0 qcomp=0.60 qpmin=0 qpmax=69 qpstep=4 ip_ratio=1.40 aq=1:1.00
Output #0, mp4, to './src/test/resources/output/translation/video/259.mp4':
  Metadata:
    encoder         : Lavf61.1.100
  Stream #0:0: Video: h264 (avc1 / 0x31637661), yuvj420p(pc, progressive), 2048x1024 [SAR 4501:9000 DAR 4501:4500], q=2-31, 25 fps, 12800 tbn
      Metadata:
        encoder         : Lavc61.3.100 libx264
      Side data:
        cpb: bitrate max/min/avg: 0/0/0 buffer size: 0 vbv_delay: N/A
[out#0/mp4 @ 0x5c98610d1b40] video:32KiB audio:0KiB subtitle:0KiB other streams:0KiB global headers:0KiB muxing overhead: 2.922416%
frame=    6 fps=0.0 q=-1.0 Lsize=      33KiB time=00:00:00.16 bitrate=1678.2kbits/s dup=0 drop=19 speed=0.645x    
[libx264 @ 0x5c98610c9e80] frame I:1     Avg QP:18.54  size: 30195
[libx264 @ 0x5c98610c9e80] frame P:2     Avg QP:17.85  size:   451
[libx264 @ 0x5c98610c9e80] frame B:3     Avg QP:24.57  size:   274
[libx264 @ 0x5c98610c9e80] consecutive B-frames: 33.3%  0.0%  0.0% 66.7%
[libx264 @ 0x5c98610c9e80] mb I  I16..4: 25.6% 64.1% 10.3%
[libx264 @ 0x5c98610c9e80] mb P  I16..4:  0.1%  0.2%  0.0%  P16..4:  1.3%  0.2%  0.0%  0.0%  0.0%    skip:98.2%
[libx264 @ 0x5c98610c9e80] mb B  I16..4:  0.0%  0.0%  0.0%  B16..8:  1.4%  0.1%  0.0%  direct: 0.0%  skip:98.4%  L0:41.2% L1:57.1% BI: 1.7%
[libx264 @ 0x5c98610c9e80] 8x8 transform intra:64.1% inter:38.3%
[libx264 @ 0x5c98610c9e80] coded y,uvDC,uvAC intra: 6.0% 10.1% 9.1% inter: 0.1% 0.0% 0.0%
[libx264 @ 0x5c98610c9e80] i16 v,h,dc,p: 87% 12%  1%  0%
[libx264 @ 0x5c98610c9e80] i8 v,h,dc,ddl,ddr,vr,hd,vl,hu: 57%  9% 33%  0%  0%  0%  0%  0%  0%
[libx264 @ 0x5c98610c9e80] i4 v,h,dc,ddl,ddr,vr,hd,vl,hu: 39% 29% 10%  4%  2%  2%  4%  4%  5%
[libx264 @ 0x5c98610c9e80] i8c dc,h,v,p: 82%  9%  8%  1%
[libx264 @ 0x5c98610c9e80] Weighted P-Frames: Y:0.0% UV:0.0%
[libx264 @ 0x5c98610c9e80] ref P L0: 97.2%  0.4%  0.8%  1.6%
[libx264 @ 0x5c98610c9e80] ref B L0: 91.1%  8.9%
[libx264 @ 0x5c98610c9e80] ref B L1: 94.1%  5.9%
[libx264 @ 0x5c98610c9e80] kb/s:1064.00
ffmpeg version 7.0.2-3ubuntu1 Copyright (c) 2000-2024 the FFmpeg developers
  built with gcc 14 (Ubuntu 14.2.0-2ubuntu1)
  configuration: --prefix=/usr --extra-version=3ubuntu1 --toolchain=hardened --libdir=/usr/lib/x86_64-linux-gnu --incdir=/usr/include/x86_64-linux-gnu --arch=amd64 --enable-gpl --disable-stripping --disable-libmfx --disable-omx --enable-gnutls --enable-libaom --enable-libass --enable-libbs2b --enable-libcdio --enable-libcodec2 --enable-libdav1d --enable-libflite --enable-libfontconfig --enable-libfreetype --enable-libfribidi --enable-libglslang --enable-libgme --enable-libgsm --enable-libharfbuzz --enable-libmp3lame --enable-libmysofa --enable-libopenjpeg --enable-libopenmpt --enable-libopus --enable-librubberband --enable-libshine --enable-libsnappy --enable-libsoxr --enable-libspeex --enable-libtheora --enable-libtwolame --enable-libvidstab --enable-libvorbis --enable-libvpx --enable-libwebp --enable-libx265 --enable-libxml2 --enable-libxvid --enable-libzimg --enable-openal --enable-opencl --enable-opengl --disable-sndio --enable-libvpl --enable-libdc1394 --enable-libdrm --enable-libiec61883 --enable-chromaprint --enable-frei0r --enable-ladspa --enable-libbluray --enable-libcaca --enable-libdvdnav --enable-libdvdread --enable-libjack --enable-libpulse --enable-librabbitmq --enable-librist --enable-libsrt --enable-libssh --enable-libsvtav1 --enable-libx264 --enable-libzmq --enable-libzvbi --enable-lv2 --enable-sdl2 --enable-libplacebo --enable-librav1e --enable-pocketsphinx --enable-librsvg --enable-libjxl --enable-shared
  libavutil      59.  8.100 / 59.  8.100
  libavcodec     61.  3.100 / 61.  3.100
  libavformat    61.  1.100 / 61.  1.100
  libavdevice    61.  1.100 / 61.  1.100
  libavfilter    10.  1.100 / 10.  1.100
  libswscale      8.  1.100 /  8.  1.100
  libswresample   5.  1.100 /  5.  1.100
  libpostproc    58.  1.100 / 58.  1.100
Input #0, concat, from '/home/marco-lasagna/Scaricati/ffmpeg-java/inputFile.txt':
  Duration: N/A, start: 0.000000, bitrate: N/A
  Stream #0:0: Video: mjpeg (Baseline), yuvj420p(pc, bt470bg/unknown/unknown), 4501x4500 [SAR 1:1 DAR 4501:4500], 25 fps, 25 tbr, 25 tbn
Stream mapping:
  Stream #0:0 -> #0:0 (mjpeg (native) -> h264 (libx264))
Press [q] to stop, [?] for help
[swscaler @ 0x784040016b00] deprecated pixel format used, make sure you did set range correctly
    Last message repeated 1 times
[swscaler @ 0x784040b407c0] deprecated pixel format used, make sure you did set range correctly
    Last message repeated 1 times
[vost#0:0/libx264 @ 0x643c0cd9eac0] No information about the input framerate is available. Falling back to a default value of 25fps. Use the -r option if you want a different framerate.
[libx264 @ 0x643c0cd94e80] using SAR=2048/4095
[libx264 @ 0x643c0cd94e80] using cpu capabilities: MMX2 SSE2Fast SSSE3 SSE4.2 AVX FMA3 BMI2 AVX2
[libx264 @ 0x643c0cd94e80] profile High, level 4.0, 4:2:0, 8-bit
[libx264 @ 0x643c0cd94e80] 264 - core 164 r3108 31e19f9 - H.264/MPEG-4 AVC codec - Copyleft 2003-2023 - http://www.videolan.org/x264.html - options: cabac=1 ref=3 deblock=1:0:0 analyse=0x3:0x113 me=hex subme=7 psy=1 psy_rd=1.00:0.00 mixed_ref=1 me_range=16 chroma_me=1 trellis=1 8x8dct=1 cqm=0 deadzone=21,11 fast_pskip=1 chroma_qp_offset=-2 threads=30 lookahead_threads=5 sliced_threads=0 nr=0 decimate=1 interlaced=0 bluray_compat=0 constrained_intra=0 bframes=3 b_pyramid=2 b_adapt=1 b_bias=0 direct=1 weightb=1 open_gop=0 weightp=2 keyint=250 keyint_min=25 scenecut=40 intra_refresh=0 rc_lookahead=40 rc=crf mbtree=1 crf=23.0 qcomp=0.60 qpmin=0 qpmax=69 qpstep=4 ip_ratio=1.40 aq=1:1.00
Output #0, mp4, to './src/test/resources/output/translation/video/269.mp4':
  Metadata:
    encoder         : Lavf61.1.100
  Stream #0:0: Video: h264 (avc1 / 0x31637661), yuvj420p(pc, progressive), 2048x1024 [SAR 4501:9000 DAR 4501:4500], q=2-31, 25 fps, 12800 tbn
      Metadata:
        encoder         : Lavc61.3.100 libx264
      Side data:
        cpb: bitrate max/min/avg: 0/0/0 buffer size: 0 vbv_delay: N/A
[out#0/mp4 @ 0x643c0cd9cb40] video:32KiB audio:0KiB subtitle:0KiB other streams:0KiB global headers:0KiB muxing overhead: 2.919999%
frame=    6 fps=0.0 q=-1.0 Lsize=      33KiB time=00:00:00.16 bitrate=1679.5kbits/s dup=0 drop=19 speed=0.662x    
[libx264 @ 0x643c0cd94e80] frame I:1     Avg QP:18.86  size: 30222
[libx264 @ 0x643c0cd94e80] frame P:2     Avg QP:18.82  size:   472
[libx264 @ 0x643c0cd94e80] frame B:3     Avg QP:25.51  size:   260
[libx264 @ 0x643c0cd94e80] consecutive B-frames: 33.3%  0.0%  0.0% 66.7%
[libx264 @ 0x643c0cd94e80] mb I  I16..4: 25.6% 64.0% 10.4%
[libx264 @ 0x643c0cd94e80] mb P  I16..4:  0.1%  0.1%  0.0%  P16..4:  1.2%  0.2%  0.1%  0.0%  0.0%    skip:98.3%
[libx264 @ 0x643c0cd94e80] mb B  I16..4:  0.0%  0.0%  0.0%  B16..8:  1.1%  0.1%  0.0%  direct: 0.0%  skip:98.7%  L0:56.8% L1:39.8% BI: 3.5%
[libx264 @ 0x643c0cd94e80] 8x8 transform intra:64.0% inter:36.0%
[libx264 @ 0x643c0cd94e80] coded y,uvDC,uvAC intra: 5.9% 10.2% 9.1% inter: 0.1% 0.0% 0.0%
[libx264 @ 0x643c0cd94e80] i16 v,h,dc,p: 87% 12%  1%  0%
[libx264 @ 0x643c0cd94e80] i8 v,h,dc,ddl,ddr,vr,hd,vl,hu: 62%  9% 29%  0%  0%  0%  0%  0%  0%
[libx264 @ 0x643c0cd94e80] i4 v,h,dc,ddl,ddr,vr,hd,vl,hu: 41% 29%  9%  4%  2%  2%  4%  4%  5%
[libx264 @ 0x643c0cd94e80] i8c dc,h,v,p: 82%  9%  8%  1%
[libx264 @ 0x643c0cd94e80] Weighted P-Frames: Y:0.0% UV:0.0%
[libx264 @ 0x643c0cd94e80] ref P L0: 96.4%  0.2%  0.4%  2.9%
[libx264 @ 0x643c0cd94e80] ref B L0: 88.3% 11.7%
[libx264 @ 0x643c0cd94e80] ref B L1: 92.2%  7.8%
[libx264 @ 0x643c0cd94e80] kb/s:1064.90
ffmpeg version 7.0.2-3ubuntu1 Copyright (c) 2000-2024 the FFmpeg developers
  built with gcc 14 (Ubuntu 14.2.0-2ubuntu1)
  configuration: --prefix=/usr --extra-version=3ubuntu1 --toolchain=hardened --libdir=/usr/lib/x86_64-linux-gnu --incdir=/usr/include/x86_64-linux-gnu --arch=amd64 --enable-gpl --disable-stripping --disable-libmfx --disable-omx --enable-gnutls --enable-libaom --enable-libass --enable-libbs2b --enable-libcdio --enable-libcodec2 --enable-libdav1d --enable-libflite --enable-libfontconfig --enable-libfreetype --enable-libfribidi --enable-libglslang --enable-libgme --enable-libgsm --enable-libharfbuzz --enable-libmp3lame --enable-libmysofa --enable-libopenjpeg --enable-libopenmpt --enable-libopus --enable-librubberband --enable-libshine --enable-libsnappy --enable-libsoxr --enable-libspeex --enable-libtheora --enable-libtwolame --enable-libvidstab --enable-libvorbis --enable-libvpx --enable-libwebp --enable-libx265 --enable-libxml2 --enable-libxvid --enable-libzimg --enable-openal --enable-opencl --enable-opengl --disable-sndio --enable-libvpl --enable-libdc1394 --enable-libdrm --enable-libiec61883 --enable-chromaprint --enable-frei0r --enable-ladspa --enable-libbluray --enable-libcaca --enable-libdvdnav --enable-libdvdread --enable-libjack --enable-libpulse --enable-librabbitmq --enable-librist --enable-libsrt --enable-libssh --enable-libsvtav1 --enable-libx264 --enable-libzmq --enable-libzvbi --enable-lv2 --enable-sdl2 --enable-libplacebo --enable-librav1e --enable-pocketsphinx --enable-librsvg --enable-libjxl --enable-shared
  libavutil      59.  8.100 / 59.  8.100
  libavcodec     61.  3.100 / 61.  3.100
  libavformat    61.  1.100 / 61.  1.100
  libavdevice    61.  1.100 / 61.  1.100
  libavfilter    10.  1.100 / 10.  1.100
  libswscale      8.  1.100 /  8.  1.100
  libswresample   5.  1.100 /  5.  1.100
  libpostproc    58.  1.100 / 58.  1.100
Input #0, concat, from '/home/marco-lasagna/Scaricati/ffmpeg-java/inputFile.txt':
  Duration: N/A, start: 0.000000, bitrate: N/A
  Stream #0:0: Video: mjpeg (Baseline), yuvj420p(pc, bt470bg/unknown/unknown), 4501x4500 [SAR 1:1 DAR 4501:4500], 25 fps, 25 tbr, 25 tbn
Stream mapping:
  Stream #0:0 -> #0:0 (mjpeg (native) -> h264 (libx264))
Press [q] to stop, [?] for help
[swscaler @ 0x731f0c016b00] deprecated pixel format used, make sure you did set range correctly
    Last message repeated 1 times
[swscaler @ 0x731f0cb407c0] deprecated pixel format used, make sure you did set range correctly
    Last message repeated 1 times
[vost#0:0/libx264 @ 0x599503220ac0] No information about the input framerate is available. Falling back to a default value of 25fps. Use the -r option if you want a different framerate.
[libx264 @ 0x599503216e80] using SAR=2048/4095
[libx264 @ 0x599503216e80] using cpu capabilities: MMX2 SSE2Fast SSSE3 SSE4.2 AVX FMA3 BMI2 AVX2
[libx264 @ 0x599503216e80] profile High, level 4.0, 4:2:0, 8-bit
[libx264 @ 0x599503216e80] 264 - core 164 r3108 31e19f9 - H.264/MPEG-4 AVC codec - Copyleft 2003-2023 - http://www.videolan.org/x264.html - options: cabac=1 ref=3 deblock=1:0:0 analyse=0x3:0x113 me=hex subme=7 psy=1 psy_rd=1.00:0.00 mixed_ref=1 me_range=16 chroma_me=1 trellis=1 8x8dct=1 cqm=0 deadzone=21,11 fast_pskip=1 chroma_qp_offset=-2 threads=30 lookahead_threads=5 sliced_threads=0 nr=0 decimate=1 interlaced=0 bluray_compat=0 constrained_intra=0 bframes=3 b_pyramid=2 b_adapt=1 b_bias=0 direct=1 weightb=1 open_gop=0 weightp=2 keyint=250 keyint_min=25 scenecut=40 intra_refresh=0 rc_lookahead=40 rc=crf mbtree=1 crf=23.0 qcomp=0.60 qpmin=0 qpmax=69 qpstep=4 ip_ratio=1.40 aq=1:1.00
Output #0, mp4, to './src/test/resources/output/translation/video/279.mp4':
  Metadata:
    encoder         : Lavf61.1.100
  Stream #0:0: Video: h264 (avc1 / 0x31637661), yuvj420p(pc, progressive), 2048x1024 [SAR 4501:9000 DAR 4501:4500], q=2-31, 25 fps, 12800 tbn
      Metadata:
        encoder         : Lavc61.3.100 libx264
      Side data:
        cpb: bitrate max/min/avg: 0/0/0 buffer size: 0 vbv_delay: N/A
[out#0/mp4 @ 0x59950321eb40] video:32KiB audio:0KiB subtitle:0KiB other streams:0KiB global headers:0KiB muxing overhead: 2.920446%
frame=    6 fps=0.0 q=-1.0 Lsize=      33KiB time=00:00:00.16 bitrate=1679.2kbits/s dup=0 drop=19 speed=0.663x    
[libx264 @ 0x599503216e80] frame I:1     Avg QP:18.54  size: 30244
[libx264 @ 0x599503216e80] frame P:2     Avg QP:18.83  size:   472
[libx264 @ 0x599503216e80] frame B:3     Avg QP:24.23  size:   251
[libx264 @ 0x599503216e80] consecutive B-frames: 33.3%  0.0%  0.0% 66.7%
[libx264 @ 0x599503216e80] mb I  I16..4: 14.6% 75.1% 10.3%
[libx264 @ 0x599503216e80] mb P  I16..4:  0.1%  0.1%  0.0%  P16..4:  1.2%  0.1%  0.1%  0.0%  0.0%    skip:98.3%
[libx264 @ 0x599503216e80] mb B  I16..4:  0.0%  0.0%  0.0%  B16..8:  1.1%  0.1%  0.0%  direct: 0.0%  skip:98.8%  L0:60.0% L1:37.4% BI: 2.6%
[libx264 @ 0x599503216e80] 8x8 transform intra:74.9% inter:43.0%
[libx264 @ 0x599503216e80] coded y,uvDC,uvAC intra: 5.9% 10.2% 9.1% inter: 0.1% 0.0% 0.0%
[libx264 @ 0x599503216e80] i16 v,h,dc,p: 79% 20%  1%  0%
[libx264 @ 0x599503216e80] i8 v,h,dc,ddl,ddr,vr,hd,vl,hu: 43%  8% 49%  0%  0%  0%  0%  0%  0%
[libx264 @ 0x599503216e80] i4 v,h,dc,ddl,ddr,vr,hd,vl,hu: 40% 29% 10%  4%  2%  2%  4%  4%  5%
[libx264 @ 0x599503216e80] i8c dc,h,v,p: 82%  9%  8%  1%
[libx264 @ 0x599503216e80] Weighted P-Frames: Y:0.0% UV:0.0%
[libx264 @ 0x599503216e80] ref P L0: 95.6%  0.0%  1.0%  3.4%
[libx264 @ 0x599503216e80] ref B L0: 88.4% 11.6%
[libx264 @ 0x599503216e80] ref B L1: 96.6%  3.4%
[libx264 @ 0x599503216e80] kb/s:1064.73
ffmpeg version 7.0.2-3ubuntu1 Copyright (c) 2000-2024 the FFmpeg developers
  built with gcc 14 (Ubuntu 14.2.0-2ubuntu1)
  configuration: --prefix=/usr --extra-version=3ubuntu1 --toolchain=hardened --libdir=/usr/lib/x86_64-linux-gnu --incdir=/usr/include/x86_64-linux-gnu --arch=amd64 --enable-gpl --disable-stripping --disable-libmfx --disable-omx --enable-gnutls --enable-libaom --enable-libass --enable-libbs2b --enable-libcdio --enable-libcodec2 --enable-libdav1d --enable-libflite --enable-libfontconfig --enable-libfreetype --enable-libfribidi --enable-libglslang --enable-libgme --enable-libgsm --enable-libharfbuzz --enable-libmp3lame --enable-libmysofa --enable-libopenjpeg --enable-libopenmpt --enable-libopus --enable-librubberband --enable-libshine --enable-libsnappy --enable-libsoxr --enable-libspeex --enable-libtheora --enable-libtwolame --enable-libvidstab --enable-libvorbis --enable-libvpx --enable-libwebp --enable-libx265 --enable-libxml2 --enable-libxvid --enable-libzimg --enable-openal --enable-opencl --enable-opengl --disable-sndio --enable-libvpl --enable-libdc1394 --enable-libdrm --enable-libiec61883 --enable-chromaprint --enable-frei0r --enable-ladspa --enable-libbluray --enable-libcaca --enable-libdvdnav --enable-libdvdread --enable-libjack --enable-libpulse --enable-librabbitmq --enable-librist --enable-libsrt --enable-libssh --enable-libsvtav1 --enable-libx264 --enable-libzmq --enable-libzvbi --enable-lv2 --enable-sdl2 --enable-libplacebo --enable-librav1e --enable-pocketsphinx --enable-librsvg --enable-libjxl --enable-shared
  libavutil      59.  8.100 / 59.  8.100
  libavcodec     61.  3.100 / 61.  3.100
  libavformat    61.  1.100 / 61.  1.100
  libavdevice    61.  1.100 / 61.  1.100
  libavfilter    10.  1.100 / 10.  1.100
  libswscale      8.  1.100 /  8.  1.100
  libswresample   5.  1.100 /  5.  1.100
  libpostproc    58.  1.100 / 58.  1.100
Input #0, concat, from '/home/marco-lasagna/Scaricati/ffmpeg-java/inputFile.txt':
  Duration: N/A, start: 0.000000, bitrate: N/A
  Stream #0:0: Video: mjpeg (Baseline), yuvj420p(pc, bt470bg/unknown/unknown), 4501x4500 [SAR 1:1 DAR 4501:4500], 25 fps, 25 tbr, 25 tbn
Stream mapping:
  Stream #0:0 -> #0:0 (mjpeg (native) -> h264 (libx264))
Press [q] to stop, [?] for help
[swscaler @ 0x79c13c016b00] deprecated pixel format used, make sure you did set range correctly
    Last message repeated 1 times
[swscaler @ 0x79c13cb407c0] deprecated pixel format used, make sure you did set range correctly
    Last message repeated 1 times
[vost#0:0/libx264 @ 0x5a7628ab1ac0] No information about the input framerate is available. Falling back to a default value of 25fps. Use the -r option if you want a different framerate.
[libx264 @ 0x5a7628aa7e80] using SAR=2048/4095
[libx264 @ 0x5a7628aa7e80] using cpu capabilities: MMX2 SSE2Fast SSSE3 SSE4.2 AVX FMA3 BMI2 AVX2
[libx264 @ 0x5a7628aa7e80] profile High, level 4.0, 4:2:0, 8-bit
[libx264 @ 0x5a7628aa7e80] 264 - core 164 r3108 31e19f9 - H.264/MPEG-4 AVC codec - Copyleft 2003-2023 - http://www.videolan.org/x264.html - options: cabac=1 ref=3 deblock=1:0:0 analyse=0x3:0x113 me=hex subme=7 psy=1 psy_rd=1.00:0.00 mixed_ref=1 me_range=16 chroma_me=1 trellis=1 8x8dct=1 cqm=0 deadzone=21,11 fast_pskip=1 chroma_qp_offset=-2 threads=30 lookahead_threads=5 sliced_threads=0 nr=0 decimate=1 interlaced=0 bluray_compat=0 constrained_intra=0 bframes=3 b_pyramid=2 b_adapt=1 b_bias=0 direct=1 weightb=1 open_gop=0 weightp=2 keyint=250 keyint_min=25 scenecut=40 intra_refresh=0 rc_lookahead=40 rc=crf mbtree=1 crf=23.0 qcomp=0.60 qpmin=0 qpmax=69 qpstep=4 ip_ratio=1.40 aq=1:1.00
Output #0, mp4, to './src/test/resources/output/translation/video/289.mp4':
  Metadata:
    encoder         : Lavf61.1.100
  Stream #0:0: Video: h264 (avc1 / 0x31637661), yuvj420p(pc, progressive), 2048x1024 [SAR 4501:9000 DAR 4501:4500], q=2-31, 25 fps, 12800 tbn
      Metadata:
        encoder         : Lavc61.3.100 libx264
      Side data:
        cpb: bitrate max/min/avg: 0/0/0 buffer size: 0 vbv_delay: N/A
[out#0/mp4 @ 0x5a7628aafb40] video:32KiB audio:0KiB subtitle:0KiB other streams:0KiB global headers:0KiB muxing overhead: 2.909746%
frame=    6 fps=0.0 q=-1.0 Lsize=      33KiB time=00:00:00.16 bitrate=1685.2kbits/s dup=0 drop=19 speed=0.666x    
[libx264 @ 0x5a7628aa7e80] frame I:1     Avg QP:18.48  size: 30233
[libx264 @ 0x5a7628aa7e80] frame P:2     Avg QP:18.71  size:   506
[libx264 @ 0x5a7628aa7e80] frame B:3     Avg QP:15.15  size:   272
[libx264 @ 0x5a7628aa7e80] consecutive B-frames: 33.3%  0.0%  0.0% 66.7%
[libx264 @ 0x5a7628aa7e80] mb I  I16..4: 25.9% 63.7% 10.4%
[libx264 @ 0x5a7628aa7e80] mb P  I16..4:  0.1%  0.1%  0.0%  P16..4:  1.4%  0.2%  0.1%  0.0%  0.0%    skip:98.2%
[libx264 @ 0x5a7628aa7e80] mb B  I16..4:  0.0%  0.0%  0.0%  B16..8:  1.3%  0.1%  0.0%  direct: 0.0%  skip:98.5%  L0:32.5% L1:65.1% BI: 2.4%
[libx264 @ 0x5a7628aa7e80] 8x8 transform intra:63.6% inter:27.6%
[libx264 @ 0x5a7628aa7e80] coded y,uvDC,uvAC intra: 6.0% 10.2% 9.1% inter: 0.1% 0.0% 0.0%
[libx264 @ 0x5a7628aa7e80] i16 v,h,dc,p: 87% 12%  1%  0%
[libx264 @ 0x5a7628aa7e80] i8 v,h,dc,ddl,ddr,vr,hd,vl,hu: 44%  6% 50%  0%  0%  0%  0%  0%  0%
[libx264 @ 0x5a7628aa7e80] i4 v,h,dc,ddl,ddr,vr,hd,vl,hu: 40% 29% 10%  4%  2%  2%  4%  4%  5%
[libx264 @ 0x5a7628aa7e80] i8c dc,h,v,p: 82%  9%  8%  1%
[libx264 @ 0x5a7628aa7e80] Weighted P-Frames: Y:0.0% UV:0.0%
[libx264 @ 0x5a7628aa7e80] ref P L0: 96.3%  0.5%  2.0%  1.3%
[libx264 @ 0x5a7628aa7e80] ref B L0: 82.8% 17.2%
[libx264 @ 0x5a7628aa7e80] ref B L1: 97.9%  2.1%
[libx264 @ 0x5a7628aa7e80] kb/s:1068.73
ffmpeg version 7.0.2-3ubuntu1 Copyright (c) 2000-2024 the FFmpeg developers
  built with gcc 14 (Ubuntu 14.2.0-2ubuntu1)
  configuration: --prefix=/usr --extra-version=3ubuntu1 --toolchain=hardened --libdir=/usr/lib/x86_64-linux-gnu --incdir=/usr/include/x86_64-linux-gnu --arch=amd64 --enable-gpl --disable-stripping --disable-libmfx --disable-omx --enable-gnutls --enable-libaom --enable-libass --enable-libbs2b --enable-libcdio --enable-libcodec2 --enable-libdav1d --enable-libflite --enable-libfontconfig --enable-libfreetype --enable-libfribidi --enable-libglslang --enable-libgme --enable-libgsm --enable-libharfbuzz --enable-libmp3lame --enable-libmysofa --enable-libopenjpeg --enable-libopenmpt --enable-libopus --enable-librubberband --enable-libshine --enable-libsnappy --enable-libsoxr --enable-libspeex --enable-libtheora --enable-libtwolame --enable-libvidstab --enable-libvorbis --enable-libvpx --enable-libwebp --enable-libx265 --enable-libxml2 --enable-libxvid --enable-libzimg --enable-openal --enable-opencl --enable-opengl --disable-sndio --enable-libvpl --enable-libdc1394 --enable-libdrm --enable-libiec61883 --enable-chromaprint --enable-frei0r --enable-ladspa --enable-libbluray --enable-libcaca --enable-libdvdnav --enable-libdvdread --enable-libjack --enable-libpulse --enable-librabbitmq --enable-librist --enable-libsrt --enable-libssh --enable-libsvtav1 --enable-libx264 --enable-libzmq --enable-libzvbi --enable-lv2 --enable-sdl2 --enable-libplacebo --enable-librav1e --enable-pocketsphinx --enable-librsvg --enable-libjxl --enable-shared
  libavutil      59.  8.100 / 59.  8.100
  libavcodec     61.  3.100 / 61.  3.100
  libavformat    61.  1.100 / 61.  1.100
  libavdevice    61.  1.100 / 61.  1.100
  libavfilter    10.  1.100 / 10.  1.100
  libswscale      8.  1.100 /  8.  1.100
  libswresample   5.  1.100 /  5.  1.100
  libpostproc    58.  1.100 / 58.  1.100
Input #0, concat, from '/home/marco-lasagna/Scaricati/ffmpeg-java/inputFile.txt':
  Duration: N/A, start: 0.000000, bitrate: N/A
  Stream #0:0: Video: mjpeg (Baseline), yuvj420p(pc, bt470bg/unknown/unknown), 4501x4500 [SAR 1:1 DAR 4501:4500], 25 fps, 25 tbr, 25 tbn
Stream mapping:
  Stream #0:0 -> #0:0 (mjpeg (native) -> h264 (libx264))
Press [q] to stop, [?] for help
[swscaler @ 0x774c1c016b00] deprecated pixel format used, make sure you did set range correctly
    Last message repeated 1 times
[swscaler @ 0x774c1cb407c0] deprecated pixel format used, make sure you did set range correctly
    Last message repeated 1 times
[vost#0:0/libx264 @ 0x5985a4e11ac0] No information about the input framerate is available. Falling back to a default value of 25fps. Use the -r option if you want a different framerate.
[libx264 @ 0x5985a4e07e80] using SAR=2048/4095
[libx264 @ 0x5985a4e07e80] using cpu capabilities: MMX2 SSE2Fast SSSE3 SSE4.2 AVX FMA3 BMI2 AVX2
[libx264 @ 0x5985a4e07e80] profile High, level 4.0, 4:2:0, 8-bit
[libx264 @ 0x5985a4e07e80] 264 - core 164 r3108 31e19f9 - H.264/MPEG-4 AVC codec - Copyleft 2003-2023 - http://www.videolan.org/x264.html - options: cabac=1 ref=3 deblock=1:0:0 analyse=0x3:0x113 me=hex subme=7 psy=1 psy_rd=1.00:0.00 mixed_ref=1 me_range=16 chroma_me=1 trellis=1 8x8dct=1 cqm=0 deadzone=21,11 fast_pskip=1 chroma_qp_offset=-2 threads=30 lookahead_threads=5 sliced_threads=0 nr=0 decimate=1 interlaced=0 bluray_compat=0 constrained_intra=0 bframes=3 b_pyramid=2 b_adapt=1 b_bias=0 direct=1 weightb=1 open_gop=0 weightp=2 keyint=250 keyint_min=25 scenecut=40 intra_refresh=0 rc_lookahead=40 rc=crf mbtree=1 crf=23.0 qcomp=0.60 qpmin=0 qpmax=69 qpstep=4 ip_ratio=1.40 aq=1:1.00
Output #0, mp4, to './src/test/resources/output/translation/video/299.mp4':
  Metadata:
    encoder         : Lavf61.1.100
  Stream #0:0: Video: h264 (avc1 / 0x31637661), yuvj420p(pc, progressive), 2048x1024 [SAR 4501:9000 DAR 4501:4500], q=2-31, 25 fps, 12800 tbn
      Metadata:
        encoder         : Lavc61.3.100 libx264
      Side data:
        cpb: bitrate max/min/avg: 0/0/0 buffer size: 0 vbv_delay: N/A
[out#0/mp4 @ 0x5985a4e0fb40] video:32KiB audio:0KiB subtitle:0KiB other streams:0KiB global headers:0KiB muxing overhead: 2.918210%
frame=    6 fps=0.0 q=-1.0 Lsize=      33KiB time=00:00:00.16 bitrate=1680.5kbits/s dup=0 drop=19 speed=0.662x    
[libx264 @ 0x5985a4e07e80] frame I:1     Avg QP:18.39  size: 30184
[libx264 @ 0x5985a4e07e80] frame P:2     Avg QP:17.77  size:   458
[libx264 @ 0x5985a4e07e80] frame B:3     Avg QP:19.80  size:   289
[libx264 @ 0x5985a4e07e80] consecutive B-frames: 33.3%  0.0%  0.0% 66.7%
[libx264 @ 0x5985a4e07e80] mb I  I16..4: 25.0% 64.7% 10.4%
[libx264 @ 0x5985a4e07e80] mb P  I16..4:  0.2%  0.1%  0.0%  P16..4:  0.6%  0.1%  0.1%  0.0%  0.0%    skip:99.0%
[libx264 @ 0x5985a4e07e80] mb B  I16..4:  0.1%  0.0%  0.0%  B16..8:  1.4%  0.1%  0.0%  direct: 0.0%  skip:98.3%  L0:41.2% L1:57.3% BI: 1.6%
[libx264 @ 0x5985a4e07e80] 8x8 transform intra:64.3% inter:27.0%
[libx264 @ 0x5985a4e07e80] coded y,uvDC,uvAC intra: 5.9% 10.1% 9.1% inter: 0.1% 0.0% 0.0%
[libx264 @ 0x5985a4e07e80] i16 v,h,dc,p: 86% 13%  1%  0%
[libx264 @ 0x5985a4e07e80] i8 v,h,dc,ddl,ddr,vr,hd,vl,hu: 58%  9% 32%  0%  0%  0%  0%  0%  0%
[libx264 @ 0x5985a4e07e80] i4 v,h,dc,ddl,ddr,vr,hd,vl,hu: 40% 30%  8%  4%  2%  2%  4%  4%  5%
[libx264 @ 0x5985a4e07e80] i8c dc,h,v,p: 82%  9%  8%  1%
[libx264 @ 0x5985a4e07e80] Weighted P-Frames: Y:0.0% UV:0.0%
[libx264 @ 0x5985a4e07e80] ref P L0: 93.8%  1.0%  0.8%  4.4%
[libx264 @ 0x5985a4e07e80] ref B L0: 91.5%  8.5%
[libx264 @ 0x5985a4e07e80] ref B L1: 95.2%  4.8%
[libx264 @ 0x5985a4e07e80] kb/s:1065.57
ffmpeg version 7.0.2-3ubuntu1 Copyright (c) 2000-2024 the FFmpeg developers
  built with gcc 14 (Ubuntu 14.2.0-2ubuntu1)
  configuration: --prefix=/usr --extra-version=3ubuntu1 --toolchain=hardened --libdir=/usr/lib/x86_64-linux-gnu --incdir=/usr/include/x86_64-linux-gnu --arch=amd64 --enable-gpl --disable-stripping --disable-libmfx --disable-omx --enable-gnutls --enable-libaom --enable-libass --enable-libbs2b --enable-libcdio --enable-libcodec2 --enable-libdav1d --enable-libflite --enable-libfontconfig --enable-libfreetype --enable-libfribidi --enable-libglslang --enable-libgme --enable-libgsm --enable-libharfbuzz --enable-libmp3lame --enable-libmysofa --enable-libopenjpeg --enable-libopenmpt --enable-libopus --enable-librubberband --enable-libshine --enable-libsnappy --enable-libsoxr --enable-libspeex --enable-libtheora --enable-libtwolame --enable-libvidstab --enable-libvorbis --enable-libvpx --enable-libwebp --enable-libx265 --enable-libxml2 --enable-libxvid --enable-libzimg --enable-openal --enable-opencl --enable-opengl --disable-sndio --enable-libvpl --enable-libdc1394 --enable-libdrm --enable-libiec61883 --enable-chromaprint --enable-frei0r --enable-ladspa --enable-libbluray --enable-libcaca --enable-libdvdnav --enable-libdvdread --enable-libjack --enable-libpulse --enable-librabbitmq --enable-librist --enable-libsrt --enable-libssh --enable-libsvtav1 --enable-libx264 --enable-libzmq --enable-libzvbi --enable-lv2 --enable-sdl2 --enable-libplacebo --enable-librav1e --enable-pocketsphinx --enable-librsvg --enable-libjxl --enable-shared
  libavutil      59.  8.100 / 59.  8.100
  libavcodec     61.  3.100 / 61.  3.100
  libavformat    61.  1.100 / 61.  1.100
  libavdevice    61.  1.100 / 61.  1.100
  libavfilter    10.  1.100 / 10.  1.100
  libswscale      8.  1.100 /  8.  1.100
  libswresample   5.  1.100 /  5.  1.100
  libpostproc    58.  1.100 / 58.  1.100
Input #0, concat, from '/home/marco-lasagna/Scaricati/ffmpeg-java/inputFile.txt':
  Duration: N/A, start: 0.000000, bitrate: N/A
  Stream #0:0: Video: mjpeg (Baseline), yuvj420p(pc, bt470bg/unknown/unknown), 4501x4500 [SAR 1:1 DAR 4501:4500], 25 fps, 25 tbr, 25 tbn
Stream mapping:
  Stream #0:0 -> #0:0 (mjpeg (native) -> h264 (libx264))
Press [q] to stop, [?] for help
[swscaler @ 0x74f088016b00] deprecated pixel format used, make sure you did set range correctly
    Last message repeated 1 times
[swscaler @ 0x74f088b407c0] deprecated pixel format used, make sure you did set range correctly
    Last message repeated 1 times
[vost#0:0/libx264 @ 0x5ef4537efac0] No information about the input framerate is available. Falling back to a default value of 25fps. Use the -r option if you want a different framerate.
[libx264 @ 0x5ef4537e5e80] using SAR=2048/4095
[libx264 @ 0x5ef4537e5e80] using cpu capabilities: MMX2 SSE2Fast SSSE3 SSE4.2 AVX FMA3 BMI2 AVX2
[libx264 @ 0x5ef4537e5e80] profile High, level 4.0, 4:2:0, 8-bit
[libx264 @ 0x5ef4537e5e80] 264 - core 164 r3108 31e19f9 - H.264/MPEG-4 AVC codec - Copyleft 2003-2023 - http://www.videolan.org/x264.html - options: cabac=1 ref=3 deblock=1:0:0 analyse=0x3:0x113 me=hex subme=7 psy=1 psy_rd=1.00:0.00 mixed_ref=1 me_range=16 chroma_me=1 trellis=1 8x8dct=1 cqm=0 deadzone=21,11 fast_pskip=1 chroma_qp_offset=-2 threads=30 lookahead_threads=5 sliced_threads=0 nr=0 decimate=1 interlaced=0 bluray_compat=0 constrained_intra=0 bframes=3 b_pyramid=2 b_adapt=1 b_bias=0 direct=1 weightb=1 open_gop=0 weightp=2 keyint=250 keyint_min=25 scenecut=40 intra_refresh=0 rc_lookahead=40 rc=crf mbtree=1 crf=23.0 qcomp=0.60 qpmin=0 qpmax=69 qpstep=4 ip_ratio=1.40 aq=1:1.00
Output #0, mp4, to './src/test/resources/output/translation/video/309.mp4':
  Metadata:
    encoder         : Lavf61.1.100
  Stream #0:0: Video: h264 (avc1 / 0x31637661), yuvj420p(pc, progressive), 2048x1024 [SAR 4501:9000 DAR 4501:4500], q=2-31, 25 fps, 12800 tbn
      Metadata:
        encoder         : Lavc61.3.100 libx264
      Side data:
        cpb: bitrate max/min/avg: 0/0/0 buffer size: 0 vbv_delay: N/A
[out#0/mp4 @ 0x5ef4537edb40] video:32KiB audio:0KiB subtitle:0KiB other streams:0KiB global headers:0KiB muxing overhead: 2.922327%
frame=    6 fps=0.0 q=-1.0 Lsize=      33KiB time=00:00:00.16 bitrate=1678.2kbits/s dup=0 drop=19 speed=0.649x    
[libx264 @ 0x5ef4537e5e80] frame I:1     Avg QP:18.55  size: 30193
[libx264 @ 0x5ef4537e5e80] frame P:2     Avg QP:22.26  size:   459
[libx264 @ 0x5ef4537e5e80] frame B:3     Avg QP:21.03  size:   270
[libx264 @ 0x5ef4537e5e80] consecutive B-frames: 33.3%  0.0%  0.0% 66.7%
[libx264 @ 0x5ef4537e5e80] mb I  I16..4: 25.7% 64.0% 10.4%
[libx264 @ 0x5ef4537e5e80] mb P  I16..4:  0.1%  0.1%  0.0%  P16..4:  1.1%  0.1%  0.1%  0.0%  0.0%    skip:98.4%
[libx264 @ 0x5ef4537e5e80] mb B  I16..4:  0.0%  0.0%  0.0%  B16..8:  1.4%  0.1%  0.0%  direct: 0.0%  skip:98.4%  L0:62.3% L1:35.8% BI: 1.9%
[libx264 @ 0x5ef4537e5e80] 8x8 transform intra:63.9% inter:22.2%
[libx264 @ 0x5ef4537e5e80] coded y,uvDC,uvAC intra: 5.9% 10.1% 9.1% inter: 0.1% 0.0% 0.0%
[libx264 @ 0x5ef4537e5e80] i16 v,h,dc,p: 87% 12%  1%  0%
[libx264 @ 0x5ef4537e5e80] i8 v,h,dc,ddl,ddr,vr,hd,vl,hu: 57%  9% 34%  0%  0%  0%  0%  0%  0%
[libx264 @ 0x5ef4537e5e80] i4 v,h,dc,ddl,ddr,vr,hd,vl,hu: 39% 30% 10%  4%  2%  2%  4%  4%  5%
[libx264 @ 0x5ef4537e5e80] i8c dc,h,v,p: 82%  9%  8%  1%
[libx264 @ 0x5ef4537e5e80] Weighted P-Frames: Y:0.0% UV:0.0%
[libx264 @ 0x5ef4537e5e80] ref P L0: 95.3%  0.0%  0.6%  4.1%
[libx264 @ 0x5ef4537e5e80] ref B L0: 87.6% 12.4%
[libx264 @ 0x5ef4537e5e80] ref B L1: 92.1%  7.9%
[libx264 @ 0x5ef4537e5e80] kb/s:1064.03
ffmpeg version 7.0.2-3ubuntu1 Copyright (c) 2000-2024 the FFmpeg developers
  built with gcc 14 (Ubuntu 14.2.0-2ubuntu1)
  configuration: --prefix=/usr --extra-version=3ubuntu1 --toolchain=hardened --libdir=/usr/lib/x86_64-linux-gnu --incdir=/usr/include/x86_64-linux-gnu --arch=amd64 --enable-gpl --disable-stripping --disable-libmfx --disable-omx --enable-gnutls --enable-libaom --enable-libass --enable-libbs2b --enable-libcdio --enable-libcodec2 --enable-libdav1d --enable-libflite --enable-libfontconfig --enable-libfreetype --enable-libfribidi --enable-libglslang --enable-libgme --enable-libgsm --enable-libharfbuzz --enable-libmp3lame --enable-libmysofa --enable-libopenjpeg --enable-libopenmpt --enable-libopus --enable-librubberband --enable-libshine --enable-libsnappy --enable-libsoxr --enable-libspeex --enable-libtheora --enable-libtwolame --enable-libvidstab --enable-libvorbis --enable-libvpx --enable-libwebp --enable-libx265 --enable-libxml2 --enable-libxvid --enable-libzimg --enable-openal --enable-opencl --enable-opengl --disable-sndio --enable-libvpl --enable-libdc1394 --enable-libdrm --enable-libiec61883 --enable-chromaprint --enable-frei0r --enable-ladspa --enable-libbluray --enable-libcaca --enable-libdvdnav --enable-libdvdread --enable-libjack --enable-libpulse --enable-librabbitmq --enable-librist --enable-libsrt --enable-libssh --enable-libsvtav1 --enable-libx264 --enable-libzmq --enable-libzvbi --enable-lv2 --enable-sdl2 --enable-libplacebo --enable-librav1e --enable-pocketsphinx --enable-librsvg --enable-libjxl --enable-shared
  libavutil      59.  8.100 / 59.  8.100
  libavcodec     61.  3.100 / 61.  3.100
  libavformat    61.  1.100 / 61.  1.100
  libavdevice    61.  1.100 / 61.  1.100
  libavfilter    10.  1.100 / 10.  1.100
  libswscale      8.  1.100 /  8.  1.100
  libswresample   5.  1.100 /  5.  1.100
  libpostproc    58.  1.100 / 58.  1.100
Input #0, concat, from '/home/marco-lasagna/Scaricati/ffmpeg-java/inputFile.txt':
  Duration: N/A, start: 0.000000, bitrate: N/A
  Stream #0:0: Video: mjpeg (Baseline), yuvj420p(pc, bt470bg/unknown/unknown), 4501x4500 [SAR 1:1 DAR 4501:4500], 25 fps, 25 tbr, 25 tbn
Stream mapping:
  Stream #0:0 -> #0:0 (mjpeg (native) -> h264 (libx264))
Press [q] to stop, [?] for help
[swscaler @ 0x7790e8016b00] deprecated pixel format used, make sure you did set range correctly
    Last message repeated 1 times
[swscaler @ 0x7790e8b407c0] deprecated pixel format used, make sure you did set range correctly
    Last message repeated 1 times
[vost#0:0/libx264 @ 0x5802b4b6bac0] No information about the input framerate is available. Falling back to a default value of 25fps. Use the -r option if you want a different framerate.
[libx264 @ 0x5802b4b61e80] using SAR=2048/4095
[libx264 @ 0x5802b4b61e80] using cpu capabilities: MMX2 SSE2Fast SSSE3 SSE4.2 AVX FMA3 BMI2 AVX2
[libx264 @ 0x5802b4b61e80] profile High, level 4.0, 4:2:0, 8-bit
[libx264 @ 0x5802b4b61e80] 264 - core 164 r3108 31e19f9 - H.264/MPEG-4 AVC codec - Copyleft 2003-2023 - http://www.videolan.org/x264.html - options: cabac=1 ref=3 deblock=1:0:0 analyse=0x3:0x113 me=hex subme=7 psy=1 psy_rd=1.00:0.00 mixed_ref=1 me_range=16 chroma_me=1 trellis=1 8x8dct=1 cqm=0 deadzone=21,11 fast_pskip=1 chroma_qp_offset=-2 threads=30 lookahead_threads=5 sliced_threads=0 nr=0 decimate=1 interlaced=0 bluray_compat=0 constrained_intra=0 bframes=3 b_pyramid=2 b_adapt=1 b_bias=0 direct=1 weightb=1 open_gop=0 weightp=2 keyint=250 keyint_min=25 scenecut=40 intra_refresh=0 rc_lookahead=40 rc=crf mbtree=1 crf=23.0 qcomp=0.60 qpmin=0 qpmax=69 qpstep=4 ip_ratio=1.40 aq=1:1.00
Output #0, mp4, to './src/test/resources/output/translation/video/319.mp4':
  Metadata:
    encoder         : Lavf61.1.100
  Stream #0:0: Video: h264 (avc1 / 0x31637661), yuvj420p(pc, progressive), 2048x1024 [SAR 4501:9000 DAR 4501:4500], q=2-31, 25 fps, 12800 tbn
      Metadata:
        encoder         : Lavc61.3.100 libx264
      Side data:
        cpb: bitrate max/min/avg: 0/0/0 buffer size: 0 vbv_delay: N/A
[out#0/mp4 @ 0x5802b4b69b40] video:32KiB audio:0KiB subtitle:0KiB other streams:0KiB global headers:0KiB muxing overhead: 2.915354%
frame=    6 fps=0.0 q=-1.0 Lsize=      33KiB time=00:00:00.16 bitrate=1682.1kbits/s dup=0 drop=19 speed=0.611x    
[libx264 @ 0x5802b4b61e80] frame I:1     Avg QP:18.61  size: 30154
[libx264 @ 0x5802b4b61e80] frame P:2     Avg QP:22.00  size:   509
[libx264 @ 0x5802b4b61e80] frame B:3     Avg QP:21.02  size:   276
[libx264 @ 0x5802b4b61e80] consecutive B-frames: 33.3%  0.0%  0.0% 66.7%
[libx264 @ 0x5802b4b61e80] mb I  I16..4: 16.6% 73.1% 10.3%
[libx264 @ 0x5802b4b61e80] mb P  I16..4:  0.0%  0.1%  0.0%  P16..4:  1.2%  0.1%  0.1%  0.0%  0.0%    skip:98.4%
[libx264 @ 0x5802b4b61e80] mb B  I16..4:  0.1%  0.0%  0.0%  B16..8:  1.2%  0.1%  0.0%  direct: 0.0%  skip:98.6%  L0:31.9% L1:66.5% BI: 1.6%
[libx264 @ 0x5802b4b61e80] 8x8 transform intra:73.0% inter:40.5%
[libx264 @ 0x5802b4b61e80] coded y,uvDC,uvAC intra: 5.9% 10.2% 9.1% inter: 0.1% 0.0% 0.0%
[libx264 @ 0x5802b4b61e80] i16 v,h,dc,p: 82% 17%  1%  0%
[libx264 @ 0x5802b4b61e80] i8 v,h,dc,ddl,ddr,vr,hd,vl,hu: 56% 14% 30%  0%  0%  0%  0%  0%  0%
[libx264 @ 0x5802b4b61e80] i4 v,h,dc,ddl,ddr,vr,hd,vl,hu: 40% 30%  9%  4%  2%  2%  4%  4%  5%
[libx264 @ 0x5802b4b61e80] i8c dc,h,v,p: 82%  9%  8%  1%
[libx264 @ 0x5802b4b61e80] Weighted P-Frames: Y:0.0% UV:0.0%
[libx264 @ 0x5802b4b61e80] ref P L0: 95.9%  1.1%  1.1%  2.0%
[libx264 @ 0x5802b4b61e80] ref B L0: 80.2% 19.8%
[libx264 @ 0x5802b4b61e80] ref B L1: 96.7%  3.3%
[libx264 @ 0x5802b4b61e80] kb/s:1066.63
ffmpeg version 7.0.2-3ubuntu1 Copyright (c) 2000-2024 the FFmpeg developers
  built with gcc 14 (Ubuntu 14.2.0-2ubuntu1)
  configuration: --prefix=/usr --extra-version=3ubuntu1 --toolchain=hardened --libdir=/usr/lib/x86_64-linux-gnu --incdir=/usr/include/x86_64-linux-gnu --arch=amd64 --enable-gpl --disable-stripping --disable-libmfx --disable-omx --enable-gnutls --enable-libaom --enable-libass --enable-libbs2b --enable-libcdio --enable-libcodec2 --enable-libdav1d --enable-libflite --enable-libfontconfig --enable-libfreetype --enable-libfribidi --enable-libglslang --enable-libgme --enable-libgsm --enable-libharfbuzz --enable-libmp3lame --enable-libmysofa --enable-libopenjpeg --enable-libopenmpt --enable-libopus --enable-librubberband --enable-libshine --enable-libsnappy --enable-libsoxr --enable-libspeex --enable-libtheora --enable-libtwolame --enable-libvidstab --enable-libvorbis --enable-libvpx --enable-libwebp --enable-libx265 --enable-libxml2 --enable-libxvid --enable-libzimg --enable-openal --enable-opencl --enable-opengl --disable-sndio --enable-libvpl --enable-libdc1394 --enable-libdrm --enable-libiec61883 --enable-chromaprint --enable-frei0r --enable-ladspa --enable-libbluray --enable-libcaca --enable-libdvdnav --enable-libdvdread --enable-libjack --enable-libpulse --enable-librabbitmq --enable-librist --enable-libsrt --enable-libssh --enable-libsvtav1 --enable-libx264 --enable-libzmq --enable-libzvbi --enable-lv2 --enable-sdl2 --enable-libplacebo --enable-librav1e --enable-pocketsphinx --enable-librsvg --enable-libjxl --enable-shared
  libavutil      59.  8.100 / 59.  8.100
  libavcodec     61.  3.100 / 61.  3.100
  libavformat    61.  1.100 / 61.  1.100
  libavdevice    61.  1.100 / 61.  1.100
  libavfilter    10.  1.100 / 10.  1.100
  libswscale      8.  1.100 /  8.  1.100
  libswresample   5.  1.100 /  5.  1.100
  libpostproc    58.  1.100 / 58.  1.100
Input #0, concat, from '/home/marco-lasagna/Scaricati/ffmpeg-java/inputFile.txt':
  Duration: N/A, start: 0.000000, bitrate: N/A
  Stream #0:0: Video: mjpeg (Baseline), yuvj420p(pc, bt470bg/unknown/unknown), 4501x4500 [SAR 1:1 DAR 4501:4500], 25 fps, 25 tbr, 25 tbn
Stream mapping:
  Stream #0:0 -> #0:0 (mjpeg (native) -> h264 (libx264))
Press [q] to stop, [?] for help
[swscaler @ 0x719e50016b00] deprecated pixel format used, make sure you did set range correctly
    Last message repeated 1 times
[swscaler @ 0x719e50b407c0] deprecated pixel format used, make sure you did set range correctly
    Last message repeated 1 times
[vost#0:0/libx264 @ 0x6279226c6ac0] No information about the input framerate is available. Falling back to a default value of 25fps. Use the -r option if you want a different framerate.
[libx264 @ 0x6279226bce80] using SAR=2048/4095
[libx264 @ 0x6279226bce80] using cpu capabilities: MMX2 SSE2Fast SSSE3 SSE4.2 AVX FMA3 BMI2 AVX2
[libx264 @ 0x6279226bce80] profile High, level 4.0, 4:2:0, 8-bit
[libx264 @ 0x6279226bce80] 264 - core 164 r3108 31e19f9 - H.264/MPEG-4 AVC codec - Copyleft 2003-2023 - http://www.videolan.org/x264.html - options: cabac=1 ref=3 deblock=1:0:0 analyse=0x3:0x113 me=hex subme=7 psy=1 psy_rd=1.00:0.00 mixed_ref=1 me_range=16 chroma_me=1 trellis=1 8x8dct=1 cqm=0 deadzone=21,11 fast_pskip=1 chroma_qp_offset=-2 threads=30 lookahead_threads=5 sliced_threads=0 nr=0 decimate=1 interlaced=0 bluray_compat=0 constrained_intra=0 bframes=3 b_pyramid=2 b_adapt=1 b_bias=0 direct=1 weightb=1 open_gop=0 weightp=2 keyint=250 keyint_min=25 scenecut=40 intra_refresh=0 rc_lookahead=40 rc=crf mbtree=1 crf=23.0 qcomp=0.60 qpmin=0 qpmax=69 qpstep=4 ip_ratio=1.40 aq=1:1.00
Output #0, mp4, to './src/test/resources/output/translation/video/329.mp4':
  Metadata:
    encoder         : Lavf61.1.100
  Stream #0:0: Video: h264 (avc1 / 0x31637661), yuvj420p(pc, progressive), 2048x1024 [SAR 4501:9000 DAR 4501:4500], q=2-31, 25 fps, 12800 tbn
      Metadata:
        encoder         : Lavc61.3.100 libx264
      Side data:
        cpb: bitrate max/min/avg: 0/0/0 buffer size: 0 vbv_delay: N/A
[out#0/mp4 @ 0x6279226c4b40] video:32KiB audio:0KiB subtitle:0KiB other streams:0KiB global headers:0KiB muxing overhead: 2.914997%
frame=    6 fps=0.0 q=-1.0 Lsize=      33KiB time=00:00:00.16 bitrate=1682.3kbits/s dup=0 drop=19 speed=0.643x    
[libx264 @ 0x6279226bce80] frame I:1     Avg QP:18.70  size: 30158
[libx264 @ 0x6279226bce80] frame P:2     Avg QP:17.81  size:   504
[libx264 @ 0x6279226bce80] frame B:3     Avg QP:26.65  size:   279
[libx264 @ 0x6279226bce80] consecutive B-frames: 33.3%  0.0%  0.0% 66.7%
[libx264 @ 0x6279226bce80] mb I  I16..4: 25.6% 64.1% 10.4%
[libx264 @ 0x6279226bce80] mb P  I16..4:  0.1%  0.1%  0.0%  P16..4:  1.3%  0.2%  0.1%  0.0%  0.0%    skip:98.2%
[libx264 @ 0x6279226bce80] mb B  I16..4:  0.1%  0.0%  0.0%  B16..8:  1.4%  0.1%  0.0%  direct: 0.0%  skip:98.4%  L0:42.0% L1:54.7% BI: 3.3%
[libx264 @ 0x6279226bce80] 8x8 transform intra:64.0% inter:24.7%
[libx264 @ 0x6279226bce80] coded y,uvDC,uvAC intra: 6.0% 10.2% 9.1% inter: 0.1% 0.0% 0.0%
[libx264 @ 0x6279226bce80] i16 v,h,dc,p: 88% 12%  1%  0%
[libx264 @ 0x6279226bce80] i8 v,h,dc,ddl,ddr,vr,hd,vl,hu: 62%  8% 29%  0%  0%  0%  0%  0%  0%
[libx264 @ 0x6279226bce80] i4 v,h,dc,ddl,ddr,vr,hd,vl,hu: 39% 31%  9%  4%  2%  2%  4%  4%  5%
[libx264 @ 0x6279226bce80] i8c dc,h,v,p: 82%  9%  8%  1%
[libx264 @ 0x6279226bce80] Weighted P-Frames: Y:0.0% UV:0.0%
[libx264 @ 0x6279226bce80] ref P L0: 92.1%  0.1%  0.8%  7.0%
[libx264 @ 0x6279226bce80] ref B L0: 89.1% 10.9%
[libx264 @ 0x6279226bce80] ref B L1: 94.1%  5.9%
[libx264 @ 0x6279226bce80] kb/s:1066.77
ffmpeg version 7.0.2-3ubuntu1 Copyright (c) 2000-2024 the FFmpeg developers
  built with gcc 14 (Ubuntu 14.2.0-2ubuntu1)
  configuration: --prefix=/usr --extra-version=3ubuntu1 --toolchain=hardened --libdir=/usr/lib/x86_64-linux-gnu --incdir=/usr/include/x86_64-linux-gnu --arch=amd64 --enable-gpl --disable-stripping --disable-libmfx --disable-omx --enable-gnutls --enable-libaom --enable-libass --enable-libbs2b --enable-libcdio --enable-libcodec2 --enable-libdav1d --enable-libflite --enable-libfontconfig --enable-libfreetype --enable-libfribidi --enable-libglslang --enable-libgme --enable-libgsm --enable-libharfbuzz --enable-libmp3lame --enable-libmysofa --enable-libopenjpeg --enable-libopenmpt --enable-libopus --enable-librubberband --enable-libshine --enable-libsnappy --enable-libsoxr --enable-libspeex --enable-libtheora --enable-libtwolame --enable-libvidstab --enable-libvorbis --enable-libvpx --enable-libwebp --enable-libx265 --enable-libxml2 --enable-libxvid --enable-libzimg --enable-openal --enable-opencl --enable-opengl --disable-sndio --enable-libvpl --enable-libdc1394 --enable-libdrm --enable-libiec61883 --enable-chromaprint --enable-frei0r --enable-ladspa --enable-libbluray --enable-libcaca --enable-libdvdnav --enable-libdvdread --enable-libjack --enable-libpulse --enable-librabbitmq --enable-librist --enable-libsrt --enable-libssh --enable-libsvtav1 --enable-libx264 --enable-libzmq --enable-libzvbi --enable-lv2 --enable-sdl2 --enable-libplacebo --enable-librav1e --enable-pocketsphinx --enable-librsvg --enable-libjxl --enable-shared
  libavutil      59.  8.100 / 59.  8.100
  libavcodec     61.  3.100 / 61.  3.100
  libavformat    61.  1.100 / 61.  1.100
  libavdevice    61.  1.100 / 61.  1.100
  libavfilter    10.  1.100 / 10.  1.100
  libswscale      8.  1.100 /  8.  1.100
  libswresample   5.  1.100 /  5.  1.100
  libpostproc    58.  1.100 / 58.  1.100
Input #0, concat, from '/home/marco-lasagna/Scaricati/ffmpeg-java/inputFile.txt':
  Duration: N/A, start: 0.000000, bitrate: N/A
  Stream #0:0: Video: mjpeg (Baseline), yuvj420p(pc, bt470bg/unknown/unknown), 4501x4500 [SAR 1:1 DAR 4501:4500], 25 fps, 25 tbr, 25 tbn
Stream mapping:
  Stream #0:0 -> #0:0 (mjpeg (native) -> h264 (libx264))
Press [q] to stop, [?] for help
[swscaler @ 0x7a5e68016b00] deprecated pixel format used, make sure you did set range correctly
    Last message repeated 1 times
[swscaler @ 0x7a5e68b407c0] deprecated pixel format used, make sure you did set range correctly
    Last message repeated 1 times
[vost#0:0/libx264 @ 0x587375057ac0] No information about the input framerate is available. Falling back to a default value of 25fps. Use the -r option if you want a different framerate.
[libx264 @ 0x58737504de80] using SAR=2048/4095
[libx264 @ 0x58737504de80] using cpu capabilities: MMX2 SSE2Fast SSSE3 SSE4.2 AVX FMA3 BMI2 AVX2
[libx264 @ 0x58737504de80] profile High, level 4.0, 4:2:0, 8-bit
[libx264 @ 0x58737504de80] 264 - core 164 r3108 31e19f9 - H.264/MPEG-4 AVC codec - Copyleft 2003-2023 - http://www.videolan.org/x264.html - options: cabac=1 ref=3 deblock=1:0:0 analyse=0x3:0x113 me=hex subme=7 psy=1 psy_rd=1.00:0.00 mixed_ref=1 me_range=16 chroma_me=1 trellis=1 8x8dct=1 cqm=0 deadzone=21,11 fast_pskip=1 chroma_qp_offset=-2 threads=30 lookahead_threads=5 sliced_threads=0 nr=0 decimate=1 interlaced=0 bluray_compat=0 constrained_intra=0 bframes=3 b_pyramid=2 b_adapt=1 b_bias=0 direct=1 weightb=1 open_gop=0 weightp=2 keyint=250 keyint_min=25 scenecut=40 intra_refresh=0 rc_lookahead=40 rc=crf mbtree=1 crf=23.0 qcomp=0.60 qpmin=0 qpmax=69 qpstep=4 ip_ratio=1.40 aq=1:1.00
Output #0, mp4, to './src/test/resources/output/translation/video/339.mp4':
  Metadata:
    encoder         : Lavf61.1.100
  Stream #0:0: Video: h264 (avc1 / 0x31637661), yuvj420p(pc, progressive), 2048x1024 [SAR 4501:9000 DAR 4501:4500], q=2-31, 25 fps, 12800 tbn
      Metadata:
        encoder         : Lavc61.3.100 libx264
      Side data:
        cpb: bitrate max/min/avg: 0/0/0 buffer size: 0 vbv_delay: N/A
[out#0/mp4 @ 0x587375055b40] video:32KiB audio:0KiB subtitle:0KiB other streams:0KiB global headers:0KiB muxing overhead: 2.908059%
frame=    6 fps=0.0 q=-1.0 Lsize=      33KiB time=00:00:00.16 bitrate=1686.2kbits/s dup=0 drop=19 speed=0.638x    
[libx264 @ 0x58737504de80] frame I:1     Avg QP:18.72  size: 30237
[libx264 @ 0x58737504de80] frame P:2     Avg QP:22.18  size:   485
[libx264 @ 0x58737504de80] frame B:3     Avg QP:23.80  size:   291
[libx264 @ 0x58737504de80] consecutive B-frames: 33.3%  0.0%  0.0% 66.7%
[libx264 @ 0x58737504de80] mb I  I16..4: 16.7% 72.9% 10.4%
[libx264 @ 0x58737504de80] mb P  I16..4:  0.0%  0.1%  0.0%  P16..4:  1.4%  0.2%  0.1%  0.0%  0.0%    skip:98.3%
[libx264 @ 0x58737504de80] mb B  I16..4:  0.0%  0.0%  0.0%  B16..8:  1.4%  0.1%  0.0%  direct: 0.0%  skip:98.4%  L0:27.1% L1:70.0% BI: 2.9%
[libx264 @ 0x58737504de80] 8x8 transform intra:72.9% inter:23.1%
[libx264 @ 0x58737504de80] coded y,uvDC,uvAC intra: 6.0% 10.2% 9.1% inter: 0.1% 0.0% 0.0%
[libx264 @ 0x58737504de80] i16 v,h,dc,p: 81% 17%  1%  0%
[libx264 @ 0x58737504de80] i8 v,h,dc,ddl,ddr,vr,hd,vl,hu: 45%  9% 45%  0%  0%  0%  0%  0%  0%
[libx264 @ 0x58737504de80] i4 v,h,dc,ddl,ddr,vr,hd,vl,hu: 39% 30% 10%  4%  2%  2%  4%  4%  5%
[libx264 @ 0x58737504de80] i8c dc,h,v,p: 82%  9%  8%  1%
[libx264 @ 0x58737504de80] Weighted P-Frames: Y:0.0% UV:0.0%
[libx264 @ 0x58737504de80] ref P L0: 96.6%  0.0%  0.7%  2.8%
[libx264 @ 0x58737504de80] ref B L0: 82.1% 17.9%
[libx264 @ 0x58737504de80] ref B L1: 97.1%  2.9%
[libx264 @ 0x58737504de80] kb/s:1069.37
ffmpeg version 7.0.2-3ubuntu1 Copyright (c) 2000-2024 the FFmpeg developers
  built with gcc 14 (Ubuntu 14.2.0-2ubuntu1)
  configuration: --prefix=/usr --extra-version=3ubuntu1 --toolchain=hardened --libdir=/usr/lib/x86_64-linux-gnu --incdir=/usr/include/x86_64-linux-gnu --arch=amd64 --enable-gpl --disable-stripping --disable-libmfx --disable-omx --enable-gnutls --enable-libaom --enable-libass --enable-libbs2b --enable-libcdio --enable-libcodec2 --enable-libdav1d --enable-libflite --enable-libfontconfig --enable-libfreetype --enable-libfribidi --enable-libglslang --enable-libgme --enable-libgsm --enable-libharfbuzz --enable-libmp3lame --enable-libmysofa --enable-libopenjpeg --enable-libopenmpt --enable-libopus --enable-librubberband --enable-libshine --enable-libsnappy --enable-libsoxr --enable-libspeex --enable-libtheora --enable-libtwolame --enable-libvidstab --enable-libvorbis --enable-libvpx --enable-libwebp --enable-libx265 --enable-libxml2 --enable-libxvid --enable-libzimg --enable-openal --enable-opencl --enable-opengl --disable-sndio --enable-libvpl --enable-libdc1394 --enable-libdrm --enable-libiec61883 --enable-chromaprint --enable-frei0r --enable-ladspa --enable-libbluray --enable-libcaca --enable-libdvdnav --enable-libdvdread --enable-libjack --enable-libpulse --enable-librabbitmq --enable-librist --enable-libsrt --enable-libssh --enable-libsvtav1 --enable-libx264 --enable-libzmq --enable-libzvbi --enable-lv2 --enable-sdl2 --enable-libplacebo --enable-librav1e --enable-pocketsphinx --enable-librsvg --enable-libjxl --enable-shared
  libavutil      59.  8.100 / 59.  8.100
  libavcodec     61.  3.100 / 61.  3.100
  libavformat    61.  1.100 / 61.  1.100
  libavdevice    61.  1.100 / 61.  1.100
  libavfilter    10.  1.100 / 10.  1.100
  libswscale      8.  1.100 /  8.  1.100
  libswresample   5.  1.100 /  5.  1.100
  libpostproc    58.  1.100 / 58.  1.100
Input #0, concat, from '/home/marco-lasagna/Scaricati/ffmpeg-java/inputFile.txt':
  Duration: N/A, start: 0.000000, bitrate: N/A
  Stream #0:0: Video: mjpeg (Baseline), yuvj420p(pc, bt470bg/unknown/unknown), 4501x4500 [SAR 1:1 DAR 4501:4500], 25 fps, 25 tbr, 25 tbn
Stream mapping:
  Stream #0:0 -> #0:0 (mjpeg (native) -> h264 (libx264))
Press [q] to stop, [?] for help
[swscaler @ 0x706028016b00] deprecated pixel format used, make sure you did set range correctly
    Last message repeated 1 times
[swscaler @ 0x706028b407c0] deprecated pixel format used, make sure you did set range correctly
    Last message repeated 1 times
[vost#0:0/libx264 @ 0x631948de0ac0] No information about the input framerate is available. Falling back to a default value of 25fps. Use the -r option if you want a different framerate.
[libx264 @ 0x631948dd6e80] using SAR=2048/4095
[libx264 @ 0x631948dd6e80] using cpu capabilities: MMX2 SSE2Fast SSSE3 SSE4.2 AVX FMA3 BMI2 AVX2
[libx264 @ 0x631948dd6e80] profile High, level 4.0, 4:2:0, 8-bit
[libx264 @ 0x631948dd6e80] 264 - core 164 r3108 31e19f9 - H.264/MPEG-4 AVC codec - Copyleft 2003-2023 - http://www.videolan.org/x264.html - options: cabac=1 ref=3 deblock=1:0:0 analyse=0x3:0x113 me=hex subme=7 psy=1 psy_rd=1.00:0.00 mixed_ref=1 me_range=16 chroma_me=1 trellis=1 8x8dct=1 cqm=0 deadzone=21,11 fast_pskip=1 chroma_qp_offset=-2 threads=30 lookahead_threads=5 sliced_threads=0 nr=0 decimate=1 interlaced=0 bluray_compat=0 constrained_intra=0 bframes=3 b_pyramid=2 b_adapt=1 b_bias=0 direct=1 weightb=1 open_gop=0 weightp=2 keyint=250 keyint_min=25 scenecut=40 intra_refresh=0 rc_lookahead=40 rc=crf mbtree=1 crf=23.0 qcomp=0.60 qpmin=0 qpmax=69 qpstep=4 ip_ratio=1.40 aq=1:1.00
Output #0, mp4, to './src/test/resources/output/translation/video/349.mp4':
  Metadata:
    encoder         : Lavf61.1.100
  Stream #0:0: Video: h264 (avc1 / 0x31637661), yuvj420p(pc, progressive), 2048x1024 [SAR 4501:9000 DAR 4501:4500], q=2-31, 25 fps, 12800 tbn
      Metadata:
        encoder         : Lavc61.3.100 libx264
      Side data:
        cpb: bitrate max/min/avg: 0/0/0 buffer size: 0 vbv_delay: N/A
[out#0/mp4 @ 0x631948ddeb40] video:32KiB audio:0KiB subtitle:0KiB other streams:0KiB global headers:0KiB muxing overhead: 2.922506%
frame=    6 fps=0.0 q=-1.0 Lsize=      33KiB time=00:00:00.16 bitrate=1678.1kbits/s dup=0 drop=19 speed=0.628x    
[libx264 @ 0x631948dd6e80] frame I:1     Avg QP:18.83  size: 30214
[libx264 @ 0x631948dd6e80] frame P:2     Avg QP:19.88  size:   446
[libx264 @ 0x631948dd6e80] frame B:3     Avg QP:25.86  size:   271
[libx264 @ 0x631948dd6e80] consecutive B-frames: 33.3%  0.0%  0.0% 66.7%
[libx264 @ 0x631948dd6e80] mb I  I16..4: 17.2% 72.3% 10.4%
[libx264 @ 0x631948dd6e80] mb P  I16..4:  0.1%  0.1%  0.0%  P16..4:  1.2%  0.2%  0.0%  0.0%  0.0%    skip:98.4%
[libx264 @ 0x631948dd6e80] mb B  I16..4:  0.0%  0.0%  0.0%  B16..8:  1.2%  0.1%  0.0%  direct: 0.0%  skip:98.6%  L0:60.0% L1:38.1% BI: 1.9%
[libx264 @ 0x631948dd6e80] 8x8 transform intra:72.2% inter:28.9%
[libx264 @ 0x631948dd6e80] coded y,uvDC,uvAC intra: 5.9% 10.2% 9.1% inter: 0.1% 0.0% 0.0%
[libx264 @ 0x631948dd6e80] i16 v,h,dc,p: 82% 17%  1%  0%
[libx264 @ 0x631948dd6e80] i8 v,h,dc,ddl,ddr,vr,hd,vl,hu: 48%  7% 45%  0%  0%  0%  0%  0%  0%
[libx264 @ 0x631948dd6e80] i4 v,h,dc,ddl,ddr,vr,hd,vl,hu: 40% 31%  9%  4%  2%  2%  4%  4%  5%
[libx264 @ 0x631948dd6e80] i8c dc,h,v,p: 82%  9%  8%  1%
[libx264 @ 0x631948dd6e80] Weighted P-Frames: Y:0.0% UV:0.0%
[libx264 @ 0x631948dd6e80] ref P L0: 93.6%  1.0%  2.1%  3.3%
[libx264 @ 0x631948dd6e80] ref B L0: 90.7%  9.3%
[libx264 @ 0x631948dd6e80] ref B L1: 93.7%  6.3%
[libx264 @ 0x631948dd6e80] kb/s:1063.97
ffmpeg version 7.0.2-3ubuntu1 Copyright (c) 2000-2024 the FFmpeg developers
  built with gcc 14 (Ubuntu 14.2.0-2ubuntu1)
  configuration: --prefix=/usr --extra-version=3ubuntu1 --toolchain=hardened --libdir=/usr/lib/x86_64-linux-gnu --incdir=/usr/include/x86_64-linux-gnu --arch=amd64 --enable-gpl --disable-stripping --disable-libmfx --disable-omx --enable-gnutls --enable-libaom --enable-libass --enable-libbs2b --enable-libcdio --enable-libcodec2 --enable-libdav1d --enable-libflite --enable-libfontconfig --enable-libfreetype --enable-libfribidi --enable-libglslang --enable-libgme --enable-libgsm --enable-libharfbuzz --enable-libmp3lame --enable-libmysofa --enable-libopenjpeg --enable-libopenmpt --enable-libopus --enable-librubberband --enable-libshine --enable-libsnappy --enable-libsoxr --enable-libspeex --enable-libtheora --enable-libtwolame --enable-libvidstab --enable-libvorbis --enable-libvpx --enable-libwebp --enable-libx265 --enable-libxml2 --enable-libxvid --enable-libzimg --enable-openal --enable-opencl --enable-opengl --disable-sndio --enable-libvpl --enable-libdc1394 --enable-libdrm --enable-libiec61883 --enable-chromaprint --enable-frei0r --enable-ladspa --enable-libbluray --enable-libcaca --enable-libdvdnav --enable-libdvdread --enable-libjack --enable-libpulse --enable-librabbitmq --enable-librist --enable-libsrt --enable-libssh --enable-libsvtav1 --enable-libx264 --enable-libzmq --enable-libzvbi --enable-lv2 --enable-sdl2 --enable-libplacebo --enable-librav1e --enable-pocketsphinx --enable-librsvg --enable-libjxl --enable-shared
  libavutil      59.  8.100 / 59.  8.100
  libavcodec     61.  3.100 / 61.  3.100
  libavformat    61.  1.100 / 61.  1.100
  libavdevice    61.  1.100 / 61.  1.100
  libavfilter    10.  1.100 / 10.  1.100
  libswscale      8.  1.100 /  8.  1.100
  libswresample   5.  1.100 /  5.  1.100
  libpostproc    58.  1.100 / 58.  1.100
Input #0, concat, from '/home/marco-lasagna/Scaricati/ffmpeg-java/inputFile.txt':
  Duration: N/A, start: 0.000000, bitrate: N/A
  Stream #0:0: Video: mjpeg (Baseline), yuvj420p(pc, bt470bg/unknown/unknown), 4501x4500 [SAR 1:1 DAR 4501:4500], 25 fps, 25 tbr, 25 tbn
Stream mapping:
  Stream #0:0 -> #0:0 (mjpeg (native) -> h264 (libx264))
Press [q] to stop, [?] for help
[swscaler @ 0x725cb8016b00] deprecated pixel format used, make sure you did set range correctly
    Last message repeated 1 times
[swscaler @ 0x725cb8b407c0] deprecated pixel format used, make sure you did set range correctly
    Last message repeated 1 times
[vost#0:0/libx264 @ 0x646724e4cac0] No information about the input framerate is available. Falling back to a default value of 25fps. Use the -r option if you want a different framerate.
[libx264 @ 0x646724e42e80] using SAR=2048/4095
[libx264 @ 0x646724e42e80] using cpu capabilities: MMX2 SSE2Fast SSSE3 SSE4.2 AVX FMA3 BMI2 AVX2
[libx264 @ 0x646724e42e80] profile High, level 4.0, 4:2:0, 8-bit
[libx264 @ 0x646724e42e80] 264 - core 164 r3108 31e19f9 - H.264/MPEG-4 AVC codec - Copyleft 2003-2023 - http://www.videolan.org/x264.html - options: cabac=1 ref=3 deblock=1:0:0 analyse=0x3:0x113 me=hex subme=7 psy=1 psy_rd=1.00:0.00 mixed_ref=1 me_range=16 chroma_me=1 trellis=1 8x8dct=1 cqm=0 deadzone=21,11 fast_pskip=1 chroma_qp_offset=-2 threads=30 lookahead_threads=5 sliced_threads=0 nr=0 decimate=1 interlaced=0 bluray_compat=0 constrained_intra=0 bframes=3 b_pyramid=2 b_adapt=1 b_bias=0 direct=1 weightb=1 open_gop=0 weightp=2 keyint=250 keyint_min=25 scenecut=40 intra_refresh=0 rc_lookahead=40 rc=crf mbtree=1 crf=23.0 qcomp=0.60 qpmin=0 qpmax=69 qpstep=4 ip_ratio=1.40 aq=1:1.00
Output #0, mp4, to './src/test/resources/output/translation/video/359.mp4':
  Metadata:
    encoder         : Lavf61.1.100
  Stream #0:0: Video: h264 (avc1 / 0x31637661), yuvj420p(pc, progressive), 2048x1024 [SAR 4501:9000 DAR 4501:4500], q=2-31, 25 fps, 12800 tbn
      Metadata:
        encoder         : Lavc61.3.100 libx264
      Side data:
        cpb: bitrate max/min/avg: 0/0/0 buffer size: 0 vbv_delay: N/A
[out#0/mp4 @ 0x646724e4ab40] video:32KiB audio:0KiB subtitle:0KiB other streams:0KiB global headers:0KiB muxing overhead: 2.918210%
frame=    6 fps=0.0 q=-1.0 Lsize=      33KiB time=00:00:00.16 bitrate=1680.5kbits/s dup=0 drop=19 speed=0.651x    
[libx264 @ 0x646724e42e80] frame I:1     Avg QP:18.62  size: 30248
[libx264 @ 0x646724e42e80] frame P:2     Avg QP:18.84  size:   472
[libx264 @ 0x646724e42e80] frame B:3     Avg QP:31.24  size:   259
[libx264 @ 0x646724e42e80] consecutive B-frames: 33.3%  0.0%  0.0% 66.7%
[libx264 @ 0x646724e42e80] mb I  I16..4: 26.0% 63.6% 10.4%
[libx264 @ 0x646724e42e80] mb P  I16..4:  0.1%  0.1%  0.0%  P16..4:  1.2%  0.2%  0.0%  0.0%  0.0%    skip:98.4%
[libx264 @ 0x646724e42e80] mb B  I16..4:  0.0%  0.0%  0.0%  B16..8:  1.2%  0.1%  0.0%  direct: 0.0%  skip:98.7%  L0:63.8% L1:32.9% BI: 3.3%
[libx264 @ 0x646724e42e80] 8x8 transform intra:63.6% inter:20.8%
[libx264 @ 0x646724e42e80] coded y,uvDC,uvAC intra: 6.0% 10.2% 9.1% inter: 0.1% 0.0% 0.0%
[libx264 @ 0x646724e42e80] i16 v,h,dc,p: 88% 12%  1%  0%
[libx264 @ 0x646724e42e80] i8 v,h,dc,ddl,ddr,vr,hd,vl,hu: 44%  6% 50%  0%  0%  0%  0%  0%  0%
[libx264 @ 0x646724e42e80] i4 v,h,dc,ddl,ddr,vr,hd,vl,hu: 39% 30% 10%  4%  2%  2%  4%  4%  5%
[libx264 @ 0x646724e42e80] i8c dc,h,v,p: 82%  9%  8%  1%
[libx264 @ 0x646724e42e80] Weighted P-Frames: Y:0.0% UV:0.0%
[libx264 @ 0x646724e42e80] ref P L0: 95.8%  0.0%  0.3%  3.9%
[libx264 @ 0x646724e42e80] ref B L0: 87.0% 13.0%
[libx264 @ 0x646724e42e80] ref B L1: 94.3%  5.7%
[libx264 @ 0x646724e42e80] kb/s:1065.57
ffmpeg version 7.0.2-3ubuntu1 Copyright (c) 2000-2024 the FFmpeg developers
  built with gcc 14 (Ubuntu 14.2.0-2ubuntu1)
  configuration: --prefix=/usr --extra-version=3ubuntu1 --toolchain=hardened --libdir=/usr/lib/x86_64-linux-gnu --incdir=/usr/include/x86_64-linux-gnu --arch=amd64 --enable-gpl --disable-stripping --disable-libmfx --disable-omx --enable-gnutls --enable-libaom --enable-libass --enable-libbs2b --enable-libcdio --enable-libcodec2 --enable-libdav1d --enable-libflite --enable-libfontconfig --enable-libfreetype --enable-libfribidi --enable-libglslang --enable-libgme --enable-libgsm --enable-libharfbuzz --enable-libmp3lame --enable-libmysofa --enable-libopenjpeg --enable-libopenmpt --enable-libopus --enable-librubberband --enable-libshine --enable-libsnappy --enable-libsoxr --enable-libspeex --enable-libtheora --enable-libtwolame --enable-libvidstab --enable-libvorbis --enable-libvpx --enable-libwebp --enable-libx265 --enable-libxml2 --enable-libxvid --enable-libzimg --enable-openal --enable-opencl --enable-opengl --disable-sndio --enable-libvpl --enable-libdc1394 --enable-libdrm --enable-libiec61883 --enable-chromaprint --enable-frei0r --enable-ladspa --enable-libbluray --enable-libcaca --enable-libdvdnav --enable-libdvdread --enable-libjack --enable-libpulse --enable-librabbitmq --enable-librist --enable-libsrt --enable-libssh --enable-libsvtav1 --enable-libx264 --enable-libzmq --enable-libzvbi --enable-lv2 --enable-sdl2 --enable-libplacebo --enable-librav1e --enable-pocketsphinx --enable-librsvg --enable-libjxl --enable-shared
  libavutil      59.  8.100 / 59.  8.100
  libavcodec     61.  3.100 / 61.  3.100
  libavformat    61.  1.100 / 61.  1.100
  libavdevice    61.  1.100 / 61.  1.100
  libavfilter    10.  1.100 / 10.  1.100
  libswscale      8.  1.100 /  8.  1.100
  libswresample   5.  1.100 /  5.  1.100
  libpostproc    58.  1.100 / 58.  1.100
Input #0, concat, from '/home/marco-lasagna/Scaricati/ffmpeg-java/inputFile.txt':
  Duration: N/A, start: 0.000000, bitrate: N/A
  Stream #0:0: Video: mjpeg (Baseline), yuvj420p(pc, bt470bg/unknown/unknown), 4501x4500 [SAR 1:1 DAR 4501:4500], 25 fps, 25 tbr, 25 tbn
Stream mapping:
  Stream #0:0 -> #0:0 (mjpeg (native) -> h264 (libx264))
Press [q] to stop, [?] for help
[swscaler @ 0x70d8bc016b00] deprecated pixel format used, make sure you did set range correctly
    Last message repeated 1 times
[swscaler @ 0x70d8bcb407c0] deprecated pixel format used, make sure you did set range correctly
    Last message repeated 1 times
[vost#0:0/libx264 @ 0x55cdcc814ac0] No information about the input framerate is available. Falling back to a default value of 25fps. Use the -r option if you want a different framerate.
[libx264 @ 0x55cdcc80ae80] using SAR=2048/4095
[libx264 @ 0x55cdcc80ae80] using cpu capabilities: MMX2 SSE2Fast SSSE3 SSE4.2 AVX FMA3 BMI2 AVX2
[libx264 @ 0x55cdcc80ae80] profile High, level 4.0, 4:2:0, 8-bit
[libx264 @ 0x55cdcc80ae80] 264 - core 164 r3108 31e19f9 - H.264/MPEG-4 AVC codec - Copyleft 2003-2023 - http://www.videolan.org/x264.html - options: cabac=1 ref=3 deblock=1:0:0 analyse=0x3:0x113 me=hex subme=7 psy=1 psy_rd=1.00:0.00 mixed_ref=1 me_range=16 chroma_me=1 trellis=1 8x8dct=1 cqm=0 deadzone=21,11 fast_pskip=1 chroma_qp_offset=-2 threads=30 lookahead_threads=5 sliced_threads=0 nr=0 decimate=1 interlaced=0 bluray_compat=0 constrained_intra=0 bframes=3 b_pyramid=2 b_adapt=1 b_bias=0 direct=1 weightb=1 open_gop=0 weightp=2 keyint=250 keyint_min=25 scenecut=40 intra_refresh=0 rc_lookahead=40 rc=crf mbtree=1 crf=23.0 qcomp=0.60 qpmin=0 qpmax=69 qpstep=4 ip_ratio=1.40 aq=1:1.00
Output #0, mp4, to './src/test/resources/output/translation/video/369.mp4':
  Metadata:
    encoder         : Lavf61.1.100
  Stream #0:0: Video: h264 (avc1 / 0x31637661), yuvj420p(pc, progressive), 2048x1024 [SAR 4501:9000 DAR 4501:4500], q=2-31, 25 fps, 12800 tbn
      Metadata:
        encoder         : Lavc61.3.100 libx264
      Side data:
        cpb: bitrate max/min/avg: 0/0/0 buffer size: 0 vbv_delay: N/A
[out#0/mp4 @ 0x55cdcc812b40] video:32KiB audio:0KiB subtitle:0KiB other streams:0KiB global headers:0KiB muxing overhead: 2.926455%
frame=    6 fps=0.0 q=-1.0 Lsize=      33KiB time=00:00:00.16 bitrate=1675.9kbits/s dup=0 drop=19 speed=0.644x    
[libx264 @ 0x55cdcc80ae80] frame I:1     Avg QP:18.48  size: 30171
[libx264 @ 0x55cdcc80ae80] frame P:2     Avg QP:18.05  size:   467
[libx264 @ 0x55cdcc80ae80] frame B:3     Avg QP:24.38  size:   257
[libx264 @ 0x55cdcc80ae80] consecutive B-frames: 33.3%  0.0%  0.0% 66.7%
[libx264 @ 0x55cdcc80ae80] mb I  I16..4: 25.9% 63.7% 10.4%
[libx264 @ 0x55cdcc80ae80] mb P  I16..4:  0.1%  0.1%  0.0%  P16..4:  1.0%  0.1%  0.0%  0.0%  0.0%    skip:98.7%
[libx264 @ 0x55cdcc80ae80] mb B  I16..4:  0.0%  0.0%  0.0%  B16..8:  1.2%  0.1%  0.0%  direct: 0.0%  skip:98.6%  L0:26.3% L1:71.7% BI: 1.9%
[libx264 @ 0x55cdcc80ae80] 8x8 transform intra:63.6% inter:23.4%
[libx264 @ 0x55cdcc80ae80] coded y,uvDC,uvAC intra: 6.0% 10.2% 9.1% inter: 0.1% 0.0% 0.0%
[libx264 @ 0x55cdcc80ae80] i16 v,h,dc,p: 87% 12%  1%  0%
[libx264 @ 0x55cdcc80ae80] i8 v,h,dc,ddl,ddr,vr,hd,vl,hu: 41%  8% 50%  0%  0%  0%  0%  0%  0%
[libx264 @ 0x55cdcc80ae80] i4 v,h,dc,ddl,ddr,vr,hd,vl,hu: 39% 30% 10%  4%  2%  2%  4%  4%  5%
[libx264 @ 0x55cdcc80ae80] i8c dc,h,v,p: 82%  9%  8%  1%
[libx264 @ 0x55cdcc80ae80] Weighted P-Frames: Y:0.0% UV:0.0%
[libx264 @ 0x55cdcc80ae80] ref P L0: 98.5%  0.0%  0.0%  1.5%
[libx264 @ 0x55cdcc80ae80] ref B L0: 81.3% 18.7%
[libx264 @ 0x55cdcc80ae80] ref B L1: 96.3%  3.7%
[libx264 @ 0x55cdcc80ae80] kb/s:1062.50
ffmpeg version 7.0.2-3ubuntu1 Copyright (c) 2000-2024 the FFmpeg developers
  built with gcc 14 (Ubuntu 14.2.0-2ubuntu1)
  configuration: --prefix=/usr --extra-version=3ubuntu1 --toolchain=hardened --libdir=/usr/lib/x86_64-linux-gnu --incdir=/usr/include/x86_64-linux-gnu --arch=amd64 --enable-gpl --disable-stripping --disable-libmfx --disable-omx --enable-gnutls --enable-libaom --enable-libass --enable-libbs2b --enable-libcdio --enable-libcodec2 --enable-libdav1d --enable-libflite --enable-libfontconfig --enable-libfreetype --enable-libfribidi --enable-libglslang --enable-libgme --enable-libgsm --enable-libharfbuzz --enable-libmp3lame --enable-libmysofa --enable-libopenjpeg --enable-libopenmpt --enable-libopus --enable-librubberband --enable-libshine --enable-libsnappy --enable-libsoxr --enable-libspeex --enable-libtheora --enable-libtwolame --enable-libvidstab --enable-libvorbis --enable-libvpx --enable-libwebp --enable-libx265 --enable-libxml2 --enable-libxvid --enable-libzimg --enable-openal --enable-opencl --enable-opengl --disable-sndio --enable-libvpl --enable-libdc1394 --enable-libdrm --enable-libiec61883 --enable-chromaprint --enable-frei0r --enable-ladspa --enable-libbluray --enable-libcaca --enable-libdvdnav --enable-libdvdread --enable-libjack --enable-libpulse --enable-librabbitmq --enable-librist --enable-libsrt --enable-libssh --enable-libsvtav1 --enable-libx264 --enable-libzmq --enable-libzvbi --enable-lv2 --enable-sdl2 --enable-libplacebo --enable-librav1e --enable-pocketsphinx --enable-librsvg --enable-libjxl --enable-shared
  libavutil      59.  8.100 / 59.  8.100
  libavcodec     61.  3.100 / 61.  3.100
  libavformat    61.  1.100 / 61.  1.100
  libavdevice    61.  1.100 / 61.  1.100
  libavfilter    10.  1.100 / 10.  1.100
  libswscale      8.  1.100 /  8.  1.100
  libswresample   5.  1.100 /  5.  1.100
  libpostproc    58.  1.100 / 58.  1.100
Input #0, concat, from '/home/marco-lasagna/Scaricati/ffmpeg-java/inputFile.txt':
  Duration: N/A, start: 0.000000, bitrate: N/A
  Stream #0:0: Video: mjpeg (Baseline), yuvj420p(pc, bt470bg/unknown/unknown), 4501x4500 [SAR 1:1 DAR 4501:4500], 25 fps, 25 tbr, 25 tbn
Stream mapping:
  Stream #0:0 -> #0:0 (mjpeg (native) -> h264 (libx264))
Press [q] to stop, [?] for help
[swscaler @ 0x75caa8016b00] deprecated pixel format used, make sure you did set range correctly
    Last message repeated 1 times
[swscaler @ 0x75caa8b407c0] deprecated pixel format used, make sure you did set range correctly
    Last message repeated 1 times
[vost#0:0/libx264 @ 0x644b51261ac0] No information about the input framerate is available. Falling back to a default value of 25fps. Use the -r option if you want a different framerate.
[libx264 @ 0x644b51257e80] using SAR=2048/4095
[libx264 @ 0x644b51257e80] using cpu capabilities: MMX2 SSE2Fast SSSE3 SSE4.2 AVX FMA3 BMI2 AVX2
[libx264 @ 0x644b51257e80] profile High, level 4.0, 4:2:0, 8-bit
[libx264 @ 0x644b51257e80] 264 - core 164 r3108 31e19f9 - H.264/MPEG-4 AVC codec - Copyleft 2003-2023 - http://www.videolan.org/x264.html - options: cabac=1 ref=3 deblock=1:0:0 analyse=0x3:0x113 me=hex subme=7 psy=1 psy_rd=1.00:0.00 mixed_ref=1 me_range=16 chroma_me=1 trellis=1 8x8dct=1 cqm=0 deadzone=21,11 fast_pskip=1 chroma_qp_offset=-2 threads=30 lookahead_threads=5 sliced_threads=0 nr=0 decimate=1 interlaced=0 bluray_compat=0 constrained_intra=0 bframes=3 b_pyramid=2 b_adapt=1 b_bias=0 direct=1 weightb=1 open_gop=0 weightp=2 keyint=250 keyint_min=25 scenecut=40 intra_refresh=0 rc_lookahead=40 rc=crf mbtree=1 crf=23.0 qcomp=0.60 qpmin=0 qpmax=69 qpstep=4 ip_ratio=1.40 aq=1:1.00
Output #0, mp4, to './src/test/resources/output/translation/video/379.mp4':
  Metadata:
    encoder         : Lavf61.1.100
  Stream #0:0: Video: h264 (avc1 / 0x31637661), yuvj420p(pc, progressive), 2048x1024 [SAR 4501:9000 DAR 4501:4500], q=2-31, 25 fps, 12800 tbn
      Metadata:
        encoder         : Lavc61.3.100 libx264
      Side data:
        cpb: bitrate max/min/avg: 0/0/0 buffer size: 0 vbv_delay: N/A
[out#0/mp4 @ 0x644b5125fb40] video:32KiB audio:0KiB subtitle:0KiB other streams:0KiB global headers:0KiB muxing overhead: 2.914017%
frame=    6 fps=0.0 q=-1.0 Lsize=      33KiB time=00:00:00.16 bitrate=1682.8kbits/s dup=0 drop=19 speed=0.662x    
[libx264 @ 0x644b51257e80] frame I:1     Avg QP:18.57  size: 30290
[libx264 @ 0x644b51257e80] frame P:2     Avg QP:19.91  size:   475
[libx264 @ 0x644b51257e80] frame B:3     Avg QP:26.71  size:   258
[libx264 @ 0x644b51257e80] consecutive B-frames: 33.3%  0.0%  0.0% 66.7%
[libx264 @ 0x644b51257e80] mb I  I16..4: 17.2% 72.4% 10.4%
[libx264 @ 0x644b51257e80] mb P  I16..4:  0.1%  0.1%  0.0%  P16..4:  1.3%  0.1%  0.1%  0.0%  0.0%    skip:98.4%
[libx264 @ 0x644b51257e80] mb B  I16..4:  0.0%  0.0%  0.0%  B16..8:  1.2%  0.1%  0.0%  direct: 0.0%  skip:98.6%  L0:55.9% L1:42.7% BI: 1.4%
[libx264 @ 0x644b51257e80] 8x8 transform intra:72.3% inter:26.2%
[libx264 @ 0x644b51257e80] coded y,uvDC,uvAC intra: 6.0% 10.2% 9.1% inter: 0.1% 0.0% 0.0%
[libx264 @ 0x644b51257e80] i16 v,h,dc,p: 82% 17%  1%  0%
[libx264 @ 0x644b51257e80] i8 v,h,dc,ddl,ddr,vr,hd,vl,hu: 42%  9% 49%  0%  0%  0%  0%  0%  0%
[libx264 @ 0x644b51257e80] i4 v,h,dc,ddl,ddr,vr,hd,vl,hu: 39% 30%  9%  4%  2%  2%  4%  4%  5%
[libx264 @ 0x644b51257e80] i8c dc,h,v,p: 82%  9%  8%  1%
[libx264 @ 0x644b51257e80] Weighted P-Frames: Y:0.0% UV:0.0%
[libx264 @ 0x644b51257e80] ref P L0: 95.7%  0.1%  2.1%  2.1%
[libx264 @ 0x644b51257e80] ref B L0: 90.0% 10.0%
[libx264 @ 0x644b51257e80] ref B L1: 94.4%  5.6%
[libx264 @ 0x644b51257e80] kb/s:1067.13
ffmpeg version 7.0.2-3ubuntu1 Copyright (c) 2000-2024 the FFmpeg developers
  built with gcc 14 (Ubuntu 14.2.0-2ubuntu1)
  configuration: --prefix=/usr --extra-version=3ubuntu1 --toolchain=hardened --libdir=/usr/lib/x86_64-linux-gnu --incdir=/usr/include/x86_64-linux-gnu --arch=amd64 --enable-gpl --disable-stripping --disable-libmfx --disable-omx --enable-gnutls --enable-libaom --enable-libass --enable-libbs2b --enable-libcdio --enable-libcodec2 --enable-libdav1d --enable-libflite --enable-libfontconfig --enable-libfreetype --enable-libfribidi --enable-libglslang --enable-libgme --enable-libgsm --enable-libharfbuzz --enable-libmp3lame --enable-libmysofa --enable-libopenjpeg --enable-libopenmpt --enable-libopus --enable-librubberband --enable-libshine --enable-libsnappy --enable-libsoxr --enable-libspeex --enable-libtheora --enable-libtwolame --enable-libvidstab --enable-libvorbis --enable-libvpx --enable-libwebp --enable-libx265 --enable-libxml2 --enable-libxvid --enable-libzimg --enable-openal --enable-opencl --enable-opengl --disable-sndio --enable-libvpl --enable-libdc1394 --enable-libdrm --enable-libiec61883 --enable-chromaprint --enable-frei0r --enable-ladspa --enable-libbluray --enable-libcaca --enable-libdvdnav --enable-libdvdread --enable-libjack --enable-libpulse --enable-librabbitmq --enable-librist --enable-libsrt --enable-libssh --enable-libsvtav1 --enable-libx264 --enable-libzmq --enable-libzvbi --enable-lv2 --enable-sdl2 --enable-libplacebo --enable-librav1e --enable-pocketsphinx --enable-librsvg --enable-libjxl --enable-shared
  libavutil      59.  8.100 / 59.  8.100
  libavcodec     61.  3.100 / 61.  3.100
  libavformat    61.  1.100 / 61.  1.100
  libavdevice    61.  1.100 / 61.  1.100
  libavfilter    10.  1.100 / 10.  1.100
  libswscale      8.  1.100 /  8.  1.100
  libswresample   5.  1.100 /  5.  1.100
  libpostproc    58.  1.100 / 58.  1.100
Input #0, concat, from '/home/marco-lasagna/Scaricati/ffmpeg-java/inputFile.txt':
  Duration: N/A, start: 0.000000, bitrate: N/A
  Stream #0:0: Video: mjpeg (Baseline), yuvj420p(pc, bt470bg/unknown/unknown), 4501x4500 [SAR 1:1 DAR 4501:4500], 25 fps, 25 tbr, 25 tbn
Stream mapping:
  Stream #0:0 -> #0:0 (mjpeg (native) -> h264 (libx264))
Press [q] to stop, [?] for help
[swscaler @ 0x74ed68016b00] deprecated pixel format used, make sure you did set range correctly
    Last message repeated 1 times
[swscaler @ 0x74ed68b407c0] deprecated pixel format used, make sure you did set range correctly
    Last message repeated 1 times
[vost#0:0/libx264 @ 0x6383be0e3ac0] No information about the input framerate is available. Falling back to a default value of 25fps. Use the -r option if you want a different framerate.
[libx264 @ 0x6383be0d9e80] using SAR=2048/4095
[libx264 @ 0x6383be0d9e80] using cpu capabilities: MMX2 SSE2Fast SSSE3 SSE4.2 AVX FMA3 BMI2 AVX2
[libx264 @ 0x6383be0d9e80] profile High, level 4.0, 4:2:0, 8-bit
[libx264 @ 0x6383be0d9e80] 264 - core 164 r3108 31e19f9 - H.264/MPEG-4 AVC codec - Copyleft 2003-2023 - http://www.videolan.org/x264.html - options: cabac=1 ref=3 deblock=1:0:0 analyse=0x3:0x113 me=hex subme=7 psy=1 psy_rd=1.00:0.00 mixed_ref=1 me_range=16 chroma_me=1 trellis=1 8x8dct=1 cqm=0 deadzone=21,11 fast_pskip=1 chroma_qp_offset=-2 threads=30 lookahead_threads=5 sliced_threads=0 nr=0 decimate=1 interlaced=0 bluray_compat=0 constrained_intra=0 bframes=3 b_pyramid=2 b_adapt=1 b_bias=0 direct=1 weightb=1 open_gop=0 weightp=2 keyint=250 keyint_min=25 scenecut=40 intra_refresh=0 rc_lookahead=40 rc=crf mbtree=1 crf=23.0 qcomp=0.60 qpmin=0 qpmax=69 qpstep=4 ip_ratio=1.40 aq=1:1.00
Output #0, mp4, to './src/test/resources/output/translation/video/389.mp4':
  Metadata:
    encoder         : Lavf61.1.100
  Stream #0:0: Video: h264 (avc1 / 0x31637661), yuvj420p(pc, progressive), 2048x1024 [SAR 4501:9000 DAR 4501:4500], q=2-31, 25 fps, 12800 tbn
      Metadata:
        encoder         : Lavc61.3.100 libx264
      Side data:
        cpb: bitrate max/min/avg: 0/0/0 buffer size: 0 vbv_delay: N/A
[out#0/mp4 @ 0x6383be0e1b40] video:32KiB audio:0KiB subtitle:0KiB other streams:0KiB global headers:0KiB muxing overhead: 2.926185%
frame=    6 fps=0.0 q=-1.0 Lsize=      33KiB time=00:00:00.16 bitrate=1676.0kbits/s dup=0 drop=19 speed=0.655x    
[libx264 @ 0x6383be0d9e80] frame I:1     Avg QP:18.37  size: 30171
[libx264 @ 0x6383be0d9e80] frame P:2     Avg QP:17.07  size:   476
[libx264 @ 0x6383be0d9e80] frame B:3     Avg QP:32.06  size:   252
[libx264 @ 0x6383be0d9e80] consecutive B-frames: 33.3%  0.0%  0.0% 66.7%
[libx264 @ 0x6383be0d9e80] mb I  I16..4: 24.7% 65.1% 10.3%
[libx264 @ 0x6383be0d9e80] mb P  I16..4:  0.1%  0.1%  0.0%  P16..4:  1.2%  0.1%  0.1%  0.0%  0.0%    skip:98.3%
[libx264 @ 0x6383be0d9e80] mb B  I16..4:  0.0%  0.1%  0.0%  B16..8:  1.3%  0.1%  0.0%  direct: 0.0%  skip:98.5%  L0:42.8% L1:55.0% BI: 2.2%
[libx264 @ 0x6383be0d9e80] 8x8 transform intra:65.0% inter:41.7%
[libx264 @ 0x6383be0d9e80] coded y,uvDC,uvAC intra: 6.0% 10.2% 9.1% inter: 0.1% 0.0% 0.0%
[libx264 @ 0x6383be0d9e80] i16 v,h,dc,p: 87% 12%  1%  0%
[libx264 @ 0x6383be0d9e80] i8 v,h,dc,ddl,ddr,vr,hd,vl,hu: 58%  9% 32%  0%  0%  0%  0%  0%  0%
[libx264 @ 0x6383be0d9e80] i4 v,h,dc,ddl,ddr,vr,hd,vl,hu: 39% 30% 10%  4%  2%  2%  4%  4%  5%
[libx264 @ 0x6383be0d9e80] i8c dc,h,v,p: 82%  9%  8%  1%
[libx264 @ 0x6383be0d9e80] Weighted P-Frames: Y:0.0% UV:0.0%
[libx264 @ 0x6383be0d9e80] ref P L0: 99.8%  0.2%
[libx264 @ 0x6383be0d9e80] ref B L0: 92.9%  7.1%
[libx264 @ 0x6383be0d9e80] ref B L1: 93.1%  6.9%
[libx264 @ 0x6383be0d9e80] kb/s:1062.60
ffmpeg version 7.0.2-3ubuntu1 Copyright (c) 2000-2024 the FFmpeg developers
  built with gcc 14 (Ubuntu 14.2.0-2ubuntu1)
  configuration: --prefix=/usr --extra-version=3ubuntu1 --toolchain=hardened --libdir=/usr/lib/x86_64-linux-gnu --incdir=/usr/include/x86_64-linux-gnu --arch=amd64 --enable-gpl --disable-stripping --disable-libmfx --disable-omx --enable-gnutls --enable-libaom --enable-libass --enable-libbs2b --enable-libcdio --enable-libcodec2 --enable-libdav1d --enable-libflite --enable-libfontconfig --enable-libfreetype --enable-libfribidi --enable-libglslang --enable-libgme --enable-libgsm --enable-libharfbuzz --enable-libmp3lame --enable-libmysofa --enable-libopenjpeg --enable-libopenmpt --enable-libopus --enable-librubberband --enable-libshine --enable-libsnappy --enable-libsoxr --enable-libspeex --enable-libtheora --enable-libtwolame --enable-libvidstab --enable-libvorbis --enable-libvpx --enable-libwebp --enable-libx265 --enable-libxml2 --enable-libxvid --enable-libzimg --enable-openal --enable-opencl --enable-opengl --disable-sndio --enable-libvpl --enable-libdc1394 --enable-libdrm --enable-libiec61883 --enable-chromaprint --enable-frei0r --enable-ladspa --enable-libbluray --enable-libcaca --enable-libdvdnav --enable-libdvdread --enable-libjack --enable-libpulse --enable-librabbitmq --enable-librist --enable-libsrt --enable-libssh --enable-libsvtav1 --enable-libx264 --enable-libzmq --enable-libzvbi --enable-lv2 --enable-sdl2 --enable-libplacebo --enable-librav1e --enable-pocketsphinx --enable-librsvg --enable-libjxl --enable-shared
  libavutil      59.  8.100 / 59.  8.100
  libavcodec     61.  3.100 / 61.  3.100
  libavformat    61.  1.100 / 61.  1.100
  libavdevice    61.  1.100 / 61.  1.100
  libavfilter    10.  1.100 / 10.  1.100
  libswscale      8.  1.100 /  8.  1.100
  libswresample   5.  1.100 /  5.  1.100
  libpostproc    58.  1.100 / 58.  1.100
Input #0, concat, from '/home/marco-lasagna/Scaricati/ffmpeg-java/inputFile.txt':
  Duration: N/A, start: 0.000000, bitrate: N/A
  Stream #0:0: Video: mjpeg (Baseline), yuvj420p(pc, bt470bg/unknown/unknown), 4501x4500 [SAR 1:1 DAR 4501:4500], 25 fps, 25 tbr, 25 tbn
Stream mapping:
  Stream #0:0 -> #0:0 (mjpeg (native) -> h264 (libx264))
Press [q] to stop, [?] for help
[swscaler @ 0x7765fc016b00] deprecated pixel format used, make sure you did set range correctly
    Last message repeated 1 times
[swscaler @ 0x7765fcb407c0] deprecated pixel format used, make sure you did set range correctly
    Last message repeated 1 times
[vost#0:0/libx264 @ 0x60b178c11ac0] No information about the input framerate is available. Falling back to a default value of 25fps. Use the -r option if you want a different framerate.
[libx264 @ 0x60b178c07e80] using SAR=2048/4095
[libx264 @ 0x60b178c07e80] using cpu capabilities: MMX2 SSE2Fast SSSE3 SSE4.2 AVX FMA3 BMI2 AVX2
[libx264 @ 0x60b178c07e80] profile High, level 4.0, 4:2:0, 8-bit
[libx264 @ 0x60b178c07e80] 264 - core 164 r3108 31e19f9 - H.264/MPEG-4 AVC codec - Copyleft 2003-2023 - http://www.videolan.org/x264.html - options: cabac=1 ref=3 deblock=1:0:0 analyse=0x3:0x113 me=hex subme=7 psy=1 psy_rd=1.00:0.00 mixed_ref=1 me_range=16 chroma_me=1 trellis=1 8x8dct=1 cqm=0 deadzone=21,11 fast_pskip=1 chroma_qp_offset=-2 threads=30 lookahead_threads=5 sliced_threads=0 nr=0 decimate=1 interlaced=0 bluray_compat=0 constrained_intra=0 bframes=3 b_pyramid=2 b_adapt=1 b_bias=0 direct=1 weightb=1 open_gop=0 weightp=2 keyint=250 keyint_min=25 scenecut=40 intra_refresh=0 rc_lookahead=40 rc=crf mbtree=1 crf=23.0 qcomp=0.60 qpmin=0 qpmax=69 qpstep=4 ip_ratio=1.40 aq=1:1.00
Output #0, mp4, to './src/test/resources/output/translation/video/399.mp4':
  Metadata:
    encoder         : Lavf61.1.100
  Stream #0:0: Video: h264 (avc1 / 0x31637661), yuvj420p(pc, progressive), 2048x1024 [SAR 4501:9000 DAR 4501:4500], q=2-31, 25 fps, 12800 tbn
      Metadata:
        encoder         : Lavc61.3.100 libx264
      Side data:
        cpb: bitrate max/min/avg: 0/0/0 buffer size: 0 vbv_delay: N/A
[out#0/mp4 @ 0x60b178c0fb40] video:32KiB audio:0KiB subtitle:0KiB other streams:0KiB global headers:0KiB muxing overhead: 2.921073%
frame=    6 fps=0.0 q=-1.0 Lsize=      33KiB time=00:00:00.16 bitrate=1678.9kbits/s dup=0 drop=19 speed=0.653x    
[libx264 @ 0x60b178c07e80] frame I:1     Avg QP:18.57  size: 30174
[libx264 @ 0x60b178c07e80] frame P:2     Avg QP:18.20  size:   501
[libx264 @ 0x60b178c07e80] frame B:3     Avg QP:26.88  size:   253
[libx264 @ 0x60b178c07e80] consecutive B-frames: 33.3%  0.0%  0.0% 66.7%
[libx264 @ 0x60b178c07e80] mb I  I16..4: 14.2% 75.5% 10.3%
[libx264 @ 0x60b178c07e80] mb P  I16..4:  0.1%  0.1%  0.0%  P16..4:  1.2%  0.2%  0.1%  0.0%  0.0%    skip:98.3%
[libx264 @ 0x60b178c07e80] mb B  I16..4:  0.0%  0.0%  0.0%  B16..8:  1.2%  0.1%  0.0%  direct: 0.0%  skip:98.7%  L0:31.3% L1:66.5% BI: 2.2%
[libx264 @ 0x60b178c07e80] 8x8 transform intra:75.5% inter:24.3%
[libx264 @ 0x60b178c07e80] coded y,uvDC,uvAC intra: 5.9% 10.2% 9.1% inter: 0.1% 0.0% 0.0%
[libx264 @ 0x60b178c07e80] i16 v,h,dc,p: 79% 20%  1%  0%
[libx264 @ 0x60b178c07e80] i8 v,h,dc,ddl,ddr,vr,hd,vl,hu: 51% 17% 32%  0%  0%  0%  0%  0%  0%
[libx264 @ 0x60b178c07e80] i4 v,h,dc,ddl,ddr,vr,hd,vl,hu: 39% 30% 10%  4%  2%  2%  4%  4%  5%
[libx264 @ 0x60b178c07e80] i8c dc,h,v,p: 82%  9%  8%  1%
[libx264 @ 0x60b178c07e80] Weighted P-Frames: Y:0.0% UV:0.0%
[libx264 @ 0x60b178c07e80] ref P L0: 95.7%  0.2%  0.8%  3.3%
[libx264 @ 0x60b178c07e80] ref B L0: 83.1% 16.9%
[libx264 @ 0x60b178c07e80] ref B L1: 95.3%  4.7%
[libx264 @ 0x60b178c07e80] kb/s:1064.50
ffmpeg version 7.0.2-3ubuntu1 Copyright (c) 2000-2024 the FFmpeg developers
  built with gcc 14 (Ubuntu 14.2.0-2ubuntu1)
  configuration: --prefix=/usr --extra-version=3ubuntu1 --toolchain=hardened --libdir=/usr/lib/x86_64-linux-gnu --incdir=/usr/include/x86_64-linux-gnu --arch=amd64 --enable-gpl --disable-stripping --disable-libmfx --disable-omx --enable-gnutls --enable-libaom --enable-libass --enable-libbs2b --enable-libcdio --enable-libcodec2 --enable-libdav1d --enable-libflite --enable-libfontconfig --enable-libfreetype --enable-libfribidi --enable-libglslang --enable-libgme --enable-libgsm --enable-libharfbuzz --enable-libmp3lame --enable-libmysofa --enable-libopenjpeg --enable-libopenmpt --enable-libopus --enable-librubberband --enable-libshine --enable-libsnappy --enable-libsoxr --enable-libspeex --enable-libtheora --enable-libtwolame --enable-libvidstab --enable-libvorbis --enable-libvpx --enable-libwebp --enable-libx265 --enable-libxml2 --enable-libxvid --enable-libzimg --enable-openal --enable-opencl --enable-opengl --disable-sndio --enable-libvpl --enable-libdc1394 --enable-libdrm --enable-libiec61883 --enable-chromaprint --enable-frei0r --enable-ladspa --enable-libbluray --enable-libcaca --enable-libdvdnav --enable-libdvdread --enable-libjack --enable-libpulse --enable-librabbitmq --enable-librist --enable-libsrt --enable-libssh --enable-libsvtav1 --enable-libx264 --enable-libzmq --enable-libzvbi --enable-lv2 --enable-sdl2 --enable-libplacebo --enable-librav1e --enable-pocketsphinx --enable-librsvg --enable-libjxl --enable-shared
  libavutil      59.  8.100 / 59.  8.100
  libavcodec     61.  3.100 / 61.  3.100
  libavformat    61.  1.100 / 61.  1.100
  libavdevice    61.  1.100 / 61.  1.100
  libavfilter    10.  1.100 / 10.  1.100
  libswscale      8.  1.100 /  8.  1.100
  libswresample   5.  1.100 /  5.  1.100
  libpostproc    58.  1.100 / 58.  1.100
Input #0, concat, from '/home/marco-lasagna/Scaricati/ffmpeg-java/inputFile.txt':
  Duration: N/A, start: 0.000000, bitrate: N/A
  Stream #0:0: Video: mjpeg (Baseline), yuvj420p(pc, bt470bg/unknown/unknown), 4501x4500 [SAR 1:1 DAR 4501:4500], 25 fps, 25 tbr, 25 tbn
Stream mapping:
  Stream #0:0 -> #0:0 (mjpeg (native) -> h264 (libx264))
Press [q] to stop, [?] for help
[swscaler @ 0x7651b4016b00] deprecated pixel format used, make sure you did set range correctly
    Last message repeated 1 times
[swscaler @ 0x7651b4b407c0] deprecated pixel format used, make sure you did set range correctly
    Last message repeated 1 times
[vost#0:0/libx264 @ 0x566faa177ac0] No information about the input framerate is available. Falling back to a default value of 25fps. Use the -r option if you want a different framerate.
[libx264 @ 0x566faa16de80] using SAR=2048/4095
[libx264 @ 0x566faa16de80] using cpu capabilities: MMX2 SSE2Fast SSSE3 SSE4.2 AVX FMA3 BMI2 AVX2
[libx264 @ 0x566faa16de80] profile High, level 4.0, 4:2:0, 8-bit
[libx264 @ 0x566faa16de80] 264 - core 164 r3108 31e19f9 - H.264/MPEG-4 AVC codec - Copyleft 2003-2023 - http://www.videolan.org/x264.html - options: cabac=1 ref=3 deblock=1:0:0 analyse=0x3:0x113 me=hex subme=7 psy=1 psy_rd=1.00:0.00 mixed_ref=1 me_range=16 chroma_me=1 trellis=1 8x8dct=1 cqm=0 deadzone=21,11 fast_pskip=1 chroma_qp_offset=-2 threads=30 lookahead_threads=5 sliced_threads=0 nr=0 decimate=1 interlaced=0 bluray_compat=0 constrained_intra=0 bframes=3 b_pyramid=2 b_adapt=1 b_bias=0 direct=1 weightb=1 open_gop=0 weightp=2 keyint=250 keyint_min=25 scenecut=40 intra_refresh=0 rc_lookahead=40 rc=crf mbtree=1 crf=23.0 qcomp=0.60 qpmin=0 qpmax=69 qpstep=4 ip_ratio=1.40 aq=1:1.00
Output #0, mp4, to './src/test/resources/output/translation/video/409.mp4':
  Metadata:
    encoder         : Lavf61.1.100
  Stream #0:0: Video: h264 (avc1 / 0x31637661), yuvj420p(pc, progressive), 2048x1024 [SAR 4501:9000 DAR 4501:4500], q=2-31, 25 fps, 12800 tbn
      Metadata:
        encoder         : Lavc61.3.100 libx264
      Side data:
        cpb: bitrate max/min/avg: 0/0/0 buffer size: 0 vbv_delay: N/A
[out#0/mp4 @ 0x566faa175b40] video:32KiB audio:0KiB subtitle:0KiB other streams:0KiB global headers:0KiB muxing overhead: 2.907261%
frame=    6 fps=0.0 q=-1.0 Lsize=      33KiB time=00:00:00.16 bitrate=1686.7kbits/s dup=0 drop=19 speed=0.642x    
[libx264 @ 0x566faa16de80] frame I:1     Avg QP:18.56  size: 30235
[libx264 @ 0x566faa16de80] frame P:2     Avg QP:18.27  size:   516
[libx264 @ 0x566faa16de80] frame B:3     Avg QP:26.70  size:   275
[libx264 @ 0x566faa16de80] consecutive B-frames: 33.3%  0.0%  0.0% 66.7%
[libx264 @ 0x566faa16de80] mb I  I16..4: 14.1% 75.6% 10.3%
[libx264 @ 0x566faa16de80] mb P  I16..4:  0.1%  0.1%  0.0%  P16..4:  1.2%  0.2%  0.1%  0.0%  0.0%    skip:98.3%
[libx264 @ 0x566faa16de80] mb B  I16..4:  0.0%  0.0%  0.0%  B16..8:  1.2%  0.1%  0.0%  direct: 0.0%  skip:98.6%  L0:31.4% L1:66.1% BI: 2.5%
[libx264 @ 0x566faa16de80] 8x8 transform intra:75.5% inter:19.5%
[libx264 @ 0x566faa16de80] coded y,uvDC,uvAC intra: 5.9% 10.2% 9.1% inter: 0.1% 0.0% 0.0%
[libx264 @ 0x566faa16de80] i16 v,h,dc,p: 79% 20%  1%  0%
[libx264 @ 0x566faa16de80] i8 v,h,dc,ddl,ddr,vr,hd,vl,hu: 57% 11% 32%  0%  0%  0%  0%  0%  0%
[libx264 @ 0x566faa16de80] i4 v,h,dc,ddl,ddr,vr,hd,vl,hu: 39% 30% 10%  4%  2%  2%  4%  4%  5%
[libx264 @ 0x566faa16de80] i8c dc,h,v,p: 82%  9%  8%  1%
[libx264 @ 0x566faa16de80] Weighted P-Frames: Y:0.0% UV:0.0%
[libx264 @ 0x566faa16de80] ref P L0: 97.6%  0.1%  1.0%  1.2%
[libx264 @ 0x566faa16de80] ref B L0: 82.8% 17.2%
[libx264 @ 0x566faa16de80] ref B L1: 95.4%  4.6%
[libx264 @ 0x566faa16de80] kb/s:1069.67
ffmpeg version 7.0.2-3ubuntu1 Copyright (c) 2000-2024 the FFmpeg developers
  built with gcc 14 (Ubuntu 14.2.0-2ubuntu1)
  configuration: --prefix=/usr --extra-version=3ubuntu1 --toolchain=hardened --libdir=/usr/lib/x86_64-linux-gnu --incdir=/usr/include/x86_64-linux-gnu --arch=amd64 --enable-gpl --disable-stripping --disable-libmfx --disable-omx --enable-gnutls --enable-libaom --enable-libass --enable-libbs2b --enable-libcdio --enable-libcodec2 --enable-libdav1d --enable-libflite --enable-libfontconfig --enable-libfreetype --enable-libfribidi --enable-libglslang --enable-libgme --enable-libgsm --enable-libharfbuzz --enable-libmp3lame --enable-libmysofa --enable-libopenjpeg --enable-libopenmpt --enable-libopus --enable-librubberband --enable-libshine --enable-libsnappy --enable-libsoxr --enable-libspeex --enable-libtheora --enable-libtwolame --enable-libvidstab --enable-libvorbis --enable-libvpx --enable-libwebp --enable-libx265 --enable-libxml2 --enable-libxvid --enable-libzimg --enable-openal --enable-opencl --enable-opengl --disable-sndio --enable-libvpl --enable-libdc1394 --enable-libdrm --enable-libiec61883 --enable-chromaprint --enable-frei0r --enable-ladspa --enable-libbluray --enable-libcaca --enable-libdvdnav --enable-libdvdread --enable-libjack --enable-libpulse --enable-librabbitmq --enable-librist --enable-libsrt --enable-libssh --enable-libsvtav1 --enable-libx264 --enable-libzmq --enable-libzvbi --enable-lv2 --enable-sdl2 --enable-libplacebo --enable-librav1e --enable-pocketsphinx --enable-librsvg --enable-libjxl --enable-shared
  libavutil      59.  8.100 / 59.  8.100
  libavcodec     61.  3.100 / 61.  3.100
  libavformat    61.  1.100 / 61.  1.100
  libavdevice    61.  1.100 / 61.  1.100
  libavfilter    10.  1.100 / 10.  1.100
  libswscale      8.  1.100 /  8.  1.100
  libswresample   5.  1.100 /  5.  1.100
  libpostproc    58.  1.100 / 58.  1.100
Input #0, concat, from '/home/marco-lasagna/Scaricati/ffmpeg-java/inputFile.txt':
  Duration: N/A, start: 0.000000, bitrate: N/A
  Stream #0:0: Video: mjpeg (Baseline), yuvj420p(pc, bt470bg/unknown/unknown), 4501x4500 [SAR 1:1 DAR 4501:4500], 25 fps, 25 tbr, 25 tbn
Stream mapping:
  Stream #0:0 -> #0:0 (mjpeg (native) -> h264 (libx264))
Press [q] to stop, [?] for help
[swscaler @ 0x78b4c4016b00] deprecated pixel format used, make sure you did set range correctly
    Last message repeated 1 times
[swscaler @ 0x78b4c4b407c0] deprecated pixel format used, make sure you did set range correctly
    Last message repeated 1 times
[vost#0:0/libx264 @ 0x584538e25ac0] No information about the input framerate is available. Falling back to a default value of 25fps. Use the -r option if you want a different framerate.
[libx264 @ 0x584538e1be80] using SAR=2048/4095
[libx264 @ 0x584538e1be80] using cpu capabilities: MMX2 SSE2Fast SSSE3 SSE4.2 AVX FMA3 BMI2 AVX2
[libx264 @ 0x584538e1be80] profile High, level 4.0, 4:2:0, 8-bit
[libx264 @ 0x584538e1be80] 264 - core 164 r3108 31e19f9 - H.264/MPEG-4 AVC codec - Copyleft 2003-2023 - http://www.videolan.org/x264.html - options: cabac=1 ref=3 deblock=1:0:0 analyse=0x3:0x113 me=hex subme=7 psy=1 psy_rd=1.00:0.00 mixed_ref=1 me_range=16 chroma_me=1 trellis=1 8x8dct=1 cqm=0 deadzone=21,11 fast_pskip=1 chroma_qp_offset=-2 threads=30 lookahead_threads=5 sliced_threads=0 nr=0 decimate=1 interlaced=0 bluray_compat=0 constrained_intra=0 bframes=3 b_pyramid=2 b_adapt=1 b_bias=0 direct=1 weightb=1 open_gop=0 weightp=2 keyint=250 keyint_min=25 scenecut=40 intra_refresh=0 rc_lookahead=40 rc=crf mbtree=1 crf=23.0 qcomp=0.60 qpmin=0 qpmax=69 qpstep=4 ip_ratio=1.40 aq=1:1.00
Output #0, mp4, to './src/test/resources/output/translation/video/419.mp4':
  Metadata:
    encoder         : Lavf61.1.100
  Stream #0:0: Video: h264 (avc1 / 0x31637661), yuvj420p(pc, progressive), 2048x1024 [SAR 4501:9000 DAR 4501:4500], q=2-31, 25 fps, 12800 tbn
      Metadata:
        encoder         : Lavc61.3.100 libx264
      Side data:
        cpb: bitrate max/min/avg: 0/0/0 buffer size: 0 vbv_delay: N/A
[out#0/mp4 @ 0x584538e23b40] video:32KiB audio:0KiB subtitle:0KiB other streams:0KiB global headers:0KiB muxing overhead: 2.920804%
frame=    6 fps=0.0 q=-1.0 Lsize=      33KiB time=00:00:00.16 bitrate=1679.0kbits/s dup=0 drop=19 speed=0.636x    
[libx264 @ 0x584538e1be80] frame I:1     Avg QP:18.46  size: 30187
[libx264 @ 0x584538e1be80] frame P:2     Avg QP:19.27  size:   474
[libx264 @ 0x584538e1be80] frame B:3     Avg QP:25.52  size:   267
[libx264 @ 0x584538e1be80] consecutive B-frames: 33.3%  0.0%  0.0% 66.7%
[libx264 @ 0x584538e1be80] mb I  I16..4: 25.5% 64.2% 10.3%
[libx264 @ 0x584538e1be80] mb P  I16..4:  0.1%  0.1%  0.0%  P16..4:  1.3%  0.2%  0.0%  0.0%  0.0%    skip:98.2%
[libx264 @ 0x584538e1be80] mb B  I16..4:  0.0%  0.0%  0.0%  B16..8:  1.2%  0.1%  0.0%  direct: 0.0%  skip:98.6%  L0:25.8% L1:71.1% BI: 3.1%
[libx264 @ 0x584538e1be80] 8x8 transform intra:64.1% inter:32.1%
[libx264 @ 0x584538e1be80] coded y,uvDC,uvAC intra: 5.9% 10.2% 9.1% inter: 0.1% 0.0% 0.0%
[libx264 @ 0x584538e1be80] i16 v,h,dc,p: 87% 12%  1%  0%
[libx264 @ 0x584538e1be80] i8 v,h,dc,ddl,ddr,vr,hd,vl,hu: 53% 14% 33%  0%  0%  0%  0%  0%  0%
[libx264 @ 0x584538e1be80] i4 v,h,dc,ddl,ddr,vr,hd,vl,hu: 40% 30%  9%  4%  2%  2%  4%  4%  5%
[libx264 @ 0x584538e1be80] i8c dc,h,v,p: 82%  9%  8%  1%
[libx264 @ 0x584538e1be80] Weighted P-Frames: Y:0.0% UV:0.0%
[libx264 @ 0x584538e1be80] ref P L0: 98.5%  0.0%  0.0%  1.5%
[libx264 @ 0x584538e1be80] ref B L0: 91.8%  8.2%
[libx264 @ 0x584538e1be80] ref B L1: 97.5%  2.5%
[libx264 @ 0x584538e1be80] kb/s:1064.60
ffmpeg version 7.0.2-3ubuntu1 Copyright (c) 2000-2024 the FFmpeg developers
  built with gcc 14 (Ubuntu 14.2.0-2ubuntu1)
  configuration: --prefix=/usr --extra-version=3ubuntu1 --toolchain=hardened --libdir=/usr/lib/x86_64-linux-gnu --incdir=/usr/include/x86_64-linux-gnu --arch=amd64 --enable-gpl --disable-stripping --disable-libmfx --disable-omx --enable-gnutls --enable-libaom --enable-libass --enable-libbs2b --enable-libcdio --enable-libcodec2 --enable-libdav1d --enable-libflite --enable-libfontconfig --enable-libfreetype --enable-libfribidi --enable-libglslang --enable-libgme --enable-libgsm --enable-libharfbuzz --enable-libmp3lame --enable-libmysofa --enable-libopenjpeg --enable-libopenmpt --enable-libopus --enable-librubberband --enable-libshine --enable-libsnappy --enable-libsoxr --enable-libspeex --enable-libtheora --enable-libtwolame --enable-libvidstab --enable-libvorbis --enable-libvpx --enable-libwebp --enable-libx265 --enable-libxml2 --enable-libxvid --enable-libzimg --enable-openal --enable-opencl --enable-opengl --disable-sndio --enable-libvpl --enable-libdc1394 --enable-libdrm --enable-libiec61883 --enable-chromaprint --enable-frei0r --enable-ladspa --enable-libbluray --enable-libcaca --enable-libdvdnav --enable-libdvdread --enable-libjack --enable-libpulse --enable-librabbitmq --enable-librist --enable-libsrt --enable-libssh --enable-libsvtav1 --enable-libx264 --enable-libzmq --enable-libzvbi --enable-lv2 --enable-sdl2 --enable-libplacebo --enable-librav1e --enable-pocketsphinx --enable-librsvg --enable-libjxl --enable-shared
  libavutil      59.  8.100 / 59.  8.100
  libavcodec     61.  3.100 / 61.  3.100
  libavformat    61.  1.100 / 61.  1.100
  libavdevice    61.  1.100 / 61.  1.100
  libavfilter    10.  1.100 / 10.  1.100
  libswscale      8.  1.100 /  8.  1.100
  libswresample   5.  1.100 /  5.  1.100
  libpostproc    58.  1.100 / 58.  1.100
Input #0, concat, from '/home/marco-lasagna/Scaricati/ffmpeg-java/inputFile.txt':
  Duration: N/A, start: 0.000000, bitrate: N/A
  Stream #0:0: Video: mjpeg (Baseline), yuvj420p(pc, bt470bg/unknown/unknown), 4501x4500 [SAR 1:1 DAR 4501:4500], 25 fps, 25 tbr, 25 tbn
Stream mapping:
  Stream #0:0 -> #0:0 (mjpeg (native) -> h264 (libx264))
Press [q] to stop, [?] for help
[swscaler @ 0x7f37f0016b00] deprecated pixel format used, make sure you did set range correctly
    Last message repeated 1 times
[swscaler @ 0x7f37f0b407c0] deprecated pixel format used, make sure you did set range correctly
    Last message repeated 1 times
[vost#0:0/libx264 @ 0x5ca5db1fbac0] No information about the input framerate is available. Falling back to a default value of 25fps. Use the -r option if you want a different framerate.
[libx264 @ 0x5ca5db1f1e80] using SAR=2048/4095
[libx264 @ 0x5ca5db1f1e80] using cpu capabilities: MMX2 SSE2Fast SSSE3 SSE4.2 AVX FMA3 BMI2 AVX2
[libx264 @ 0x5ca5db1f1e80] profile High, level 4.0, 4:2:0, 8-bit
[libx264 @ 0x5ca5db1f1e80] 264 - core 164 r3108 31e19f9 - H.264/MPEG-4 AVC codec - Copyleft 2003-2023 - http://www.videolan.org/x264.html - options: cabac=1 ref=3 deblock=1:0:0 analyse=0x3:0x113 me=hex subme=7 psy=1 psy_rd=1.00:0.00 mixed_ref=1 me_range=16 chroma_me=1 trellis=1 8x8dct=1 cqm=0 deadzone=21,11 fast_pskip=1 chroma_qp_offset=-2 threads=30 lookahead_threads=5 sliced_threads=0 nr=0 decimate=1 interlaced=0 bluray_compat=0 constrained_intra=0 bframes=3 b_pyramid=2 b_adapt=1 b_bias=0 direct=1 weightb=1 open_gop=0 weightp=2 keyint=250 keyint_min=25 scenecut=40 intra_refresh=0 rc_lookahead=40 rc=crf mbtree=1 crf=23.0 qcomp=0.60 qpmin=0 qpmax=69 qpstep=4 ip_ratio=1.40 aq=1:1.00
Output #0, mp4, to './src/test/resources/output/translation/video/429.mp4':
  Metadata:
    encoder         : Lavf61.1.100
  Stream #0:0: Video: h264 (avc1 / 0x31637661), yuvj420p(pc, progressive), 2048x1024 [SAR 4501:9000 DAR 4501:4500], q=2-31, 25 fps, 12800 tbn
      Metadata:
        encoder         : Lavc61.3.100 libx264
      Side data:
        cpb: bitrate max/min/avg: 0/0/0 buffer size: 0 vbv_delay: N/A
[out#0/mp4 @ 0x5ca5db1f9b40] video:32KiB audio:0KiB subtitle:0KiB other streams:0KiB global headers:0KiB muxing overhead: 2.918747%
frame=    6 fps=0.0 q=-1.0 Lsize=      33KiB time=00:00:00.16 bitrate=1680.2kbits/s dup=0 drop=19 speed=0.66x    
[libx264 @ 0x5ca5db1f1e80] frame I:1     Avg QP:18.54  size: 30309
[libx264 @ 0x5ca5db1f1e80] frame P:2     Avg QP:18.23  size:   457
[libx264 @ 0x5ca5db1f1e80] frame B:3     Avg QP:33.37  size:   246
[libx264 @ 0x5ca5db1f1e80] consecutive B-frames: 33.3%  0.0%  0.0% 66.7%
[libx264 @ 0x5ca5db1f1e80] mb I  I16..4: 14.2% 75.5% 10.3%
[libx264 @ 0x5ca5db1f1e80] mb P  I16..4:  0.1%  0.1%  0.0%  P16..4:  1.2%  0.2%  0.1%  0.0%  0.0%    skip:98.3%
[libx264 @ 0x5ca5db1f1e80] mb B  I16..4:  0.0%  0.0%  0.0%  B16..8:  1.0%  0.1%  0.0%  direct: 0.0%  skip:98.8%  L0:31.0% L1:66.7% BI: 2.3%
[libx264 @ 0x5ca5db1f1e80] 8x8 transform intra:75.4% inter:23.0%
[libx264 @ 0x5ca5db1f1e80] coded y,uvDC,uvAC intra: 6.0% 10.2% 9.1% inter: 0.1% 0.0% 0.0%
[libx264 @ 0x5ca5db1f1e80] i16 v,h,dc,p: 79% 20%  1%  0%
[libx264 @ 0x5ca5db1f1e80] i8 v,h,dc,ddl,ddr,vr,hd,vl,hu: 57% 11% 32%  0%  0%  0%  0%  0%  0%
[libx264 @ 0x5ca5db1f1e80] i4 v,h,dc,ddl,ddr,vr,hd,vl,hu: 39% 30% 10%  4%  2%  2%  4%  4%  5%
[libx264 @ 0x5ca5db1f1e80] i8c dc,h,v,p: 82%  9%  8%  1%
[libx264 @ 0x5ca5db1f1e80] Weighted P-Frames: Y:0.0% UV:0.0%
[libx264 @ 0x5ca5db1f1e80] ref P L0: 95.1%  0.3%  0.8%  3.8%
[libx264 @ 0x5ca5db1f1e80] ref B L0: 89.0% 11.0%
[libx264 @ 0x5ca5db1f1e80] ref B L1: 94.5%  5.5%
[libx264 @ 0x5ca5db1f1e80] kb/s:1065.37
ffmpeg version 7.0.2-3ubuntu1 Copyright (c) 2000-2024 the FFmpeg developers
  built with gcc 14 (Ubuntu 14.2.0-2ubuntu1)
  configuration: --prefix=/usr --extra-version=3ubuntu1 --toolchain=hardened --libdir=/usr/lib/x86_64-linux-gnu --incdir=/usr/include/x86_64-linux-gnu --arch=amd64 --enable-gpl --disable-stripping --disable-libmfx --disable-omx --enable-gnutls --enable-libaom --enable-libass --enable-libbs2b --enable-libcdio --enable-libcodec2 --enable-libdav1d --enable-libflite --enable-libfontconfig --enable-libfreetype --enable-libfribidi --enable-libglslang --enable-libgme --enable-libgsm --enable-libharfbuzz --enable-libmp3lame --enable-libmysofa --enable-libopenjpeg --enable-libopenmpt --enable-libopus --enable-librubberband --enable-libshine --enable-libsnappy --enable-libsoxr --enable-libspeex --enable-libtheora --enable-libtwolame --enable-libvidstab --enable-libvorbis --enable-libvpx --enable-libwebp --enable-libx265 --enable-libxml2 --enable-libxvid --enable-libzimg --enable-openal --enable-opencl --enable-opengl --disable-sndio --enable-libvpl --enable-libdc1394 --enable-libdrm --enable-libiec61883 --enable-chromaprint --enable-frei0r --enable-ladspa --enable-libbluray --enable-libcaca --enable-libdvdnav --enable-libdvdread --enable-libjack --enable-libpulse --enable-librabbitmq --enable-librist --enable-libsrt --enable-libssh --enable-libsvtav1 --enable-libx264 --enable-libzmq --enable-libzvbi --enable-lv2 --enable-sdl2 --enable-libplacebo --enable-librav1e --enable-pocketsphinx --enable-librsvg --enable-libjxl --enable-shared
  libavutil      59.  8.100 / 59.  8.100
  libavcodec     61.  3.100 / 61.  3.100
  libavformat    61.  1.100 / 61.  1.100
  libavdevice    61.  1.100 / 61.  1.100
  libavfilter    10.  1.100 / 10.  1.100
  libswscale      8.  1.100 /  8.  1.100
  libswresample   5.  1.100 /  5.  1.100
  libpostproc    58.  1.100 / 58.  1.100
Input #0, concat, from '/home/marco-lasagna/Scaricati/ffmpeg-java/inputFile.txt':
  Duration: N/A, start: 0.000000, bitrate: N/A
  Stream #0:0: Video: mjpeg (Baseline), yuvj420p(pc, bt470bg/unknown/unknown), 4501x4500 [SAR 1:1 DAR 4501:4500], 25 fps, 25 tbr, 25 tbn
Stream mapping:
  Stream #0:0 -> #0:0 (mjpeg (native) -> h264 (libx264))
Press [q] to stop, [?] for help
[swscaler @ 0x7798e4016b00] deprecated pixel format used, make sure you did set range correctly
    Last message repeated 1 times
[swscaler @ 0x7798e4b407c0] deprecated pixel format used, make sure you did set range correctly
    Last message repeated 1 times
[vost#0:0/libx264 @ 0x5f5dec787ac0] No information about the input framerate is available. Falling back to a default value of 25fps. Use the -r option if you want a different framerate.
[libx264 @ 0x5f5dec77de80] using SAR=2048/4095
[libx264 @ 0x5f5dec77de80] using cpu capabilities: MMX2 SSE2Fast SSSE3 SSE4.2 AVX FMA3 BMI2 AVX2
[libx264 @ 0x5f5dec77de80] profile High, level 4.0, 4:2:0, 8-bit
[libx264 @ 0x5f5dec77de80] 264 - core 164 r3108 31e19f9 - H.264/MPEG-4 AVC codec - Copyleft 2003-2023 - http://www.videolan.org/x264.html - options: cabac=1 ref=3 deblock=1:0:0 analyse=0x3:0x113 me=hex subme=7 psy=1 psy_rd=1.00:0.00 mixed_ref=1 me_range=16 chroma_me=1 trellis=1 8x8dct=1 cqm=0 deadzone=21,11 fast_pskip=1 chroma_qp_offset=-2 threads=30 lookahead_threads=5 sliced_threads=0 nr=0 decimate=1 interlaced=0 bluray_compat=0 constrained_intra=0 bframes=3 b_pyramid=2 b_adapt=1 b_bias=0 direct=1 weightb=1 open_gop=0 weightp=2 keyint=250 keyint_min=25 scenecut=40 intra_refresh=0 rc_lookahead=40 rc=crf mbtree=1 crf=23.0 qcomp=0.60 qpmin=0 qpmax=69 qpstep=4 ip_ratio=1.40 aq=1:1.00
Output #0, mp4, to './src/test/resources/output/translation/video/439.mp4':
  Metadata:
    encoder         : Lavf61.1.100
  Stream #0:0: Video: h264 (avc1 / 0x31637661), yuvj420p(pc, progressive), 2048x1024 [SAR 4501:9000 DAR 4501:4500], q=2-31, 25 fps, 12800 tbn
      Metadata:
        encoder         : Lavc61.3.100 libx264
      Side data:
        cpb: bitrate max/min/avg: 0/0/0 buffer size: 0 vbv_delay: N/A
[out#0/mp4 @ 0x5f5dec785b40] video:32KiB audio:0KiB subtitle:0KiB other streams:0KiB global headers:0KiB muxing overhead: 2.906108%
frame=    6 fps=0.0 q=-1.0 Lsize=      33KiB time=00:00:00.16 bitrate=1687.3kbits/s dup=0 drop=19 speed=0.642x    
[libx264 @ 0x5f5dec77de80] frame I:1     Avg QP:18.27  size: 30254
[libx264 @ 0x5f5dec77de80] frame P:2     Avg QP:19.35  size:   516
[libx264 @ 0x5f5dec77de80] frame B:3     Avg QP:34.19  size:   273
[libx264 @ 0x5f5dec77de80] consecutive B-frames: 33.3%  0.0%  0.0% 66.7%
[libx264 @ 0x5f5dec77de80] mb I  I16..4: 26.0% 63.7% 10.3%
[libx264 @ 0x5f5dec77de80] mb P  I16..4:  0.1%  0.1%  0.0%  P16..4:  1.2%  0.2%  0.1%  0.0%  0.0%    skip:98.4%
[libx264 @ 0x5f5dec77de80] mb B  I16..4:  0.0%  0.1%  0.0%  B16..8:  1.1%  0.1%  0.0%  direct: 0.0%  skip:98.7%  L0:29.3% L1:66.6% BI: 4.1%
[libx264 @ 0x5f5dec77de80] 8x8 transform intra:63.7% inter:24.2%
[libx264 @ 0x5f5dec77de80] coded y,uvDC,uvAC intra: 5.9% 10.2% 9.1% inter: 0.1% 0.0% 0.0%
[libx264 @ 0x5f5dec77de80] i16 v,h,dc,p: 88% 11%  1%  0%
[libx264 @ 0x5f5dec77de80] i8 v,h,dc,ddl,ddr,vr,hd,vl,hu: 44%  5% 50%  0%  0%  0%  0%  0%  0%
[libx264 @ 0x5f5dec77de80] i4 v,h,dc,ddl,ddr,vr,hd,vl,hu: 39% 30% 10%  4%  2%  2%  4%  4%  5%
[libx264 @ 0x5f5dec77de80] i8c dc,h,v,p: 82%  9%  8%  1%
[libx264 @ 0x5f5dec77de80] Weighted P-Frames: Y:0.0% UV:0.0%
[libx264 @ 0x5f5dec77de80] ref P L0: 97.2%  0.0%  1.1%  1.7%
[libx264 @ 0x5f5dec77de80] ref B L0: 89.0% 11.0%
[libx264 @ 0x5f5dec77de80] ref B L1: 95.4%  4.6%
[libx264 @ 0x5f5dec77de80] kb/s:1070.10
ffmpeg version 7.0.2-3ubuntu1 Copyright (c) 2000-2024 the FFmpeg developers
  built with gcc 14 (Ubuntu 14.2.0-2ubuntu1)
  configuration: --prefix=/usr --extra-version=3ubuntu1 --toolchain=hardened --libdir=/usr/lib/x86_64-linux-gnu --incdir=/usr/include/x86_64-linux-gnu --arch=amd64 --enable-gpl --disable-stripping --disable-libmfx --disable-omx --enable-gnutls --enable-libaom --enable-libass --enable-libbs2b --enable-libcdio --enable-libcodec2 --enable-libdav1d --enable-libflite --enable-libfontconfig --enable-libfreetype --enable-libfribidi --enable-libglslang --enable-libgme --enable-libgsm --enable-libharfbuzz --enable-libmp3lame --enable-libmysofa --enable-libopenjpeg --enable-libopenmpt --enable-libopus --enable-librubberband --enable-libshine --enable-libsnappy --enable-libsoxr --enable-libspeex --enable-libtheora --enable-libtwolame --enable-libvidstab --enable-libvorbis --enable-libvpx --enable-libwebp --enable-libx265 --enable-libxml2 --enable-libxvid --enable-libzimg --enable-openal --enable-opencl --enable-opengl --disable-sndio --enable-libvpl --enable-libdc1394 --enable-libdrm --enable-libiec61883 --enable-chromaprint --enable-frei0r --enable-ladspa --enable-libbluray --enable-libcaca --enable-libdvdnav --enable-libdvdread --enable-libjack --enable-libpulse --enable-librabbitmq --enable-librist --enable-libsrt --enable-libssh --enable-libsvtav1 --enable-libx264 --enable-libzmq --enable-libzvbi --enable-lv2 --enable-sdl2 --enable-libplacebo --enable-librav1e --enable-pocketsphinx --enable-librsvg --enable-libjxl --enable-shared
  libavutil      59.  8.100 / 59.  8.100
  libavcodec     61.  3.100 / 61.  3.100
  libavformat    61.  1.100 / 61.  1.100
  libavdevice    61.  1.100 / 61.  1.100
  libavfilter    10.  1.100 / 10.  1.100
  libswscale      8.  1.100 /  8.  1.100
  libswresample   5.  1.100 /  5.  1.100
  libpostproc    58.  1.100 / 58.  1.100
Input #0, concat, from '/home/marco-lasagna/Scaricati/ffmpeg-java/inputFile.txt':
  Duration: N/A, start: 0.000000, bitrate: N/A
  Stream #0:0: Video: mjpeg (Baseline), yuvj420p(pc, bt470bg/unknown/unknown), 4501x4500 [SAR 1:1 DAR 4501:4500], 25 fps, 25 tbr, 25 tbn
Stream mapping:
  Stream #0:0 -> #0:0 (mjpeg (native) -> h264 (libx264))
Press [q] to stop, [?] for help
[swscaler @ 0x79a90c016b00] deprecated pixel format used, make sure you did set range correctly
    Last message repeated 1 times
[swscaler @ 0x79a90cb407c0] deprecated pixel format used, make sure you did set range correctly
    Last message repeated 1 times
[vost#0:0/libx264 @ 0x5cb2f4409ac0] No information about the input framerate is available. Falling back to a default value of 25fps. Use the -r option if you want a different framerate.
[libx264 @ 0x5cb2f43ffe80] using SAR=2048/4095
[libx264 @ 0x5cb2f43ffe80] using cpu capabilities: MMX2 SSE2Fast SSSE3 SSE4.2 AVX FMA3 BMI2 AVX2
[libx264 @ 0x5cb2f43ffe80] profile High, level 4.0, 4:2:0, 8-bit
[libx264 @ 0x5cb2f43ffe80] 264 - core 164 r3108 31e19f9 - H.264/MPEG-4 AVC codec - Copyleft 2003-2023 - http://www.videolan.org/x264.html - options: cabac=1 ref=3 deblock=1:0:0 analyse=0x3:0x113 me=hex subme=7 psy=1 psy_rd=1.00:0.00 mixed_ref=1 me_range=16 chroma_me=1 trellis=1 8x8dct=1 cqm=0 deadzone=21,11 fast_pskip=1 chroma_qp_offset=-2 threads=30 lookahead_threads=5 sliced_threads=0 nr=0 decimate=1 interlaced=0 bluray_compat=0 constrained_intra=0 bframes=3 b_pyramid=2 b_adapt=1 b_bias=0 direct=1 weightb=1 open_gop=0 weightp=2 keyint=250 keyint_min=25 scenecut=40 intra_refresh=0 rc_lookahead=40 rc=crf mbtree=1 crf=23.0 qcomp=0.60 qpmin=0 qpmax=69 qpstep=4 ip_ratio=1.40 aq=1:1.00
Output #0, mp4, to './src/test/resources/output/translation/video/449.mp4':
  Metadata:
    encoder         : Lavf61.1.100
  Stream #0:0: Video: h264 (avc1 / 0x31637661), yuvj420p(pc, progressive), 2048x1024 [SAR 4501:9000 DAR 4501:4500], q=2-31, 25 fps, 12800 tbn
      Metadata:
        encoder         : Lavc61.3.100 libx264
      Side data:
        cpb: bitrate max/min/avg: 0/0/0 buffer size: 0 vbv_delay: N/A
[out#0/mp4 @ 0x5cb2f4407b40] video:32KiB audio:0KiB subtitle:0KiB other streams:0KiB global headers:0KiB muxing overhead: 2.899212%
frame=    6 fps=0.0 q=-1.0 Lsize=      33KiB time=00:00:00.16 bitrate=1691.2kbits/s dup=0 drop=19 speed=0.655x    
[libx264 @ 0x5cb2f43ffe80] frame I:1     Avg QP:18.69  size: 30240
[libx264 @ 0x5cb2f43ffe80] frame P:2     Avg QP:19.46  size:   542
[libx264 @ 0x5cb2f43ffe80] frame B:3     Avg QP:25.36  size:   286
[libx264 @ 0x5cb2f43ffe80] consecutive B-frames: 33.3%  0.0%  0.0% 66.7%
[libx264 @ 0x5cb2f43ffe80] mb I  I16..4: 16.9% 72.9% 10.2%
[libx264 @ 0x5cb2f43ffe80] mb P  I16..4:  0.1%  0.1%  0.0%  P16..4:  1.2%  0.2%  0.1%  0.0%  0.0%    skip:98.4%
[libx264 @ 0x5cb2f43ffe80] mb B  I16..4:  0.0%  0.1%  0.0%  B16..8:  1.1%  0.1%  0.0%  direct: 0.0%  skip:98.7%  L0:59.1% L1:37.5% BI: 3.4%
[libx264 @ 0x5cb2f43ffe80] 8x8 transform intra:72.8% inter:8.7%
[libx264 @ 0x5cb2f43ffe80] coded y,uvDC,uvAC intra: 5.9% 10.2% 9.1% inter: 0.1% 0.0% 0.0%
[libx264 @ 0x5cb2f43ffe80] i16 v,h,dc,p: 81% 18%  1%  0%
[libx264 @ 0x5cb2f43ffe80] i8 v,h,dc,ddl,ddr,vr,hd,vl,hu: 60%  9% 30%  0%  0%  0%  0%  0%  0%
[libx264 @ 0x5cb2f43ffe80] i4 v,h,dc,ddl,ddr,vr,hd,vl,hu: 40% 29%  9%  4%  2%  2%  4%  4%  5%
[libx264 @ 0x5cb2f43ffe80] i8c dc,h,v,p: 82%  9%  8%  1%
[libx264 @ 0x5cb2f43ffe80] Weighted P-Frames: Y:0.0% UV:0.0%
[libx264 @ 0x5cb2f43ffe80] ref P L0: 94.8%  0.3%  1.3%  3.6%
[libx264 @ 0x5cb2f43ffe80] ref B L0: 92.4%  7.6%
[libx264 @ 0x5cb2f43ffe80] ref B L1: 89.7% 10.3%
[libx264 @ 0x5cb2f43ffe80] kb/s:1072.70
ffmpeg version 7.0.2-3ubuntu1 Copyright (c) 2000-2024 the FFmpeg developers
  built with gcc 14 (Ubuntu 14.2.0-2ubuntu1)
  configuration: --prefix=/usr --extra-version=3ubuntu1 --toolchain=hardened --libdir=/usr/lib/x86_64-linux-gnu --incdir=/usr/include/x86_64-linux-gnu --arch=amd64 --enable-gpl --disable-stripping --disable-libmfx --disable-omx --enable-gnutls --enable-libaom --enable-libass --enable-libbs2b --enable-libcdio --enable-libcodec2 --enable-libdav1d --enable-libflite --enable-libfontconfig --enable-libfreetype --enable-libfribidi --enable-libglslang --enable-libgme --enable-libgsm --enable-libharfbuzz --enable-libmp3lame --enable-libmysofa --enable-libopenjpeg --enable-libopenmpt --enable-libopus --enable-librubberband --enable-libshine --enable-libsnappy --enable-libsoxr --enable-libspeex --enable-libtheora --enable-libtwolame --enable-libvidstab --enable-libvorbis --enable-libvpx --enable-libwebp --enable-libx265 --enable-libxml2 --enable-libxvid --enable-libzimg --enable-openal --enable-opencl --enable-opengl --disable-sndio --enable-libvpl --enable-libdc1394 --enable-libdrm --enable-libiec61883 --enable-chromaprint --enable-frei0r --enable-ladspa --enable-libbluray --enable-libcaca --enable-libdvdnav --enable-libdvdread --enable-libjack --enable-libpulse --enable-librabbitmq --enable-librist --enable-libsrt --enable-libssh --enable-libsvtav1 --enable-libx264 --enable-libzmq --enable-libzvbi --enable-lv2 --enable-sdl2 --enable-libplacebo --enable-librav1e --enable-pocketsphinx --enable-librsvg --enable-libjxl --enable-shared
  libavutil      59.  8.100 / 59.  8.100
  libavcodec     61.  3.100 / 61.  3.100
  libavformat    61.  1.100 / 61.  1.100
  libavdevice    61.  1.100 / 61.  1.100
  libavfilter    10.  1.100 / 10.  1.100
  libswscale      8.  1.100 /  8.  1.100
  libswresample   5.  1.100 /  5.  1.100
  libpostproc    58.  1.100 / 58.  1.100
Input #0, concat, from '/home/marco-lasagna/Scaricati/ffmpeg-java/inputFile.txt':
  Duration: N/A, start: 0.000000, bitrate: N/A
  Stream #0:0: Video: mjpeg (Baseline), yuvj420p(pc, bt470bg/unknown/unknown), 4501x4500 [SAR 1:1 DAR 4501:4500], 25 fps, 25 tbr, 25 tbn
Stream mapping:
  Stream #0:0 -> #0:0 (mjpeg (native) -> h264 (libx264))
Press [q] to stop, [?] for help
[swscaler @ 0x77d0c4016b00] deprecated pixel format used, make sure you did set range correctly
    Last message repeated 1 times
[swscaler @ 0x77d0c4b407c0] deprecated pixel format used, make sure you did set range correctly
    Last message repeated 1 times
[vost#0:0/libx264 @ 0x56a6ce4d5ac0] No information about the input framerate is available. Falling back to a default value of 25fps. Use the -r option if you want a different framerate.
[libx264 @ 0x56a6ce4cbe80] using SAR=2048/4095
[libx264 @ 0x56a6ce4cbe80] using cpu capabilities: MMX2 SSE2Fast SSSE3 SSE4.2 AVX FMA3 BMI2 AVX2
[libx264 @ 0x56a6ce4cbe80] profile High, level 4.0, 4:2:0, 8-bit
[libx264 @ 0x56a6ce4cbe80] 264 - core 164 r3108 31e19f9 - H.264/MPEG-4 AVC codec - Copyleft 2003-2023 - http://www.videolan.org/x264.html - options: cabac=1 ref=3 deblock=1:0:0 analyse=0x3:0x113 me=hex subme=7 psy=1 psy_rd=1.00:0.00 mixed_ref=1 me_range=16 chroma_me=1 trellis=1 8x8dct=1 cqm=0 deadzone=21,11 fast_pskip=1 chroma_qp_offset=-2 threads=30 lookahead_threads=5 sliced_threads=0 nr=0 decimate=1 interlaced=0 bluray_compat=0 constrained_intra=0 bframes=3 b_pyramid=2 b_adapt=1 b_bias=0 direct=1 weightb=1 open_gop=0 weightp=2 keyint=250 keyint_min=25 scenecut=40 intra_refresh=0 rc_lookahead=40 rc=crf mbtree=1 crf=23.0 qcomp=0.60 qpmin=0 qpmax=69 qpstep=4 ip_ratio=1.40 aq=1:1.00
Output #0, mp4, to './src/test/resources/output/translation/video/459.mp4':
  Metadata:
    encoder         : Lavf61.1.100
  Stream #0:0: Video: h264 (avc1 / 0x31637661), yuvj420p(pc, progressive), 2048x1024 [SAR 4501:9000 DAR 4501:4500], q=2-31, 25 fps, 12800 tbn
      Metadata:
        encoder         : Lavc61.3.100 libx264
      Side data:
        cpb: bitrate max/min/avg: 0/0/0 buffer size: 0 vbv_delay: N/A
[out#0/mp4 @ 0x56a6ce4d3b40] video:32KiB audio:0KiB subtitle:0KiB other streams:0KiB global headers:0KiB muxing overhead: 2.913571%
frame=    6 fps=0.0 q=-1.0 Lsize=      33KiB time=00:00:00.16 bitrate=1683.1kbits/s dup=0 drop=19 speed=0.644x    
[libx264 @ 0x56a6ce4cbe80] frame I:1     Avg QP:18.93  size: 30123
[libx264 @ 0x56a6ce4cbe80] frame P:2     Avg QP:20.33  size:   538
[libx264 @ 0x56a6ce4cbe80] frame B:3     Avg QP:26.83  size:   274
[libx264 @ 0x56a6ce4cbe80] consecutive B-frames: 33.3%  0.0%  0.0% 66.7%
[libx264 @ 0x56a6ce4cbe80] mb I  I16..4: 26.7% 63.1% 10.2%
[libx264 @ 0x56a6ce4cbe80] mb P  I16..4:  0.1%  0.1%  0.0%  P16..4:  1.2%  0.1%  0.1%  0.0%  0.0%    skip:98.4%
[libx264 @ 0x56a6ce4cbe80] mb B  I16..4:  0.0%  0.0%  0.0%  B16..8:  1.1%  0.1%  0.0%  direct: 0.0%  skip:98.7%  L0:31.0% L1:66.7% BI: 2.3%
[libx264 @ 0x56a6ce4cbe80] 8x8 transform intra:63.0% inter:22.4%
[libx264 @ 0x56a6ce4cbe80] coded y,uvDC,uvAC intra: 5.9% 10.2% 9.1% inter: 0.1% 0.0% 0.0%
[libx264 @ 0x56a6ce4cbe80] i16 v,h,dc,p: 87% 12%  0%  0%
[libx264 @ 0x56a6ce4cbe80] i8 v,h,dc,ddl,ddr,vr,hd,vl,hu: 45%  3% 52%  0%  0%  0%  0%  0%  0%
[libx264 @ 0x56a6ce4cbe80] i4 v,h,dc,ddl,ddr,vr,hd,vl,hu: 39% 30% 10%  4%  2%  2%  4%  4%  5%
[libx264 @ 0x56a6ce4cbe80] i8c dc,h,v,p: 82%  9%  8%  1%
[libx264 @ 0x56a6ce4cbe80] Weighted P-Frames: Y:0.0% UV:0.0%
[libx264 @ 0x56a6ce4cbe80] ref P L0: 95.9%  0.1%  0.9%  3.1%
[libx264 @ 0x56a6ce4cbe80] ref B L0: 87.5% 12.5%
[libx264 @ 0x56a6ce4cbe80] ref B L1: 95.6%  4.4%
[libx264 @ 0x56a6ce4cbe80] kb/s:1067.30
ffmpeg version 7.0.2-3ubuntu1 Copyright (c) 2000-2024 the FFmpeg developers
  built with gcc 14 (Ubuntu 14.2.0-2ubuntu1)
  configuration: --prefix=/usr --extra-version=3ubuntu1 --toolchain=hardened --libdir=/usr/lib/x86_64-linux-gnu --incdir=/usr/include/x86_64-linux-gnu --arch=amd64 --enable-gpl --disable-stripping --disable-libmfx --disable-omx --enable-gnutls --enable-libaom --enable-libass --enable-libbs2b --enable-libcdio --enable-libcodec2 --enable-libdav1d --enable-libflite --enable-libfontconfig --enable-libfreetype --enable-libfribidi --enable-libglslang --enable-libgme --enable-libgsm --enable-libharfbuzz --enable-libmp3lame --enable-libmysofa --enable-libopenjpeg --enable-libopenmpt --enable-libopus --enable-librubberband --enable-libshine --enable-libsnappy --enable-libsoxr --enable-libspeex --enable-libtheora --enable-libtwolame --enable-libvidstab --enable-libvorbis --enable-libvpx --enable-libwebp --enable-libx265 --enable-libxml2 --enable-libxvid --enable-libzimg --enable-openal --enable-opencl --enable-opengl --disable-sndio --enable-libvpl --enable-libdc1394 --enable-libdrm --enable-libiec61883 --enable-chromaprint --enable-frei0r --enable-ladspa --enable-libbluray --enable-libcaca --enable-libdvdnav --enable-libdvdread --enable-libjack --enable-libpulse --enable-librabbitmq --enable-librist --enable-libsrt --enable-libssh --enable-libsvtav1 --enable-libx264 --enable-libzmq --enable-libzvbi --enable-lv2 --enable-sdl2 --enable-libplacebo --enable-librav1e --enable-pocketsphinx --enable-librsvg --enable-libjxl --enable-shared
  libavutil      59.  8.100 / 59.  8.100
  libavcodec     61.  3.100 / 61.  3.100
  libavformat    61.  1.100 / 61.  1.100
  libavdevice    61.  1.100 / 61.  1.100
  libavfilter    10.  1.100 / 10.  1.100
  libswscale      8.  1.100 /  8.  1.100
  libswresample   5.  1.100 /  5.  1.100
  libpostproc    58.  1.100 / 58.  1.100
Input #0, concat, from '/home/marco-lasagna/Scaricati/ffmpeg-java/inputFile.txt':
  Duration: N/A, start: 0.000000, bitrate: N/A
  Stream #0:0: Video: mjpeg (Baseline), yuvj420p(pc, bt470bg/unknown/unknown), 4501x4500 [SAR 1:1 DAR 4501:4500], 25 fps, 25 tbr, 25 tbn
Stream mapping:
  Stream #0:0 -> #0:0 (mjpeg (native) -> h264 (libx264))
Press [q] to stop, [?] for help
[swscaler @ 0x79c76c016b00] deprecated pixel format used, make sure you did set range correctly
    Last message repeated 1 times
[swscaler @ 0x79c76cb407c0] deprecated pixel format used, make sure you did set range correctly
    Last message repeated 1 times
[vost#0:0/libx264 @ 0x6374f6ab2ac0] No information about the input framerate is available. Falling back to a default value of 25fps. Use the -r option if you want a different framerate.
[libx264 @ 0x6374f6aa8e80] using SAR=2048/4095
[libx264 @ 0x6374f6aa8e80] using cpu capabilities: MMX2 SSE2Fast SSSE3 SSE4.2 AVX FMA3 BMI2 AVX2
[libx264 @ 0x6374f6aa8e80] profile High, level 4.0, 4:2:0, 8-bit
[libx264 @ 0x6374f6aa8e80] 264 - core 164 r3108 31e19f9 - H.264/MPEG-4 AVC codec - Copyleft 2003-2023 - http://www.videolan.org/x264.html - options: cabac=1 ref=3 deblock=1:0:0 analyse=0x3:0x113 me=hex subme=7 psy=1 psy_rd=1.00:0.00 mixed_ref=1 me_range=16 chroma_me=1 trellis=1 8x8dct=1 cqm=0 deadzone=21,11 fast_pskip=1 chroma_qp_offset=-2 threads=30 lookahead_threads=5 sliced_threads=0 nr=0 decimate=1 interlaced=0 bluray_compat=0 constrained_intra=0 bframes=3 b_pyramid=2 b_adapt=1 b_bias=0 direct=1 weightb=1 open_gop=0 weightp=2 keyint=250 keyint_min=25 scenecut=40 intra_refresh=0 rc_lookahead=40 rc=crf mbtree=1 crf=23.0 qcomp=0.60 qpmin=0 qpmax=69 qpstep=4 ip_ratio=1.40 aq=1:1.00
Output #0, mp4, to './src/test/resources/output/translation/video/469.mp4':
  Metadata:
    encoder         : Lavf61.1.100
  Stream #0:0: Video: h264 (avc1 / 0x31637661), yuvj420p(pc, progressive), 2048x1024 [SAR 4501:9000 DAR 4501:4500], q=2-31, 25 fps, 12800 tbn
      Metadata:
        encoder         : Lavc61.3.100 libx264
      Side data:
        cpb: bitrate max/min/avg: 0/0/0 buffer size: 0 vbv_delay: N/A
[out#0/mp4 @ 0x6374f6ab0b40] video:32KiB audio:0KiB subtitle:0KiB other streams:0KiB global headers:0KiB muxing overhead: 2.914462%
frame=    6 fps=0.0 q=-1.0 Lsize=      33KiB time=00:00:00.16 bitrate=1682.6kbits/s dup=0 drop=19 speed=0.641x    
[libx264 @ 0x6374f6aa8e80] frame I:1     Avg QP:18.80  size: 29989
[libx264 @ 0x6374f6aa8e80] frame P:2     Avg QP:19.37  size:   565
[libx264 @ 0x6374f6aa8e80] frame B:3     Avg QP:25.09  size:   297
[libx264 @ 0x6374f6aa8e80] consecutive B-frames: 33.3%  0.0%  0.0% 66.7%
[libx264 @ 0x6374f6aa8e80] mb I  I16..4: 16.9% 72.9% 10.2%
[libx264 @ 0x6374f6aa8e80] mb P  I16..4:  0.1%  0.1%  0.0%  P16..4:  1.4%  0.1%  0.1%  0.0%  0.0%    skip:98.2%
[libx264 @ 0x6374f6aa8e80] mb B  I16..4:  0.0%  0.0%  0.0%  B16..8:  1.3%  0.1%  0.0%  direct: 0.0%  skip:98.5%  L0:45.3% L1:52.1% BI: 2.6%
[libx264 @ 0x6374f6aa8e80] 8x8 transform intra:72.8% inter:17.6%
[libx264 @ 0x6374f6aa8e80] coded y,uvDC,uvAC intra: 5.9% 10.2% 9.1% inter: 0.1% 0.0% 0.0%
[libx264 @ 0x6374f6aa8e80] i16 v,h,dc,p: 81% 18%  1%  0%
[libx264 @ 0x6374f6aa8e80] i8 v,h,dc,ddl,ddr,vr,hd,vl,hu: 57%  9% 33%  0%  0%  0%  0%  0%  0%
[libx264 @ 0x6374f6aa8e80] i4 v,h,dc,ddl,ddr,vr,hd,vl,hu: 40% 29% 10%  4%  2%  2%  4%  4%  5%
[libx264 @ 0x6374f6aa8e80] i8c dc,h,v,p: 82%  9%  8%  1%
[libx264 @ 0x6374f6aa8e80] Weighted P-Frames: Y:0.0% UV:0.0%
[libx264 @ 0x6374f6aa8e80] ref P L0: 95.5%  0.7%  1.1%  2.6%
[libx264 @ 0x6374f6aa8e80] ref B L0: 91.4%  8.6%
[libx264 @ 0x6374f6aa8e80] ref B L1: 94.8%  5.2%
[libx264 @ 0x6374f6aa8e80] kb/s:1066.97
ffmpeg version 7.0.2-3ubuntu1 Copyright (c) 2000-2024 the FFmpeg developers
  built with gcc 14 (Ubuntu 14.2.0-2ubuntu1)
  configuration: --prefix=/usr --extra-version=3ubuntu1 --toolchain=hardened --libdir=/usr/lib/x86_64-linux-gnu --incdir=/usr/include/x86_64-linux-gnu --arch=amd64 --enable-gpl --disable-stripping --disable-libmfx --disable-omx --enable-gnutls --enable-libaom --enable-libass --enable-libbs2b --enable-libcdio --enable-libcodec2 --enable-libdav1d --enable-libflite --enable-libfontconfig --enable-libfreetype --enable-libfribidi --enable-libglslang --enable-libgme --enable-libgsm --enable-libharfbuzz --enable-libmp3lame --enable-libmysofa --enable-libopenjpeg --enable-libopenmpt --enable-libopus --enable-librubberband --enable-libshine --enable-libsnappy --enable-libsoxr --enable-libspeex --enable-libtheora --enable-libtwolame --enable-libvidstab --enable-libvorbis --enable-libvpx --enable-libwebp --enable-libx265 --enable-libxml2 --enable-libxvid --enable-libzimg --enable-openal --enable-opencl --enable-opengl --disable-sndio --enable-libvpl --enable-libdc1394 --enable-libdrm --enable-libiec61883 --enable-chromaprint --enable-frei0r --enable-ladspa --enable-libbluray --enable-libcaca --enable-libdvdnav --enable-libdvdread --enable-libjack --enable-libpulse --enable-librabbitmq --enable-librist --enable-libsrt --enable-libssh --enable-libsvtav1 --enable-libx264 --enable-libzmq --enable-libzvbi --enable-lv2 --enable-sdl2 --enable-libplacebo --enable-librav1e --enable-pocketsphinx --enable-librsvg --enable-libjxl --enable-shared
  libavutil      59.  8.100 / 59.  8.100
  libavcodec     61.  3.100 / 61.  3.100
  libavformat    61.  1.100 / 61.  1.100
  libavdevice    61.  1.100 / 61.  1.100
  libavfilter    10.  1.100 / 10.  1.100
  libswscale      8.  1.100 /  8.  1.100
  libswresample   5.  1.100 /  5.  1.100
  libpostproc    58.  1.100 / 58.  1.100
Input #0, concat, from '/home/marco-lasagna/Scaricati/ffmpeg-java/inputFile.txt':
  Duration: N/A, start: 0.000000, bitrate: N/A
  Stream #0:0: Video: mjpeg (Baseline), yuvj420p(pc, bt470bg/unknown/unknown), 4501x4500 [SAR 1:1 DAR 4501:4500], 25 fps, 25 tbr, 25 tbn
Stream mapping:
  Stream #0:0 -> #0:0 (mjpeg (native) -> h264 (libx264))
Press [q] to stop, [?] for help
[swscaler @ 0x785a48016b00] deprecated pixel format used, make sure you did set range correctly
    Last message repeated 1 times
[swscaler @ 0x785a48b407c0] deprecated pixel format used, make sure you did set range correctly
    Last message repeated 1 times
[vost#0:0/libx264 @ 0x63c988deeac0] No information about the input framerate is available. Falling back to a default value of 25fps. Use the -r option if you want a different framerate.
[libx264 @ 0x63c988de4e80] using SAR=2048/4095
[libx264 @ 0x63c988de4e80] using cpu capabilities: MMX2 SSE2Fast SSSE3 SSE4.2 AVX FMA3 BMI2 AVX2
[libx264 @ 0x63c988de4e80] profile High, level 4.0, 4:2:0, 8-bit
[libx264 @ 0x63c988de4e80] 264 - core 164 r3108 31e19f9 - H.264/MPEG-4 AVC codec - Copyleft 2003-2023 - http://www.videolan.org/x264.html - options: cabac=1 ref=3 deblock=1:0:0 analyse=0x3:0x113 me=hex subme=7 psy=1 psy_rd=1.00:0.00 mixed_ref=1 me_range=16 chroma_me=1 trellis=1 8x8dct=1 cqm=0 deadzone=21,11 fast_pskip=1 chroma_qp_offset=-2 threads=30 lookahead_threads=5 sliced_threads=0 nr=0 decimate=1 interlaced=0 bluray_compat=0 constrained_intra=0 bframes=3 b_pyramid=2 b_adapt=1 b_bias=0 direct=1 weightb=1 open_gop=0 weightp=2 keyint=250 keyint_min=25 scenecut=40 intra_refresh=0 rc_lookahead=40 rc=crf mbtree=1 crf=23.0 qcomp=0.60 qpmin=0 qpmax=69 qpstep=4 ip_ratio=1.40 aq=1:1.00
Output #0, mp4, to './src/test/resources/output/translation/video/479.mp4':
  Metadata:
    encoder         : Lavf61.1.100
  Stream #0:0: Video: h264 (avc1 / 0x31637661), yuvj420p(pc, progressive), 2048x1024 [SAR 4501:9000 DAR 4501:4500], q=2-31, 25 fps, 12800 tbn
      Metadata:
        encoder         : Lavc61.3.100 libx264
      Side data:
        cpb: bitrate max/min/avg: 0/0/0 buffer size: 0 vbv_delay: N/A
[out#0/mp4 @ 0x63c988decb40] video:32KiB audio:0KiB subtitle:0KiB other streams:0KiB global headers:0KiB muxing overhead: 2.896040%
frame=    6 fps=0.0 q=-1.0 Lsize=      33KiB time=00:00:00.16 bitrate=1693.0kbits/s dup=0 drop=19 speed=0.671x    
[libx264 @ 0x63c988de4e80] frame I:1     Avg QP:18.58  size: 29942
[libx264 @ 0x63c988de4e80] frame P:2     Avg QP:18.18  size:   620
[libx264 @ 0x63c988de4e80] frame B:3     Avg QP:25.73  size:   345
[libx264 @ 0x63c988de4e80] consecutive B-frames: 33.3%  0.0%  0.0% 66.7%
[libx264 @ 0x63c988de4e80] mb I  I16..4: 25.5% 64.3% 10.3%
[libx264 @ 0x63c988de4e80] mb P  I16..4:  0.1%  0.1%  0.0%  P16..4:  1.3%  0.2%  0.1%  0.0%  0.0%    skip:98.2%
[libx264 @ 0x63c988de4e80] mb B  I16..4:  0.0%  0.0%  0.0%  B16..8:  1.5%  0.1%  0.0%  direct: 0.1%  skip:98.2%  L0:45.8% L1:52.2% BI: 1.9%
[libx264 @ 0x63c988de4e80] 8x8 transform intra:64.2% inter:28.1%
[libx264 @ 0x63c988de4e80] coded y,uvDC,uvAC intra: 5.9% 10.1% 9.1% inter: 0.1% 0.0% 0.0%
[libx264 @ 0x63c988de4e80] i16 v,h,dc,p: 88% 12%  1%  0%
[libx264 @ 0x63c988de4e80] i8 v,h,dc,ddl,ddr,vr,hd,vl,hu: 61%  8% 30%  0%  0%  0%  0%  0%  0%
[libx264 @ 0x63c988de4e80] i4 v,h,dc,ddl,ddr,vr,hd,vl,hu: 40% 30%  9%  4%  2%  2%  4%  4%  5%
[libx264 @ 0x63c988de4e80] i8c dc,h,v,p: 82%  9%  8%  1%
[libx264 @ 0x63c988de4e80] Weighted P-Frames: Y:0.0% UV:0.0%
[libx264 @ 0x63c988de4e80] ref P L0: 98.3%  0.4%  0.2%  1.1%
[libx264 @ 0x63c988de4e80] ref B L0: 94.1%  5.9%
[libx264 @ 0x63c988de4e80] ref B L1: 93.9%  6.1%
[libx264 @ 0x63c988de4e80] kb/s:1073.90
ffmpeg version 7.0.2-3ubuntu1 Copyright (c) 2000-2024 the FFmpeg developers
  built with gcc 14 (Ubuntu 14.2.0-2ubuntu1)
  configuration: --prefix=/usr --extra-version=3ubuntu1 --toolchain=hardened --libdir=/usr/lib/x86_64-linux-gnu --incdir=/usr/include/x86_64-linux-gnu --arch=amd64 --enable-gpl --disable-stripping --disable-libmfx --disable-omx --enable-gnutls --enable-libaom --enable-libass --enable-libbs2b --enable-libcdio --enable-libcodec2 --enable-libdav1d --enable-libflite --enable-libfontconfig --enable-libfreetype --enable-libfribidi --enable-libglslang --enable-libgme --enable-libgsm --enable-libharfbuzz --enable-libmp3lame --enable-libmysofa --enable-libopenjpeg --enable-libopenmpt --enable-libopus --enable-librubberband --enable-libshine --enable-libsnappy --enable-libsoxr --enable-libspeex --enable-libtheora --enable-libtwolame --enable-libvidstab --enable-libvorbis --enable-libvpx --enable-libwebp --enable-libx265 --enable-libxml2 --enable-libxvid --enable-libzimg --enable-openal --enable-opencl --enable-opengl --disable-sndio --enable-libvpl --enable-libdc1394 --enable-libdrm --enable-libiec61883 --enable-chromaprint --enable-frei0r --enable-ladspa --enable-libbluray --enable-libcaca --enable-libdvdnav --enable-libdvdread --enable-libjack --enable-libpulse --enable-librabbitmq --enable-librist --enable-libsrt --enable-libssh --enable-libsvtav1 --enable-libx264 --enable-libzmq --enable-libzvbi --enable-lv2 --enable-sdl2 --enable-libplacebo --enable-librav1e --enable-pocketsphinx --enable-librsvg --enable-libjxl --enable-shared
  libavutil      59.  8.100 / 59.  8.100
  libavcodec     61.  3.100 / 61.  3.100
  libavformat    61.  1.100 / 61.  1.100
  libavdevice    61.  1.100 / 61.  1.100
  libavfilter    10.  1.100 / 10.  1.100
  libswscale      8.  1.100 /  8.  1.100
  libswresample   5.  1.100 /  5.  1.100
  libpostproc    58.  1.100 / 58.  1.100
Input #0, concat, from '/home/marco-lasagna/Scaricati/ffmpeg-java/inputFile.txt':
  Duration: N/A, start: 0.000000, bitrate: N/A
  Stream #0:0: Video: mjpeg (Baseline), yuvj420p(pc, bt470bg/unknown/unknown), 4501x4500 [SAR 1:1 DAR 4501:4500], 25 fps, 25 tbr, 25 tbn
Stream mapping:
  Stream #0:0 -> #0:0 (mjpeg (native) -> h264 (libx264))
Press [q] to stop, [?] for help
[swscaler @ 0x7cbd9c016b00] deprecated pixel format used, make sure you did set range correctly
    Last message repeated 1 times
[swscaler @ 0x7cbd9cb407c0] deprecated pixel format used, make sure you did set range correctly
    Last message repeated 1 times
[vost#0:0/libx264 @ 0x625c829bfac0] No information about the input framerate is available. Falling back to a default value of 25fps. Use the -r option if you want a different framerate.
[libx264 @ 0x625c829b5e80] using SAR=2048/4095
[libx264 @ 0x625c829b5e80] using cpu capabilities: MMX2 SSE2Fast SSSE3 SSE4.2 AVX FMA3 BMI2 AVX2
[libx264 @ 0x625c829b5e80] profile High, level 4.0, 4:2:0, 8-bit
[libx264 @ 0x625c829b5e80] 264 - core 164 r3108 31e19f9 - H.264/MPEG-4 AVC codec - Copyleft 2003-2023 - http://www.videolan.org/x264.html - options: cabac=1 ref=3 deblock=1:0:0 analyse=0x3:0x113 me=hex subme=7 psy=1 psy_rd=1.00:0.00 mixed_ref=1 me_range=16 chroma_me=1 trellis=1 8x8dct=1 cqm=0 deadzone=21,11 fast_pskip=1 chroma_qp_offset=-2 threads=30 lookahead_threads=5 sliced_threads=0 nr=0 decimate=1 interlaced=0 bluray_compat=0 constrained_intra=0 bframes=3 b_pyramid=2 b_adapt=1 b_bias=0 direct=1 weightb=1 open_gop=0 weightp=2 keyint=250 keyint_min=25 scenecut=40 intra_refresh=0 rc_lookahead=40 rc=crf mbtree=1 crf=23.0 qcomp=0.60 qpmin=0 qpmax=69 qpstep=4 ip_ratio=1.40 aq=1:1.00
Output #0, mp4, to './src/test/resources/output/translation/video/489.mp4':
  Metadata:
    encoder         : Lavf61.1.100
  Stream #0:0: Video: h264 (avc1 / 0x31637661), yuvj420p(pc, progressive), 2048x1024 [SAR 4501:9000 DAR 4501:4500], q=2-31, 25 fps, 12800 tbn
      Metadata:
        encoder         : Lavc61.3.100 libx264
      Side data:
        cpb: bitrate max/min/avg: 0/0/0 buffer size: 0 vbv_delay: N/A
[out#0/mp4 @ 0x625c829bdb40] video:32KiB audio:0KiB subtitle:0KiB other streams:0KiB global headers:0KiB muxing overhead: 2.919194%
frame=    6 fps=0.0 q=-1.0 Lsize=      33KiB time=00:00:00.16 bitrate=1680.0kbits/s dup=0 drop=19 speed=0.655x    
[libx264 @ 0x625c829b5e80] frame I:1     Avg QP:18.56  size: 29839
[libx264 @ 0x625c829b5e80] frame P:2     Avg QP:18.30  size:   598
[libx264 @ 0x625c829b5e80] frame B:3     Avg QP:25.21  size:   307
[libx264 @ 0x625c829b5e80] consecutive B-frames: 33.3%  0.0%  0.0% 66.7%
[libx264 @ 0x625c829b5e80] mb I  I16..4: 25.6% 64.2% 10.2%
[libx264 @ 0x625c829b5e80] mb P  I16..4:  0.1%  0.0%  0.0%  P16..4:  1.3%  0.2%  0.1%  0.0%  0.0%    skip:98.3%
[libx264 @ 0x625c829b5e80] mb B  I16..4:  0.0%  0.0%  0.0%  B16..8:  1.2%  0.1%  0.0%  direct: 0.1%  skip:98.6%  L0:43.7% L1:54.2% BI: 2.1%
[libx264 @ 0x625c829b5e80] 8x8 transform intra:64.1% inter:31.2%
[libx264 @ 0x625c829b5e80] coded y,uvDC,uvAC intra: 5.9% 10.2% 9.1% inter: 0.1% 0.0% 0.0%
[libx264 @ 0x625c829b5e80] i16 v,h,dc,p: 87% 12%  1%  0%
[libx264 @ 0x625c829b5e80] i8 v,h,dc,ddl,ddr,vr,hd,vl,hu: 58%  8% 34%  0%  0%  0%  0%  0%  0%
[libx264 @ 0x625c829b5e80] i4 v,h,dc,ddl,ddr,vr,hd,vl,hu: 40% 30%  9%  4%  2%  2%  4%  4%  5%
[libx264 @ 0x625c829b5e80] i8c dc,h,v,p: 82%  9%  8%  1%
[libx264 @ 0x625c829b5e80] Weighted P-Frames: Y:0.0% UV:0.0%
[libx264 @ 0x625c829b5e80] ref P L0: 98.2%  0.8%  0.6%  0.4%
[libx264 @ 0x625c829b5e80] ref B L0: 94.6%  5.4%
[libx264 @ 0x625c829b5e80] ref B L1: 95.0%  5.0%
[libx264 @ 0x625c829b5e80] kb/s:1065.20
ffmpeg version 7.0.2-3ubuntu1 Copyright (c) 2000-2024 the FFmpeg developers
  built with gcc 14 (Ubuntu 14.2.0-2ubuntu1)
  configuration: --prefix=/usr --extra-version=3ubuntu1 --toolchain=hardened --libdir=/usr/lib/x86_64-linux-gnu --incdir=/usr/include/x86_64-linux-gnu --arch=amd64 --enable-gpl --disable-stripping --disable-libmfx --disable-omx --enable-gnutls --enable-libaom --enable-libass --enable-libbs2b --enable-libcdio --enable-libcodec2 --enable-libdav1d --enable-libflite --enable-libfontconfig --enable-libfreetype --enable-libfribidi --enable-libglslang --enable-libgme --enable-libgsm --enable-libharfbuzz --enable-libmp3lame --enable-libmysofa --enable-libopenjpeg --enable-libopenmpt --enable-libopus --enable-librubberband --enable-libshine --enable-libsnappy --enable-libsoxr --enable-libspeex --enable-libtheora --enable-libtwolame --enable-libvidstab --enable-libvorbis --enable-libvpx --enable-libwebp --enable-libx265 --enable-libxml2 --enable-libxvid --enable-libzimg --enable-openal --enable-opencl --enable-opengl --disable-sndio --enable-libvpl --enable-libdc1394 --enable-libdrm --enable-libiec61883 --enable-chromaprint --enable-frei0r --enable-ladspa --enable-libbluray --enable-libcaca --enable-libdvdnav --enable-libdvdread --enable-libjack --enable-libpulse --enable-librabbitmq --enable-librist --enable-libsrt --enable-libssh --enable-libsvtav1 --enable-libx264 --enable-libzmq --enable-libzvbi --enable-lv2 --enable-sdl2 --enable-libplacebo --enable-librav1e --enable-pocketsphinx --enable-librsvg --enable-libjxl --enable-shared
  libavutil      59.  8.100 / 59.  8.100
  libavcodec     61.  3.100 / 61.  3.100
  libavformat    61.  1.100 / 61.  1.100
  libavdevice    61.  1.100 / 61.  1.100
  libavfilter    10.  1.100 / 10.  1.100
  libswscale      8.  1.100 /  8.  1.100
  libswresample   5.  1.100 /  5.  1.100
  libpostproc    58.  1.100 / 58.  1.100
Input #0, concat, from '/home/marco-lasagna/Scaricati/ffmpeg-java/inputFile.txt':
  Duration: N/A, start: 0.000000, bitrate: N/A
  Stream #0:0: Video: mjpeg (Baseline), yuvj420p(pc, bt470bg/unknown/unknown), 4501x4500 [SAR 1:1 DAR 4501:4500], 25 fps, 25 tbr, 25 tbn
Stream mapping:
  Stream #0:0 -> #0:0 (mjpeg (native) -> h264 (libx264))
Press [q] to stop, [?] for help
[swscaler @ 0x7ba964016b00] deprecated pixel format used, make sure you did set range correctly
    Last message repeated 1 times
[swscaler @ 0x7ba964b407c0] deprecated pixel format used, make sure you did set range correctly
    Last message repeated 1 times
[vost#0:0/libx264 @ 0x5a6c40ab1ac0] No information about the input framerate is available. Falling back to a default value of 25fps. Use the -r option if you want a different framerate.
[libx264 @ 0x5a6c40aa7e80] using SAR=2048/4095
[libx264 @ 0x5a6c40aa7e80] using cpu capabilities: MMX2 SSE2Fast SSSE3 SSE4.2 AVX FMA3 BMI2 AVX2
[libx264 @ 0x5a6c40aa7e80] profile High, level 4.0, 4:2:0, 8-bit
[libx264 @ 0x5a6c40aa7e80] 264 - core 164 r3108 31e19f9 - H.264/MPEG-4 AVC codec - Copyleft 2003-2023 - http://www.videolan.org/x264.html - options: cabac=1 ref=3 deblock=1:0:0 analyse=0x3:0x113 me=hex subme=7 psy=1 psy_rd=1.00:0.00 mixed_ref=1 me_range=16 chroma_me=1 trellis=1 8x8dct=1 cqm=0 deadzone=21,11 fast_pskip=1 chroma_qp_offset=-2 threads=30 lookahead_threads=5 sliced_threads=0 nr=0 decimate=1 interlaced=0 bluray_compat=0 constrained_intra=0 bframes=3 b_pyramid=2 b_adapt=1 b_bias=0 direct=1 weightb=1 open_gop=0 weightp=2 keyint=250 keyint_min=25 scenecut=40 intra_refresh=0 rc_lookahead=40 rc=crf mbtree=1 crf=23.0 qcomp=0.60 qpmin=0 qpmax=69 qpstep=4 ip_ratio=1.40 aq=1:1.00
Output #0, mp4, to './src/test/resources/output/translation/video/499.mp4':
  Metadata:
    encoder         : Lavf61.1.100
  Stream #0:0: Video: h264 (avc1 / 0x31637661), yuvj420p(pc, progressive), 2048x1024 [SAR 4501:9000 DAR 4501:4500], q=2-31, 25 fps, 12800 tbn
      Metadata:
        encoder         : Lavc61.3.100 libx264
      Side data:
        cpb: bitrate max/min/avg: 0/0/0 buffer size: 0 vbv_delay: N/A
[out#0/mp4 @ 0x5a6c40aafb40] video:32KiB audio:0KiB subtitle:0KiB other streams:0KiB global headers:0KiB muxing overhead: 2.923134%
frame=    6 fps=0.0 q=-1.0 Lsize=      33KiB time=00:00:00.16 bitrate=1677.8kbits/s dup=0 drop=19 speed=0.628x    
[libx264 @ 0x5a6c40aa7e80] frame I:1     Avg QP:18.83  size: 29855
[libx264 @ 0x5a6c40aa7e80] frame P:2     Avg QP:21.83  size:   564
[libx264 @ 0x5a6c40aa7e80] frame B:3     Avg QP:26.00  size:   310
[libx264 @ 0x5a6c40aa7e80] consecutive B-frames: 33.3%  0.0%  0.0% 66.7%
[libx264 @ 0x5a6c40aa7e80] mb I  I16..4: 23.3% 66.4% 10.3%
[libx264 @ 0x5a6c40aa7e80] mb P  I16..4:  0.1%  0.1%  0.0%  P16..4:  1.2%  0.2%  0.1%  0.0%  0.0%    skip:98.3%
[libx264 @ 0x5a6c40aa7e80] mb B  I16..4:  0.0%  0.0%  0.0%  B16..8:  1.1%  0.1%  0.0%  direct: 0.1%  skip:98.7%  L0:60.7% L1:36.9% BI: 2.4%
[libx264 @ 0x5a6c40aa7e80] 8x8 transform intra:66.4% inter:13.8%
[libx264 @ 0x5a6c40aa7e80] coded y,uvDC,uvAC intra: 5.9% 10.2% 9.1% inter: 0.1% 0.0% 0.0%
[libx264 @ 0x5a6c40aa7e80] i16 v,h,dc,p: 86% 13%  1%  0%
[libx264 @ 0x5a6c40aa7e80] i8 v,h,dc,ddl,ddr,vr,hd,vl,hu: 43%  8% 49%  0%  0%  0%  0%  0%  0%
[libx264 @ 0x5a6c40aa7e80] i4 v,h,dc,ddl,ddr,vr,hd,vl,hu: 39% 31%  9%  4%  2%  2%  4%  4%  5%
[libx264 @ 0x5a6c40aa7e80] i8c dc,h,v,p: 82%  9%  8%  1%
[libx264 @ 0x5a6c40aa7e80] Weighted P-Frames: Y:0.0% UV:0.0%
[libx264 @ 0x5a6c40aa7e80] ref P L0: 96.6%  0.2%  0.8%  2.3%
[libx264 @ 0x5a6c40aa7e80] ref B L0: 93.0%  7.0%
[libx264 @ 0x5a6c40aa7e80] ref B L1: 92.6%  7.4%
[libx264 @ 0x5a6c40aa7e80] kb/s:1063.73
ffmpeg version 7.0.2-3ubuntu1 Copyright (c) 2000-2024 the FFmpeg developers
  built with gcc 14 (Ubuntu 14.2.0-2ubuntu1)
  configuration: --prefix=/usr --extra-version=3ubuntu1 --toolchain=hardened --libdir=/usr/lib/x86_64-linux-gnu --incdir=/usr/include/x86_64-linux-gnu --arch=amd64 --enable-gpl --disable-stripping --disable-libmfx --disable-omx --enable-gnutls --enable-libaom --enable-libass --enable-libbs2b --enable-libcdio --enable-libcodec2 --enable-libdav1d --enable-libflite --enable-libfontconfig --enable-libfreetype --enable-libfribidi --enable-libglslang --enable-libgme --enable-libgsm --enable-libharfbuzz --enable-libmp3lame --enable-libmysofa --enable-libopenjpeg --enable-libopenmpt --enable-libopus --enable-librubberband --enable-libshine --enable-libsnappy --enable-libsoxr --enable-libspeex --enable-libtheora --enable-libtwolame --enable-libvidstab --enable-libvorbis --enable-libvpx --enable-libwebp --enable-libx265 --enable-libxml2 --enable-libxvid --enable-libzimg --enable-openal --enable-opencl --enable-opengl --disable-sndio --enable-libvpl --enable-libdc1394 --enable-libdrm --enable-libiec61883 --enable-chromaprint --enable-frei0r --enable-ladspa --enable-libbluray --enable-libcaca --enable-libdvdnav --enable-libdvdread --enable-libjack --enable-libpulse --enable-librabbitmq --enable-librist --enable-libsrt --enable-libssh --enable-libsvtav1 --enable-libx264 --enable-libzmq --enable-libzvbi --enable-lv2 --enable-sdl2 --enable-libplacebo --enable-librav1e --enable-pocketsphinx --enable-librsvg --enable-libjxl --enable-shared
  libavutil      59.  8.100 / 59.  8.100
  libavcodec     61.  3.100 / 61.  3.100
  libavformat    61.  1.100 / 61.  1.100
  libavdevice    61.  1.100 / 61.  1.100
  libavfilter    10.  1.100 / 10.  1.100
  libswscale      8.  1.100 /  8.  1.100
  libswresample   5.  1.100 /  5.  1.100
  libpostproc    58.  1.100 / 58.  1.100
Input #0, concat, from '/home/marco-lasagna/Scaricati/ffmpeg-java/inputFile.txt':
  Duration: N/A, start: 0.000000, bitrate: N/A
  Stream #0:0: Video: mjpeg (Baseline), yuvj420p(pc, bt470bg/unknown/unknown), 4501x4500 [SAR 1:1 DAR 4501:4500], 25 fps, 25 tbr, 25 tbn
Stream mapping:
  Stream #0:0 -> #0:0 (mjpeg (native) -> h264 (libx264))
Press [q] to stop, [?] for help
[swscaler @ 0x7e5b04016b00] deprecated pixel format used, make sure you did set range correctly
    Last message repeated 1 times
[swscaler @ 0x7e5b04b407c0] deprecated pixel format used, make sure you did set range correctly
    Last message repeated 1 times
[vost#0:0/libx264 @ 0x62c24f2f6ac0] No information about the input framerate is available. Falling back to a default value of 25fps. Use the -r option if you want a different framerate.
[libx264 @ 0x62c24f2ece80] using SAR=2048/4095
[libx264 @ 0x62c24f2ece80] using cpu capabilities: MMX2 SSE2Fast SSSE3 SSE4.2 AVX FMA3 BMI2 AVX2
[libx264 @ 0x62c24f2ece80] profile High, level 4.0, 4:2:0, 8-bit
[libx264 @ 0x62c24f2ece80] 264 - core 164 r3108 31e19f9 - H.264/MPEG-4 AVC codec - Copyleft 2003-2023 - http://www.videolan.org/x264.html - options: cabac=1 ref=3 deblock=1:0:0 analyse=0x3:0x113 me=hex subme=7 psy=1 psy_rd=1.00:0.00 mixed_ref=1 me_range=16 chroma_me=1 trellis=1 8x8dct=1 cqm=0 deadzone=21,11 fast_pskip=1 chroma_qp_offset=-2 threads=30 lookahead_threads=5 sliced_threads=0 nr=0 decimate=1 interlaced=0 bluray_compat=0 constrained_intra=0 bframes=3 b_pyramid=2 b_adapt=1 b_bias=0 direct=1 weightb=1 open_gop=0 weightp=2 keyint=250 keyint_min=25 scenecut=40 intra_refresh=0 rc_lookahead=40 rc=crf mbtree=1 crf=23.0 qcomp=0.60 qpmin=0 qpmax=69 qpstep=4 ip_ratio=1.40 aq=1:1.00
Output #0, mp4, to './src/test/resources/output/translation/video/509.mp4':
  Metadata:
    encoder         : Lavf61.1.100
  Stream #0:0: Video: h264 (avc1 / 0x31637661), yuvj420p(pc, progressive), 2048x1024 [SAR 4501:9000 DAR 4501:4500], q=2-31, 25 fps, 12800 tbn
      Metadata:
        encoder         : Lavc61.3.100 libx264
      Side data:
        cpb: bitrate max/min/avg: 0/0/0 buffer size: 0 vbv_delay: N/A
[out#0/mp4 @ 0x62c24f2f4b40] video:32KiB audio:0KiB subtitle:0KiB other streams:0KiB global headers:0KiB muxing overhead: 2.937641%
frame=    6 fps=0.0 q=-1.0 Lsize=      33KiB time=00:00:00.16 bitrate=1669.7kbits/s dup=0 drop=19 speed=0.647x    
[libx264 @ 0x62c24f2ece80] frame I:1     Avg QP:18.47  size: 29771
[libx264 @ 0x62c24f2ece80] frame P:2     Avg QP:18.25  size:   552
[libx264 @ 0x62c24f2ece80] frame B:3     Avg QP:24.15  size:   292
[libx264 @ 0x62c24f2ece80] consecutive B-frames: 33.3%  0.0%  0.0% 66.7%
[libx264 @ 0x62c24f2ece80] mb I  I16..4: 22.9% 66.9% 10.2%
[libx264 @ 0x62c24f2ece80] mb P  I16..4:  0.2%  0.1%  0.0%  P16..4:  0.4%  0.2%  0.1%  0.0%  0.0%    skip:99.1%
[libx264 @ 0x62c24f2ece80] mb B  I16..4:  0.0%  0.0%  0.0%  B16..8:  1.1%  0.1%  0.0%  direct: 0.0%  skip:98.7%  L0:26.5% L1:70.5% BI: 3.0%
[libx264 @ 0x62c24f2ece80] 8x8 transform intra:66.8% inter:20.6%
[libx264 @ 0x62c24f2ece80] coded y,uvDC,uvAC intra: 5.9% 10.2% 9.1% inter: 0.1% 0.0% 0.0%
[libx264 @ 0x62c24f2ece80] i16 v,h,dc,p: 86% 13%  1%  0%
[libx264 @ 0x62c24f2ece80] i8 v,h,dc,ddl,ddr,vr,hd,vl,hu: 58%  9% 32%  0%  0%  0%  0%  0%  0%
[libx264 @ 0x62c24f2ece80] i4 v,h,dc,ddl,ddr,vr,hd,vl,hu: 39% 30% 10%  4%  2%  2%  4%  4%  5%
[libx264 @ 0x62c24f2ece80] i8c dc,h,v,p: 82%  9%  8%  1%
[libx264 @ 0x62c24f2ece80] Weighted P-Frames: Y:0.0% UV:0.0%
[libx264 @ 0x62c24f2ece80] ref P L0: 97.1%  0.0%  1.9%  1.0%
[libx264 @ 0x62c24f2ece80] ref B L0: 90.5%  9.5%
[libx264 @ 0x62c24f2ece80] ref B L1: 93.8%  6.2%
[libx264 @ 0x62c24f2ece80] kb/s:1058.37
ffmpeg version 7.0.2-3ubuntu1 Copyright (c) 2000-2024 the FFmpeg developers
  built with gcc 14 (Ubuntu 14.2.0-2ubuntu1)
  configuration: --prefix=/usr --extra-version=3ubuntu1 --toolchain=hardened --libdir=/usr/lib/x86_64-linux-gnu --incdir=/usr/include/x86_64-linux-gnu --arch=amd64 --enable-gpl --disable-stripping --disable-libmfx --disable-omx --enable-gnutls --enable-libaom --enable-libass --enable-libbs2b --enable-libcdio --enable-libcodec2 --enable-libdav1d --enable-libflite --enable-libfontconfig --enable-libfreetype --enable-libfribidi --enable-libglslang --enable-libgme --enable-libgsm --enable-libharfbuzz --enable-libmp3lame --enable-libmysofa --enable-libopenjpeg --enable-libopenmpt --enable-libopus --enable-librubberband --enable-libshine --enable-libsnappy --enable-libsoxr --enable-libspeex --enable-libtheora --enable-libtwolame --enable-libvidstab --enable-libvorbis --enable-libvpx --enable-libwebp --enable-libx265 --enable-libxml2 --enable-libxvid --enable-libzimg --enable-openal --enable-opencl --enable-opengl --disable-sndio --enable-libvpl --enable-libdc1394 --enable-libdrm --enable-libiec61883 --enable-chromaprint --enable-frei0r --enable-ladspa --enable-libbluray --enable-libcaca --enable-libdvdnav --enable-libdvdread --enable-libjack --enable-libpulse --enable-librabbitmq --enable-librist --enable-libsrt --enable-libssh --enable-libsvtav1 --enable-libx264 --enable-libzmq --enable-libzvbi --enable-lv2 --enable-sdl2 --enable-libplacebo --enable-librav1e --enable-pocketsphinx --enable-librsvg --enable-libjxl --enable-shared
  libavutil      59.  8.100 / 59.  8.100
  libavcodec     61.  3.100 / 61.  3.100
  libavformat    61.  1.100 / 61.  1.100
  libavdevice    61.  1.100 / 61.  1.100
  libavfilter    10.  1.100 / 10.  1.100
  libswscale      8.  1.100 /  8.  1.100
  libswresample   5.  1.100 /  5.  1.100
  libpostproc    58.  1.100 / 58.  1.100
Input #0, concat, from '/home/marco-lasagna/Scaricati/ffmpeg-java/inputFile.txt':
  Duration: N/A, start: 0.000000, bitrate: N/A
  Stream #0:0: Video: mjpeg (Baseline), yuvj420p(pc, bt470bg/unknown/unknown), 4501x4500 [SAR 1:1 DAR 4501:4500], 25 fps, 25 tbr, 25 tbn
Stream mapping:
  Stream #0:0 -> #0:0 (mjpeg (native) -> h264 (libx264))
Press [q] to stop, [?] for help
[swscaler @ 0x7de7dc016b00] deprecated pixel format used, make sure you did set range correctly
    Last message repeated 1 times
[swscaler @ 0x7de7dcb407c0] deprecated pixel format used, make sure you did set range correctly
    Last message repeated 1 times
[vost#0:0/libx264 @ 0x5f1dcaa4f940] No information about the input framerate is available. Falling back to a default value of 25fps. Use the -r option if you want a different framerate.
[libx264 @ 0x5f1dcaa45d00] using SAR=2048/4095
[libx264 @ 0x5f1dcaa45d00] using cpu capabilities: MMX2 SSE2Fast SSSE3 SSE4.2 AVX FMA3 BMI2 AVX2
[libx264 @ 0x5f1dcaa45d00] profile High, level 4.0, 4:2:0, 8-bit
[libx264 @ 0x5f1dcaa45d00] 264 - core 164 r3108 31e19f9 - H.264/MPEG-4 AVC codec - Copyleft 2003-2023 - http://www.videolan.org/x264.html - options: cabac=1 ref=3 deblock=1:0:0 analyse=0x3:0x113 me=hex subme=7 psy=1 psy_rd=1.00:0.00 mixed_ref=1 me_range=16 chroma_me=1 trellis=1 8x8dct=1 cqm=0 deadzone=21,11 fast_pskip=1 chroma_qp_offset=-2 threads=30 lookahead_threads=5 sliced_threads=0 nr=0 decimate=1 interlaced=0 bluray_compat=0 constrained_intra=0 bframes=3 b_pyramid=2 b_adapt=1 b_bias=0 direct=1 weightb=1 open_gop=0 weightp=2 keyint=250 keyint_min=25 scenecut=40 intra_refresh=0 rc_lookahead=40 rc=crf mbtree=1 crf=23.0 qcomp=0.60 qpmin=0 qpmax=69 qpstep=4 ip_ratio=1.40 aq=1:1.00
Output #0, mp4, to './src/test/resources/output/translation/video/last.mp4':
  Metadata:
    encoder         : Lavf61.1.100
  Stream #0:0: Video: h264 (avc1 / 0x31637661), yuvj420p(pc, progressive), 2048x1024 [SAR 4501:9000 DAR 4501:4500], q=2-31, 25 fps, 12800 tbn
      Metadata:
        encoder         : Lavc61.3.100 libx264
      Side data:
        cpb: bitrate max/min/avg: 0/0/0 buffer size: 0 vbv_delay: N/A
[out#0/mp4 @ 0x5f1dcaa4d9c0] video:30KiB audio:0KiB subtitle:0KiB other streams:0KiB global headers:0KiB muxing overhead: 3.023293%
frame=    5 fps=0.0 q=-1.0 Lsize=      31KiB time=00:00:00.12 bitrate=2137.7kbits/s dup=0 drop=15 speed=0.591x    
[libx264 @ 0x5f1dcaa45d00] frame I:1     Avg QP:19.13  size: 28688
[libx264 @ 0x5f1dcaa45d00] frame P:1     Avg QP:16.90  size:   774
[libx264 @ 0x5f1dcaa45d00] frame B:3     Avg QP:22.07  size:   324
[libx264 @ 0x5f1dcaa45d00] consecutive B-frames: 20.0%  0.0%  0.0% 80.0%
[libx264 @ 0x5f1dcaa45d00] mb I  I16..4: 16.6% 73.4% 10.0%
[libx264 @ 0x5f1dcaa45d00] mb P  I16..4:  0.2%  0.3%  0.0%  P16..4:  1.3%  0.2%  0.1%  0.0%  0.0%    skip:97.8%
[libx264 @ 0x5f1dcaa45d00] mb B  I16..4:  0.0%  0.0%  0.0%  B16..8:  1.1%  0.1%  0.0%  direct: 0.1%  skip:98.6%  L0:57.5% L1:41.4% BI: 1.1%
[libx264 @ 0x5f1dcaa45d00] 8x8 transform intra:73.3% inter:24.1%
[libx264 @ 0x5f1dcaa45d00] coded y,uvDC,uvAC intra: 5.8% 10.0% 8.9% inter: 0.1% 0.1% 0.0%
[libx264 @ 0x5f1dcaa45d00] i16 v,h,dc,p: 80% 18%  1%  0%
[libx264 @ 0x5f1dcaa45d00] i8 v,h,dc,ddl,ddr,vr,hd,vl,hu: 45%  9% 45%  0%  0%  0%  0%  0%  0%
[libx264 @ 0x5f1dcaa45d00] i4 v,h,dc,ddl,ddr,vr,hd,vl,hu: 35% 30% 13%  4%  2%  2%  4%  4%  5%
[libx264 @ 0x5f1dcaa45d00] i8c dc,h,v,p: 82%  9%  8%  1%
[libx264 @ 0x5f1dcaa45d00] Weighted P-Frames: Y:0.0% UV:0.0%
[libx264 @ 0x5f1dcaa45d00] ref B L0: 97.1%  2.9%
[libx264 @ 0x5f1dcaa45d00] ref B L1: 95.8%  4.2%
[libx264 @ 0x5f1dcaa45d00] kb/s:1217.40
ffmpeg version 7.0.2-3ubuntu1 Copyright (c) 2000-2024 the FFmpeg developers
  built with gcc 14 (Ubuntu 14.2.0-2ubuntu1)
  configuration: --prefix=/usr --extra-version=3ubuntu1 --toolchain=hardened --libdir=/usr/lib/x86_64-linux-gnu --incdir=/usr/include/x86_64-linux-gnu --arch=amd64 --enable-gpl --disable-stripping --disable-libmfx --disable-omx --enable-gnutls --enable-libaom --enable-libass --enable-libbs2b --enable-libcdio --enable-libcodec2 --enable-libdav1d --enable-libflite --enable-libfontconfig --enable-libfreetype --enable-libfribidi --enable-libglslang --enable-libgme --enable-libgsm --enable-libharfbuzz --enable-libmp3lame --enable-libmysofa --enable-libopenjpeg --enable-libopenmpt --enable-libopus --enable-librubberband --enable-libshine --enable-libsnappy --enable-libsoxr --enable-libspeex --enable-libtheora --enable-libtwolame --enable-libvidstab --enable-libvorbis --enable-libvpx --enable-libwebp --enable-libx265 --enable-libxml2 --enable-libxvid --enable-libzimg --enable-openal --enable-opencl --enable-opengl --disable-sndio --enable-libvpl --enable-libdc1394 --enable-libdrm --enable-libiec61883 --enable-chromaprint --enable-frei0r --enable-ladspa --enable-libbluray --enable-libcaca --enable-libdvdnav --enable-libdvdread --enable-libjack --enable-libpulse --enable-librabbitmq --enable-librist --enable-libsrt --enable-libssh --enable-libsvtav1 --enable-libx264 --enable-libzmq --enable-libzvbi --enable-lv2 --enable-sdl2 --enable-libplacebo --enable-librav1e --enable-pocketsphinx --enable-librsvg --enable-libjxl --enable-shared
  libavutil      59.  8.100 / 59.  8.100
  libavcodec     61.  3.100 / 61.  3.100
  libavformat    61.  1.100 / 61.  1.100
  libavdevice    61.  1.100 / 61.  1.100
  libavfilter    10.  1.100 / 10.  1.100
  libswscale      8.  1.100 /  8.  1.100
  libswresample   5.  1.100 /  5.  1.100
  libpostproc    58.  1.100 / 58.  1.100
[mov,mp4,m4a,3gp,3g2,mj2 @ 0x5ea8570281c0] Auto-inserting h264_mp4toannexb bitstream filter
Input #0, concat, from '/home/marco-lasagna/Scaricati/ffmpeg-java/inputFile.txt':
  Duration: N/A, start: 0.000000, bitrate: 1088 kb/s
  Stream #0:0(und): Video: h264 (High) (avc1 / 0x31637661), yuvj420p(pc, progressive), 2048x1024 [SAR 2048:4095 DAR 4096:4095], 1088 kb/s, SAR 4501:9000 DAR 4501:4500, 25 fps, 25 tbr, 12800 tbn
      Metadata:
        handler_name    : VideoHandler
        vendor_id       : [0][0][0][0]
        encoder         : Lavc61.3.100 libx264
Stream mapping:
  Stream #0:0 -> #0:0 (h264 (native) -> h264 (libx264))
Press [q] to stop, [?] for help
[mov,mp4,m4a,3gp,3g2,mj2 @ 0x5ea8570281c0] Auto-inserting h264_mp4toannexb bitstream filter
    Last message repeated 3 times
[vost#0:0/libx264 @ 0x5ea8570bdc00] No information about the input framerate is available. Falling back to a default value of 25fps. Use the -r option if you want a different framerate.
[libx264 @ 0x5ea857028e40] using SAR=2048/4095
[libx264 @ 0x5ea857028e40] using cpu capabilities: MMX2 SSE2Fast SSSE3 SSE4.2 AVX FMA3 BMI2 AVX2
[mov,mp4,m4a,3gp,3g2,mj2 @ 0x5ea8570281c0] Auto-inserting h264_mp4toannexb bitstream filter
    Last message repeated 1 times
[libx264 @ 0x5ea857028e40] profile High, level 4.0, 4:2:0, 8-bit
[libx264 @ 0x5ea857028e40] 264 - core 164 r3108 31e19f9 - H.264/MPEG-4 AVC codec - Copyleft 2003-2023 - http://www.videolan.org/x264.html - options: cabac=1 ref=3 deblock=1:0:0 analyse=0x3:0x113 me=hex subme=7 psy=1 psy_rd=1.00:0.00 mixed_ref=1 me_range=16 chroma_me=1 trellis=1 8x8dct=1 cqm=0 deadzone=21,11 fast_pskip=1 chroma_qp_offset=-2 threads=30 lookahead_threads=5 sliced_threads=0 nr=0 decimate=1 interlaced=0 bluray_compat=0 constrained_intra=0 bframes=3 b_pyramid=2 b_adapt=1 b_bias=0 direct=1 weightb=1 open_gop=0 weightp=2 keyint=250 keyint_min=25 scenecut=40 intra_refresh=0 rc_lookahead=40 rc=crf mbtree=1 crf=23.0 qcomp=0.60 qpmin=0 qpmax=69 qpstep=4 ip_ratio=1.40 aq=1:1.00
Output #0, mp4, to './src/test/resources/output/translation/video/output.mp4':
  Metadata:
    encoder         : Lavf61.1.100
  Stream #0:0(und): Video: h264 (avc1 / 0x31637661), yuvj420p(pc, progressive), 2048x1024 [SAR 4501:9000 DAR 4501:4500], q=2-31, 25 fps, 12800 tbn
      Metadata:
        handler_name    : VideoHandler
        vendor_id       : [0][0][0][0]
        encoder         : Lavc61.3.100 libx264
      Side data:
        cpb: bitrate max/min/avg: 0/0/0 buffer size: 0 vbv_delay: N/A
[mov,mp4,m4a,3gp,3g2,mj2 @ 0x5ea8570281c0] Auto-inserting h264_mp4toannexb bitstream filter
    Last message repeated 44 times
[mov,mp4,m4a,3gp,3g2,mj2 @ 0x5ea8570281c0] moov atom not found
[concat @ 0x5ea85701b600] Impossible to open '/home/marco-lasagna/Scaricati/ffmpeg-java/./src/test/resources/output/translation/video/output.mp4'
[in#0/concat @ 0x5ea85701b340] Error during demuxing: Invalid data found when processing input
[out#0/mp4 @ 0x5ea8570bcf40] video:114KiB audio:0KiB subtitle:0KiB other streams:0KiB global headers:0KiB muxing overhead: 2.370522%
frame=  157 fps=0.0 q=-1.0 Lsize=     117KiB time=00:00:06.20 bitrate= 154.1kbits/s dup=0 drop=590 speed=12.6x    
[libx264 @ 0x5ea857028e40] frame I:1     Avg QP:16.31  size: 35845
[libx264 @ 0x5ea857028e40] frame P:40    Avg QP:20.64  size:  1089
[libx264 @ 0x5ea857028e40] frame B:116   Avg QP:25.30  size:   315
[libx264 @ 0x5ea857028e40] consecutive B-frames:  0.6%  2.5%  0.0% 96.8%
[libx264 @ 0x5ea857028e40] mb I  I16..4: 23.7% 65.7% 10.6%
[libx264 @ 0x5ea857028e40] mb P  I16..4:  0.1%  0.1%  0.0%  P16..4:  2.0%  0.2%  0.1%  0.0%  0.0%    skip:97.5%
[libx264 @ 0x5ea857028e40] mb B  I16..4:  0.0%  0.0%  0.0%  B16..8:  1.2%  0.1%  0.0%  direct: 0.0%  skip:98.6%  L0:54.0% L1:41.8% BI: 4.2%
[libx264 @ 0x5ea857028e40] 8x8 transform intra:64.3% inter:28.9%
[libx264 @ 0x5ea857028e40] coded y,uvDC,uvAC intra: 6.3% 10.2% 9.0% inter: 0.1% 0.1% 0.0%
[libx264 @ 0x5ea857028e40] i16 v,h,dc,p: 80% 18%  2%  0%
[libx264 @ 0x5ea857028e40] i8 v,h,dc,ddl,ddr,vr,hd,vl,hu: 67%  3% 29%  0%  0%  0%  0%  0%  0%
[libx264 @ 0x5ea857028e40] i4 v,h,dc,ddl,ddr,vr,hd,vl,hu: 39% 29% 12%  4%  2%  2%  4%  3%  5%
[libx264 @ 0x5ea857028e40] i8c dc,h,v,p: 78% 12%  9%  1%
[libx264 @ 0x5ea857028e40] Weighted P-Frames: Y:0.0% UV:0.0%
[libx264 @ 0x5ea857028e40] ref P L0: 67.6%  2.9% 14.8% 14.7%
[libx264 @ 0x5ea857028e40] ref B L0: 66.5% 26.0%  7.5%
[libx264 @ 0x5ea857028e40] ref B L1: 92.1%  7.9%
[libx264 @ 0x5ea857028e40] kb/s:147.71
]]></system-err>
</testsuite>
