<?xml version="1.0" encoding="UTF-8"?>
<testsuite name="it.disi.unitn.videocreator.transcoder.VideoTranscoderTest" tests="2" skipped="0" failures="0" errors="0" timestamp="2024-03-22T03:13:51" hostname="marco-Dell-G15-5530" time="0.063">
  <properties/>
  <testcase name="createCommand()" classname="it.disi.unitn.videocreator.transcoder.VideoTranscoderTest" time="0.056"/>
  <testcase name="createCommandForAudio()" classname="it.disi.unitn.videocreator.transcoder.VideoTranscoderTest" time="0.006"/>
  <system-out><![CDATA[]]></system-out>
  <system-err><![CDATA[ffmpeg version N-113412-g0b8e51b584 Copyright (c) 2000-2024 the FFmpeg developers
  built with gcc 13 (Ubuntu 13.2.0-4ubuntu3)
  configuration: --enable-avformat --enable-avcodec
  libavutil      58. 36.101 / 58. 36.101
  libavcodec     60. 38.100 / 60. 38.100
  libavformat    60. 20.100 / 60. 20.100
  libavdevice    60.  4.100 / 60.  4.100
  libavfilter     9. 17.100 /  9. 17.100
  libswscale      7.  6.100 /  7.  6.100
  libswresample   4. 13.100 /  4. 13.100
Input #0, mov,mp4,m4a,3gp,3g2,mj2, from './src/test/resources/input/mp4/example.mp4':
  Metadata:
    major_brand     : isom
    minor_version   : 512
    compatible_brands: isomiso2mp41
    encoder         : Lavf60.20.100
  Duration: 00:00:01.00, start: 0.000000, bitrate: 139 kb/s
  Stream #0:0[0x1](und): Video: mjpeg (Baseline) (mp4v / 0x7634706D), yuvj420p(pc, bt470bg/unknown/unknown, progressive), 800x600 [SAR 4501:6000 DAR 4501:4500], 132 kb/s, 1 fps, 1 tbr, 16384 tbn (default)
      Metadata:
        handler_name    : VideoHandler
        vendor_id       : [0][0][0][0]
        encoder         : Lavc60.38.100 mjpeg
Stream mapping:
  Stream #0:0 -> #0:0 (mjpeg (native) -> mjpeg (native))
Press [q] to stop, [?] for help
[swscaler @ 0x74d324013280] deprecated pixel format used, make sure you did set range correctly
    Last message repeated 3 times
Output #0, mov, to './src/test/resources/input/mp4/example.mov':
  Metadata:
    major_brand     : isom
    minor_version   : 512
    compatible_brands: isomiso2mp41
    encoder         : Lavf60.20.100
  Stream #0:0(und): Video: mjpeg (jpeg / 0x6765706A), yuv420p(pc, progressive), 800x600 [SAR 4501:6000 DAR 4501:4500], q=2-31, 200 kb/s, 1 fps, 16384 tbn (default)
      Metadata:
        handler_name    : VideoHandler
        vendor_id       : [0][0][0][0]
        encoder         : Lavc60.38.100 mjpeg
      Side data:
        cpb: bitrate max/min/avg: 0/0/200000 buffer size: 0 vbv_delay: N/A
[out#0/mov @ 0x5f8f2acbe280] video:16kB audio:0kB subtitle:0kB other streams:0kB global headers:0kB muxing overhead: 4.899885%
frame=    1 fps=0.0 q=18.0 Lsize=      17kB time=00:00:01.00 bitrate= 138.7kbits/s speed=86.2x    
ffmpeg version N-113412-g0b8e51b584 Copyright (c) 2000-2024 the FFmpeg developers
  built with gcc 13 (Ubuntu 13.2.0-4ubuntu3)
  configuration: --enable-avformat --enable-avcodec
  libavutil      58. 36.101 / 58. 36.101
  libavcodec     60. 38.100 / 60. 38.100
  libavformat    60. 20.100 / 60. 20.100
  libavdevice    60.  4.100 / 60.  4.100
  libavfilter     9. 17.100 /  9. 17.100
  libswscale      7.  6.100 /  7.  6.100
  libswresample   4. 13.100 /  4. 13.100
Input #0, asf, from './src/test/resources/input/mp4/002.wmv':
  Metadata:
    encoder         : Lavf60.20.100
  Duration: 00:00:01.32, start: 0.000000, bitrate: 141 kb/s
  Stream #0:0: Video: wmv2 (WMV2 / 0x32564D57), yuv420p, 800x600, SAR 4501:6000 DAR 4501:4500, 1k tbr, 1k tbn
  Stream #0:1: Audio: mp3 (U[0][0][0] / 0x0055), 24000 Hz, mono, fltp, 32 kb/s
Stream mapping:
  Stream #0:1 -> #0:0 (mp3 (mp3float) -> wmav2 (native))
Press [q] to stop, [?] for help
Output #0, asf, to './src/test/resources/input/mp4/002.wma':
  Metadata:
    WM/EncodingSettings: Lavf60.20.100
  Stream #0:0: Audio: wmav2 (a[1][0][0] / 0x0161), 24000 Hz, mono, fltp, 128 kb/s
      Metadata:
        encoder         : Lavc60.38.100 wmav2
[out#0/asf @ 0x5845e9900640] video:0kB audio:21kB subtitle:0kB other streams:0kB global headers:0kB muxing overhead: 19.706960%
size=      26kB time=00:00:01.23 bitrate= 169.4kbits/s speed= 744x    
]]></system-err>
</testsuite>
