<?xml version="1.0" encoding="UTF-8"?>
<testsuite name="it.disi.unitn.json.JSONToImageTest" tests="1" skipped="0" failures="0" errors="0" timestamp="2024-05-30T08:09:11" hostname="marco-lasagna-Dell-G15-5530" time="1.695">
  <properties/>
  <testcase name="generate()" classname="it.disi.unitn.json.JSONToImageTest" time="1.695"/>
  <system-out><![CDATA[]]></system-out>
  <system-err><![CDATA[]]></system-err>
</testsuite>
