<?xml version="1.0" encoding="UTF-8"?>
<testsuite name="it.disi.unitn.filters.audio.ADecorrelateTest" tests="1" skipped="0" failures="0" errors="0" timestamp="2024-09-20T11:53:20" hostname="marco-lasagna-Dell-G15-5530" time="0.071">
  <properties/>
  <testcase name="test()" classname="it.disi.unitn.filters.audio.ADecorrelateTest" time="0.071"/>
  <system-out><![CDATA[]]></system-out>
  <system-err><![CDATA[ffmpeg version 6.1.1-3ubuntu5+esm2 Copyright (c) 2000-2023 the FFmpeg developers
  built with gcc 13 (Ubuntu 13.2.0-23ubuntu4)
  configuration: --prefix=/usr --extra-version=3ubuntu5+esm2 --toolchain=hardened --libdir=/usr/lib/x86_64-linux-gnu --incdir=/usr/include/x86_64-linux-gnu --arch=amd64 --enable-gpl --disable-stripping --disable-omx --enable-gnutls --enable-libaom --enable-libass --enable-libbs2b --enable-libcaca --enable-libcdio --enable-libcodec2 --enable-libdav1d --enable-libflite --enable-libfontconfig --enable-libfreetype --enable-libfribidi --enable-libglslang --enable-libgme --enable-libgsm --enable-libharfbuzz --enable-libmp3lame --enable-libmysofa --enable-libopenjpeg --enable-libopenmpt --enable-libopus --enable-librubberband --enable-libshine --enable-libsnappy --enable-libsoxr --enable-libspeex --enable-libtheora --enable-libtwolame --enable-libvidstab --enable-libvorbis --enable-libvpx --enable-libwebp --enable-libx265 --enable-libxml2 --enable-libxvid --enable-libzimg --enable-openal --enable-opencl --enable-opengl --disable-sndio --enable-libvpl --disable-libmfx --enable-libdc1394 --enable-libdrm --enable-libiec61883 --enable-chromaprint --enable-frei0r --enable-ladspa --enable-libbluray --enable-libjack --enable-libpulse --enable-librabbitmq --enable-librist --enable-libsrt --enable-libssh --enable-libsvtav1 --enable-libx264 --enable-libzmq --enable-libzvbi --enable-lv2 --enable-sdl2 --enable-libplacebo --enable-librav1e --enable-pocketsphinx --enable-librsvg --enable-libjxl --enable-shared
  libavutil      58. 29.100 / 58. 29.100
  libavcodec     60. 31.102 / 60. 31.102
  libavformat    60. 16.100 / 60. 16.100
  libavdevice    60.  3.100 / 60.  3.100
  libavfilter     9. 12.100 /  9. 12.100
  libswscale      7.  5.100 /  7.  5.100
  libswresample   4. 12.100 /  4. 12.100
  libpostproc    57.  3.100 / 57.  3.100
[mp3 @ 0x5d8924dfe380] Estimating duration from bitrate, this may be inaccurate
Input #0, mp3, from './src/test/resources/input/audio/input.mp3':
  Duration: 00:00:03.02, start: 0.000000, bitrate: 32 kb/s
  Stream #0:0: Audio: mp3, 24000 Hz, mono, fltp, 32 kb/s
Stream mapping:
  Stream #0:0 -> #0:0 (mp3 (mp3float) -> mp3 (libmp3lame))
Press [q] to stop, [?] for help
Output #0, mp3, to './src/test/resources/output/audio/adecorrelate.mp3':
  Metadata:
    TSSE            : Lavf60.16.100
  Stream #0:0: Audio: mp3, 24000 Hz, mono, fltp
    Metadata:
      encoder         : Lavc60.31.102 libmp3lame
size=       0kB time=N/A bitrate=N/A speed=N/A    [out#0/mp3 @ 0x5d8924dffd40] video:0kB audio:12kB subtitle:0kB other streams:0kB global headers:0kB muxing overhead: 1.928711%
size=      12kB time=00:00:03.00 bitrate=  33.4kbits/s speed= 186x    
]]></system-err>
</testsuite>
