<?xml version="1.0" encoding="UTF-8"?>
<testsuite name="it.disi.unitn.transition.translation.TranslationTest" tests="2" skipped="0" failures="0" errors="0" timestamp="2025-02-13T21:40:31" hostname="marco-lasagna-Dell-G15-5530" time="259.264">
  <properties/>
  <testcase name="test()" classname="it.disi.unitn.transition.translation.TranslationTest" time="131.118"/>
  <testcase name="test1()" classname="it.disi.unitn.transition.translation.TranslationTest" time="128.145"/>
  <system-out><![CDATA[]]></system-out>
  <system-err><![CDATA[ffmpeg version 7.0.2-3ubuntu1 Copyright (c) 2000-2024 the FFmpeg developers
  built with gcc 14 (Ubuntu 14.2.0-2ubuntu1)
  configuration: --prefix=/usr --extra-version=3ubuntu1 --toolchain=hardened --libdir=/usr/lib/x86_64-linux-gnu --incdir=/usr/include/x86_64-linux-gnu --arch=amd64 --enable-gpl --disable-stripping --disable-libmfx --disable-omx --enable-gnutls --enable-libaom --enable-libass --enable-libbs2b --enable-libcdio --enable-libcodec2 --enable-libdav1d --enable-libflite --enable-libfontconfig --enable-libfreetype --enable-libfribidi --enable-libglslang --enable-libgme --enable-libgsm --enable-libharfbuzz --enable-libmp3lame --enable-libmysofa --enable-libopenjpeg --enable-libopenmpt --enable-libopus --enable-librubberband --enable-libshine --enable-libsnappy --enable-libsoxr --enable-libspeex --enable-libtheora --enable-libtwolame --enable-libvidstab --enable-libvorbis --enable-libvpx --enable-libwebp --enable-libx265 --enable-libxml2 --enable-libxvid --enable-libzimg --enable-openal --enable-opencl --enable-opengl --disable-sndio --enable-libvpl --enable-libdc1394 --enable-libdrm --enable-libiec61883 --enable-chromaprint --enable-frei0r --enable-ladspa --enable-libbluray --enable-libcaca --enable-libdvdnav --enable-libdvdread --enable-libjack --enable-libpulse --enable-librabbitmq --enable-librist --enable-libsrt --enable-libssh --enable-libsvtav1 --enable-libx264 --enable-libzmq --enable-libzvbi --enable-lv2 --enable-sdl2 --enable-libplacebo --enable-librav1e --enable-pocketsphinx --enable-librsvg --enable-libjxl --enable-shared
  libavutil      59.  8.100 / 59.  8.100
  libavcodec     61.  3.100 / 61.  3.100
  libavformat    61.  1.100 / 61.  1.100
  libavdevice    61.  1.100 / 61.  1.100
  libavfilter    10.  1.100 / 10.  1.100
  libswscale      8.  1.100 /  8.  1.100
  libswresample   5.  1.100 /  5.  1.100
  libpostproc    58.  1.100 / 58.  1.100
Input #0, concat, from '/home/marco-lasagna/Scaricati/ffmpeg-java/inputFile.txt':
  Duration: N/A, start: 0.000000, bitrate: N/A
  Stream #0:0: Video: mjpeg (Baseline), yuvj420p(pc, bt470bg/unknown/unknown), 4501x4500 [SAR 1:1 DAR 4501:4500], 25 fps, 25 tbr, 25 tbn
Stream mapping:
  Stream #0:0 -> #0:0 (mjpeg (native) -> h264 (libx264))
Press [q] to stop, [?] for help
[swscaler @ 0x726468016b00] deprecated pixel format used, make sure you did set range correctly
    Last message repeated 1 times
[swscaler @ 0x726468b407c0] deprecated pixel format used, make sure you did set range correctly
    Last message repeated 1 times
[vost#0:0/libx264 @ 0x5bf396252ac0] No information about the input framerate is available. Falling back to a default value of 25fps. Use the -r option if you want a different framerate.
[libx264 @ 0x5bf396248e80] using SAR=2048/4095
[libx264 @ 0x5bf396248e80] using cpu capabilities: MMX2 SSE2Fast SSSE3 SSE4.2 AVX FMA3 BMI2 AVX2
[libx264 @ 0x5bf396248e80] profile High, level 4.0, 4:2:0, 8-bit
[libx264 @ 0x5bf396248e80] 264 - core 164 r3108 31e19f9 - H.264/MPEG-4 AVC codec - Copyleft 2003-2023 - http://www.videolan.org/x264.html - options: cabac=1 ref=3 deblock=1:0:0 analyse=0x3:0x113 me=hex subme=7 psy=1 psy_rd=1.00:0.00 mixed_ref=1 me_range=16 chroma_me=1 trellis=1 8x8dct=1 cqm=0 deadzone=21,11 fast_pskip=1 chroma_qp_offset=-2 threads=30 lookahead_threads=5 sliced_threads=0 nr=0 decimate=1 interlaced=0 bluray_compat=0 constrained_intra=0 bframes=3 b_pyramid=2 b_adapt=1 b_bias=0 direct=1 weightb=1 open_gop=0 weightp=2 keyint=250 keyint_min=25 scenecut=40 intra_refresh=0 rc_lookahead=40 rc=crf mbtree=1 crf=23.0 qcomp=0.60 qpmin=0 qpmax=69 qpstep=4 ip_ratio=1.40 aq=1:1.00
Output #0, mp4, to './src/test/resources/output/translation/tempVideo/010.mp4':
  Metadata:
    encoder         : Lavf61.1.100
  Stream #0:0: Video: h264 (avc1 / 0x31637661), yuvj420p(pc, progressive), 2048x1024 [SAR 4501:9000 DAR 4501:4500], q=2-31, 25 fps, 12800 tbn
      Metadata:
        encoder         : Lavc61.3.100 libx264
      Side data:
        cpb: bitrate max/min/avg: 0/0/0 buffer size: 0 vbv_delay: N/A
[out#0/mp4 @ 0x5bf396250b40] video:32KiB audio:0KiB subtitle:0KiB other streams:0KiB global headers:0KiB muxing overhead: 2.936464%
frame=    6 fps=0.0 q=-1.0 Lsize=      33KiB time=00:00:00.16 bitrate=1670.3kbits/s dup=0 drop=19 speed=0.642x    
[libx264 @ 0x5bf396248e80] frame I:1     Avg QP:18.46  size: 29741
[libx264 @ 0x5bf396248e80] frame P:2     Avg QP:19.31  size:   556
[libx264 @ 0x5bf396248e80] frame B:3     Avg QP:24.14  size:   303
[libx264 @ 0x5bf396248e80] consecutive B-frames: 33.3%  0.0%  0.0% 66.7%
[libx264 @ 0x5bf396248e80] mb I  I16..4: 17.2% 72.6% 10.2%
[libx264 @ 0x5bf396248e80] mb P  I16..4:  0.1%  0.1%  0.0%  P16..4:  1.2%  0.2%  0.1%  0.0%  0.0%    skip:98.3%
[libx264 @ 0x5bf396248e80] mb B  I16..4:  0.0%  0.0%  0.0%  B16..8:  1.1%  0.1%  0.0%  direct: 0.1%  skip:98.6%  L0:61.5% L1:35.9% BI: 2.6%
[libx264 @ 0x5bf396248e80] 8x8 transform intra:72.5% inter:22.1%
[libx264 @ 0x5bf396248e80] coded y,uvDC,uvAC intra: 5.9% 10.2% 9.1% inter: 0.1% 0.0% 0.0%
[libx264 @ 0x5bf396248e80] i16 v,h,dc,p: 82% 17%  1%  0%
[libx264 @ 0x5bf396248e80] i8 v,h,dc,ddl,ddr,vr,hd,vl,hu: 42%  9% 48%  0%  0%  0%  0%  0%  0%
[libx264 @ 0x5bf396248e80] i4 v,h,dc,ddl,ddr,vr,hd,vl,hu: 39% 30% 10%  4%  2%  2%  4%  4%  5%
[libx264 @ 0x5bf396248e80] i8c dc,h,v,p: 82%  9%  8%  1%
[libx264 @ 0x5bf396248e80] Weighted P-Frames: Y:0.0% UV:0.0%
[libx264 @ 0x5bf396248e80] ref P L0: 96.2%  0.0%  0.4%  3.4%
[libx264 @ 0x5bf396248e80] ref B L0: 93.8%  6.2%
[libx264 @ 0x5bf396248e80] ref B L1: 91.9%  8.1%
[libx264 @ 0x5bf396248e80] kb/s:1058.80
ffmpeg version 7.0.2-3ubuntu1 Copyright (c) 2000-2024 the FFmpeg developers
  built with gcc 14 (Ubuntu 14.2.0-2ubuntu1)
  configuration: --prefix=/usr --extra-version=3ubuntu1 --toolchain=hardened --libdir=/usr/lib/x86_64-linux-gnu --incdir=/usr/include/x86_64-linux-gnu --arch=amd64 --enable-gpl --disable-stripping --disable-libmfx --disable-omx --enable-gnutls --enable-libaom --enable-libass --enable-libbs2b --enable-libcdio --enable-libcodec2 --enable-libdav1d --enable-libflite --enable-libfontconfig --enable-libfreetype --enable-libfribidi --enable-libglslang --enable-libgme --enable-libgsm --enable-libharfbuzz --enable-libmp3lame --enable-libmysofa --enable-libopenjpeg --enable-libopenmpt --enable-libopus --enable-librubberband --enable-libshine --enable-libsnappy --enable-libsoxr --enable-libspeex --enable-libtheora --enable-libtwolame --enable-libvidstab --enable-libvorbis --enable-libvpx --enable-libwebp --enable-libx265 --enable-libxml2 --enable-libxvid --enable-libzimg --enable-openal --enable-opencl --enable-opengl --disable-sndio --enable-libvpl --enable-libdc1394 --enable-libdrm --enable-libiec61883 --enable-chromaprint --enable-frei0r --enable-ladspa --enable-libbluray --enable-libcaca --enable-libdvdnav --enable-libdvdread --enable-libjack --enable-libpulse --enable-librabbitmq --enable-librist --enable-libsrt --enable-libssh --enable-libsvtav1 --enable-libx264 --enable-libzmq --enable-libzvbi --enable-lv2 --enable-sdl2 --enable-libplacebo --enable-librav1e --enable-pocketsphinx --enable-librsvg --enable-libjxl --enable-shared
  libavutil      59.  8.100 / 59.  8.100
  libavcodec     61.  3.100 / 61.  3.100
  libavformat    61.  1.100 / 61.  1.100
  libavdevice    61.  1.100 / 61.  1.100
  libavfilter    10.  1.100 / 10.  1.100
  libswscale      8.  1.100 /  8.  1.100
  libswresample   5.  1.100 /  5.  1.100
  libpostproc    58.  1.100 / 58.  1.100
Input #0, concat, from '/home/marco-lasagna/Scaricati/ffmpeg-java/inputFile.txt':
  Duration: N/A, start: 0.000000, bitrate: N/A
  Stream #0:0: Video: mjpeg (Baseline), yuvj420p(pc, bt470bg/unknown/unknown), 4501x4500 [SAR 1:1 DAR 4501:4500], 25 fps, 25 tbr, 25 tbn
Stream mapping:
  Stream #0:0 -> #0:0 (mjpeg (native) -> h264 (libx264))
Press [q] to stop, [?] for help
[swscaler @ 0x7bc598016b00] deprecated pixel format used, make sure you did set range correctly
    Last message repeated 1 times
[swscaler @ 0x7bc598b407c0] deprecated pixel format used, make sure you did set range correctly
    Last message repeated 1 times
[vost#0:0/libx264 @ 0x630049616ac0] No information about the input framerate is available. Falling back to a default value of 25fps. Use the -r option if you want a different framerate.
[libx264 @ 0x63004960ce80] using SAR=2048/4095
[libx264 @ 0x63004960ce80] using cpu capabilities: MMX2 SSE2Fast SSSE3 SSE4.2 AVX FMA3 BMI2 AVX2
[libx264 @ 0x63004960ce80] profile High, level 4.0, 4:2:0, 8-bit
[libx264 @ 0x63004960ce80] 264 - core 164 r3108 31e19f9 - H.264/MPEG-4 AVC codec - Copyleft 2003-2023 - http://www.videolan.org/x264.html - options: cabac=1 ref=3 deblock=1:0:0 analyse=0x3:0x113 me=hex subme=7 psy=1 psy_rd=1.00:0.00 mixed_ref=1 me_range=16 chroma_me=1 trellis=1 8x8dct=1 cqm=0 deadzone=21,11 fast_pskip=1 chroma_qp_offset=-2 threads=30 lookahead_threads=5 sliced_threads=0 nr=0 decimate=1 interlaced=0 bluray_compat=0 constrained_intra=0 bframes=3 b_pyramid=2 b_adapt=1 b_bias=0 direct=1 weightb=1 open_gop=0 weightp=2 keyint=250 keyint_min=25 scenecut=40 intra_refresh=0 rc_lookahead=40 rc=crf mbtree=1 crf=23.0 qcomp=0.60 qpmin=0 qpmax=69 qpstep=4 ip_ratio=1.40 aq=1:1.00
Output #0, mp4, to './src/test/resources/output/translation/tempVideo/020.mp4':
  Metadata:
    encoder         : Lavf61.1.100
  Stream #0:0: Video: h264 (avc1 / 0x31637661), yuvj420p(pc, progressive), 2048x1024 [SAR 4501:9000 DAR 4501:4500], q=2-31, 25 fps, 12800 tbn
      Metadata:
        encoder         : Lavc61.3.100 libx264
      Side data:
        cpb: bitrate max/min/avg: 0/0/0 buffer size: 0 vbv_delay: N/A
[out#0/mp4 @ 0x630049614b40] video:32KiB audio:0KiB subtitle:0KiB other streams:0KiB global headers:0KiB muxing overhead: 2.919820%
frame=    6 fps=0.0 q=-1.0 Lsize=      33KiB time=00:00:00.16 bitrate=1679.6kbits/s dup=0 drop=19 speed=0.635x    
[libx264 @ 0x63004960ce80] frame I:1     Avg QP:18.28  size: 29803
[libx264 @ 0x63004960ce80] frame P:2     Avg QP:19.40  size:   618
[libx264 @ 0x63004960ce80] frame B:3     Avg QP:33.34  size:   303
[libx264 @ 0x63004960ce80] consecutive B-frames: 33.3%  0.0%  0.0% 66.7%
[libx264 @ 0x63004960ce80] mb I  I16..4: 26.0% 63.8% 10.2%
[libx264 @ 0x63004960ce80] mb P  I16..4:  0.1%  0.2%  0.0%  P16..4:  0.8%  0.2%  0.1%  0.0%  0.0%    skip:98.6%
[libx264 @ 0x63004960ce80] mb B  I16..4:  0.0%  0.1%  0.0%  B16..8:  1.1%  0.1%  0.0%  direct: 0.1%  skip:98.7%  L0:34.1% L1:62.4% BI: 3.5%
[libx264 @ 0x63004960ce80] 8x8 transform intra:63.8% inter:20.2%
[libx264 @ 0x63004960ce80] coded y,uvDC,uvAC intra: 5.9% 10.1% 9.1% inter: 0.1% 0.0% 0.0%
[libx264 @ 0x63004960ce80] i16 v,h,dc,p: 88% 11%  1%  0%
[libx264 @ 0x63004960ce80] i8 v,h,dc,ddl,ddr,vr,hd,vl,hu: 44%  6% 50%  0%  0%  0%  0%  0%  0%
[libx264 @ 0x63004960ce80] i4 v,h,dc,ddl,ddr,vr,hd,vl,hu: 39% 30% 10%  4%  2%  2%  4%  4%  5%
[libx264 @ 0x63004960ce80] i8c dc,h,v,p: 82%  9%  8%  1%
[libx264 @ 0x63004960ce80] Weighted P-Frames: Y:0.0% UV:0.0%
[libx264 @ 0x63004960ce80] ref P L0: 94.8%  0.5%  0.4%  4.3%
[libx264 @ 0x63004960ce80] ref B L0: 89.0% 11.0%
[libx264 @ 0x63004960ce80] ref B L1: 95.6%  4.4%
[libx264 @ 0x63004960ce80] kb/s:1064.97
ffmpeg version 7.0.2-3ubuntu1 Copyright (c) 2000-2024 the FFmpeg developers
  built with gcc 14 (Ubuntu 14.2.0-2ubuntu1)
  configuration: --prefix=/usr --extra-version=3ubuntu1 --toolchain=hardened --libdir=/usr/lib/x86_64-linux-gnu --incdir=/usr/include/x86_64-linux-gnu --arch=amd64 --enable-gpl --disable-stripping --disable-libmfx --disable-omx --enable-gnutls --enable-libaom --enable-libass --enable-libbs2b --enable-libcdio --enable-libcodec2 --enable-libdav1d --enable-libflite --enable-libfontconfig --enable-libfreetype --enable-libfribidi --enable-libglslang --enable-libgme --enable-libgsm --enable-libharfbuzz --enable-libmp3lame --enable-libmysofa --enable-libopenjpeg --enable-libopenmpt --enable-libopus --enable-librubberband --enable-libshine --enable-libsnappy --enable-libsoxr --enable-libspeex --enable-libtheora --enable-libtwolame --enable-libvidstab --enable-libvorbis --enable-libvpx --enable-libwebp --enable-libx265 --enable-libxml2 --enable-libxvid --enable-libzimg --enable-openal --enable-opencl --enable-opengl --disable-sndio --enable-libvpl --enable-libdc1394 --enable-libdrm --enable-libiec61883 --enable-chromaprint --enable-frei0r --enable-ladspa --enable-libbluray --enable-libcaca --enable-libdvdnav --enable-libdvdread --enable-libjack --enable-libpulse --enable-librabbitmq --enable-librist --enable-libsrt --enable-libssh --enable-libsvtav1 --enable-libx264 --enable-libzmq --enable-libzvbi --enable-lv2 --enable-sdl2 --enable-libplacebo --enable-librav1e --enable-pocketsphinx --enable-librsvg --enable-libjxl --enable-shared
  libavutil      59.  8.100 / 59.  8.100
  libavcodec     61.  3.100 / 61.  3.100
  libavformat    61.  1.100 / 61.  1.100
  libavdevice    61.  1.100 / 61.  1.100
  libavfilter    10.  1.100 / 10.  1.100
  libswscale      8.  1.100 /  8.  1.100
  libswresample   5.  1.100 /  5.  1.100
  libpostproc    58.  1.100 / 58.  1.100
Input #0, concat, from '/home/marco-lasagna/Scaricati/ffmpeg-java/inputFile.txt':
  Duration: N/A, start: 0.000000, bitrate: N/A
  Stream #0:0: Video: mjpeg (Baseline), yuvj420p(pc, bt470bg/unknown/unknown), 4501x4500 [SAR 1:1 DAR 4501:4500], 25 fps, 25 tbr, 25 tbn
Stream mapping:
  Stream #0:0 -> #0:0 (mjpeg (native) -> h264 (libx264))
Press [q] to stop, [?] for help
[swscaler @ 0x741e98016b00] deprecated pixel format used, make sure you did set range correctly
    Last message repeated 1 times
[swscaler @ 0x741e98b407c0] deprecated pixel format used, make sure you did set range correctly
    Last message repeated 1 times
[vost#0:0/libx264 @ 0x6526c96c7ac0] No information about the input framerate is available. Falling back to a default value of 25fps. Use the -r option if you want a different framerate.
[libx264 @ 0x6526c96bde80] using SAR=2048/4095
[libx264 @ 0x6526c96bde80] using cpu capabilities: MMX2 SSE2Fast SSSE3 SSE4.2 AVX FMA3 BMI2 AVX2
[libx264 @ 0x6526c96bde80] profile High, level 4.0, 4:2:0, 8-bit
[libx264 @ 0x6526c96bde80] 264 - core 164 r3108 31e19f9 - H.264/MPEG-4 AVC codec - Copyleft 2003-2023 - http://www.videolan.org/x264.html - options: cabac=1 ref=3 deblock=1:0:0 analyse=0x3:0x113 me=hex subme=7 psy=1 psy_rd=1.00:0.00 mixed_ref=1 me_range=16 chroma_me=1 trellis=1 8x8dct=1 cqm=0 deadzone=21,11 fast_pskip=1 chroma_qp_offset=-2 threads=30 lookahead_threads=5 sliced_threads=0 nr=0 decimate=1 interlaced=0 bluray_compat=0 constrained_intra=0 bframes=3 b_pyramid=2 b_adapt=1 b_bias=0 direct=1 weightb=1 open_gop=0 weightp=2 keyint=250 keyint_min=25 scenecut=40 intra_refresh=0 rc_lookahead=40 rc=crf mbtree=1 crf=23.0 qcomp=0.60 qpmin=0 qpmax=69 qpstep=4 ip_ratio=1.40 aq=1:1.00
Output #0, mp4, to './src/test/resources/output/translation/tempVideo/030.mp4':
  Metadata:
    encoder         : Lavf61.1.100
  Stream #0:0: Video: h264 (avc1 / 0x31637661), yuvj420p(pc, progressive), 2048x1024 [SAR 4501:9000 DAR 4501:4500], q=2-31, 25 fps, 12800 tbn
      Metadata:
        encoder         : Lavc61.3.100 libx264
      Side data:
        cpb: bitrate max/min/avg: 0/0/0 buffer size: 0 vbv_delay: N/A
[out#0/mp4 @ 0x6526c96c5b40] video:32KiB audio:0KiB subtitle:0KiB other streams:0KiB global headers:0KiB muxing overhead: 2.891323%
frame=    6 fps=0.0 q=-1.0 Lsize=      33KiB time=00:00:00.16 bitrate=1681.5kbits/s dup=0 drop=19 speed=0.609x    
[libx264 @ 0x6526c96bde80] frame I:1     Avg QP:18.28  size: 29933
[libx264 @ 0x6526c96bde80] frame P:2     Avg QP:18.95  size:   627
[libx264 @ 0x6526c96bde80] frame B:3     Avg QP:26.99  size:   269
[libx264 @ 0x6526c96bde80] consecutive B-frames: 16.7% 33.3% 50.0%  0.0%
[libx264 @ 0x6526c96bde80] mb I  I16..4: 24.9% 64.8% 10.2%
[libx264 @ 0x6526c96bde80] mb P  I16..4:  0.1%  0.1%  0.0%  P16..4:  1.3%  0.3%  0.1%  0.0%  0.0%    skip:98.2%
[libx264 @ 0x6526c96bde80] mb B  I16..4:  0.0%  0.0%  0.0%  B16..8:  1.3%  0.0%  0.0%  direct: 0.1%  skip:98.6%  L0:51.1% L1:47.3% BI: 1.5%
[libx264 @ 0x6526c96bde80] 8x8 transform intra:64.8% inter:14.7%
[libx264 @ 0x6526c96bde80] coded y,uvDC,uvAC intra: 5.9% 10.1% 9.1% inter: 0.1% 0.0% 0.0%
[libx264 @ 0x6526c96bde80] i16 v,h,dc,p: 88% 12%  1%  0%
[libx264 @ 0x6526c96bde80] i8 v,h,dc,ddl,ddr,vr,hd,vl,hu: 53% 15% 32%  0%  0%  0%  0%  0%  0%
[libx264 @ 0x6526c96bde80] i4 v,h,dc,ddl,ddr,vr,hd,vl,hu: 41% 29%  9%  4%  2%  2%  4%  4%  5%
[libx264 @ 0x6526c96bde80] i8c dc,h,v,p: 82%  9%  8%  1%
[libx264 @ 0x6526c96bde80] Weighted P-Frames: Y:0.0% UV:0.0%
[libx264 @ 0x6526c96bde80] ref P L0: 96.5%  0.3%  2.2%  0.9%
[libx264 @ 0x6526c96bde80] ref B L0: 42.9% 57.1%
[libx264 @ 0x6526c96bde80] kb/s:1066.47
ffmpeg version 7.0.2-3ubuntu1 Copyright (c) 2000-2024 the FFmpeg developers
  built with gcc 14 (Ubuntu 14.2.0-2ubuntu1)
  configuration: --prefix=/usr --extra-version=3ubuntu1 --toolchain=hardened --libdir=/usr/lib/x86_64-linux-gnu --incdir=/usr/include/x86_64-linux-gnu --arch=amd64 --enable-gpl --disable-stripping --disable-libmfx --disable-omx --enable-gnutls --enable-libaom --enable-libass --enable-libbs2b --enable-libcdio --enable-libcodec2 --enable-libdav1d --enable-libflite --enable-libfontconfig --enable-libfreetype --enable-libfribidi --enable-libglslang --enable-libgme --enable-libgsm --enable-libharfbuzz --enable-libmp3lame --enable-libmysofa --enable-libopenjpeg --enable-libopenmpt --enable-libopus --enable-librubberband --enable-libshine --enable-libsnappy --enable-libsoxr --enable-libspeex --enable-libtheora --enable-libtwolame --enable-libvidstab --enable-libvorbis --enable-libvpx --enable-libwebp --enable-libx265 --enable-libxml2 --enable-libxvid --enable-libzimg --enable-openal --enable-opencl --enable-opengl --disable-sndio --enable-libvpl --enable-libdc1394 --enable-libdrm --enable-libiec61883 --enable-chromaprint --enable-frei0r --enable-ladspa --enable-libbluray --enable-libcaca --enable-libdvdnav --enable-libdvdread --enable-libjack --enable-libpulse --enable-librabbitmq --enable-librist --enable-libsrt --enable-libssh --enable-libsvtav1 --enable-libx264 --enable-libzmq --enable-libzvbi --enable-lv2 --enable-sdl2 --enable-libplacebo --enable-librav1e --enable-pocketsphinx --enable-librsvg --enable-libjxl --enable-shared
  libavutil      59.  8.100 / 59.  8.100
  libavcodec     61.  3.100 / 61.  3.100
  libavformat    61.  1.100 / 61.  1.100
  libavdevice    61.  1.100 / 61.  1.100
  libavfilter    10.  1.100 / 10.  1.100
  libswscale      8.  1.100 /  8.  1.100
  libswresample   5.  1.100 /  5.  1.100
  libpostproc    58.  1.100 / 58.  1.100
Input #0, concat, from '/home/marco-lasagna/Scaricati/ffmpeg-java/inputFile.txt':
  Duration: N/A, start: 0.000000, bitrate: N/A
  Stream #0:0: Video: mjpeg (Baseline), yuvj420p(pc, bt470bg/unknown/unknown), 4501x4500 [SAR 1:1 DAR 4501:4500], 25 fps, 25 tbr, 25 tbn
Stream mapping:
  Stream #0:0 -> #0:0 (mjpeg (native) -> h264 (libx264))
Press [q] to stop, [?] for help
[swscaler @ 0x7307ac016b00] deprecated pixel format used, make sure you did set range correctly
    Last message repeated 1 times
[swscaler @ 0x7307acb407c0] deprecated pixel format used, make sure you did set range correctly
    Last message repeated 1 times
[vost#0:0/libx264 @ 0x606aaa7fcac0] No information about the input framerate is available. Falling back to a default value of 25fps. Use the -r option if you want a different framerate.
[libx264 @ 0x606aaa7f2e80] using SAR=2048/4095
[libx264 @ 0x606aaa7f2e80] using cpu capabilities: MMX2 SSE2Fast SSSE3 SSE4.2 AVX FMA3 BMI2 AVX2
[libx264 @ 0x606aaa7f2e80] profile High, level 4.0, 4:2:0, 8-bit
[libx264 @ 0x606aaa7f2e80] 264 - core 164 r3108 31e19f9 - H.264/MPEG-4 AVC codec - Copyleft 2003-2023 - http://www.videolan.org/x264.html - options: cabac=1 ref=3 deblock=1:0:0 analyse=0x3:0x113 me=hex subme=7 psy=1 psy_rd=1.00:0.00 mixed_ref=1 me_range=16 chroma_me=1 trellis=1 8x8dct=1 cqm=0 deadzone=21,11 fast_pskip=1 chroma_qp_offset=-2 threads=30 lookahead_threads=5 sliced_threads=0 nr=0 decimate=1 interlaced=0 bluray_compat=0 constrained_intra=0 bframes=3 b_pyramid=2 b_adapt=1 b_bias=0 direct=1 weightb=1 open_gop=0 weightp=2 keyint=250 keyint_min=25 scenecut=40 intra_refresh=0 rc_lookahead=40 rc=crf mbtree=1 crf=23.0 qcomp=0.60 qpmin=0 qpmax=69 qpstep=4 ip_ratio=1.40 aq=1:1.00
Output #0, mp4, to './src/test/resources/output/translation/tempVideo/040.mp4':
  Metadata:
    encoder         : Lavf61.1.100
  Stream #0:0: Video: h264 (avc1 / 0x31637661), yuvj420p(pc, progressive), 2048x1024 [SAR 4501:9000 DAR 4501:4500], q=2-31, 25 fps, 12800 tbn
      Metadata:
        encoder         : Lavc61.3.100 libx264
      Side data:
        cpb: bitrate max/min/avg: 0/0/0 buffer size: 0 vbv_delay: N/A
[out#0/mp4 @ 0x606aaa7fab40] video:32KiB audio:0KiB subtitle:0KiB other streams:0KiB global headers:0KiB muxing overhead: 2.920178%
frame=    6 fps=0.0 q=-1.0 Lsize=      33KiB time=00:00:00.16 bitrate=1679.4kbits/s dup=0 drop=19 speed=0.604x    
[libx264 @ 0x606aaa7f2e80] frame I:1     Avg QP:18.47  size: 29889
[libx264 @ 0x606aaa7f2e80] frame P:2     Avg QP:18.33  size:   594
[libx264 @ 0x606aaa7f2e80] frame B:3     Avg QP:33.71  size:   289
[libx264 @ 0x606aaa7f2e80] consecutive B-frames: 33.3%  0.0%  0.0% 66.7%
[libx264 @ 0x606aaa7f2e80] mb I  I16..4: 25.7% 64.1% 10.2%
[libx264 @ 0x606aaa7f2e80] mb P  I16..4:  0.1%  0.1%  0.0%  P16..4:  1.2%  0.2%  0.1%  0.0%  0.0%    skip:98.3%
[libx264 @ 0x606aaa7f2e80] mb B  I16..4:  0.0%  0.0%  0.0%  B16..8:  1.1%  0.1%  0.0%  direct: 0.1%  skip:98.7%  L0:54.6% L1:40.9% BI: 4.5%
[libx264 @ 0x606aaa7f2e80] 8x8 transform intra:64.1% inter:19.8%
[libx264 @ 0x606aaa7f2e80] coded y,uvDC,uvAC intra: 5.9% 10.2% 9.1% inter: 0.1% 0.0% 0.0%
[libx264 @ 0x606aaa7f2e80] i16 v,h,dc,p: 87% 12%  1%  0%
[libx264 @ 0x606aaa7f2e80] i8 v,h,dc,ddl,ddr,vr,hd,vl,hu: 51% 15% 34%  0%  0%  0%  0%  0%  0%
[libx264 @ 0x606aaa7f2e80] i4 v,h,dc,ddl,ddr,vr,hd,vl,hu: 37% 31% 11%  4%  2%  2%  4%  4%  5%
[libx264 @ 0x606aaa7f2e80] i8c dc,h,v,p: 82%  9%  8%  1%
[libx264 @ 0x606aaa7f2e80] Weighted P-Frames: Y:0.0% UV:0.0%
[libx264 @ 0x606aaa7f2e80] ref P L0: 98.6%  0.0%  0.0%  1.4%
[libx264 @ 0x606aaa7f2e80] ref B L0: 90.2%  9.8%
[libx264 @ 0x606aaa7f2e80] ref B L1: 92.4%  7.6%
[libx264 @ 0x606aaa7f2e80] kb/s:1064.83
ffmpeg version 7.0.2-3ubuntu1 Copyright (c) 2000-2024 the FFmpeg developers
  built with gcc 14 (Ubuntu 14.2.0-2ubuntu1)
  configuration: --prefix=/usr --extra-version=3ubuntu1 --toolchain=hardened --libdir=/usr/lib/x86_64-linux-gnu --incdir=/usr/include/x86_64-linux-gnu --arch=amd64 --enable-gpl --disable-stripping --disable-libmfx --disable-omx --enable-gnutls --enable-libaom --enable-libass --enable-libbs2b --enable-libcdio --enable-libcodec2 --enable-libdav1d --enable-libflite --enable-libfontconfig --enable-libfreetype --enable-libfribidi --enable-libglslang --enable-libgme --enable-libgsm --enable-libharfbuzz --enable-libmp3lame --enable-libmysofa --enable-libopenjpeg --enable-libopenmpt --enable-libopus --enable-librubberband --enable-libshine --enable-libsnappy --enable-libsoxr --enable-libspeex --enable-libtheora --enable-libtwolame --enable-libvidstab --enable-libvorbis --enable-libvpx --enable-libwebp --enable-libx265 --enable-libxml2 --enable-libxvid --enable-libzimg --enable-openal --enable-opencl --enable-opengl --disable-sndio --enable-libvpl --enable-libdc1394 --enable-libdrm --enable-libiec61883 --enable-chromaprint --enable-frei0r --enable-ladspa --enable-libbluray --enable-libcaca --enable-libdvdnav --enable-libdvdread --enable-libjack --enable-libpulse --enable-librabbitmq --enable-librist --enable-libsrt --enable-libssh --enable-libsvtav1 --enable-libx264 --enable-libzmq --enable-libzvbi --enable-lv2 --enable-sdl2 --enable-libplacebo --enable-librav1e --enable-pocketsphinx --enable-librsvg --enable-libjxl --enable-shared
  libavutil      59.  8.100 / 59.  8.100
  libavcodec     61.  3.100 / 61.  3.100
  libavformat    61.  1.100 / 61.  1.100
  libavdevice    61.  1.100 / 61.  1.100
  libavfilter    10.  1.100 / 10.  1.100
  libswscale      8.  1.100 /  8.  1.100
  libswresample   5.  1.100 /  5.  1.100
  libpostproc    58.  1.100 / 58.  1.100
Input #0, concat, from '/home/marco-lasagna/Scaricati/ffmpeg-java/inputFile.txt':
  Duration: N/A, start: 0.000000, bitrate: N/A
  Stream #0:0: Video: mjpeg (Baseline), yuvj420p(pc, bt470bg/unknown/unknown), 4501x4500 [SAR 1:1 DAR 4501:4500], 25 fps, 25 tbr, 25 tbn
Stream mapping:
  Stream #0:0 -> #0:0 (mjpeg (native) -> h264 (libx264))
Press [q] to stop, [?] for help
[swscaler @ 0x75b668016b00] deprecated pixel format used, make sure you did set range correctly
    Last message repeated 1 times
[swscaler @ 0x75b668b407c0] deprecated pixel format used, make sure you did set range correctly
    Last message repeated 1 times
[vost#0:0/libx264 @ 0x58d72ef36ac0] No information about the input framerate is available. Falling back to a default value of 25fps. Use the -r option if you want a different framerate.
[libx264 @ 0x58d72ef2ce80] using SAR=2048/4095
[libx264 @ 0x58d72ef2ce80] using cpu capabilities: MMX2 SSE2Fast SSSE3 SSE4.2 AVX FMA3 BMI2 AVX2
[libx264 @ 0x58d72ef2ce80] profile High, level 4.0, 4:2:0, 8-bit
[libx264 @ 0x58d72ef2ce80] 264 - core 164 r3108 31e19f9 - H.264/MPEG-4 AVC codec - Copyleft 2003-2023 - http://www.videolan.org/x264.html - options: cabac=1 ref=3 deblock=1:0:0 analyse=0x3:0x113 me=hex subme=7 psy=1 psy_rd=1.00:0.00 mixed_ref=1 me_range=16 chroma_me=1 trellis=1 8x8dct=1 cqm=0 deadzone=21,11 fast_pskip=1 chroma_qp_offset=-2 threads=30 lookahead_threads=5 sliced_threads=0 nr=0 decimate=1 interlaced=0 bluray_compat=0 constrained_intra=0 bframes=3 b_pyramid=2 b_adapt=1 b_bias=0 direct=1 weightb=1 open_gop=0 weightp=2 keyint=250 keyint_min=25 scenecut=40 intra_refresh=0 rc_lookahead=40 rc=crf mbtree=1 crf=23.0 qcomp=0.60 qpmin=0 qpmax=69 qpstep=4 ip_ratio=1.40 aq=1:1.00
Output #0, mp4, to './src/test/resources/output/translation/tempVideo/050.mp4':
  Metadata:
    encoder         : Lavf61.1.100
  Stream #0:0: Video: h264 (avc1 / 0x31637661), yuvj420p(pc, progressive), 2048x1024 [SAR 4501:9000 DAR 4501:4500], q=2-31, 25 fps, 12800 tbn
      Metadata:
        encoder         : Lavc61.3.100 libx264
      Side data:
        cpb: bitrate max/min/avg: 0/0/0 buffer size: 0 vbv_delay: N/A
[out#0/mp4 @ 0x58d72ef34b40] video:32KiB audio:0KiB subtitle:0KiB other streams:0KiB global headers:0KiB muxing overhead: 2.929513%
frame=    6 fps=0.0 q=-1.0 Lsize=      33KiB time=00:00:00.16 bitrate=1674.2kbits/s dup=0 drop=19 speed=0.62x    
[libx264 @ 0x58d72ef2ce80] frame I:1     Avg QP:18.60  size: 30011
[libx264 @ 0x58d72ef2ce80] frame P:2     Avg QP:20.27  size:   503
[libx264 @ 0x58d72ef2ce80] frame B:3     Avg QP:14.99  size:   275
[libx264 @ 0x58d72ef2ce80] consecutive B-frames: 33.3%  0.0%  0.0% 66.7%
[libx264 @ 0x58d72ef2ce80] mb I  I16..4: 17.0% 72.7% 10.3%
[libx264 @ 0x58d72ef2ce80] mb P  I16..4:  0.1%  0.1%  0.0%  P16..4:  0.9%  0.2%  0.0%  0.0%  0.0%    skip:98.7%
[libx264 @ 0x58d72ef2ce80] mb B  I16..4:  0.0%  0.0%  0.0%  B16..8:  1.0%  0.1%  0.0%  direct: 0.0%  skip:98.8%  L0:60.6% L1:35.0% BI: 4.4%
[libx264 @ 0x58d72ef2ce80] 8x8 transform intra:72.5% inter:27.6%
[libx264 @ 0x58d72ef2ce80] coded y,uvDC,uvAC intra: 5.9% 10.1% 9.1% inter: 0.1% 0.0% 0.0%
[libx264 @ 0x58d72ef2ce80] i16 v,h,dc,p: 82% 17%  1%  0%
[libx264 @ 0x58d72ef2ce80] i8 v,h,dc,ddl,ddr,vr,hd,vl,hu: 45%  6% 48%  0%  0%  0%  0%  0%  0%
[libx264 @ 0x58d72ef2ce80] i4 v,h,dc,ddl,ddr,vr,hd,vl,hu: 40% 30%  9%  4%  2%  2%  4%  4%  5%
[libx264 @ 0x58d72ef2ce80] i8c dc,h,v,p: 82%  9%  8%  1%
[libx264 @ 0x58d72ef2ce80] Weighted P-Frames: Y:0.0% UV:0.0%
[libx264 @ 0x58d72ef2ce80] ref P L0: 92.7%  0.0%  2.8%  4.5%
[libx264 @ 0x58d72ef2ce80] ref B L0: 93.4%  6.6%
[libx264 @ 0x58d72ef2ce80] ref B L1: 93.6%  6.4%
[libx264 @ 0x58d72ef2ce80] kb/s:1061.37
ffmpeg version 7.0.2-3ubuntu1 Copyright (c) 2000-2024 the FFmpeg developers
  built with gcc 14 (Ubuntu 14.2.0-2ubuntu1)
  configuration: --prefix=/usr --extra-version=3ubuntu1 --toolchain=hardened --libdir=/usr/lib/x86_64-linux-gnu --incdir=/usr/include/x86_64-linux-gnu --arch=amd64 --enable-gpl --disable-stripping --disable-libmfx --disable-omx --enable-gnutls --enable-libaom --enable-libass --enable-libbs2b --enable-libcdio --enable-libcodec2 --enable-libdav1d --enable-libflite --enable-libfontconfig --enable-libfreetype --enable-libfribidi --enable-libglslang --enable-libgme --enable-libgsm --enable-libharfbuzz --enable-libmp3lame --enable-libmysofa --enable-libopenjpeg --enable-libopenmpt --enable-libopus --enable-librubberband --enable-libshine --enable-libsnappy --enable-libsoxr --enable-libspeex --enable-libtheora --enable-libtwolame --enable-libvidstab --enable-libvorbis --enable-libvpx --enable-libwebp --enable-libx265 --enable-libxml2 --enable-libxvid --enable-libzimg --enable-openal --enable-opencl --enable-opengl --disable-sndio --enable-libvpl --enable-libdc1394 --enable-libdrm --enable-libiec61883 --enable-chromaprint --enable-frei0r --enable-ladspa --enable-libbluray --enable-libcaca --enable-libdvdnav --enable-libdvdread --enable-libjack --enable-libpulse --enable-librabbitmq --enable-librist --enable-libsrt --enable-libssh --enable-libsvtav1 --enable-libx264 --enable-libzmq --enable-libzvbi --enable-lv2 --enable-sdl2 --enable-libplacebo --enable-librav1e --enable-pocketsphinx --enable-librsvg --enable-libjxl --enable-shared
  libavutil      59.  8.100 / 59.  8.100
  libavcodec     61.  3.100 / 61.  3.100
  libavformat    61.  1.100 / 61.  1.100
  libavdevice    61.  1.100 / 61.  1.100
  libavfilter    10.  1.100 / 10.  1.100
  libswscale      8.  1.100 /  8.  1.100
  libswresample   5.  1.100 /  5.  1.100
  libpostproc    58.  1.100 / 58.  1.100
Input #0, concat, from '/home/marco-lasagna/Scaricati/ffmpeg-java/inputFile.txt':
  Duration: N/A, start: 0.000000, bitrate: N/A
  Stream #0:0: Video: mjpeg (Baseline), yuvj420p(pc, bt470bg/unknown/unknown), 4501x4500 [SAR 1:1 DAR 4501:4500], 25 fps, 25 tbr, 25 tbn
Stream mapping:
  Stream #0:0 -> #0:0 (mjpeg (native) -> h264 (libx264))
Press [q] to stop, [?] for help
[swscaler @ 0x797764016b00] deprecated pixel format used, make sure you did set range correctly
    Last message repeated 1 times
[swscaler @ 0x797764b407c0] deprecated pixel format used, make sure you did set range correctly
    Last message repeated 1 times
[vost#0:0/libx264 @ 0x5a99ac168ac0] No information about the input framerate is available. Falling back to a default value of 25fps. Use the -r option if you want a different framerate.
[libx264 @ 0x5a99ac15ee80] using SAR=2048/4095
[libx264 @ 0x5a99ac15ee80] using cpu capabilities: MMX2 SSE2Fast SSSE3 SSE4.2 AVX FMA3 BMI2 AVX2
[libx264 @ 0x5a99ac15ee80] profile High, level 4.0, 4:2:0, 8-bit
[libx264 @ 0x5a99ac15ee80] 264 - core 164 r3108 31e19f9 - H.264/MPEG-4 AVC codec - Copyleft 2003-2023 - http://www.videolan.org/x264.html - options: cabac=1 ref=3 deblock=1:0:0 analyse=0x3:0x113 me=hex subme=7 psy=1 psy_rd=1.00:0.00 mixed_ref=1 me_range=16 chroma_me=1 trellis=1 8x8dct=1 cqm=0 deadzone=21,11 fast_pskip=1 chroma_qp_offset=-2 threads=30 lookahead_threads=5 sliced_threads=0 nr=0 decimate=1 interlaced=0 bluray_compat=0 constrained_intra=0 bframes=3 b_pyramid=2 b_adapt=1 b_bias=0 direct=1 weightb=1 open_gop=0 weightp=2 keyint=250 keyint_min=25 scenecut=40 intra_refresh=0 rc_lookahead=40 rc=crf mbtree=1 crf=23.0 qcomp=0.60 qpmin=0 qpmax=69 qpstep=4 ip_ratio=1.40 aq=1:1.00
Output #0, mp4, to './src/test/resources/output/translation/tempVideo/060.mp4':
  Metadata:
    encoder         : Lavf61.1.100
  Stream #0:0: Video: h264 (avc1 / 0x31637661), yuvj420p(pc, progressive), 2048x1024 [SAR 4501:9000 DAR 4501:4500], q=2-31, 25 fps, 12800 tbn
      Metadata:
        encoder         : Lavc61.3.100 libx264
      Side data:
        cpb: bitrate max/min/avg: 0/0/0 buffer size: 0 vbv_delay: N/A
[out#0/mp4 @ 0x5a99ac166b40] video:32KiB audio:0KiB subtitle:0KiB other streams:0KiB global headers:0KiB muxing overhead: 2.918657%
frame=    6 fps=0.0 q=-1.0 Lsize=      33KiB time=00:00:00.16 bitrate=1680.2kbits/s dup=0 drop=19 speed=0.606x    
[libx264 @ 0x5a99ac15ee80] frame I:1     Avg QP:18.37  size: 29979
[libx264 @ 0x5a99ac15ee80] frame P:2     Avg QP:18.41  size:   546
[libx264 @ 0x5a99ac15ee80] frame B:3     Avg QP:26.52  size:   297
[libx264 @ 0x5a99ac15ee80] consecutive B-frames: 33.3%  0.0%  0.0% 66.7%
[libx264 @ 0x5a99ac15ee80] mb I  I16..4: 25.6% 64.2% 10.2%
[libx264 @ 0x5a99ac15ee80] mb P  I16..4:  0.1%  0.1%  0.0%  P16..4:  0.5%  0.1%  0.1%  0.0%  0.0%    skip:99.0%
[libx264 @ 0x5a99ac15ee80] mb B  I16..4:  0.0%  0.1%  0.0%  B16..8:  1.3%  0.0%  0.0%  direct: 0.1%  skip:98.5%  L0:23.6% L1:73.9% BI: 2.6%
[libx264 @ 0x5a99ac15ee80] 8x8 transform intra:64.2% inter:20.8%
[libx264 @ 0x5a99ac15ee80] coded y,uvDC,uvAC intra: 5.9% 10.2% 9.1% inter: 0.1% 0.0% 0.0%
[libx264 @ 0x5a99ac15ee80] i16 v,h,dc,p: 87% 12%  1%  0%
[libx264 @ 0x5a99ac15ee80] i8 v,h,dc,ddl,ddr,vr,hd,vl,hu: 48%  5% 47%  0%  0%  0%  0%  0%  0%
[libx264 @ 0x5a99ac15ee80] i4 v,h,dc,ddl,ddr,vr,hd,vl,hu: 39% 30%  9%  4%  2%  2%  4%  4%  5%
[libx264 @ 0x5a99ac15ee80] i8c dc,h,v,p: 82%  9%  8%  1%
[libx264 @ 0x5a99ac15ee80] Weighted P-Frames: Y:0.0% UV:0.0%
[libx264 @ 0x5a99ac15ee80] ref P L0: 95.8%  1.2%  0.8%  2.2%
[libx264 @ 0x5a99ac15ee80] ref B L0: 93.1%  6.9%
[libx264 @ 0x5a99ac15ee80] ref B L1: 95.9%  4.1%
[libx264 @ 0x5a99ac15ee80] kb/s:1065.40
ffmpeg version 7.0.2-3ubuntu1 Copyright (c) 2000-2024 the FFmpeg developers
  built with gcc 14 (Ubuntu 14.2.0-2ubuntu1)
  configuration: --prefix=/usr --extra-version=3ubuntu1 --toolchain=hardened --libdir=/usr/lib/x86_64-linux-gnu --incdir=/usr/include/x86_64-linux-gnu --arch=amd64 --enable-gpl --disable-stripping --disable-libmfx --disable-omx --enable-gnutls --enable-libaom --enable-libass --enable-libbs2b --enable-libcdio --enable-libcodec2 --enable-libdav1d --enable-libflite --enable-libfontconfig --enable-libfreetype --enable-libfribidi --enable-libglslang --enable-libgme --enable-libgsm --enable-libharfbuzz --enable-libmp3lame --enable-libmysofa --enable-libopenjpeg --enable-libopenmpt --enable-libopus --enable-librubberband --enable-libshine --enable-libsnappy --enable-libsoxr --enable-libspeex --enable-libtheora --enable-libtwolame --enable-libvidstab --enable-libvorbis --enable-libvpx --enable-libwebp --enable-libx265 --enable-libxml2 --enable-libxvid --enable-libzimg --enable-openal --enable-opencl --enable-opengl --disable-sndio --enable-libvpl --enable-libdc1394 --enable-libdrm --enable-libiec61883 --enable-chromaprint --enable-frei0r --enable-ladspa --enable-libbluray --enable-libcaca --enable-libdvdnav --enable-libdvdread --enable-libjack --enable-libpulse --enable-librabbitmq --enable-librist --enable-libsrt --enable-libssh --enable-libsvtav1 --enable-libx264 --enable-libzmq --enable-libzvbi --enable-lv2 --enable-sdl2 --enable-libplacebo --enable-librav1e --enable-pocketsphinx --enable-librsvg --enable-libjxl --enable-shared
  libavutil      59.  8.100 / 59.  8.100
  libavcodec     61.  3.100 / 61.  3.100
  libavformat    61.  1.100 / 61.  1.100
  libavdevice    61.  1.100 / 61.  1.100
  libavfilter    10.  1.100 / 10.  1.100
  libswscale      8.  1.100 /  8.  1.100
  libswresample   5.  1.100 /  5.  1.100
  libpostproc    58.  1.100 / 58.  1.100
Input #0, concat, from '/home/marco-lasagna/Scaricati/ffmpeg-java/inputFile.txt':
  Duration: N/A, start: 0.000000, bitrate: N/A
  Stream #0:0: Video: mjpeg (Baseline), yuvj420p(pc, bt470bg/unknown/unknown), 4501x4500 [SAR 1:1 DAR 4501:4500], 25 fps, 25 tbr, 25 tbn
Stream mapping:
  Stream #0:0 -> #0:0 (mjpeg (native) -> h264 (libx264))
Press [q] to stop, [?] for help
[swscaler @ 0x70f770016b00] deprecated pixel format used, make sure you did set range correctly
    Last message repeated 1 times
[swscaler @ 0x70f770b407c0] deprecated pixel format used, make sure you did set range correctly
    Last message repeated 1 times
[vost#0:0/libx264 @ 0x5cb2f708dac0] No information about the input framerate is available. Falling back to a default value of 25fps. Use the -r option if you want a different framerate.
[libx264 @ 0x5cb2f7083e80] using SAR=2048/4095
[libx264 @ 0x5cb2f7083e80] using cpu capabilities: MMX2 SSE2Fast SSSE3 SSE4.2 AVX FMA3 BMI2 AVX2
[libx264 @ 0x5cb2f7083e80] profile High, level 4.0, 4:2:0, 8-bit
[libx264 @ 0x5cb2f7083e80] 264 - core 164 r3108 31e19f9 - H.264/MPEG-4 AVC codec - Copyleft 2003-2023 - http://www.videolan.org/x264.html - options: cabac=1 ref=3 deblock=1:0:0 analyse=0x3:0x113 me=hex subme=7 psy=1 psy_rd=1.00:0.00 mixed_ref=1 me_range=16 chroma_me=1 trellis=1 8x8dct=1 cqm=0 deadzone=21,11 fast_pskip=1 chroma_qp_offset=-2 threads=30 lookahead_threads=5 sliced_threads=0 nr=0 decimate=1 interlaced=0 bluray_compat=0 constrained_intra=0 bframes=3 b_pyramid=2 b_adapt=1 b_bias=0 direct=1 weightb=1 open_gop=0 weightp=2 keyint=250 keyint_min=25 scenecut=40 intra_refresh=0 rc_lookahead=40 rc=crf mbtree=1 crf=23.0 qcomp=0.60 qpmin=0 qpmax=69 qpstep=4 ip_ratio=1.40 aq=1:1.00
Output #0, mp4, to './src/test/resources/output/translation/tempVideo/070.mp4':
  Metadata:
    encoder         : Lavf61.1.100
  Stream #0:0: Video: h264 (avc1 / 0x31637661), yuvj420p(pc, progressive), 2048x1024 [SAR 4501:9000 DAR 4501:4500], q=2-31, 25 fps, 12800 tbn
      Metadata:
        encoder         : Lavc61.3.100 libx264
      Side data:
        cpb: bitrate max/min/avg: 0/0/0 buffer size: 0 vbv_delay: N/A
[out#0/mp4 @ 0x5cb2f708bb40] video:32KiB audio:0KiB subtitle:0KiB other streams:0KiB global headers:0KiB muxing overhead: 2.907261%
frame=    6 fps=0.0 q=-1.0 Lsize=      33KiB time=00:00:00.16 bitrate=1686.7kbits/s dup=0 drop=19 speed=0.55x    
[libx264 @ 0x5cb2f7083e80] frame I:1     Avg QP:18.46  size: 30173
[libx264 @ 0x5cb2f7083e80] frame P:2     Avg QP:19.86  size:   534
[libx264 @ 0x5cb2f7083e80] frame B:3     Avg QP:26.41  size:   283
[libx264 @ 0x5cb2f7083e80] consecutive B-frames: 33.3%  0.0%  0.0% 66.7%
[libx264 @ 0x5cb2f7083e80] mb I  I16..4: 17.2% 72.6% 10.2%
[libx264 @ 0x5cb2f7083e80] mb P  I16..4:  0.1%  0.1%  0.0%  P16..4:  0.4%  0.2%  0.1%  0.0%  0.0%    skip:99.1%
[libx264 @ 0x5cb2f7083e80] mb B  I16..4:  0.0%  0.0%  0.0%  B16..8:  1.0%  0.1%  0.0%  direct: 0.0%  skip:98.8%  L0:31.3% L1:66.2% BI: 2.5%
[libx264 @ 0x5cb2f7083e80] 8x8 transform intra:72.4% inter:16.2%
[libx264 @ 0x5cb2f7083e80] coded y,uvDC,uvAC intra: 5.9% 10.1% 9.1% inter: 0.1% 0.0% 0.0%
[libx264 @ 0x5cb2f7083e80] i16 v,h,dc,p: 82% 17%  1%  0%
[libx264 @ 0x5cb2f7083e80] i8 v,h,dc,ddl,ddr,vr,hd,vl,hu: 44%  7% 49%  0%  0%  0%  0%  0%  0%
[libx264 @ 0x5cb2f7083e80] i4 v,h,dc,ddl,ddr,vr,hd,vl,hu: 39% 30%  9%  4%  2%  2%  4%  4%  5%
[libx264 @ 0x5cb2f7083e80] i8c dc,h,v,p: 82%  9%  8%  1%
[libx264 @ 0x5cb2f7083e80] Weighted P-Frames: Y:0.0% UV:0.0%
[libx264 @ 0x5cb2f7083e80] ref P L0: 94.7%  0.4%  1.8%  3.1%
[libx264 @ 0x5cb2f7083e80] ref B L0: 89.5% 10.5%
[libx264 @ 0x5cb2f7083e80] ref B L1: 93.3%  6.7%
[libx264 @ 0x5cb2f7083e80] kb/s:1069.67
ffmpeg version 7.0.2-3ubuntu1 Copyright (c) 2000-2024 the FFmpeg developers
  built with gcc 14 (Ubuntu 14.2.0-2ubuntu1)
  configuration: --prefix=/usr --extra-version=3ubuntu1 --toolchain=hardened --libdir=/usr/lib/x86_64-linux-gnu --incdir=/usr/include/x86_64-linux-gnu --arch=amd64 --enable-gpl --disable-stripping --disable-libmfx --disable-omx --enable-gnutls --enable-libaom --enable-libass --enable-libbs2b --enable-libcdio --enable-libcodec2 --enable-libdav1d --enable-libflite --enable-libfontconfig --enable-libfreetype --enable-libfribidi --enable-libglslang --enable-libgme --enable-libgsm --enable-libharfbuzz --enable-libmp3lame --enable-libmysofa --enable-libopenjpeg --enable-libopenmpt --enable-libopus --enable-librubberband --enable-libshine --enable-libsnappy --enable-libsoxr --enable-libspeex --enable-libtheora --enable-libtwolame --enable-libvidstab --enable-libvorbis --enable-libvpx --enable-libwebp --enable-libx265 --enable-libxml2 --enable-libxvid --enable-libzimg --enable-openal --enable-opencl --enable-opengl --disable-sndio --enable-libvpl --enable-libdc1394 --enable-libdrm --enable-libiec61883 --enable-chromaprint --enable-frei0r --enable-ladspa --enable-libbluray --enable-libcaca --enable-libdvdnav --enable-libdvdread --enable-libjack --enable-libpulse --enable-librabbitmq --enable-librist --enable-libsrt --enable-libssh --enable-libsvtav1 --enable-libx264 --enable-libzmq --enable-libzvbi --enable-lv2 --enable-sdl2 --enable-libplacebo --enable-librav1e --enable-pocketsphinx --enable-librsvg --enable-libjxl --enable-shared
  libavutil      59.  8.100 / 59.  8.100
  libavcodec     61.  3.100 / 61.  3.100
  libavformat    61.  1.100 / 61.  1.100
  libavdevice    61.  1.100 / 61.  1.100
  libavfilter    10.  1.100 / 10.  1.100
  libswscale      8.  1.100 /  8.  1.100
  libswresample   5.  1.100 /  5.  1.100
  libpostproc    58.  1.100 / 58.  1.100
Input #0, concat, from '/home/marco-lasagna/Scaricati/ffmpeg-java/inputFile.txt':
  Duration: N/A, start: 0.000000, bitrate: N/A
  Stream #0:0: Video: mjpeg (Baseline), yuvj420p(pc, bt470bg/unknown/unknown), 4501x4500 [SAR 1:1 DAR 4501:4500], 25 fps, 25 tbr, 25 tbn
Stream mapping:
  Stream #0:0 -> #0:0 (mjpeg (native) -> h264 (libx264))
Press [q] to stop, [?] for help
[swscaler @ 0x7e3210016b00] deprecated pixel format used, make sure you did set range correctly
    Last message repeated 1 times
[swscaler @ 0x7e3210b407c0] deprecated pixel format used, make sure you did set range correctly
    Last message repeated 1 times
[vost#0:0/libx264 @ 0x61a225e29ac0] No information about the input framerate is available. Falling back to a default value of 25fps. Use the -r option if you want a different framerate.
[libx264 @ 0x61a225e1fe80] using SAR=2048/4095
[libx264 @ 0x61a225e1fe80] using cpu capabilities: MMX2 SSE2Fast SSSE3 SSE4.2 AVX FMA3 BMI2 AVX2
[libx264 @ 0x61a225e1fe80] profile High, level 4.0, 4:2:0, 8-bit
[libx264 @ 0x61a225e1fe80] 264 - core 164 r3108 31e19f9 - H.264/MPEG-4 AVC codec - Copyleft 2003-2023 - http://www.videolan.org/x264.html - options: cabac=1 ref=3 deblock=1:0:0 analyse=0x3:0x113 me=hex subme=7 psy=1 psy_rd=1.00:0.00 mixed_ref=1 me_range=16 chroma_me=1 trellis=1 8x8dct=1 cqm=0 deadzone=21,11 fast_pskip=1 chroma_qp_offset=-2 threads=30 lookahead_threads=5 sliced_threads=0 nr=0 decimate=1 interlaced=0 bluray_compat=0 constrained_intra=0 bframes=3 b_pyramid=2 b_adapt=1 b_bias=0 direct=1 weightb=1 open_gop=0 weightp=2 keyint=250 keyint_min=25 scenecut=40 intra_refresh=0 rc_lookahead=40 rc=crf mbtree=1 crf=23.0 qcomp=0.60 qpmin=0 qpmax=69 qpstep=4 ip_ratio=1.40 aq=1:1.00
Output #0, mp4, to './src/test/resources/output/translation/tempVideo/080.mp4':
  Metadata:
    encoder         : Lavf61.1.100
  Stream #0:0: Video: h264 (avc1 / 0x31637661), yuvj420p(pc, progressive), 2048x1024 [SAR 4501:9000 DAR 4501:4500], q=2-31, 25 fps, 12800 tbn
      Metadata:
        encoder         : Lavc61.3.100 libx264
      Side data:
        cpb: bitrate max/min/avg: 0/0/0 buffer size: 0 vbv_delay: N/A
[out#0/mp4 @ 0x61a225e27b40] video:32KiB audio:0KiB subtitle:0KiB other streams:0KiB global headers:0KiB muxing overhead: 2.884968%
frame=    6 fps=0.0 q=-1.0 Lsize=      33KiB time=00:00:00.16 bitrate=1685.0kbits/s dup=0 drop=19 speed=0.612x    
[libx264 @ 0x61a225e1fe80] frame I:1     Avg QP:18.27  size: 30208
[libx264 @ 0x61a225e1fe80] frame P:2     Avg QP:18.76  size:   541
[libx264 @ 0x61a225e1fe80] frame B:3     Avg QP:27.04  size:   259
[libx264 @ 0x61a225e1fe80] consecutive B-frames: 16.7% 33.3% 50.0%  0.0%
[libx264 @ 0x61a225e1fe80] mb I  I16..4: 25.0% 64.8% 10.3%
[libx264 @ 0x61a225e1fe80] mb P  I16..4:  0.1%  0.1%  0.0%  P16..4:  1.0%  0.2%  0.1%  0.0%  0.0%    skip:98.6%
[libx264 @ 0x61a225e1fe80] mb B  I16..4:  0.0%  0.0%  0.0%  B16..8:  1.2%  0.0%  0.0%  direct: 0.1%  skip:98.6%  L0:52.4% L1:45.6% BI: 2.0%
[libx264 @ 0x61a225e1fe80] 8x8 transform intra:64.7% inter:26.0%
[libx264 @ 0x61a225e1fe80] coded y,uvDC,uvAC intra: 5.9% 10.1% 9.1% inter: 0.1% 0.0% 0.0%
[libx264 @ 0x61a225e1fe80] i16 v,h,dc,p: 88% 12%  1%  0%
[libx264 @ 0x61a225e1fe80] i8 v,h,dc,ddl,ddr,vr,hd,vl,hu: 61%  6% 32%  0%  0%  0%  0%  0%  0%
[libx264 @ 0x61a225e1fe80] i4 v,h,dc,ddl,ddr,vr,hd,vl,hu: 40% 29%  9%  4%  2%  2%  4%  4%  5%
[libx264 @ 0x61a225e1fe80] i8c dc,h,v,p: 82%  9%  8%  1%
[libx264 @ 0x61a225e1fe80] Weighted P-Frames: Y:0.0% UV:0.0%
[libx264 @ 0x61a225e1fe80] ref P L0: 93.0%  1.3%  4.2%  1.4%
[libx264 @ 0x61a225e1fe80] ref B L0: 48.5% 51.5%
[libx264 @ 0x61a225e1fe80] kb/s:1068.87
ffmpeg version 7.0.2-3ubuntu1 Copyright (c) 2000-2024 the FFmpeg developers
  built with gcc 14 (Ubuntu 14.2.0-2ubuntu1)
  configuration: --prefix=/usr --extra-version=3ubuntu1 --toolchain=hardened --libdir=/usr/lib/x86_64-linux-gnu --incdir=/usr/include/x86_64-linux-gnu --arch=amd64 --enable-gpl --disable-stripping --disable-libmfx --disable-omx --enable-gnutls --enable-libaom --enable-libass --enable-libbs2b --enable-libcdio --enable-libcodec2 --enable-libdav1d --enable-libflite --enable-libfontconfig --enable-libfreetype --enable-libfribidi --enable-libglslang --enable-libgme --enable-libgsm --enable-libharfbuzz --enable-libmp3lame --enable-libmysofa --enable-libopenjpeg --enable-libopenmpt --enable-libopus --enable-librubberband --enable-libshine --enable-libsnappy --enable-libsoxr --enable-libspeex --enable-libtheora --enable-libtwolame --enable-libvidstab --enable-libvorbis --enable-libvpx --enable-libwebp --enable-libx265 --enable-libxml2 --enable-libxvid --enable-libzimg --enable-openal --enable-opencl --enable-opengl --disable-sndio --enable-libvpl --enable-libdc1394 --enable-libdrm --enable-libiec61883 --enable-chromaprint --enable-frei0r --enable-ladspa --enable-libbluray --enable-libcaca --enable-libdvdnav --enable-libdvdread --enable-libjack --enable-libpulse --enable-librabbitmq --enable-librist --enable-libsrt --enable-libssh --enable-libsvtav1 --enable-libx264 --enable-libzmq --enable-libzvbi --enable-lv2 --enable-sdl2 --enable-libplacebo --enable-librav1e --enable-pocketsphinx --enable-librsvg --enable-libjxl --enable-shared
  libavutil      59.  8.100 / 59.  8.100
  libavcodec     61.  3.100 / 61.  3.100
  libavformat    61.  1.100 / 61.  1.100
  libavdevice    61.  1.100 / 61.  1.100
  libavfilter    10.  1.100 / 10.  1.100
  libswscale      8.  1.100 /  8.  1.100
  libswresample   5.  1.100 /  5.  1.100
  libpostproc    58.  1.100 / 58.  1.100
Input #0, concat, from '/home/marco-lasagna/Scaricati/ffmpeg-java/inputFile.txt':
  Duration: N/A, start: 0.000000, bitrate: N/A
  Stream #0:0: Video: mjpeg (Baseline), yuvj420p(pc, bt470bg/unknown/unknown), 4501x4500 [SAR 1:1 DAR 4501:4500], 25 fps, 25 tbr, 25 tbn
Stream mapping:
  Stream #0:0 -> #0:0 (mjpeg (native) -> h264 (libx264))
Press [q] to stop, [?] for help
[swscaler @ 0x78b06c016b00] deprecated pixel format used, make sure you did set range correctly
    Last message repeated 1 times
[swscaler @ 0x78b06cb407c0] deprecated pixel format used, make sure you did set range correctly
    Last message repeated 1 times
[vost#0:0/libx264 @ 0x55b557ec2ac0] No information about the input framerate is available. Falling back to a default value of 25fps. Use the -r option if you want a different framerate.
[libx264 @ 0x55b557eb8e80] using SAR=2048/4095
[libx264 @ 0x55b557eb8e80] using cpu capabilities: MMX2 SSE2Fast SSSE3 SSE4.2 AVX FMA3 BMI2 AVX2
[libx264 @ 0x55b557eb8e80] profile High, level 4.0, 4:2:0, 8-bit
[libx264 @ 0x55b557eb8e80] 264 - core 164 r3108 31e19f9 - H.264/MPEG-4 AVC codec - Copyleft 2003-2023 - http://www.videolan.org/x264.html - options: cabac=1 ref=3 deblock=1:0:0 analyse=0x3:0x113 me=hex subme=7 psy=1 psy_rd=1.00:0.00 mixed_ref=1 me_range=16 chroma_me=1 trellis=1 8x8dct=1 cqm=0 deadzone=21,11 fast_pskip=1 chroma_qp_offset=-2 threads=30 lookahead_threads=5 sliced_threads=0 nr=0 decimate=1 interlaced=0 bluray_compat=0 constrained_intra=0 bframes=3 b_pyramid=2 b_adapt=1 b_bias=0 direct=1 weightb=1 open_gop=0 weightp=2 keyint=250 keyint_min=25 scenecut=40 intra_refresh=0 rc_lookahead=40 rc=crf mbtree=1 crf=23.0 qcomp=0.60 qpmin=0 qpmax=69 qpstep=4 ip_ratio=1.40 aq=1:1.00
Output #0, mp4, to './src/test/resources/output/translation/tempVideo/090.mp4':
  Metadata:
    encoder         : Lavf61.1.100
  Stream #0:0: Video: h264 (avc1 / 0x31637661), yuvj420p(pc, progressive), 2048x1024 [SAR 4501:9000 DAR 4501:4500], q=2-31, 25 fps, 12800 tbn
      Metadata:
        encoder         : Lavc61.3.100 libx264
      Side data:
        cpb: bitrate max/min/avg: 0/0/0 buffer size: 0 vbv_delay: N/A
[out#0/mp4 @ 0x55b557ec0b40] video:32KiB audio:0KiB subtitle:0KiB other streams:0KiB global headers:0KiB muxing overhead: 2.906551%
frame=    6 fps=0.0 q=-1.0 Lsize=      33KiB time=00:00:00.16 bitrate=1687.0kbits/s dup=0 drop=19 speed=0.609x    
[libx264 @ 0x55b557eb8e80] frame I:1     Avg QP:18.47  size: 30195
[libx264 @ 0x55b557eb8e80] frame P:2     Avg QP:19.32  size:   519
[libx264 @ 0x55b557eb8e80] frame B:3     Avg QP:33.85  size:   288
[libx264 @ 0x55b557eb8e80] consecutive B-frames: 33.3%  0.0%  0.0% 66.7%
[libx264 @ 0x55b557eb8e80] mb I  I16..4: 25.9% 63.9% 10.2%
[libx264 @ 0x55b557eb8e80] mb P  I16..4:  0.1%  0.1%  0.0%  P16..4:  1.0%  0.2%  0.0%  0.0%  0.0%    skip:98.6%
[libx264 @ 0x55b557eb8e80] mb B  I16..4:  0.0%  0.1%  0.0%  B16..8:  1.1%  0.1%  0.0%  direct: 0.1%  skip:98.7%  L0:42.4% L1:56.5% BI: 1.0%
[libx264 @ 0x55b557eb8e80] 8x8 transform intra:63.9% inter:35.5%
[libx264 @ 0x55b557eb8e80] coded y,uvDC,uvAC intra: 5.9% 10.2% 9.1% inter: 0.1% 0.0% 0.0%
[libx264 @ 0x55b557eb8e80] i16 v,h,dc,p: 88% 11%  1%  0%
[libx264 @ 0x55b557eb8e80] i8 v,h,dc,ddl,ddr,vr,hd,vl,hu: 45%  5% 50%  0%  0%  0%  0%  0%  0%
[libx264 @ 0x55b557eb8e80] i4 v,h,dc,ddl,ddr,vr,hd,vl,hu: 39% 29% 10%  4%  2%  2%  4%  4%  5%
[libx264 @ 0x55b557eb8e80] i8c dc,h,v,p: 82%  9%  8%  1%
[libx264 @ 0x55b557eb8e80] Weighted P-Frames: Y:0.0% UV:0.0%
[libx264 @ 0x55b557eb8e80] ref P L0: 96.3%  1.0%  1.1%  1.6%
[libx264 @ 0x55b557eb8e80] ref B L0: 94.6%  5.4%
[libx264 @ 0x55b557eb8e80] ref B L1: 96.5%  3.5%
[libx264 @ 0x55b557eb8e80] kb/s:1069.93
ffmpeg version 7.0.2-3ubuntu1 Copyright (c) 2000-2024 the FFmpeg developers
  built with gcc 14 (Ubuntu 14.2.0-2ubuntu1)
  configuration: --prefix=/usr --extra-version=3ubuntu1 --toolchain=hardened --libdir=/usr/lib/x86_64-linux-gnu --incdir=/usr/include/x86_64-linux-gnu --arch=amd64 --enable-gpl --disable-stripping --disable-libmfx --disable-omx --enable-gnutls --enable-libaom --enable-libass --enable-libbs2b --enable-libcdio --enable-libcodec2 --enable-libdav1d --enable-libflite --enable-libfontconfig --enable-libfreetype --enable-libfribidi --enable-libglslang --enable-libgme --enable-libgsm --enable-libharfbuzz --enable-libmp3lame --enable-libmysofa --enable-libopenjpeg --enable-libopenmpt --enable-libopus --enable-librubberband --enable-libshine --enable-libsnappy --enable-libsoxr --enable-libspeex --enable-libtheora --enable-libtwolame --enable-libvidstab --enable-libvorbis --enable-libvpx --enable-libwebp --enable-libx265 --enable-libxml2 --enable-libxvid --enable-libzimg --enable-openal --enable-opencl --enable-opengl --disable-sndio --enable-libvpl --enable-libdc1394 --enable-libdrm --enable-libiec61883 --enable-chromaprint --enable-frei0r --enable-ladspa --enable-libbluray --enable-libcaca --enable-libdvdnav --enable-libdvdread --enable-libjack --enable-libpulse --enable-librabbitmq --enable-librist --enable-libsrt --enable-libssh --enable-libsvtav1 --enable-libx264 --enable-libzmq --enable-libzvbi --enable-lv2 --enable-sdl2 --enable-libplacebo --enable-librav1e --enable-pocketsphinx --enable-librsvg --enable-libjxl --enable-shared
  libavutil      59.  8.100 / 59.  8.100
  libavcodec     61.  3.100 / 61.  3.100
  libavformat    61.  1.100 / 61.  1.100
  libavdevice    61.  1.100 / 61.  1.100
  libavfilter    10.  1.100 / 10.  1.100
  libswscale      8.  1.100 /  8.  1.100
  libswresample   5.  1.100 /  5.  1.100
  libpostproc    58.  1.100 / 58.  1.100
Input #0, concat, from '/home/marco-lasagna/Scaricati/ffmpeg-java/inputFile.txt':
  Duration: N/A, start: 0.000000, bitrate: N/A
  Stream #0:0: Video: mjpeg (Baseline), yuvj420p(pc, bt470bg/unknown/unknown), 4501x4500 [SAR 1:1 DAR 4501:4500], 25 fps, 25 tbr, 25 tbn
Stream mapping:
  Stream #0:0 -> #0:0 (mjpeg (native) -> h264 (libx264))
Press [q] to stop, [?] for help
[swscaler @ 0x7890cc016b00] deprecated pixel format used, make sure you did set range correctly
    Last message repeated 1 times
[swscaler @ 0x7890ccb407c0] deprecated pixel format used, make sure you did set range correctly
    Last message repeated 1 times
[vost#0:0/libx264 @ 0x5c743d9f9ac0] No information about the input framerate is available. Falling back to a default value of 25fps. Use the -r option if you want a different framerate.
[libx264 @ 0x5c743d9efe80] using SAR=2048/4095
[libx264 @ 0x5c743d9efe80] using cpu capabilities: MMX2 SSE2Fast SSSE3 SSE4.2 AVX FMA3 BMI2 AVX2
[libx264 @ 0x5c743d9efe80] profile High, level 4.0, 4:2:0, 8-bit
[libx264 @ 0x5c743d9efe80] 264 - core 164 r3108 31e19f9 - H.264/MPEG-4 AVC codec - Copyleft 2003-2023 - http://www.videolan.org/x264.html - options: cabac=1 ref=3 deblock=1:0:0 analyse=0x3:0x113 me=hex subme=7 psy=1 psy_rd=1.00:0.00 mixed_ref=1 me_range=16 chroma_me=1 trellis=1 8x8dct=1 cqm=0 deadzone=21,11 fast_pskip=1 chroma_qp_offset=-2 threads=30 lookahead_threads=5 sliced_threads=0 nr=0 decimate=1 interlaced=0 bluray_compat=0 constrained_intra=0 bframes=3 b_pyramid=2 b_adapt=1 b_bias=0 direct=1 weightb=1 open_gop=0 weightp=2 keyint=250 keyint_min=25 scenecut=40 intra_refresh=0 rc_lookahead=40 rc=crf mbtree=1 crf=23.0 qcomp=0.60 qpmin=0 qpmax=69 qpstep=4 ip_ratio=1.40 aq=1:1.00
Output #0, mp4, to './src/test/resources/output/translation/tempVideo/100.mp4':
  Metadata:
    encoder         : Lavf61.1.100
  Stream #0:0: Video: h264 (avc1 / 0x31637661), yuvj420p(pc, progressive), 2048x1024 [SAR 4501:9000 DAR 4501:4500], q=2-31, 25 fps, 12800 tbn
      Metadata:
        encoder         : Lavc61.3.100 libx264
      Side data:
        cpb: bitrate max/min/avg: 0/0/0 buffer size: 0 vbv_delay: N/A
[out#0/mp4 @ 0x5c743d9f7b40] video:32KiB audio:0KiB subtitle:0KiB other streams:0KiB global headers:0KiB muxing overhead: 2.885937%
frame=    6 fps=0.0 q=-1.0 Lsize=      33KiB time=00:00:00.16 bitrate=1684.5kbits/s dup=0 drop=19 speed=0.624x    
[libx264 @ 0x5c743d9efe80] frame I:1     Avg QP:18.41  size: 30186
[libx264 @ 0x5c743d9efe80] frame P:2     Avg QP:18.68  size:   532
[libx264 @ 0x5c743d9efe80] frame B:3     Avg QP:27.33  size:   268
[libx264 @ 0x5c743d9efe80] consecutive B-frames: 16.7% 33.3% 50.0%  0.0%
[libx264 @ 0x5c743d9efe80] mb I  I16..4: 25.4% 64.4% 10.2%
[libx264 @ 0x5c743d9efe80] mb P  I16..4:  0.1%  0.0%  0.0%  P16..4:  1.4%  0.2%  0.2%  0.0%  0.0%    skip:98.1%
[libx264 @ 0x5c743d9efe80] mb B  I16..4:  0.0%  0.0%  0.0%  B16..8:  1.2%  0.1%  0.0%  direct: 0.1%  skip:98.6%  L0:47.9% L1:48.8% BI: 3.3%
[libx264 @ 0x5c743d9efe80] 8x8 transform intra:64.3% inter:35.2%
[libx264 @ 0x5c743d9efe80] coded y,uvDC,uvAC intra: 6.0% 10.1% 9.1% inter: 0.1% 0.0% 0.0%
[libx264 @ 0x5c743d9efe80] i16 v,h,dc,p: 88% 12%  1%  0%
[libx264 @ 0x5c743d9efe80] i8 v,h,dc,ddl,ddr,vr,hd,vl,hu: 61%  6% 32%  0%  0%  0%  0%  0%  0%
[libx264 @ 0x5c743d9efe80] i4 v,h,dc,ddl,ddr,vr,hd,vl,hu: 40% 29% 10%  4%  2%  2%  4%  4%  5%
[libx264 @ 0x5c743d9efe80] i8c dc,h,v,p: 82%  9%  8%  1%
[libx264 @ 0x5c743d9efe80] Weighted P-Frames: Y:0.0% UV:0.0%
[libx264 @ 0x5c743d9efe80] ref P L0: 95.3%  0.4%  3.6%  0.7%
[libx264 @ 0x5c743d9efe80] ref B L0: 49.3% 50.7%
[libx264 @ 0x5c743d9efe80] kb/s:1068.50
ffmpeg version 7.0.2-3ubuntu1 Copyright (c) 2000-2024 the FFmpeg developers
  built with gcc 14 (Ubuntu 14.2.0-2ubuntu1)
  configuration: --prefix=/usr --extra-version=3ubuntu1 --toolchain=hardened --libdir=/usr/lib/x86_64-linux-gnu --incdir=/usr/include/x86_64-linux-gnu --arch=amd64 --enable-gpl --disable-stripping --disable-libmfx --disable-omx --enable-gnutls --enable-libaom --enable-libass --enable-libbs2b --enable-libcdio --enable-libcodec2 --enable-libdav1d --enable-libflite --enable-libfontconfig --enable-libfreetype --enable-libfribidi --enable-libglslang --enable-libgme --enable-libgsm --enable-libharfbuzz --enable-libmp3lame --enable-libmysofa --enable-libopenjpeg --enable-libopenmpt --enable-libopus --enable-librubberband --enable-libshine --enable-libsnappy --enable-libsoxr --enable-libspeex --enable-libtheora --enable-libtwolame --enable-libvidstab --enable-libvorbis --enable-libvpx --enable-libwebp --enable-libx265 --enable-libxml2 --enable-libxvid --enable-libzimg --enable-openal --enable-opencl --enable-opengl --disable-sndio --enable-libvpl --enable-libdc1394 --enable-libdrm --enable-libiec61883 --enable-chromaprint --enable-frei0r --enable-ladspa --enable-libbluray --enable-libcaca --enable-libdvdnav --enable-libdvdread --enable-libjack --enable-libpulse --enable-librabbitmq --enable-librist --enable-libsrt --enable-libssh --enable-libsvtav1 --enable-libx264 --enable-libzmq --enable-libzvbi --enable-lv2 --enable-sdl2 --enable-libplacebo --enable-librav1e --enable-pocketsphinx --enable-librsvg --enable-libjxl --enable-shared
  libavutil      59.  8.100 / 59.  8.100
  libavcodec     61.  3.100 / 61.  3.100
  libavformat    61.  1.100 / 61.  1.100
  libavdevice    61.  1.100 / 61.  1.100
  libavfilter    10.  1.100 / 10.  1.100
  libswscale      8.  1.100 /  8.  1.100
  libswresample   5.  1.100 /  5.  1.100
  libpostproc    58.  1.100 / 58.  1.100
Input #0, concat, from '/home/marco-lasagna/Scaricati/ffmpeg-java/inputFile.txt':
  Duration: N/A, start: 0.000000, bitrate: N/A
  Stream #0:0: Video: mjpeg (Baseline), yuvj420p(pc, bt470bg/unknown/unknown), 4501x4500 [SAR 1:1 DAR 4501:4500], 25 fps, 25 tbr, 25 tbn
Stream mapping:
  Stream #0:0 -> #0:0 (mjpeg (native) -> h264 (libx264))
Press [q] to stop, [?] for help
[swscaler @ 0x7aaf50016b00] deprecated pixel format used, make sure you did set range correctly
    Last message repeated 1 times
[swscaler @ 0x7aaf50b407c0] deprecated pixel format used, make sure you did set range correctly
    Last message repeated 1 times
[vost#0:0/libx264 @ 0x637e524c6ac0] No information about the input framerate is available. Falling back to a default value of 25fps. Use the -r option if you want a different framerate.
[libx264 @ 0x637e524bce80] using SAR=2048/4095
[libx264 @ 0x637e524bce80] using cpu capabilities: MMX2 SSE2Fast SSSE3 SSE4.2 AVX FMA3 BMI2 AVX2
[libx264 @ 0x637e524bce80] profile High, level 4.0, 4:2:0, 8-bit
[libx264 @ 0x637e524bce80] 264 - core 164 r3108 31e19f9 - H.264/MPEG-4 AVC codec - Copyleft 2003-2023 - http://www.videolan.org/x264.html - options: cabac=1 ref=3 deblock=1:0:0 analyse=0x3:0x113 me=hex subme=7 psy=1 psy_rd=1.00:0.00 mixed_ref=1 me_range=16 chroma_me=1 trellis=1 8x8dct=1 cqm=0 deadzone=21,11 fast_pskip=1 chroma_qp_offset=-2 threads=30 lookahead_threads=5 sliced_threads=0 nr=0 decimate=1 interlaced=0 bluray_compat=0 constrained_intra=0 bframes=3 b_pyramid=2 b_adapt=1 b_bias=0 direct=1 weightb=1 open_gop=0 weightp=2 keyint=250 keyint_min=25 scenecut=40 intra_refresh=0 rc_lookahead=40 rc=crf mbtree=1 crf=23.0 qcomp=0.60 qpmin=0 qpmax=69 qpstep=4 ip_ratio=1.40 aq=1:1.00
Output #0, mp4, to './src/test/resources/output/translation/tempVideo/110.mp4':
  Metadata:
    encoder         : Lavf61.1.100
  Stream #0:0: Video: h264 (avc1 / 0x31637661), yuvj420p(pc, progressive), 2048x1024 [SAR 4501:9000 DAR 4501:4500], q=2-31, 25 fps, 12800 tbn
      Metadata:
        encoder         : Lavc61.3.100 libx264
      Side data:
        cpb: bitrate max/min/avg: 0/0/0 buffer size: 0 vbv_delay: N/A
[out#0/mp4 @ 0x637e524c4b40] video:32KiB audio:0KiB subtitle:0KiB other streams:0KiB global headers:0KiB muxing overhead: 2.884968%
frame=    6 fps=0.0 q=-1.0 Lsize=      33KiB time=00:00:00.16 bitrate=1685.0kbits/s dup=0 drop=19 speed=0.656x    
[libx264 @ 0x637e524bce80] frame I:1     Avg QP:18.13  size: 30189
[libx264 @ 0x637e524bce80] frame P:2     Avg QP:19.55  size:   527
[libx264 @ 0x637e524bce80] frame B:3     Avg QP:26.74  size:   274
[libx264 @ 0x637e524bce80] consecutive B-frames: 16.7% 33.3% 50.0%  0.0%
[libx264 @ 0x637e524bce80] mb I  I16..4: 25.8% 63.9% 10.3%
[libx264 @ 0x637e524bce80] mb P  I16..4:  0.1%  0.1%  0.0%  P16..4:  1.3%  0.2%  0.1%  0.0%  0.0%    skip:98.2%
[libx264 @ 0x637e524bce80] mb B  I16..4:  0.0%  0.0%  0.0%  B16..8:  1.4%  0.0%  0.0%  direct: 0.0%  skip:98.5%  L0:54.6% L1:41.5% BI: 3.9%
[libx264 @ 0x637e524bce80] 8x8 transform intra:63.9% inter:14.0%
[libx264 @ 0x637e524bce80] coded y,uvDC,uvAC intra: 5.9% 10.1% 9.1% inter: 0.1% 0.0% 0.0%
[libx264 @ 0x637e524bce80] i16 v,h,dc,p: 87% 12%  1%  0%
[libx264 @ 0x637e524bce80] i8 v,h,dc,ddl,ddr,vr,hd,vl,hu: 59%  8% 32%  0%  0%  0%  0%  0%  0%
[libx264 @ 0x637e524bce80] i4 v,h,dc,ddl,ddr,vr,hd,vl,hu: 40% 29%  9%  3%  2%  2%  4%  4%  5%
[libx264 @ 0x637e524bce80] i8c dc,h,v,p: 82%  9%  8%  1%
[libx264 @ 0x637e524bce80] Weighted P-Frames: Y:0.0% UV:0.0%
[libx264 @ 0x637e524bce80] ref P L0: 94.3%  0.8%  4.0%  0.8%
[libx264 @ 0x637e524bce80] ref B L0: 49.5% 50.5%
[libx264 @ 0x637e524bce80] kb/s:1068.87
ffmpeg version 7.0.2-3ubuntu1 Copyright (c) 2000-2024 the FFmpeg developers
  built with gcc 14 (Ubuntu 14.2.0-2ubuntu1)
  configuration: --prefix=/usr --extra-version=3ubuntu1 --toolchain=hardened --libdir=/usr/lib/x86_64-linux-gnu --incdir=/usr/include/x86_64-linux-gnu --arch=amd64 --enable-gpl --disable-stripping --disable-libmfx --disable-omx --enable-gnutls --enable-libaom --enable-libass --enable-libbs2b --enable-libcdio --enable-libcodec2 --enable-libdav1d --enable-libflite --enable-libfontconfig --enable-libfreetype --enable-libfribidi --enable-libglslang --enable-libgme --enable-libgsm --enable-libharfbuzz --enable-libmp3lame --enable-libmysofa --enable-libopenjpeg --enable-libopenmpt --enable-libopus --enable-librubberband --enable-libshine --enable-libsnappy --enable-libsoxr --enable-libspeex --enable-libtheora --enable-libtwolame --enable-libvidstab --enable-libvorbis --enable-libvpx --enable-libwebp --enable-libx265 --enable-libxml2 --enable-libxvid --enable-libzimg --enable-openal --enable-opencl --enable-opengl --disable-sndio --enable-libvpl --enable-libdc1394 --enable-libdrm --enable-libiec61883 --enable-chromaprint --enable-frei0r --enable-ladspa --enable-libbluray --enable-libcaca --enable-libdvdnav --enable-libdvdread --enable-libjack --enable-libpulse --enable-librabbitmq --enable-librist --enable-libsrt --enable-libssh --enable-libsvtav1 --enable-libx264 --enable-libzmq --enable-libzvbi --enable-lv2 --enable-sdl2 --enable-libplacebo --enable-librav1e --enable-pocketsphinx --enable-librsvg --enable-libjxl --enable-shared
  libavutil      59.  8.100 / 59.  8.100
  libavcodec     61.  3.100 / 61.  3.100
  libavformat    61.  1.100 / 61.  1.100
  libavdevice    61.  1.100 / 61.  1.100
  libavfilter    10.  1.100 / 10.  1.100
  libswscale      8.  1.100 /  8.  1.100
  libswresample   5.  1.100 /  5.  1.100
  libpostproc    58.  1.100 / 58.  1.100
Input #0, concat, from '/home/marco-lasagna/Scaricati/ffmpeg-java/inputFile.txt':
  Duration: N/A, start: 0.000000, bitrate: N/A
  Stream #0:0: Video: mjpeg (Baseline), yuvj420p(pc, bt470bg/unknown/unknown), 4501x4500 [SAR 1:1 DAR 4501:4500], 25 fps, 25 tbr, 25 tbn
Stream mapping:
  Stream #0:0 -> #0:0 (mjpeg (native) -> h264 (libx264))
Press [q] to stop, [?] for help
[swscaler @ 0x7481a8016b00] deprecated pixel format used, make sure you did set range correctly
    Last message repeated 1 times
[swscaler @ 0x7481a8b407c0] deprecated pixel format used, make sure you did set range correctly
    Last message repeated 1 times
[vost#0:0/libx264 @ 0x6078f9ba3ac0] No information about the input framerate is available. Falling back to a default value of 25fps. Use the -r option if you want a different framerate.
[libx264 @ 0x6078f9b99e80] using SAR=2048/4095
[libx264 @ 0x6078f9b99e80] using cpu capabilities: MMX2 SSE2Fast SSSE3 SSE4.2 AVX FMA3 BMI2 AVX2
[libx264 @ 0x6078f9b99e80] profile High, level 4.0, 4:2:0, 8-bit
[libx264 @ 0x6078f9b99e80] 264 - core 164 r3108 31e19f9 - H.264/MPEG-4 AVC codec - Copyleft 2003-2023 - http://www.videolan.org/x264.html - options: cabac=1 ref=3 deblock=1:0:0 analyse=0x3:0x113 me=hex subme=7 psy=1 psy_rd=1.00:0.00 mixed_ref=1 me_range=16 chroma_me=1 trellis=1 8x8dct=1 cqm=0 deadzone=21,11 fast_pskip=1 chroma_qp_offset=-2 threads=30 lookahead_threads=5 sliced_threads=0 nr=0 decimate=1 interlaced=0 bluray_compat=0 constrained_intra=0 bframes=3 b_pyramid=2 b_adapt=1 b_bias=0 direct=1 weightb=1 open_gop=0 weightp=2 keyint=250 keyint_min=25 scenecut=40 intra_refresh=0 rc_lookahead=40 rc=crf mbtree=1 crf=23.0 qcomp=0.60 qpmin=0 qpmax=69 qpstep=4 ip_ratio=1.40 aq=1:1.00
Output #0, mp4, to './src/test/resources/output/translation/tempVideo/120.mp4':
  Metadata:
    encoder         : Lavf61.1.100
  Stream #0:0: Video: h264 (avc1 / 0x31637661), yuvj420p(pc, progressive), 2048x1024 [SAR 4501:9000 DAR 4501:4500], q=2-31, 25 fps, 12800 tbn
      Metadata:
        encoder         : Lavc61.3.100 libx264
      Side data:
        cpb: bitrate max/min/avg: 0/0/0 buffer size: 0 vbv_delay: N/A
[out#0/mp4 @ 0x6078f9ba1b40] video:32KiB audio:0KiB subtitle:0KiB other streams:0KiB global headers:0KiB muxing overhead: 2.906197%
frame=    6 fps=0.0 q=-1.0 Lsize=      33KiB time=00:00:00.16 bitrate=1687.2kbits/s dup=0 drop=19 speed=0.65x    
[libx264 @ 0x6078f9b99e80] frame I:1     Avg QP:18.31  size: 30099
[libx264 @ 0x6078f9b99e80] frame P:2     Avg QP:19.04  size:   566
[libx264 @ 0x6078f9b99e80] frame B:3     Avg QP:25.22  size:   291
[libx264 @ 0x6078f9b99e80] consecutive B-frames: 33.3%  0.0%  0.0% 66.7%
[libx264 @ 0x6078f9b99e80] mb I  I16..4: 26.0% 63.7% 10.3%
[libx264 @ 0x6078f9b99e80] mb P  I16..4:  0.1%  0.1%  0.0%  P16..4:  1.2%  0.2%  0.1%  0.0%  0.0%    skip:98.4%
[libx264 @ 0x6078f9b99e80] mb B  I16..4:  0.0%  0.0%  0.0%  B16..8:  1.1%  0.1%  0.0%  direct: 0.0%  skip:98.7%  L0:59.8% L1:37.5% BI: 2.7%
[libx264 @ 0x6078f9b99e80] 8x8 transform intra:63.7% inter:32.2%
[libx264 @ 0x6078f9b99e80] coded y,uvDC,uvAC intra: 5.9% 10.2% 9.1% inter: 0.1% 0.0% 0.0%
[libx264 @ 0x6078f9b99e80] i16 v,h,dc,p: 88% 11%  1%  0%
[libx264 @ 0x6078f9b99e80] i8 v,h,dc,ddl,ddr,vr,hd,vl,hu: 44%  5% 50%  0%  0%  0%  0%  0%  0%
[libx264 @ 0x6078f9b99e80] i4 v,h,dc,ddl,ddr,vr,hd,vl,hu: 39% 30% 10%  4%  2%  2%  4%  4%  5%
[libx264 @ 0x6078f9b99e80] i8c dc,h,v,p: 82%  9%  8%  1%
[libx264 @ 0x6078f9b99e80] Weighted P-Frames: Y:0.0% UV:0.0%
[libx264 @ 0x6078f9b99e80] ref P L0: 95.6%  0.2%  0.6%  3.5%
[libx264 @ 0x6078f9b99e80] ref B L0: 93.0%  7.0%
[libx264 @ 0x6078f9b99e80] ref B L1: 93.2%  6.8%
[libx264 @ 0x6078f9b99e80] kb/s:1070.07
ffmpeg version 7.0.2-3ubuntu1 Copyright (c) 2000-2024 the FFmpeg developers
  built with gcc 14 (Ubuntu 14.2.0-2ubuntu1)
  configuration: --prefix=/usr --extra-version=3ubuntu1 --toolchain=hardened --libdir=/usr/lib/x86_64-linux-gnu --incdir=/usr/include/x86_64-linux-gnu --arch=amd64 --enable-gpl --disable-stripping --disable-libmfx --disable-omx --enable-gnutls --enable-libaom --enable-libass --enable-libbs2b --enable-libcdio --enable-libcodec2 --enable-libdav1d --enable-libflite --enable-libfontconfig --enable-libfreetype --enable-libfribidi --enable-libglslang --enable-libgme --enable-libgsm --enable-libharfbuzz --enable-libmp3lame --enable-libmysofa --enable-libopenjpeg --enable-libopenmpt --enable-libopus --enable-librubberband --enable-libshine --enable-libsnappy --enable-libsoxr --enable-libspeex --enable-libtheora --enable-libtwolame --enable-libvidstab --enable-libvorbis --enable-libvpx --enable-libwebp --enable-libx265 --enable-libxml2 --enable-libxvid --enable-libzimg --enable-openal --enable-opencl --enable-opengl --disable-sndio --enable-libvpl --enable-libdc1394 --enable-libdrm --enable-libiec61883 --enable-chromaprint --enable-frei0r --enable-ladspa --enable-libbluray --enable-libcaca --enable-libdvdnav --enable-libdvdread --enable-libjack --enable-libpulse --enable-librabbitmq --enable-librist --enable-libsrt --enable-libssh --enable-libsvtav1 --enable-libx264 --enable-libzmq --enable-libzvbi --enable-lv2 --enable-sdl2 --enable-libplacebo --enable-librav1e --enable-pocketsphinx --enable-librsvg --enable-libjxl --enable-shared
  libavutil      59.  8.100 / 59.  8.100
  libavcodec     61.  3.100 / 61.  3.100
  libavformat    61.  1.100 / 61.  1.100
  libavdevice    61.  1.100 / 61.  1.100
  libavfilter    10.  1.100 / 10.  1.100
  libswscale      8.  1.100 /  8.  1.100
  libswresample   5.  1.100 /  5.  1.100
  libpostproc    58.  1.100 / 58.  1.100
Input #0, concat, from '/home/marco-lasagna/Scaricati/ffmpeg-java/inputFile.txt':
  Duration: N/A, start: 0.000000, bitrate: N/A
  Stream #0:0: Video: mjpeg (Baseline), yuvj420p(pc, bt470bg/unknown/unknown), 4501x4500 [SAR 1:1 DAR 4501:4500], 25 fps, 25 tbr, 25 tbn
Stream mapping:
  Stream #0:0 -> #0:0 (mjpeg (native) -> h264 (libx264))
Press [q] to stop, [?] for help
[swscaler @ 0x75ce60016b00] deprecated pixel format used, make sure you did set range correctly
    Last message repeated 1 times
[swscaler @ 0x75ce60b407c0] deprecated pixel format used, make sure you did set range correctly
    Last message repeated 1 times
[vost#0:0/libx264 @ 0x64633c854ac0] No information about the input framerate is available. Falling back to a default value of 25fps. Use the -r option if you want a different framerate.
[libx264 @ 0x64633c84ae80] using SAR=2048/4095
[libx264 @ 0x64633c84ae80] using cpu capabilities: MMX2 SSE2Fast SSSE3 SSE4.2 AVX FMA3 BMI2 AVX2
[libx264 @ 0x64633c84ae80] profile High, level 4.0, 4:2:0, 8-bit
[libx264 @ 0x64633c84ae80] 264 - core 164 r3108 31e19f9 - H.264/MPEG-4 AVC codec - Copyleft 2003-2023 - http://www.videolan.org/x264.html - options: cabac=1 ref=3 deblock=1:0:0 analyse=0x3:0x113 me=hex subme=7 psy=1 psy_rd=1.00:0.00 mixed_ref=1 me_range=16 chroma_me=1 trellis=1 8x8dct=1 cqm=0 deadzone=21,11 fast_pskip=1 chroma_qp_offset=-2 threads=30 lookahead_threads=5 sliced_threads=0 nr=0 decimate=1 interlaced=0 bluray_compat=0 constrained_intra=0 bframes=3 b_pyramid=2 b_adapt=1 b_bias=0 direct=1 weightb=1 open_gop=0 weightp=2 keyint=250 keyint_min=25 scenecut=40 intra_refresh=0 rc_lookahead=40 rc=crf mbtree=1 crf=23.0 qcomp=0.60 qpmin=0 qpmax=69 qpstep=4 ip_ratio=1.40 aq=1:1.00
Output #0, mp4, to './src/test/resources/output/translation/tempVideo/130.mp4':
  Metadata:
    encoder         : Lavf61.1.100
  Stream #0:0: Video: h264 (avc1 / 0x31637661), yuvj420p(pc, progressive), 2048x1024 [SAR 4501:9000 DAR 4501:4500], q=2-31, 25 fps, 12800 tbn
      Metadata:
        encoder         : Lavc61.3.100 libx264
      Side data:
        cpb: bitrate max/min/avg: 0/0/0 buffer size: 0 vbv_delay: N/A
[out#0/mp4 @ 0x64633c852b40] video:32KiB audio:0KiB subtitle:0KiB other streams:0KiB global headers:0KiB muxing overhead: 2.913482%
frame=    6 fps=0.0 q=-1.0 Lsize=      33KiB time=00:00:00.16 bitrate=1683.2kbits/s dup=0 drop=19 speed=0.644x    
[libx264 @ 0x64633c84ae80] frame I:1     Avg QP:18.12  size: 30080
[libx264 @ 0x64633c84ae80] frame P:2     Avg QP:16.87  size:   546
[libx264 @ 0x64633c84ae80] frame B:3     Avg QP:26.59  size:   283
[libx264 @ 0x64633c84ae80] consecutive B-frames: 33.3%  0.0%  0.0% 66.7%
[libx264 @ 0x64633c84ae80] mb I  I16..4: 14.4% 75.4% 10.3%
[libx264 @ 0x64633c84ae80] mb P  I16..4:  0.1%  0.1%  0.0%  P16..4:  0.8%  0.2%  0.1%  0.0%  0.0%    skip:98.7%
[libx264 @ 0x64633c84ae80] mb B  I16..4:  0.0%  0.0%  0.0%  B16..8:  1.0%  0.1%  0.0%  direct: 0.0%  skip:98.8%  L0:26.1% L1:70.3% BI: 3.6%
[libx264 @ 0x64633c84ae80] 8x8 transform intra:75.2% inter:21.6%
[libx264 @ 0x64633c84ae80] coded y,uvDC,uvAC intra: 5.9% 10.1% 9.1% inter: 0.1% 0.0% 0.0%
[libx264 @ 0x64633c84ae80] i16 v,h,dc,p: 78% 20%  1%  0%
[libx264 @ 0x64633c84ae80] i8 v,h,dc,ddl,ddr,vr,hd,vl,hu: 55%  9% 35%  0%  0%  0%  0%  0%  0%
[libx264 @ 0x64633c84ae80] i4 v,h,dc,ddl,ddr,vr,hd,vl,hu: 38% 30% 11%  4%  2%  2%  4%  4%  5%
[libx264 @ 0x64633c84ae80] i8c dc,h,v,p: 82%  9%  8%  1%
[libx264 @ 0x64633c84ae80] Weighted P-Frames: Y:0.0% UV:0.0%
[libx264 @ 0x64633c84ae80] ref P L0: 92.9%  1.7%  2.6%  2.8%
[libx264 @ 0x64633c84ae80] ref B L0: 90.3%  9.7%
[libx264 @ 0x64633c84ae80] ref B L1: 95.6%  4.4%
[libx264 @ 0x64633c84ae80] kb/s:1067.33
ffmpeg version 7.0.2-3ubuntu1 Copyright (c) 2000-2024 the FFmpeg developers
  built with gcc 14 (Ubuntu 14.2.0-2ubuntu1)
  configuration: --prefix=/usr --extra-version=3ubuntu1 --toolchain=hardened --libdir=/usr/lib/x86_64-linux-gnu --incdir=/usr/include/x86_64-linux-gnu --arch=amd64 --enable-gpl --disable-stripping --disable-libmfx --disable-omx --enable-gnutls --enable-libaom --enable-libass --enable-libbs2b --enable-libcdio --enable-libcodec2 --enable-libdav1d --enable-libflite --enable-libfontconfig --enable-libfreetype --enable-libfribidi --enable-libglslang --enable-libgme --enable-libgsm --enable-libharfbuzz --enable-libmp3lame --enable-libmysofa --enable-libopenjpeg --enable-libopenmpt --enable-libopus --enable-librubberband --enable-libshine --enable-libsnappy --enable-libsoxr --enable-libspeex --enable-libtheora --enable-libtwolame --enable-libvidstab --enable-libvorbis --enable-libvpx --enable-libwebp --enable-libx265 --enable-libxml2 --enable-libxvid --enable-libzimg --enable-openal --enable-opencl --enable-opengl --disable-sndio --enable-libvpl --enable-libdc1394 --enable-libdrm --enable-libiec61883 --enable-chromaprint --enable-frei0r --enable-ladspa --enable-libbluray --enable-libcaca --enable-libdvdnav --enable-libdvdread --enable-libjack --enable-libpulse --enable-librabbitmq --enable-librist --enable-libsrt --enable-libssh --enable-libsvtav1 --enable-libx264 --enable-libzmq --enable-libzvbi --enable-lv2 --enable-sdl2 --enable-libplacebo --enable-librav1e --enable-pocketsphinx --enable-librsvg --enable-libjxl --enable-shared
  libavutil      59.  8.100 / 59.  8.100
  libavcodec     61.  3.100 / 61.  3.100
  libavformat    61.  1.100 / 61.  1.100
  libavdevice    61.  1.100 / 61.  1.100
  libavfilter    10.  1.100 / 10.  1.100
  libswscale      8.  1.100 /  8.  1.100
  libswresample   5.  1.100 /  5.  1.100
  libpostproc    58.  1.100 / 58.  1.100
Input #0, concat, from '/home/marco-lasagna/Scaricati/ffmpeg-java/inputFile.txt':
  Duration: N/A, start: 0.000000, bitrate: N/A
  Stream #0:0: Video: mjpeg (Baseline), yuvj420p(pc, bt470bg/unknown/unknown), 4501x4500 [SAR 1:1 DAR 4501:4500], 25 fps, 25 tbr, 25 tbn
Stream mapping:
  Stream #0:0 -> #0:0 (mjpeg (native) -> h264 (libx264))
Press [q] to stop, [?] for help
[swscaler @ 0x7cd128016b00] deprecated pixel format used, make sure you did set range correctly
    Last message repeated 1 times
[swscaler @ 0x7cd128b407c0] deprecated pixel format used, make sure you did set range correctly
    Last message repeated 1 times
[vost#0:0/libx264 @ 0x5fc02b46eac0] No information about the input framerate is available. Falling back to a default value of 25fps. Use the -r option if you want a different framerate.
[libx264 @ 0x5fc02b464e80] using SAR=2048/4095
[libx264 @ 0x5fc02b464e80] using cpu capabilities: MMX2 SSE2Fast SSSE3 SSE4.2 AVX FMA3 BMI2 AVX2
[libx264 @ 0x5fc02b464e80] profile High, level 4.0, 4:2:0, 8-bit
[libx264 @ 0x5fc02b464e80] 264 - core 164 r3108 31e19f9 - H.264/MPEG-4 AVC codec - Copyleft 2003-2023 - http://www.videolan.org/x264.html - options: cabac=1 ref=3 deblock=1:0:0 analyse=0x3:0x113 me=hex subme=7 psy=1 psy_rd=1.00:0.00 mixed_ref=1 me_range=16 chroma_me=1 trellis=1 8x8dct=1 cqm=0 deadzone=21,11 fast_pskip=1 chroma_qp_offset=-2 threads=30 lookahead_threads=5 sliced_threads=0 nr=0 decimate=1 interlaced=0 bluray_compat=0 constrained_intra=0 bframes=3 b_pyramid=2 b_adapt=1 b_bias=0 direct=1 weightb=1 open_gop=0 weightp=2 keyint=250 keyint_min=25 scenecut=40 intra_refresh=0 rc_lookahead=40 rc=crf mbtree=1 crf=23.0 qcomp=0.60 qpmin=0 qpmax=69 qpstep=4 ip_ratio=1.40 aq=1:1.00
Output #0, mp4, to './src/test/resources/output/translation/tempVideo/140.mp4':
  Metadata:
    encoder         : Lavf61.1.100
  Stream #0:0: Video: h264 (avc1 / 0x31637661), yuvj420p(pc, progressive), 2048x1024 [SAR 4501:9000 DAR 4501:4500], q=2-31, 25 fps, 12800 tbn
      Metadata:
        encoder         : Lavc61.3.100 libx264
      Side data:
        cpb: bitrate max/min/avg: 0/0/0 buffer size: 0 vbv_delay: N/A
[out#0/mp4 @ 0x5fc02b46cb40] video:32KiB audio:0KiB subtitle:0KiB other streams:0KiB global headers:0KiB muxing overhead: 2.919015%
frame=    6 fps=0.0 q=-1.0 Lsize=      33KiB time=00:00:00.16 bitrate=1680.0kbits/s dup=0 drop=19 speed=0.642x    
[libx264 @ 0x5fc02b464e80] frame I:1     Avg QP:18.50  size: 30085
[libx264 @ 0x5fc02b464e80] frame P:2     Avg QP:16.67  size:   511
[libx264 @ 0x5fc02b464e80] frame B:3     Avg QP:25.64  size:   284
[libx264 @ 0x5fc02b464e80] consecutive B-frames: 33.3%  0.0%  0.0% 66.7%
[libx264 @ 0x5fc02b464e80] mb I  I16..4: 17.2% 72.6% 10.3%
[libx264 @ 0x5fc02b464e80] mb P  I16..4:  0.1%  0.1%  0.0%  P16..4:  0.5%  0.1%  0.1%  0.0%  0.0%    skip:99.1%
[libx264 @ 0x5fc02b464e80] mb B  I16..4:  0.0%  0.0%  0.0%  B16..8:  1.1%  0.1%  0.0%  direct: 0.0%  skip:98.8%  L0:26.7% L1:70.1% BI: 3.2%
[libx264 @ 0x5fc02b464e80] 8x8 transform intra:72.4% inter:31.3%
[libx264 @ 0x5fc02b464e80] coded y,uvDC,uvAC intra: 5.9% 10.2% 9.1% inter: 0.1% 0.0% 0.0%
[libx264 @ 0x5fc02b464e80] i16 v,h,dc,p: 82% 17%  1%  0%
[libx264 @ 0x5fc02b464e80] i8 v,h,dc,ddl,ddr,vr,hd,vl,hu: 44%  7% 48%  0%  0%  0%  0%  0%  0%
[libx264 @ 0x5fc02b464e80] i4 v,h,dc,ddl,ddr,vr,hd,vl,hu: 38% 31% 10%  4%  2%  2%  4%  4%  5%
[libx264 @ 0x5fc02b464e80] i8c dc,h,v,p: 82%  9%  8%  1%
[libx264 @ 0x5fc02b464e80] Weighted P-Frames: Y:0.0% UV:0.0%
[libx264 @ 0x5fc02b464e80] ref P L0: 90.6%  0.5%  0.9%  8.0%
[libx264 @ 0x5fc02b464e80] ref B L0: 90.8%  9.2%
[libx264 @ 0x5fc02b464e80] ref B L1: 95.3%  4.7%
[libx264 @ 0x5fc02b464e80] kb/s:1065.27
ffmpeg version 7.0.2-3ubuntu1 Copyright (c) 2000-2024 the FFmpeg developers
  built with gcc 14 (Ubuntu 14.2.0-2ubuntu1)
  configuration: --prefix=/usr --extra-version=3ubuntu1 --toolchain=hardened --libdir=/usr/lib/x86_64-linux-gnu --incdir=/usr/include/x86_64-linux-gnu --arch=amd64 --enable-gpl --disable-stripping --disable-libmfx --disable-omx --enable-gnutls --enable-libaom --enable-libass --enable-libbs2b --enable-libcdio --enable-libcodec2 --enable-libdav1d --enable-libflite --enable-libfontconfig --enable-libfreetype --enable-libfribidi --enable-libglslang --enable-libgme --enable-libgsm --enable-libharfbuzz --enable-libmp3lame --enable-libmysofa --enable-libopenjpeg --enable-libopenmpt --enable-libopus --enable-librubberband --enable-libshine --enable-libsnappy --enable-libsoxr --enable-libspeex --enable-libtheora --enable-libtwolame --enable-libvidstab --enable-libvorbis --enable-libvpx --enable-libwebp --enable-libx265 --enable-libxml2 --enable-libxvid --enable-libzimg --enable-openal --enable-opencl --enable-opengl --disable-sndio --enable-libvpl --enable-libdc1394 --enable-libdrm --enable-libiec61883 --enable-chromaprint --enable-frei0r --enable-ladspa --enable-libbluray --enable-libcaca --enable-libdvdnav --enable-libdvdread --enable-libjack --enable-libpulse --enable-librabbitmq --enable-librist --enable-libsrt --enable-libssh --enable-libsvtav1 --enable-libx264 --enable-libzmq --enable-libzvbi --enable-lv2 --enable-sdl2 --enable-libplacebo --enable-librav1e --enable-pocketsphinx --enable-librsvg --enable-libjxl --enable-shared
  libavutil      59.  8.100 / 59.  8.100
  libavcodec     61.  3.100 / 61.  3.100
  libavformat    61.  1.100 / 61.  1.100
  libavdevice    61.  1.100 / 61.  1.100
  libavfilter    10.  1.100 / 10.  1.100
  libswscale      8.  1.100 /  8.  1.100
  libswresample   5.  1.100 /  5.  1.100
  libpostproc    58.  1.100 / 58.  1.100
Input #0, concat, from '/home/marco-lasagna/Scaricati/ffmpeg-java/inputFile.txt':
  Duration: N/A, start: 0.000000, bitrate: N/A
  Stream #0:0: Video: mjpeg (Baseline), yuvj420p(pc, bt470bg/unknown/unknown), 4501x4500 [SAR 1:1 DAR 4501:4500], 25 fps, 25 tbr, 25 tbn
Stream mapping:
  Stream #0:0 -> #0:0 (mjpeg (native) -> h264 (libx264))
Press [q] to stop, [?] for help
[swscaler @ 0x7491d4016b00] deprecated pixel format used, make sure you did set range correctly
    Last message repeated 1 times
[swscaler @ 0x7491d4b407c0] deprecated pixel format used, make sure you did set range correctly
    Last message repeated 1 times
[vost#0:0/libx264 @ 0x577ffdc47ac0] No information about the input framerate is available. Falling back to a default value of 25fps. Use the -r option if you want a different framerate.
[libx264 @ 0x577ffdc3de80] using SAR=2048/4095
[libx264 @ 0x577ffdc3de80] using cpu capabilities: MMX2 SSE2Fast SSSE3 SSE4.2 AVX FMA3 BMI2 AVX2
[libx264 @ 0x577ffdc3de80] profile High, level 4.0, 4:2:0, 8-bit
[libx264 @ 0x577ffdc3de80] 264 - core 164 r3108 31e19f9 - H.264/MPEG-4 AVC codec - Copyleft 2003-2023 - http://www.videolan.org/x264.html - options: cabac=1 ref=3 deblock=1:0:0 analyse=0x3:0x113 me=hex subme=7 psy=1 psy_rd=1.00:0.00 mixed_ref=1 me_range=16 chroma_me=1 trellis=1 8x8dct=1 cqm=0 deadzone=21,11 fast_pskip=1 chroma_qp_offset=-2 threads=30 lookahead_threads=5 sliced_threads=0 nr=0 decimate=1 interlaced=0 bluray_compat=0 constrained_intra=0 bframes=3 b_pyramid=2 b_adapt=1 b_bias=0 direct=1 weightb=1 open_gop=0 weightp=2 keyint=250 keyint_min=25 scenecut=40 intra_refresh=0 rc_lookahead=40 rc=crf mbtree=1 crf=23.0 qcomp=0.60 qpmin=0 qpmax=69 qpstep=4 ip_ratio=1.40 aq=1:1.00
Output #0, mp4, to './src/test/resources/output/translation/tempVideo/150.mp4':
  Metadata:
    encoder         : Lavf61.1.100
  Stream #0:0: Video: h264 (avc1 / 0x31637661), yuvj420p(pc, progressive), 2048x1024 [SAR 4501:9000 DAR 4501:4500], q=2-31, 25 fps, 12800 tbn
      Metadata:
        encoder         : Lavc61.3.100 libx264
      Side data:
        cpb: bitrate max/min/avg: 0/0/0 buffer size: 0 vbv_delay: N/A
[out#0/mp4 @ 0x577ffdc45b40] video:32KiB audio:0KiB subtitle:0KiB other streams:0KiB global headers:0KiB muxing overhead: 2.904248%
frame=    6 fps=0.0 q=-1.0 Lsize=      33KiB time=00:00:00.16 bitrate=1688.3kbits/s dup=0 drop=19 speed=0.659x    
[libx264 @ 0x577ffdc3de80] frame I:1     Avg QP:18.46  size: 30012
[libx264 @ 0x577ffdc3de80] frame P:2     Avg QP:19.82  size:   595
[libx264 @ 0x577ffdc3de80] frame B:3     Avg QP:24.88  size:   307
[libx264 @ 0x577ffdc3de80] consecutive B-frames: 33.3%  0.0%  0.0% 66.7%
[libx264 @ 0x577ffdc3de80] mb I  I16..4: 17.2% 72.4% 10.4%
[libx264 @ 0x577ffdc3de80] mb P  I16..4:  0.1%  0.1%  0.0%  P16..4:  1.2%  0.2%  0.1%  0.0%  0.0%    skip:98.4%
[libx264 @ 0x577ffdc3de80] mb B  I16..4:  0.0%  0.0%  0.0%  B16..8:  1.2%  0.1%  0.0%  direct: 0.0%  skip:98.6%  L0:35.8% L1:61.2% BI: 2.9%
[libx264 @ 0x577ffdc3de80] 8x8 transform intra:72.3% inter:18.4%
[libx264 @ 0x577ffdc3de80] coded y,uvDC,uvAC intra: 5.9% 10.2% 9.1% inter: 0.1% 0.0% 0.0%
[libx264 @ 0x577ffdc3de80] i16 v,h,dc,p: 82% 17%  1%  0%
[libx264 @ 0x577ffdc3de80] i8 v,h,dc,ddl,ddr,vr,hd,vl,hu: 45%  6% 49%  0%  0%  0%  0%  0%  0%
[libx264 @ 0x577ffdc3de80] i4 v,h,dc,ddl,ddr,vr,hd,vl,hu: 40% 30%  9%  4%  2%  2%  4%  4%  5%
[libx264 @ 0x577ffdc3de80] i8c dc,h,v,p: 82%  9%  8%  1%
[libx264 @ 0x577ffdc3de80] Weighted P-Frames: Y:0.0% UV:0.0%
[libx264 @ 0x577ffdc3de80] ref P L0: 94.2%  0.2%  0.8%  4.7%
[libx264 @ 0x577ffdc3de80] ref B L0: 86.8% 13.2%
[libx264 @ 0x577ffdc3de80] ref B L1: 96.7%  3.3%
[libx264 @ 0x577ffdc3de80] kb/s:1070.80
ffmpeg version 7.0.2-3ubuntu1 Copyright (c) 2000-2024 the FFmpeg developers
  built with gcc 14 (Ubuntu 14.2.0-2ubuntu1)
  configuration: --prefix=/usr --extra-version=3ubuntu1 --toolchain=hardened --libdir=/usr/lib/x86_64-linux-gnu --incdir=/usr/include/x86_64-linux-gnu --arch=amd64 --enable-gpl --disable-stripping --disable-libmfx --disable-omx --enable-gnutls --enable-libaom --enable-libass --enable-libbs2b --enable-libcdio --enable-libcodec2 --enable-libdav1d --enable-libflite --enable-libfontconfig --enable-libfreetype --enable-libfribidi --enable-libglslang --enable-libgme --enable-libgsm --enable-libharfbuzz --enable-libmp3lame --enable-libmysofa --enable-libopenjpeg --enable-libopenmpt --enable-libopus --enable-librubberband --enable-libshine --enable-libsnappy --enable-libsoxr --enable-libspeex --enable-libtheora --enable-libtwolame --enable-libvidstab --enable-libvorbis --enable-libvpx --enable-libwebp --enable-libx265 --enable-libxml2 --enable-libxvid --enable-libzimg --enable-openal --enable-opencl --enable-opengl --disable-sndio --enable-libvpl --enable-libdc1394 --enable-libdrm --enable-libiec61883 --enable-chromaprint --enable-frei0r --enable-ladspa --enable-libbluray --enable-libcaca --enable-libdvdnav --enable-libdvdread --enable-libjack --enable-libpulse --enable-librabbitmq --enable-librist --enable-libsrt --enable-libssh --enable-libsvtav1 --enable-libx264 --enable-libzmq --enable-libzvbi --enable-lv2 --enable-sdl2 --enable-libplacebo --enable-librav1e --enable-pocketsphinx --enable-librsvg --enable-libjxl --enable-shared
  libavutil      59.  8.100 / 59.  8.100
  libavcodec     61.  3.100 / 61.  3.100
  libavformat    61.  1.100 / 61.  1.100
  libavdevice    61.  1.100 / 61.  1.100
  libavfilter    10.  1.100 / 10.  1.100
  libswscale      8.  1.100 /  8.  1.100
  libswresample   5.  1.100 /  5.  1.100
  libpostproc    58.  1.100 / 58.  1.100
Input #0, concat, from '/home/marco-lasagna/Scaricati/ffmpeg-java/inputFile.txt':
  Duration: N/A, start: 0.000000, bitrate: N/A
  Stream #0:0: Video: mjpeg (Baseline), yuvj420p(pc, bt470bg/unknown/unknown), 4501x4500 [SAR 1:1 DAR 4501:4500], 25 fps, 25 tbr, 25 tbn
Stream mapping:
  Stream #0:0 -> #0:0 (mjpeg (native) -> h264 (libx264))
Press [q] to stop, [?] for help
[swscaler @ 0x7743e8016b00] deprecated pixel format used, make sure you did set range correctly
    Last message repeated 1 times
[swscaler @ 0x7743e8b407c0] deprecated pixel format used, make sure you did set range correctly
    Last message repeated 1 times
[vost#0:0/libx264 @ 0x613271f5eac0] No information about the input framerate is available. Falling back to a default value of 25fps. Use the -r option if you want a different framerate.
[libx264 @ 0x613271f54e80] using SAR=2048/4095
[libx264 @ 0x613271f54e80] using cpu capabilities: MMX2 SSE2Fast SSSE3 SSE4.2 AVX FMA3 BMI2 AVX2
[libx264 @ 0x613271f54e80] profile High, level 4.0, 4:2:0, 8-bit
[libx264 @ 0x613271f54e80] 264 - core 164 r3108 31e19f9 - H.264/MPEG-4 AVC codec - Copyleft 2003-2023 - http://www.videolan.org/x264.html - options: cabac=1 ref=3 deblock=1:0:0 analyse=0x3:0x113 me=hex subme=7 psy=1 psy_rd=1.00:0.00 mixed_ref=1 me_range=16 chroma_me=1 trellis=1 8x8dct=1 cqm=0 deadzone=21,11 fast_pskip=1 chroma_qp_offset=-2 threads=30 lookahead_threads=5 sliced_threads=0 nr=0 decimate=1 interlaced=0 bluray_compat=0 constrained_intra=0 bframes=3 b_pyramid=2 b_adapt=1 b_bias=0 direct=1 weightb=1 open_gop=0 weightp=2 keyint=250 keyint_min=25 scenecut=40 intra_refresh=0 rc_lookahead=40 rc=crf mbtree=1 crf=23.0 qcomp=0.60 qpmin=0 qpmax=69 qpstep=4 ip_ratio=1.40 aq=1:1.00
Output #0, mp4, to './src/test/resources/output/translation/tempVideo/160.mp4':
  Metadata:
    encoder         : Lavf61.1.100
  Stream #0:0: Video: h264 (avc1 / 0x31637661), yuvj420p(pc, progressive), 2048x1024 [SAR 4501:9000 DAR 4501:4500], q=2-31, 25 fps, 12800 tbn
      Metadata:
        encoder         : Lavc61.3.100 libx264
      Side data:
        cpb: bitrate max/min/avg: 0/0/0 buffer size: 0 vbv_delay: N/A
[out#0/mp4 @ 0x613271f5cb40] video:32KiB audio:0KiB subtitle:0KiB other streams:0KiB global headers:0KiB muxing overhead: 2.913126%
frame=    6 fps=0.0 q=-1.0 Lsize=      33KiB time=00:00:00.16 bitrate=1683.3kbits/s dup=0 drop=19 speed=0.652x    
[libx264 @ 0x613271f54e80] frame I:1     Avg QP:18.49  size: 29930
[libx264 @ 0x613271f54e80] frame P:2     Avg QP:17.95  size:   577
[libx264 @ 0x613271f54e80] frame B:3     Avg QP:33.23  size:   313
[libx264 @ 0x613271f54e80] consecutive B-frames: 33.3%  0.0%  0.0% 66.7%
[libx264 @ 0x613271f54e80] mb I  I16..4: 25.9% 63.8% 10.3%
[libx264 @ 0x613271f54e80] mb P  I16..4:  0.1%  0.1%  0.0%  P16..4:  1.2%  0.1%  0.1%  0.0%  0.0%    skip:98.3%
[libx264 @ 0x613271f54e80] mb B  I16..4:  0.0%  0.0%  0.0%  B16..8:  1.4%  0.1%  0.0%  direct: 0.0%  skip:98.5%  L0:28.4% L1:69.2% BI: 2.4%
[libx264 @ 0x613271f54e80] 8x8 transform intra:63.8% inter:20.0%
[libx264 @ 0x613271f54e80] coded y,uvDC,uvAC intra: 5.9% 10.2% 9.1% inter: 0.1% 0.0% 0.0%
[libx264 @ 0x613271f54e80] i16 v,h,dc,p: 88% 11%  1%  0%
[libx264 @ 0x613271f54e80] i8 v,h,dc,ddl,ddr,vr,hd,vl,hu: 44%  5% 50%  0%  0%  0%  0%  0%  0%
[libx264 @ 0x613271f54e80] i4 v,h,dc,ddl,ddr,vr,hd,vl,hu: 39% 30% 10%  4%  2%  2%  4%  4%  5%
[libx264 @ 0x613271f54e80] i8c dc,h,v,p: 82%  9%  8%  1%
[libx264 @ 0x613271f54e80] Weighted P-Frames: Y:0.0% UV:0.0%
[libx264 @ 0x613271f54e80] ref P L0: 95.9%  0.0%  1.0%  3.2%
[libx264 @ 0x613271f54e80] ref B L0: 88.1% 11.9%
[libx264 @ 0x613271f54e80] ref B L1: 95.4%  4.6%
[libx264 @ 0x613271f54e80] kb/s:1067.47
ffmpeg version 7.0.2-3ubuntu1 Copyright (c) 2000-2024 the FFmpeg developers
  built with gcc 14 (Ubuntu 14.2.0-2ubuntu1)
  configuration: --prefix=/usr --extra-version=3ubuntu1 --toolchain=hardened --libdir=/usr/lib/x86_64-linux-gnu --incdir=/usr/include/x86_64-linux-gnu --arch=amd64 --enable-gpl --disable-stripping --disable-libmfx --disable-omx --enable-gnutls --enable-libaom --enable-libass --enable-libbs2b --enable-libcdio --enable-libcodec2 --enable-libdav1d --enable-libflite --enable-libfontconfig --enable-libfreetype --enable-libfribidi --enable-libglslang --enable-libgme --enable-libgsm --enable-libharfbuzz --enable-libmp3lame --enable-libmysofa --enable-libopenjpeg --enable-libopenmpt --enable-libopus --enable-librubberband --enable-libshine --enable-libsnappy --enable-libsoxr --enable-libspeex --enable-libtheora --enable-libtwolame --enable-libvidstab --enable-libvorbis --enable-libvpx --enable-libwebp --enable-libx265 --enable-libxml2 --enable-libxvid --enable-libzimg --enable-openal --enable-opencl --enable-opengl --disable-sndio --enable-libvpl --enable-libdc1394 --enable-libdrm --enable-libiec61883 --enable-chromaprint --enable-frei0r --enable-ladspa --enable-libbluray --enable-libcaca --enable-libdvdnav --enable-libdvdread --enable-libjack --enable-libpulse --enable-librabbitmq --enable-librist --enable-libsrt --enable-libssh --enable-libsvtav1 --enable-libx264 --enable-libzmq --enable-libzvbi --enable-lv2 --enable-sdl2 --enable-libplacebo --enable-librav1e --enable-pocketsphinx --enable-librsvg --enable-libjxl --enable-shared
  libavutil      59.  8.100 / 59.  8.100
  libavcodec     61.  3.100 / 61.  3.100
  libavformat    61.  1.100 / 61.  1.100
  libavdevice    61.  1.100 / 61.  1.100
  libavfilter    10.  1.100 / 10.  1.100
  libswscale      8.  1.100 /  8.  1.100
  libswresample   5.  1.100 /  5.  1.100
  libpostproc    58.  1.100 / 58.  1.100
Input #0, concat, from '/home/marco-lasagna/Scaricati/ffmpeg-java/inputFile.txt':
  Duration: N/A, start: 0.000000, bitrate: N/A
  Stream #0:0: Video: mjpeg (Baseline), yuvj420p(pc, bt470bg/unknown/unknown), 4501x4500 [SAR 1:1 DAR 4501:4500], 25 fps, 25 tbr, 25 tbn
Stream mapping:
  Stream #0:0 -> #0:0 (mjpeg (native) -> h264 (libx264))
Press [q] to stop, [?] for help
[swscaler @ 0x7d48f8016b00] deprecated pixel format used, make sure you did set range correctly
    Last message repeated 1 times
[swscaler @ 0x7d48f8b407c0] deprecated pixel format used, make sure you did set range correctly
    Last message repeated 1 times
[vost#0:0/libx264 @ 0x60bb0ff34ac0] No information about the input framerate is available. Falling back to a default value of 25fps. Use the -r option if you want a different framerate.
[libx264 @ 0x60bb0ff2ae80] using SAR=2048/4095
[libx264 @ 0x60bb0ff2ae80] using cpu capabilities: MMX2 SSE2Fast SSSE3 SSE4.2 AVX FMA3 BMI2 AVX2
[libx264 @ 0x60bb0ff2ae80] profile High, level 4.0, 4:2:0, 8-bit
[libx264 @ 0x60bb0ff2ae80] 264 - core 164 r3108 31e19f9 - H.264/MPEG-4 AVC codec - Copyleft 2003-2023 - http://www.videolan.org/x264.html - options: cabac=1 ref=3 deblock=1:0:0 analyse=0x3:0x113 me=hex subme=7 psy=1 psy_rd=1.00:0.00 mixed_ref=1 me_range=16 chroma_me=1 trellis=1 8x8dct=1 cqm=0 deadzone=21,11 fast_pskip=1 chroma_qp_offset=-2 threads=30 lookahead_threads=5 sliced_threads=0 nr=0 decimate=1 interlaced=0 bluray_compat=0 constrained_intra=0 bframes=3 b_pyramid=2 b_adapt=1 b_bias=0 direct=1 weightb=1 open_gop=0 weightp=2 keyint=250 keyint_min=25 scenecut=40 intra_refresh=0 rc_lookahead=40 rc=crf mbtree=1 crf=23.0 qcomp=0.60 qpmin=0 qpmax=69 qpstep=4 ip_ratio=1.40 aq=1:1.00
Output #0, mp4, to './src/test/resources/output/translation/tempVideo/170.mp4':
  Metadata:
    encoder         : Lavf61.1.100
  Stream #0:0: Video: h264 (avc1 / 0x31637661), yuvj420p(pc, progressive), 2048x1024 [SAR 4501:9000 DAR 4501:4500], q=2-31, 25 fps, 12800 tbn
      Metadata:
        encoder         : Lavc61.3.100 libx264
      Side data:
        cpb: bitrate max/min/avg: 0/0/0 buffer size: 0 vbv_delay: N/A
[out#0/mp4 @ 0x60bb0ff32b40] video:32KiB audio:0KiB subtitle:0KiB other streams:0KiB global headers:0KiB muxing overhead: 2.891822%
frame=    6 fps=0.0 q=-1.0 Lsize=      33KiB time=00:00:00.16 bitrate=1695.4kbits/s dup=0 drop=19 speed=0.658x    
[libx264 @ 0x60bb0ff2ae80] frame I:1     Avg QP:18.29  size: 29983
[libx264 @ 0x60bb0ff2ae80] frame P:2     Avg QP:17.65  size:   655
[libx264 @ 0x60bb0ff2ae80] frame B:3     Avg QP:14.60  size:   324
[libx264 @ 0x60bb0ff2ae80] consecutive B-frames: 33.3%  0.0%  0.0% 66.7%
[libx264 @ 0x60bb0ff2ae80] mb I  I16..4: 26.2% 63.5% 10.3%
[libx264 @ 0x60bb0ff2ae80] mb P  I16..4:  0.1%  0.2%  0.0%  P16..4:  1.7%  0.2%  0.1%  0.0%  0.0%    skip:97.8%
[libx264 @ 0x60bb0ff2ae80] mb B  I16..4:  0.1%  0.0%  0.0%  B16..8:  1.2%  0.1%  0.0%  direct: 0.0%  skip:98.5%  L0:39.5% L1:58.5% BI: 2.0%
[libx264 @ 0x60bb0ff2ae80] 8x8 transform intra:63.4% inter:15.1%
[libx264 @ 0x60bb0ff2ae80] coded y,uvDC,uvAC intra: 5.9% 10.1% 9.1% inter: 0.1% 0.0% 0.0%
[libx264 @ 0x60bb0ff2ae80] i16 v,h,dc,p: 87% 13%  1%  0%
[libx264 @ 0x60bb0ff2ae80] i8 v,h,dc,ddl,ddr,vr,hd,vl,hu: 58%  7% 34%  0%  0%  0%  0%  0%  0%
[libx264 @ 0x60bb0ff2ae80] i4 v,h,dc,ddl,ddr,vr,hd,vl,hu: 39% 29% 10%  4%  2%  2%  4%  4%  5%
[libx264 @ 0x60bb0ff2ae80] i8c dc,h,v,p: 82%  9%  8%  1%
[libx264 @ 0x60bb0ff2ae80] Weighted P-Frames: Y:0.0% UV:0.0%
[libx264 @ 0x60bb0ff2ae80] ref P L0: 96.1%  0.2%  1.3%  2.4%
[libx264 @ 0x60bb0ff2ae80] ref B L0: 92.1%  7.9%
[libx264 @ 0x60bb0ff2ae80] ref B L1: 97.0%  3.0%
[libx264 @ 0x60bb0ff2ae80] kb/s:1075.50
ffmpeg version 7.0.2-3ubuntu1 Copyright (c) 2000-2024 the FFmpeg developers
  built with gcc 14 (Ubuntu 14.2.0-2ubuntu1)
  configuration: --prefix=/usr --extra-version=3ubuntu1 --toolchain=hardened --libdir=/usr/lib/x86_64-linux-gnu --incdir=/usr/include/x86_64-linux-gnu --arch=amd64 --enable-gpl --disable-stripping --disable-libmfx --disable-omx --enable-gnutls --enable-libaom --enable-libass --enable-libbs2b --enable-libcdio --enable-libcodec2 --enable-libdav1d --enable-libflite --enable-libfontconfig --enable-libfreetype --enable-libfribidi --enable-libglslang --enable-libgme --enable-libgsm --enable-libharfbuzz --enable-libmp3lame --enable-libmysofa --enable-libopenjpeg --enable-libopenmpt --enable-libopus --enable-librubberband --enable-libshine --enable-libsnappy --enable-libsoxr --enable-libspeex --enable-libtheora --enable-libtwolame --enable-libvidstab --enable-libvorbis --enable-libvpx --enable-libwebp --enable-libx265 --enable-libxml2 --enable-libxvid --enable-libzimg --enable-openal --enable-opencl --enable-opengl --disable-sndio --enable-libvpl --enable-libdc1394 --enable-libdrm --enable-libiec61883 --enable-chromaprint --enable-frei0r --enable-ladspa --enable-libbluray --enable-libcaca --enable-libdvdnav --enable-libdvdread --enable-libjack --enable-libpulse --enable-librabbitmq --enable-librist --enable-libsrt --enable-libssh --enable-libsvtav1 --enable-libx264 --enable-libzmq --enable-libzvbi --enable-lv2 --enable-sdl2 --enable-libplacebo --enable-librav1e --enable-pocketsphinx --enable-librsvg --enable-libjxl --enable-shared
  libavutil      59.  8.100 / 59.  8.100
  libavcodec     61.  3.100 / 61.  3.100
  libavformat    61.  1.100 / 61.  1.100
  libavdevice    61.  1.100 / 61.  1.100
  libavfilter    10.  1.100 / 10.  1.100
  libswscale      8.  1.100 /  8.  1.100
  libswresample   5.  1.100 /  5.  1.100
  libpostproc    58.  1.100 / 58.  1.100
Input #0, concat, from '/home/marco-lasagna/Scaricati/ffmpeg-java/inputFile.txt':
  Duration: N/A, start: 0.000000, bitrate: N/A
  Stream #0:0: Video: mjpeg (Baseline), yuvj420p(pc, bt470bg/unknown/unknown), 4501x4500 [SAR 1:1 DAR 4501:4500], 25 fps, 25 tbr, 25 tbn
Stream mapping:
  Stream #0:0 -> #0:0 (mjpeg (native) -> h264 (libx264))
Press [q] to stop, [?] for help
[swscaler @ 0x7662d0016b00] deprecated pixel format used, make sure you did set range correctly
    Last message repeated 1 times
[swscaler @ 0x7662d0b407c0] deprecated pixel format used, make sure you did set range correctly
    Last message repeated 1 times
[vost#0:0/libx264 @ 0x5f5ee9059ac0] No information about the input framerate is available. Falling back to a default value of 25fps. Use the -r option if you want a different framerate.
[libx264 @ 0x5f5ee904fe80] using SAR=2048/4095
[libx264 @ 0x5f5ee904fe80] using cpu capabilities: MMX2 SSE2Fast SSSE3 SSE4.2 AVX FMA3 BMI2 AVX2
[libx264 @ 0x5f5ee904fe80] profile High, level 4.0, 4:2:0, 8-bit
[libx264 @ 0x5f5ee904fe80] 264 - core 164 r3108 31e19f9 - H.264/MPEG-4 AVC codec - Copyleft 2003-2023 - http://www.videolan.org/x264.html - options: cabac=1 ref=3 deblock=1:0:0 analyse=0x3:0x113 me=hex subme=7 psy=1 psy_rd=1.00:0.00 mixed_ref=1 me_range=16 chroma_me=1 trellis=1 8x8dct=1 cqm=0 deadzone=21,11 fast_pskip=1 chroma_qp_offset=-2 threads=30 lookahead_threads=5 sliced_threads=0 nr=0 decimate=1 interlaced=0 bluray_compat=0 constrained_intra=0 bframes=3 b_pyramid=2 b_adapt=1 b_bias=0 direct=1 weightb=1 open_gop=0 weightp=2 keyint=250 keyint_min=25 scenecut=40 intra_refresh=0 rc_lookahead=40 rc=crf mbtree=1 crf=23.0 qcomp=0.60 qpmin=0 qpmax=69 qpstep=4 ip_ratio=1.40 aq=1:1.00
Output #0, mp4, to './src/test/resources/output/translation/tempVideo/180.mp4':
  Metadata:
    encoder         : Lavf61.1.100
  Stream #0:0: Video: h264 (avc1 / 0x31637661), yuvj420p(pc, progressive), 2048x1024 [SAR 4501:9000 DAR 4501:4500], q=2-31, 25 fps, 12800 tbn
      Metadata:
        encoder         : Lavc61.3.100 libx264
      Side data:
        cpb: bitrate max/min/avg: 0/0/0 buffer size: 0 vbv_delay: N/A
[out#0/mp4 @ 0x5f5ee9057b40] video:32KiB audio:0KiB subtitle:0KiB other streams:0KiB global headers:0KiB muxing overhead: 2.891471%
frame=    6 fps=0.0 q=-1.0 Lsize=      33KiB time=00:00:00.16 bitrate=1695.6kbits/s dup=0 drop=19 speed=0.657x    
[libx264 @ 0x5f5ee904fe80] frame I:1     Avg QP:18.43  size: 29946
[libx264 @ 0x5f5ee904fe80] frame P:2     Avg QP:22.25  size:   678
[libx264 @ 0x5f5ee904fe80] frame B:3     Avg QP:23.09  size:   323
[libx264 @ 0x5f5ee904fe80] consecutive B-frames: 33.3%  0.0%  0.0% 66.7%
[libx264 @ 0x5f5ee904fe80] mb I  I16..4: 25.9% 63.7% 10.4%
[libx264 @ 0x5f5ee904fe80] mb P  I16..4:  0.0%  0.1%  0.0%  P16..4:  1.9%  0.2%  0.1%  0.0%  0.0%    skip:97.7%
[libx264 @ 0x5f5ee904fe80] mb B  I16..4:  0.0%  0.0%  0.0%  B16..8:  1.2%  0.0%  0.0%  direct: 0.1%  skip:98.7%  L0:60.8% L1:34.4% BI: 4.8%
[libx264 @ 0x5f5ee904fe80] 8x8 transform intra:63.8% inter:20.7%
[libx264 @ 0x5f5ee904fe80] coded y,uvDC,uvAC intra: 5.9% 10.2% 9.1% inter: 0.1% 0.0% 0.0%
[libx264 @ 0x5f5ee904fe80] i16 v,h,dc,p: 88% 12%  1%  0%
[libx264 @ 0x5f5ee904fe80] i8 v,h,dc,ddl,ddr,vr,hd,vl,hu: 45%  4% 50%  0%  0%  0%  0%  0%  0%
[libx264 @ 0x5f5ee904fe80] i4 v,h,dc,ddl,ddr,vr,hd,vl,hu: 40% 29% 10%  4%  2%  2%  4%  4%  5%
[libx264 @ 0x5f5ee904fe80] i8c dc,h,v,p: 82%  9%  8%  1%
[libx264 @ 0x5f5ee904fe80] Weighted P-Frames: Y:0.0% UV:0.0%
[libx264 @ 0x5f5ee904fe80] ref P L0: 96.9%  0.6%  0.9%  1.6%
[libx264 @ 0x5f5ee904fe80] ref B L0: 93.5%  6.5%
[libx264 @ 0x5f5ee904fe80] ref B L1: 96.7%  3.3%
[libx264 @ 0x5f5ee904fe80] kb/s:1075.63
ffmpeg version 7.0.2-3ubuntu1 Copyright (c) 2000-2024 the FFmpeg developers
  built with gcc 14 (Ubuntu 14.2.0-2ubuntu1)
  configuration: --prefix=/usr --extra-version=3ubuntu1 --toolchain=hardened --libdir=/usr/lib/x86_64-linux-gnu --incdir=/usr/include/x86_64-linux-gnu --arch=amd64 --enable-gpl --disable-stripping --disable-libmfx --disable-omx --enable-gnutls --enable-libaom --enable-libass --enable-libbs2b --enable-libcdio --enable-libcodec2 --enable-libdav1d --enable-libflite --enable-libfontconfig --enable-libfreetype --enable-libfribidi --enable-libglslang --enable-libgme --enable-libgsm --enable-libharfbuzz --enable-libmp3lame --enable-libmysofa --enable-libopenjpeg --enable-libopenmpt --enable-libopus --enable-librubberband --enable-libshine --enable-libsnappy --enable-libsoxr --enable-libspeex --enable-libtheora --enable-libtwolame --enable-libvidstab --enable-libvorbis --enable-libvpx --enable-libwebp --enable-libx265 --enable-libxml2 --enable-libxvid --enable-libzimg --enable-openal --enable-opencl --enable-opengl --disable-sndio --enable-libvpl --enable-libdc1394 --enable-libdrm --enable-libiec61883 --enable-chromaprint --enable-frei0r --enable-ladspa --enable-libbluray --enable-libcaca --enable-libdvdnav --enable-libdvdread --enable-libjack --enable-libpulse --enable-librabbitmq --enable-librist --enable-libsrt --enable-libssh --enable-libsvtav1 --enable-libx264 --enable-libzmq --enable-libzvbi --enable-lv2 --enable-sdl2 --enable-libplacebo --enable-librav1e --enable-pocketsphinx --enable-librsvg --enable-libjxl --enable-shared
  libavutil      59.  8.100 / 59.  8.100
  libavcodec     61.  3.100 / 61.  3.100
  libavformat    61.  1.100 / 61.  1.100
  libavdevice    61.  1.100 / 61.  1.100
  libavfilter    10.  1.100 / 10.  1.100
  libswscale      8.  1.100 /  8.  1.100
  libswresample   5.  1.100 /  5.  1.100
  libpostproc    58.  1.100 / 58.  1.100
Input #0, concat, from '/home/marco-lasagna/Scaricati/ffmpeg-java/inputFile.txt':
  Duration: N/A, start: 0.000000, bitrate: N/A
  Stream #0:0: Video: mjpeg (Baseline), yuvj420p(pc, bt470bg/unknown/unknown), 4501x4500 [SAR 1:1 DAR 4501:4500], 25 fps, 25 tbr, 25 tbn
Stream mapping:
  Stream #0:0 -> #0:0 (mjpeg (native) -> h264 (libx264))
Press [q] to stop, [?] for help
[swscaler @ 0x79e2c0016b00] deprecated pixel format used, make sure you did set range correctly
    Last message repeated 1 times
[swscaler @ 0x79e2c0b407c0] deprecated pixel format used, make sure you did set range correctly
    Last message repeated 1 times
[vost#0:0/libx264 @ 0x5d8aa26f6ac0] No information about the input framerate is available. Falling back to a default value of 25fps. Use the -r option if you want a different framerate.
[libx264 @ 0x5d8aa26ece80] using SAR=2048/4095
[libx264 @ 0x5d8aa26ece80] using cpu capabilities: MMX2 SSE2Fast SSSE3 SSE4.2 AVX FMA3 BMI2 AVX2
[libx264 @ 0x5d8aa26ece80] profile High, level 4.0, 4:2:0, 8-bit
[libx264 @ 0x5d8aa26ece80] 264 - core 164 r3108 31e19f9 - H.264/MPEG-4 AVC codec - Copyleft 2003-2023 - http://www.videolan.org/x264.html - options: cabac=1 ref=3 deblock=1:0:0 analyse=0x3:0x113 me=hex subme=7 psy=1 psy_rd=1.00:0.00 mixed_ref=1 me_range=16 chroma_me=1 trellis=1 8x8dct=1 cqm=0 deadzone=21,11 fast_pskip=1 chroma_qp_offset=-2 threads=30 lookahead_threads=5 sliced_threads=0 nr=0 decimate=1 interlaced=0 bluray_compat=0 constrained_intra=0 bframes=3 b_pyramid=2 b_adapt=1 b_bias=0 direct=1 weightb=1 open_gop=0 weightp=2 keyint=250 keyint_min=25 scenecut=40 intra_refresh=0 rc_lookahead=40 rc=crf mbtree=1 crf=23.0 qcomp=0.60 qpmin=0 qpmax=69 qpstep=4 ip_ratio=1.40 aq=1:1.00
Output #0, mp4, to './src/test/resources/output/translation/tempVideo/190.mp4':
  Metadata:
    encoder         : Lavf61.1.100
  Stream #0:0: Video: h264 (avc1 / 0x31637661), yuvj420p(pc, progressive), 2048x1024 [SAR 4501:9000 DAR 4501:4500], q=2-31, 25 fps, 12800 tbn
      Metadata:
        encoder         : Lavc61.3.100 libx264
      Side data:
        cpb: bitrate max/min/avg: 0/0/0 buffer size: 0 vbv_delay: N/A
[out#0/mp4 @ 0x5d8aa26f4b40] video:32KiB audio:0KiB subtitle:0KiB other streams:0KiB global headers:0KiB muxing overhead: 2.877155%
frame=    6 fps=0.0 q=-1.0 Lsize=      33KiB time=00:00:00.16 bitrate=1703.8kbits/s dup=0 drop=19 speed=0.654x    
[libx264 @ 0x5d8aa26ece80] frame I:1     Avg QP:18.58  size: 30036
[libx264 @ 0x5d8aa26ece80] frame P:2     Avg QP:18.90  size:   697
[libx264 @ 0x5d8aa26ece80] frame B:3     Avg QP:25.66  size:   334
[libx264 @ 0x5d8aa26ece80] consecutive B-frames: 33.3%  0.0%  0.0% 66.7%
[libx264 @ 0x5d8aa26ece80] mb I  I16..4: 13.9% 75.9% 10.2%
[libx264 @ 0x5d8aa26ece80] mb P  I16..4:  0.1%  0.1%  0.0%  P16..4:  1.5%  0.2%  0.1%  0.0%  0.0%    skip:97.9%
[libx264 @ 0x5d8aa26ece80] mb B  I16..4:  0.0%  0.1%  0.0%  B16..8:  1.1%  0.1%  0.0%  direct: 0.0%  skip:98.7%  L0:33.5% L1:64.6% BI: 1.9%
[libx264 @ 0x5d8aa26ece80] 8x8 transform intra:75.8% inter:16.9%
[libx264 @ 0x5d8aa26ece80] coded y,uvDC,uvAC intra: 5.9% 10.1% 9.1% inter: 0.1% 0.0% 0.0%
[libx264 @ 0x5d8aa26ece80] i16 v,h,dc,p: 79% 20%  1%  0%
[libx264 @ 0x5d8aa26ece80] i8 v,h,dc,ddl,ddr,vr,hd,vl,hu: 55% 11% 34%  0%  0%  0%  0%  0%  0%
[libx264 @ 0x5d8aa26ece80] i4 v,h,dc,ddl,ddr,vr,hd,vl,hu: 40% 29%  9%  4%  2%  2%  4%  4%  5%
[libx264 @ 0x5d8aa26ece80] i8c dc,h,v,p: 82%  9%  8%  1%
[libx264 @ 0x5d8aa26ece80] Weighted P-Frames: Y:0.0% UV:0.0%
[libx264 @ 0x5d8aa26ece80] ref P L0: 96.6%  0.8%  0.3%  2.3%
[libx264 @ 0x5d8aa26ece80] ref B L0: 87.9% 12.1%
[libx264 @ 0x5d8aa26ece80] ref B L1: 97.5%  2.5%
[libx264 @ 0x5d8aa26ece80] kb/s:1081.10
ffmpeg version 7.0.2-3ubuntu1 Copyright (c) 2000-2024 the FFmpeg developers
  built with gcc 14 (Ubuntu 14.2.0-2ubuntu1)
  configuration: --prefix=/usr --extra-version=3ubuntu1 --toolchain=hardened --libdir=/usr/lib/x86_64-linux-gnu --incdir=/usr/include/x86_64-linux-gnu --arch=amd64 --enable-gpl --disable-stripping --disable-libmfx --disable-omx --enable-gnutls --enable-libaom --enable-libass --enable-libbs2b --enable-libcdio --enable-libcodec2 --enable-libdav1d --enable-libflite --enable-libfontconfig --enable-libfreetype --enable-libfribidi --enable-libglslang --enable-libgme --enable-libgsm --enable-libharfbuzz --enable-libmp3lame --enable-libmysofa --enable-libopenjpeg --enable-libopenmpt --enable-libopus --enable-librubberband --enable-libshine --enable-libsnappy --enable-libsoxr --enable-libspeex --enable-libtheora --enable-libtwolame --enable-libvidstab --enable-libvorbis --enable-libvpx --enable-libwebp --enable-libx265 --enable-libxml2 --enable-libxvid --enable-libzimg --enable-openal --enable-opencl --enable-opengl --disable-sndio --enable-libvpl --enable-libdc1394 --enable-libdrm --enable-libiec61883 --enable-chromaprint --enable-frei0r --enable-ladspa --enable-libbluray --enable-libcaca --enable-libdvdnav --enable-libdvdread --enable-libjack --enable-libpulse --enable-librabbitmq --enable-librist --enable-libsrt --enable-libssh --enable-libsvtav1 --enable-libx264 --enable-libzmq --enable-libzvbi --enable-lv2 --enable-sdl2 --enable-libplacebo --enable-librav1e --enable-pocketsphinx --enable-librsvg --enable-libjxl --enable-shared
  libavutil      59.  8.100 / 59.  8.100
  libavcodec     61.  3.100 / 61.  3.100
  libavformat    61.  1.100 / 61.  1.100
  libavdevice    61.  1.100 / 61.  1.100
  libavfilter    10.  1.100 / 10.  1.100
  libswscale      8.  1.100 /  8.  1.100
  libswresample   5.  1.100 /  5.  1.100
  libpostproc    58.  1.100 / 58.  1.100
Input #0, concat, from '/home/marco-lasagna/Scaricati/ffmpeg-java/inputFile.txt':
  Duration: N/A, start: 0.000000, bitrate: N/A
  Stream #0:0: Video: mjpeg (Baseline), yuvj420p(pc, bt470bg/unknown/unknown), 4501x4500 [SAR 1:1 DAR 4501:4500], 25 fps, 25 tbr, 25 tbn
Stream mapping:
  Stream #0:0 -> #0:0 (mjpeg (native) -> h264 (libx264))
Press [q] to stop, [?] for help
[swscaler @ 0x758784016b00] deprecated pixel format used, make sure you did set range correctly
    Last message repeated 1 times
[swscaler @ 0x758784b407c0] deprecated pixel format used, make sure you did set range correctly
    Last message repeated 1 times
[vost#0:0/libx264 @ 0x64c02ec08ac0] No information about the input framerate is available. Falling back to a default value of 25fps. Use the -r option if you want a different framerate.
[libx264 @ 0x64c02ebfee80] using SAR=2048/4095
[libx264 @ 0x64c02ebfee80] using cpu capabilities: MMX2 SSE2Fast SSSE3 SSE4.2 AVX FMA3 BMI2 AVX2
[libx264 @ 0x64c02ebfee80] profile High, level 4.0, 4:2:0, 8-bit
[libx264 @ 0x64c02ebfee80] 264 - core 164 r3108 31e19f9 - H.264/MPEG-4 AVC codec - Copyleft 2003-2023 - http://www.videolan.org/x264.html - options: cabac=1 ref=3 deblock=1:0:0 analyse=0x3:0x113 me=hex subme=7 psy=1 psy_rd=1.00:0.00 mixed_ref=1 me_range=16 chroma_me=1 trellis=1 8x8dct=1 cqm=0 deadzone=21,11 fast_pskip=1 chroma_qp_offset=-2 threads=30 lookahead_threads=5 sliced_threads=0 nr=0 decimate=1 interlaced=0 bluray_compat=0 constrained_intra=0 bframes=3 b_pyramid=2 b_adapt=1 b_bias=0 direct=1 weightb=1 open_gop=0 weightp=2 keyint=250 keyint_min=25 scenecut=40 intra_refresh=0 rc_lookahead=40 rc=crf mbtree=1 crf=23.0 qcomp=0.60 qpmin=0 qpmax=69 qpstep=4 ip_ratio=1.40 aq=1:1.00
Output #0, mp4, to './src/test/resources/output/translation/tempVideo/200.mp4':
  Metadata:
    encoder         : Lavf61.1.100
  Stream #0:0: Video: h264 (avc1 / 0x31637661), yuvj420p(pc, progressive), 2048x1024 [SAR 4501:9000 DAR 4501:4500], q=2-31, 25 fps, 12800 tbn
      Metadata:
        encoder         : Lavc61.3.100 libx264
      Side data:
        cpb: bitrate max/min/avg: 0/0/0 buffer size: 0 vbv_delay: N/A
[out#0/mp4 @ 0x64c02ec06b40] video:32KiB audio:0KiB subtitle:0KiB other streams:0KiB global headers:0KiB muxing overhead: 2.900447%
frame=    6 fps=0.0 q=-1.0 Lsize=      33KiB time=00:00:00.16 bitrate=1690.5kbits/s dup=0 drop=19 speed=0.669x    
[libx264 @ 0x64c02ebfee80] frame I:1     Avg QP:18.58  size: 29899
[libx264 @ 0x64c02ebfee80] frame P:2     Avg QP:16.56  size:   608
[libx264 @ 0x64c02ebfee80] frame B:3     Avg QP:29.99  size:   350
[libx264 @ 0x64c02ebfee80] consecutive B-frames: 33.3%  0.0%  0.0% 66.7%
[libx264 @ 0x64c02ebfee80] mb I  I16..4: 25.9% 63.8% 10.3%
[libx264 @ 0x64c02ebfee80] mb P  I16..4:  0.2%  0.1%  0.0%  P16..4:  1.3%  0.2%  0.1%  0.0%  0.0%    skip:98.1%
[libx264 @ 0x64c02ebfee80] mb B  I16..4:  0.0%  0.1%  0.0%  B16..8:  1.4%  0.1%  0.0%  direct: 0.0%  skip:98.3%  L0:25.7% L1:72.2% BI: 2.2%
[libx264 @ 0x64c02ebfee80] 8x8 transform intra:63.7% inter:14.3%
[libx264 @ 0x64c02ebfee80] coded y,uvDC,uvAC intra: 5.9% 10.1% 9.0% inter: 0.1% 0.0% 0.0%
[libx264 @ 0x64c02ebfee80] i16 v,h,dc,p: 87% 12%  1%  0%
[libx264 @ 0x64c02ebfee80] i8 v,h,dc,ddl,ddr,vr,hd,vl,hu: 45%  4% 50%  0%  0%  0%  0%  0%  0%
[libx264 @ 0x64c02ebfee80] i4 v,h,dc,ddl,ddr,vr,hd,vl,hu: 39% 30% 10%  4%  2%  2%  4%  4%  5%
[libx264 @ 0x64c02ebfee80] i8c dc,h,v,p: 82%  9%  8%  1%
[libx264 @ 0x64c02ebfee80] Weighted P-Frames: Y:0.0% UV:0.0%
[libx264 @ 0x64c02ebfee80] ref P L0: 98.1%  0.0%  0.4%  1.5%
[libx264 @ 0x64c02ebfee80] ref B L0: 90.5%  9.5%
[libx264 @ 0x64c02ebfee80] ref B L1: 95.5%  4.5%
[libx264 @ 0x64c02ebfee80] kb/s:1072.23
ffmpeg version 7.0.2-3ubuntu1 Copyright (c) 2000-2024 the FFmpeg developers
  built with gcc 14 (Ubuntu 14.2.0-2ubuntu1)
  configuration: --prefix=/usr --extra-version=3ubuntu1 --toolchain=hardened --libdir=/usr/lib/x86_64-linux-gnu --incdir=/usr/include/x86_64-linux-gnu --arch=amd64 --enable-gpl --disable-stripping --disable-libmfx --disable-omx --enable-gnutls --enable-libaom --enable-libass --enable-libbs2b --enable-libcdio --enable-libcodec2 --enable-libdav1d --enable-libflite --enable-libfontconfig --enable-libfreetype --enable-libfribidi --enable-libglslang --enable-libgme --enable-libgsm --enable-libharfbuzz --enable-libmp3lame --enable-libmysofa --enable-libopenjpeg --enable-libopenmpt --enable-libopus --enable-librubberband --enable-libshine --enable-libsnappy --enable-libsoxr --enable-libspeex --enable-libtheora --enable-libtwolame --enable-libvidstab --enable-libvorbis --enable-libvpx --enable-libwebp --enable-libx265 --enable-libxml2 --enable-libxvid --enable-libzimg --enable-openal --enable-opencl --enable-opengl --disable-sndio --enable-libvpl --enable-libdc1394 --enable-libdrm --enable-libiec61883 --enable-chromaprint --enable-frei0r --enable-ladspa --enable-libbluray --enable-libcaca --enable-libdvdnav --enable-libdvdread --enable-libjack --enable-libpulse --enable-librabbitmq --enable-librist --enable-libsrt --enable-libssh --enable-libsvtav1 --enable-libx264 --enable-libzmq --enable-libzvbi --enable-lv2 --enable-sdl2 --enable-libplacebo --enable-librav1e --enable-pocketsphinx --enable-librsvg --enable-libjxl --enable-shared
  libavutil      59.  8.100 / 59.  8.100
  libavcodec     61.  3.100 / 61.  3.100
  libavformat    61.  1.100 / 61.  1.100
  libavdevice    61.  1.100 / 61.  1.100
  libavfilter    10.  1.100 / 10.  1.100
  libswscale      8.  1.100 /  8.  1.100
  libswresample   5.  1.100 /  5.  1.100
  libpostproc    58.  1.100 / 58.  1.100
Input #0, concat, from '/home/marco-lasagna/Scaricati/ffmpeg-java/inputFile.txt':
  Duration: N/A, start: 0.000000, bitrate: N/A
  Stream #0:0: Video: mjpeg (Baseline), yuvj420p(pc, bt470bg/unknown/unknown), 4501x4500 [SAR 1:1 DAR 4501:4500], 25 fps, 25 tbr, 25 tbn
Stream mapping:
  Stream #0:0 -> #0:0 (mjpeg (native) -> h264 (libx264))
Press [q] to stop, [?] for help
[swscaler @ 0x7a8bd0016b00] deprecated pixel format used, make sure you did set range correctly
    Last message repeated 1 times
[swscaler @ 0x7a8bd0b407c0] deprecated pixel format used, make sure you did set range correctly
    Last message repeated 1 times
[vost#0:0/libx264 @ 0x5847ad9b4ac0] No information about the input framerate is available. Falling back to a default value of 25fps. Use the -r option if you want a different framerate.
[libx264 @ 0x5847ad9aae80] using SAR=2048/4095
[libx264 @ 0x5847ad9aae80] using cpu capabilities: MMX2 SSE2Fast SSSE3 SSE4.2 AVX FMA3 BMI2 AVX2
[libx264 @ 0x5847ad9aae80] profile High, level 4.0, 4:2:0, 8-bit
[libx264 @ 0x5847ad9aae80] 264 - core 164 r3108 31e19f9 - H.264/MPEG-4 AVC codec - Copyleft 2003-2023 - http://www.videolan.org/x264.html - options: cabac=1 ref=3 deblock=1:0:0 analyse=0x3:0x113 me=hex subme=7 psy=1 psy_rd=1.00:0.00 mixed_ref=1 me_range=16 chroma_me=1 trellis=1 8x8dct=1 cqm=0 deadzone=21,11 fast_pskip=1 chroma_qp_offset=-2 threads=30 lookahead_threads=5 sliced_threads=0 nr=0 decimate=1 interlaced=0 bluray_compat=0 constrained_intra=0 bframes=3 b_pyramid=2 b_adapt=1 b_bias=0 direct=1 weightb=1 open_gop=0 weightp=2 keyint=250 keyint_min=25 scenecut=40 intra_refresh=0 rc_lookahead=40 rc=crf mbtree=1 crf=23.0 qcomp=0.60 qpmin=0 qpmax=69 qpstep=4 ip_ratio=1.40 aq=1:1.00
Output #0, mp4, to './src/test/resources/output/translation/tempVideo/210.mp4':
  Metadata:
    encoder         : Lavf61.1.100
  Stream #0:0: Video: h264 (avc1 / 0x31637661), yuvj420p(pc, progressive), 2048x1024 [SAR 4501:9000 DAR 4501:4500], q=2-31, 25 fps, 12800 tbn
      Metadata:
        encoder         : Lavc61.3.100 libx264
      Side data:
        cpb: bitrate max/min/avg: 0/0/0 buffer size: 0 vbv_delay: N/A
[out#0/mp4 @ 0x5847ad9b2b40] video:32KiB audio:0KiB subtitle:0KiB other streams:0KiB global headers:0KiB muxing overhead: 2.927084%
frame=    6 fps=0.0 q=-1.0 Lsize=      33KiB time=00:00:00.16 bitrate=1675.5kbits/s dup=0 drop=19 speed=0.643x    
[libx264 @ 0x5847ad9aae80] frame I:1     Avg QP:18.30  size: 29894
[libx264 @ 0x5847ad9aae80] frame P:2     Avg QP:16.13  size:   579
[libx264 @ 0x5847ad9aae80] frame B:3     Avg QP:13.28  size:   272
[libx264 @ 0x5847ad9aae80] consecutive B-frames: 33.3%  0.0%  0.0% 66.7%
[libx264 @ 0x5847ad9aae80] mb I  I16..4: 20.2% 69.6% 10.2%
[libx264 @ 0x5847ad9aae80] mb P  I16..4:  0.2%  0.1%  0.0%  P16..4:  0.4%  0.2%  0.1%  0.0%  0.0%    skip:99.0%
[libx264 @ 0x5847ad9aae80] mb B  I16..4:  0.1%  0.0%  0.0%  B16..8:  1.1%  0.0%  0.0%  direct: 0.0%  skip:98.7%  L0:30.2% L1:66.6% BI: 3.2%
[libx264 @ 0x5847ad9aae80] 8x8 transform intra:69.2% inter:20.6%
[libx264 @ 0x5847ad9aae80] coded y,uvDC,uvAC intra: 5.8% 10.1% 9.1% inter: 0.1% 0.0% 0.0%
[libx264 @ 0x5847ad9aae80] i16 v,h,dc,p: 83% 16%  1%  0%
[libx264 @ 0x5847ad9aae80] i8 v,h,dc,ddl,ddr,vr,hd,vl,hu: 50% 10% 40%  0%  0%  0%  0%  0%  0%
[libx264 @ 0x5847ad9aae80] i4 v,h,dc,ddl,ddr,vr,hd,vl,hu: 38% 30% 10%  4%  2%  2%  4%  4%  5%
[libx264 @ 0x5847ad9aae80] i8c dc,h,v,p: 82%  9%  8%  1%
[libx264 @ 0x5847ad9aae80] Weighted P-Frames: Y:0.0% UV:0.0%
[libx264 @ 0x5847ad9aae80] ref P L0: 92.7%  0.0%  5.7%  1.7%
[libx264 @ 0x5847ad9aae80] ref B L0: 86.7% 13.3%
[libx264 @ 0x5847ad9aae80] ref B L1: 99.5%  0.5%
[libx264 @ 0x5847ad9aae80] kb/s:1062.27
ffmpeg version 7.0.2-3ubuntu1 Copyright (c) 2000-2024 the FFmpeg developers
  built with gcc 14 (Ubuntu 14.2.0-2ubuntu1)
  configuration: --prefix=/usr --extra-version=3ubuntu1 --toolchain=hardened --libdir=/usr/lib/x86_64-linux-gnu --incdir=/usr/include/x86_64-linux-gnu --arch=amd64 --enable-gpl --disable-stripping --disable-libmfx --disable-omx --enable-gnutls --enable-libaom --enable-libass --enable-libbs2b --enable-libcdio --enable-libcodec2 --enable-libdav1d --enable-libflite --enable-libfontconfig --enable-libfreetype --enable-libfribidi --enable-libglslang --enable-libgme --enable-libgsm --enable-libharfbuzz --enable-libmp3lame --enable-libmysofa --enable-libopenjpeg --enable-libopenmpt --enable-libopus --enable-librubberband --enable-libshine --enable-libsnappy --enable-libsoxr --enable-libspeex --enable-libtheora --enable-libtwolame --enable-libvidstab --enable-libvorbis --enable-libvpx --enable-libwebp --enable-libx265 --enable-libxml2 --enable-libxvid --enable-libzimg --enable-openal --enable-opencl --enable-opengl --disable-sndio --enable-libvpl --enable-libdc1394 --enable-libdrm --enable-libiec61883 --enable-chromaprint --enable-frei0r --enable-ladspa --enable-libbluray --enable-libcaca --enable-libdvdnav --enable-libdvdread --enable-libjack --enable-libpulse --enable-librabbitmq --enable-librist --enable-libsrt --enable-libssh --enable-libsvtav1 --enable-libx264 --enable-libzmq --enable-libzvbi --enable-lv2 --enable-sdl2 --enable-libplacebo --enable-librav1e --enable-pocketsphinx --enable-librsvg --enable-libjxl --enable-shared
  libavutil      59.  8.100 / 59.  8.100
  libavcodec     61.  3.100 / 61.  3.100
  libavformat    61.  1.100 / 61.  1.100
  libavdevice    61.  1.100 / 61.  1.100
  libavfilter    10.  1.100 / 10.  1.100
  libswscale      8.  1.100 /  8.  1.100
  libswresample   5.  1.100 /  5.  1.100
  libpostproc    58.  1.100 / 58.  1.100
Input #0, concat, from '/home/marco-lasagna/Scaricati/ffmpeg-java/inputFile.txt':
  Duration: N/A, start: 0.000000, bitrate: N/A
  Stream #0:0: Video: mjpeg (Baseline), yuvj420p(pc, bt470bg/unknown/unknown), 4501x4500 [SAR 1:1 DAR 4501:4500], 25 fps, 25 tbr, 25 tbn
Stream mapping:
  Stream #0:0 -> #0:0 (mjpeg (native) -> h264 (libx264))
Press [q] to stop, [?] for help
[swscaler @ 0x782be4016b00] deprecated pixel format used, make sure you did set range correctly
    Last message repeated 1 times
[swscaler @ 0x782be4b407c0] deprecated pixel format used, make sure you did set range correctly
    Last message repeated 1 times
[vost#0:0/libx264 @ 0x5a4874497ac0] No information about the input framerate is available. Falling back to a default value of 25fps. Use the -r option if you want a different framerate.
[libx264 @ 0x5a487448de80] using SAR=2048/4095
[libx264 @ 0x5a487448de80] using cpu capabilities: MMX2 SSE2Fast SSSE3 SSE4.2 AVX FMA3 BMI2 AVX2
[libx264 @ 0x5a487448de80] profile High, level 4.0, 4:2:0, 8-bit
[libx264 @ 0x5a487448de80] 264 - core 164 r3108 31e19f9 - H.264/MPEG-4 AVC codec - Copyleft 2003-2023 - http://www.videolan.org/x264.html - options: cabac=1 ref=3 deblock=1:0:0 analyse=0x3:0x113 me=hex subme=7 psy=1 psy_rd=1.00:0.00 mixed_ref=1 me_range=16 chroma_me=1 trellis=1 8x8dct=1 cqm=0 deadzone=21,11 fast_pskip=1 chroma_qp_offset=-2 threads=30 lookahead_threads=5 sliced_threads=0 nr=0 decimate=1 interlaced=0 bluray_compat=0 constrained_intra=0 bframes=3 b_pyramid=2 b_adapt=1 b_bias=0 direct=1 weightb=1 open_gop=0 weightp=2 keyint=250 keyint_min=25 scenecut=40 intra_refresh=0 rc_lookahead=40 rc=crf mbtree=1 crf=23.0 qcomp=0.60 qpmin=0 qpmax=69 qpstep=4 ip_ratio=1.40 aq=1:1.00
Output #0, mp4, to './src/test/resources/output/translation/tempVideo/220.mp4':
  Metadata:
    encoder         : Lavf61.1.100
  Stream #0:0: Video: h264 (avc1 / 0x31637661), yuvj420p(pc, progressive), 2048x1024 [SAR 4501:9000 DAR 4501:4500], q=2-31, 25 fps, 12800 tbn
      Metadata:
        encoder         : Lavc61.3.100 libx264
      Side data:
        cpb: bitrate max/min/avg: 0/0/0 buffer size: 0 vbv_delay: N/A
[out#0/mp4 @ 0x5a4874495b40] video:32KiB audio:0KiB subtitle:0KiB other streams:0KiB global headers:0KiB muxing overhead: 2.910101%
frame=    6 fps=0.0 q=-1.0 Lsize=      33KiB time=00:00:00.16 bitrate=1685.0kbits/s dup=0 drop=19 speed=0.649x    
[libx264 @ 0x5a487448de80] frame I:1     Avg QP:18.52  size: 29924
[libx264 @ 0x5a487448de80] frame P:2     Avg QP:17.52  size:   642
[libx264 @ 0x5a487448de80] frame B:3     Avg QP:29.11  size:   283
[libx264 @ 0x5a487448de80] consecutive B-frames: 33.3%  0.0%  0.0% 66.7%
[libx264 @ 0x5a487448de80] mb I  I16..4: 23.1% 66.8% 10.1%
[libx264 @ 0x5a487448de80] mb P  I16..4:  0.1%  0.1%  0.0%  P16..4:  1.2%  0.2%  0.1%  0.0%  0.0%    skip:98.3%
[libx264 @ 0x5a487448de80] mb B  I16..4:  0.0%  0.0%  0.0%  B16..8:  1.1%  0.1%  0.0%  direct: 0.0%  skip:98.8%  L0:54.7% L1:42.8% BI: 2.4%
[libx264 @ 0x5a487448de80] 8x8 transform intra:66.8% inter:14.0%
[libx264 @ 0x5a487448de80] coded y,uvDC,uvAC intra: 6.0% 10.2% 9.1% inter: 0.1% 0.0% 0.0%
[libx264 @ 0x5a487448de80] i16 v,h,dc,p: 86% 13%  1%  0%
[libx264 @ 0x5a487448de80] i8 v,h,dc,ddl,ddr,vr,hd,vl,hu: 50% 14% 36%  0%  0%  0%  0%  0%  0%
[libx264 @ 0x5a487448de80] i4 v,h,dc,ddl,ddr,vr,hd,vl,hu: 38% 30% 11%  4%  2%  2%  4%  4%  5%
[libx264 @ 0x5a487448de80] i8c dc,h,v,p: 82%  9%  8%  1%
[libx264 @ 0x5a487448de80] Weighted P-Frames: Y:0.0% UV:0.0%
[libx264 @ 0x5a487448de80] ref P L0: 98.6%  0.0%  0.0%  1.4%
[libx264 @ 0x5a487448de80] ref B L0: 94.0%  6.0%
[libx264 @ 0x5a487448de80] ref B L1: 93.2%  6.8%
[libx264 @ 0x5a487448de80] kb/s:1068.60
ffmpeg version 7.0.2-3ubuntu1 Copyright (c) 2000-2024 the FFmpeg developers
  built with gcc 14 (Ubuntu 14.2.0-2ubuntu1)
  configuration: --prefix=/usr --extra-version=3ubuntu1 --toolchain=hardened --libdir=/usr/lib/x86_64-linux-gnu --incdir=/usr/include/x86_64-linux-gnu --arch=amd64 --enable-gpl --disable-stripping --disable-libmfx --disable-omx --enable-gnutls --enable-libaom --enable-libass --enable-libbs2b --enable-libcdio --enable-libcodec2 --enable-libdav1d --enable-libflite --enable-libfontconfig --enable-libfreetype --enable-libfribidi --enable-libglslang --enable-libgme --enable-libgsm --enable-libharfbuzz --enable-libmp3lame --enable-libmysofa --enable-libopenjpeg --enable-libopenmpt --enable-libopus --enable-librubberband --enable-libshine --enable-libsnappy --enable-libsoxr --enable-libspeex --enable-libtheora --enable-libtwolame --enable-libvidstab --enable-libvorbis --enable-libvpx --enable-libwebp --enable-libx265 --enable-libxml2 --enable-libxvid --enable-libzimg --enable-openal --enable-opencl --enable-opengl --disable-sndio --enable-libvpl --enable-libdc1394 --enable-libdrm --enable-libiec61883 --enable-chromaprint --enable-frei0r --enable-ladspa --enable-libbluray --enable-libcaca --enable-libdvdnav --enable-libdvdread --enable-libjack --enable-libpulse --enable-librabbitmq --enable-librist --enable-libsrt --enable-libssh --enable-libsvtav1 --enable-libx264 --enable-libzmq --enable-libzvbi --enable-lv2 --enable-sdl2 --enable-libplacebo --enable-librav1e --enable-pocketsphinx --enable-librsvg --enable-libjxl --enable-shared
  libavutil      59.  8.100 / 59.  8.100
  libavcodec     61.  3.100 / 61.  3.100
  libavformat    61.  1.100 / 61.  1.100
  libavdevice    61.  1.100 / 61.  1.100
  libavfilter    10.  1.100 / 10.  1.100
  libswscale      8.  1.100 /  8.  1.100
  libswresample   5.  1.100 /  5.  1.100
  libpostproc    58.  1.100 / 58.  1.100
Input #0, concat, from '/home/marco-lasagna/Scaricati/ffmpeg-java/inputFile.txt':
  Duration: N/A, start: 0.000000, bitrate: N/A
  Stream #0:0: Video: mjpeg (Baseline), yuvj420p(pc, bt470bg/unknown/unknown), 4501x4500 [SAR 1:1 DAR 4501:4500], 25 fps, 25 tbr, 25 tbn
Stream mapping:
  Stream #0:0 -> #0:0 (mjpeg (native) -> h264 (libx264))
Press [q] to stop, [?] for help
[swscaler @ 0x7ab6d0016b00] deprecated pixel format used, make sure you did set range correctly
    Last message repeated 1 times
[swscaler @ 0x7ab6d0b407c0] deprecated pixel format used, make sure you did set range correctly
    Last message repeated 1 times
[vost#0:0/libx264 @ 0x5dbae4e21ac0] No information about the input framerate is available. Falling back to a default value of 25fps. Use the -r option if you want a different framerate.
[libx264 @ 0x5dbae4e17e80] using SAR=2048/4095
[libx264 @ 0x5dbae4e17e80] using cpu capabilities: MMX2 SSE2Fast SSSE3 SSE4.2 AVX FMA3 BMI2 AVX2
[libx264 @ 0x5dbae4e17e80] profile High, level 4.0, 4:2:0, 8-bit
[libx264 @ 0x5dbae4e17e80] 264 - core 164 r3108 31e19f9 - H.264/MPEG-4 AVC codec - Copyleft 2003-2023 - http://www.videolan.org/x264.html - options: cabac=1 ref=3 deblock=1:0:0 analyse=0x3:0x113 me=hex subme=7 psy=1 psy_rd=1.00:0.00 mixed_ref=1 me_range=16 chroma_me=1 trellis=1 8x8dct=1 cqm=0 deadzone=21,11 fast_pskip=1 chroma_qp_offset=-2 threads=30 lookahead_threads=5 sliced_threads=0 nr=0 decimate=1 interlaced=0 bluray_compat=0 constrained_intra=0 bframes=3 b_pyramid=2 b_adapt=1 b_bias=0 direct=1 weightb=1 open_gop=0 weightp=2 keyint=250 keyint_min=25 scenecut=40 intra_refresh=0 rc_lookahead=40 rc=crf mbtree=1 crf=23.0 qcomp=0.60 qpmin=0 qpmax=69 qpstep=4 ip_ratio=1.40 aq=1:1.00
Output #0, mp4, to './src/test/resources/output/translation/tempVideo/230.mp4':
  Metadata:
    encoder         : Lavf61.1.100
  Stream #0:0: Video: h264 (avc1 / 0x31637661), yuvj420p(pc, progressive), 2048x1024 [SAR 4501:9000 DAR 4501:4500], q=2-31, 25 fps, 12800 tbn
      Metadata:
        encoder         : Lavc61.3.100 libx264
      Side data:
        cpb: bitrate max/min/avg: 0/0/0 buffer size: 0 vbv_delay: N/A
[out#0/mp4 @ 0x5dbae4e1fb40] video:32KiB audio:0KiB subtitle:0KiB other streams:0KiB global headers:0KiB muxing overhead: 2.894157%
frame=    6 fps=0.0 q=-1.0 Lsize=      33KiB time=00:00:00.16 bitrate=1679.8kbits/s dup=0 drop=19 speed=0.655x    
[libx264 @ 0x5dbae4e17e80] frame I:1     Avg QP:18.59  size: 29998
[libx264 @ 0x5dbae4e17e80] frame P:2     Avg QP:18.15  size:   600
[libx264 @ 0x5dbae4e17e80] frame B:3     Avg QP:26.59  size:   255
[libx264 @ 0x5dbae4e17e80] consecutive B-frames: 16.7% 33.3% 50.0%  0.0%
[libx264 @ 0x5dbae4e17e80] mb I  I16..4: 25.6% 64.2% 10.2%
[libx264 @ 0x5dbae4e17e80] mb P  I16..4:  0.1%  0.1%  0.0%  P16..4:  1.4%  0.2%  0.1%  0.0%  0.0%    skip:98.1%
[libx264 @ 0x5dbae4e17e80] mb B  I16..4:  0.1%  0.0%  0.0%  B16..8:  1.3%  0.0%  0.0%  direct: 0.0%  skip:98.6%  L0:50.9% L1:47.2% BI: 1.8%
[libx264 @ 0x5dbae4e17e80] 8x8 transform intra:64.1% inter:16.9%
[libx264 @ 0x5dbae4e17e80] coded y,uvDC,uvAC intra: 5.9% 10.1% 9.1% inter: 0.1% 0.0% 0.0%
[libx264 @ 0x5dbae4e17e80] i16 v,h,dc,p: 87% 12%  1%  0%
[libx264 @ 0x5dbae4e17e80] i8 v,h,dc,ddl,ddr,vr,hd,vl,hu: 61%  6% 32%  0%  0%  0%  0%  0%  0%
[libx264 @ 0x5dbae4e17e80] i4 v,h,dc,ddl,ddr,vr,hd,vl,hu: 39% 30%  9%  4%  2%  2%  4%  4%  5%
[libx264 @ 0x5dbae4e17e80] i8c dc,h,v,p: 82%  9%  8%  1%
[libx264 @ 0x5dbae4e17e80] Weighted P-Frames: Y:0.0% UV:0.0%
[libx264 @ 0x5dbae4e17e80] ref P L0: 95.5%  0.4%  3.2%  0.9%
[libx264 @ 0x5dbae4e17e80] ref B L0: 51.4% 48.6%
[libx264 @ 0x5dbae4e17e80] kb/s:1065.40
ffmpeg version 7.0.2-3ubuntu1 Copyright (c) 2000-2024 the FFmpeg developers
  built with gcc 14 (Ubuntu 14.2.0-2ubuntu1)
  configuration: --prefix=/usr --extra-version=3ubuntu1 --toolchain=hardened --libdir=/usr/lib/x86_64-linux-gnu --incdir=/usr/include/x86_64-linux-gnu --arch=amd64 --enable-gpl --disable-stripping --disable-libmfx --disable-omx --enable-gnutls --enable-libaom --enable-libass --enable-libbs2b --enable-libcdio --enable-libcodec2 --enable-libdav1d --enable-libflite --enable-libfontconfig --enable-libfreetype --enable-libfribidi --enable-libglslang --enable-libgme --enable-libgsm --enable-libharfbuzz --enable-libmp3lame --enable-libmysofa --enable-libopenjpeg --enable-libopenmpt --enable-libopus --enable-librubberband --enable-libshine --enable-libsnappy --enable-libsoxr --enable-libspeex --enable-libtheora --enable-libtwolame --enable-libvidstab --enable-libvorbis --enable-libvpx --enable-libwebp --enable-libx265 --enable-libxml2 --enable-libxvid --enable-libzimg --enable-openal --enable-opencl --enable-opengl --disable-sndio --enable-libvpl --enable-libdc1394 --enable-libdrm --enable-libiec61883 --enable-chromaprint --enable-frei0r --enable-ladspa --enable-libbluray --enable-libcaca --enable-libdvdnav --enable-libdvdread --enable-libjack --enable-libpulse --enable-librabbitmq --enable-librist --enable-libsrt --enable-libssh --enable-libsvtav1 --enable-libx264 --enable-libzmq --enable-libzvbi --enable-lv2 --enable-sdl2 --enable-libplacebo --enable-librav1e --enable-pocketsphinx --enable-librsvg --enable-libjxl --enable-shared
  libavutil      59.  8.100 / 59.  8.100
  libavcodec     61.  3.100 / 61.  3.100
  libavformat    61.  1.100 / 61.  1.100
  libavdevice    61.  1.100 / 61.  1.100
  libavfilter    10.  1.100 / 10.  1.100
  libswscale      8.  1.100 /  8.  1.100
  libswresample   5.  1.100 /  5.  1.100
  libpostproc    58.  1.100 / 58.  1.100
Input #0, concat, from '/home/marco-lasagna/Scaricati/ffmpeg-java/inputFile.txt':
  Duration: N/A, start: 0.000000, bitrate: N/A
  Stream #0:0: Video: mjpeg (Baseline), yuvj420p(pc, bt470bg/unknown/unknown), 4501x4500 [SAR 1:1 DAR 4501:4500], 25 fps, 25 tbr, 25 tbn
Stream mapping:
  Stream #0:0 -> #0:0 (mjpeg (native) -> h264 (libx264))
Press [q] to stop, [?] for help
[swscaler @ 0x70befc016b00] deprecated pixel format used, make sure you did set range correctly
    Last message repeated 1 times
[swscaler @ 0x70befcb407c0] deprecated pixel format used, make sure you did set range correctly
    Last message repeated 1 times
[vost#0:0/libx264 @ 0x5813cba83ac0] No information about the input framerate is available. Falling back to a default value of 25fps. Use the -r option if you want a different framerate.
[libx264 @ 0x5813cba79e80] using SAR=2048/4095
[libx264 @ 0x5813cba79e80] using cpu capabilities: MMX2 SSE2Fast SSSE3 SSE4.2 AVX FMA3 BMI2 AVX2
[libx264 @ 0x5813cba79e80] profile High, level 4.0, 4:2:0, 8-bit
[libx264 @ 0x5813cba79e80] 264 - core 164 r3108 31e19f9 - H.264/MPEG-4 AVC codec - Copyleft 2003-2023 - http://www.videolan.org/x264.html - options: cabac=1 ref=3 deblock=1:0:0 analyse=0x3:0x113 me=hex subme=7 psy=1 psy_rd=1.00:0.00 mixed_ref=1 me_range=16 chroma_me=1 trellis=1 8x8dct=1 cqm=0 deadzone=21,11 fast_pskip=1 chroma_qp_offset=-2 threads=30 lookahead_threads=5 sliced_threads=0 nr=0 decimate=1 interlaced=0 bluray_compat=0 constrained_intra=0 bframes=3 b_pyramid=2 b_adapt=1 b_bias=0 direct=1 weightb=1 open_gop=0 weightp=2 keyint=250 keyint_min=25 scenecut=40 intra_refresh=0 rc_lookahead=40 rc=crf mbtree=1 crf=23.0 qcomp=0.60 qpmin=0 qpmax=69 qpstep=4 ip_ratio=1.40 aq=1:1.00
Output #0, mp4, to './src/test/resources/output/translation/tempVideo/240.mp4':
  Metadata:
    encoder         : Lavf61.1.100
  Stream #0:0: Video: h264 (avc1 / 0x31637661), yuvj420p(pc, progressive), 2048x1024 [SAR 4501:9000 DAR 4501:4500], q=2-31, 25 fps, 12800 tbn
      Metadata:
        encoder         : Lavc61.3.100 libx264
      Side data:
        cpb: bitrate max/min/avg: 0/0/0 buffer size: 0 vbv_delay: N/A
[out#0/mp4 @ 0x5813cba81b40] video:32KiB audio:0KiB subtitle:0KiB other streams:0KiB global headers:0KiB muxing overhead: 2.897262%
frame=    6 fps=0.0 q=-1.0 Lsize=      33KiB time=00:00:00.16 bitrate=1678.1kbits/s dup=0 drop=19 speed=0.655x    
[libx264 @ 0x5813cba79e80] frame I:1     Avg QP:18.42  size: 30007
[libx264 @ 0x5813cba79e80] frame P:2     Avg QP:18.22  size:   560
[libx264 @ 0x5813cba79e80] frame B:3     Avg QP:26.30  size:   266
[libx264 @ 0x5813cba79e80] consecutive B-frames: 16.7% 33.3% 50.0%  0.0%
[libx264 @ 0x5813cba79e80] mb I  I16..4: 25.4% 64.3% 10.3%
[libx264 @ 0x5813cba79e80] mb P  I16..4:  0.1%  0.1%  0.0%  P16..4:  1.3%  0.2%  0.1%  0.0%  0.0%    skip:98.3%
[libx264 @ 0x5813cba79e80] mb B  I16..4:  0.1%  0.0%  0.0%  B16..8:  1.3%  0.1%  0.0%  direct: 0.1%  skip:98.5%  L0:53.0% L1:45.5% BI: 1.4%
[libx264 @ 0x5813cba79e80] 8x8 transform intra:64.2% inter:31.2%
[libx264 @ 0x5813cba79e80] coded y,uvDC,uvAC intra: 5.9% 10.1% 9.1% inter: 0.1% 0.0% 0.0%
[libx264 @ 0x5813cba79e80] i16 v,h,dc,p: 87% 12%  1%  0%
[libx264 @ 0x5813cba79e80] i8 v,h,dc,ddl,ddr,vr,hd,vl,hu: 61%  6% 32%  0%  0%  0%  0%  0%  0%
[libx264 @ 0x5813cba79e80] i4 v,h,dc,ddl,ddr,vr,hd,vl,hu: 40% 30%  9%  4%  2%  2%  4%  4%  5%
[libx264 @ 0x5813cba79e80] i8c dc,h,v,p: 82%  9%  8%  1%
[libx264 @ 0x5813cba79e80] Weighted P-Frames: Y:0.0% UV:0.0%
[libx264 @ 0x5813cba79e80] ref P L0: 96.7%  0.0%  2.6%  0.8%
[libx264 @ 0x5813cba79e80] ref B L0: 47.5% 52.5%
[libx264 @ 0x5813cba79e80] kb/s:1064.23
ffmpeg version 7.0.2-3ubuntu1 Copyright (c) 2000-2024 the FFmpeg developers
  built with gcc 14 (Ubuntu 14.2.0-2ubuntu1)
  configuration: --prefix=/usr --extra-version=3ubuntu1 --toolchain=hardened --libdir=/usr/lib/x86_64-linux-gnu --incdir=/usr/include/x86_64-linux-gnu --arch=amd64 --enable-gpl --disable-stripping --disable-libmfx --disable-omx --enable-gnutls --enable-libaom --enable-libass --enable-libbs2b --enable-libcdio --enable-libcodec2 --enable-libdav1d --enable-libflite --enable-libfontconfig --enable-libfreetype --enable-libfribidi --enable-libglslang --enable-libgme --enable-libgsm --enable-libharfbuzz --enable-libmp3lame --enable-libmysofa --enable-libopenjpeg --enable-libopenmpt --enable-libopus --enable-librubberband --enable-libshine --enable-libsnappy --enable-libsoxr --enable-libspeex --enable-libtheora --enable-libtwolame --enable-libvidstab --enable-libvorbis --enable-libvpx --enable-libwebp --enable-libx265 --enable-libxml2 --enable-libxvid --enable-libzimg --enable-openal --enable-opencl --enable-opengl --disable-sndio --enable-libvpl --enable-libdc1394 --enable-libdrm --enable-libiec61883 --enable-chromaprint --enable-frei0r --enable-ladspa --enable-libbluray --enable-libcaca --enable-libdvdnav --enable-libdvdread --enable-libjack --enable-libpulse --enable-librabbitmq --enable-librist --enable-libsrt --enable-libssh --enable-libsvtav1 --enable-libx264 --enable-libzmq --enable-libzvbi --enable-lv2 --enable-sdl2 --enable-libplacebo --enable-librav1e --enable-pocketsphinx --enable-librsvg --enable-libjxl --enable-shared
  libavutil      59.  8.100 / 59.  8.100
  libavcodec     61.  3.100 / 61.  3.100
  libavformat    61.  1.100 / 61.  1.100
  libavdevice    61.  1.100 / 61.  1.100
  libavfilter    10.  1.100 / 10.  1.100
  libswscale      8.  1.100 /  8.  1.100
  libswresample   5.  1.100 /  5.  1.100
  libpostproc    58.  1.100 / 58.  1.100
Input #0, concat, from '/home/marco-lasagna/Scaricati/ffmpeg-java/inputFile.txt':
  Duration: N/A, start: 0.000000, bitrate: N/A
  Stream #0:0: Video: mjpeg (Baseline), yuvj420p(pc, bt470bg/unknown/unknown), 4501x4500 [SAR 1:1 DAR 4501:4500], 25 fps, 25 tbr, 25 tbn
Stream mapping:
  Stream #0:0 -> #0:0 (mjpeg (native) -> h264 (libx264))
Press [q] to stop, [?] for help
[swscaler @ 0x7e51c4016b00] deprecated pixel format used, make sure you did set range correctly
    Last message repeated 1 times
[swscaler @ 0x7e51c4b407c0] deprecated pixel format used, make sure you did set range correctly
    Last message repeated 1 times
[vost#0:0/libx264 @ 0x6521f4bd2ac0] No information about the input framerate is available. Falling back to a default value of 25fps. Use the -r option if you want a different framerate.
[libx264 @ 0x6521f4bc8e80] using SAR=2048/4095
[libx264 @ 0x6521f4bc8e80] using cpu capabilities: MMX2 SSE2Fast SSSE3 SSE4.2 AVX FMA3 BMI2 AVX2
[libx264 @ 0x6521f4bc8e80] profile High, level 4.0, 4:2:0, 8-bit
[libx264 @ 0x6521f4bc8e80] 264 - core 164 r3108 31e19f9 - H.264/MPEG-4 AVC codec - Copyleft 2003-2023 - http://www.videolan.org/x264.html - options: cabac=1 ref=3 deblock=1:0:0 analyse=0x3:0x113 me=hex subme=7 psy=1 psy_rd=1.00:0.00 mixed_ref=1 me_range=16 chroma_me=1 trellis=1 8x8dct=1 cqm=0 deadzone=21,11 fast_pskip=1 chroma_qp_offset=-2 threads=30 lookahead_threads=5 sliced_threads=0 nr=0 decimate=1 interlaced=0 bluray_compat=0 constrained_intra=0 bframes=3 b_pyramid=2 b_adapt=1 b_bias=0 direct=1 weightb=1 open_gop=0 weightp=2 keyint=250 keyint_min=25 scenecut=40 intra_refresh=0 rc_lookahead=40 rc=crf mbtree=1 crf=23.0 qcomp=0.60 qpmin=0 qpmax=69 qpstep=4 ip_ratio=1.40 aq=1:1.00
Output #0, mp4, to './src/test/resources/output/translation/tempVideo/250.mp4':
  Metadata:
    encoder         : Lavf61.1.100
  Stream #0:0: Video: h264 (avc1 / 0x31637661), yuvj420p(pc, progressive), 2048x1024 [SAR 4501:9000 DAR 4501:4500], q=2-31, 25 fps, 12800 tbn
      Metadata:
        encoder         : Lavc61.3.100 libx264
      Side data:
        cpb: bitrate max/min/avg: 0/0/0 buffer size: 0 vbv_delay: N/A
[out#0/mp4 @ 0x6521f4bd0b40] video:32KiB audio:0KiB subtitle:0KiB other streams:0KiB global headers:0KiB muxing overhead: 2.878026%
frame=    6 fps=0.0 q=-1.0 Lsize=      33KiB time=00:00:00.16 bitrate=1689.0kbits/s dup=0 drop=19 speed=0.653x    
[libx264 @ 0x6521f4bc8e80] frame I:1     Avg QP:18.67  size: 30155
[libx264 @ 0x6521f4bc8e80] frame P:2     Avg QP:18.36  size:   530
[libx264 @ 0x6521f4bc8e80] frame B:3     Avg QP:28.66  size:   310
[libx264 @ 0x6521f4bc8e80] consecutive B-frames: 16.7% 33.3% 50.0%  0.0%
[libx264 @ 0x6521f4bc8e80] mb I  I16..4: 14.5% 75.2% 10.2%
[libx264 @ 0x6521f4bc8e80] mb P  I16..4:  0.1%  0.1%  0.0%  P16..4:  1.3%  0.2%  0.1%  0.0%  0.0%    skip:98.3%
[libx264 @ 0x6521f4bc8e80] mb B  I16..4:  0.0%  0.0%  0.0%  B16..8:  1.3%  0.0%  0.0%  direct: 0.1%  skip:98.6%  L0:56.5% L1:41.9% BI: 1.6%
[libx264 @ 0x6521f4bc8e80] 8x8 transform intra:75.2% inter:31.5%
[libx264 @ 0x6521f4bc8e80] coded y,uvDC,uvAC intra: 5.9% 10.1% 9.1% inter: 0.1% 0.0% 0.0%
[libx264 @ 0x6521f4bc8e80] i16 v,h,dc,p: 80% 19%  1%  0%
[libx264 @ 0x6521f4bc8e80] i8 v,h,dc,ddl,ddr,vr,hd,vl,hu: 44%  7% 49%  0%  0%  0%  0%  0%  0%
[libx264 @ 0x6521f4bc8e80] i4 v,h,dc,ddl,ddr,vr,hd,vl,hu: 39% 30% 10%  4%  2%  2%  4%  4%  5%
[libx264 @ 0x6521f4bc8e80] i8c dc,h,v,p: 82%  9%  8%  1%
[libx264 @ 0x6521f4bc8e80] Weighted P-Frames: Y:0.0% UV:0.0%
[libx264 @ 0x6521f4bc8e80] ref P L0: 97.9%  0.1%  1.1%  0.9%
[libx264 @ 0x6521f4bc8e80] ref B L0: 59.3% 40.7%
[libx264 @ 0x6521f4bc8e80] kb/s:1071.50
ffmpeg version 7.0.2-3ubuntu1 Copyright (c) 2000-2024 the FFmpeg developers
  built with gcc 14 (Ubuntu 14.2.0-2ubuntu1)
  configuration: --prefix=/usr --extra-version=3ubuntu1 --toolchain=hardened --libdir=/usr/lib/x86_64-linux-gnu --incdir=/usr/include/x86_64-linux-gnu --arch=amd64 --enable-gpl --disable-stripping --disable-libmfx --disable-omx --enable-gnutls --enable-libaom --enable-libass --enable-libbs2b --enable-libcdio --enable-libcodec2 --enable-libdav1d --enable-libflite --enable-libfontconfig --enable-libfreetype --enable-libfribidi --enable-libglslang --enable-libgme --enable-libgsm --enable-libharfbuzz --enable-libmp3lame --enable-libmysofa --enable-libopenjpeg --enable-libopenmpt --enable-libopus --enable-librubberband --enable-libshine --enable-libsnappy --enable-libsoxr --enable-libspeex --enable-libtheora --enable-libtwolame --enable-libvidstab --enable-libvorbis --enable-libvpx --enable-libwebp --enable-libx265 --enable-libxml2 --enable-libxvid --enable-libzimg --enable-openal --enable-opencl --enable-opengl --disable-sndio --enable-libvpl --enable-libdc1394 --enable-libdrm --enable-libiec61883 --enable-chromaprint --enable-frei0r --enable-ladspa --enable-libbluray --enable-libcaca --enable-libdvdnav --enable-libdvdread --enable-libjack --enable-libpulse --enable-librabbitmq --enable-librist --enable-libsrt --enable-libssh --enable-libsvtav1 --enable-libx264 --enable-libzmq --enable-libzvbi --enable-lv2 --enable-sdl2 --enable-libplacebo --enable-librav1e --enable-pocketsphinx --enable-librsvg --enable-libjxl --enable-shared
  libavutil      59.  8.100 / 59.  8.100
  libavcodec     61.  3.100 / 61.  3.100
  libavformat    61.  1.100 / 61.  1.100
  libavdevice    61.  1.100 / 61.  1.100
  libavfilter    10.  1.100 / 10.  1.100
  libswscale      8.  1.100 /  8.  1.100
  libswresample   5.  1.100 /  5.  1.100
  libpostproc    58.  1.100 / 58.  1.100
Input #0, concat, from '/home/marco-lasagna/Scaricati/ffmpeg-java/inputFile.txt':
  Duration: N/A, start: 0.000000, bitrate: N/A
  Stream #0:0: Video: mjpeg (Baseline), yuvj420p(pc, bt470bg/unknown/unknown), 4501x4500 [SAR 1:1 DAR 4501:4500], 25 fps, 25 tbr, 25 tbn
Stream mapping:
  Stream #0:0 -> #0:0 (mjpeg (native) -> h264 (libx264))
Press [q] to stop, [?] for help
[swscaler @ 0x7fc3b0016b00] deprecated pixel format used, make sure you did set range correctly
    Last message repeated 1 times
[swscaler @ 0x7fc3b0b407c0] deprecated pixel format used, make sure you did set range correctly
    Last message repeated 1 times
[vost#0:0/libx264 @ 0x6019fec60ac0] No information about the input framerate is available. Falling back to a default value of 25fps. Use the -r option if you want a different framerate.
[libx264 @ 0x6019fec56e80] using SAR=2048/4095
[libx264 @ 0x6019fec56e80] using cpu capabilities: MMX2 SSE2Fast SSSE3 SSE4.2 AVX FMA3 BMI2 AVX2
[libx264 @ 0x6019fec56e80] profile High, level 4.0, 4:2:0, 8-bit
[libx264 @ 0x6019fec56e80] 264 - core 164 r3108 31e19f9 - H.264/MPEG-4 AVC codec - Copyleft 2003-2023 - http://www.videolan.org/x264.html - options: cabac=1 ref=3 deblock=1:0:0 analyse=0x3:0x113 me=hex subme=7 psy=1 psy_rd=1.00:0.00 mixed_ref=1 me_range=16 chroma_me=1 trellis=1 8x8dct=1 cqm=0 deadzone=21,11 fast_pskip=1 chroma_qp_offset=-2 threads=30 lookahead_threads=5 sliced_threads=0 nr=0 decimate=1 interlaced=0 bluray_compat=0 constrained_intra=0 bframes=3 b_pyramid=2 b_adapt=1 b_bias=0 direct=1 weightb=1 open_gop=0 weightp=2 keyint=250 keyint_min=25 scenecut=40 intra_refresh=0 rc_lookahead=40 rc=crf mbtree=1 crf=23.0 qcomp=0.60 qpmin=0 qpmax=69 qpstep=4 ip_ratio=1.40 aq=1:1.00
Output #0, mp4, to './src/test/resources/output/translation/tempVideo/260.mp4':
  Metadata:
    encoder         : Lavf61.1.100
  Stream #0:0: Video: h264 (avc1 / 0x31637661), yuvj420p(pc, progressive), 2048x1024 [SAR 4501:9000 DAR 4501:4500], q=2-31, 25 fps, 12800 tbn
      Metadata:
        encoder         : Lavc61.3.100 libx264
      Side data:
        cpb: bitrate max/min/avg: 0/0/0 buffer size: 0 vbv_delay: N/A
[out#0/mp4 @ 0x6019fec5eb40] video:32KiB audio:0KiB subtitle:0KiB other streams:0KiB global headers:0KiB muxing overhead: 2.915354%
frame=    6 fps=0.0 q=-1.0 Lsize=      33KiB time=00:00:00.16 bitrate=1682.1kbits/s dup=0 drop=19 speed=0.646x    
[libx264 @ 0x6019fec56e80] frame I:1     Avg QP:18.30  size: 30101
[libx264 @ 0x6019fec56e80] frame P:2     Avg QP:18.94  size:   494
[libx264 @ 0x6019fec56e80] frame B:3     Avg QP:21.14  size:   303
[libx264 @ 0x6019fec56e80] consecutive B-frames: 33.3%  0.0%  0.0% 66.7%
[libx264 @ 0x6019fec56e80] mb I  I16..4: 26.0% 63.8% 10.3%
[libx264 @ 0x6019fec56e80] mb P  I16..4:  0.1%  0.1%  0.0%  P16..4:  1.0%  0.1%  0.1%  0.0%  0.0%    skip:98.6%
[libx264 @ 0x6019fec56e80] mb B  I16..4:  0.1%  0.0%  0.0%  B16..8:  1.4%  0.1%  0.0%  direct: 0.0%  skip:98.3%  L0:27.6% L1:71.6% BI: 0.8%
[libx264 @ 0x6019fec56e80] 8x8 transform intra:63.6% inter:22.9%
[libx264 @ 0x6019fec56e80] coded y,uvDC,uvAC intra: 5.9% 10.2% 9.1% inter: 0.1% 0.0% 0.0%
[libx264 @ 0x6019fec56e80] i16 v,h,dc,p: 87% 12%  1%  0%
[libx264 @ 0x6019fec56e80] i8 v,h,dc,ddl,ddr,vr,hd,vl,hu: 43%  6% 50%  0%  0%  0%  0%  0%  0%
[libx264 @ 0x6019fec56e80] i4 v,h,dc,ddl,ddr,vr,hd,vl,hu: 40% 29% 10%  4%  2%  2%  4%  4%  5%
[libx264 @ 0x6019fec56e80] i8c dc,h,v,p: 82%  9%  8%  1%
[libx264 @ 0x6019fec56e80] Weighted P-Frames: Y:0.0% UV:0.0%
[libx264 @ 0x6019fec56e80] ref P L0: 92.4%  0.4%  1.5%  5.7%
[libx264 @ 0x6019fec56e80] ref B L0: 88.0% 12.0%
[libx264 @ 0x6019fec56e80] ref B L1: 94.9%  5.1%
[libx264 @ 0x6019fec56e80] kb/s:1066.63
ffmpeg version 7.0.2-3ubuntu1 Copyright (c) 2000-2024 the FFmpeg developers
  built with gcc 14 (Ubuntu 14.2.0-2ubuntu1)
  configuration: --prefix=/usr --extra-version=3ubuntu1 --toolchain=hardened --libdir=/usr/lib/x86_64-linux-gnu --incdir=/usr/include/x86_64-linux-gnu --arch=amd64 --enable-gpl --disable-stripping --disable-libmfx --disable-omx --enable-gnutls --enable-libaom --enable-libass --enable-libbs2b --enable-libcdio --enable-libcodec2 --enable-libdav1d --enable-libflite --enable-libfontconfig --enable-libfreetype --enable-libfribidi --enable-libglslang --enable-libgme --enable-libgsm --enable-libharfbuzz --enable-libmp3lame --enable-libmysofa --enable-libopenjpeg --enable-libopenmpt --enable-libopus --enable-librubberband --enable-libshine --enable-libsnappy --enable-libsoxr --enable-libspeex --enable-libtheora --enable-libtwolame --enable-libvidstab --enable-libvorbis --enable-libvpx --enable-libwebp --enable-libx265 --enable-libxml2 --enable-libxvid --enable-libzimg --enable-openal --enable-opencl --enable-opengl --disable-sndio --enable-libvpl --enable-libdc1394 --enable-libdrm --enable-libiec61883 --enable-chromaprint --enable-frei0r --enable-ladspa --enable-libbluray --enable-libcaca --enable-libdvdnav --enable-libdvdread --enable-libjack --enable-libpulse --enable-librabbitmq --enable-librist --enable-libsrt --enable-libssh --enable-libsvtav1 --enable-libx264 --enable-libzmq --enable-libzvbi --enable-lv2 --enable-sdl2 --enable-libplacebo --enable-librav1e --enable-pocketsphinx --enable-librsvg --enable-libjxl --enable-shared
  libavutil      59.  8.100 / 59.  8.100
  libavcodec     61.  3.100 / 61.  3.100
  libavformat    61.  1.100 / 61.  1.100
  libavdevice    61.  1.100 / 61.  1.100
  libavfilter    10.  1.100 / 10.  1.100
  libswscale      8.  1.100 /  8.  1.100
  libswresample   5.  1.100 /  5.  1.100
  libpostproc    58.  1.100 / 58.  1.100
Input #0, concat, from '/home/marco-lasagna/Scaricati/ffmpeg-java/inputFile.txt':
  Duration: N/A, start: 0.000000, bitrate: N/A
  Stream #0:0: Video: mjpeg (Baseline), yuvj420p(pc, bt470bg/unknown/unknown), 4501x4500 [SAR 1:1 DAR 4501:4500], 25 fps, 25 tbr, 25 tbn
Stream mapping:
  Stream #0:0 -> #0:0 (mjpeg (native) -> h264 (libx264))
Press [q] to stop, [?] for help
[swscaler @ 0x7fa104016b00] deprecated pixel format used, make sure you did set range correctly
    Last message repeated 1 times
[swscaler @ 0x7fa104b407c0] deprecated pixel format used, make sure you did set range correctly
    Last message repeated 1 times
[vost#0:0/libx264 @ 0x5f5cdef8aac0] No information about the input framerate is available. Falling back to a default value of 25fps. Use the -r option if you want a different framerate.
[libx264 @ 0x5f5cdef80e80] using SAR=2048/4095
[libx264 @ 0x5f5cdef80e80] using cpu capabilities: MMX2 SSE2Fast SSSE3 SSE4.2 AVX FMA3 BMI2 AVX2
[libx264 @ 0x5f5cdef80e80] profile High, level 4.0, 4:2:0, 8-bit
[libx264 @ 0x5f5cdef80e80] 264 - core 164 r3108 31e19f9 - H.264/MPEG-4 AVC codec - Copyleft 2003-2023 - http://www.videolan.org/x264.html - options: cabac=1 ref=3 deblock=1:0:0 analyse=0x3:0x113 me=hex subme=7 psy=1 psy_rd=1.00:0.00 mixed_ref=1 me_range=16 chroma_me=1 trellis=1 8x8dct=1 cqm=0 deadzone=21,11 fast_pskip=1 chroma_qp_offset=-2 threads=30 lookahead_threads=5 sliced_threads=0 nr=0 decimate=1 interlaced=0 bluray_compat=0 constrained_intra=0 bframes=3 b_pyramid=2 b_adapt=1 b_bias=0 direct=1 weightb=1 open_gop=0 weightp=2 keyint=250 keyint_min=25 scenecut=40 intra_refresh=0 rc_lookahead=40 rc=crf mbtree=1 crf=23.0 qcomp=0.60 qpmin=0 qpmax=69 qpstep=4 ip_ratio=1.40 aq=1:1.00
Output #0, mp4, to './src/test/resources/output/translation/tempVideo/270.mp4':
  Metadata:
    encoder         : Lavf61.1.100
  Stream #0:0: Video: h264 (avc1 / 0x31637661), yuvj420p(pc, progressive), 2048x1024 [SAR 4501:9000 DAR 4501:4500], q=2-31, 25 fps, 12800 tbn
      Metadata:
        encoder         : Lavc61.3.100 libx264
      Side data:
        cpb: bitrate max/min/avg: 0/0/0 buffer size: 0 vbv_delay: N/A
[out#0/mp4 @ 0x5f5cdef88b40] video:32KiB audio:0KiB subtitle:0KiB other streams:0KiB global headers:0KiB muxing overhead: 2.906108%
frame=    6 fps=0.0 q=-1.0 Lsize=      33KiB time=00:00:00.16 bitrate=1687.3kbits/s dup=0 drop=19 speed=0.637x    
[libx264 @ 0x5f5cdef80e80] frame I:1     Avg QP:18.65  size: 30150
[libx264 @ 0x5f5cdef80e80] frame P:2     Avg QP:18.57  size:   530
[libx264 @ 0x5f5cdef80e80] frame B:3     Avg QP:19.93  size:   298
[libx264 @ 0x5f5cdef80e80] consecutive B-frames: 33.3%  0.0%  0.0% 66.7%
[libx264 @ 0x5f5cdef80e80] mb I  I16..4: 25.9% 63.8% 10.3%
[libx264 @ 0x5f5cdef80e80] mb P  I16..4:  0.1%  0.1%  0.0%  P16..4:  1.1%  0.2%  0.0%  0.0%  0.0%    skip:98.4%
[libx264 @ 0x5f5cdef80e80] mb B  I16..4:  0.0%  0.0%  0.0%  B16..8:  1.1%  0.1%  0.0%  direct: 0.0%  skip:98.7%  L0:56.3% L1:40.0% BI: 3.7%
[libx264 @ 0x5f5cdef80e80] 8x8 transform intra:63.8% inter:36.9%
[libx264 @ 0x5f5cdef80e80] coded y,uvDC,uvAC intra: 6.0% 10.2% 9.1% inter: 0.1% 0.0% 0.0%
[libx264 @ 0x5f5cdef80e80] i16 v,h,dc,p: 88% 12%  1%  0%
[libx264 @ 0x5f5cdef80e80] i8 v,h,dc,ddl,ddr,vr,hd,vl,hu: 45%  4% 50%  0%  0%  0%  0%  0%  0%
[libx264 @ 0x5f5cdef80e80] i4 v,h,dc,ddl,ddr,vr,hd,vl,hu: 38% 30% 10%  4%  2%  2%  4%  4%  5%
[libx264 @ 0x5f5cdef80e80] i8c dc,h,v,p: 82% 10%  8%  1%
[libx264 @ 0x5f5cdef80e80] Weighted P-Frames: Y:0.0% UV:0.0%
[libx264 @ 0x5f5cdef80e80] ref P L0: 94.6%  0.1%  1.6%  3.7%
[libx264 @ 0x5f5cdef80e80] ref B L0: 93.0%  7.0%
[libx264 @ 0x5f5cdef80e80] ref B L1: 93.4%  6.6%
[libx264 @ 0x5f5cdef80e80] kb/s:1070.10
ffmpeg version 7.0.2-3ubuntu1 Copyright (c) 2000-2024 the FFmpeg developers
  built with gcc 14 (Ubuntu 14.2.0-2ubuntu1)
  configuration: --prefix=/usr --extra-version=3ubuntu1 --toolchain=hardened --libdir=/usr/lib/x86_64-linux-gnu --incdir=/usr/include/x86_64-linux-gnu --arch=amd64 --enable-gpl --disable-stripping --disable-libmfx --disable-omx --enable-gnutls --enable-libaom --enable-libass --enable-libbs2b --enable-libcdio --enable-libcodec2 --enable-libdav1d --enable-libflite --enable-libfontconfig --enable-libfreetype --enable-libfribidi --enable-libglslang --enable-libgme --enable-libgsm --enable-libharfbuzz --enable-libmp3lame --enable-libmysofa --enable-libopenjpeg --enable-libopenmpt --enable-libopus --enable-librubberband --enable-libshine --enable-libsnappy --enable-libsoxr --enable-libspeex --enable-libtheora --enable-libtwolame --enable-libvidstab --enable-libvorbis --enable-libvpx --enable-libwebp --enable-libx265 --enable-libxml2 --enable-libxvid --enable-libzimg --enable-openal --enable-opencl --enable-opengl --disable-sndio --enable-libvpl --enable-libdc1394 --enable-libdrm --enable-libiec61883 --enable-chromaprint --enable-frei0r --enable-ladspa --enable-libbluray --enable-libcaca --enable-libdvdnav --enable-libdvdread --enable-libjack --enable-libpulse --enable-librabbitmq --enable-librist --enable-libsrt --enable-libssh --enable-libsvtav1 --enable-libx264 --enable-libzmq --enable-libzvbi --enable-lv2 --enable-sdl2 --enable-libplacebo --enable-librav1e --enable-pocketsphinx --enable-librsvg --enable-libjxl --enable-shared
  libavutil      59.  8.100 / 59.  8.100
  libavcodec     61.  3.100 / 61.  3.100
  libavformat    61.  1.100 / 61.  1.100
  libavdevice    61.  1.100 / 61.  1.100
  libavfilter    10.  1.100 / 10.  1.100
  libswscale      8.  1.100 /  8.  1.100
  libswresample   5.  1.100 /  5.  1.100
  libpostproc    58.  1.100 / 58.  1.100
Input #0, concat, from '/home/marco-lasagna/Scaricati/ffmpeg-java/inputFile.txt':
  Duration: N/A, start: 0.000000, bitrate: N/A
  Stream #0:0: Video: mjpeg (Baseline), yuvj420p(pc, bt470bg/unknown/unknown), 4501x4500 [SAR 1:1 DAR 4501:4500], 25 fps, 25 tbr, 25 tbn
Stream mapping:
  Stream #0:0 -> #0:0 (mjpeg (native) -> h264 (libx264))
Press [q] to stop, [?] for help
[swscaler @ 0x7f053c016b00] deprecated pixel format used, make sure you did set range correctly
    Last message repeated 1 times
[swscaler @ 0x7f053cb407c0] deprecated pixel format used, make sure you did set range correctly
    Last message repeated 1 times
[vost#0:0/libx264 @ 0x602a84668ac0] No information about the input framerate is available. Falling back to a default value of 25fps. Use the -r option if you want a different framerate.
[libx264 @ 0x602a8465ee80] using SAR=2048/4095
[libx264 @ 0x602a8465ee80] using cpu capabilities: MMX2 SSE2Fast SSSE3 SSE4.2 AVX FMA3 BMI2 AVX2
[libx264 @ 0x602a8465ee80] profile High, level 4.0, 4:2:0, 8-bit
[libx264 @ 0x602a8465ee80] 264 - core 164 r3108 31e19f9 - H.264/MPEG-4 AVC codec - Copyleft 2003-2023 - http://www.videolan.org/x264.html - options: cabac=1 ref=3 deblock=1:0:0 analyse=0x3:0x113 me=hex subme=7 psy=1 psy_rd=1.00:0.00 mixed_ref=1 me_range=16 chroma_me=1 trellis=1 8x8dct=1 cqm=0 deadzone=21,11 fast_pskip=1 chroma_qp_offset=-2 threads=30 lookahead_threads=5 sliced_threads=0 nr=0 decimate=1 interlaced=0 bluray_compat=0 constrained_intra=0 bframes=3 b_pyramid=2 b_adapt=1 b_bias=0 direct=1 weightb=1 open_gop=0 weightp=2 keyint=250 keyint_min=25 scenecut=40 intra_refresh=0 rc_lookahead=40 rc=crf mbtree=1 crf=23.0 qcomp=0.60 qpmin=0 qpmax=69 qpstep=4 ip_ratio=1.40 aq=1:1.00
Output #0, mp4, to './src/test/resources/output/translation/tempVideo/280.mp4':
  Metadata:
    encoder         : Lavf61.1.100
  Stream #0:0: Video: h264 (avc1 / 0x31637661), yuvj420p(pc, progressive), 2048x1024 [SAR 4501:9000 DAR 4501:4500], q=2-31, 25 fps, 12800 tbn
      Metadata:
        encoder         : Lavc61.3.100 libx264
      Side data:
        cpb: bitrate max/min/avg: 0/0/0 buffer size: 0 vbv_delay: N/A
[out#0/mp4 @ 0x602a84666b40] video:32KiB audio:0KiB subtitle:0KiB other streams:0KiB global headers:0KiB muxing overhead: 2.913749%
frame=    6 fps=0.0 q=-1.0 Lsize=      33KiB time=00:00:00.16 bitrate=1683.0kbits/s dup=0 drop=19 speed=0.652x    
[libx264 @ 0x602a8465ee80] frame I:1     Avg QP:18.56  size: 30204
[libx264 @ 0x602a8465ee80] frame P:2     Avg QP:17.00  size:   500
[libx264 @ 0x602a8465ee80] frame B:3     Avg QP:24.04  size:   271
[libx264 @ 0x602a8465ee80] consecutive B-frames: 33.3%  0.0%  0.0% 66.7%
[libx264 @ 0x602a8465ee80] mb I  I16..4: 16.6% 73.1% 10.3%
[libx264 @ 0x602a8465ee80] mb P  I16..4:  0.2%  0.1%  0.0%  P16..4:  0.5%  0.1%  0.1%  0.0%  0.0%    skip:99.0%
[libx264 @ 0x602a8465ee80] mb B  I16..4:  0.0%  0.0%  0.0%  B16..8:  1.0%  0.1%  0.0%  direct: 0.0%  skip:98.8%  L0:51.8% L1:44.4% BI: 3.8%
[libx264 @ 0x602a8465ee80] 8x8 transform intra:72.9% inter:40.0%
[libx264 @ 0x602a8465ee80] coded y,uvDC,uvAC intra: 5.9% 10.2% 9.1% inter: 0.1% 0.0% 0.0%
[libx264 @ 0x602a8465ee80] i16 v,h,dc,p: 81% 18%  1%  0%
[libx264 @ 0x602a8465ee80] i8 v,h,dc,ddl,ddr,vr,hd,vl,hu: 59%  8% 33%  0%  0%  0%  0%  0%  0%
[libx264 @ 0x602a8465ee80] i4 v,h,dc,ddl,ddr,vr,hd,vl,hu: 40% 30%  9%  4%  2%  2%  4%  4%  5%
[libx264 @ 0x602a8465ee80] i8c dc,h,v,p: 82%  9%  8%  1%
[libx264 @ 0x602a8465ee80] Weighted P-Frames: Y:0.0% UV:0.0%
[libx264 @ 0x602a8465ee80] ref P L0: 90.0%  0.5%  4.4%  5.1%
[libx264 @ 0x602a8465ee80] ref B L0: 93.9%  6.1%
[libx264 @ 0x602a8465ee80] ref B L1: 92.9%  7.1%
[libx264 @ 0x602a8465ee80] kb/s:1067.23
ffmpeg version 7.0.2-3ubuntu1 Copyright (c) 2000-2024 the FFmpeg developers
  built with gcc 14 (Ubuntu 14.2.0-2ubuntu1)
  configuration: --prefix=/usr --extra-version=3ubuntu1 --toolchain=hardened --libdir=/usr/lib/x86_64-linux-gnu --incdir=/usr/include/x86_64-linux-gnu --arch=amd64 --enable-gpl --disable-stripping --disable-libmfx --disable-omx --enable-gnutls --enable-libaom --enable-libass --enable-libbs2b --enable-libcdio --enable-libcodec2 --enable-libdav1d --enable-libflite --enable-libfontconfig --enable-libfreetype --enable-libfribidi --enable-libglslang --enable-libgme --enable-libgsm --enable-libharfbuzz --enable-libmp3lame --enable-libmysofa --enable-libopenjpeg --enable-libopenmpt --enable-libopus --enable-librubberband --enable-libshine --enable-libsnappy --enable-libsoxr --enable-libspeex --enable-libtheora --enable-libtwolame --enable-libvidstab --enable-libvorbis --enable-libvpx --enable-libwebp --enable-libx265 --enable-libxml2 --enable-libxvid --enable-libzimg --enable-openal --enable-opencl --enable-opengl --disable-sndio --enable-libvpl --enable-libdc1394 --enable-libdrm --enable-libiec61883 --enable-chromaprint --enable-frei0r --enable-ladspa --enable-libbluray --enable-libcaca --enable-libdvdnav --enable-libdvdread --enable-libjack --enable-libpulse --enable-librabbitmq --enable-librist --enable-libsrt --enable-libssh --enable-libsvtav1 --enable-libx264 --enable-libzmq --enable-libzvbi --enable-lv2 --enable-sdl2 --enable-libplacebo --enable-librav1e --enable-pocketsphinx --enable-librsvg --enable-libjxl --enable-shared
  libavutil      59.  8.100 / 59.  8.100
  libavcodec     61.  3.100 / 61.  3.100
  libavformat    61.  1.100 / 61.  1.100
  libavdevice    61.  1.100 / 61.  1.100
  libavfilter    10.  1.100 / 10.  1.100
  libswscale      8.  1.100 /  8.  1.100
  libswresample   5.  1.100 /  5.  1.100
  libpostproc    58.  1.100 / 58.  1.100
Input #0, concat, from '/home/marco-lasagna/Scaricati/ffmpeg-java/inputFile.txt':
  Duration: N/A, start: 0.000000, bitrate: N/A
  Stream #0:0: Video: mjpeg (Baseline), yuvj420p(pc, bt470bg/unknown/unknown), 4501x4500 [SAR 1:1 DAR 4501:4500], 25 fps, 25 tbr, 25 tbn
Stream mapping:
  Stream #0:0 -> #0:0 (mjpeg (native) -> h264 (libx264))
Press [q] to stop, [?] for help
[swscaler @ 0x709500016b00] deprecated pixel format used, make sure you did set range correctly
    Last message repeated 1 times
[swscaler @ 0x709500b407c0] deprecated pixel format used, make sure you did set range correctly
    Last message repeated 1 times
[vost#0:0/libx264 @ 0x5f5988350ac0] No information about the input framerate is available. Falling back to a default value of 25fps. Use the -r option if you want a different framerate.
[libx264 @ 0x5f5988346e80] using SAR=2048/4095
[libx264 @ 0x5f5988346e80] using cpu capabilities: MMX2 SSE2Fast SSSE3 SSE4.2 AVX FMA3 BMI2 AVX2
[libx264 @ 0x5f5988346e80] profile High, level 4.0, 4:2:0, 8-bit
[libx264 @ 0x5f5988346e80] 264 - core 164 r3108 31e19f9 - H.264/MPEG-4 AVC codec - Copyleft 2003-2023 - http://www.videolan.org/x264.html - options: cabac=1 ref=3 deblock=1:0:0 analyse=0x3:0x113 me=hex subme=7 psy=1 psy_rd=1.00:0.00 mixed_ref=1 me_range=16 chroma_me=1 trellis=1 8x8dct=1 cqm=0 deadzone=21,11 fast_pskip=1 chroma_qp_offset=-2 threads=30 lookahead_threads=5 sliced_threads=0 nr=0 decimate=1 interlaced=0 bluray_compat=0 constrained_intra=0 bframes=3 b_pyramid=2 b_adapt=1 b_bias=0 direct=1 weightb=1 open_gop=0 weightp=2 keyint=250 keyint_min=25 scenecut=40 intra_refresh=0 rc_lookahead=40 rc=crf mbtree=1 crf=23.0 qcomp=0.60 qpmin=0 qpmax=69 qpstep=4 ip_ratio=1.40 aq=1:1.00
Output #0, mp4, to './src/test/resources/output/translation/tempVideo/290.mp4':
  Metadata:
    encoder         : Lavf61.1.100
  Stream #0:0: Video: h264 (avc1 / 0x31637661), yuvj420p(pc, progressive), 2048x1024 [SAR 4501:9000 DAR 4501:4500], q=2-31, 25 fps, 12800 tbn
      Metadata:
        encoder         : Lavc61.3.100 libx264
      Side data:
        cpb: bitrate max/min/avg: 0/0/0 buffer size: 0 vbv_delay: N/A
[out#0/mp4 @ 0x5f598834eb40] video:32KiB audio:0KiB subtitle:0KiB other streams:0KiB global headers:0KiB muxing overhead: 2.914997%
frame=    6 fps=0.0 q=-1.0 Lsize=      33KiB time=00:00:00.16 bitrate=1682.3kbits/s dup=0 drop=19 speed=0.654x    
[libx264 @ 0x5f5988346e80] frame I:1     Avg QP:18.28  size: 30209
[libx264 @ 0x5f5988346e80] frame P:2     Avg QP:17.62  size:   486
[libx264 @ 0x5f5988346e80] frame B:3     Avg QP:24.62  size:   274
[libx264 @ 0x5f5988346e80] consecutive B-frames: 33.3%  0.0%  0.0% 66.7%
[libx264 @ 0x5f5988346e80] mb I  I16..4: 25.8% 63.9% 10.3%
[libx264 @ 0x5f5988346e80] mb P  I16..4:  0.1%  0.1%  0.0%  P16..4:  1.1%  0.2%  0.1%  0.0%  0.0%    skip:98.4%
[libx264 @ 0x5f5988346e80] mb B  I16..4:  0.0%  0.0%  0.0%  B16..8:  1.2%  0.1%  0.0%  direct: 0.0%  skip:98.7%  L0:55.3% L1:42.0% BI: 2.8%
[libx264 @ 0x5f5988346e80] 8x8 transform intra:63.8% inter:30.1%
[libx264 @ 0x5f5988346e80] coded y,uvDC,uvAC intra: 5.9% 10.2% 9.1% inter: 0.1% 0.0% 0.0%
[libx264 @ 0x5f5988346e80] i16 v,h,dc,p: 87% 12%  1%  0%
[libx264 @ 0x5f5988346e80] i8 v,h,dc,ddl,ddr,vr,hd,vl,hu: 53% 13% 33%  0%  0%  0%  0%  0%  0%
[libx264 @ 0x5f5988346e80] i4 v,h,dc,ddl,ddr,vr,hd,vl,hu: 39% 29% 10%  4%  2%  2%  4%  4%  5%
[libx264 @ 0x5f5988346e80] i8c dc,h,v,p: 82% 10%  8%  1%
[libx264 @ 0x5f5988346e80] Weighted P-Frames: Y:0.0% UV:0.0%
[libx264 @ 0x5f5988346e80] ref P L0: 94.1%  0.2%  1.5%  4.2%
[libx264 @ 0x5f5988346e80] ref B L0: 92.1%  7.9%
[libx264 @ 0x5f5988346e80] ref B L1: 93.6%  6.4%
[libx264 @ 0x5f5988346e80] kb/s:1066.77
ffmpeg version 7.0.2-3ubuntu1 Copyright (c) 2000-2024 the FFmpeg developers
  built with gcc 14 (Ubuntu 14.2.0-2ubuntu1)
  configuration: --prefix=/usr --extra-version=3ubuntu1 --toolchain=hardened --libdir=/usr/lib/x86_64-linux-gnu --incdir=/usr/include/x86_64-linux-gnu --arch=amd64 --enable-gpl --disable-stripping --disable-libmfx --disable-omx --enable-gnutls --enable-libaom --enable-libass --enable-libbs2b --enable-libcdio --enable-libcodec2 --enable-libdav1d --enable-libflite --enable-libfontconfig --enable-libfreetype --enable-libfribidi --enable-libglslang --enable-libgme --enable-libgsm --enable-libharfbuzz --enable-libmp3lame --enable-libmysofa --enable-libopenjpeg --enable-libopenmpt --enable-libopus --enable-librubberband --enable-libshine --enable-libsnappy --enable-libsoxr --enable-libspeex --enable-libtheora --enable-libtwolame --enable-libvidstab --enable-libvorbis --enable-libvpx --enable-libwebp --enable-libx265 --enable-libxml2 --enable-libxvid --enable-libzimg --enable-openal --enable-opencl --enable-opengl --disable-sndio --enable-libvpl --enable-libdc1394 --enable-libdrm --enable-libiec61883 --enable-chromaprint --enable-frei0r --enable-ladspa --enable-libbluray --enable-libcaca --enable-libdvdnav --enable-libdvdread --enable-libjack --enable-libpulse --enable-librabbitmq --enable-librist --enable-libsrt --enable-libssh --enable-libsvtav1 --enable-libx264 --enable-libzmq --enable-libzvbi --enable-lv2 --enable-sdl2 --enable-libplacebo --enable-librav1e --enable-pocketsphinx --enable-librsvg --enable-libjxl --enable-shared
  libavutil      59.  8.100 / 59.  8.100
  libavcodec     61.  3.100 / 61.  3.100
  libavformat    61.  1.100 / 61.  1.100
  libavdevice    61.  1.100 / 61.  1.100
  libavfilter    10.  1.100 / 10.  1.100
  libswscale      8.  1.100 /  8.  1.100
  libswresample   5.  1.100 /  5.  1.100
  libpostproc    58.  1.100 / 58.  1.100
Input #0, concat, from '/home/marco-lasagna/Scaricati/ffmpeg-java/inputFile.txt':
  Duration: N/A, start: 0.000000, bitrate: N/A
  Stream #0:0: Video: mjpeg (Baseline), yuvj420p(pc, bt470bg/unknown/unknown), 4501x4500 [SAR 1:1 DAR 4501:4500], 25 fps, 25 tbr, 25 tbn
Stream mapping:
  Stream #0:0 -> #0:0 (mjpeg (native) -> h264 (libx264))
Press [q] to stop, [?] for help
[swscaler @ 0x7d60e8016b00] deprecated pixel format used, make sure you did set range correctly
    Last message repeated 1 times
[swscaler @ 0x7d60e8b407c0] deprecated pixel format used, make sure you did set range correctly
    Last message repeated 1 times
[vost#0:0/libx264 @ 0x5eea8cdb9ac0] No information about the input framerate is available. Falling back to a default value of 25fps. Use the -r option if you want a different framerate.
[libx264 @ 0x5eea8cdafe80] using SAR=2048/4095
[libx264 @ 0x5eea8cdafe80] using cpu capabilities: MMX2 SSE2Fast SSSE3 SSE4.2 AVX FMA3 BMI2 AVX2
[libx264 @ 0x5eea8cdafe80] profile High, level 4.0, 4:2:0, 8-bit
[libx264 @ 0x5eea8cdafe80] 264 - core 164 r3108 31e19f9 - H.264/MPEG-4 AVC codec - Copyleft 2003-2023 - http://www.videolan.org/x264.html - options: cabac=1 ref=3 deblock=1:0:0 analyse=0x3:0x113 me=hex subme=7 psy=1 psy_rd=1.00:0.00 mixed_ref=1 me_range=16 chroma_me=1 trellis=1 8x8dct=1 cqm=0 deadzone=21,11 fast_pskip=1 chroma_qp_offset=-2 threads=30 lookahead_threads=5 sliced_threads=0 nr=0 decimate=1 interlaced=0 bluray_compat=0 constrained_intra=0 bframes=3 b_pyramid=2 b_adapt=1 b_bias=0 direct=1 weightb=1 open_gop=0 weightp=2 keyint=250 keyint_min=25 scenecut=40 intra_refresh=0 rc_lookahead=40 rc=crf mbtree=1 crf=23.0 qcomp=0.60 qpmin=0 qpmax=69 qpstep=4 ip_ratio=1.40 aq=1:1.00
Output #0, mp4, to './src/test/resources/output/translation/tempVideo/300.mp4':
  Metadata:
    encoder         : Lavf61.1.100
  Stream #0:0: Video: h264 (avc1 / 0x31637661), yuvj420p(pc, progressive), 2048x1024 [SAR 4501:9000 DAR 4501:4500], q=2-31, 25 fps, 12800 tbn
      Metadata:
        encoder         : Lavc61.3.100 libx264
      Side data:
        cpb: bitrate max/min/avg: 0/0/0 buffer size: 0 vbv_delay: N/A
[out#0/mp4 @ 0x5eea8cdb7b40] video:32KiB audio:0KiB subtitle:0KiB other streams:0KiB global headers:0KiB muxing overhead: 2.922596%
frame=    6 fps=0.0 q=-1.0 Lsize=      33KiB time=00:00:00.16 bitrate=1678.0kbits/s dup=0 drop=19 speed=0.619x    
[libx264 @ 0x5eea8cdafe80] frame I:1     Avg QP:18.56  size: 30286
[libx264 @ 0x5eea8cdafe80] frame P:2     Avg QP:17.34  size:   438
[libx264 @ 0x5eea8cdafe80] frame B:3     Avg QP:14.10  size:   252
[libx264 @ 0x5eea8cdafe80] consecutive B-frames: 33.3%  0.0%  0.0% 66.7%
[libx264 @ 0x5eea8cdafe80] mb I  I16..4: 25.8% 63.8% 10.4%
[libx264 @ 0x5eea8cdafe80] mb P  I16..4:  0.1%  0.1%  0.0%  P16..4:  1.2%  0.2%  0.0%  0.0%  0.0%    skip:98.4%
[libx264 @ 0x5eea8cdafe80] mb B  I16..4:  0.0%  0.0%  0.0%  B16..8:  1.2%  0.0%  0.0%  direct: 0.0%  skip:98.6%  L0:57.9% L1:38.6% BI: 3.6%
[libx264 @ 0x5eea8cdafe80] 8x8 transform intra:63.7% inter:53.6%
[libx264 @ 0x5eea8cdafe80] coded y,uvDC,uvAC intra: 6.0% 10.2% 9.1% inter: 0.1% 0.0% 0.0%
[libx264 @ 0x5eea8cdafe80] i16 v,h,dc,p: 87% 12%  1%  0%
[libx264 @ 0x5eea8cdafe80] i8 v,h,dc,ddl,ddr,vr,hd,vl,hu: 59%  7% 33%  0%  0%  0%  0%  0%  0%
[libx264 @ 0x5eea8cdafe80] i4 v,h,dc,ddl,ddr,vr,hd,vl,hu: 38% 30% 10%  4%  2%  2%  4%  4%  5%
[libx264 @ 0x5eea8cdafe80] i8c dc,h,v,p: 82% 10%  8%  1%
[libx264 @ 0x5eea8cdafe80] Weighted P-Frames: Y:0.0% UV:0.0%
[libx264 @ 0x5eea8cdafe80] ref P L0: 91.4%  0.7%  2.2%  5.7%
[libx264 @ 0x5eea8cdafe80] ref B L0: 92.4%  7.6%
[libx264 @ 0x5eea8cdafe80] ref B L1: 99.3%  0.7%
[libx264 @ 0x5eea8cdafe80] kb/s:1063.93
ffmpeg version 7.0.2-3ubuntu1 Copyright (c) 2000-2024 the FFmpeg developers
  built with gcc 14 (Ubuntu 14.2.0-2ubuntu1)
  configuration: --prefix=/usr --extra-version=3ubuntu1 --toolchain=hardened --libdir=/usr/lib/x86_64-linux-gnu --incdir=/usr/include/x86_64-linux-gnu --arch=amd64 --enable-gpl --disable-stripping --disable-libmfx --disable-omx --enable-gnutls --enable-libaom --enable-libass --enable-libbs2b --enable-libcdio --enable-libcodec2 --enable-libdav1d --enable-libflite --enable-libfontconfig --enable-libfreetype --enable-libfribidi --enable-libglslang --enable-libgme --enable-libgsm --enable-libharfbuzz --enable-libmp3lame --enable-libmysofa --enable-libopenjpeg --enable-libopenmpt --enable-libopus --enable-librubberband --enable-libshine --enable-libsnappy --enable-libsoxr --enable-libspeex --enable-libtheora --enable-libtwolame --enable-libvidstab --enable-libvorbis --enable-libvpx --enable-libwebp --enable-libx265 --enable-libxml2 --enable-libxvid --enable-libzimg --enable-openal --enable-opencl --enable-opengl --disable-sndio --enable-libvpl --enable-libdc1394 --enable-libdrm --enable-libiec61883 --enable-chromaprint --enable-frei0r --enable-ladspa --enable-libbluray --enable-libcaca --enable-libdvdnav --enable-libdvdread --enable-libjack --enable-libpulse --enable-librabbitmq --enable-librist --enable-libsrt --enable-libssh --enable-libsvtav1 --enable-libx264 --enable-libzmq --enable-libzvbi --enable-lv2 --enable-sdl2 --enable-libplacebo --enable-librav1e --enable-pocketsphinx --enable-librsvg --enable-libjxl --enable-shared
  libavutil      59.  8.100 / 59.  8.100
  libavcodec     61.  3.100 / 61.  3.100
  libavformat    61.  1.100 / 61.  1.100
  libavdevice    61.  1.100 / 61.  1.100
  libavfilter    10.  1.100 / 10.  1.100
  libswscale      8.  1.100 /  8.  1.100
  libswresample   5.  1.100 /  5.  1.100
  libpostproc    58.  1.100 / 58.  1.100
Input #0, concat, from '/home/marco-lasagna/Scaricati/ffmpeg-java/inputFile.txt':
  Duration: N/A, start: 0.000000, bitrate: N/A
  Stream #0:0: Video: mjpeg (Baseline), yuvj420p(pc, bt470bg/unknown/unknown), 4501x4500 [SAR 1:1 DAR 4501:4500], 25 fps, 25 tbr, 25 tbn
Stream mapping:
  Stream #0:0 -> #0:0 (mjpeg (native) -> h264 (libx264))
Press [q] to stop, [?] for help
[swscaler @ 0x7ca09c016b00] deprecated pixel format used, make sure you did set range correctly
    Last message repeated 1 times
[swscaler @ 0x7ca09cb407c0] deprecated pixel format used, make sure you did set range correctly
    Last message repeated 1 times
[vost#0:0/libx264 @ 0x56c6e37c0ac0] No information about the input framerate is available. Falling back to a default value of 25fps. Use the -r option if you want a different framerate.
[libx264 @ 0x56c6e37b6e80] using SAR=2048/4095
[libx264 @ 0x56c6e37b6e80] using cpu capabilities: MMX2 SSE2Fast SSSE3 SSE4.2 AVX FMA3 BMI2 AVX2
[libx264 @ 0x56c6e37b6e80] profile High, level 4.0, 4:2:0, 8-bit
[libx264 @ 0x56c6e37b6e80] 264 - core 164 r3108 31e19f9 - H.264/MPEG-4 AVC codec - Copyleft 2003-2023 - http://www.videolan.org/x264.html - options: cabac=1 ref=3 deblock=1:0:0 analyse=0x3:0x113 me=hex subme=7 psy=1 psy_rd=1.00:0.00 mixed_ref=1 me_range=16 chroma_me=1 trellis=1 8x8dct=1 cqm=0 deadzone=21,11 fast_pskip=1 chroma_qp_offset=-2 threads=30 lookahead_threads=5 sliced_threads=0 nr=0 decimate=1 interlaced=0 bluray_compat=0 constrained_intra=0 bframes=3 b_pyramid=2 b_adapt=1 b_bias=0 direct=1 weightb=1 open_gop=0 weightp=2 keyint=250 keyint_min=25 scenecut=40 intra_refresh=0 rc_lookahead=40 rc=crf mbtree=1 crf=23.0 qcomp=0.60 qpmin=0 qpmax=69 qpstep=4 ip_ratio=1.40 aq=1:1.00
Output #0, mp4, to './src/test/resources/output/translation/tempVideo/310.mp4':
  Metadata:
    encoder         : Lavf61.1.100
  Stream #0:0: Video: h264 (avc1 / 0x31637661), yuvj420p(pc, progressive), 2048x1024 [SAR 4501:9000 DAR 4501:4500], q=2-31, 25 fps, 12800 tbn
      Metadata:
        encoder         : Lavc61.3.100 libx264
      Side data:
        cpb: bitrate max/min/avg: 0/0/0 buffer size: 0 vbv_delay: N/A
[out#0/mp4 @ 0x56c6e37beb40] video:32KiB audio:0KiB subtitle:0KiB other streams:0KiB global headers:0KiB muxing overhead: 2.909304%
frame=    6 fps=0.0 q=-1.0 Lsize=      33KiB time=00:00:00.16 bitrate=1671.3kbits/s dup=0 drop=19 speed=0.631x    
[libx264 @ 0x56c6e37b6e80] frame I:1     Avg QP:18.51  size: 30287
[libx264 @ 0x56c6e37b6e80] frame P:2     Avg QP:18.00  size:   399
[libx264 @ 0x56c6e37b6e80] frame B:3     Avg QP:26.65  size:   236
[libx264 @ 0x56c6e37b6e80] consecutive B-frames: 16.7% 33.3% 50.0%  0.0%
[libx264 @ 0x56c6e37b6e80] mb I  I16..4: 25.4% 64.3% 10.3%
[libx264 @ 0x56c6e37b6e80] mb P  I16..4:  0.1%  0.1%  0.0%  P16..4:  1.4%  0.2%  0.1%  0.0%  0.0%    skip:98.2%
[libx264 @ 0x56c6e37b6e80] mb B  I16..4:  0.0%  0.0%  0.0%  B16..8:  1.4%  0.1%  0.0%  direct: 0.0%  skip:98.5%  L0:49.4% L1:48.2% BI: 2.4%
[libx264 @ 0x56c6e37b6e80] 8x8 transform intra:64.2% inter:41.2%
[libx264 @ 0x56c6e37b6e80] coded y,uvDC,uvAC intra: 6.0% 10.1% 9.1% inter: 0.1% 0.0% 0.0%
[libx264 @ 0x56c6e37b6e80] i16 v,h,dc,p: 88% 12%  1%  0%
[libx264 @ 0x56c6e37b6e80] i8 v,h,dc,ddl,ddr,vr,hd,vl,hu: 61%  6% 32%  0%  0%  0%  0%  0%  0%
[libx264 @ 0x56c6e37b6e80] i4 v,h,dc,ddl,ddr,vr,hd,vl,hu: 40% 30%  9%  4%  2%  2%  4%  4%  5%
[libx264 @ 0x56c6e37b6e80] i8c dc,h,v,p: 82%  9%  8%  1%
[libx264 @ 0x56c6e37b6e80] Weighted P-Frames: Y:0.0% UV:0.0%
[libx264 @ 0x56c6e37b6e80] ref P L0: 96.0%  0.4%  2.9%  0.7%
[libx264 @ 0x56c6e37b6e80] ref B L0: 49.3% 50.7%
[libx264 @ 0x56c6e37b6e80] kb/s:1059.73
ffmpeg version 7.0.2-3ubuntu1 Copyright (c) 2000-2024 the FFmpeg developers
  built with gcc 14 (Ubuntu 14.2.0-2ubuntu1)
  configuration: --prefix=/usr --extra-version=3ubuntu1 --toolchain=hardened --libdir=/usr/lib/x86_64-linux-gnu --incdir=/usr/include/x86_64-linux-gnu --arch=amd64 --enable-gpl --disable-stripping --disable-libmfx --disable-omx --enable-gnutls --enable-libaom --enable-libass --enable-libbs2b --enable-libcdio --enable-libcodec2 --enable-libdav1d --enable-libflite --enable-libfontconfig --enable-libfreetype --enable-libfribidi --enable-libglslang --enable-libgme --enable-libgsm --enable-libharfbuzz --enable-libmp3lame --enable-libmysofa --enable-libopenjpeg --enable-libopenmpt --enable-libopus --enable-librubberband --enable-libshine --enable-libsnappy --enable-libsoxr --enable-libspeex --enable-libtheora --enable-libtwolame --enable-libvidstab --enable-libvorbis --enable-libvpx --enable-libwebp --enable-libx265 --enable-libxml2 --enable-libxvid --enable-libzimg --enable-openal --enable-opencl --enable-opengl --disable-sndio --enable-libvpl --enable-libdc1394 --enable-libdrm --enable-libiec61883 --enable-chromaprint --enable-frei0r --enable-ladspa --enable-libbluray --enable-libcaca --enable-libdvdnav --enable-libdvdread --enable-libjack --enable-libpulse --enable-librabbitmq --enable-librist --enable-libsrt --enable-libssh --enable-libsvtav1 --enable-libx264 --enable-libzmq --enable-libzvbi --enable-lv2 --enable-sdl2 --enable-libplacebo --enable-librav1e --enable-pocketsphinx --enable-librsvg --enable-libjxl --enable-shared
  libavutil      59.  8.100 / 59.  8.100
  libavcodec     61.  3.100 / 61.  3.100
  libavformat    61.  1.100 / 61.  1.100
  libavdevice    61.  1.100 / 61.  1.100
  libavfilter    10.  1.100 / 10.  1.100
  libswscale      8.  1.100 /  8.  1.100
  libswresample   5.  1.100 /  5.  1.100
  libpostproc    58.  1.100 / 58.  1.100
Input #0, concat, from '/home/marco-lasagna/Scaricati/ffmpeg-java/inputFile.txt':
  Duration: N/A, start: 0.000000, bitrate: N/A
  Stream #0:0: Video: mjpeg (Baseline), yuvj420p(pc, bt470bg/unknown/unknown), 4501x4500 [SAR 1:1 DAR 4501:4500], 25 fps, 25 tbr, 25 tbn
Stream mapping:
  Stream #0:0 -> #0:0 (mjpeg (native) -> h264 (libx264))
Press [q] to stop, [?] for help
[swscaler @ 0x75c4d4016b00] deprecated pixel format used, make sure you did set range correctly
    Last message repeated 1 times
[swscaler @ 0x75c4d4b407c0] deprecated pixel format used, make sure you did set range correctly
    Last message repeated 1 times
[vost#0:0/libx264 @ 0x616a6a13cac0] No information about the input framerate is available. Falling back to a default value of 25fps. Use the -r option if you want a different framerate.
[libx264 @ 0x616a6a132e80] using SAR=2048/4095
[libx264 @ 0x616a6a132e80] using cpu capabilities: MMX2 SSE2Fast SSSE3 SSE4.2 AVX FMA3 BMI2 AVX2
[libx264 @ 0x616a6a132e80] profile High, level 4.0, 4:2:0, 8-bit
[libx264 @ 0x616a6a132e80] 264 - core 164 r3108 31e19f9 - H.264/MPEG-4 AVC codec - Copyleft 2003-2023 - http://www.videolan.org/x264.html - options: cabac=1 ref=3 deblock=1:0:0 analyse=0x3:0x113 me=hex subme=7 psy=1 psy_rd=1.00:0.00 mixed_ref=1 me_range=16 chroma_me=1 trellis=1 8x8dct=1 cqm=0 deadzone=21,11 fast_pskip=1 chroma_qp_offset=-2 threads=30 lookahead_threads=5 sliced_threads=0 nr=0 decimate=1 interlaced=0 bluray_compat=0 constrained_intra=0 bframes=3 b_pyramid=2 b_adapt=1 b_bias=0 direct=1 weightb=1 open_gop=0 weightp=2 keyint=250 keyint_min=25 scenecut=40 intra_refresh=0 rc_lookahead=40 rc=crf mbtree=1 crf=23.0 qcomp=0.60 qpmin=0 qpmax=69 qpstep=4 ip_ratio=1.40 aq=1:1.00
Output #0, mp4, to './src/test/resources/output/translation/tempVideo/320.mp4':
  Metadata:
    encoder         : Lavf61.1.100
  Stream #0:0: Video: h264 (avc1 / 0x31637661), yuvj420p(pc, progressive), 2048x1024 [SAR 4501:9000 DAR 4501:4500], q=2-31, 25 fps, 12800 tbn
      Metadata:
        encoder         : Lavc61.3.100 libx264
      Side data:
        cpb: bitrate max/min/avg: 0/0/0 buffer size: 0 vbv_delay: N/A
[out#0/mp4 @ 0x616a6a13ab40] video:32KiB audio:0KiB subtitle:0KiB other streams:0KiB global headers:0KiB muxing overhead: 2.915265%
frame=    6 fps=0.0 q=-1.0 Lsize=      33KiB time=00:00:00.16 bitrate=1682.2kbits/s dup=0 drop=19 speed=0.658x    
[libx264 @ 0x616a6a132e80] frame I:1     Avg QP:18.33  size: 30331
[libx264 @ 0x616a6a132e80] frame P:2     Avg QP:19.38  size:   434
[libx264 @ 0x616a6a132e80] frame B:3     Avg QP:20.44  size:   267
[libx264 @ 0x616a6a132e80] consecutive B-frames: 33.3%  0.0%  0.0% 66.7%
[libx264 @ 0x616a6a132e80] mb I  I16..4: 24.9% 64.7% 10.4%
[libx264 @ 0x616a6a132e80] mb P  I16..4:  0.1%  0.1%  0.0%  P16..4:  1.3%  0.2%  0.1%  0.0%  0.0%    skip:98.2%
[libx264 @ 0x616a6a132e80] mb B  I16..4:  0.0%  0.0%  0.0%  B16..8:  1.2%  0.1%  0.0%  direct: 0.0%  skip:98.6%  L0:30.2% L1:68.1% BI: 1.7%
[libx264 @ 0x616a6a132e80] 8x8 transform intra:64.6% inter:31.0%
[libx264 @ 0x616a6a132e80] coded y,uvDC,uvAC intra: 6.0% 10.1% 9.1% inter: 0.1% 0.0% 0.0%
[libx264 @ 0x616a6a132e80] i16 v,h,dc,p: 87% 12%  1%  0%
[libx264 @ 0x616a6a132e80] i8 v,h,dc,ddl,ddr,vr,hd,vl,hu: 61%  6% 32%  0%  0%  0%  0%  0%  0%
[libx264 @ 0x616a6a132e80] i4 v,h,dc,ddl,ddr,vr,hd,vl,hu: 40% 30%  9%  4%  2%  2%  4%  4%  5%
[libx264 @ 0x616a6a132e80] i8c dc,h,v,p: 82%  9%  8%  1%
[libx264 @ 0x616a6a132e80] Weighted P-Frames: Y:0.0% UV:0.0%
[libx264 @ 0x616a6a132e80] ref P L0: 95.1%  0.0%  3.5%  1.4%
[libx264 @ 0x616a6a132e80] ref B L0: 81.3% 18.7%
[libx264 @ 0x616a6a132e80] ref B L1: 99.6%  0.4%
[libx264 @ 0x616a6a132e80] kb/s:1066.67
ffmpeg version 7.0.2-3ubuntu1 Copyright (c) 2000-2024 the FFmpeg developers
  built with gcc 14 (Ubuntu 14.2.0-2ubuntu1)
  configuration: --prefix=/usr --extra-version=3ubuntu1 --toolchain=hardened --libdir=/usr/lib/x86_64-linux-gnu --incdir=/usr/include/x86_64-linux-gnu --arch=amd64 --enable-gpl --disable-stripping --disable-libmfx --disable-omx --enable-gnutls --enable-libaom --enable-libass --enable-libbs2b --enable-libcdio --enable-libcodec2 --enable-libdav1d --enable-libflite --enable-libfontconfig --enable-libfreetype --enable-libfribidi --enable-libglslang --enable-libgme --enable-libgsm --enable-libharfbuzz --enable-libmp3lame --enable-libmysofa --enable-libopenjpeg --enable-libopenmpt --enable-libopus --enable-librubberband --enable-libshine --enable-libsnappy --enable-libsoxr --enable-libspeex --enable-libtheora --enable-libtwolame --enable-libvidstab --enable-libvorbis --enable-libvpx --enable-libwebp --enable-libx265 --enable-libxml2 --enable-libxvid --enable-libzimg --enable-openal --enable-opencl --enable-opengl --disable-sndio --enable-libvpl --enable-libdc1394 --enable-libdrm --enable-libiec61883 --enable-chromaprint --enable-frei0r --enable-ladspa --enable-libbluray --enable-libcaca --enable-libdvdnav --enable-libdvdread --enable-libjack --enable-libpulse --enable-librabbitmq --enable-librist --enable-libsrt --enable-libssh --enable-libsvtav1 --enable-libx264 --enable-libzmq --enable-libzvbi --enable-lv2 --enable-sdl2 --enable-libplacebo --enable-librav1e --enable-pocketsphinx --enable-librsvg --enable-libjxl --enable-shared
  libavutil      59.  8.100 / 59.  8.100
  libavcodec     61.  3.100 / 61.  3.100
  libavformat    61.  1.100 / 61.  1.100
  libavdevice    61.  1.100 / 61.  1.100
  libavfilter    10.  1.100 / 10.  1.100
  libswscale      8.  1.100 /  8.  1.100
  libswresample   5.  1.100 /  5.  1.100
  libpostproc    58.  1.100 / 58.  1.100
Input #0, concat, from '/home/marco-lasagna/Scaricati/ffmpeg-java/inputFile.txt':
  Duration: N/A, start: 0.000000, bitrate: N/A
  Stream #0:0: Video: mjpeg (Baseline), yuvj420p(pc, bt470bg/unknown/unknown), 4501x4500 [SAR 1:1 DAR 4501:4500], 25 fps, 25 tbr, 25 tbn
Stream mapping:
  Stream #0:0 -> #0:0 (mjpeg (native) -> h264 (libx264))
Press [q] to stop, [?] for help
[swscaler @ 0x75a5e4016b00] deprecated pixel format used, make sure you did set range correctly
    Last message repeated 1 times
[swscaler @ 0x75a5e4b407c0] deprecated pixel format used, make sure you did set range correctly
    Last message repeated 1 times
[vost#0:0/libx264 @ 0x5d2ea89d0ac0] No information about the input framerate is available. Falling back to a default value of 25fps. Use the -r option if you want a different framerate.
[libx264 @ 0x5d2ea89c6e80] using SAR=2048/4095
[libx264 @ 0x5d2ea89c6e80] using cpu capabilities: MMX2 SSE2Fast SSSE3 SSE4.2 AVX FMA3 BMI2 AVX2
[libx264 @ 0x5d2ea89c6e80] profile High, level 4.0, 4:2:0, 8-bit
[libx264 @ 0x5d2ea89c6e80] 264 - core 164 r3108 31e19f9 - H.264/MPEG-4 AVC codec - Copyleft 2003-2023 - http://www.videolan.org/x264.html - options: cabac=1 ref=3 deblock=1:0:0 analyse=0x3:0x113 me=hex subme=7 psy=1 psy_rd=1.00:0.00 mixed_ref=1 me_range=16 chroma_me=1 trellis=1 8x8dct=1 cqm=0 deadzone=21,11 fast_pskip=1 chroma_qp_offset=-2 threads=30 lookahead_threads=5 sliced_threads=0 nr=0 decimate=1 interlaced=0 bluray_compat=0 constrained_intra=0 bframes=3 b_pyramid=2 b_adapt=1 b_bias=0 direct=1 weightb=1 open_gop=0 weightp=2 keyint=250 keyint_min=25 scenecut=40 intra_refresh=0 rc_lookahead=40 rc=crf mbtree=1 crf=23.0 qcomp=0.60 qpmin=0 qpmax=69 qpstep=4 ip_ratio=1.40 aq=1:1.00
Output #0, mp4, to './src/test/resources/output/translation/tempVideo/330.mp4':
  Metadata:
    encoder         : Lavf61.1.100
  Stream #0:0: Video: h264 (avc1 / 0x31637661), yuvj420p(pc, progressive), 2048x1024 [SAR 4501:9000 DAR 4501:4500], q=2-31, 25 fps, 12800 tbn
      Metadata:
        encoder         : Lavc61.3.100 libx264
      Side data:
        cpb: bitrate max/min/avg: 0/0/0 buffer size: 0 vbv_delay: N/A
[out#0/mp4 @ 0x5d2ea89ceb40] video:32KiB audio:0KiB subtitle:0KiB other streams:0KiB global headers:0KiB muxing overhead: 2.916692%
frame=    6 fps=0.0 q=-1.0 Lsize=      33KiB time=00:00:00.16 bitrate=1681.3kbits/s dup=0 drop=19 speed=0.659x    
[libx264 @ 0x5d2ea89c6e80] frame I:1     Avg QP:18.47  size: 30305
[libx264 @ 0x5d2ea89c6e80] frame P:2     Avg QP:17.10  size:   427
[libx264 @ 0x5d2ea89c6e80] frame B:3     Avg QP:32.88  size:   275
[libx264 @ 0x5d2ea89c6e80] consecutive B-frames: 33.3%  0.0%  0.0% 66.7%
[libx264 @ 0x5d2ea89c6e80] mb I  I16..4: 26.0% 63.6% 10.4%
[libx264 @ 0x5d2ea89c6e80] mb P  I16..4:  0.1%  0.2%  0.0%  P16..4:  1.6%  0.2%  0.0%  0.0%  0.0%    skip:97.9%
[libx264 @ 0x5d2ea89c6e80] mb B  I16..4:  0.0%  0.0%  0.0%  B16..8:  1.4%  0.1%  0.0%  direct: 0.0%  skip:98.4%  L0:42.4% L1:55.7% BI: 1.9%
[libx264 @ 0x5d2ea89c6e80] 8x8 transform intra:63.6% inter:39.3%
[libx264 @ 0x5d2ea89c6e80] coded y,uvDC,uvAC intra: 6.0% 10.2% 9.1% inter: 0.1% 0.0% 0.0%
[libx264 @ 0x5d2ea89c6e80] i16 v,h,dc,p: 88% 11%  1%  0%
[libx264 @ 0x5d2ea89c6e80] i8 v,h,dc,ddl,ddr,vr,hd,vl,hu: 45%  4% 50%  0%  0%  0%  0%  0%  0%
[libx264 @ 0x5d2ea89c6e80] i4 v,h,dc,ddl,ddr,vr,hd,vl,hu: 39% 29% 10%  4%  2%  2%  4%  4%  5%
[libx264 @ 0x5d2ea89c6e80] i8c dc,h,v,p: 82%  9%  8%  1%
[libx264 @ 0x5d2ea89c6e80] Weighted P-Frames: Y:0.0% UV:0.0%
[libx264 @ 0x5d2ea89c6e80] ref P L0: 95.9%  0.0%  0.3%  3.8%
[libx264 @ 0x5d2ea89c6e80] ref B L0: 85.8% 14.2%
[libx264 @ 0x5d2ea89c6e80] ref B L1: 93.3%  6.7%
[libx264 @ 0x5d2ea89c6e80] kb/s:1066.13
ffmpeg version 7.0.2-3ubuntu1 Copyright (c) 2000-2024 the FFmpeg developers
  built with gcc 14 (Ubuntu 14.2.0-2ubuntu1)
  configuration: --prefix=/usr --extra-version=3ubuntu1 --toolchain=hardened --libdir=/usr/lib/x86_64-linux-gnu --incdir=/usr/include/x86_64-linux-gnu --arch=amd64 --enable-gpl --disable-stripping --disable-libmfx --disable-omx --enable-gnutls --enable-libaom --enable-libass --enable-libbs2b --enable-libcdio --enable-libcodec2 --enable-libdav1d --enable-libflite --enable-libfontconfig --enable-libfreetype --enable-libfribidi --enable-libglslang --enable-libgme --enable-libgsm --enable-libharfbuzz --enable-libmp3lame --enable-libmysofa --enable-libopenjpeg --enable-libopenmpt --enable-libopus --enable-librubberband --enable-libshine --enable-libsnappy --enable-libsoxr --enable-libspeex --enable-libtheora --enable-libtwolame --enable-libvidstab --enable-libvorbis --enable-libvpx --enable-libwebp --enable-libx265 --enable-libxml2 --enable-libxvid --enable-libzimg --enable-openal --enable-opencl --enable-opengl --disable-sndio --enable-libvpl --enable-libdc1394 --enable-libdrm --enable-libiec61883 --enable-chromaprint --enable-frei0r --enable-ladspa --enable-libbluray --enable-libcaca --enable-libdvdnav --enable-libdvdread --enable-libjack --enable-libpulse --enable-librabbitmq --enable-librist --enable-libsrt --enable-libssh --enable-libsvtav1 --enable-libx264 --enable-libzmq --enable-libzvbi --enable-lv2 --enable-sdl2 --enable-libplacebo --enable-librav1e --enable-pocketsphinx --enable-librsvg --enable-libjxl --enable-shared
  libavutil      59.  8.100 / 59.  8.100
  libavcodec     61.  3.100 / 61.  3.100
  libavformat    61.  1.100 / 61.  1.100
  libavdevice    61.  1.100 / 61.  1.100
  libavfilter    10.  1.100 / 10.  1.100
  libswscale      8.  1.100 /  8.  1.100
  libswresample   5.  1.100 /  5.  1.100
  libpostproc    58.  1.100 / 58.  1.100
Input #0, concat, from '/home/marco-lasagna/Scaricati/ffmpeg-java/inputFile.txt':
  Duration: N/A, start: 0.000000, bitrate: N/A
  Stream #0:0: Video: mjpeg (Baseline), yuvj420p(pc, bt470bg/unknown/unknown), 4501x4500 [SAR 1:1 DAR 4501:4500], 25 fps, 25 tbr, 25 tbn
Stream mapping:
  Stream #0:0 -> #0:0 (mjpeg (native) -> h264 (libx264))
Press [q] to stop, [?] for help
[swscaler @ 0x78c584016b00] deprecated pixel format used, make sure you did set range correctly
    Last message repeated 1 times
[swscaler @ 0x78c584b407c0] deprecated pixel format used, make sure you did set range correctly
    Last message repeated 1 times
[vost#0:0/libx264 @ 0x563865f23ac0] No information about the input framerate is available. Falling back to a default value of 25fps. Use the -r option if you want a different framerate.
[libx264 @ 0x563865f19e80] using SAR=2048/4095
[libx264 @ 0x563865f19e80] using cpu capabilities: MMX2 SSE2Fast SSSE3 SSE4.2 AVX FMA3 BMI2 AVX2
[libx264 @ 0x563865f19e80] profile High, level 4.0, 4:2:0, 8-bit
[libx264 @ 0x563865f19e80] 264 - core 164 r3108 31e19f9 - H.264/MPEG-4 AVC codec - Copyleft 2003-2023 - http://www.videolan.org/x264.html - options: cabac=1 ref=3 deblock=1:0:0 analyse=0x3:0x113 me=hex subme=7 psy=1 psy_rd=1.00:0.00 mixed_ref=1 me_range=16 chroma_me=1 trellis=1 8x8dct=1 cqm=0 deadzone=21,11 fast_pskip=1 chroma_qp_offset=-2 threads=30 lookahead_threads=5 sliced_threads=0 nr=0 decimate=1 interlaced=0 bluray_compat=0 constrained_intra=0 bframes=3 b_pyramid=2 b_adapt=1 b_bias=0 direct=1 weightb=1 open_gop=0 weightp=2 keyint=250 keyint_min=25 scenecut=40 intra_refresh=0 rc_lookahead=40 rc=crf mbtree=1 crf=23.0 qcomp=0.60 qpmin=0 qpmax=69 qpstep=4 ip_ratio=1.40 aq=1:1.00
Output #0, mp4, to './src/test/resources/output/translation/tempVideo/340.mp4':
  Metadata:
    encoder         : Lavf61.1.100
  Stream #0:0: Video: h264 (avc1 / 0x31637661), yuvj420p(pc, progressive), 2048x1024 [SAR 4501:9000 DAR 4501:4500], q=2-31, 25 fps, 12800 tbn
      Metadata:
        encoder         : Lavc61.3.100 libx264
      Side data:
        cpb: bitrate max/min/avg: 0/0/0 buffer size: 0 vbv_delay: N/A
[out#0/mp4 @ 0x563865f21b40] video:32KiB audio:0KiB subtitle:0KiB other streams:0KiB global headers:0KiB muxing overhead: 2.917317%
frame=    6 fps=0.0 q=-1.0 Lsize=      33KiB time=00:00:00.16 bitrate=1681.0kbits/s dup=0 drop=19 speed=0.652x    
[libx264 @ 0x563865f19e80] frame I:1     Avg QP:18.59  size: 30341
[libx264 @ 0x563865f19e80] frame P:2     Avg QP:17.61  size:   448
[libx264 @ 0x563865f19e80] frame B:3     Avg QP:14.05  size:   247
[libx264 @ 0x563865f19e80] consecutive B-frames: 33.3%  0.0%  0.0% 66.7%
[libx264 @ 0x563865f19e80] mb I  I16..4: 16.7% 73.0% 10.3%
[libx264 @ 0x563865f19e80] mb P  I16..4:  0.1%  0.1%  0.0%  P16..4:  1.1%  0.2%  0.1%  0.0%  0.0%    skip:98.4%
[libx264 @ 0x563865f19e80] mb B  I16..4:  0.1%  0.0%  0.0%  B16..8:  1.1%  0.1%  0.0%  direct: 0.0%  skip:98.7%  L0:61.4% L1:35.5% BI: 3.1%
[libx264 @ 0x563865f19e80] 8x8 transform intra:72.7% inter:38.2%
[libx264 @ 0x563865f19e80] coded y,uvDC,uvAC intra: 6.0% 10.2% 9.1% inter: 0.1% 0.0% 0.0%
[libx264 @ 0x563865f19e80] i16 v,h,dc,p: 81% 18%  1%  0%
[libx264 @ 0x563865f19e80] i8 v,h,dc,ddl,ddr,vr,hd,vl,hu: 59%  8% 33%  0%  0%  0%  0%  0%  0%
[libx264 @ 0x563865f19e80] i4 v,h,dc,ddl,ddr,vr,hd,vl,hu: 40% 30%  9%  4%  2%  2%  4%  4%  5%
[libx264 @ 0x563865f19e80] i8c dc,h,v,p: 82%  9%  8%  1%
[libx264 @ 0x563865f19e80] Weighted P-Frames: Y:0.0% UV:0.0%
[libx264 @ 0x563865f19e80] ref P L0: 92.3%  0.3%  2.9%  4.4%
[libx264 @ 0x563865f19e80] ref B L0: 88.2% 11.8%
[libx264 @ 0x563865f19e80] ref B L1: 98.2%  1.8%
[libx264 @ 0x563865f19e80] kb/s:1065.90
ffmpeg version 7.0.2-3ubuntu1 Copyright (c) 2000-2024 the FFmpeg developers
  built with gcc 14 (Ubuntu 14.2.0-2ubuntu1)
  configuration: --prefix=/usr --extra-version=3ubuntu1 --toolchain=hardened --libdir=/usr/lib/x86_64-linux-gnu --incdir=/usr/include/x86_64-linux-gnu --arch=amd64 --enable-gpl --disable-stripping --disable-libmfx --disable-omx --enable-gnutls --enable-libaom --enable-libass --enable-libbs2b --enable-libcdio --enable-libcodec2 --enable-libdav1d --enable-libflite --enable-libfontconfig --enable-libfreetype --enable-libfribidi --enable-libglslang --enable-libgme --enable-libgsm --enable-libharfbuzz --enable-libmp3lame --enable-libmysofa --enable-libopenjpeg --enable-libopenmpt --enable-libopus --enable-librubberband --enable-libshine --enable-libsnappy --enable-libsoxr --enable-libspeex --enable-libtheora --enable-libtwolame --enable-libvidstab --enable-libvorbis --enable-libvpx --enable-libwebp --enable-libx265 --enable-libxml2 --enable-libxvid --enable-libzimg --enable-openal --enable-opencl --enable-opengl --disable-sndio --enable-libvpl --enable-libdc1394 --enable-libdrm --enable-libiec61883 --enable-chromaprint --enable-frei0r --enable-ladspa --enable-libbluray --enable-libcaca --enable-libdvdnav --enable-libdvdread --enable-libjack --enable-libpulse --enable-librabbitmq --enable-librist --enable-libsrt --enable-libssh --enable-libsvtav1 --enable-libx264 --enable-libzmq --enable-libzvbi --enable-lv2 --enable-sdl2 --enable-libplacebo --enable-librav1e --enable-pocketsphinx --enable-librsvg --enable-libjxl --enable-shared
  libavutil      59.  8.100 / 59.  8.100
  libavcodec     61.  3.100 / 61.  3.100
  libavformat    61.  1.100 / 61.  1.100
  libavdevice    61.  1.100 / 61.  1.100
  libavfilter    10.  1.100 / 10.  1.100
  libswscale      8.  1.100 /  8.  1.100
  libswresample   5.  1.100 /  5.  1.100
  libpostproc    58.  1.100 / 58.  1.100
Input #0, concat, from '/home/marco-lasagna/Scaricati/ffmpeg-java/inputFile.txt':
  Duration: N/A, start: 0.000000, bitrate: N/A
  Stream #0:0: Video: mjpeg (Baseline), yuvj420p(pc, bt470bg/unknown/unknown), 4501x4500 [SAR 1:1 DAR 4501:4500], 25 fps, 25 tbr, 25 tbn
Stream mapping:
  Stream #0:0 -> #0:0 (mjpeg (native) -> h264 (libx264))
Press [q] to stop, [?] for help
[swscaler @ 0x77187c016b00] deprecated pixel format used, make sure you did set range correctly
    Last message repeated 1 times
[swscaler @ 0x77187cb407c0] deprecated pixel format used, make sure you did set range correctly
    Last message repeated 1 times
[vost#0:0/libx264 @ 0x5b1919919ac0] No information about the input framerate is available. Falling back to a default value of 25fps. Use the -r option if you want a different framerate.
[libx264 @ 0x5b191990fe80] using SAR=2048/4095
[libx264 @ 0x5b191990fe80] using cpu capabilities: MMX2 SSE2Fast SSSE3 SSE4.2 AVX FMA3 BMI2 AVX2
[libx264 @ 0x5b191990fe80] profile High, level 4.0, 4:2:0, 8-bit
[libx264 @ 0x5b191990fe80] 264 - core 164 r3108 31e19f9 - H.264/MPEG-4 AVC codec - Copyleft 2003-2023 - http://www.videolan.org/x264.html - options: cabac=1 ref=3 deblock=1:0:0 analyse=0x3:0x113 me=hex subme=7 psy=1 psy_rd=1.00:0.00 mixed_ref=1 me_range=16 chroma_me=1 trellis=1 8x8dct=1 cqm=0 deadzone=21,11 fast_pskip=1 chroma_qp_offset=-2 threads=30 lookahead_threads=5 sliced_threads=0 nr=0 decimate=1 interlaced=0 bluray_compat=0 constrained_intra=0 bframes=3 b_pyramid=2 b_adapt=1 b_bias=0 direct=1 weightb=1 open_gop=0 weightp=2 keyint=250 keyint_min=25 scenecut=40 intra_refresh=0 rc_lookahead=40 rc=crf mbtree=1 crf=23.0 qcomp=0.60 qpmin=0 qpmax=69 qpstep=4 ip_ratio=1.40 aq=1:1.00
Output #0, mp4, to './src/test/resources/output/translation/tempVideo/350.mp4':
  Metadata:
    encoder         : Lavf61.1.100
  Stream #0:0: Video: h264 (avc1 / 0x31637661), yuvj420p(pc, progressive), 2048x1024 [SAR 4501:9000 DAR 4501:4500], q=2-31, 25 fps, 12800 tbn
      Metadata:
        encoder         : Lavc61.3.100 libx264
      Side data:
        cpb: bitrate max/min/avg: 0/0/0 buffer size: 0 vbv_delay: N/A
[out#0/mp4 @ 0x5b1919917b40] video:32KiB audio:0KiB subtitle:0KiB other streams:0KiB global headers:0KiB muxing overhead: 2.921341%
frame=    6 fps=0.0 q=-1.0 Lsize=      33KiB time=00:00:00.16 bitrate=1678.8kbits/s dup=0 drop=19 speed=0.635x    
[libx264 @ 0x5b191990fe80] frame I:1     Avg QP:18.55  size: 30303
[libx264 @ 0x5b191990fe80] frame P:2     Avg QP:17.79  size:   429
[libx264 @ 0x5b191990fe80] frame B:3     Avg QP:24.59  size:   257
[libx264 @ 0x5b191990fe80] consecutive B-frames: 33.3%  0.0%  0.0% 66.7%
[libx264 @ 0x5b191990fe80] mb I  I16..4: 26.0% 63.6% 10.4%
[libx264 @ 0x5b191990fe80] mb P  I16..4:  0.2%  0.1%  0.0%  P16..4:  1.0%  0.1%  0.1%  0.0%  0.0%    skip:98.5%
[libx264 @ 0x5b191990fe80] mb B  I16..4:  0.0%  0.0%  0.0%  B16..8:  1.4%  0.1%  0.0%  direct: 0.0%  skip:98.4%  L0:45.8% L1:52.0% BI: 2.1%
[libx264 @ 0x5b191990fe80] 8x8 transform intra:63.4% inter:25.0%
[libx264 @ 0x5b191990fe80] coded y,uvDC,uvAC intra: 6.0% 10.2% 9.1% inter: 0.1% 0.0% 0.0%
[libx264 @ 0x5b191990fe80] i16 v,h,dc,p: 87% 12%  1%  0%
[libx264 @ 0x5b191990fe80] i8 v,h,dc,ddl,ddr,vr,hd,vl,hu: 43%  7% 50%  0%  0%  0%  0%  0%  0%
[libx264 @ 0x5b191990fe80] i4 v,h,dc,ddl,ddr,vr,hd,vl,hu: 39% 30% 10%  4%  2%  2%  4%  4%  5%
[libx264 @ 0x5b191990fe80] i8c dc,h,v,p: 82%  9%  8%  1%
[libx264 @ 0x5b191990fe80] Weighted P-Frames: Y:0.0% UV:0.0%
[libx264 @ 0x5b191990fe80] ref P L0: 90.6%  0.3%  3.8%  5.4%
[libx264 @ 0x5b191990fe80] ref B L0: 89.7% 10.3%
[libx264 @ 0x5b191990fe80] ref B L1: 96.6%  3.4%
[libx264 @ 0x5b191990fe80] kb/s:1064.40
ffmpeg version 7.0.2-3ubuntu1 Copyright (c) 2000-2024 the FFmpeg developers
  built with gcc 14 (Ubuntu 14.2.0-2ubuntu1)
  configuration: --prefix=/usr --extra-version=3ubuntu1 --toolchain=hardened --libdir=/usr/lib/x86_64-linux-gnu --incdir=/usr/include/x86_64-linux-gnu --arch=amd64 --enable-gpl --disable-stripping --disable-libmfx --disable-omx --enable-gnutls --enable-libaom --enable-libass --enable-libbs2b --enable-libcdio --enable-libcodec2 --enable-libdav1d --enable-libflite --enable-libfontconfig --enable-libfreetype --enable-libfribidi --enable-libglslang --enable-libgme --enable-libgsm --enable-libharfbuzz --enable-libmp3lame --enable-libmysofa --enable-libopenjpeg --enable-libopenmpt --enable-libopus --enable-librubberband --enable-libshine --enable-libsnappy --enable-libsoxr --enable-libspeex --enable-libtheora --enable-libtwolame --enable-libvidstab --enable-libvorbis --enable-libvpx --enable-libwebp --enable-libx265 --enable-libxml2 --enable-libxvid --enable-libzimg --enable-openal --enable-opencl --enable-opengl --disable-sndio --enable-libvpl --enable-libdc1394 --enable-libdrm --enable-libiec61883 --enable-chromaprint --enable-frei0r --enable-ladspa --enable-libbluray --enable-libcaca --enable-libdvdnav --enable-libdvdread --enable-libjack --enable-libpulse --enable-librabbitmq --enable-librist --enable-libsrt --enable-libssh --enable-libsvtav1 --enable-libx264 --enable-libzmq --enable-libzvbi --enable-lv2 --enable-sdl2 --enable-libplacebo --enable-librav1e --enable-pocketsphinx --enable-librsvg --enable-libjxl --enable-shared
  libavutil      59.  8.100 / 59.  8.100
  libavcodec     61.  3.100 / 61.  3.100
  libavformat    61.  1.100 / 61.  1.100
  libavdevice    61.  1.100 / 61.  1.100
  libavfilter    10.  1.100 / 10.  1.100
  libswscale      8.  1.100 /  8.  1.100
  libswresample   5.  1.100 /  5.  1.100
  libpostproc    58.  1.100 / 58.  1.100
Input #0, concat, from '/home/marco-lasagna/Scaricati/ffmpeg-java/inputFile.txt':
  Duration: N/A, start: 0.000000, bitrate: N/A
  Stream #0:0: Video: mjpeg (Baseline), yuvj420p(pc, bt470bg/unknown/unknown), 4501x4500 [SAR 1:1 DAR 4501:4500], 25 fps, 25 tbr, 25 tbn
Stream mapping:
  Stream #0:0 -> #0:0 (mjpeg (native) -> h264 (libx264))
Press [q] to stop, [?] for help
[swscaler @ 0x75b780016b00] deprecated pixel format used, make sure you did set range correctly
    Last message repeated 1 times
[swscaler @ 0x75b780b407c0] deprecated pixel format used, make sure you did set range correctly
    Last message repeated 1 times
[vost#0:0/libx264 @ 0x5e9228e7fac0] No information about the input framerate is available. Falling back to a default value of 25fps. Use the -r option if you want a different framerate.
[libx264 @ 0x5e9228e75e80] using SAR=2048/4095
[libx264 @ 0x5e9228e75e80] using cpu capabilities: MMX2 SSE2Fast SSSE3 SSE4.2 AVX FMA3 BMI2 AVX2
[libx264 @ 0x5e9228e75e80] profile High, level 4.0, 4:2:0, 8-bit
[libx264 @ 0x5e9228e75e80] 264 - core 164 r3108 31e19f9 - H.264/MPEG-4 AVC codec - Copyleft 2003-2023 - http://www.videolan.org/x264.html - options: cabac=1 ref=3 deblock=1:0:0 analyse=0x3:0x113 me=hex subme=7 psy=1 psy_rd=1.00:0.00 mixed_ref=1 me_range=16 chroma_me=1 trellis=1 8x8dct=1 cqm=0 deadzone=21,11 fast_pskip=1 chroma_qp_offset=-2 threads=30 lookahead_threads=5 sliced_threads=0 nr=0 decimate=1 interlaced=0 bluray_compat=0 constrained_intra=0 bframes=3 b_pyramid=2 b_adapt=1 b_bias=0 direct=1 weightb=1 open_gop=0 weightp=2 keyint=250 keyint_min=25 scenecut=40 intra_refresh=0 rc_lookahead=40 rc=crf mbtree=1 crf=23.0 qcomp=0.60 qpmin=0 qpmax=69 qpstep=4 ip_ratio=1.40 aq=1:1.00
Output #0, mp4, to './src/test/resources/output/translation/tempVideo/360.mp4':
  Metadata:
    encoder         : Lavf61.1.100
  Stream #0:0: Video: h264 (avc1 / 0x31637661), yuvj420p(pc, progressive), 2048x1024 [SAR 4501:9000 DAR 4501:4500], q=2-31, 25 fps, 12800 tbn
      Metadata:
        encoder         : Lavc61.3.100 libx264
      Side data:
        cpb: bitrate max/min/avg: 0/0/0 buffer size: 0 vbv_delay: N/A
[out#0/mp4 @ 0x5e9228e7db40] video:32KiB audio:0KiB subtitle:0KiB other streams:0KiB global headers:0KiB muxing overhead: 2.922327%
frame=    6 fps=0.0 q=-1.0 Lsize=      33KiB time=00:00:00.16 bitrate=1678.2kbits/s dup=0 drop=19 speed=0.664x    
[libx264 @ 0x5e9228e75e80] frame I:1     Avg QP:18.54  size: 30338
[libx264 @ 0x5e9228e75e80] frame P:2     Avg QP:17.47  size:   422
[libx264 @ 0x5e9228e75e80] frame B:3     Avg QP:25.78  size:   246
[libx264 @ 0x5e9228e75e80] consecutive B-frames: 33.3%  0.0%  0.0% 66.7%
[libx264 @ 0x5e9228e75e80] mb I  I16..4: 25.7% 64.0% 10.4%
[libx264 @ 0x5e9228e75e80] mb P  I16..4:  0.1%  0.1%  0.0%  P16..4:  1.2%  0.2%  0.0%  0.0%  0.0%    skip:98.3%
[libx264 @ 0x5e9228e75e80] mb B  I16..4:  0.0%  0.0%  0.0%  B16..8:  1.2%  0.1%  0.0%  direct: 0.0%  skip:98.6%  L0:51.7% L1:45.1% BI: 3.2%
[libx264 @ 0x5e9228e75e80] 8x8 transform intra:63.9% inter:20.8%
[libx264 @ 0x5e9228e75e80] coded y,uvDC,uvAC intra: 6.0% 10.2% 9.1% inter: 0.1% 0.0% 0.0%
[libx264 @ 0x5e9228e75e80] i16 v,h,dc,p: 87% 12%  1%  0%
[libx264 @ 0x5e9228e75e80] i8 v,h,dc,ddl,ddr,vr,hd,vl,hu: 53% 13% 33%  0%  0%  0%  0%  0%  0%
[libx264 @ 0x5e9228e75e80] i4 v,h,dc,ddl,ddr,vr,hd,vl,hu: 38% 30% 10%  4%  2%  2%  4%  4%  5%
[libx264 @ 0x5e9228e75e80] i8c dc,h,v,p: 82%  9%  8%  1%
[libx264 @ 0x5e9228e75e80] Weighted P-Frames: Y:0.0% UV:0.0%
[libx264 @ 0x5e9228e75e80] ref P L0: 94.1%  0.0%  0.6%  5.3%
[libx264 @ 0x5e9228e75e80] ref B L0: 89.2% 10.8%
[libx264 @ 0x5e9228e75e80] ref B L1: 91.2%  8.8%
[libx264 @ 0x5e9228e75e80] kb/s:1064.03
ffmpeg version 7.0.2-3ubuntu1 Copyright (c) 2000-2024 the FFmpeg developers
  built with gcc 14 (Ubuntu 14.2.0-2ubuntu1)
  configuration: --prefix=/usr --extra-version=3ubuntu1 --toolchain=hardened --libdir=/usr/lib/x86_64-linux-gnu --incdir=/usr/include/x86_64-linux-gnu --arch=amd64 --enable-gpl --disable-stripping --disable-libmfx --disable-omx --enable-gnutls --enable-libaom --enable-libass --enable-libbs2b --enable-libcdio --enable-libcodec2 --enable-libdav1d --enable-libflite --enable-libfontconfig --enable-libfreetype --enable-libfribidi --enable-libglslang --enable-libgme --enable-libgsm --enable-libharfbuzz --enable-libmp3lame --enable-libmysofa --enable-libopenjpeg --enable-libopenmpt --enable-libopus --enable-librubberband --enable-libshine --enable-libsnappy --enable-libsoxr --enable-libspeex --enable-libtheora --enable-libtwolame --enable-libvidstab --enable-libvorbis --enable-libvpx --enable-libwebp --enable-libx265 --enable-libxml2 --enable-libxvid --enable-libzimg --enable-openal --enable-opencl --enable-opengl --disable-sndio --enable-libvpl --enable-libdc1394 --enable-libdrm --enable-libiec61883 --enable-chromaprint --enable-frei0r --enable-ladspa --enable-libbluray --enable-libcaca --enable-libdvdnav --enable-libdvdread --enable-libjack --enable-libpulse --enable-librabbitmq --enable-librist --enable-libsrt --enable-libssh --enable-libsvtav1 --enable-libx264 --enable-libzmq --enable-libzvbi --enable-lv2 --enable-sdl2 --enable-libplacebo --enable-librav1e --enable-pocketsphinx --enable-librsvg --enable-libjxl --enable-shared
  libavutil      59.  8.100 / 59.  8.100
  libavcodec     61.  3.100 / 61.  3.100
  libavformat    61.  1.100 / 61.  1.100
  libavdevice    61.  1.100 / 61.  1.100
  libavfilter    10.  1.100 / 10.  1.100
  libswscale      8.  1.100 /  8.  1.100
  libswresample   5.  1.100 /  5.  1.100
  libpostproc    58.  1.100 / 58.  1.100
Input #0, concat, from '/home/marco-lasagna/Scaricati/ffmpeg-java/inputFile.txt':
  Duration: N/A, start: 0.000000, bitrate: N/A
  Stream #0:0: Video: mjpeg (Baseline), yuvj420p(pc, bt470bg/unknown/unknown), 4501x4500 [SAR 1:1 DAR 4501:4500], 25 fps, 25 tbr, 25 tbn
Stream mapping:
  Stream #0:0 -> #0:0 (mjpeg (native) -> h264 (libx264))
Press [q] to stop, [?] for help
[swscaler @ 0x78bb00016b00] deprecated pixel format used, make sure you did set range correctly
    Last message repeated 1 times
[swscaler @ 0x78bb00b407c0] deprecated pixel format used, make sure you did set range correctly
    Last message repeated 1 times
[vost#0:0/libx264 @ 0x556372b5cac0] No information about the input framerate is available. Falling back to a default value of 25fps. Use the -r option if you want a different framerate.
[libx264 @ 0x556372b52e80] using SAR=2048/4095
[libx264 @ 0x556372b52e80] using cpu capabilities: MMX2 SSE2Fast SSSE3 SSE4.2 AVX FMA3 BMI2 AVX2
[libx264 @ 0x556372b52e80] profile High, level 4.0, 4:2:0, 8-bit
[libx264 @ 0x556372b52e80] 264 - core 164 r3108 31e19f9 - H.264/MPEG-4 AVC codec - Copyleft 2003-2023 - http://www.videolan.org/x264.html - options: cabac=1 ref=3 deblock=1:0:0 analyse=0x3:0x113 me=hex subme=7 psy=1 psy_rd=1.00:0.00 mixed_ref=1 me_range=16 chroma_me=1 trellis=1 8x8dct=1 cqm=0 deadzone=21,11 fast_pskip=1 chroma_qp_offset=-2 threads=30 lookahead_threads=5 sliced_threads=0 nr=0 decimate=1 interlaced=0 bluray_compat=0 constrained_intra=0 bframes=3 b_pyramid=2 b_adapt=1 b_bias=0 direct=1 weightb=1 open_gop=0 weightp=2 keyint=250 keyint_min=25 scenecut=40 intra_refresh=0 rc_lookahead=40 rc=crf mbtree=1 crf=23.0 qcomp=0.60 qpmin=0 qpmax=69 qpstep=4 ip_ratio=1.40 aq=1:1.00
Output #0, mp4, to './src/test/resources/output/translation/tempVideo/370.mp4':
  Metadata:
    encoder         : Lavf61.1.100
  Stream #0:0: Video: h264 (avc1 / 0x31637661), yuvj420p(pc, progressive), 2048x1024 [SAR 4501:9000 DAR 4501:4500], q=2-31, 25 fps, 12800 tbn
      Metadata:
        encoder         : Lavc61.3.100 libx264
      Side data:
        cpb: bitrate max/min/avg: 0/0/0 buffer size: 0 vbv_delay: N/A
[out#0/mp4 @ 0x556372b5ab40] video:32KiB audio:0KiB subtitle:0KiB other streams:0KiB global headers:0KiB muxing overhead: 2.911791%
frame=    6 fps=0.0 q=-1.0 Lsize=      33KiB time=00:00:00.16 bitrate=1684.1kbits/s dup=0 drop=19 speed=0.657x    
[libx264 @ 0x556372b52e80] frame I:1     Avg QP:18.43  size: 30384
[libx264 @ 0x556372b52e80] frame P:2     Avg QP:17.40  size:   436
[libx264 @ 0x556372b52e80] frame B:3     Avg QP:23.80  size:   261
[libx264 @ 0x556372b52e80] consecutive B-frames: 33.3%  0.0%  0.0% 66.7%
[libx264 @ 0x556372b52e80] mb I  I16..4: 25.6% 63.9% 10.5%
[libx264 @ 0x556372b52e80] mb P  I16..4:  0.1%  0.1%  0.0%  P16..4:  1.2%  0.2%  0.0%  0.0%  0.0%    skip:98.4%
[libx264 @ 0x556372b52e80] mb B  I16..4:  0.0%  0.0%  0.0%  B16..8:  1.3%  0.1%  0.0%  direct: 0.0%  skip:98.6%  L0:54.5% L1:42.5% BI: 3.0%
[libx264 @ 0x556372b52e80] 8x8 transform intra:63.9% inter:28.8%
[libx264 @ 0x556372b52e80] coded y,uvDC,uvAC intra: 6.0% 10.2% 9.1% inter: 0.1% 0.0% 0.0%
[libx264 @ 0x556372b52e80] i16 v,h,dc,p: 88% 12%  1%  0%
[libx264 @ 0x556372b52e80] i8 v,h,dc,ddl,ddr,vr,hd,vl,hu: 60%  6% 33%  0%  0%  0%  0%  0%  0%
[libx264 @ 0x556372b52e80] i4 v,h,dc,ddl,ddr,vr,hd,vl,hu: 40% 30% 10%  4%  2%  2%  4%  4%  5%
[libx264 @ 0x556372b52e80] i8c dc,h,v,p: 82%  9%  8%  1%
[libx264 @ 0x556372b52e80] Weighted P-Frames: Y:0.0% UV:0.0%
[libx264 @ 0x556372b52e80] ref P L0: 90.7%  0.4%  1.5%  7.3%
[libx264 @ 0x556372b52e80] ref B L0: 88.3% 11.7%
[libx264 @ 0x556372b52e80] ref B L1: 91.4%  8.6%
[libx264 @ 0x556372b52e80] kb/s:1067.97
ffmpeg version 7.0.2-3ubuntu1 Copyright (c) 2000-2024 the FFmpeg developers
  built with gcc 14 (Ubuntu 14.2.0-2ubuntu1)
  configuration: --prefix=/usr --extra-version=3ubuntu1 --toolchain=hardened --libdir=/usr/lib/x86_64-linux-gnu --incdir=/usr/include/x86_64-linux-gnu --arch=amd64 --enable-gpl --disable-stripping --disable-libmfx --disable-omx --enable-gnutls --enable-libaom --enable-libass --enable-libbs2b --enable-libcdio --enable-libcodec2 --enable-libdav1d --enable-libflite --enable-libfontconfig --enable-libfreetype --enable-libfribidi --enable-libglslang --enable-libgme --enable-libgsm --enable-libharfbuzz --enable-libmp3lame --enable-libmysofa --enable-libopenjpeg --enable-libopenmpt --enable-libopus --enable-librubberband --enable-libshine --enable-libsnappy --enable-libsoxr --enable-libspeex --enable-libtheora --enable-libtwolame --enable-libvidstab --enable-libvorbis --enable-libvpx --enable-libwebp --enable-libx265 --enable-libxml2 --enable-libxvid --enable-libzimg --enable-openal --enable-opencl --enable-opengl --disable-sndio --enable-libvpl --enable-libdc1394 --enable-libdrm --enable-libiec61883 --enable-chromaprint --enable-frei0r --enable-ladspa --enable-libbluray --enable-libcaca --enable-libdvdnav --enable-libdvdread --enable-libjack --enable-libpulse --enable-librabbitmq --enable-librist --enable-libsrt --enable-libssh --enable-libsvtav1 --enable-libx264 --enable-libzmq --enable-libzvbi --enable-lv2 --enable-sdl2 --enable-libplacebo --enable-librav1e --enable-pocketsphinx --enable-librsvg --enable-libjxl --enable-shared
  libavutil      59.  8.100 / 59.  8.100
  libavcodec     61.  3.100 / 61.  3.100
  libavformat    61.  1.100 / 61.  1.100
  libavdevice    61.  1.100 / 61.  1.100
  libavfilter    10.  1.100 / 10.  1.100
  libswscale      8.  1.100 /  8.  1.100
  libswresample   5.  1.100 /  5.  1.100
  libpostproc    58.  1.100 / 58.  1.100
Input #0, concat, from '/home/marco-lasagna/Scaricati/ffmpeg-java/inputFile.txt':
  Duration: N/A, start: 0.000000, bitrate: N/A
  Stream #0:0: Video: mjpeg (Baseline), yuvj420p(pc, bt470bg/unknown/unknown), 4501x4500 [SAR 1:1 DAR 4501:4500], 25 fps, 25 tbr, 25 tbn
Stream mapping:
  Stream #0:0 -> #0:0 (mjpeg (native) -> h264 (libx264))
Press [q] to stop, [?] for help
[swscaler @ 0x73c160016b00] deprecated pixel format used, make sure you did set range correctly
    Last message repeated 1 times
[swscaler @ 0x73c160b407c0] deprecated pixel format used, make sure you did set range correctly
    Last message repeated 1 times
[vost#0:0/libx264 @ 0x5f9d0de8dac0] No information about the input framerate is available. Falling back to a default value of 25fps. Use the -r option if you want a different framerate.
[libx264 @ 0x5f9d0de83e80] using SAR=2048/4095
[libx264 @ 0x5f9d0de83e80] using cpu capabilities: MMX2 SSE2Fast SSSE3 SSE4.2 AVX FMA3 BMI2 AVX2
[libx264 @ 0x5f9d0de83e80] profile High, level 4.0, 4:2:0, 8-bit
[libx264 @ 0x5f9d0de83e80] 264 - core 164 r3108 31e19f9 - H.264/MPEG-4 AVC codec - Copyleft 2003-2023 - http://www.videolan.org/x264.html - options: cabac=1 ref=3 deblock=1:0:0 analyse=0x3:0x113 me=hex subme=7 psy=1 psy_rd=1.00:0.00 mixed_ref=1 me_range=16 chroma_me=1 trellis=1 8x8dct=1 cqm=0 deadzone=21,11 fast_pskip=1 chroma_qp_offset=-2 threads=30 lookahead_threads=5 sliced_threads=0 nr=0 decimate=1 interlaced=0 bluray_compat=0 constrained_intra=0 bframes=3 b_pyramid=2 b_adapt=1 b_bias=0 direct=1 weightb=1 open_gop=0 weightp=2 keyint=250 keyint_min=25 scenecut=40 intra_refresh=0 rc_lookahead=40 rc=crf mbtree=1 crf=23.0 qcomp=0.60 qpmin=0 qpmax=69 qpstep=4 ip_ratio=1.40 aq=1:1.00
Output #0, mp4, to './src/test/resources/output/translation/tempVideo/380.mp4':
  Metadata:
    encoder         : Lavf61.1.100
  Stream #0:0: Video: h264 (avc1 / 0x31637661), yuvj420p(pc, progressive), 2048x1024 [SAR 4501:9000 DAR 4501:4500], q=2-31, 25 fps, 12800 tbn
      Metadata:
        encoder         : Lavc61.3.100 libx264
      Side data:
        cpb: bitrate max/min/avg: 0/0/0 buffer size: 0 vbv_delay: N/A
[out#0/mp4 @ 0x5f9d0de8bb40] video:32KiB audio:0KiB subtitle:0KiB other streams:0KiB global headers:0KiB muxing overhead: 2.915889%
frame=    6 fps=0.0 q=-1.0 Lsize=      33KiB time=00:00:00.16 bitrate=1681.8kbits/s dup=0 drop=19 speed=0.665x    
[libx264 @ 0x5f9d0de83e80] frame I:1     Avg QP:18.61  size: 30418
[libx264 @ 0x5f9d0de83e80] frame P:2     Avg QP:20.72  size:   418
[libx264 @ 0x5f9d0de83e80] frame B:3     Avg QP:26.07  size:   247
[libx264 @ 0x5f9d0de83e80] consecutive B-frames: 33.3%  0.0%  0.0% 66.7%
[libx264 @ 0x5f9d0de83e80] mb I  I16..4: 25.6% 63.9% 10.5%
[libx264 @ 0x5f9d0de83e80] mb P  I16..4:  0.1%  0.1%  0.0%  P16..4:  1.2%  0.2%  0.1%  0.0%  0.0%    skip:98.3%
[libx264 @ 0x5f9d0de83e80] mb B  I16..4:  0.0%  0.0%  0.0%  B16..8:  1.2%  0.1%  0.0%  direct: 0.0%  skip:98.6%  L0:57.9% L1:39.1% BI: 3.0%
[libx264 @ 0x5f9d0de83e80] 8x8 transform intra:63.8% inter:29.7%
[libx264 @ 0x5f9d0de83e80] coded y,uvDC,uvAC intra: 6.0% 10.2% 9.1% inter: 0.1% 0.0% 0.0%
[libx264 @ 0x5f9d0de83e80] i16 v,h,dc,p: 87% 12%  1%  0%
[libx264 @ 0x5f9d0de83e80] i8 v,h,dc,ddl,ddr,vr,hd,vl,hu: 60%  6% 33%  0%  0%  0%  0%  0%  0%
[libx264 @ 0x5f9d0de83e80] i4 v,h,dc,ddl,ddr,vr,hd,vl,hu: 40% 30%  9%  4%  2%  2%  4%  4%  5%
[libx264 @ 0x5f9d0de83e80] i8c dc,h,v,p: 82%  9%  8%  1%
[libx264 @ 0x5f9d0de83e80] Weighted P-Frames: Y:0.0% UV:0.0%
[libx264 @ 0x5f9d0de83e80] ref P L0: 91.3%  0.6%  1.2%  6.8%
[libx264 @ 0x5f9d0de83e80] ref B L0: 86.4% 13.6%
[libx264 @ 0x5f9d0de83e80] ref B L1: 94.9%  5.1%
[libx264 @ 0x5f9d0de83e80] kb/s:1066.43
ffmpeg version 7.0.2-3ubuntu1 Copyright (c) 2000-2024 the FFmpeg developers
  built with gcc 14 (Ubuntu 14.2.0-2ubuntu1)
  configuration: --prefix=/usr --extra-version=3ubuntu1 --toolchain=hardened --libdir=/usr/lib/x86_64-linux-gnu --incdir=/usr/include/x86_64-linux-gnu --arch=amd64 --enable-gpl --disable-stripping --disable-libmfx --disable-omx --enable-gnutls --enable-libaom --enable-libass --enable-libbs2b --enable-libcdio --enable-libcodec2 --enable-libdav1d --enable-libflite --enable-libfontconfig --enable-libfreetype --enable-libfribidi --enable-libglslang --enable-libgme --enable-libgsm --enable-libharfbuzz --enable-libmp3lame --enable-libmysofa --enable-libopenjpeg --enable-libopenmpt --enable-libopus --enable-librubberband --enable-libshine --enable-libsnappy --enable-libsoxr --enable-libspeex --enable-libtheora --enable-libtwolame --enable-libvidstab --enable-libvorbis --enable-libvpx --enable-libwebp --enable-libx265 --enable-libxml2 --enable-libxvid --enable-libzimg --enable-openal --enable-opencl --enable-opengl --disable-sndio --enable-libvpl --enable-libdc1394 --enable-libdrm --enable-libiec61883 --enable-chromaprint --enable-frei0r --enable-ladspa --enable-libbluray --enable-libcaca --enable-libdvdnav --enable-libdvdread --enable-libjack --enable-libpulse --enable-librabbitmq --enable-librist --enable-libsrt --enable-libssh --enable-libsvtav1 --enable-libx264 --enable-libzmq --enable-libzvbi --enable-lv2 --enable-sdl2 --enable-libplacebo --enable-librav1e --enable-pocketsphinx --enable-librsvg --enable-libjxl --enable-shared
  libavutil      59.  8.100 / 59.  8.100
  libavcodec     61.  3.100 / 61.  3.100
  libavformat    61.  1.100 / 61.  1.100
  libavdevice    61.  1.100 / 61.  1.100
  libavfilter    10.  1.100 / 10.  1.100
  libswscale      8.  1.100 /  8.  1.100
  libswresample   5.  1.100 /  5.  1.100
  libpostproc    58.  1.100 / 58.  1.100
Input #0, concat, from '/home/marco-lasagna/Scaricati/ffmpeg-java/inputFile.txt':
  Duration: N/A, start: 0.000000, bitrate: N/A
  Stream #0:0: Video: mjpeg (Baseline), yuvj420p(pc, bt470bg/unknown/unknown), 4501x4500 [SAR 1:1 DAR 4501:4500], 25 fps, 25 tbr, 25 tbn
Stream mapping:
  Stream #0:0 -> #0:0 (mjpeg (native) -> h264 (libx264))
Press [q] to stop, [?] for help
[swscaler @ 0x7e7a9c016b00] deprecated pixel format used, make sure you did set range correctly
    Last message repeated 1 times
[swscaler @ 0x7e7a9cb407c0] deprecated pixel format used, make sure you did set range correctly
    Last message repeated 1 times
[vost#0:0/libx264 @ 0x5d4551072ac0] No information about the input framerate is available. Falling back to a default value of 25fps. Use the -r option if you want a different framerate.
[libx264 @ 0x5d4551068e80] using SAR=2048/4095
[libx264 @ 0x5d4551068e80] using cpu capabilities: MMX2 SSE2Fast SSSE3 SSE4.2 AVX FMA3 BMI2 AVX2
[libx264 @ 0x5d4551068e80] profile High, level 4.0, 4:2:0, 8-bit
[libx264 @ 0x5d4551068e80] 264 - core 164 r3108 31e19f9 - H.264/MPEG-4 AVC codec - Copyleft 2003-2023 - http://www.videolan.org/x264.html - options: cabac=1 ref=3 deblock=1:0:0 analyse=0x3:0x113 me=hex subme=7 psy=1 psy_rd=1.00:0.00 mixed_ref=1 me_range=16 chroma_me=1 trellis=1 8x8dct=1 cqm=0 deadzone=21,11 fast_pskip=1 chroma_qp_offset=-2 threads=30 lookahead_threads=5 sliced_threads=0 nr=0 decimate=1 interlaced=0 bluray_compat=0 constrained_intra=0 bframes=3 b_pyramid=2 b_adapt=1 b_bias=0 direct=1 weightb=1 open_gop=0 weightp=2 keyint=250 keyint_min=25 scenecut=40 intra_refresh=0 rc_lookahead=40 rc=crf mbtree=1 crf=23.0 qcomp=0.60 qpmin=0 qpmax=69 qpstep=4 ip_ratio=1.40 aq=1:1.00
Output #0, mp4, to './src/test/resources/output/translation/tempVideo/390.mp4':
  Metadata:
    encoder         : Lavf61.1.100
  Stream #0:0: Video: h264 (avc1 / 0x31637661), yuvj420p(pc, progressive), 2048x1024 [SAR 4501:9000 DAR 4501:4500], q=2-31, 25 fps, 12800 tbn
      Metadata:
        encoder         : Lavc61.3.100 libx264
      Side data:
        cpb: bitrate max/min/avg: 0/0/0 buffer size: 0 vbv_delay: N/A
[out#0/mp4 @ 0x5d4551070b40] video:32KiB audio:0KiB subtitle:0KiB other streams:0KiB global headers:0KiB muxing overhead: 2.914908%
frame=    6 fps=0.0 q=-1.0 Lsize=      33KiB time=00:00:00.16 bitrate=1682.3kbits/s dup=0 drop=19 speed=0.637x    
[libx264 @ 0x5d4551068e80] frame I:1     Avg QP:18.66  size: 30400
[libx264 @ 0x5d4551068e80] frame P:2     Avg QP:17.89  size:   420
[libx264 @ 0x5d4551068e80] frame B:3     Avg QP:29.95  size:   255
[libx264 @ 0x5d4551068e80] consecutive B-frames: 33.3%  0.0%  0.0% 66.7%
[libx264 @ 0x5d4551068e80] mb I  I16..4: 16.6% 72.9% 10.5%
[libx264 @ 0x5d4551068e80] mb P  I16..4:  0.1%  0.1%  0.0%  P16..4:  1.2%  0.1%  0.0%  0.0%  0.0%    skip:98.4%
[libx264 @ 0x5d4551068e80] mb B  I16..4:  0.0%  0.1%  0.0%  B16..8:  1.1%  0.1%  0.0%  direct: 0.0%  skip:98.7%  L0:57.0% L1:41.2% BI: 1.8%
[libx264 @ 0x5d4551068e80] 8x8 transform intra:72.8% inter:40.0%
[libx264 @ 0x5d4551068e80] coded y,uvDC,uvAC intra: 6.0% 10.2% 9.1% inter: 0.1% 0.0% 0.0%
[libx264 @ 0x5d4551068e80] i16 v,h,dc,p: 82% 17%  1%  0%
[libx264 @ 0x5d4551068e80] i8 v,h,dc,ddl,ddr,vr,hd,vl,hu: 59%  7% 33%  0%  0%  0%  0%  0%  0%
[libx264 @ 0x5d4551068e80] i4 v,h,dc,ddl,ddr,vr,hd,vl,hu: 40% 30%  9%  4%  2%  2%  4%  4%  5%
[libx264 @ 0x5d4551068e80] i8c dc,h,v,p: 82%  9%  8%  1%
[libx264 @ 0x5d4551068e80] Weighted P-Frames: Y:0.0% UV:0.0%
[libx264 @ 0x5d4551068e80] ref P L0: 90.3%  0.0%  1.4%  8.3%
[libx264 @ 0x5d4551068e80] ref B L0: 86.8% 13.2%
[libx264 @ 0x5d4551068e80] ref B L1: 95.4%  4.6%
[libx264 @ 0x5d4551068e80] kb/s:1066.80
ffmpeg version 7.0.2-3ubuntu1 Copyright (c) 2000-2024 the FFmpeg developers
  built with gcc 14 (Ubuntu 14.2.0-2ubuntu1)
  configuration: --prefix=/usr --extra-version=3ubuntu1 --toolchain=hardened --libdir=/usr/lib/x86_64-linux-gnu --incdir=/usr/include/x86_64-linux-gnu --arch=amd64 --enable-gpl --disable-stripping --disable-libmfx --disable-omx --enable-gnutls --enable-libaom --enable-libass --enable-libbs2b --enable-libcdio --enable-libcodec2 --enable-libdav1d --enable-libflite --enable-libfontconfig --enable-libfreetype --enable-libfribidi --enable-libglslang --enable-libgme --enable-libgsm --enable-libharfbuzz --enable-libmp3lame --enable-libmysofa --enable-libopenjpeg --enable-libopenmpt --enable-libopus --enable-librubberband --enable-libshine --enable-libsnappy --enable-libsoxr --enable-libspeex --enable-libtheora --enable-libtwolame --enable-libvidstab --enable-libvorbis --enable-libvpx --enable-libwebp --enable-libx265 --enable-libxml2 --enable-libxvid --enable-libzimg --enable-openal --enable-opencl --enable-opengl --disable-sndio --enable-libvpl --enable-libdc1394 --enable-libdrm --enable-libiec61883 --enable-chromaprint --enable-frei0r --enable-ladspa --enable-libbluray --enable-libcaca --enable-libdvdnav --enable-libdvdread --enable-libjack --enable-libpulse --enable-librabbitmq --enable-librist --enable-libsrt --enable-libssh --enable-libsvtav1 --enable-libx264 --enable-libzmq --enable-libzvbi --enable-lv2 --enable-sdl2 --enable-libplacebo --enable-librav1e --enable-pocketsphinx --enable-librsvg --enable-libjxl --enable-shared
  libavutil      59.  8.100 / 59.  8.100
  libavcodec     61.  3.100 / 61.  3.100
  libavformat    61.  1.100 / 61.  1.100
  libavdevice    61.  1.100 / 61.  1.100
  libavfilter    10.  1.100 / 10.  1.100
  libswscale      8.  1.100 /  8.  1.100
  libswresample   5.  1.100 /  5.  1.100
  libpostproc    58.  1.100 / 58.  1.100
Input #0, concat, from '/home/marco-lasagna/Scaricati/ffmpeg-java/inputFile.txt':
  Duration: N/A, start: 0.000000, bitrate: N/A
  Stream #0:0: Video: mjpeg (Baseline), yuvj420p(pc, bt470bg/unknown/unknown), 4501x4500 [SAR 1:1 DAR 4501:4500], 25 fps, 25 tbr, 25 tbn
Stream mapping:
  Stream #0:0 -> #0:0 (mjpeg (native) -> h264 (libx264))
Press [q] to stop, [?] for help
[swscaler @ 0x72fa74016b00] deprecated pixel format used, make sure you did set range correctly
    Last message repeated 1 times
[swscaler @ 0x72fa74b407c0] deprecated pixel format used, make sure you did set range correctly
    Last message repeated 1 times
[vost#0:0/libx264 @ 0x5571208ddac0] No information about the input framerate is available. Falling back to a default value of 25fps. Use the -r option if you want a different framerate.
[libx264 @ 0x5571208d3e80] using SAR=2048/4095
[libx264 @ 0x5571208d3e80] using cpu capabilities: MMX2 SSE2Fast SSSE3 SSE4.2 AVX FMA3 BMI2 AVX2
[libx264 @ 0x5571208d3e80] profile High, level 4.0, 4:2:0, 8-bit
[libx264 @ 0x5571208d3e80] 264 - core 164 r3108 31e19f9 - H.264/MPEG-4 AVC codec - Copyleft 2003-2023 - http://www.videolan.org/x264.html - options: cabac=1 ref=3 deblock=1:0:0 analyse=0x3:0x113 me=hex subme=7 psy=1 psy_rd=1.00:0.00 mixed_ref=1 me_range=16 chroma_me=1 trellis=1 8x8dct=1 cqm=0 deadzone=21,11 fast_pskip=1 chroma_qp_offset=-2 threads=30 lookahead_threads=5 sliced_threads=0 nr=0 decimate=1 interlaced=0 bluray_compat=0 constrained_intra=0 bframes=3 b_pyramid=2 b_adapt=1 b_bias=0 direct=1 weightb=1 open_gop=0 weightp=2 keyint=250 keyint_min=25 scenecut=40 intra_refresh=0 rc_lookahead=40 rc=crf mbtree=1 crf=23.0 qcomp=0.60 qpmin=0 qpmax=69 qpstep=4 ip_ratio=1.40 aq=1:1.00
Output #0, mp4, to './src/test/resources/output/translation/tempVideo/400.mp4':
  Metadata:
    encoder         : Lavf61.1.100
  Stream #0:0: Video: h264 (avc1 / 0x31637661), yuvj420p(pc, progressive), 2048x1024 [SAR 4501:9000 DAR 4501:4500], q=2-31, 25 fps, 12800 tbn
      Metadata:
        encoder         : Lavc61.3.100 libx264
      Side data:
        cpb: bitrate max/min/avg: 0/0/0 buffer size: 0 vbv_delay: N/A
[out#0/mp4 @ 0x5571208dbb40] video:32KiB audio:0KiB subtitle:0KiB other streams:0KiB global headers:0KiB muxing overhead: 2.913749%
frame=    6 fps=0.0 q=-1.0 Lsize=      33KiB time=00:00:00.16 bitrate=1683.0kbits/s dup=0 drop=19 speed=0.657x    
[libx264 @ 0x5571208d3e80] frame I:1     Avg QP:18.49  size: 30359
[libx264 @ 0x5571208d3e80] frame P:2     Avg QP:18.66  size:   424
[libx264 @ 0x5571208d3e80] frame B:3     Avg QP:19.26  size:   270
[libx264 @ 0x5571208d3e80] consecutive B-frames: 33.3%  0.0%  0.0% 66.7%
[libx264 @ 0x5571208d3e80] mb I  I16..4: 16.5% 73.0% 10.5%
[libx264 @ 0x5571208d3e80] mb P  I16..4:  0.1%  0.1%  0.0%  P16..4:  1.2%  0.2%  0.0%  0.0%  0.0%    skip:98.3%
[libx264 @ 0x5571208d3e80] mb B  I16..4:  0.0%  0.0%  0.0%  B16..8:  1.1%  0.1%  0.0%  direct: 0.0%  skip:98.7%  L0:57.6% L1:40.4% BI: 2.0%
[libx264 @ 0x5571208d3e80] 8x8 transform intra:72.8% inter:35.3%
[libx264 @ 0x5571208d3e80] coded y,uvDC,uvAC intra: 6.0% 10.2% 9.1% inter: 0.1% 0.0% 0.0%
[libx264 @ 0x5571208d3e80] i16 v,h,dc,p: 82% 17%  1%  0%
[libx264 @ 0x5571208d3e80] i8 v,h,dc,ddl,ddr,vr,hd,vl,hu: 59%  8% 33%  0%  0%  0%  0%  0%  0%
[libx264 @ 0x5571208d3e80] i4 v,h,dc,ddl,ddr,vr,hd,vl,hu: 40% 30%  9%  4%  2%  2%  4%  4%  5%
[libx264 @ 0x5571208d3e80] i8c dc,h,v,p: 82%  9%  8%  1%
[libx264 @ 0x5571208d3e80] Weighted P-Frames: Y:0.0% UV:0.0%
[libx264 @ 0x5571208d3e80] ref P L0: 89.7%  0.3%  1.7%  8.3%
[libx264 @ 0x5571208d3e80] ref B L0: 91.6%  8.4%
[libx264 @ 0x5571208d3e80] ref B L1: 93.8%  6.2%
[libx264 @ 0x5571208d3e80] kb/s:1067.23
ffmpeg version 7.0.2-3ubuntu1 Copyright (c) 2000-2024 the FFmpeg developers
  built with gcc 14 (Ubuntu 14.2.0-2ubuntu1)
  configuration: --prefix=/usr --extra-version=3ubuntu1 --toolchain=hardened --libdir=/usr/lib/x86_64-linux-gnu --incdir=/usr/include/x86_64-linux-gnu --arch=amd64 --enable-gpl --disable-stripping --disable-libmfx --disable-omx --enable-gnutls --enable-libaom --enable-libass --enable-libbs2b --enable-libcdio --enable-libcodec2 --enable-libdav1d --enable-libflite --enable-libfontconfig --enable-libfreetype --enable-libfribidi --enable-libglslang --enable-libgme --enable-libgsm --enable-libharfbuzz --enable-libmp3lame --enable-libmysofa --enable-libopenjpeg --enable-libopenmpt --enable-libopus --enable-librubberband --enable-libshine --enable-libsnappy --enable-libsoxr --enable-libspeex --enable-libtheora --enable-libtwolame --enable-libvidstab --enable-libvorbis --enable-libvpx --enable-libwebp --enable-libx265 --enable-libxml2 --enable-libxvid --enable-libzimg --enable-openal --enable-opencl --enable-opengl --disable-sndio --enable-libvpl --enable-libdc1394 --enable-libdrm --enable-libiec61883 --enable-chromaprint --enable-frei0r --enable-ladspa --enable-libbluray --enable-libcaca --enable-libdvdnav --enable-libdvdread --enable-libjack --enable-libpulse --enable-librabbitmq --enable-librist --enable-libsrt --enable-libssh --enable-libsvtav1 --enable-libx264 --enable-libzmq --enable-libzvbi --enable-lv2 --enable-sdl2 --enable-libplacebo --enable-librav1e --enable-pocketsphinx --enable-librsvg --enable-libjxl --enable-shared
  libavutil      59.  8.100 / 59.  8.100
  libavcodec     61.  3.100 / 61.  3.100
  libavformat    61.  1.100 / 61.  1.100
  libavdevice    61.  1.100 / 61.  1.100
  libavfilter    10.  1.100 / 10.  1.100
  libswscale      8.  1.100 /  8.  1.100
  libswresample   5.  1.100 /  5.  1.100
  libpostproc    58.  1.100 / 58.  1.100
Input #0, concat, from '/home/marco-lasagna/Scaricati/ffmpeg-java/inputFile.txt':
  Duration: N/A, start: 0.000000, bitrate: N/A
  Stream #0:0: Video: mjpeg (Baseline), yuvj420p(pc, bt470bg/unknown/unknown), 4501x4500 [SAR 1:1 DAR 4501:4500], 25 fps, 25 tbr, 25 tbn
Stream mapping:
  Stream #0:0 -> #0:0 (mjpeg (native) -> h264 (libx264))
Press [q] to stop, [?] for help
[swscaler @ 0x740394016b00] deprecated pixel format used, make sure you did set range correctly
    Last message repeated 1 times
[swscaler @ 0x740394b407c0] deprecated pixel format used, make sure you did set range correctly
    Last message repeated 1 times
[vost#0:0/libx264 @ 0x5b87e4b22ac0] No information about the input framerate is available. Falling back to a default value of 25fps. Use the -r option if you want a different framerate.
[libx264 @ 0x5b87e4b18e80] using SAR=2048/4095
[libx264 @ 0x5b87e4b18e80] using cpu capabilities: MMX2 SSE2Fast SSSE3 SSE4.2 AVX FMA3 BMI2 AVX2
[libx264 @ 0x5b87e4b18e80] profile High, level 4.0, 4:2:0, 8-bit
[libx264 @ 0x5b87e4b18e80] 264 - core 164 r3108 31e19f9 - H.264/MPEG-4 AVC codec - Copyleft 2003-2023 - http://www.videolan.org/x264.html - options: cabac=1 ref=3 deblock=1:0:0 analyse=0x3:0x113 me=hex subme=7 psy=1 psy_rd=1.00:0.00 mixed_ref=1 me_range=16 chroma_me=1 trellis=1 8x8dct=1 cqm=0 deadzone=21,11 fast_pskip=1 chroma_qp_offset=-2 threads=30 lookahead_threads=5 sliced_threads=0 nr=0 decimate=1 interlaced=0 bluray_compat=0 constrained_intra=0 bframes=3 b_pyramid=2 b_adapt=1 b_bias=0 direct=1 weightb=1 open_gop=0 weightp=2 keyint=250 keyint_min=25 scenecut=40 intra_refresh=0 rc_lookahead=40 rc=crf mbtree=1 crf=23.0 qcomp=0.60 qpmin=0 qpmax=69 qpstep=4 ip_ratio=1.40 aq=1:1.00
Output #0, mp4, to './src/test/resources/output/translation/tempVideo/410.mp4':
  Metadata:
    encoder         : Lavf61.1.100
  Stream #0:0: Video: h264 (avc1 / 0x31637661), yuvj420p(pc, progressive), 2048x1024 [SAR 4501:9000 DAR 4501:4500], q=2-31, 25 fps, 12800 tbn
      Metadata:
        encoder         : Lavc61.3.100 libx264
      Side data:
        cpb: bitrate max/min/avg: 0/0/0 buffer size: 0 vbv_delay: N/A
[out#0/mp4 @ 0x5b87e4b20b40] video:32KiB audio:0KiB subtitle:0KiB other streams:0KiB global headers:0KiB muxing overhead: 2.923941%
frame=    6 fps=0.0 q=-1.0 Lsize=      33KiB time=00:00:00.16 bitrate=1677.3kbits/s dup=0 drop=19 speed=0.658x    
[libx264 @ 0x5b87e4b18e80] frame I:1     Avg QP:18.33  size: 30345
[libx264 @ 0x5b87e4b18e80] frame P:2     Avg QP:17.77  size:   406
[libx264 @ 0x5b87e4b18e80] frame B:3     Avg QP:14.20  size:   249
[libx264 @ 0x5b87e4b18e80] consecutive B-frames: 33.3%  0.0%  0.0% 66.7%
[libx264 @ 0x5b87e4b18e80] mb I  I16..4: 25.5% 64.1% 10.4%
[libx264 @ 0x5b87e4b18e80] mb P  I16..4:  0.1%  0.1%  0.0%  P16..4:  0.8%  0.2%  0.1%  0.0%  0.0%    skip:98.7%
[libx264 @ 0x5b87e4b18e80] mb B  I16..4:  0.1%  0.0%  0.0%  B16..8:  1.2%  0.1%  0.0%  direct: 0.0%  skip:98.6%  L0:38.2% L1:59.3% BI: 2.5%
[libx264 @ 0x5b87e4b18e80] 8x8 transform intra:63.9% inter:42.9%
[libx264 @ 0x5b87e4b18e80] coded y,uvDC,uvAC intra: 6.0% 10.1% 9.1% inter: 0.1% 0.0% 0.0%
[libx264 @ 0x5b87e4b18e80] i16 v,h,dc,p: 87% 12%  1%  0%
[libx264 @ 0x5b87e4b18e80] i8 v,h,dc,ddl,ddr,vr,hd,vl,hu: 57%  6% 37%  0%  0%  0%  0%  0%  0%
[libx264 @ 0x5b87e4b18e80] i4 v,h,dc,ddl,ddr,vr,hd,vl,hu: 39% 30% 10%  4%  2%  2%  4%  4%  5%
[libx264 @ 0x5b87e4b18e80] i8c dc,h,v,p: 82%  9%  8%  1%
[libx264 @ 0x5b87e4b18e80] Weighted P-Frames: Y:0.0% UV:0.0%
[libx264 @ 0x5b87e4b18e80] ref P L0: 84.4%  0.0%  4.0% 11.6%
[libx264 @ 0x5b87e4b18e80] ref B L0: 84.4% 15.6%
[libx264 @ 0x5b87e4b18e80] ref B L1: 96.6%  3.4%
[libx264 @ 0x5b87e4b18e80] kb/s:1063.43
ffmpeg version 7.0.2-3ubuntu1 Copyright (c) 2000-2024 the FFmpeg developers
  built with gcc 14 (Ubuntu 14.2.0-2ubuntu1)
  configuration: --prefix=/usr --extra-version=3ubuntu1 --toolchain=hardened --libdir=/usr/lib/x86_64-linux-gnu --incdir=/usr/include/x86_64-linux-gnu --arch=amd64 --enable-gpl --disable-stripping --disable-libmfx --disable-omx --enable-gnutls --enable-libaom --enable-libass --enable-libbs2b --enable-libcdio --enable-libcodec2 --enable-libdav1d --enable-libflite --enable-libfontconfig --enable-libfreetype --enable-libfribidi --enable-libglslang --enable-libgme --enable-libgsm --enable-libharfbuzz --enable-libmp3lame --enable-libmysofa --enable-libopenjpeg --enable-libopenmpt --enable-libopus --enable-librubberband --enable-libshine --enable-libsnappy --enable-libsoxr --enable-libspeex --enable-libtheora --enable-libtwolame --enable-libvidstab --enable-libvorbis --enable-libvpx --enable-libwebp --enable-libx265 --enable-libxml2 --enable-libxvid --enable-libzimg --enable-openal --enable-opencl --enable-opengl --disable-sndio --enable-libvpl --enable-libdc1394 --enable-libdrm --enable-libiec61883 --enable-chromaprint --enable-frei0r --enable-ladspa --enable-libbluray --enable-libcaca --enable-libdvdnav --enable-libdvdread --enable-libjack --enable-libpulse --enable-librabbitmq --enable-librist --enable-libsrt --enable-libssh --enable-libsvtav1 --enable-libx264 --enable-libzmq --enable-libzvbi --enable-lv2 --enable-sdl2 --enable-libplacebo --enable-librav1e --enable-pocketsphinx --enable-librsvg --enable-libjxl --enable-shared
  libavutil      59.  8.100 / 59.  8.100
  libavcodec     61.  3.100 / 61.  3.100
  libavformat    61.  1.100 / 61.  1.100
  libavdevice    61.  1.100 / 61.  1.100
  libavfilter    10.  1.100 / 10.  1.100
  libswscale      8.  1.100 /  8.  1.100
  libswresample   5.  1.100 /  5.  1.100
  libpostproc    58.  1.100 / 58.  1.100
Input #0, concat, from '/home/marco-lasagna/Scaricati/ffmpeg-java/inputFile.txt':
  Duration: N/A, start: 0.000000, bitrate: N/A
  Stream #0:0: Video: mjpeg (Baseline), yuvj420p(pc, bt470bg/unknown/unknown), 4501x4500 [SAR 1:1 DAR 4501:4500], 25 fps, 25 tbr, 25 tbn
Stream mapping:
  Stream #0:0 -> #0:0 (mjpeg (native) -> h264 (libx264))
Press [q] to stop, [?] for help
[swscaler @ 0x73a604016b00] deprecated pixel format used, make sure you did set range correctly
    Last message repeated 1 times
[swscaler @ 0x73a604b407c0] deprecated pixel format used, make sure you did set range correctly
    Last message repeated 1 times
[vost#0:0/libx264 @ 0x5e5fc4092ac0] No information about the input framerate is available. Falling back to a default value of 25fps. Use the -r option if you want a different framerate.
[libx264 @ 0x5e5fc4088e80] using SAR=2048/4095
[libx264 @ 0x5e5fc4088e80] using cpu capabilities: MMX2 SSE2Fast SSSE3 SSE4.2 AVX FMA3 BMI2 AVX2
[libx264 @ 0x5e5fc4088e80] profile High, level 4.0, 4:2:0, 8-bit
[libx264 @ 0x5e5fc4088e80] 264 - core 164 r3108 31e19f9 - H.264/MPEG-4 AVC codec - Copyleft 2003-2023 - http://www.videolan.org/x264.html - options: cabac=1 ref=3 deblock=1:0:0 analyse=0x3:0x113 me=hex subme=7 psy=1 psy_rd=1.00:0.00 mixed_ref=1 me_range=16 chroma_me=1 trellis=1 8x8dct=1 cqm=0 deadzone=21,11 fast_pskip=1 chroma_qp_offset=-2 threads=30 lookahead_threads=5 sliced_threads=0 nr=0 decimate=1 interlaced=0 bluray_compat=0 constrained_intra=0 bframes=3 b_pyramid=2 b_adapt=1 b_bias=0 direct=1 weightb=1 open_gop=0 weightp=2 keyint=250 keyint_min=25 scenecut=40 intra_refresh=0 rc_lookahead=40 rc=crf mbtree=1 crf=23.0 qcomp=0.60 qpmin=0 qpmax=69 qpstep=4 ip_ratio=1.40 aq=1:1.00
Output #0, mp4, to './src/test/resources/output/translation/tempVideo/420.mp4':
  Metadata:
    encoder         : Lavf61.1.100
  Stream #0:0: Video: h264 (avc1 / 0x31637661), yuvj420p(pc, progressive), 2048x1024 [SAR 4501:9000 DAR 4501:4500], q=2-31, 25 fps, 12800 tbn
      Metadata:
        encoder         : Lavc61.3.100 libx264
      Side data:
        cpb: bitrate max/min/avg: 0/0/0 buffer size: 0 vbv_delay: N/A
[out#0/mp4 @ 0x5e5fc4090b40] video:32KiB audio:0KiB subtitle:0KiB other streams:0KiB global headers:0KiB muxing overhead: 2.922954%
frame=    6 fps=0.0 q=-1.0 Lsize=      33KiB time=00:00:00.16 bitrate=1677.8kbits/s dup=0 drop=19 speed=0.642x    
[libx264 @ 0x5e5fc4088e80] frame I:1     Avg QP:18.55  size: 30313
[libx264 @ 0x5e5fc4088e80] frame P:2     Avg QP:18.98  size:   421
[libx264 @ 0x5e5fc4088e80] frame B:3     Avg QP:25.15  size:   253
[libx264 @ 0x5e5fc4088e80] consecutive B-frames: 33.3%  0.0%  0.0% 66.7%
[libx264 @ 0x5e5fc4088e80] mb I  I16..4: 16.8% 72.9% 10.3%
[libx264 @ 0x5e5fc4088e80] mb P  I16..4:  0.1%  0.1%  0.0%  P16..4:  1.0%  0.1%  0.1%  0.0%  0.0%    skip:98.5%
[libx264 @ 0x5e5fc4088e80] mb B  I16..4:  0.0%  0.0%  0.0%  B16..8:  1.3%  0.1%  0.0%  direct: 0.0%  skip:98.5%  L0:41.9% L1:55.7% BI: 2.5%
[libx264 @ 0x5e5fc4088e80] 8x8 transform intra:72.7% inter:40.4%
[libx264 @ 0x5e5fc4088e80] coded y,uvDC,uvAC intra: 5.9% 10.1% 9.1% inter: 0.1% 0.0% 0.0%
[libx264 @ 0x5e5fc4088e80] i16 v,h,dc,p: 81% 17%  1%  0%
[libx264 @ 0x5e5fc4088e80] i8 v,h,dc,ddl,ddr,vr,hd,vl,hu: 59%  8% 33%  0%  0%  0%  0%  0%  0%
[libx264 @ 0x5e5fc4088e80] i4 v,h,dc,ddl,ddr,vr,hd,vl,hu: 39% 30%  9%  4%  2%  2%  4%  4%  5%
[libx264 @ 0x5e5fc4088e80] i8c dc,h,v,p: 82%  9%  8%  1%
[libx264 @ 0x5e5fc4088e80] Weighted P-Frames: Y:0.0% UV:0.0%
[libx264 @ 0x5e5fc4088e80] ref P L0: 90.3%  0.9%  3.8%  5.0%
[libx264 @ 0x5e5fc4088e80] ref B L0: 88.9% 11.1%
[libx264 @ 0x5e5fc4088e80] ref B L1: 97.0%  3.0%
[libx264 @ 0x5e5fc4088e80] kb/s:1063.80
ffmpeg version 7.0.2-3ubuntu1 Copyright (c) 2000-2024 the FFmpeg developers
  built with gcc 14 (Ubuntu 14.2.0-2ubuntu1)
  configuration: --prefix=/usr --extra-version=3ubuntu1 --toolchain=hardened --libdir=/usr/lib/x86_64-linux-gnu --incdir=/usr/include/x86_64-linux-gnu --arch=amd64 --enable-gpl --disable-stripping --disable-libmfx --disable-omx --enable-gnutls --enable-libaom --enable-libass --enable-libbs2b --enable-libcdio --enable-libcodec2 --enable-libdav1d --enable-libflite --enable-libfontconfig --enable-libfreetype --enable-libfribidi --enable-libglslang --enable-libgme --enable-libgsm --enable-libharfbuzz --enable-libmp3lame --enable-libmysofa --enable-libopenjpeg --enable-libopenmpt --enable-libopus --enable-librubberband --enable-libshine --enable-libsnappy --enable-libsoxr --enable-libspeex --enable-libtheora --enable-libtwolame --enable-libvidstab --enable-libvorbis --enable-libvpx --enable-libwebp --enable-libx265 --enable-libxml2 --enable-libxvid --enable-libzimg --enable-openal --enable-opencl --enable-opengl --disable-sndio --enable-libvpl --enable-libdc1394 --enable-libdrm --enable-libiec61883 --enable-chromaprint --enable-frei0r --enable-ladspa --enable-libbluray --enable-libcaca --enable-libdvdnav --enable-libdvdread --enable-libjack --enable-libpulse --enable-librabbitmq --enable-librist --enable-libsrt --enable-libssh --enable-libsvtav1 --enable-libx264 --enable-libzmq --enable-libzvbi --enable-lv2 --enable-sdl2 --enable-libplacebo --enable-librav1e --enable-pocketsphinx --enable-librsvg --enable-libjxl --enable-shared
  libavutil      59.  8.100 / 59.  8.100
  libavcodec     61.  3.100 / 61.  3.100
  libavformat    61.  1.100 / 61.  1.100
  libavdevice    61.  1.100 / 61.  1.100
  libavfilter    10.  1.100 / 10.  1.100
  libswscale      8.  1.100 /  8.  1.100
  libswresample   5.  1.100 /  5.  1.100
  libpostproc    58.  1.100 / 58.  1.100
Input #0, concat, from '/home/marco-lasagna/Scaricati/ffmpeg-java/inputFile.txt':
  Duration: N/A, start: 0.000000, bitrate: N/A
  Stream #0:0: Video: mjpeg (Baseline), yuvj420p(pc, bt470bg/unknown/unknown), 4501x4500 [SAR 1:1 DAR 4501:4500], 25 fps, 25 tbr, 25 tbn
Stream mapping:
  Stream #0:0 -> #0:0 (mjpeg (native) -> h264 (libx264))
Press [q] to stop, [?] for help
[swscaler @ 0x776404016b00] deprecated pixel format used, make sure you did set range correctly
    Last message repeated 1 times
[swscaler @ 0x776404b407c0] deprecated pixel format used, make sure you did set range correctly
    Last message repeated 1 times
[vost#0:0/libx264 @ 0x5a1187636ac0] No information about the input framerate is available. Falling back to a default value of 25fps. Use the -r option if you want a different framerate.
[libx264 @ 0x5a118762ce80] using SAR=2048/4095
[libx264 @ 0x5a118762ce80] using cpu capabilities: MMX2 SSE2Fast SSSE3 SSE4.2 AVX FMA3 BMI2 AVX2
[libx264 @ 0x5a118762ce80] profile High, level 4.0, 4:2:0, 8-bit
[libx264 @ 0x5a118762ce80] 264 - core 164 r3108 31e19f9 - H.264/MPEG-4 AVC codec - Copyleft 2003-2023 - http://www.videolan.org/x264.html - options: cabac=1 ref=3 deblock=1:0:0 analyse=0x3:0x113 me=hex subme=7 psy=1 psy_rd=1.00:0.00 mixed_ref=1 me_range=16 chroma_me=1 trellis=1 8x8dct=1 cqm=0 deadzone=21,11 fast_pskip=1 chroma_qp_offset=-2 threads=30 lookahead_threads=5 sliced_threads=0 nr=0 decimate=1 interlaced=0 bluray_compat=0 constrained_intra=0 bframes=3 b_pyramid=2 b_adapt=1 b_bias=0 direct=1 weightb=1 open_gop=0 weightp=2 keyint=250 keyint_min=25 scenecut=40 intra_refresh=0 rc_lookahead=40 rc=crf mbtree=1 crf=23.0 qcomp=0.60 qpmin=0 qpmax=69 qpstep=4 ip_ratio=1.40 aq=1:1.00
Output #0, mp4, to './src/test/resources/output/translation/tempVideo/430.mp4':
  Metadata:
    encoder         : Lavf61.1.100
  Stream #0:0: Video: h264 (avc1 / 0x31637661), yuvj420p(pc, progressive), 2048x1024 [SAR 4501:9000 DAR 4501:4500], q=2-31, 25 fps, 12800 tbn
      Metadata:
        encoder         : Lavc61.3.100 libx264
      Side data:
        cpb: bitrate max/min/avg: 0/0/0 buffer size: 0 vbv_delay: N/A
[out#0/mp4 @ 0x5a1187634b40] video:32KiB audio:0KiB subtitle:0KiB other streams:0KiB global headers:0KiB muxing overhead: 2.921252%
frame=    6 fps=0.0 q=-1.0 Lsize=      33KiB time=00:00:00.16 bitrate=1678.8kbits/s dup=0 drop=19 speed=0.663x    
[libx264 @ 0x5a118762ce80] frame I:1     Avg QP:18.39  size: 30324
[libx264 @ 0x5a118762ce80] frame P:2     Avg QP:17.17  size:   414
[libx264 @ 0x5a118762ce80] frame B:3     Avg QP:17.64  size:   260
[libx264 @ 0x5a118762ce80] consecutive B-frames: 33.3%  0.0%  0.0% 66.7%
[libx264 @ 0x5a118762ce80] mb I  I16..4: 25.6% 64.0% 10.4%
[libx264 @ 0x5a118762ce80] mb P  I16..4:  0.1%  0.1%  0.0%  P16..4:  1.2%  0.2%  0.0%  0.0%  0.0%    skip:98.3%
[libx264 @ 0x5a118762ce80] mb B  I16..4:  0.0%  0.0%  0.0%  B16..8:  1.2%  0.1%  0.0%  direct: 0.0%  skip:98.6%  L0:56.7% L1:41.2% BI: 2.1%
[libx264 @ 0x5a118762ce80] 8x8 transform intra:63.9% inter:19.5%
[libx264 @ 0x5a118762ce80] coded y,uvDC,uvAC intra: 6.0% 10.2% 9.1% inter: 0.1% 0.0% 0.0%
[libx264 @ 0x5a118762ce80] i16 v,h,dc,p: 87% 12%  1%  0%
[libx264 @ 0x5a118762ce80] i8 v,h,dc,ddl,ddr,vr,hd,vl,hu: 53% 13% 34%  0%  0%  0%  0%  0%  0%
[libx264 @ 0x5a118762ce80] i4 v,h,dc,ddl,ddr,vr,hd,vl,hu: 39% 30% 10%  4%  2%  2%  4%  4%  5%
[libx264 @ 0x5a118762ce80] i8c dc,h,v,p: 82%  9%  8%  1%
[libx264 @ 0x5a118762ce80] Weighted P-Frames: Y:0.0% UV:0.0%
[libx264 @ 0x5a118762ce80] ref P L0: 93.0%  0.6%  2.3%  4.1%
[libx264 @ 0x5a118762ce80] ref B L0: 90.3%  9.7%
[libx264 @ 0x5a118762ce80] ref B L1: 97.9%  2.1%
[libx264 @ 0x5a118762ce80] kb/s:1064.43
ffmpeg version 7.0.2-3ubuntu1 Copyright (c) 2000-2024 the FFmpeg developers
  built with gcc 14 (Ubuntu 14.2.0-2ubuntu1)
  configuration: --prefix=/usr --extra-version=3ubuntu1 --toolchain=hardened --libdir=/usr/lib/x86_64-linux-gnu --incdir=/usr/include/x86_64-linux-gnu --arch=amd64 --enable-gpl --disable-stripping --disable-libmfx --disable-omx --enable-gnutls --enable-libaom --enable-libass --enable-libbs2b --enable-libcdio --enable-libcodec2 --enable-libdav1d --enable-libflite --enable-libfontconfig --enable-libfreetype --enable-libfribidi --enable-libglslang --enable-libgme --enable-libgsm --enable-libharfbuzz --enable-libmp3lame --enable-libmysofa --enable-libopenjpeg --enable-libopenmpt --enable-libopus --enable-librubberband --enable-libshine --enable-libsnappy --enable-libsoxr --enable-libspeex --enable-libtheora --enable-libtwolame --enable-libvidstab --enable-libvorbis --enable-libvpx --enable-libwebp --enable-libx265 --enable-libxml2 --enable-libxvid --enable-libzimg --enable-openal --enable-opencl --enable-opengl --disable-sndio --enable-libvpl --enable-libdc1394 --enable-libdrm --enable-libiec61883 --enable-chromaprint --enable-frei0r --enable-ladspa --enable-libbluray --enable-libcaca --enable-libdvdnav --enable-libdvdread --enable-libjack --enable-libpulse --enable-librabbitmq --enable-librist --enable-libsrt --enable-libssh --enable-libsvtav1 --enable-libx264 --enable-libzmq --enable-libzvbi --enable-lv2 --enable-sdl2 --enable-libplacebo --enable-librav1e --enable-pocketsphinx --enable-librsvg --enable-libjxl --enable-shared
  libavutil      59.  8.100 / 59.  8.100
  libavcodec     61.  3.100 / 61.  3.100
  libavformat    61.  1.100 / 61.  1.100
  libavdevice    61.  1.100 / 61.  1.100
  libavfilter    10.  1.100 / 10.  1.100
  libswscale      8.  1.100 /  8.  1.100
  libswresample   5.  1.100 /  5.  1.100
  libpostproc    58.  1.100 / 58.  1.100
Input #0, concat, from '/home/marco-lasagna/Scaricati/ffmpeg-java/inputFile.txt':
  Duration: N/A, start: 0.000000, bitrate: N/A
  Stream #0:0: Video: mjpeg (Baseline), yuvj420p(pc, bt470bg/unknown/unknown), 4501x4500 [SAR 1:1 DAR 4501:4500], 25 fps, 25 tbr, 25 tbn
Stream mapping:
  Stream #0:0 -> #0:0 (mjpeg (native) -> h264 (libx264))
Press [q] to stop, [?] for help
[swscaler @ 0x7501f8016b00] deprecated pixel format used, make sure you did set range correctly
    Last message repeated 1 times
[swscaler @ 0x7501f8b407c0] deprecated pixel format used, make sure you did set range correctly
    Last message repeated 1 times
[vost#0:0/libx264 @ 0x5fc505b9aac0] No information about the input framerate is available. Falling back to a default value of 25fps. Use the -r option if you want a different framerate.
[libx264 @ 0x5fc505b90e80] using SAR=2048/4095
[libx264 @ 0x5fc505b90e80] using cpu capabilities: MMX2 SSE2Fast SSSE3 SSE4.2 AVX FMA3 BMI2 AVX2
[libx264 @ 0x5fc505b90e80] profile High, level 4.0, 4:2:0, 8-bit
[libx264 @ 0x5fc505b90e80] 264 - core 164 r3108 31e19f9 - H.264/MPEG-4 AVC codec - Copyleft 2003-2023 - http://www.videolan.org/x264.html - options: cabac=1 ref=3 deblock=1:0:0 analyse=0x3:0x113 me=hex subme=7 psy=1 psy_rd=1.00:0.00 mixed_ref=1 me_range=16 chroma_me=1 trellis=1 8x8dct=1 cqm=0 deadzone=21,11 fast_pskip=1 chroma_qp_offset=-2 threads=30 lookahead_threads=5 sliced_threads=0 nr=0 decimate=1 interlaced=0 bluray_compat=0 constrained_intra=0 bframes=3 b_pyramid=2 b_adapt=1 b_bias=0 direct=1 weightb=1 open_gop=0 weightp=2 keyint=250 keyint_min=25 scenecut=40 intra_refresh=0 rc_lookahead=40 rc=crf mbtree=1 crf=23.0 qcomp=0.60 qpmin=0 qpmax=69 qpstep=4 ip_ratio=1.40 aq=1:1.00
Output #0, mp4, to './src/test/resources/output/translation/tempVideo/440.mp4':
  Metadata:
    encoder         : Lavf61.1.100
  Stream #0:0: Video: h264 (avc1 / 0x31637661), yuvj420p(pc, progressive), 2048x1024 [SAR 4501:9000 DAR 4501:4500], q=2-31, 25 fps, 12800 tbn
      Metadata:
        encoder         : Lavc61.3.100 libx264
      Side data:
        cpb: bitrate max/min/avg: 0/0/0 buffer size: 0 vbv_delay: N/A
[out#0/mp4 @ 0x5fc505b98b40] video:32KiB audio:0KiB subtitle:0KiB other streams:0KiB global headers:0KiB muxing overhead: 2.916424%
frame=    6 fps=0.0 q=-1.0 Lsize=      33KiB time=00:00:00.16 bitrate=1681.5kbits/s dup=0 drop=19 speed=0.653x    
[libx264 @ 0x5fc505b90e80] frame I:1     Avg QP:18.58  size: 30342
[libx264 @ 0x5fc505b90e80] frame P:2     Avg QP:17.06  size:   430
[libx264 @ 0x5fc505b90e80] frame B:3     Avg QP:13.63  size:   262
[libx264 @ 0x5fc505b90e80] consecutive B-frames: 33.3%  0.0%  0.0% 66.7%
[libx264 @ 0x5fc505b90e80] mb I  I16..4: 25.7% 63.8% 10.5%
[libx264 @ 0x5fc505b90e80] mb P  I16..4:  0.1%  0.2%  0.0%  P16..4:  1.3%  0.2%  0.0%  0.0%  0.0%    skip:98.2%
[libx264 @ 0x5fc505b90e80] mb B  I16..4:  0.1%  0.0%  0.0%  B16..8:  1.4%  0.1%  0.0%  direct: 0.0%  skip:98.4%  L0:40.8% L1:55.9% BI: 3.2%
[libx264 @ 0x5fc505b90e80] 8x8 transform intra:63.7% inter:21.9%
[libx264 @ 0x5fc505b90e80] coded y,uvDC,uvAC intra: 6.0% 10.1% 9.1% inter: 0.1% 0.0% 0.0%
[libx264 @ 0x5fc505b90e80] i16 v,h,dc,p: 87% 12%  1%  0%
[libx264 @ 0x5fc505b90e80] i8 v,h,dc,ddl,ddr,vr,hd,vl,hu: 60%  6% 33%  0%  0%  0%  0%  0%  0%
[libx264 @ 0x5fc505b90e80] i4 v,h,dc,ddl,ddr,vr,hd,vl,hu: 39% 30% 10%  4%  2%  2%  4%  4%  5%
[libx264 @ 0x5fc505b90e80] i8c dc,h,v,p: 82%  9%  8%  1%
[libx264 @ 0x5fc505b90e80] Weighted P-Frames: Y:0.0% UV:0.0%
[libx264 @ 0x5fc505b90e80] ref P L0: 92.6%  0.4%  2.2%  4.8%
[libx264 @ 0x5fc505b90e80] ref B L0: 81.2% 18.8%
[libx264 @ 0x5fc505b90e80] ref B L1: 99.1%  0.9%
[libx264 @ 0x5fc505b90e80] kb/s:1066.23
ffmpeg version 7.0.2-3ubuntu1 Copyright (c) 2000-2024 the FFmpeg developers
  built with gcc 14 (Ubuntu 14.2.0-2ubuntu1)
  configuration: --prefix=/usr --extra-version=3ubuntu1 --toolchain=hardened --libdir=/usr/lib/x86_64-linux-gnu --incdir=/usr/include/x86_64-linux-gnu --arch=amd64 --enable-gpl --disable-stripping --disable-libmfx --disable-omx --enable-gnutls --enable-libaom --enable-libass --enable-libbs2b --enable-libcdio --enable-libcodec2 --enable-libdav1d --enable-libflite --enable-libfontconfig --enable-libfreetype --enable-libfribidi --enable-libglslang --enable-libgme --enable-libgsm --enable-libharfbuzz --enable-libmp3lame --enable-libmysofa --enable-libopenjpeg --enable-libopenmpt --enable-libopus --enable-librubberband --enable-libshine --enable-libsnappy --enable-libsoxr --enable-libspeex --enable-libtheora --enable-libtwolame --enable-libvidstab --enable-libvorbis --enable-libvpx --enable-libwebp --enable-libx265 --enable-libxml2 --enable-libxvid --enable-libzimg --enable-openal --enable-opencl --enable-opengl --disable-sndio --enable-libvpl --enable-libdc1394 --enable-libdrm --enable-libiec61883 --enable-chromaprint --enable-frei0r --enable-ladspa --enable-libbluray --enable-libcaca --enable-libdvdnav --enable-libdvdread --enable-libjack --enable-libpulse --enable-librabbitmq --enable-librist --enable-libsrt --enable-libssh --enable-libsvtav1 --enable-libx264 --enable-libzmq --enable-libzvbi --enable-lv2 --enable-sdl2 --enable-libplacebo --enable-librav1e --enable-pocketsphinx --enable-librsvg --enable-libjxl --enable-shared
  libavutil      59.  8.100 / 59.  8.100
  libavcodec     61.  3.100 / 61.  3.100
  libavformat    61.  1.100 / 61.  1.100
  libavdevice    61.  1.100 / 61.  1.100
  libavfilter    10.  1.100 / 10.  1.100
  libswscale      8.  1.100 /  8.  1.100
  libswresample   5.  1.100 /  5.  1.100
  libpostproc    58.  1.100 / 58.  1.100
Input #0, concat, from '/home/marco-lasagna/Scaricati/ffmpeg-java/inputFile.txt':
  Duration: N/A, start: 0.000000, bitrate: N/A
  Stream #0:0: Video: mjpeg (Baseline), yuvj420p(pc, bt470bg/unknown/unknown), 4501x4500 [SAR 1:1 DAR 4501:4500], 25 fps, 25 tbr, 25 tbn
Stream mapping:
  Stream #0:0 -> #0:0 (mjpeg (native) -> h264 (libx264))
Press [q] to stop, [?] for help
[swscaler @ 0x7300cc016b00] deprecated pixel format used, make sure you did set range correctly
    Last message repeated 1 times
[swscaler @ 0x7300ccb407c0] deprecated pixel format used, make sure you did set range correctly
    Last message repeated 1 times
[vost#0:0/libx264 @ 0x615dc2c8fac0] No information about the input framerate is available. Falling back to a default value of 25fps. Use the -r option if you want a different framerate.
[libx264 @ 0x615dc2c85e80] using SAR=2048/4095
[libx264 @ 0x615dc2c85e80] using cpu capabilities: MMX2 SSE2Fast SSSE3 SSE4.2 AVX FMA3 BMI2 AVX2
[libx264 @ 0x615dc2c85e80] profile High, level 4.0, 4:2:0, 8-bit
[libx264 @ 0x615dc2c85e80] 264 - core 164 r3108 31e19f9 - H.264/MPEG-4 AVC codec - Copyleft 2003-2023 - http://www.videolan.org/x264.html - options: cabac=1 ref=3 deblock=1:0:0 analyse=0x3:0x113 me=hex subme=7 psy=1 psy_rd=1.00:0.00 mixed_ref=1 me_range=16 chroma_me=1 trellis=1 8x8dct=1 cqm=0 deadzone=21,11 fast_pskip=1 chroma_qp_offset=-2 threads=30 lookahead_threads=5 sliced_threads=0 nr=0 decimate=1 interlaced=0 bluray_compat=0 constrained_intra=0 bframes=3 b_pyramid=2 b_adapt=1 b_bias=0 direct=1 weightb=1 open_gop=0 weightp=2 keyint=250 keyint_min=25 scenecut=40 intra_refresh=0 rc_lookahead=40 rc=crf mbtree=1 crf=23.0 qcomp=0.60 qpmin=0 qpmax=69 qpstep=4 ip_ratio=1.40 aq=1:1.00
Output #0, mp4, to './src/test/resources/output/translation/tempVideo/450.mp4':
  Metadata:
    encoder         : Lavf61.1.100
  Stream #0:0: Video: h264 (avc1 / 0x31637661), yuvj420p(pc, progressive), 2048x1024 [SAR 4501:9000 DAR 4501:4500], q=2-31, 25 fps, 12800 tbn
      Metadata:
        encoder         : Lavc61.3.100 libx264
      Side data:
        cpb: bitrate max/min/avg: 0/0/0 buffer size: 0 vbv_delay: N/A
[out#0/mp4 @ 0x615dc2c8db40] video:32KiB audio:0KiB subtitle:0KiB other streams:0KiB global headers:0KiB muxing overhead: 2.911880%
frame=    6 fps=0.0 q=-1.0 Lsize=      33KiB time=00:00:00.16 bitrate=1684.0kbits/s dup=0 drop=19 speed=0.668x    
[libx264 @ 0x615dc2c85e80] frame I:1     Avg QP:18.57  size: 30351
[libx264 @ 0x615dc2c85e80] frame P:2     Avg QP:20.54  size:   436
[libx264 @ 0x615dc2c85e80] frame B:3     Avg QP:18.22  size:   271
[libx264 @ 0x615dc2c85e80] consecutive B-frames: 33.3%  0.0%  0.0% 66.7%
[libx264 @ 0x615dc2c85e80] mb I  I16..4: 16.8% 72.8% 10.5%
[libx264 @ 0x615dc2c85e80] mb P  I16..4:  0.1%  0.1%  0.0%  P16..4:  1.2%  0.2%  0.0%  0.0%  0.0%    skip:98.3%
[libx264 @ 0x615dc2c85e80] mb B  I16..4:  0.1%  0.0%  0.0%  B16..8:  1.3%  0.1%  0.0%  direct: 0.0%  skip:98.5%  L0:36.8% L1:61.4% BI: 1.8%
[libx264 @ 0x615dc2c85e80] 8x8 transform intra:72.6% inter:39.0%
[libx264 @ 0x615dc2c85e80] coded y,uvDC,uvAC intra: 6.0% 10.2% 9.1% inter: 0.1% 0.0% 0.0%
[libx264 @ 0x615dc2c85e80] i16 v,h,dc,p: 82% 17%  1%  0%
[libx264 @ 0x615dc2c85e80] i8 v,h,dc,ddl,ddr,vr,hd,vl,hu: 58%  8% 33%  0%  0%  0%  0%  0%  0%
[libx264 @ 0x615dc2c85e80] i4 v,h,dc,ddl,ddr,vr,hd,vl,hu: 40% 29%  9%  4%  2%  2%  4%  4%  5%
[libx264 @ 0x615dc2c85e80] i8c dc,h,v,p: 82%  9%  8%  1%
[libx264 @ 0x615dc2c85e80] Weighted P-Frames: Y:0.0% UV:0.0%
[libx264 @ 0x615dc2c85e80] ref P L0: 88.4%  0.5%  2.1%  9.0%
[libx264 @ 0x615dc2c85e80] ref B L0: 79.9% 20.1%
[libx264 @ 0x615dc2c85e80] ref B L1: 98.6%  1.4%
[libx264 @ 0x615dc2c85e80] kb/s:1067.93
ffmpeg version 7.0.2-3ubuntu1 Copyright (c) 2000-2024 the FFmpeg developers
  built with gcc 14 (Ubuntu 14.2.0-2ubuntu1)
  configuration: --prefix=/usr --extra-version=3ubuntu1 --toolchain=hardened --libdir=/usr/lib/x86_64-linux-gnu --incdir=/usr/include/x86_64-linux-gnu --arch=amd64 --enable-gpl --disable-stripping --disable-libmfx --disable-omx --enable-gnutls --enable-libaom --enable-libass --enable-libbs2b --enable-libcdio --enable-libcodec2 --enable-libdav1d --enable-libflite --enable-libfontconfig --enable-libfreetype --enable-libfribidi --enable-libglslang --enable-libgme --enable-libgsm --enable-libharfbuzz --enable-libmp3lame --enable-libmysofa --enable-libopenjpeg --enable-libopenmpt --enable-libopus --enable-librubberband --enable-libshine --enable-libsnappy --enable-libsoxr --enable-libspeex --enable-libtheora --enable-libtwolame --enable-libvidstab --enable-libvorbis --enable-libvpx --enable-libwebp --enable-libx265 --enable-libxml2 --enable-libxvid --enable-libzimg --enable-openal --enable-opencl --enable-opengl --disable-sndio --enable-libvpl --enable-libdc1394 --enable-libdrm --enable-libiec61883 --enable-chromaprint --enable-frei0r --enable-ladspa --enable-libbluray --enable-libcaca --enable-libdvdnav --enable-libdvdread --enable-libjack --enable-libpulse --enable-librabbitmq --enable-librist --enable-libsrt --enable-libssh --enable-libsvtav1 --enable-libx264 --enable-libzmq --enable-libzvbi --enable-lv2 --enable-sdl2 --enable-libplacebo --enable-librav1e --enable-pocketsphinx --enable-librsvg --enable-libjxl --enable-shared
  libavutil      59.  8.100 / 59.  8.100
  libavcodec     61.  3.100 / 61.  3.100
  libavformat    61.  1.100 / 61.  1.100
  libavdevice    61.  1.100 / 61.  1.100
  libavfilter    10.  1.100 / 10.  1.100
  libswscale      8.  1.100 /  8.  1.100
  libswresample   5.  1.100 /  5.  1.100
  libpostproc    58.  1.100 / 58.  1.100
Input #0, concat, from '/home/marco-lasagna/Scaricati/ffmpeg-java/inputFile.txt':
  Duration: N/A, start: 0.000000, bitrate: N/A
  Stream #0:0: Video: mjpeg (Baseline), yuvj420p(pc, bt470bg/unknown/unknown), 4501x4500 [SAR 1:1 DAR 4501:4500], 25 fps, 25 tbr, 25 tbn
Stream mapping:
  Stream #0:0 -> #0:0 (mjpeg (native) -> h264 (libx264))
Press [q] to stop, [?] for help
[swscaler @ 0x706f9c016b00] deprecated pixel format used, make sure you did set range correctly
    Last message repeated 1 times
[swscaler @ 0x706f9cb407c0] deprecated pixel format used, make sure you did set range correctly
    Last message repeated 1 times
[vost#0:0/libx264 @ 0x6029fe73fac0] No information about the input framerate is available. Falling back to a default value of 25fps. Use the -r option if you want a different framerate.
[libx264 @ 0x6029fe735e80] using SAR=2048/4095
[libx264 @ 0x6029fe735e80] using cpu capabilities: MMX2 SSE2Fast SSSE3 SSE4.2 AVX FMA3 BMI2 AVX2
[libx264 @ 0x6029fe735e80] profile High, level 4.0, 4:2:0, 8-bit
[libx264 @ 0x6029fe735e80] 264 - core 164 r3108 31e19f9 - H.264/MPEG-4 AVC codec - Copyleft 2003-2023 - http://www.videolan.org/x264.html - options: cabac=1 ref=3 deblock=1:0:0 analyse=0x3:0x113 me=hex subme=7 psy=1 psy_rd=1.00:0.00 mixed_ref=1 me_range=16 chroma_me=1 trellis=1 8x8dct=1 cqm=0 deadzone=21,11 fast_pskip=1 chroma_qp_offset=-2 threads=30 lookahead_threads=5 sliced_threads=0 nr=0 decimate=1 interlaced=0 bluray_compat=0 constrained_intra=0 bframes=3 b_pyramid=2 b_adapt=1 b_bias=0 direct=1 weightb=1 open_gop=0 weightp=2 keyint=250 keyint_min=25 scenecut=40 intra_refresh=0 rc_lookahead=40 rc=crf mbtree=1 crf=23.0 qcomp=0.60 qpmin=0 qpmax=69 qpstep=4 ip_ratio=1.40 aq=1:1.00
Output #0, mp4, to './src/test/resources/output/translation/tempVideo/460.mp4':
  Metadata:
    encoder         : Lavf61.1.100
  Stream #0:0: Video: h264 (avc1 / 0x31637661), yuvj420p(pc, progressive), 2048x1024 [SAR 4501:9000 DAR 4501:4500], q=2-31, 25 fps, 12800 tbn
      Metadata:
        encoder         : Lavc61.3.100 libx264
      Side data:
        cpb: bitrate max/min/avg: 0/0/0 buffer size: 0 vbv_delay: N/A
[out#0/mp4 @ 0x6029fe73db40] video:32KiB audio:0KiB subtitle:0KiB other streams:0KiB global headers:0KiB muxing overhead: 2.916781%
frame=    6 fps=0.0 q=-1.0 Lsize=      33KiB time=00:00:00.16 bitrate=1681.3kbits/s dup=0 drop=19 speed=0.662x    
[libx264 @ 0x6029fe735e80] frame I:1     Avg QP:18.53  size: 30351
[libx264 @ 0x6029fe735e80] frame P:2     Avg QP:17.83  size:   438
[libx264 @ 0x6029fe735e80] frame B:3     Avg QP:22.70  size:   252
[libx264 @ 0x6029fe735e80] consecutive B-frames: 33.3%  0.0%  0.0% 66.7%
[libx264 @ 0x6029fe735e80] mb I  I16..4: 25.6% 63.9% 10.5%
[libx264 @ 0x6029fe735e80] mb P  I16..4:  0.1%  0.1%  0.0%  P16..4:  1.3%  0.1%  0.0%  0.0%  0.0%    skip:98.3%
[libx264 @ 0x6029fe735e80] mb B  I16..4:  0.0%  0.0%  0.0%  B16..8:  1.3%  0.1%  0.0%  direct: 0.0%  skip:98.5%  L0:64.2% L1:33.5% BI: 2.3%
[libx264 @ 0x6029fe735e80] 8x8 transform intra:63.8% inter:37.7%
[libx264 @ 0x6029fe735e80] coded y,uvDC,uvAC intra: 6.0% 10.2% 9.1% inter: 0.1% 0.0% 0.0%
[libx264 @ 0x6029fe735e80] i16 v,h,dc,p: 88% 12%  1%  0%
[libx264 @ 0x6029fe735e80] i8 v,h,dc,ddl,ddr,vr,hd,vl,hu: 59%  8% 33%  0%  0%  0%  0%  0%  0%
[libx264 @ 0x6029fe735e80] i4 v,h,dc,ddl,ddr,vr,hd,vl,hu: 39% 30% 10%  4%  2%  2%  4%  4%  5%
[libx264 @ 0x6029fe735e80] i8c dc,h,v,p: 82%  9%  8%  1%
[libx264 @ 0x6029fe735e80] Weighted P-Frames: Y:0.0% UV:0.0%
[libx264 @ 0x6029fe735e80] ref P L0: 90.0%  0.0%  2.1%  8.0%
[libx264 @ 0x6029fe735e80] ref B L0: 86.6% 13.4%
[libx264 @ 0x6029fe735e80] ref B L1: 97.6%  2.4%
[libx264 @ 0x6029fe735e80] kb/s:1066.10
ffmpeg version 7.0.2-3ubuntu1 Copyright (c) 2000-2024 the FFmpeg developers
  built with gcc 14 (Ubuntu 14.2.0-2ubuntu1)
  configuration: --prefix=/usr --extra-version=3ubuntu1 --toolchain=hardened --libdir=/usr/lib/x86_64-linux-gnu --incdir=/usr/include/x86_64-linux-gnu --arch=amd64 --enable-gpl --disable-stripping --disable-libmfx --disable-omx --enable-gnutls --enable-libaom --enable-libass --enable-libbs2b --enable-libcdio --enable-libcodec2 --enable-libdav1d --enable-libflite --enable-libfontconfig --enable-libfreetype --enable-libfribidi --enable-libglslang --enable-libgme --enable-libgsm --enable-libharfbuzz --enable-libmp3lame --enable-libmysofa --enable-libopenjpeg --enable-libopenmpt --enable-libopus --enable-librubberband --enable-libshine --enable-libsnappy --enable-libsoxr --enable-libspeex --enable-libtheora --enable-libtwolame --enable-libvidstab --enable-libvorbis --enable-libvpx --enable-libwebp --enable-libx265 --enable-libxml2 --enable-libxvid --enable-libzimg --enable-openal --enable-opencl --enable-opengl --disable-sndio --enable-libvpl --enable-libdc1394 --enable-libdrm --enable-libiec61883 --enable-chromaprint --enable-frei0r --enable-ladspa --enable-libbluray --enable-libcaca --enable-libdvdnav --enable-libdvdread --enable-libjack --enable-libpulse --enable-librabbitmq --enable-librist --enable-libsrt --enable-libssh --enable-libsvtav1 --enable-libx264 --enable-libzmq --enable-libzvbi --enable-lv2 --enable-sdl2 --enable-libplacebo --enable-librav1e --enable-pocketsphinx --enable-librsvg --enable-libjxl --enable-shared
  libavutil      59.  8.100 / 59.  8.100
  libavcodec     61.  3.100 / 61.  3.100
  libavformat    61.  1.100 / 61.  1.100
  libavdevice    61.  1.100 / 61.  1.100
  libavfilter    10.  1.100 / 10.  1.100
  libswscale      8.  1.100 /  8.  1.100
  libswresample   5.  1.100 /  5.  1.100
  libpostproc    58.  1.100 / 58.  1.100
Input #0, concat, from '/home/marco-lasagna/Scaricati/ffmpeg-java/inputFile.txt':
  Duration: N/A, start: 0.000000, bitrate: N/A
  Stream #0:0: Video: mjpeg (Baseline), yuvj420p(pc, bt470bg/unknown/unknown), 4501x4500 [SAR 1:1 DAR 4501:4500], 25 fps, 25 tbr, 25 tbn
Stream mapping:
  Stream #0:0 -> #0:0 (mjpeg (native) -> h264 (libx264))
Press [q] to stop, [?] for help
[swscaler @ 0x7370a4016b00] deprecated pixel format used, make sure you did set range correctly
    Last message repeated 1 times
[swscaler @ 0x7370a4b407c0] deprecated pixel format used, make sure you did set range correctly
    Last message repeated 1 times
[vost#0:0/libx264 @ 0x5aae3bd3cac0] No information about the input framerate is available. Falling back to a default value of 25fps. Use the -r option if you want a different framerate.
[libx264 @ 0x5aae3bd32e80] using SAR=2048/4095
[libx264 @ 0x5aae3bd32e80] using cpu capabilities: MMX2 SSE2Fast SSSE3 SSE4.2 AVX FMA3 BMI2 AVX2
[libx264 @ 0x5aae3bd32e80] profile High, level 4.0, 4:2:0, 8-bit
[libx264 @ 0x5aae3bd32e80] 264 - core 164 r3108 31e19f9 - H.264/MPEG-4 AVC codec - Copyleft 2003-2023 - http://www.videolan.org/x264.html - options: cabac=1 ref=3 deblock=1:0:0 analyse=0x3:0x113 me=hex subme=7 psy=1 psy_rd=1.00:0.00 mixed_ref=1 me_range=16 chroma_me=1 trellis=1 8x8dct=1 cqm=0 deadzone=21,11 fast_pskip=1 chroma_qp_offset=-2 threads=30 lookahead_threads=5 sliced_threads=0 nr=0 decimate=1 interlaced=0 bluray_compat=0 constrained_intra=0 bframes=3 b_pyramid=2 b_adapt=1 b_bias=0 direct=1 weightb=1 open_gop=0 weightp=2 keyint=250 keyint_min=25 scenecut=40 intra_refresh=0 rc_lookahead=40 rc=crf mbtree=1 crf=23.0 qcomp=0.60 qpmin=0 qpmax=69 qpstep=4 ip_ratio=1.40 aq=1:1.00
Output #0, mp4, to './src/test/resources/output/translation/tempVideo/470.mp4':
  Metadata:
    encoder         : Lavf61.1.100
  Stream #0:0: Video: h264 (avc1 / 0x31637661), yuvj420p(pc, progressive), 2048x1024 [SAR 4501:9000 DAR 4501:4500], q=2-31, 25 fps, 12800 tbn
      Metadata:
        encoder         : Lavc61.3.100 libx264
      Side data:
        cpb: bitrate max/min/avg: 0/0/0 buffer size: 0 vbv_delay: N/A
[out#0/mp4 @ 0x5aae3bd3ab40] video:32KiB audio:0KiB subtitle:0KiB other streams:0KiB global headers:0KiB muxing overhead: 2.910812%
frame=    6 fps=0.0 q=-1.0 Lsize=      33KiB time=00:00:00.16 bitrate=1684.7kbits/s dup=0 drop=19 speed=0.627x    
[libx264 @ 0x5aae3bd32e80] frame I:1     Avg QP:18.69  size: 30389
[libx264 @ 0x5aae3bd32e80] frame P:2     Avg QP:18.44  size:   425
[libx264 @ 0x5aae3bd32e80] frame B:3     Avg QP:18.95  size:   270
[libx264 @ 0x5aae3bd32e80] consecutive B-frames: 33.3%  0.0%  0.0% 66.7%
[libx264 @ 0x5aae3bd32e80] mb I  I16..4: 25.6% 63.9% 10.5%
[libx264 @ 0x5aae3bd32e80] mb P  I16..4:  0.1%  0.2%  0.0%  P16..4:  1.2%  0.2%  0.0%  0.0%  0.0%    skip:98.3%
[libx264 @ 0x5aae3bd32e80] mb B  I16..4:  0.1%  0.0%  0.0%  B16..8:  1.3%  0.1%  0.0%  direct: 0.0%  skip:98.5%  L0:55.3% L1:42.1% BI: 2.6%
[libx264 @ 0x5aae3bd32e80] 8x8 transform intra:63.8% inter:40.4%
[libx264 @ 0x5aae3bd32e80] coded y,uvDC,uvAC intra: 5.9% 10.1% 9.1% inter: 0.1% 0.0% 0.0%
[libx264 @ 0x5aae3bd32e80] i16 v,h,dc,p: 87% 12%  1%  0%
[libx264 @ 0x5aae3bd32e80] i8 v,h,dc,ddl,ddr,vr,hd,vl,hu: 59%  8% 33%  0%  0%  0%  0%  0%  0%
[libx264 @ 0x5aae3bd32e80] i4 v,h,dc,ddl,ddr,vr,hd,vl,hu: 40% 29% 10%  4%  2%  2%  4%  4%  5%
[libx264 @ 0x5aae3bd32e80] i8c dc,h,v,p: 82%  9%  8%  1%
[libx264 @ 0x5aae3bd32e80] Weighted P-Frames: Y:0.0% UV:0.0%
[libx264 @ 0x5aae3bd32e80] ref P L0: 95.2%  0.0%  2.0%  2.9%
[libx264 @ 0x5aae3bd32e80] ref B L0: 93.0%  7.0%
[libx264 @ 0x5aae3bd32e80] ref B L1: 94.0%  6.0%
[libx264 @ 0x5aae3bd32e80] kb/s:1068.33
ffmpeg version 7.0.2-3ubuntu1 Copyright (c) 2000-2024 the FFmpeg developers
  built with gcc 14 (Ubuntu 14.2.0-2ubuntu1)
  configuration: --prefix=/usr --extra-version=3ubuntu1 --toolchain=hardened --libdir=/usr/lib/x86_64-linux-gnu --incdir=/usr/include/x86_64-linux-gnu --arch=amd64 --enable-gpl --disable-stripping --disable-libmfx --disable-omx --enable-gnutls --enable-libaom --enable-libass --enable-libbs2b --enable-libcdio --enable-libcodec2 --enable-libdav1d --enable-libflite --enable-libfontconfig --enable-libfreetype --enable-libfribidi --enable-libglslang --enable-libgme --enable-libgsm --enable-libharfbuzz --enable-libmp3lame --enable-libmysofa --enable-libopenjpeg --enable-libopenmpt --enable-libopus --enable-librubberband --enable-libshine --enable-libsnappy --enable-libsoxr --enable-libspeex --enable-libtheora --enable-libtwolame --enable-libvidstab --enable-libvorbis --enable-libvpx --enable-libwebp --enable-libx265 --enable-libxml2 --enable-libxvid --enable-libzimg --enable-openal --enable-opencl --enable-opengl --disable-sndio --enable-libvpl --enable-libdc1394 --enable-libdrm --enable-libiec61883 --enable-chromaprint --enable-frei0r --enable-ladspa --enable-libbluray --enable-libcaca --enable-libdvdnav --enable-libdvdread --enable-libjack --enable-libpulse --enable-librabbitmq --enable-librist --enable-libsrt --enable-libssh --enable-libsvtav1 --enable-libx264 --enable-libzmq --enable-libzvbi --enable-lv2 --enable-sdl2 --enable-libplacebo --enable-librav1e --enable-pocketsphinx --enable-librsvg --enable-libjxl --enable-shared
  libavutil      59.  8.100 / 59.  8.100
  libavcodec     61.  3.100 / 61.  3.100
  libavformat    61.  1.100 / 61.  1.100
  libavdevice    61.  1.100 / 61.  1.100
  libavfilter    10.  1.100 / 10.  1.100
  libswscale      8.  1.100 /  8.  1.100
  libswresample   5.  1.100 /  5.  1.100
  libpostproc    58.  1.100 / 58.  1.100
Input #0, concat, from '/home/marco-lasagna/Scaricati/ffmpeg-java/inputFile.txt':
  Duration: N/A, start: 0.000000, bitrate: N/A
  Stream #0:0: Video: mjpeg (Baseline), yuvj420p(pc, bt470bg/unknown/unknown), 4501x4500 [SAR 1:1 DAR 4501:4500], 25 fps, 25 tbr, 25 tbn
Stream mapping:
  Stream #0:0 -> #0:0 (mjpeg (native) -> h264 (libx264))
Press [q] to stop, [?] for help
[swscaler @ 0x73943c016b00] deprecated pixel format used, make sure you did set range correctly
    Last message repeated 1 times
[swscaler @ 0x73943cb407c0] deprecated pixel format used, make sure you did set range correctly
    Last message repeated 1 times
[vost#0:0/libx264 @ 0x610d07b43ac0] No information about the input framerate is available. Falling back to a default value of 25fps. Use the -r option if you want a different framerate.
[libx264 @ 0x610d07b39e80] using SAR=2048/4095
[libx264 @ 0x610d07b39e80] using cpu capabilities: MMX2 SSE2Fast SSSE3 SSE4.2 AVX FMA3 BMI2 AVX2
[libx264 @ 0x610d07b39e80] profile High, level 4.0, 4:2:0, 8-bit
[libx264 @ 0x610d07b39e80] 264 - core 164 r3108 31e19f9 - H.264/MPEG-4 AVC codec - Copyleft 2003-2023 - http://www.videolan.org/x264.html - options: cabac=1 ref=3 deblock=1:0:0 analyse=0x3:0x113 me=hex subme=7 psy=1 psy_rd=1.00:0.00 mixed_ref=1 me_range=16 chroma_me=1 trellis=1 8x8dct=1 cqm=0 deadzone=21,11 fast_pskip=1 chroma_qp_offset=-2 threads=30 lookahead_threads=5 sliced_threads=0 nr=0 decimate=1 interlaced=0 bluray_compat=0 constrained_intra=0 bframes=3 b_pyramid=2 b_adapt=1 b_bias=0 direct=1 weightb=1 open_gop=0 weightp=2 keyint=250 keyint_min=25 scenecut=40 intra_refresh=0 rc_lookahead=40 rc=crf mbtree=1 crf=23.0 qcomp=0.60 qpmin=0 qpmax=69 qpstep=4 ip_ratio=1.40 aq=1:1.00
Output #0, mp4, to './src/test/resources/output/translation/tempVideo/480.mp4':
  Metadata:
    encoder         : Lavf61.1.100
  Stream #0:0: Video: h264 (avc1 / 0x31637661), yuvj420p(pc, progressive), 2048x1024 [SAR 4501:9000 DAR 4501:4500], q=2-31, 25 fps, 12800 tbn
      Metadata:
        encoder         : Lavc61.3.100 libx264
      Side data:
        cpb: bitrate max/min/avg: 0/0/0 buffer size: 0 vbv_delay: N/A
[out#0/mp4 @ 0x610d07b41b40] video:32KiB audio:0KiB subtitle:0KiB other streams:0KiB global headers:0KiB muxing overhead: 2.914730%
frame=    6 fps=0.0 q=-1.0 Lsize=      33KiB time=00:00:00.16 bitrate=1682.5kbits/s dup=0 drop=19 speed=0.663x    
[libx264 @ 0x610d07b39e80] frame I:1     Avg QP:18.05  size: 30344
[libx264 @ 0x610d07b39e80] frame P:2     Avg QP:17.25  size:   420
[libx264 @ 0x610d07b39e80] frame B:3     Avg QP:24.53  size:   274
[libx264 @ 0x610d07b39e80] consecutive B-frames: 33.3%  0.0%  0.0% 66.7%
[libx264 @ 0x610d07b39e80] mb I  I16..4: 27.1% 62.5% 10.4%
[libx264 @ 0x610d07b39e80] mb P  I16..4:  0.1%  0.1%  0.0%  P16..4:  1.1%  0.2%  0.0%  0.0%  0.0%    skip:98.4%
[libx264 @ 0x610d07b39e80] mb B  I16..4:  0.0%  0.0%  0.0%  B16..8:  1.2%  0.1%  0.0%  direct: 0.0%  skip:98.6%  L0:53.7% L1:44.2% BI: 2.1%
[libx264 @ 0x610d07b39e80] 8x8 transform intra:62.4% inter:43.1%
[libx264 @ 0x610d07b39e80] coded y,uvDC,uvAC intra: 6.0% 10.2% 9.1% inter: 0.1% 0.0% 0.0%
[libx264 @ 0x610d07b39e80] i16 v,h,dc,p: 89% 10%  1%  0%
[libx264 @ 0x610d07b39e80] i8 v,h,dc,ddl,ddr,vr,hd,vl,hu: 48%  6% 46%  0%  0%  0%  0%  0%  0%
[libx264 @ 0x610d07b39e80] i4 v,h,dc,ddl,ddr,vr,hd,vl,hu: 37% 30% 11%  4%  2%  2%  4%  4%  5%
[libx264 @ 0x610d07b39e80] i8c dc,h,v,p: 82%  9%  8%  1%
[libx264 @ 0x610d07b39e80] Weighted P-Frames: Y:0.0% UV:0.0%
[libx264 @ 0x610d07b39e80] ref P L0: 92.2%  0.7%  2.2%  5.0%
[libx264 @ 0x610d07b39e80] ref B L0: 91.2%  8.8%
[libx264 @ 0x610d07b39e80] ref B L1: 93.4%  6.6%
[libx264 @ 0x610d07b39e80] kb/s:1066.87
ffmpeg version 7.0.2-3ubuntu1 Copyright (c) 2000-2024 the FFmpeg developers
  built with gcc 14 (Ubuntu 14.2.0-2ubuntu1)
  configuration: --prefix=/usr --extra-version=3ubuntu1 --toolchain=hardened --libdir=/usr/lib/x86_64-linux-gnu --incdir=/usr/include/x86_64-linux-gnu --arch=amd64 --enable-gpl --disable-stripping --disable-libmfx --disable-omx --enable-gnutls --enable-libaom --enable-libass --enable-libbs2b --enable-libcdio --enable-libcodec2 --enable-libdav1d --enable-libflite --enable-libfontconfig --enable-libfreetype --enable-libfribidi --enable-libglslang --enable-libgme --enable-libgsm --enable-libharfbuzz --enable-libmp3lame --enable-libmysofa --enable-libopenjpeg --enable-libopenmpt --enable-libopus --enable-librubberband --enable-libshine --enable-libsnappy --enable-libsoxr --enable-libspeex --enable-libtheora --enable-libtwolame --enable-libvidstab --enable-libvorbis --enable-libvpx --enable-libwebp --enable-libx265 --enable-libxml2 --enable-libxvid --enable-libzimg --enable-openal --enable-opencl --enable-opengl --disable-sndio --enable-libvpl --enable-libdc1394 --enable-libdrm --enable-libiec61883 --enable-chromaprint --enable-frei0r --enable-ladspa --enable-libbluray --enable-libcaca --enable-libdvdnav --enable-libdvdread --enable-libjack --enable-libpulse --enable-librabbitmq --enable-librist --enable-libsrt --enable-libssh --enable-libsvtav1 --enable-libx264 --enable-libzmq --enable-libzvbi --enable-lv2 --enable-sdl2 --enable-libplacebo --enable-librav1e --enable-pocketsphinx --enable-librsvg --enable-libjxl --enable-shared
  libavutil      59.  8.100 / 59.  8.100
  libavcodec     61.  3.100 / 61.  3.100
  libavformat    61.  1.100 / 61.  1.100
  libavdevice    61.  1.100 / 61.  1.100
  libavfilter    10.  1.100 / 10.  1.100
  libswscale      8.  1.100 /  8.  1.100
  libswresample   5.  1.100 /  5.  1.100
  libpostproc    58.  1.100 / 58.  1.100
Input #0, concat, from '/home/marco-lasagna/Scaricati/ffmpeg-java/inputFile.txt':
  Duration: N/A, start: 0.000000, bitrate: N/A
  Stream #0:0: Video: mjpeg (Baseline), yuvj420p(pc, bt470bg/unknown/unknown), 4501x4500 [SAR 1:1 DAR 4501:4500], 25 fps, 25 tbr, 25 tbn
Stream mapping:
  Stream #0:0 -> #0:0 (mjpeg (native) -> h264 (libx264))
Press [q] to stop, [?] for help
[swscaler @ 0x7b54d8016b00] deprecated pixel format used, make sure you did set range correctly
    Last message repeated 1 times
[swscaler @ 0x7b54d8b407c0] deprecated pixel format used, make sure you did set range correctly
    Last message repeated 1 times
[vost#0:0/libx264 @ 0x5dc5b2837ac0] No information about the input framerate is available. Falling back to a default value of 25fps. Use the -r option if you want a different framerate.
[libx264 @ 0x5dc5b282de80] using SAR=2048/4095
[libx264 @ 0x5dc5b282de80] using cpu capabilities: MMX2 SSE2Fast SSSE3 SSE4.2 AVX FMA3 BMI2 AVX2
[libx264 @ 0x5dc5b282de80] profile High, level 4.0, 4:2:0, 8-bit
[libx264 @ 0x5dc5b282de80] 264 - core 164 r3108 31e19f9 - H.264/MPEG-4 AVC codec - Copyleft 2003-2023 - http://www.videolan.org/x264.html - options: cabac=1 ref=3 deblock=1:0:0 analyse=0x3:0x113 me=hex subme=7 psy=1 psy_rd=1.00:0.00 mixed_ref=1 me_range=16 chroma_me=1 trellis=1 8x8dct=1 cqm=0 deadzone=21,11 fast_pskip=1 chroma_qp_offset=-2 threads=30 lookahead_threads=5 sliced_threads=0 nr=0 decimate=1 interlaced=0 bluray_compat=0 constrained_intra=0 bframes=3 b_pyramid=2 b_adapt=1 b_bias=0 direct=1 weightb=1 open_gop=0 weightp=2 keyint=250 keyint_min=25 scenecut=40 intra_refresh=0 rc_lookahead=40 rc=crf mbtree=1 crf=23.0 qcomp=0.60 qpmin=0 qpmax=69 qpstep=4 ip_ratio=1.40 aq=1:1.00
Output #0, mp4, to './src/test/resources/output/translation/tempVideo/490.mp4':
  Metadata:
    encoder         : Lavf61.1.100
  Stream #0:0: Video: h264 (avc1 / 0x31637661), yuvj420p(pc, progressive), 2048x1024 [SAR 4501:9000 DAR 4501:4500], q=2-31, 25 fps, 12800 tbn
      Metadata:
        encoder         : Lavc61.3.100 libx264
      Side data:
        cpb: bitrate max/min/avg: 0/0/0 buffer size: 0 vbv_delay: N/A
[out#0/mp4 @ 0x5dc5b2835b40] video:32KiB audio:0KiB subtitle:0KiB other streams:0KiB global headers:0KiB muxing overhead: 2.917406%
frame=    6 fps=0.0 q=-1.0 Lsize=      33KiB time=00:00:00.16 bitrate=1681.0kbits/s dup=0 drop=19 speed=0.664x    
[libx264 @ 0x5dc5b282de80] frame I:1     Avg QP:18.47  size: 30354
[libx264 @ 0x5dc5b282de80] frame P:2     Avg QP:16.61  size:   418
[libx264 @ 0x5dc5b282de80] frame B:3     Avg QP:24.31  size:   262
[libx264 @ 0x5dc5b282de80] consecutive B-frames: 33.3%  0.0%  0.0% 66.7%
[libx264 @ 0x5dc5b282de80] mb I  I16..4: 26.0% 63.6% 10.4%
[libx264 @ 0x5dc5b282de80] mb P  I16..4:  0.1%  0.1%  0.0%  P16..4:  0.5%  0.2%  0.1%  0.0%  0.0%    skip:99.0%
[libx264 @ 0x5dc5b282de80] mb B  I16..4:  0.0%  0.0%  0.0%  B16..8:  1.2%  0.1%  0.0%  direct: 0.0%  skip:98.6%  L0:55.8% L1:41.8% BI: 2.4%
[libx264 @ 0x5dc5b282de80] 8x8 transform intra:63.4% inter:54.2%
[libx264 @ 0x5dc5b282de80] coded y,uvDC,uvAC intra: 6.0% 10.2% 9.1% inter: 0.1% 0.0% 0.0%
[libx264 @ 0x5dc5b282de80] i16 v,h,dc,p: 87% 12%  1%  0%
[libx264 @ 0x5dc5b282de80] i8 v,h,dc,ddl,ddr,vr,hd,vl,hu: 55%  6% 39%  0%  0%  0%  0%  0%  0%
[libx264 @ 0x5dc5b282de80] i4 v,h,dc,ddl,ddr,vr,hd,vl,hu: 39% 29% 11%  4%  2%  2%  4%  4%  5%
[libx264 @ 0x5dc5b282de80] i8c dc,h,v,p: 82%  9%  8%  1%
[libx264 @ 0x5dc5b282de80] Weighted P-Frames: Y:0.0% UV:0.0%
[libx264 @ 0x5dc5b282de80] ref P L0: 82.4%  0.0%  6.4% 11.2%
[libx264 @ 0x5dc5b282de80] ref B L0: 89.9% 10.1%
[libx264 @ 0x5dc5b282de80] ref B L1: 92.2%  7.8%
[libx264 @ 0x5dc5b282de80] kb/s:1065.87
ffmpeg version 7.0.2-3ubuntu1 Copyright (c) 2000-2024 the FFmpeg developers
  built with gcc 14 (Ubuntu 14.2.0-2ubuntu1)
  configuration: --prefix=/usr --extra-version=3ubuntu1 --toolchain=hardened --libdir=/usr/lib/x86_64-linux-gnu --incdir=/usr/include/x86_64-linux-gnu --arch=amd64 --enable-gpl --disable-stripping --disable-libmfx --disable-omx --enable-gnutls --enable-libaom --enable-libass --enable-libbs2b --enable-libcdio --enable-libcodec2 --enable-libdav1d --enable-libflite --enable-libfontconfig --enable-libfreetype --enable-libfribidi --enable-libglslang --enable-libgme --enable-libgsm --enable-libharfbuzz --enable-libmp3lame --enable-libmysofa --enable-libopenjpeg --enable-libopenmpt --enable-libopus --enable-librubberband --enable-libshine --enable-libsnappy --enable-libsoxr --enable-libspeex --enable-libtheora --enable-libtwolame --enable-libvidstab --enable-libvorbis --enable-libvpx --enable-libwebp --enable-libx265 --enable-libxml2 --enable-libxvid --enable-libzimg --enable-openal --enable-opencl --enable-opengl --disable-sndio --enable-libvpl --enable-libdc1394 --enable-libdrm --enable-libiec61883 --enable-chromaprint --enable-frei0r --enable-ladspa --enable-libbluray --enable-libcaca --enable-libdvdnav --enable-libdvdread --enable-libjack --enable-libpulse --enable-librabbitmq --enable-librist --enable-libsrt --enable-libssh --enable-libsvtav1 --enable-libx264 --enable-libzmq --enable-libzvbi --enable-lv2 --enable-sdl2 --enable-libplacebo --enable-librav1e --enable-pocketsphinx --enable-librsvg --enable-libjxl --enable-shared
  libavutil      59.  8.100 / 59.  8.100
  libavcodec     61.  3.100 / 61.  3.100
  libavformat    61.  1.100 / 61.  1.100
  libavdevice    61.  1.100 / 61.  1.100
  libavfilter    10.  1.100 / 10.  1.100
  libswscale      8.  1.100 /  8.  1.100
  libswresample   5.  1.100 /  5.  1.100
  libpostproc    58.  1.100 / 58.  1.100
Input #0, concat, from '/home/marco-lasagna/Scaricati/ffmpeg-java/inputFile.txt':
  Duration: N/A, start: 0.000000, bitrate: N/A
  Stream #0:0: Video: mjpeg (Baseline), yuvj420p(pc, bt470bg/unknown/unknown), 4501x4500 [SAR 1:1 DAR 4501:4500], 25 fps, 25 tbr, 25 tbn
Stream mapping:
  Stream #0:0 -> #0:0 (mjpeg (native) -> h264 (libx264))
Press [q] to stop, [?] for help
[swscaler @ 0x726714016b00] deprecated pixel format used, make sure you did set range correctly
    Last message repeated 1 times
[swscaler @ 0x726714b407c0] deprecated pixel format used, make sure you did set range correctly
    Last message repeated 1 times
[vost#0:0/libx264 @ 0x5f5c7c05eac0] No information about the input framerate is available. Falling back to a default value of 25fps. Use the -r option if you want a different framerate.
[libx264 @ 0x5f5c7c054e80] using SAR=2048/4095
[libx264 @ 0x5f5c7c054e80] using cpu capabilities: MMX2 SSE2Fast SSSE3 SSE4.2 AVX FMA3 BMI2 AVX2
[libx264 @ 0x5f5c7c054e80] profile High, level 4.0, 4:2:0, 8-bit
[libx264 @ 0x5f5c7c054e80] 264 - core 164 r3108 31e19f9 - H.264/MPEG-4 AVC codec - Copyleft 2003-2023 - http://www.videolan.org/x264.html - options: cabac=1 ref=3 deblock=1:0:0 analyse=0x3:0x113 me=hex subme=7 psy=1 psy_rd=1.00:0.00 mixed_ref=1 me_range=16 chroma_me=1 trellis=1 8x8dct=1 cqm=0 deadzone=21,11 fast_pskip=1 chroma_qp_offset=-2 threads=30 lookahead_threads=5 sliced_threads=0 nr=0 decimate=1 interlaced=0 bluray_compat=0 constrained_intra=0 bframes=3 b_pyramid=2 b_adapt=1 b_bias=0 direct=1 weightb=1 open_gop=0 weightp=2 keyint=250 keyint_min=25 scenecut=40 intra_refresh=0 rc_lookahead=40 rc=crf mbtree=1 crf=23.0 qcomp=0.60 qpmin=0 qpmax=69 qpstep=4 ip_ratio=1.40 aq=1:1.00
Output #0, mp4, to './src/test/resources/output/translation/tempVideo/500.mp4':
  Metadata:
    encoder         : Lavf61.1.100
  Stream #0:0: Video: h264 (avc1 / 0x31637661), yuvj420p(pc, progressive), 2048x1024 [SAR 4501:9000 DAR 4501:4500], q=2-31, 25 fps, 12800 tbn
      Metadata:
        encoder         : Lavc61.3.100 libx264
      Side data:
        cpb: bitrate max/min/avg: 0/0/0 buffer size: 0 vbv_delay: N/A
[out#0/mp4 @ 0x5f5c7c05cb40] video:32KiB audio:0KiB subtitle:0KiB other streams:0KiB global headers:0KiB muxing overhead: 2.919641%
frame=    6 fps=0.0 q=-1.0 Lsize=      33KiB time=00:00:00.16 bitrate=1679.7kbits/s dup=0 drop=19 speed=0.647x    
[libx264 @ 0x5f5c7c054e80] frame I:1     Avg QP:18.49  size: 30347
[libx264 @ 0x5f5c7c054e80] frame P:2     Avg QP:17.94  size:   416
[libx264 @ 0x5f5c7c054e80] frame B:3     Avg QP:23.12  size:   257
[libx264 @ 0x5f5c7c054e80] consecutive B-frames: 33.3%  0.0%  0.0% 66.7%
[libx264 @ 0x5f5c7c054e80] mb I  I16..4: 25.7% 64.0% 10.3%
[libx264 @ 0x5f5c7c054e80] mb P  I16..4:  0.1%  0.1%  0.0%  P16..4:  1.3%  0.2%  0.0%  0.0%  0.0%    skip:98.3%
[libx264 @ 0x5f5c7c054e80] mb B  I16..4:  0.0%  0.0%  0.0%  B16..8:  1.4%  0.1%  0.0%  direct: 0.0%  skip:98.5%  L0:46.1% L1:51.6% BI: 2.3%
[libx264 @ 0x5f5c7c054e80] 8x8 transform intra:63.9% inter:30.9%
[libx264 @ 0x5f5c7c054e80] coded y,uvDC,uvAC intra: 6.0% 10.2% 9.1% inter: 0.1% 0.0% 0.0%
[libx264 @ 0x5f5c7c054e80] i16 v,h,dc,p: 87% 12%  1%  0%
[libx264 @ 0x5f5c7c054e80] i8 v,h,dc,ddl,ddr,vr,hd,vl,hu: 58% 11% 30%  0%  0%  0%  0%  0%  0%
[libx264 @ 0x5f5c7c054e80] i4 v,h,dc,ddl,ddr,vr,hd,vl,hu: 39% 30% 10%  4%  2%  2%  4%  4%  5%
[libx264 @ 0x5f5c7c054e80] i8c dc,h,v,p: 82% 10%  8%  1%
[libx264 @ 0x5f5c7c054e80] Weighted P-Frames: Y:0.0% UV:0.0%
[libx264 @ 0x5f5c7c054e80] ref P L0: 93.9%  0.0%  1.0%  5.1%
[libx264 @ 0x5f5c7c054e80] ref B L0: 87.3% 12.7%
[libx264 @ 0x5f5c7c054e80] ref B L1: 98.0%  2.0%
[libx264 @ 0x5f5c7c054e80] kb/s:1065.03
ffmpeg version 7.0.2-3ubuntu1 Copyright (c) 2000-2024 the FFmpeg developers
  built with gcc 14 (Ubuntu 14.2.0-2ubuntu1)
  configuration: --prefix=/usr --extra-version=3ubuntu1 --toolchain=hardened --libdir=/usr/lib/x86_64-linux-gnu --incdir=/usr/include/x86_64-linux-gnu --arch=amd64 --enable-gpl --disable-stripping --disable-libmfx --disable-omx --enable-gnutls --enable-libaom --enable-libass --enable-libbs2b --enable-libcdio --enable-libcodec2 --enable-libdav1d --enable-libflite --enable-libfontconfig --enable-libfreetype --enable-libfribidi --enable-libglslang --enable-libgme --enable-libgsm --enable-libharfbuzz --enable-libmp3lame --enable-libmysofa --enable-libopenjpeg --enable-libopenmpt --enable-libopus --enable-librubberband --enable-libshine --enable-libsnappy --enable-libsoxr --enable-libspeex --enable-libtheora --enable-libtwolame --enable-libvidstab --enable-libvorbis --enable-libvpx --enable-libwebp --enable-libx265 --enable-libxml2 --enable-libxvid --enable-libzimg --enable-openal --enable-opencl --enable-opengl --disable-sndio --enable-libvpl --enable-libdc1394 --enable-libdrm --enable-libiec61883 --enable-chromaprint --enable-frei0r --enable-ladspa --enable-libbluray --enable-libcaca --enable-libdvdnav --enable-libdvdread --enable-libjack --enable-libpulse --enable-librabbitmq --enable-librist --enable-libsrt --enable-libssh --enable-libsvtav1 --enable-libx264 --enable-libzmq --enable-libzvbi --enable-lv2 --enable-sdl2 --enable-libplacebo --enable-librav1e --enable-pocketsphinx --enable-librsvg --enable-libjxl --enable-shared
  libavutil      59.  8.100 / 59.  8.100
  libavcodec     61.  3.100 / 61.  3.100
  libavformat    61.  1.100 / 61.  1.100
  libavdevice    61.  1.100 / 61.  1.100
  libavfilter    10.  1.100 / 10.  1.100
  libswscale      8.  1.100 /  8.  1.100
  libswresample   5.  1.100 /  5.  1.100
  libpostproc    58.  1.100 / 58.  1.100
Input #0, concat, from '/home/marco-lasagna/Scaricati/ffmpeg-java/inputFile.txt':
  Duration: N/A, start: 0.000000, bitrate: N/A
  Stream #0:0: Video: mjpeg (Baseline), yuvj420p(pc, bt470bg/unknown/unknown), 4501x4500 [SAR 1:1 DAR 4501:4500], 25 fps, 25 tbr, 25 tbn
Stream mapping:
  Stream #0:0 -> #0:0 (mjpeg (native) -> h264 (libx264))
Press [q] to stop, [?] for help
[swscaler @ 0x757b00016b00] deprecated pixel format used, make sure you did set range correctly
    Last message repeated 1 times
[swscaler @ 0x757b00b407c0] deprecated pixel format used, make sure you did set range correctly
    Last message repeated 1 times
[vost#0:0/libx264 @ 0x606616850ac0] No information about the input framerate is available. Falling back to a default value of 25fps. Use the -r option if you want a different framerate.
[libx264 @ 0x606616846e80] using SAR=2048/4095
[libx264 @ 0x606616846e80] using cpu capabilities: MMX2 SSE2Fast SSSE3 SSE4.2 AVX FMA3 BMI2 AVX2
[libx264 @ 0x606616846e80] profile High, level 4.0, 4:2:0, 8-bit
[libx264 @ 0x606616846e80] 264 - core 164 r3108 31e19f9 - H.264/MPEG-4 AVC codec - Copyleft 2003-2023 - http://www.videolan.org/x264.html - options: cabac=1 ref=3 deblock=1:0:0 analyse=0x3:0x113 me=hex subme=7 psy=1 psy_rd=1.00:0.00 mixed_ref=1 me_range=16 chroma_me=1 trellis=1 8x8dct=1 cqm=0 deadzone=21,11 fast_pskip=1 chroma_qp_offset=-2 threads=30 lookahead_threads=5 sliced_threads=0 nr=0 decimate=1 interlaced=0 bluray_compat=0 constrained_intra=0 bframes=3 b_pyramid=2 b_adapt=1 b_bias=0 direct=1 weightb=1 open_gop=0 weightp=2 keyint=250 keyint_min=25 scenecut=40 intra_refresh=0 rc_lookahead=40 rc=crf mbtree=1 crf=23.0 qcomp=0.60 qpmin=0 qpmax=69 qpstep=4 ip_ratio=1.40 aq=1:1.00
Output #0, mp4, to './src/test/resources/output/translation/tempVideo/510.mp4':
  Metadata:
    encoder         : Lavf61.1.100
  Stream #0:0: Video: h264 (avc1 / 0x31637661), yuvj420p(pc, progressive), 2048x1024 [SAR 4501:9000 DAR 4501:4500], q=2-31, 25 fps, 12800 tbn
      Metadata:
        encoder         : Lavc61.3.100 libx264
      Side data:
        cpb: bitrate max/min/avg: 0/0/0 buffer size: 0 vbv_delay: N/A
[out#0/mp4 @ 0x60661684eb40] video:32KiB audio:0KiB subtitle:0KiB other streams:0KiB global headers:0KiB muxing overhead: 2.928073%
frame=    6 fps=0.0 q=-1.0 Lsize=      33KiB time=00:00:00.16 bitrate=1675.0kbits/s dup=0 drop=19 speed=0.669x    
[libx264 @ 0x606616846e80] frame I:1     Avg QP:18.56  size: 30306
[libx264 @ 0x606616846e80] frame P:2     Avg QP:16.94  size:   408
[libx264 @ 0x606616846e80] frame B:3     Avg QP:30.10  size:   245
[libx264 @ 0x606616846e80] consecutive B-frames: 33.3%  0.0%  0.0% 66.7%
[libx264 @ 0x606616846e80] mb I  I16..4: 26.7% 62.8% 10.4%
[libx264 @ 0x606616846e80] mb P  I16..4:  0.1%  0.1%  0.0%  P16..4:  1.2%  0.2%  0.0%  0.0%  0.0%    skip:98.4%
[libx264 @ 0x606616846e80] mb B  I16..4:  0.0%  0.0%  0.0%  B16..8:  1.2%  0.1%  0.0%  direct: 0.0%  skip:98.6%  L0:34.3% L1:63.0% BI: 2.7%
[libx264 @ 0x606616846e80] 8x8 transform intra:62.7% inter:48.6%
[libx264 @ 0x606616846e80] coded y,uvDC,uvAC intra: 6.1% 10.2% 9.1% inter: 0.1% 0.0% 0.0%
[libx264 @ 0x606616846e80] i16 v,h,dc,p: 88% 11%  1%  0%
[libx264 @ 0x606616846e80] i8 v,h,dc,ddl,ddr,vr,hd,vl,hu: 47%  3% 49%  0%  0%  0%  0%  0%  0%
[libx264 @ 0x606616846e80] i4 v,h,dc,ddl,ddr,vr,hd,vl,hu: 38% 30% 11%  4%  2%  2%  4%  4%  5%
[libx264 @ 0x606616846e80] i8c dc,h,v,p: 82%  9%  8%  1%
[libx264 @ 0x606616846e80] Weighted P-Frames: Y:0.0% UV:0.0%
[libx264 @ 0x606616846e80] ref P L0: 95.2%  0.4%  1.6%  2.8%
[libx264 @ 0x606616846e80] ref B L0: 85.4% 14.6%
[libx264 @ 0x606616846e80] ref B L1: 97.7%  2.3%
[libx264 @ 0x606616846e80] kb/s:1061.90
ffmpeg version 7.0.2-3ubuntu1 Copyright (c) 2000-2024 the FFmpeg developers
  built with gcc 14 (Ubuntu 14.2.0-2ubuntu1)
  configuration: --prefix=/usr --extra-version=3ubuntu1 --toolchain=hardened --libdir=/usr/lib/x86_64-linux-gnu --incdir=/usr/include/x86_64-linux-gnu --arch=amd64 --enable-gpl --disable-stripping --disable-libmfx --disable-omx --enable-gnutls --enable-libaom --enable-libass --enable-libbs2b --enable-libcdio --enable-libcodec2 --enable-libdav1d --enable-libflite --enable-libfontconfig --enable-libfreetype --enable-libfribidi --enable-libglslang --enable-libgme --enable-libgsm --enable-libharfbuzz --enable-libmp3lame --enable-libmysofa --enable-libopenjpeg --enable-libopenmpt --enable-libopus --enable-librubberband --enable-libshine --enable-libsnappy --enable-libsoxr --enable-libspeex --enable-libtheora --enable-libtwolame --enable-libvidstab --enable-libvorbis --enable-libvpx --enable-libwebp --enable-libx265 --enable-libxml2 --enable-libxvid --enable-libzimg --enable-openal --enable-opencl --enable-opengl --disable-sndio --enable-libvpl --enable-libdc1394 --enable-libdrm --enable-libiec61883 --enable-chromaprint --enable-frei0r --enable-ladspa --enable-libbluray --enable-libcaca --enable-libdvdnav --enable-libdvdread --enable-libjack --enable-libpulse --enable-librabbitmq --enable-librist --enable-libsrt --enable-libssh --enable-libsvtav1 --enable-libx264 --enable-libzmq --enable-libzvbi --enable-lv2 --enable-sdl2 --enable-libplacebo --enable-librav1e --enable-pocketsphinx --enable-librsvg --enable-libjxl --enable-shared
  libavutil      59.  8.100 / 59.  8.100
  libavcodec     61.  3.100 / 61.  3.100
  libavformat    61.  1.100 / 61.  1.100
  libavdevice    61.  1.100 / 61.  1.100
  libavfilter    10.  1.100 / 10.  1.100
  libswscale      8.  1.100 /  8.  1.100
  libswresample   5.  1.100 /  5.  1.100
  libpostproc    58.  1.100 / 58.  1.100
Input #0, concat, from '/home/marco-lasagna/Scaricati/ffmpeg-java/inputFile.txt':
  Duration: N/A, start: 0.000000, bitrate: N/A
  Stream #0:0: Video: mjpeg (Baseline), yuvj420p(pc, bt470bg/unknown/unknown), 4501x4500 [SAR 1:1 DAR 4501:4500], 25 fps, 25 tbr, 25 tbn
Stream mapping:
  Stream #0:0 -> #0:0 (mjpeg (native) -> h264 (libx264))
Press [q] to stop, [?] for help
[swscaler @ 0x775b54016b00] deprecated pixel format used, make sure you did set range correctly
    Last message repeated 1 times
[swscaler @ 0x775b54b407c0] deprecated pixel format used, make sure you did set range correctly
    Last message repeated 1 times
[vost#0:0/libx264 @ 0x6030ce687880] No information about the input framerate is available. Falling back to a default value of 25fps. Use the -r option if you want a different framerate.
[libx264 @ 0x6030ce67dc40] using SAR=2048/4095
[libx264 @ 0x6030ce67dc40] using cpu capabilities: MMX2 SSE2Fast SSSE3 SSE4.2 AVX FMA3 BMI2 AVX2
[libx264 @ 0x6030ce67dc40] profile High, level 4.0, 4:2:0, 8-bit
[libx264 @ 0x6030ce67dc40] 264 - core 164 r3108 31e19f9 - H.264/MPEG-4 AVC codec - Copyleft 2003-2023 - http://www.videolan.org/x264.html - options: cabac=1 ref=3 deblock=1:0:0 analyse=0x3:0x113 me=hex subme=7 psy=1 psy_rd=1.00:0.00 mixed_ref=1 me_range=16 chroma_me=1 trellis=1 8x8dct=1 cqm=0 deadzone=21,11 fast_pskip=1 chroma_qp_offset=-2 threads=30 lookahead_threads=5 sliced_threads=0 nr=0 decimate=1 interlaced=0 bluray_compat=0 constrained_intra=0 bframes=3 b_pyramid=2 b_adapt=1 b_bias=0 direct=1 weightb=1 open_gop=0 weightp=2 keyint=250 keyint_min=25 scenecut=40 intra_refresh=0 rc_lookahead=40 rc=crf mbtree=1 crf=23.0 qcomp=0.60 qpmin=0 qpmax=69 qpstep=4 ip_ratio=1.40 aq=1:1.00
Output #0, mp4, to './src/test/resources/output/translation/tempVideo/517.mp4':
  Metadata:
    encoder         : Lavf61.1.100
  Stream #0:0: Video: h264 (avc1 / 0x31637661), yuvj420p(pc, progressive), 2048x1024 [SAR 4501:9000 DAR 4501:4500], q=2-31, 25 fps, 12800 tbn
      Metadata:
        encoder         : Lavc61.3.100 libx264
      Side data:
        cpb: bitrate max/min/avg: 0/0/0 buffer size: 0 vbv_delay: N/A
[out#0/mp4 @ 0x6030ce685900] video:31KiB audio:0KiB subtitle:0KiB other streams:0KiB global headers:0KiB muxing overhead: 2.995861%
frame=    5 fps=0.0 q=-1.0 Lsize=      32KiB time=00:00:00.12 bitrate=2156.7kbits/s dup=0 drop=13 speed=0.613x    
[libx264 @ 0x6030ce67dc40] frame I:1     Avg QP:19.83  size: 29399
[libx264 @ 0x6030ce67dc40] frame P:1     Avg QP:16.97  size:   475
[libx264 @ 0x6030ce67dc40] frame B:3     Avg QP:18.27  size:   282
[libx264 @ 0x6030ce67dc40] consecutive B-frames: 20.0%  0.0%  0.0% 80.0%
[libx264 @ 0x6030ce67dc40] mb I  I16..4: 21.9% 67.6% 10.5%
[libx264 @ 0x6030ce67dc40] mb P  I16..4:  0.2%  0.4%  0.0%  P16..4:  1.3%  0.3%  0.0%  0.0%  0.0%    skip:97.8%
[libx264 @ 0x6030ce67dc40] mb B  I16..4:  0.1%  0.0%  0.0%  B16..8:  1.3%  0.1%  0.0%  direct: 0.1%  skip:98.5%  L0:57.3% L1:40.2% BI: 2.4%
[libx264 @ 0x6030ce67dc40] 8x8 transform intra:67.5% inter:28.3%
[libx264 @ 0x6030ce67dc40] coded y,uvDC,uvAC intra: 5.9% 10.1% 8.9% inter: 0.1% 0.0% 0.0%
[libx264 @ 0x6030ce67dc40] i16 v,h,dc,p: 84% 15%  1%  0%
[libx264 @ 0x6030ce67dc40] i8 v,h,dc,ddl,ddr,vr,hd,vl,hu: 61%  9% 29%  0%  0%  0%  0%  0%  0%
[libx264 @ 0x6030ce67dc40] i4 v,h,dc,ddl,ddr,vr,hd,vl,hu: 41% 30%  9%  4%  2%  2%  4%  4%  5%
[libx264 @ 0x6030ce67dc40] i8c dc,h,v,p: 82%  9%  8%  1%
[libx264 @ 0x6030ce67dc40] Weighted P-Frames: Y:0.0% UV:0.0%
[libx264 @ 0x6030ce67dc40] ref B L0: 88.8% 11.2%
[libx264 @ 0x6030ce67dc40] ref B L1: 91.4%  8.6%
[libx264 @ 0x6030ce67dc40] kb/s:1228.80
ffmpeg version 7.0.2-3ubuntu1 Copyright (c) 2000-2024 the FFmpeg developers
  built with gcc 14 (Ubuntu 14.2.0-2ubuntu1)
  configuration: --prefix=/usr --extra-version=3ubuntu1 --toolchain=hardened --libdir=/usr/lib/x86_64-linux-gnu --incdir=/usr/include/x86_64-linux-gnu --arch=amd64 --enable-gpl --disable-stripping --disable-libmfx --disable-omx --enable-gnutls --enable-libaom --enable-libass --enable-libbs2b --enable-libcdio --enable-libcodec2 --enable-libdav1d --enable-libflite --enable-libfontconfig --enable-libfreetype --enable-libfribidi --enable-libglslang --enable-libgme --enable-libgsm --enable-libharfbuzz --enable-libmp3lame --enable-libmysofa --enable-libopenjpeg --enable-libopenmpt --enable-libopus --enable-librubberband --enable-libshine --enable-libsnappy --enable-libsoxr --enable-libspeex --enable-libtheora --enable-libtwolame --enable-libvidstab --enable-libvorbis --enable-libvpx --enable-libwebp --enable-libx265 --enable-libxml2 --enable-libxvid --enable-libzimg --enable-openal --enable-opencl --enable-opengl --disable-sndio --enable-libvpl --enable-libdc1394 --enable-libdrm --enable-libiec61883 --enable-chromaprint --enable-frei0r --enable-ladspa --enable-libbluray --enable-libcaca --enable-libdvdnav --enable-libdvdread --enable-libjack --enable-libpulse --enable-librabbitmq --enable-librist --enable-libsrt --enable-libssh --enable-libsvtav1 --enable-libx264 --enable-libzmq --enable-libzvbi --enable-lv2 --enable-sdl2 --enable-libplacebo --enable-librav1e --enable-pocketsphinx --enable-librsvg --enable-libjxl --enable-shared
  libavutil      59.  8.100 / 59.  8.100
  libavcodec     61.  3.100 / 61.  3.100
  libavformat    61.  1.100 / 61.  1.100
  libavdevice    61.  1.100 / 61.  1.100
  libavfilter    10.  1.100 / 10.  1.100
  libswscale      8.  1.100 /  8.  1.100
  libswresample   5.  1.100 /  5.  1.100
  libpostproc    58.  1.100 / 58.  1.100
[mov,mp4,m4a,3gp,3g2,mj2 @ 0x57d5f51c4140] Auto-inserting h264_mp4toannexb bitstream filter
Input #0, concat, from '/home/marco-lasagna/Scaricati/ffmpeg-java/inputFile.txt':
  Duration: N/A, start: 0.000000, bitrate: 1081 kb/s
  Stream #0:0(und): Video: h264 (High) (avc1 / 0x31637661), yuvj420p(pc, progressive), 2048x1024 [SAR 2048:4095 DAR 4096:4095], 1081 kb/s, SAR 4501:9000 DAR 4501:4500, 25 fps, 25 tbr, 12800 tbn
      Metadata:
        handler_name    : VideoHandler
        vendor_id       : [0][0][0][0]
        encoder         : Lavc61.3.100 libx264
Stream mapping:
  Stream #0:0 -> #0:0 (h264 (native) -> h264 (libx264))
Press [q] to stop, [?] for help
[mov,mp4,m4a,3gp,3g2,mj2 @ 0x57d5f51c4140] Auto-inserting h264_mp4toannexb bitstream filter
    Last message repeated 3 times
[vost#0:0/libx264 @ 0x57d5f5259900] No information about the input framerate is available. Falling back to a default value of 25fps. Use the -r option if you want a different framerate.
[libx264 @ 0x57d5f51c4d80] using SAR=2048/4095
[libx264 @ 0x57d5f51c4d80] using cpu capabilities: MMX2 SSE2Fast SSSE3 SSE4.2 AVX FMA3 BMI2 AVX2
[mov,mp4,m4a,3gp,3g2,mj2 @ 0x57d5f51c4140] Auto-inserting h264_mp4toannexb bitstream filter
[libx264 @ 0x57d5f51c4d80] profile High, level 4.0, 4:2:0, 8-bit
[libx264 @ 0x57d5f51c4d80] 264 - core 164 r3108 31e19f9 - H.264/MPEG-4 AVC codec - Copyleft 2003-2023 - http://www.videolan.org/x264.html - options: cabac=1 ref=3 deblock=1:0:0 analyse=0x3:0x113 me=hex subme=7 psy=1 psy_rd=1.00:0.00 mixed_ref=1 me_range=16 chroma_me=1 trellis=1 8x8dct=1 cqm=0 deadzone=21,11 fast_pskip=1 chroma_qp_offset=-2 threads=30 lookahead_threads=5 sliced_threads=0 nr=0 decimate=1 interlaced=0 bluray_compat=0 constrained_intra=0 bframes=3 b_pyramid=2 b_adapt=1 b_bias=0 direct=1 weightb=1 open_gop=0 weightp=2 keyint=250 keyint_min=25 scenecut=40 intra_refresh=0 rc_lookahead=40 rc=crf mbtree=1 crf=23.0 qcomp=0.60 qpmin=0 qpmax=69 qpstep=4 ip_ratio=1.40 aq=1:1.00
Output #0, mp4, to './src/test/resources/output/translation/video/output.mp4':
  Metadata:
    encoder         : Lavf61.1.100
  Stream #0:0(und): Video: h264 (avc1 / 0x31637661), yuvj420p(pc, progressive), 2048x1024 [SAR 4501:9000 DAR 4501:4500], q=2-31, 25 fps, 12800 tbn
      Metadata:
        handler_name    : VideoHandler
        vendor_id       : [0][0][0][0]
        encoder         : Lavc61.3.100 libx264
      Side data:
        cpb: bitrate max/min/avg: 0/0/0 buffer size: 0 vbv_delay: N/A
[mov,mp4,m4a,3gp,3g2,mj2 @ 0x57d5f51c4140] Auto-inserting h264_mp4toannexb bitstream filter
    Last message repeated 45 times
frame=  116 fps=0.0 q=28.0 size=       0KiB time=00:00:04.56 bitrate=   0.1kbits/s dup=0 drop=590 speed=9.12x    [out#0/mp4 @ 0x57d5f51c6f00] video:123KiB audio:0KiB subtitle:0KiB other streams:0KiB global headers:0KiB muxing overhead: 2.180450%
frame=  157 fps=0.0 q=-1.0 Lsize=     125KiB time=00:00:06.20 bitrate= 165.7kbits/s dup=0 drop=590 speed=11.7x    
[libx264 @ 0x57d5f51c4d80] frame I:1     Avg QP:15.87  size: 34966
[libx264 @ 0x57d5f51c4d80] frame P:45    Avg QP:19.57  size:  1158
[libx264 @ 0x57d5f51c4d80] frame B:111   Avg QP:26.75  size:   342
[libx264 @ 0x57d5f51c4d80] consecutive B-frames:  4.5%  2.5%  3.8% 89.2%
[libx264 @ 0x57d5f51c4d80] mb I  I16..4: 35.0% 54.7% 10.3%
[libx264 @ 0x57d5f51c4d80] mb P  I16..4:  0.1%  0.1%  0.0%  P16..4:  1.8%  0.2%  0.1%  0.0%  0.0%    skip:97.7%
[libx264 @ 0x57d5f51c4d80] mb B  I16..4:  0.0%  0.0%  0.0%  B16..8:  1.1%  0.1%  0.0%  direct: 0.0%  skip:98.7%  L0:53.0% L1:42.2% BI: 4.8%
[libx264 @ 0x57d5f51c4d80] 8x8 transform intra:54.9% inter:27.8%
[libx264 @ 0x57d5f51c4d80] coded y,uvDC,uvAC intra: 6.2% 10.1% 8.8% inter: 0.2% 0.1% 0.0%
[libx264 @ 0x57d5f51c4d80] i16 v,h,dc,p: 87% 11%  1%  0%
[libx264 @ 0x57d5f51c4d80] i8 v,h,dc,ddl,ddr,vr,hd,vl,hu: 65% 15% 19%  0%  0%  0%  0%  0%  0%
[libx264 @ 0x57d5f51c4d80] i4 v,h,dc,ddl,ddr,vr,hd,vl,hu: 40% 28% 10%  4%  2%  2%  4%  4%  5%
[libx264 @ 0x57d5f51c4d80] i8c dc,h,v,p: 79% 11%  9%  1%
[libx264 @ 0x57d5f51c4d80] Weighted P-Frames: Y:0.0% UV:0.0%
[libx264 @ 0x57d5f51c4d80] ref P L0: 68.8%  3.0% 14.7% 13.5%
[libx264 @ 0x57d5f51c4d80] ref B L0: 74.8% 17.7%  7.5%
[libx264 @ 0x57d5f51c4d80] ref B L1: 92.6%  7.4%
[libx264 @ 0x57d5f51c4d80] kb/s:159.26
ffmpeg version 7.0.2-3ubuntu1 Copyright (c) 2000-2024 the FFmpeg developers
  built with gcc 14 (Ubuntu 14.2.0-2ubuntu1)
  configuration: --prefix=/usr --extra-version=3ubuntu1 --toolchain=hardened --libdir=/usr/lib/x86_64-linux-gnu --incdir=/usr/include/x86_64-linux-gnu --arch=amd64 --enable-gpl --disable-stripping --disable-libmfx --disable-omx --enable-gnutls --enable-libaom --enable-libass --enable-libbs2b --enable-libcdio --enable-libcodec2 --enable-libdav1d --enable-libflite --enable-libfontconfig --enable-libfreetype --enable-libfribidi --enable-libglslang --enable-libgme --enable-libgsm --enable-libharfbuzz --enable-libmp3lame --enable-libmysofa --enable-libopenjpeg --enable-libopenmpt --enable-libopus --enable-librubberband --enable-libshine --enable-libsnappy --enable-libsoxr --enable-libspeex --enable-libtheora --enable-libtwolame --enable-libvidstab --enable-libvorbis --enable-libvpx --enable-libwebp --enable-libx265 --enable-libxml2 --enable-libxvid --enable-libzimg --enable-openal --enable-opencl --enable-opengl --disable-sndio --enable-libvpl --enable-libdc1394 --enable-libdrm --enable-libiec61883 --enable-chromaprint --enable-frei0r --enable-ladspa --enable-libbluray --enable-libcaca --enable-libdvdnav --enable-libdvdread --enable-libjack --enable-libpulse --enable-librabbitmq --enable-librist --enable-libsrt --enable-libssh --enable-libsvtav1 --enable-libx264 --enable-libzmq --enable-libzvbi --enable-lv2 --enable-sdl2 --enable-libplacebo --enable-librav1e --enable-pocketsphinx --enable-librsvg --enable-libjxl --enable-shared
  libavutil      59.  8.100 / 59.  8.100
  libavcodec     61.  3.100 / 61.  3.100
  libavformat    61.  1.100 / 61.  1.100
  libavdevice    61.  1.100 / 61.  1.100
  libavfilter    10.  1.100 / 10.  1.100
  libswscale      8.  1.100 /  8.  1.100
  libswresample   5.  1.100 /  5.  1.100
  libpostproc    58.  1.100 / 58.  1.100
Input #0, concat, from '/home/marco-lasagna/Scaricati/ffmpeg-java/inputFile.txt':
  Duration: N/A, start: 0.000000, bitrate: N/A
  Stream #0:0: Video: mjpeg (Baseline), yuvj420p(pc, bt470bg/unknown/unknown), 4501x4500 [SAR 1:1 DAR 4501:4500], 25 fps, 25 tbr, 25 tbn
Stream mapping:
  Stream #0:0 -> #0:0 (mjpeg (native) -> h264 (libx264))
Press [q] to stop, [?] for help
[swscaler @ 0x7969c0016b00] deprecated pixel format used, make sure you did set range correctly
    Last message repeated 1 times
[swscaler @ 0x7969c0b407c0] deprecated pixel format used, make sure you did set range correctly
    Last message repeated 1 times
[vost#0:0/libx264 @ 0x5a2af4f59ac0] No information about the input framerate is available. Falling back to a default value of 25fps. Use the -r option if you want a different framerate.
[libx264 @ 0x5a2af4f4fe80] using SAR=2048/4095
[libx264 @ 0x5a2af4f4fe80] using cpu capabilities: MMX2 SSE2Fast SSSE3 SSE4.2 AVX FMA3 BMI2 AVX2
[libx264 @ 0x5a2af4f4fe80] profile High, level 4.0, 4:2:0, 8-bit
[libx264 @ 0x5a2af4f4fe80] 264 - core 164 r3108 31e19f9 - H.264/MPEG-4 AVC codec - Copyleft 2003-2023 - http://www.videolan.org/x264.html - options: cabac=1 ref=3 deblock=1:0:0 analyse=0x3:0x113 me=hex subme=7 psy=1 psy_rd=1.00:0.00 mixed_ref=1 me_range=16 chroma_me=1 trellis=1 8x8dct=1 cqm=0 deadzone=21,11 fast_pskip=1 chroma_qp_offset=-2 threads=30 lookahead_threads=5 sliced_threads=0 nr=0 decimate=1 interlaced=0 bluray_compat=0 constrained_intra=0 bframes=3 b_pyramid=2 b_adapt=1 b_bias=0 direct=1 weightb=1 open_gop=0 weightp=2 keyint=250 keyint_min=25 scenecut=40 intra_refresh=0 rc_lookahead=40 rc=crf mbtree=1 crf=23.0 qcomp=0.60 qpmin=0 qpmax=69 qpstep=4 ip_ratio=1.40 aq=1:1.00
Output #0, mp4, to './src/test/resources/output/translation/tempVideo/010.mp4':
  Metadata:
    encoder         : Lavf61.1.100
  Stream #0:0: Video: h264 (avc1 / 0x31637661), yuvj420p(pc, progressive), 2048x1024 [SAR 4501:9000 DAR 4501:4500], q=2-31, 25 fps, 12800 tbn
      Metadata:
        encoder         : Lavc61.3.100 libx264
      Side data:
        cpb: bitrate max/min/avg: 0/0/0 buffer size: 0 vbv_delay: N/A
[out#0/mp4 @ 0x5a2af4f57b40] video:32KiB audio:0KiB subtitle:0KiB other streams:0KiB global headers:0KiB muxing overhead: 2.918747%
frame=    6 fps=0.0 q=-1.0 Lsize=      33KiB time=00:00:00.16 bitrate=1680.2kbits/s dup=0 drop=19 speed=0.654x    
[libx264 @ 0x5a2af4f4fe80] frame I:1     Avg QP:18.53  size: 30347
[libx264 @ 0x5a2af4f4fe80] frame P:2     Avg QP:17.75  size:   424
[libx264 @ 0x5a2af4f4fe80] frame B:3     Avg QP:13.72  size:   255
[libx264 @ 0x5a2af4f4fe80] consecutive B-frames: 33.3%  0.0%  0.0% 66.7%
[libx264 @ 0x5a2af4f4fe80] mb I  I16..4: 25.9% 63.6% 10.4%
[libx264 @ 0x5a2af4f4fe80] mb P  I16..4:  0.1%  0.1%  0.0%  P16..4:  1.6%  0.2%  0.0%  0.0%  0.0%    skip:98.0%
[libx264 @ 0x5a2af4f4fe80] mb B  I16..4:  0.1%  0.0%  0.0%  B16..8:  1.3%  0.1%  0.0%  direct: 0.0%  skip:98.5%  L0:46.4% L1:51.2% BI: 2.4%
[libx264 @ 0x5a2af4f4fe80] 8x8 transform intra:63.4% inter:45.1%
[libx264 @ 0x5a2af4f4fe80] coded y,uvDC,uvAC intra: 6.0% 10.2% 9.1% inter: 0.1% 0.0% 0.0%
[libx264 @ 0x5a2af4f4fe80] i16 v,h,dc,p: 87% 12%  1%  0%
[libx264 @ 0x5a2af4f4fe80] i8 v,h,dc,ddl,ddr,vr,hd,vl,hu: 48%  5% 47%  0%  0%  0%  0%  0%  0%
[libx264 @ 0x5a2af4f4fe80] i4 v,h,dc,ddl,ddr,vr,hd,vl,hu: 40% 29% 10%  4%  2%  2%  4%  4%  5%
[libx264 @ 0x5a2af4f4fe80] i8c dc,h,v,p: 82%  9%  8%  1%
[libx264 @ 0x5a2af4f4fe80] Weighted P-Frames: Y:0.0% UV:0.0%
[libx264 @ 0x5a2af4f4fe80] ref P L0: 95.4%  0.0%  3.2%  1.4%
[libx264 @ 0x5a2af4f4fe80] ref B L0: 86.1% 13.9%
[libx264 @ 0x5a2af4f4fe80] ref B L1: 98.9%  1.1%
[libx264 @ 0x5a2af4f4fe80] kb/s:1065.37
ffmpeg version 7.0.2-3ubuntu1 Copyright (c) 2000-2024 the FFmpeg developers
  built with gcc 14 (Ubuntu 14.2.0-2ubuntu1)
  configuration: --prefix=/usr --extra-version=3ubuntu1 --toolchain=hardened --libdir=/usr/lib/x86_64-linux-gnu --incdir=/usr/include/x86_64-linux-gnu --arch=amd64 --enable-gpl --disable-stripping --disable-libmfx --disable-omx --enable-gnutls --enable-libaom --enable-libass --enable-libbs2b --enable-libcdio --enable-libcodec2 --enable-libdav1d --enable-libflite --enable-libfontconfig --enable-libfreetype --enable-libfribidi --enable-libglslang --enable-libgme --enable-libgsm --enable-libharfbuzz --enable-libmp3lame --enable-libmysofa --enable-libopenjpeg --enable-libopenmpt --enable-libopus --enable-librubberband --enable-libshine --enable-libsnappy --enable-libsoxr --enable-libspeex --enable-libtheora --enable-libtwolame --enable-libvidstab --enable-libvorbis --enable-libvpx --enable-libwebp --enable-libx265 --enable-libxml2 --enable-libxvid --enable-libzimg --enable-openal --enable-opencl --enable-opengl --disable-sndio --enable-libvpl --enable-libdc1394 --enable-libdrm --enable-libiec61883 --enable-chromaprint --enable-frei0r --enable-ladspa --enable-libbluray --enable-libcaca --enable-libdvdnav --enable-libdvdread --enable-libjack --enable-libpulse --enable-librabbitmq --enable-librist --enable-libsrt --enable-libssh --enable-libsvtav1 --enable-libx264 --enable-libzmq --enable-libzvbi --enable-lv2 --enable-sdl2 --enable-libplacebo --enable-librav1e --enable-pocketsphinx --enable-librsvg --enable-libjxl --enable-shared
  libavutil      59.  8.100 / 59.  8.100
  libavcodec     61.  3.100 / 61.  3.100
  libavformat    61.  1.100 / 61.  1.100
  libavdevice    61.  1.100 / 61.  1.100
  libavfilter    10.  1.100 / 10.  1.100
  libswscale      8.  1.100 /  8.  1.100
  libswresample   5.  1.100 /  5.  1.100
  libpostproc    58.  1.100 / 58.  1.100
Input #0, concat, from '/home/marco-lasagna/Scaricati/ffmpeg-java/inputFile.txt':
  Duration: N/A, start: 0.000000, bitrate: N/A
  Stream #0:0: Video: mjpeg (Baseline), yuvj420p(pc, bt470bg/unknown/unknown), 4501x4500 [SAR 1:1 DAR 4501:4500], 25 fps, 25 tbr, 25 tbn
Stream mapping:
  Stream #0:0 -> #0:0 (mjpeg (native) -> h264 (libx264))
Press [q] to stop, [?] for help
[swscaler @ 0x76f7f4016b00] deprecated pixel format used, make sure you did set range correctly
    Last message repeated 1 times
[swscaler @ 0x76f7f4b407c0] deprecated pixel format used, make sure you did set range correctly
    Last message repeated 1 times
[vost#0:0/libx264 @ 0x572046945ac0] No information about the input framerate is available. Falling back to a default value of 25fps. Use the -r option if you want a different framerate.
[libx264 @ 0x57204693be80] using SAR=2048/4095
[libx264 @ 0x57204693be80] using cpu capabilities: MMX2 SSE2Fast SSSE3 SSE4.2 AVX FMA3 BMI2 AVX2
[libx264 @ 0x57204693be80] profile High, level 4.0, 4:2:0, 8-bit
[libx264 @ 0x57204693be80] 264 - core 164 r3108 31e19f9 - H.264/MPEG-4 AVC codec - Copyleft 2003-2023 - http://www.videolan.org/x264.html - options: cabac=1 ref=3 deblock=1:0:0 analyse=0x3:0x113 me=hex subme=7 psy=1 psy_rd=1.00:0.00 mixed_ref=1 me_range=16 chroma_me=1 trellis=1 8x8dct=1 cqm=0 deadzone=21,11 fast_pskip=1 chroma_qp_offset=-2 threads=30 lookahead_threads=5 sliced_threads=0 nr=0 decimate=1 interlaced=0 bluray_compat=0 constrained_intra=0 bframes=3 b_pyramid=2 b_adapt=1 b_bias=0 direct=1 weightb=1 open_gop=0 weightp=2 keyint=250 keyint_min=25 scenecut=40 intra_refresh=0 rc_lookahead=40 rc=crf mbtree=1 crf=23.0 qcomp=0.60 qpmin=0 qpmax=69 qpstep=4 ip_ratio=1.40 aq=1:1.00
Output #0, mp4, to './src/test/resources/output/translation/tempVideo/020.mp4':
  Metadata:
    encoder         : Lavf61.1.100
  Stream #0:0: Video: h264 (avc1 / 0x31637661), yuvj420p(pc, progressive), 2048x1024 [SAR 4501:9000 DAR 4501:4500], q=2-31, 25 fps, 12800 tbn
      Metadata:
        encoder         : Lavc61.3.100 libx264
      Side data:
        cpb: bitrate max/min/avg: 0/0/0 buffer size: 0 vbv_delay: N/A
[out#0/mp4 @ 0x572046943b40] video:32KiB audio:0KiB subtitle:0KiB other streams:0KiB global headers:0KiB muxing overhead: 2.923403%
frame=    6 fps=0.0 q=-1.0 Lsize=      33KiB time=00:00:00.16 bitrate=1677.6kbits/s dup=0 drop=19 speed=0.647x    
[libx264 @ 0x57204693be80] frame I:1     Avg QP:18.31  size: 30321
[libx264 @ 0x57204693be80] frame P:2     Avg QP:17.47  size:   420
[libx264 @ 0x57204693be80] frame B:3     Avg QP:24.13  size:   250
[libx264 @ 0x57204693be80] consecutive B-frames: 33.3%  0.0%  0.0% 66.7%
[libx264 @ 0x57204693be80] mb I  I16..4: 26.2% 63.5% 10.3%
[libx264 @ 0x57204693be80] mb P  I16..4:  0.1%  0.1%  0.0%  P16..4:  1.1%  0.2%  0.1%  0.0%  0.0%    skip:98.3%
[libx264 @ 0x57204693be80] mb B  I16..4:  0.0%  0.0%  0.0%  B16..8:  1.2%  0.1%  0.0%  direct: 0.0%  skip:98.6%  L0:56.3% L1:42.6% BI: 1.1%
[libx264 @ 0x57204693be80] 8x8 transform intra:63.4% inter:39.7%
[libx264 @ 0x57204693be80] coded y,uvDC,uvAC intra: 5.9% 10.2% 9.1% inter: 0.1% 0.0% 0.0%
[libx264 @ 0x57204693be80] i16 v,h,dc,p: 87% 12%  1%  0%
[libx264 @ 0x57204693be80] i8 v,h,dc,ddl,ddr,vr,hd,vl,hu: 43%  7% 50%  0%  0%  0%  0%  0%  0%
[libx264 @ 0x57204693be80] i4 v,h,dc,ddl,ddr,vr,hd,vl,hu: 38% 30% 10%  4%  2%  2%  4%  4%  5%
[libx264 @ 0x57204693be80] i8c dc,h,v,p: 82% 10%  8%  1%
[libx264 @ 0x57204693be80] Weighted P-Frames: Y:0.0% UV:0.0%
[libx264 @ 0x57204693be80] ref P L0: 90.0%  0.0%  3.0%  6.9%
[libx264 @ 0x57204693be80] ref B L0: 87.4% 12.6%
[libx264 @ 0x57204693be80] ref B L1: 95.3%  4.7%
[libx264 @ 0x57204693be80] kb/s:1063.63
ffmpeg version 7.0.2-3ubuntu1 Copyright (c) 2000-2024 the FFmpeg developers
  built with gcc 14 (Ubuntu 14.2.0-2ubuntu1)
  configuration: --prefix=/usr --extra-version=3ubuntu1 --toolchain=hardened --libdir=/usr/lib/x86_64-linux-gnu --incdir=/usr/include/x86_64-linux-gnu --arch=amd64 --enable-gpl --disable-stripping --disable-libmfx --disable-omx --enable-gnutls --enable-libaom --enable-libass --enable-libbs2b --enable-libcdio --enable-libcodec2 --enable-libdav1d --enable-libflite --enable-libfontconfig --enable-libfreetype --enable-libfribidi --enable-libglslang --enable-libgme --enable-libgsm --enable-libharfbuzz --enable-libmp3lame --enable-libmysofa --enable-libopenjpeg --enable-libopenmpt --enable-libopus --enable-librubberband --enable-libshine --enable-libsnappy --enable-libsoxr --enable-libspeex --enable-libtheora --enable-libtwolame --enable-libvidstab --enable-libvorbis --enable-libvpx --enable-libwebp --enable-libx265 --enable-libxml2 --enable-libxvid --enable-libzimg --enable-openal --enable-opencl --enable-opengl --disable-sndio --enable-libvpl --enable-libdc1394 --enable-libdrm --enable-libiec61883 --enable-chromaprint --enable-frei0r --enable-ladspa --enable-libbluray --enable-libcaca --enable-libdvdnav --enable-libdvdread --enable-libjack --enable-libpulse --enable-librabbitmq --enable-librist --enable-libsrt --enable-libssh --enable-libsvtav1 --enable-libx264 --enable-libzmq --enable-libzvbi --enable-lv2 --enable-sdl2 --enable-libplacebo --enable-librav1e --enable-pocketsphinx --enable-librsvg --enable-libjxl --enable-shared
  libavutil      59.  8.100 / 59.  8.100
  libavcodec     61.  3.100 / 61.  3.100
  libavformat    61.  1.100 / 61.  1.100
  libavdevice    61.  1.100 / 61.  1.100
  libavfilter    10.  1.100 / 10.  1.100
  libswscale      8.  1.100 /  8.  1.100
  libswresample   5.  1.100 /  5.  1.100
  libpostproc    58.  1.100 / 58.  1.100
Input #0, concat, from '/home/marco-lasagna/Scaricati/ffmpeg-java/inputFile.txt':
  Duration: N/A, start: 0.000000, bitrate: N/A
  Stream #0:0: Video: mjpeg (Baseline), yuvj420p(pc, bt470bg/unknown/unknown), 4501x4500 [SAR 1:1 DAR 4501:4500], 25 fps, 25 tbr, 25 tbn
Stream mapping:
  Stream #0:0 -> #0:0 (mjpeg (native) -> h264 (libx264))
Press [q] to stop, [?] for help
[swscaler @ 0x73ae08016b00] deprecated pixel format used, make sure you did set range correctly
    Last message repeated 1 times
[swscaler @ 0x73ae08b407c0] deprecated pixel format used, make sure you did set range correctly
    Last message repeated 1 times
[vost#0:0/libx264 @ 0x5afad2fe1ac0] No information about the input framerate is available. Falling back to a default value of 25fps. Use the -r option if you want a different framerate.
[libx264 @ 0x5afad2fd7e80] using SAR=2048/4095
[libx264 @ 0x5afad2fd7e80] using cpu capabilities: MMX2 SSE2Fast SSSE3 SSE4.2 AVX FMA3 BMI2 AVX2
[libx264 @ 0x5afad2fd7e80] profile High, level 4.0, 4:2:0, 8-bit
[libx264 @ 0x5afad2fd7e80] 264 - core 164 r3108 31e19f9 - H.264/MPEG-4 AVC codec - Copyleft 2003-2023 - http://www.videolan.org/x264.html - options: cabac=1 ref=3 deblock=1:0:0 analyse=0x3:0x113 me=hex subme=7 psy=1 psy_rd=1.00:0.00 mixed_ref=1 me_range=16 chroma_me=1 trellis=1 8x8dct=1 cqm=0 deadzone=21,11 fast_pskip=1 chroma_qp_offset=-2 threads=30 lookahead_threads=5 sliced_threads=0 nr=0 decimate=1 interlaced=0 bluray_compat=0 constrained_intra=0 bframes=3 b_pyramid=2 b_adapt=1 b_bias=0 direct=1 weightb=1 open_gop=0 weightp=2 keyint=250 keyint_min=25 scenecut=40 intra_refresh=0 rc_lookahead=40 rc=crf mbtree=1 crf=23.0 qcomp=0.60 qpmin=0 qpmax=69 qpstep=4 ip_ratio=1.40 aq=1:1.00
Output #0, mp4, to './src/test/resources/output/translation/tempVideo/030.mp4':
  Metadata:
    encoder         : Lavf61.1.100
  Stream #0:0: Video: h264 (avc1 / 0x31637661), yuvj420p(pc, progressive), 2048x1024 [SAR 4501:9000 DAR 4501:4500], q=2-31, 25 fps, 12800 tbn
      Metadata:
        encoder         : Lavc61.3.100 libx264
      Side data:
        cpb: bitrate max/min/avg: 0/0/0 buffer size: 0 vbv_delay: N/A
[out#0/mp4 @ 0x5afad2fdfb40] video:32KiB audio:0KiB subtitle:0KiB other streams:0KiB global headers:0KiB muxing overhead: 2.924838%
frame=    6 fps=0.0 q=-1.0 Lsize=      33KiB time=00:00:00.16 bitrate=1676.8kbits/s dup=0 drop=19 speed=0.647x    
[libx264 @ 0x5afad2fd7e80] frame I:1     Avg QP:18.68  size: 30312
[libx264 @ 0x5afad2fd7e80] frame P:2     Avg QP:16.78  size:   404
[libx264 @ 0x5afad2fd7e80] frame B:3     Avg QP:20.50  size:   257
[libx264 @ 0x5afad2fd7e80] consecutive B-frames: 33.3%  0.0%  0.0% 66.7%
[libx264 @ 0x5afad2fd7e80] mb I  I16..4: 25.4% 64.2% 10.4%
[libx264 @ 0x5afad2fd7e80] mb P  I16..4:  0.1%  0.1%  0.0%  P16..4:  1.1%  0.2%  0.1%  0.0%  0.0%    skip:98.5%
[libx264 @ 0x5afad2fd7e80] mb B  I16..4:  0.0%  0.0%  0.0%  B16..8:  1.3%  0.1%  0.0%  direct: 0.0%  skip:98.5%  L0:54.5% L1:42.9% BI: 2.6%
[libx264 @ 0x5afad2fd7e80] 8x8 transform intra:64.0% inter:32.1%
[libx264 @ 0x5afad2fd7e80] coded y,uvDC,uvAC intra: 6.0% 10.2% 9.1% inter: 0.1% 0.0% 0.0%
[libx264 @ 0x5afad2fd7e80] i16 v,h,dc,p: 87% 12%  1%  0%
[libx264 @ 0x5afad2fd7e80] i8 v,h,dc,ddl,ddr,vr,hd,vl,hu: 47%  6% 46%  0%  0%  0%  0%  0%  0%
[libx264 @ 0x5afad2fd7e80] i4 v,h,dc,ddl,ddr,vr,hd,vl,hu: 39% 31%  9%  4%  2%  2%  4%  4%  5%
[libx264 @ 0x5afad2fd7e80] i8c dc,h,v,p: 82% 10%  8%  1%
[libx264 @ 0x5afad2fd7e80] Weighted P-Frames: Y:0.0% UV:0.0%
[libx264 @ 0x5afad2fd7e80] ref P L0: 95.7%  0.0%  1.9%  2.4%
[libx264 @ 0x5afad2fd7e80] ref B L0: 91.6%  8.4%
[libx264 @ 0x5afad2fd7e80] ref B L1: 92.9%  7.1%
[libx264 @ 0x5afad2fd7e80] kb/s:1063.10
ffmpeg version 7.0.2-3ubuntu1 Copyright (c) 2000-2024 the FFmpeg developers
  built with gcc 14 (Ubuntu 14.2.0-2ubuntu1)
  configuration: --prefix=/usr --extra-version=3ubuntu1 --toolchain=hardened --libdir=/usr/lib/x86_64-linux-gnu --incdir=/usr/include/x86_64-linux-gnu --arch=amd64 --enable-gpl --disable-stripping --disable-libmfx --disable-omx --enable-gnutls --enable-libaom --enable-libass --enable-libbs2b --enable-libcdio --enable-libcodec2 --enable-libdav1d --enable-libflite --enable-libfontconfig --enable-libfreetype --enable-libfribidi --enable-libglslang --enable-libgme --enable-libgsm --enable-libharfbuzz --enable-libmp3lame --enable-libmysofa --enable-libopenjpeg --enable-libopenmpt --enable-libopus --enable-librubberband --enable-libshine --enable-libsnappy --enable-libsoxr --enable-libspeex --enable-libtheora --enable-libtwolame --enable-libvidstab --enable-libvorbis --enable-libvpx --enable-libwebp --enable-libx265 --enable-libxml2 --enable-libxvid --enable-libzimg --enable-openal --enable-opencl --enable-opengl --disable-sndio --enable-libvpl --enable-libdc1394 --enable-libdrm --enable-libiec61883 --enable-chromaprint --enable-frei0r --enable-ladspa --enable-libbluray --enable-libcaca --enable-libdvdnav --enable-libdvdread --enable-libjack --enable-libpulse --enable-librabbitmq --enable-librist --enable-libsrt --enable-libssh --enable-libsvtav1 --enable-libx264 --enable-libzmq --enable-libzvbi --enable-lv2 --enable-sdl2 --enable-libplacebo --enable-librav1e --enable-pocketsphinx --enable-librsvg --enable-libjxl --enable-shared
  libavutil      59.  8.100 / 59.  8.100
  libavcodec     61.  3.100 / 61.  3.100
  libavformat    61.  1.100 / 61.  1.100
  libavdevice    61.  1.100 / 61.  1.100
  libavfilter    10.  1.100 / 10.  1.100
  libswscale      8.  1.100 /  8.  1.100
  libswresample   5.  1.100 /  5.  1.100
  libpostproc    58.  1.100 / 58.  1.100
Input #0, concat, from '/home/marco-lasagna/Scaricati/ffmpeg-java/inputFile.txt':
  Duration: N/A, start: 0.000000, bitrate: N/A
  Stream #0:0: Video: mjpeg (Baseline), yuvj420p(pc, bt470bg/unknown/unknown), 4501x4500 [SAR 1:1 DAR 4501:4500], 25 fps, 25 tbr, 25 tbn
Stream mapping:
  Stream #0:0 -> #0:0 (mjpeg (native) -> h264 (libx264))
Press [q] to stop, [?] for help
[swscaler @ 0x732334016b00] deprecated pixel format used, make sure you did set range correctly
    Last message repeated 1 times
[swscaler @ 0x732334b407c0] deprecated pixel format used, make sure you did set range correctly
    Last message repeated 1 times
[vost#0:0/libx264 @ 0x595904af8ac0] No information about the input framerate is available. Falling back to a default value of 25fps. Use the -r option if you want a different framerate.
[libx264 @ 0x595904aeee80] using SAR=2048/4095
[libx264 @ 0x595904aeee80] using cpu capabilities: MMX2 SSE2Fast SSSE3 SSE4.2 AVX FMA3 BMI2 AVX2
[libx264 @ 0x595904aeee80] profile High, level 4.0, 4:2:0, 8-bit
[libx264 @ 0x595904aeee80] 264 - core 164 r3108 31e19f9 - H.264/MPEG-4 AVC codec - Copyleft 2003-2023 - http://www.videolan.org/x264.html - options: cabac=1 ref=3 deblock=1:0:0 analyse=0x3:0x113 me=hex subme=7 psy=1 psy_rd=1.00:0.00 mixed_ref=1 me_range=16 chroma_me=1 trellis=1 8x8dct=1 cqm=0 deadzone=21,11 fast_pskip=1 chroma_qp_offset=-2 threads=30 lookahead_threads=5 sliced_threads=0 nr=0 decimate=1 interlaced=0 bluray_compat=0 constrained_intra=0 bframes=3 b_pyramid=2 b_adapt=1 b_bias=0 direct=1 weightb=1 open_gop=0 weightp=2 keyint=250 keyint_min=25 scenecut=40 intra_refresh=0 rc_lookahead=40 rc=crf mbtree=1 crf=23.0 qcomp=0.60 qpmin=0 qpmax=69 qpstep=4 ip_ratio=1.40 aq=1:1.00
Output #0, mp4, to './src/test/resources/output/translation/tempVideo/040.mp4':
  Metadata:
    encoder         : Lavf61.1.100
  Stream #0:0: Video: h264 (avc1 / 0x31637661), yuvj420p(pc, progressive), 2048x1024 [SAR 4501:9000 DAR 4501:4500], q=2-31, 25 fps, 12800 tbn
      Metadata:
        encoder         : Lavc61.3.100 libx264
      Side data:
        cpb: bitrate max/min/avg: 0/0/0 buffer size: 0 vbv_delay: N/A
[out#0/mp4 @ 0x595904af6b40] video:32KiB audio:0KiB subtitle:0KiB other streams:0KiB global headers:0KiB muxing overhead: 2.923761%
frame=    6 fps=0.0 q=-1.0 Lsize=      33KiB time=00:00:00.16 bitrate=1677.4kbits/s dup=0 drop=19 speed=0.649x    
[libx264 @ 0x595904aeee80] frame I:1     Avg QP:18.37  size: 30357
[libx264 @ 0x595904aeee80] frame P:2     Avg QP:16.91  size:   408
[libx264 @ 0x595904aeee80] frame B:3     Avg QP:20.47  size:   244
[libx264 @ 0x595904aeee80] consecutive B-frames: 33.3%  0.0%  0.0% 66.7%
[libx264 @ 0x595904aeee80] mb I  I16..4: 28.3% 61.4% 10.4%
[libx264 @ 0x595904aeee80] mb P  I16..4:  0.1%  0.1%  0.0%  P16..4:  1.3%  0.1%  0.0%  0.0%  0.0%    skip:98.3%
[libx264 @ 0x595904aeee80] mb B  I16..4:  0.0%  0.0%  0.0%  B16..8:  1.3%  0.1%  0.0%  direct: 0.0%  skip:98.5%  L0:44.0% L1:54.1% BI: 1.8%
[libx264 @ 0x595904aeee80] 8x8 transform intra:61.3% inter:20.0%
[libx264 @ 0x595904aeee80] coded y,uvDC,uvAC intra: 6.0% 10.2% 9.1% inter: 0.1% 0.0% 0.0%
[libx264 @ 0x595904aeee80] i16 v,h,dc,p: 89% 10%  1%  0%
[libx264 @ 0x595904aeee80] i8 v,h,dc,ddl,ddr,vr,hd,vl,hu: 58%  5% 36%  0%  0%  0%  0%  0%  0%
[libx264 @ 0x595904aeee80] i4 v,h,dc,ddl,ddr,vr,hd,vl,hu: 40% 29% 10%  4%  2%  2%  4%  4%  5%
[libx264 @ 0x595904aeee80] i8c dc,h,v,p: 82% 10%  8%  1%
[libx264 @ 0x595904aeee80] Weighted P-Frames: Y:0.0% UV:0.0%
[libx264 @ 0x595904aeee80] ref P L0: 97.7%  0.0%  1.9%  0.4%
[libx264 @ 0x595904aeee80] ref B L0: 87.1% 12.9%
[libx264 @ 0x595904aeee80] ref B L1: 98.4%  1.6%
[libx264 @ 0x595904aeee80] kb/s:1063.50
ffmpeg version 7.0.2-3ubuntu1 Copyright (c) 2000-2024 the FFmpeg developers
  built with gcc 14 (Ubuntu 14.2.0-2ubuntu1)
  configuration: --prefix=/usr --extra-version=3ubuntu1 --toolchain=hardened --libdir=/usr/lib/x86_64-linux-gnu --incdir=/usr/include/x86_64-linux-gnu --arch=amd64 --enable-gpl --disable-stripping --disable-libmfx --disable-omx --enable-gnutls --enable-libaom --enable-libass --enable-libbs2b --enable-libcdio --enable-libcodec2 --enable-libdav1d --enable-libflite --enable-libfontconfig --enable-libfreetype --enable-libfribidi --enable-libglslang --enable-libgme --enable-libgsm --enable-libharfbuzz --enable-libmp3lame --enable-libmysofa --enable-libopenjpeg --enable-libopenmpt --enable-libopus --enable-librubberband --enable-libshine --enable-libsnappy --enable-libsoxr --enable-libspeex --enable-libtheora --enable-libtwolame --enable-libvidstab --enable-libvorbis --enable-libvpx --enable-libwebp --enable-libx265 --enable-libxml2 --enable-libxvid --enable-libzimg --enable-openal --enable-opencl --enable-opengl --disable-sndio --enable-libvpl --enable-libdc1394 --enable-libdrm --enable-libiec61883 --enable-chromaprint --enable-frei0r --enable-ladspa --enable-libbluray --enable-libcaca --enable-libdvdnav --enable-libdvdread --enable-libjack --enable-libpulse --enable-librabbitmq --enable-librist --enable-libsrt --enable-libssh --enable-libsvtav1 --enable-libx264 --enable-libzmq --enable-libzvbi --enable-lv2 --enable-sdl2 --enable-libplacebo --enable-librav1e --enable-pocketsphinx --enable-librsvg --enable-libjxl --enable-shared
  libavutil      59.  8.100 / 59.  8.100
  libavcodec     61.  3.100 / 61.  3.100
  libavformat    61.  1.100 / 61.  1.100
  libavdevice    61.  1.100 / 61.  1.100
  libavfilter    10.  1.100 / 10.  1.100
  libswscale      8.  1.100 /  8.  1.100
  libswresample   5.  1.100 /  5.  1.100
  libpostproc    58.  1.100 / 58.  1.100
Input #0, concat, from '/home/marco-lasagna/Scaricati/ffmpeg-java/inputFile.txt':
  Duration: N/A, start: 0.000000, bitrate: N/A
  Stream #0:0: Video: mjpeg (Baseline), yuvj420p(pc, bt470bg/unknown/unknown), 4501x4500 [SAR 1:1 DAR 4501:4500], 25 fps, 25 tbr, 25 tbn
Stream mapping:
  Stream #0:0 -> #0:0 (mjpeg (native) -> h264 (libx264))
Press [q] to stop, [?] for help
[swscaler @ 0x7088d0016b00] deprecated pixel format used, make sure you did set range correctly
    Last message repeated 1 times
[swscaler @ 0x7088d0b407c0] deprecated pixel format used, make sure you did set range correctly
    Last message repeated 1 times
[vost#0:0/libx264 @ 0x5883c8221ac0] No information about the input framerate is available. Falling back to a default value of 25fps. Use the -r option if you want a different framerate.
[libx264 @ 0x5883c8217e80] using SAR=2048/4095
[libx264 @ 0x5883c8217e80] using cpu capabilities: MMX2 SSE2Fast SSSE3 SSE4.2 AVX FMA3 BMI2 AVX2
[libx264 @ 0x5883c8217e80] profile High, level 4.0, 4:2:0, 8-bit
[libx264 @ 0x5883c8217e80] 264 - core 164 r3108 31e19f9 - H.264/MPEG-4 AVC codec - Copyleft 2003-2023 - http://www.videolan.org/x264.html - options: cabac=1 ref=3 deblock=1:0:0 analyse=0x3:0x113 me=hex subme=7 psy=1 psy_rd=1.00:0.00 mixed_ref=1 me_range=16 chroma_me=1 trellis=1 8x8dct=1 cqm=0 deadzone=21,11 fast_pskip=1 chroma_qp_offset=-2 threads=30 lookahead_threads=5 sliced_threads=0 nr=0 decimate=1 interlaced=0 bluray_compat=0 constrained_intra=0 bframes=3 b_pyramid=2 b_adapt=1 b_bias=0 direct=1 weightb=1 open_gop=0 weightp=2 keyint=250 keyint_min=25 scenecut=40 intra_refresh=0 rc_lookahead=40 rc=crf mbtree=1 crf=23.0 qcomp=0.60 qpmin=0 qpmax=69 qpstep=4 ip_ratio=1.40 aq=1:1.00
Output #0, mp4, to './src/test/resources/output/translation/tempVideo/050.mp4':
  Metadata:
    encoder         : Lavf61.1.100
  Stream #0:0: Video: h264 (avc1 / 0x31637661), yuvj420p(pc, progressive), 2048x1024 [SAR 4501:9000 DAR 4501:4500], q=2-31, 25 fps, 12800 tbn
      Metadata:
        encoder         : Lavc61.3.100 libx264
      Side data:
        cpb: bitrate max/min/avg: 0/0/0 buffer size: 0 vbv_delay: N/A
[out#0/mp4 @ 0x5883c821fb40] video:32KiB audio:0KiB subtitle:0KiB other streams:0KiB global headers:0KiB muxing overhead: 2.915800%
frame=    6 fps=0.0 q=-1.0 Lsize=      33KiB time=00:00:00.16 bitrate=1681.8kbits/s dup=0 drop=19 speed=0.662x    
[libx264 @ 0x5883c8217e80] frame I:1     Avg QP:18.46  size: 30391
[libx264 @ 0x5883c8217e80] frame P:2     Avg QP:17.40  size:   418
[libx264 @ 0x5883c8217e80] frame B:3     Avg QP:25.77  size:   256
[libx264 @ 0x5883c8217e80] consecutive B-frames: 33.3%  0.0%  0.0% 66.7%
[libx264 @ 0x5883c8217e80] mb I  I16..4: 25.9% 63.7% 10.5%
[libx264 @ 0x5883c8217e80] mb P  I16..4:  0.1%  0.1%  0.0%  P16..4:  1.2%  0.2%  0.0%  0.0%  0.0%    skip:98.4%
[libx264 @ 0x5883c8217e80] mb B  I16..4:  0.0%  0.0%  0.0%  B16..8:  1.2%  0.1%  0.0%  direct: 0.0%  skip:98.6%  L0:57.2% L1:40.9% BI: 2.0%
[libx264 @ 0x5883c8217e80] 8x8 transform intra:63.6% inter:32.8%
[libx264 @ 0x5883c8217e80] coded y,uvDC,uvAC intra: 6.1% 10.2% 9.1% inter: 0.1% 0.0% 0.0%
[libx264 @ 0x5883c8217e80] i16 v,h,dc,p: 88% 12%  1%  0%
[libx264 @ 0x5883c8217e80] i8 v,h,dc,ddl,ddr,vr,hd,vl,hu: 42%  7% 50%  0%  0%  0%  0%  0%  0%
[libx264 @ 0x5883c8217e80] i4 v,h,dc,ddl,ddr,vr,hd,vl,hu: 38% 31% 10%  4%  2%  2%  4%  4%  5%
[libx264 @ 0x5883c8217e80] i8c dc,h,v,p: 82% 10%  8%  1%
[libx264 @ 0x5883c8217e80] Weighted P-Frames: Y:0.0% UV:0.0%
[libx264 @ 0x5883c8217e80] ref P L0: 93.5%  0.0%  1.9%  4.5%
[libx264 @ 0x5883c8217e80] ref B L0: 87.1% 12.9%
[libx264 @ 0x5883c8217e80] ref B L1: 92.9%  7.1%
[libx264 @ 0x5883c8217e80] kb/s:1066.47
ffmpeg version 7.0.2-3ubuntu1 Copyright (c) 2000-2024 the FFmpeg developers
  built with gcc 14 (Ubuntu 14.2.0-2ubuntu1)
  configuration: --prefix=/usr --extra-version=3ubuntu1 --toolchain=hardened --libdir=/usr/lib/x86_64-linux-gnu --incdir=/usr/include/x86_64-linux-gnu --arch=amd64 --enable-gpl --disable-stripping --disable-libmfx --disable-omx --enable-gnutls --enable-libaom --enable-libass --enable-libbs2b --enable-libcdio --enable-libcodec2 --enable-libdav1d --enable-libflite --enable-libfontconfig --enable-libfreetype --enable-libfribidi --enable-libglslang --enable-libgme --enable-libgsm --enable-libharfbuzz --enable-libmp3lame --enable-libmysofa --enable-libopenjpeg --enable-libopenmpt --enable-libopus --enable-librubberband --enable-libshine --enable-libsnappy --enable-libsoxr --enable-libspeex --enable-libtheora --enable-libtwolame --enable-libvidstab --enable-libvorbis --enable-libvpx --enable-libwebp --enable-libx265 --enable-libxml2 --enable-libxvid --enable-libzimg --enable-openal --enable-opencl --enable-opengl --disable-sndio --enable-libvpl --enable-libdc1394 --enable-libdrm --enable-libiec61883 --enable-chromaprint --enable-frei0r --enable-ladspa --enable-libbluray --enable-libcaca --enable-libdvdnav --enable-libdvdread --enable-libjack --enable-libpulse --enable-librabbitmq --enable-librist --enable-libsrt --enable-libssh --enable-libsvtav1 --enable-libx264 --enable-libzmq --enable-libzvbi --enable-lv2 --enable-sdl2 --enable-libplacebo --enable-librav1e --enable-pocketsphinx --enable-librsvg --enable-libjxl --enable-shared
  libavutil      59.  8.100 / 59.  8.100
  libavcodec     61.  3.100 / 61.  3.100
  libavformat    61.  1.100 / 61.  1.100
  libavdevice    61.  1.100 / 61.  1.100
  libavfilter    10.  1.100 / 10.  1.100
  libswscale      8.  1.100 /  8.  1.100
  libswresample   5.  1.100 /  5.  1.100
  libpostproc    58.  1.100 / 58.  1.100
Input #0, concat, from '/home/marco-lasagna/Scaricati/ffmpeg-java/inputFile.txt':
  Duration: N/A, start: 0.000000, bitrate: N/A
  Stream #0:0: Video: mjpeg (Baseline), yuvj420p(pc, bt470bg/unknown/unknown), 4501x4500 [SAR 1:1 DAR 4501:4500], 25 fps, 25 tbr, 25 tbn
Stream mapping:
  Stream #0:0 -> #0:0 (mjpeg (native) -> h264 (libx264))
Press [q] to stop, [?] for help
[swscaler @ 0x736198016b00] deprecated pixel format used, make sure you did set range correctly
    Last message repeated 1 times
[swscaler @ 0x736198b407c0] deprecated pixel format used, make sure you did set range correctly
    Last message repeated 1 times
[vost#0:0/libx264 @ 0x61e21f455ac0] No information about the input framerate is available. Falling back to a default value of 25fps. Use the -r option if you want a different framerate.
[libx264 @ 0x61e21f44be80] using SAR=2048/4095
[libx264 @ 0x61e21f44be80] using cpu capabilities: MMX2 SSE2Fast SSSE3 SSE4.2 AVX FMA3 BMI2 AVX2
[libx264 @ 0x61e21f44be80] profile High, level 4.0, 4:2:0, 8-bit
[libx264 @ 0x61e21f44be80] 264 - core 164 r3108 31e19f9 - H.264/MPEG-4 AVC codec - Copyleft 2003-2023 - http://www.videolan.org/x264.html - options: cabac=1 ref=3 deblock=1:0:0 analyse=0x3:0x113 me=hex subme=7 psy=1 psy_rd=1.00:0.00 mixed_ref=1 me_range=16 chroma_me=1 trellis=1 8x8dct=1 cqm=0 deadzone=21,11 fast_pskip=1 chroma_qp_offset=-2 threads=30 lookahead_threads=5 sliced_threads=0 nr=0 decimate=1 interlaced=0 bluray_compat=0 constrained_intra=0 bframes=3 b_pyramid=2 b_adapt=1 b_bias=0 direct=1 weightb=1 open_gop=0 weightp=2 keyint=250 keyint_min=25 scenecut=40 intra_refresh=0 rc_lookahead=40 rc=crf mbtree=1 crf=23.0 qcomp=0.60 qpmin=0 qpmax=69 qpstep=4 ip_ratio=1.40 aq=1:1.00
Output #0, mp4, to './src/test/resources/output/translation/tempVideo/060.mp4':
  Metadata:
    encoder         : Lavf61.1.100
  Stream #0:0: Video: h264 (avc1 / 0x31637661), yuvj420p(pc, progressive), 2048x1024 [SAR 4501:9000 DAR 4501:4500], q=2-31, 25 fps, 12800 tbn
      Metadata:
        encoder         : Lavc61.3.100 libx264
      Side data:
        cpb: bitrate max/min/avg: 0/0/0 buffer size: 0 vbv_delay: N/A
[out#0/mp4 @ 0x61e21f453b40] video:32KiB audio:0KiB subtitle:0KiB other streams:0KiB global headers:0KiB muxing overhead: 2.907704%
frame=    6 fps=0.0 q=-1.0 Lsize=      33KiB time=00:00:00.16 bitrate=1686.4kbits/s dup=0 drop=19 speed=0.655x    
[libx264 @ 0x61e21f44be80] frame I:1     Avg QP:18.39  size: 30399
[libx264 @ 0x61e21f44be80] frame P:2     Avg QP:17.94  size:   420
[libx264 @ 0x61e21f44be80] frame B:3     Avg QP:29.25  size:   282
[libx264 @ 0x61e21f44be80] consecutive B-frames: 33.3%  0.0%  0.0% 66.7%
[libx264 @ 0x61e21f44be80] mb I  I16..4: 25.6% 63.9% 10.5%
[libx264 @ 0x61e21f44be80] mb P  I16..4:  0.1%  0.1%  0.0%  P16..4:  1.2%  0.1%  0.0%  0.0%  0.0%    skip:98.4%
[libx264 @ 0x61e21f44be80] mb B  I16..4:  0.0%  0.0%  0.0%  B16..8:  1.3%  0.1%  0.0%  direct: 0.0%  skip:98.5%  L0:59.8% L1:39.0% BI: 1.2%
[libx264 @ 0x61e21f44be80] 8x8 transform intra:63.8% inter:40.0%
[libx264 @ 0x61e21f44be80] coded y,uvDC,uvAC intra: 6.0% 10.2% 9.1% inter: 0.1% 0.0% 0.0%
[libx264 @ 0x61e21f44be80] i16 v,h,dc,p: 88% 12%  1%  0%
[libx264 @ 0x61e21f44be80] i8 v,h,dc,ddl,ddr,vr,hd,vl,hu: 58%  9% 33%  0%  0%  0%  0%  0%  0%
[libx264 @ 0x61e21f44be80] i4 v,h,dc,ddl,ddr,vr,hd,vl,hu: 40% 29% 10%  4%  2%  2%  4%  4%  5%
[libx264 @ 0x61e21f44be80] i8c dc,h,v,p: 82%  9%  8%  1%
[libx264 @ 0x61e21f44be80] Weighted P-Frames: Y:0.0% UV:0.0%
[libx264 @ 0x61e21f44be80] ref P L0: 94.9%  0.0%  1.8%  3.3%
[libx264 @ 0x61e21f44be80] ref B L0: 88.8% 11.2%
[libx264 @ 0x61e21f44be80] ref B L1: 96.4%  3.6%
[libx264 @ 0x61e21f44be80] kb/s:1069.50
ffmpeg version 7.0.2-3ubuntu1 Copyright (c) 2000-2024 the FFmpeg developers
  built with gcc 14 (Ubuntu 14.2.0-2ubuntu1)
  configuration: --prefix=/usr --extra-version=3ubuntu1 --toolchain=hardened --libdir=/usr/lib/x86_64-linux-gnu --incdir=/usr/include/x86_64-linux-gnu --arch=amd64 --enable-gpl --disable-stripping --disable-libmfx --disable-omx --enable-gnutls --enable-libaom --enable-libass --enable-libbs2b --enable-libcdio --enable-libcodec2 --enable-libdav1d --enable-libflite --enable-libfontconfig --enable-libfreetype --enable-libfribidi --enable-libglslang --enable-libgme --enable-libgsm --enable-libharfbuzz --enable-libmp3lame --enable-libmysofa --enable-libopenjpeg --enable-libopenmpt --enable-libopus --enable-librubberband --enable-libshine --enable-libsnappy --enable-libsoxr --enable-libspeex --enable-libtheora --enable-libtwolame --enable-libvidstab --enable-libvorbis --enable-libvpx --enable-libwebp --enable-libx265 --enable-libxml2 --enable-libxvid --enable-libzimg --enable-openal --enable-opencl --enable-opengl --disable-sndio --enable-libvpl --enable-libdc1394 --enable-libdrm --enable-libiec61883 --enable-chromaprint --enable-frei0r --enable-ladspa --enable-libbluray --enable-libcaca --enable-libdvdnav --enable-libdvdread --enable-libjack --enable-libpulse --enable-librabbitmq --enable-librist --enable-libsrt --enable-libssh --enable-libsvtav1 --enable-libx264 --enable-libzmq --enable-libzvbi --enable-lv2 --enable-sdl2 --enable-libplacebo --enable-librav1e --enable-pocketsphinx --enable-librsvg --enable-libjxl --enable-shared
  libavutil      59.  8.100 / 59.  8.100
  libavcodec     61.  3.100 / 61.  3.100
  libavformat    61.  1.100 / 61.  1.100
  libavdevice    61.  1.100 / 61.  1.100
  libavfilter    10.  1.100 / 10.  1.100
  libswscale      8.  1.100 /  8.  1.100
  libswresample   5.  1.100 /  5.  1.100
  libpostproc    58.  1.100 / 58.  1.100
Input #0, concat, from '/home/marco-lasagna/Scaricati/ffmpeg-java/inputFile.txt':
  Duration: N/A, start: 0.000000, bitrate: N/A
  Stream #0:0: Video: mjpeg (Baseline), yuvj420p(pc, bt470bg/unknown/unknown), 4501x4500 [SAR 1:1 DAR 4501:4500], 25 fps, 25 tbr, 25 tbn
Stream mapping:
  Stream #0:0 -> #0:0 (mjpeg (native) -> h264 (libx264))
Press [q] to stop, [?] for help
[swscaler @ 0x7a8338016b00] deprecated pixel format used, make sure you did set range correctly
    Last message repeated 1 times
[swscaler @ 0x7a8338b407c0] deprecated pixel format used, make sure you did set range correctly
    Last message repeated 1 times
[vost#0:0/libx264 @ 0x5e24f099eac0] No information about the input framerate is available. Falling back to a default value of 25fps. Use the -r option if you want a different framerate.
[libx264 @ 0x5e24f0994e80] using SAR=2048/4095
[libx264 @ 0x5e24f0994e80] using cpu capabilities: MMX2 SSE2Fast SSSE3 SSE4.2 AVX FMA3 BMI2 AVX2
[libx264 @ 0x5e24f0994e80] profile High, level 4.0, 4:2:0, 8-bit
[libx264 @ 0x5e24f0994e80] 264 - core 164 r3108 31e19f9 - H.264/MPEG-4 AVC codec - Copyleft 2003-2023 - http://www.videolan.org/x264.html - options: cabac=1 ref=3 deblock=1:0:0 analyse=0x3:0x113 me=hex subme=7 psy=1 psy_rd=1.00:0.00 mixed_ref=1 me_range=16 chroma_me=1 trellis=1 8x8dct=1 cqm=0 deadzone=21,11 fast_pskip=1 chroma_qp_offset=-2 threads=30 lookahead_threads=5 sliced_threads=0 nr=0 decimate=1 interlaced=0 bluray_compat=0 constrained_intra=0 bframes=3 b_pyramid=2 b_adapt=1 b_bias=0 direct=1 weightb=1 open_gop=0 weightp=2 keyint=250 keyint_min=25 scenecut=40 intra_refresh=0 rc_lookahead=40 rc=crf mbtree=1 crf=23.0 qcomp=0.60 qpmin=0 qpmax=69 qpstep=4 ip_ratio=1.40 aq=1:1.00
Output #0, mp4, to './src/test/resources/output/translation/tempVideo/070.mp4':
  Metadata:
    encoder         : Lavf61.1.100
  Stream #0:0: Video: h264 (avc1 / 0x31637661), yuvj420p(pc, progressive), 2048x1024 [SAR 4501:9000 DAR 4501:4500], q=2-31, 25 fps, 12800 tbn
      Metadata:
        encoder         : Lavc61.3.100 libx264
      Side data:
        cpb: bitrate max/min/avg: 0/0/0 buffer size: 0 vbv_delay: N/A
[out#0/mp4 @ 0x5e24f099cb40] video:32KiB audio:0KiB subtitle:0KiB other streams:0KiB global headers:0KiB muxing overhead: 2.906640%
frame=    6 fps=0.0 q=-1.0 Lsize=      33KiB time=00:00:00.16 bitrate=1687.0kbits/s dup=0 drop=19 speed=0.638x    
[libx264 @ 0x5e24f0994e80] frame I:1     Avg QP:18.49  size: 30460
[libx264 @ 0x5e24f0994e80] frame P:2     Avg QP:21.55  size:   422
[libx264 @ 0x5e24f0994e80] frame B:3     Avg QP:24.69  size:   265
[libx264 @ 0x5e24f0994e80] consecutive B-frames: 33.3%  0.0%  0.0% 66.7%
[libx264 @ 0x5e24f0994e80] mb I  I16..4: 14.7% 75.0% 10.3%
[libx264 @ 0x5e24f0994e80] mb P  I16..4:  0.1%  0.2%  0.0%  P16..4:  1.2%  0.2%  0.1%  0.0%  0.0%    skip:98.3%
[libx264 @ 0x5e24f0994e80] mb B  I16..4:  0.0%  0.0%  0.0%  B16..8:  1.3%  0.1%  0.0%  direct: 0.0%  skip:98.5%  L0:54.3% L1:44.0% BI: 1.6%
[libx264 @ 0x5e24f0994e80] 8x8 transform intra:74.9% inter:41.0%
[libx264 @ 0x5e24f0994e80] coded y,uvDC,uvAC intra: 6.0% 10.1% 9.1% inter: 0.1% 0.0% 0.0%
[libx264 @ 0x5e24f0994e80] i16 v,h,dc,p: 78% 20%  2%  0%
[libx264 @ 0x5e24f0994e80] i8 v,h,dc,ddl,ddr,vr,hd,vl,hu: 41%  9% 50%  0%  0%  0%  0%  0%  0%
[libx264 @ 0x5e24f0994e80] i4 v,h,dc,ddl,ddr,vr,hd,vl,hu: 40% 29% 10%  4%  2%  2%  4%  4%  5%
[libx264 @ 0x5e24f0994e80] i8c dc,h,v,p: 82%  9%  8%  1%
[libx264 @ 0x5e24f0994e80] Weighted P-Frames: Y:0.0% UV:0.0%
[libx264 @ 0x5e24f0994e80] ref P L0: 91.6%  0.0%  2.6%  5.9%
[libx264 @ 0x5e24f0994e80] ref B L0: 86.8% 13.2%
[libx264 @ 0x5e24f0994e80] ref B L1: 96.9%  3.1%
[libx264 @ 0x5e24f0994e80] kb/s:1069.90
ffmpeg version 7.0.2-3ubuntu1 Copyright (c) 2000-2024 the FFmpeg developers
  built with gcc 14 (Ubuntu 14.2.0-2ubuntu1)
  configuration: --prefix=/usr --extra-version=3ubuntu1 --toolchain=hardened --libdir=/usr/lib/x86_64-linux-gnu --incdir=/usr/include/x86_64-linux-gnu --arch=amd64 --enable-gpl --disable-stripping --disable-libmfx --disable-omx --enable-gnutls --enable-libaom --enable-libass --enable-libbs2b --enable-libcdio --enable-libcodec2 --enable-libdav1d --enable-libflite --enable-libfontconfig --enable-libfreetype --enable-libfribidi --enable-libglslang --enable-libgme --enable-libgsm --enable-libharfbuzz --enable-libmp3lame --enable-libmysofa --enable-libopenjpeg --enable-libopenmpt --enable-libopus --enable-librubberband --enable-libshine --enable-libsnappy --enable-libsoxr --enable-libspeex --enable-libtheora --enable-libtwolame --enable-libvidstab --enable-libvorbis --enable-libvpx --enable-libwebp --enable-libx265 --enable-libxml2 --enable-libxvid --enable-libzimg --enable-openal --enable-opencl --enable-opengl --disable-sndio --enable-libvpl --enable-libdc1394 --enable-libdrm --enable-libiec61883 --enable-chromaprint --enable-frei0r --enable-ladspa --enable-libbluray --enable-libcaca --enable-libdvdnav --enable-libdvdread --enable-libjack --enable-libpulse --enable-librabbitmq --enable-librist --enable-libsrt --enable-libssh --enable-libsvtav1 --enable-libx264 --enable-libzmq --enable-libzvbi --enable-lv2 --enable-sdl2 --enable-libplacebo --enable-librav1e --enable-pocketsphinx --enable-librsvg --enable-libjxl --enable-shared
  libavutil      59.  8.100 / 59.  8.100
  libavcodec     61.  3.100 / 61.  3.100
  libavformat    61.  1.100 / 61.  1.100
  libavdevice    61.  1.100 / 61.  1.100
  libavfilter    10.  1.100 / 10.  1.100
  libswscale      8.  1.100 /  8.  1.100
  libswresample   5.  1.100 /  5.  1.100
  libpostproc    58.  1.100 / 58.  1.100
Input #0, concat, from '/home/marco-lasagna/Scaricati/ffmpeg-java/inputFile.txt':
  Duration: N/A, start: 0.000000, bitrate: N/A
  Stream #0:0: Video: mjpeg (Baseline), yuvj420p(pc, bt470bg/unknown/unknown), 4501x4500 [SAR 1:1 DAR 4501:4500], 25 fps, 25 tbr, 25 tbn
Stream mapping:
  Stream #0:0 -> #0:0 (mjpeg (native) -> h264 (libx264))
Press [q] to stop, [?] for help
[swscaler @ 0x761394016b00] deprecated pixel format used, make sure you did set range correctly
    Last message repeated 1 times
[swscaler @ 0x761394b407c0] deprecated pixel format used, make sure you did set range correctly
    Last message repeated 1 times
[vost#0:0/libx264 @ 0x604b6a842ac0] No information about the input framerate is available. Falling back to a default value of 25fps. Use the -r option if you want a different framerate.
[libx264 @ 0x604b6a838e80] using SAR=2048/4095
[libx264 @ 0x604b6a838e80] using cpu capabilities: MMX2 SSE2Fast SSSE3 SSE4.2 AVX FMA3 BMI2 AVX2
[libx264 @ 0x604b6a838e80] profile High, level 4.0, 4:2:0, 8-bit
[libx264 @ 0x604b6a838e80] 264 - core 164 r3108 31e19f9 - H.264/MPEG-4 AVC codec - Copyleft 2003-2023 - http://www.videolan.org/x264.html - options: cabac=1 ref=3 deblock=1:0:0 analyse=0x3:0x113 me=hex subme=7 psy=1 psy_rd=1.00:0.00 mixed_ref=1 me_range=16 chroma_me=1 trellis=1 8x8dct=1 cqm=0 deadzone=21,11 fast_pskip=1 chroma_qp_offset=-2 threads=30 lookahead_threads=5 sliced_threads=0 nr=0 decimate=1 interlaced=0 bluray_compat=0 constrained_intra=0 bframes=3 b_pyramid=2 b_adapt=1 b_bias=0 direct=1 weightb=1 open_gop=0 weightp=2 keyint=250 keyint_min=25 scenecut=40 intra_refresh=0 rc_lookahead=40 rc=crf mbtree=1 crf=23.0 qcomp=0.60 qpmin=0 qpmax=69 qpstep=4 ip_ratio=1.40 aq=1:1.00
Output #0, mp4, to './src/test/resources/output/translation/tempVideo/080.mp4':
  Metadata:
    encoder         : Lavf61.1.100
  Stream #0:0: Video: h264 (avc1 / 0x31637661), yuvj420p(pc, progressive), 2048x1024 [SAR 4501:9000 DAR 4501:4500], q=2-31, 25 fps, 12800 tbn
      Metadata:
        encoder         : Lavc61.3.100 libx264
      Side data:
        cpb: bitrate max/min/avg: 0/0/0 buffer size: 0 vbv_delay: N/A
[out#0/mp4 @ 0x604b6a840b40] video:32KiB audio:0KiB subtitle:0KiB other streams:0KiB global headers:0KiB muxing overhead: 2.911880%
frame=    6 fps=0.0 q=-1.0 Lsize=      33KiB time=00:00:00.16 bitrate=1684.0kbits/s dup=0 drop=19 speed=0.645x    
[libx264 @ 0x604b6a838e80] frame I:1     Avg QP:18.40  size: 30385
[libx264 @ 0x604b6a838e80] frame P:2     Avg QP:17.10  size:   436
[libx264 @ 0x604b6a838e80] frame B:3     Avg QP:31.15  size:   260
[libx264 @ 0x604b6a838e80] consecutive B-frames: 33.3%  0.0%  0.0% 66.7%
[libx264 @ 0x604b6a838e80] mb I  I16..4: 25.6% 63.9% 10.5%
[libx264 @ 0x604b6a838e80] mb P  I16..4:  0.1%  0.2%  0.0%  P16..4:  1.1%  0.1%  0.1%  0.0%  0.0%    skip:98.4%
[libx264 @ 0x604b6a838e80] mb B  I16..4:  0.0%  0.0%  0.0%  B16..8:  1.4%  0.1%  0.0%  direct: 0.0%  skip:98.4%  L0:34.9% L1:63.3% BI: 1.9%
[libx264 @ 0x604b6a838e80] 8x8 transform intra:63.9% inter:29.3%
[libx264 @ 0x604b6a838e80] coded y,uvDC,uvAC intra: 6.0% 10.1% 9.1% inter: 0.1% 0.0% 0.0%
[libx264 @ 0x604b6a838e80] i16 v,h,dc,p: 88% 11%  1%  0%
[libx264 @ 0x604b6a838e80] i8 v,h,dc,ddl,ddr,vr,hd,vl,hu: 57%  9% 33%  0%  0%  0%  0%  0%  0%
[libx264 @ 0x604b6a838e80] i4 v,h,dc,ddl,ddr,vr,hd,vl,hu: 39% 30% 10%  4%  2%  2%  4%  4%  5%
[libx264 @ 0x604b6a838e80] i8c dc,h,v,p: 82%  9%  8%  1%
[libx264 @ 0x604b6a838e80] Weighted P-Frames: Y:0.0% UV:0.0%
[libx264 @ 0x604b6a838e80] ref P L0: 97.5%  0.6%  1.1%  0.8%
[libx264 @ 0x604b6a838e80] ref B L0: 86.5% 13.5%
[libx264 @ 0x604b6a838e80] ref B L1: 94.9%  5.1%
[libx264 @ 0x604b6a838e80] kb/s:1067.93
ffmpeg version 7.0.2-3ubuntu1 Copyright (c) 2000-2024 the FFmpeg developers
  built with gcc 14 (Ubuntu 14.2.0-2ubuntu1)
  configuration: --prefix=/usr --extra-version=3ubuntu1 --toolchain=hardened --libdir=/usr/lib/x86_64-linux-gnu --incdir=/usr/include/x86_64-linux-gnu --arch=amd64 --enable-gpl --disable-stripping --disable-libmfx --disable-omx --enable-gnutls --enable-libaom --enable-libass --enable-libbs2b --enable-libcdio --enable-libcodec2 --enable-libdav1d --enable-libflite --enable-libfontconfig --enable-libfreetype --enable-libfribidi --enable-libglslang --enable-libgme --enable-libgsm --enable-libharfbuzz --enable-libmp3lame --enable-libmysofa --enable-libopenjpeg --enable-libopenmpt --enable-libopus --enable-librubberband --enable-libshine --enable-libsnappy --enable-libsoxr --enable-libspeex --enable-libtheora --enable-libtwolame --enable-libvidstab --enable-libvorbis --enable-libvpx --enable-libwebp --enable-libx265 --enable-libxml2 --enable-libxvid --enable-libzimg --enable-openal --enable-opencl --enable-opengl --disable-sndio --enable-libvpl --enable-libdc1394 --enable-libdrm --enable-libiec61883 --enable-chromaprint --enable-frei0r --enable-ladspa --enable-libbluray --enable-libcaca --enable-libdvdnav --enable-libdvdread --enable-libjack --enable-libpulse --enable-librabbitmq --enable-librist --enable-libsrt --enable-libssh --enable-libsvtav1 --enable-libx264 --enable-libzmq --enable-libzvbi --enable-lv2 --enable-sdl2 --enable-libplacebo --enable-librav1e --enable-pocketsphinx --enable-librsvg --enable-libjxl --enable-shared
  libavutil      59.  8.100 / 59.  8.100
  libavcodec     61.  3.100 / 61.  3.100
  libavformat    61.  1.100 / 61.  1.100
  libavdevice    61.  1.100 / 61.  1.100
  libavfilter    10.  1.100 / 10.  1.100
  libswscale      8.  1.100 /  8.  1.100
  libswresample   5.  1.100 /  5.  1.100
  libpostproc    58.  1.100 / 58.  1.100
Input #0, concat, from '/home/marco-lasagna/Scaricati/ffmpeg-java/inputFile.txt':
  Duration: N/A, start: 0.000000, bitrate: N/A
  Stream #0:0: Video: mjpeg (Baseline), yuvj420p(pc, bt470bg/unknown/unknown), 4501x4500 [SAR 1:1 DAR 4501:4500], 25 fps, 25 tbr, 25 tbn
Stream mapping:
  Stream #0:0 -> #0:0 (mjpeg (native) -> h264 (libx264))
Press [q] to stop, [?] for help
[swscaler @ 0x771bac016b00] deprecated pixel format used, make sure you did set range correctly
    Last message repeated 1 times
[swscaler @ 0x771bacb407c0] deprecated pixel format used, make sure you did set range correctly
    Last message repeated 1 times
[vost#0:0/libx264 @ 0x64d9ecbebac0] No information about the input framerate is available. Falling back to a default value of 25fps. Use the -r option if you want a different framerate.
[libx264 @ 0x64d9ecbe1e80] using SAR=2048/4095
[libx264 @ 0x64d9ecbe1e80] using cpu capabilities: MMX2 SSE2Fast SSSE3 SSE4.2 AVX FMA3 BMI2 AVX2
[libx264 @ 0x64d9ecbe1e80] profile High, level 4.0, 4:2:0, 8-bit
[libx264 @ 0x64d9ecbe1e80] 264 - core 164 r3108 31e19f9 - H.264/MPEG-4 AVC codec - Copyleft 2003-2023 - http://www.videolan.org/x264.html - options: cabac=1 ref=3 deblock=1:0:0 analyse=0x3:0x113 me=hex subme=7 psy=1 psy_rd=1.00:0.00 mixed_ref=1 me_range=16 chroma_me=1 trellis=1 8x8dct=1 cqm=0 deadzone=21,11 fast_pskip=1 chroma_qp_offset=-2 threads=30 lookahead_threads=5 sliced_threads=0 nr=0 decimate=1 interlaced=0 bluray_compat=0 constrained_intra=0 bframes=3 b_pyramid=2 b_adapt=1 b_bias=0 direct=1 weightb=1 open_gop=0 weightp=2 keyint=250 keyint_min=25 scenecut=40 intra_refresh=0 rc_lookahead=40 rc=crf mbtree=1 crf=23.0 qcomp=0.60 qpmin=0 qpmax=69 qpstep=4 ip_ratio=1.40 aq=1:1.00
Output #0, mp4, to './src/test/resources/output/translation/tempVideo/090.mp4':
  Metadata:
    encoder         : Lavf61.1.100
  Stream #0:0: Video: h264 (avc1 / 0x31637661), yuvj420p(pc, progressive), 2048x1024 [SAR 4501:9000 DAR 4501:4500], q=2-31, 25 fps, 12800 tbn
      Metadata:
        encoder         : Lavc61.3.100 libx264
      Side data:
        cpb: bitrate max/min/avg: 0/0/0 buffer size: 0 vbv_delay: N/A
[out#0/mp4 @ 0x64d9ecbe9b40] video:32KiB audio:0KiB subtitle:0KiB other streams:0KiB global headers:0KiB muxing overhead: 2.917585%
frame=    6 fps=0.0 q=-1.0 Lsize=      33KiB time=00:00:00.16 bitrate=1680.8kbits/s dup=0 drop=19 speed=0.669x    
[libx264 @ 0x64d9ecbe1e80] frame I:1     Avg QP:18.73  size: 30347
[libx264 @ 0x64d9ecbe1e80] frame P:2     Avg QP:17.73  size:   426
[libx264 @ 0x64d9ecbe1e80] frame B:3     Avg QP:23.34  size:   259
[libx264 @ 0x64d9ecbe1e80] consecutive B-frames: 33.3%  0.0%  0.0% 66.7%
[libx264 @ 0x64d9ecbe1e80] mb I  I16..4: 16.6% 73.0% 10.4%
[libx264 @ 0x64d9ecbe1e80] mb P  I16..4:  0.1%  0.1%  0.0%  P16..4:  1.3%  0.2%  0.1%  0.0%  0.0%    skip:98.2%
[libx264 @ 0x64d9ecbe1e80] mb B  I16..4:  0.0%  0.0%  0.0%  B16..8:  1.3%  0.1%  0.0%  direct: 0.0%  skip:98.5%  L0:46.7% L1:50.8% BI: 2.5%
[libx264 @ 0x64d9ecbe1e80] 8x8 transform intra:72.8% inter:48.2%
[libx264 @ 0x64d9ecbe1e80] coded y,uvDC,uvAC intra: 6.0% 10.2% 9.1% inter: 0.1% 0.0% 0.0%
[libx264 @ 0x64d9ecbe1e80] i16 v,h,dc,p: 82% 17%  1%  0%
[libx264 @ 0x64d9ecbe1e80] i8 v,h,dc,ddl,ddr,vr,hd,vl,hu: 56% 10% 33%  0%  0%  0%  0%  0%  0%
[libx264 @ 0x64d9ecbe1e80] i4 v,h,dc,ddl,ddr,vr,hd,vl,hu: 40% 29% 10%  4%  2%  2%  4%  4%  5%
[libx264 @ 0x64d9ecbe1e80] i8c dc,h,v,p: 82%  9%  8%  1%
[libx264 @ 0x64d9ecbe1e80] Weighted P-Frames: Y:0.0% UV:0.0%
[libx264 @ 0x64d9ecbe1e80] ref P L0: 92.0%  0.4%  1.8%  5.8%
[libx264 @ 0x64d9ecbe1e80] ref B L0: 87.3% 12.7%
[libx264 @ 0x64d9ecbe1e80] ref B L1: 95.3%  4.7%
[libx264 @ 0x64d9ecbe1e80] kb/s:1065.80
ffmpeg version 7.0.2-3ubuntu1 Copyright (c) 2000-2024 the FFmpeg developers
  built with gcc 14 (Ubuntu 14.2.0-2ubuntu1)
  configuration: --prefix=/usr --extra-version=3ubuntu1 --toolchain=hardened --libdir=/usr/lib/x86_64-linux-gnu --incdir=/usr/include/x86_64-linux-gnu --arch=amd64 --enable-gpl --disable-stripping --disable-libmfx --disable-omx --enable-gnutls --enable-libaom --enable-libass --enable-libbs2b --enable-libcdio --enable-libcodec2 --enable-libdav1d --enable-libflite --enable-libfontconfig --enable-libfreetype --enable-libfribidi --enable-libglslang --enable-libgme --enable-libgsm --enable-libharfbuzz --enable-libmp3lame --enable-libmysofa --enable-libopenjpeg --enable-libopenmpt --enable-libopus --enable-librubberband --enable-libshine --enable-libsnappy --enable-libsoxr --enable-libspeex --enable-libtheora --enable-libtwolame --enable-libvidstab --enable-libvorbis --enable-libvpx --enable-libwebp --enable-libx265 --enable-libxml2 --enable-libxvid --enable-libzimg --enable-openal --enable-opencl --enable-opengl --disable-sndio --enable-libvpl --enable-libdc1394 --enable-libdrm --enable-libiec61883 --enable-chromaprint --enable-frei0r --enable-ladspa --enable-libbluray --enable-libcaca --enable-libdvdnav --enable-libdvdread --enable-libjack --enable-libpulse --enable-librabbitmq --enable-librist --enable-libsrt --enable-libssh --enable-libsvtav1 --enable-libx264 --enable-libzmq --enable-libzvbi --enable-lv2 --enable-sdl2 --enable-libplacebo --enable-librav1e --enable-pocketsphinx --enable-librsvg --enable-libjxl --enable-shared
  libavutil      59.  8.100 / 59.  8.100
  libavcodec     61.  3.100 / 61.  3.100
  libavformat    61.  1.100 / 61.  1.100
  libavdevice    61.  1.100 / 61.  1.100
  libavfilter    10.  1.100 / 10.  1.100
  libswscale      8.  1.100 /  8.  1.100
  libswresample   5.  1.100 /  5.  1.100
  libpostproc    58.  1.100 / 58.  1.100
Input #0, concat, from '/home/marco-lasagna/Scaricati/ffmpeg-java/inputFile.txt':
  Duration: N/A, start: 0.000000, bitrate: N/A
  Stream #0:0: Video: mjpeg (Baseline), yuvj420p(pc, bt470bg/unknown/unknown), 4501x4500 [SAR 1:1 DAR 4501:4500], 25 fps, 25 tbr, 25 tbn
Stream mapping:
  Stream #0:0 -> #0:0 (mjpeg (native) -> h264 (libx264))
Press [q] to stop, [?] for help
[swscaler @ 0x7c27d8016b00] deprecated pixel format used, make sure you did set range correctly
    Last message repeated 1 times
[swscaler @ 0x7c27d8b407c0] deprecated pixel format used, make sure you did set range correctly
    Last message repeated 1 times
[vost#0:0/libx264 @ 0x62d71cbc2ac0] No information about the input framerate is available. Falling back to a default value of 25fps. Use the -r option if you want a different framerate.
[libx264 @ 0x62d71cbb8e80] using SAR=2048/4095
[libx264 @ 0x62d71cbb8e80] using cpu capabilities: MMX2 SSE2Fast SSSE3 SSE4.2 AVX FMA3 BMI2 AVX2
[libx264 @ 0x62d71cbb8e80] profile High, level 4.0, 4:2:0, 8-bit
[libx264 @ 0x62d71cbb8e80] 264 - core 164 r3108 31e19f9 - H.264/MPEG-4 AVC codec - Copyleft 2003-2023 - http://www.videolan.org/x264.html - options: cabac=1 ref=3 deblock=1:0:0 analyse=0x3:0x113 me=hex subme=7 psy=1 psy_rd=1.00:0.00 mixed_ref=1 me_range=16 chroma_me=1 trellis=1 8x8dct=1 cqm=0 deadzone=21,11 fast_pskip=1 chroma_qp_offset=-2 threads=30 lookahead_threads=5 sliced_threads=0 nr=0 decimate=1 interlaced=0 bluray_compat=0 constrained_intra=0 bframes=3 b_pyramid=2 b_adapt=1 b_bias=0 direct=1 weightb=1 open_gop=0 weightp=2 keyint=250 keyint_min=25 scenecut=40 intra_refresh=0 rc_lookahead=40 rc=crf mbtree=1 crf=23.0 qcomp=0.60 qpmin=0 qpmax=69 qpstep=4 ip_ratio=1.40 aq=1:1.00
Output #0, mp4, to './src/test/resources/output/translation/tempVideo/100.mp4':
  Metadata:
    encoder         : Lavf61.1.100
  Stream #0:0: Video: h264 (avc1 / 0x31637661), yuvj420p(pc, progressive), 2048x1024 [SAR 4501:9000 DAR 4501:4500], q=2-31, 25 fps, 12800 tbn
      Metadata:
        encoder         : Lavc61.3.100 libx264
      Side data:
        cpb: bitrate max/min/avg: 0/0/0 buffer size: 0 vbv_delay: N/A
[out#0/mp4 @ 0x62d71cbc0b40] video:32KiB audio:0KiB subtitle:0KiB other streams:0KiB global headers:0KiB muxing overhead: 2.929243%
frame=    6 fps=0.0 q=-1.0 Lsize=      33KiB time=00:00:00.16 bitrate=1674.3kbits/s dup=0 drop=19 speed=0.652x    
[libx264 @ 0x62d71cbb8e80] frame I:1     Avg QP:18.38  size: 30309
[libx264 @ 0x62d71cbb8e80] frame P:2     Avg QP:18.52  size:   407
[libx264 @ 0x62d71cbb8e80] frame B:3     Avg QP:31.80  size:   240
[libx264 @ 0x62d71cbb8e80] consecutive B-frames: 33.3%  0.0%  0.0% 66.7%
[libx264 @ 0x62d71cbb8e80] mb I  I16..4: 25.5% 64.1% 10.4%
[libx264 @ 0x62d71cbb8e80] mb P  I16..4:  0.1%  0.1%  0.0%  P16..4:  1.1%  0.2%  0.1%  0.0%  0.0%    skip:98.4%
[libx264 @ 0x62d71cbb8e80] mb B  I16..4:  0.0%  0.0%  0.0%  B16..8:  1.2%  0.1%  0.0%  direct: 0.0%  skip:98.6%  L0:63.7% L1:34.3% BI: 2.1%
[libx264 @ 0x62d71cbb8e80] 8x8 transform intra:64.1% inter:51.9%
[libx264 @ 0x62d71cbb8e80] coded y,uvDC,uvAC intra: 5.9% 10.1% 9.1% inter: 0.1% 0.0% 0.0%
[libx264 @ 0x62d71cbb8e80] i16 v,h,dc,p: 88% 11%  1%  0%
[libx264 @ 0x62d71cbb8e80] i8 v,h,dc,ddl,ddr,vr,hd,vl,hu: 54%  9% 37%  0%  0%  0%  0%  0%  0%
[libx264 @ 0x62d71cbb8e80] i4 v,h,dc,ddl,ddr,vr,hd,vl,hu: 40% 29%  9%  4%  2%  2%  4%  4%  5%
[libx264 @ 0x62d71cbb8e80] i8c dc,h,v,p: 82%  9%  8%  1%
[libx264 @ 0x62d71cbb8e80] Weighted P-Frames: Y:0.0% UV:0.0%
[libx264 @ 0x62d71cbb8e80] ref P L0: 90.1%  0.0%  2.5%  7.4%
[libx264 @ 0x62d71cbb8e80] ref B L0: 88.7% 11.3%
[libx264 @ 0x62d71cbb8e80] ref B L1: 95.8%  4.2%
[libx264 @ 0x62d71cbb8e80] kb/s:1061.47
ffmpeg version 7.0.2-3ubuntu1 Copyright (c) 2000-2024 the FFmpeg developers
  built with gcc 14 (Ubuntu 14.2.0-2ubuntu1)
  configuration: --prefix=/usr --extra-version=3ubuntu1 --toolchain=hardened --libdir=/usr/lib/x86_64-linux-gnu --incdir=/usr/include/x86_64-linux-gnu --arch=amd64 --enable-gpl --disable-stripping --disable-libmfx --disable-omx --enable-gnutls --enable-libaom --enable-libass --enable-libbs2b --enable-libcdio --enable-libcodec2 --enable-libdav1d --enable-libflite --enable-libfontconfig --enable-libfreetype --enable-libfribidi --enable-libglslang --enable-libgme --enable-libgsm --enable-libharfbuzz --enable-libmp3lame --enable-libmysofa --enable-libopenjpeg --enable-libopenmpt --enable-libopus --enable-librubberband --enable-libshine --enable-libsnappy --enable-libsoxr --enable-libspeex --enable-libtheora --enable-libtwolame --enable-libvidstab --enable-libvorbis --enable-libvpx --enable-libwebp --enable-libx265 --enable-libxml2 --enable-libxvid --enable-libzimg --enable-openal --enable-opencl --enable-opengl --disable-sndio --enable-libvpl --enable-libdc1394 --enable-libdrm --enable-libiec61883 --enable-chromaprint --enable-frei0r --enable-ladspa --enable-libbluray --enable-libcaca --enable-libdvdnav --enable-libdvdread --enable-libjack --enable-libpulse --enable-librabbitmq --enable-librist --enable-libsrt --enable-libssh --enable-libsvtav1 --enable-libx264 --enable-libzmq --enable-libzvbi --enable-lv2 --enable-sdl2 --enable-libplacebo --enable-librav1e --enable-pocketsphinx --enable-librsvg --enable-libjxl --enable-shared
  libavutil      59.  8.100 / 59.  8.100
  libavcodec     61.  3.100 / 61.  3.100
  libavformat    61.  1.100 / 61.  1.100
  libavdevice    61.  1.100 / 61.  1.100
  libavfilter    10.  1.100 / 10.  1.100
  libswscale      8.  1.100 /  8.  1.100
  libswresample   5.  1.100 /  5.  1.100
  libpostproc    58.  1.100 / 58.  1.100
Input #0, concat, from '/home/marco-lasagna/Scaricati/ffmpeg-java/inputFile.txt':
  Duration: N/A, start: 0.000000, bitrate: N/A
  Stream #0:0: Video: mjpeg (Baseline), yuvj420p(pc, bt470bg/unknown/unknown), 4501x4500 [SAR 1:1 DAR 4501:4500], 25 fps, 25 tbr, 25 tbn
Stream mapping:
  Stream #0:0 -> #0:0 (mjpeg (native) -> h264 (libx264))
Press [q] to stop, [?] for help
[swscaler @ 0x72c07c016b00] deprecated pixel format used, make sure you did set range correctly
    Last message repeated 1 times
[swscaler @ 0x72c07cb407c0] deprecated pixel format used, make sure you did set range correctly
    Last message repeated 1 times
[vost#0:0/libx264 @ 0x57196d773ac0] No information about the input framerate is available. Falling back to a default value of 25fps. Use the -r option if you want a different framerate.
[libx264 @ 0x57196d769e80] using SAR=2048/4095
[libx264 @ 0x57196d769e80] using cpu capabilities: MMX2 SSE2Fast SSSE3 SSE4.2 AVX FMA3 BMI2 AVX2
[libx264 @ 0x57196d769e80] profile High, level 4.0, 4:2:0, 8-bit
[libx264 @ 0x57196d769e80] 264 - core 164 r3108 31e19f9 - H.264/MPEG-4 AVC codec - Copyleft 2003-2023 - http://www.videolan.org/x264.html - options: cabac=1 ref=3 deblock=1:0:0 analyse=0x3:0x113 me=hex subme=7 psy=1 psy_rd=1.00:0.00 mixed_ref=1 me_range=16 chroma_me=1 trellis=1 8x8dct=1 cqm=0 deadzone=21,11 fast_pskip=1 chroma_qp_offset=-2 threads=30 lookahead_threads=5 sliced_threads=0 nr=0 decimate=1 interlaced=0 bluray_compat=0 constrained_intra=0 bframes=3 b_pyramid=2 b_adapt=1 b_bias=0 direct=1 weightb=1 open_gop=0 weightp=2 keyint=250 keyint_min=25 scenecut=40 intra_refresh=0 rc_lookahead=40 rc=crf mbtree=1 crf=23.0 qcomp=0.60 qpmin=0 qpmax=69 qpstep=4 ip_ratio=1.40 aq=1:1.00
Output #0, mp4, to './src/test/resources/output/translation/tempVideo/110.mp4':
  Metadata:
    encoder         : Lavf61.1.100
  Stream #0:0: Video: h264 (avc1 / 0x31637661), yuvj420p(pc, progressive), 2048x1024 [SAR 4501:9000 DAR 4501:4500], q=2-31, 25 fps, 12800 tbn
      Metadata:
        encoder         : Lavc61.3.100 libx264
      Side data:
        cpb: bitrate max/min/avg: 0/0/0 buffer size: 0 vbv_delay: N/A
[out#0/mp4 @ 0x57196d771b40] video:32KiB audio:0KiB subtitle:0KiB other streams:0KiB global headers:0KiB muxing overhead: 2.925287%
frame=    6 fps=0.0 q=-1.0 Lsize=      33KiB time=00:00:00.16 bitrate=1676.5kbits/s dup=0 drop=19 speed=0.66x    
[libx264 @ 0x57196d769e80] frame I:1     Avg QP:18.57  size: 30314
[libx264 @ 0x57196d769e80] frame P:2     Avg QP:19.34  size:   416
[libx264 @ 0x57196d769e80] frame B:3     Avg QP:30.44  size:   248
[libx264 @ 0x57196d769e80] consecutive B-frames: 33.3%  0.0%  0.0% 66.7%
[libx264 @ 0x57196d769e80] mb I  I16..4: 24.3% 65.4% 10.4%
[libx264 @ 0x57196d769e80] mb P  I16..4:  0.1%  0.1%  0.0%  P16..4:  1.3%  0.1%  0.0%  0.0%  0.0%    skip:98.3%
[libx264 @ 0x57196d769e80] mb B  I16..4:  0.0%  0.0%  0.0%  B16..8:  1.3%  0.1%  0.0%  direct: 0.0%  skip:98.5%  L0:44.2% L1:53.1% BI: 2.7%
[libx264 @ 0x57196d769e80] 8x8 transform intra:65.3% inter:20.3%
[libx264 @ 0x57196d769e80] coded y,uvDC,uvAC intra: 6.0% 10.1% 9.1% inter: 0.1% 0.0% 0.0%
[libx264 @ 0x57196d769e80] i16 v,h,dc,p: 87% 12%  1%  0%
[libx264 @ 0x57196d769e80] i8 v,h,dc,ddl,ddr,vr,hd,vl,hu: 59%  9% 32%  0%  0%  0%  0%  0%  0%
[libx264 @ 0x57196d769e80] i4 v,h,dc,ddl,ddr,vr,hd,vl,hu: 39% 30%  9%  4%  2%  2%  4%  4%  5%
[libx264 @ 0x57196d769e80] i8c dc,h,v,p: 82%  9%  8%  1%
[libx264 @ 0x57196d769e80] Weighted P-Frames: Y:0.0% UV:0.0%
[libx264 @ 0x57196d769e80] ref P L0: 95.1%  0.0%  2.4%  2.6%
[libx264 @ 0x57196d769e80] ref B L0: 92.3%  7.7%
[libx264 @ 0x57196d769e80] ref B L1: 97.4%  2.6%
[libx264 @ 0x57196d769e80] kb/s:1062.93
ffmpeg version 7.0.2-3ubuntu1 Copyright (c) 2000-2024 the FFmpeg developers
  built with gcc 14 (Ubuntu 14.2.0-2ubuntu1)
  configuration: --prefix=/usr --extra-version=3ubuntu1 --toolchain=hardened --libdir=/usr/lib/x86_64-linux-gnu --incdir=/usr/include/x86_64-linux-gnu --arch=amd64 --enable-gpl --disable-stripping --disable-libmfx --disable-omx --enable-gnutls --enable-libaom --enable-libass --enable-libbs2b --enable-libcdio --enable-libcodec2 --enable-libdav1d --enable-libflite --enable-libfontconfig --enable-libfreetype --enable-libfribidi --enable-libglslang --enable-libgme --enable-libgsm --enable-libharfbuzz --enable-libmp3lame --enable-libmysofa --enable-libopenjpeg --enable-libopenmpt --enable-libopus --enable-librubberband --enable-libshine --enable-libsnappy --enable-libsoxr --enable-libspeex --enable-libtheora --enable-libtwolame --enable-libvidstab --enable-libvorbis --enable-libvpx --enable-libwebp --enable-libx265 --enable-libxml2 --enable-libxvid --enable-libzimg --enable-openal --enable-opencl --enable-opengl --disable-sndio --enable-libvpl --enable-libdc1394 --enable-libdrm --enable-libiec61883 --enable-chromaprint --enable-frei0r --enable-ladspa --enable-libbluray --enable-libcaca --enable-libdvdnav --enable-libdvdread --enable-libjack --enable-libpulse --enable-librabbitmq --enable-librist --enable-libsrt --enable-libssh --enable-libsvtav1 --enable-libx264 --enable-libzmq --enable-libzvbi --enable-lv2 --enable-sdl2 --enable-libplacebo --enable-librav1e --enable-pocketsphinx --enable-librsvg --enable-libjxl --enable-shared
  libavutil      59.  8.100 / 59.  8.100
  libavcodec     61.  3.100 / 61.  3.100
  libavformat    61.  1.100 / 61.  1.100
  libavdevice    61.  1.100 / 61.  1.100
  libavfilter    10.  1.100 / 10.  1.100
  libswscale      8.  1.100 /  8.  1.100
  libswresample   5.  1.100 /  5.  1.100
  libpostproc    58.  1.100 / 58.  1.100
Input #0, concat, from '/home/marco-lasagna/Scaricati/ffmpeg-java/inputFile.txt':
  Duration: N/A, start: 0.000000, bitrate: N/A
  Stream #0:0: Video: mjpeg (Baseline), yuvj420p(pc, bt470bg/unknown/unknown), 4501x4500 [SAR 1:1 DAR 4501:4500], 25 fps, 25 tbr, 25 tbn
Stream mapping:
  Stream #0:0 -> #0:0 (mjpeg (native) -> h264 (libx264))
Press [q] to stop, [?] for help
[swscaler @ 0x78c418016b00] deprecated pixel format used, make sure you did set range correctly
    Last message repeated 1 times
[swscaler @ 0x78c418b407c0] deprecated pixel format used, make sure you did set range correctly
    Last message repeated 1 times
[vost#0:0/libx264 @ 0x616ee0e54ac0] No information about the input framerate is available. Falling back to a default value of 25fps. Use the -r option if you want a different framerate.
[libx264 @ 0x616ee0e4ae80] using SAR=2048/4095
[libx264 @ 0x616ee0e4ae80] using cpu capabilities: MMX2 SSE2Fast SSSE3 SSE4.2 AVX FMA3 BMI2 AVX2
[libx264 @ 0x616ee0e4ae80] profile High, level 4.0, 4:2:0, 8-bit
[libx264 @ 0x616ee0e4ae80] 264 - core 164 r3108 31e19f9 - H.264/MPEG-4 AVC codec - Copyleft 2003-2023 - http://www.videolan.org/x264.html - options: cabac=1 ref=3 deblock=1:0:0 analyse=0x3:0x113 me=hex subme=7 psy=1 psy_rd=1.00:0.00 mixed_ref=1 me_range=16 chroma_me=1 trellis=1 8x8dct=1 cqm=0 deadzone=21,11 fast_pskip=1 chroma_qp_offset=-2 threads=30 lookahead_threads=5 sliced_threads=0 nr=0 decimate=1 interlaced=0 bluray_compat=0 constrained_intra=0 bframes=3 b_pyramid=2 b_adapt=1 b_bias=0 direct=1 weightb=1 open_gop=0 weightp=2 keyint=250 keyint_min=25 scenecut=40 intra_refresh=0 rc_lookahead=40 rc=crf mbtree=1 crf=23.0 qcomp=0.60 qpmin=0 qpmax=69 qpstep=4 ip_ratio=1.40 aq=1:1.00
Output #0, mp4, to './src/test/resources/output/translation/tempVideo/120.mp4':
  Metadata:
    encoder         : Lavf61.1.100
  Stream #0:0: Video: h264 (avc1 / 0x31637661), yuvj420p(pc, progressive), 2048x1024 [SAR 4501:9000 DAR 4501:4500], q=2-31, 25 fps, 12800 tbn
      Metadata:
        encoder         : Lavc61.3.100 libx264
      Side data:
        cpb: bitrate max/min/avg: 0/0/0 buffer size: 0 vbv_delay: N/A
[out#0/mp4 @ 0x616ee0e52b40] video:32KiB audio:0KiB subtitle:0KiB other streams:0KiB global headers:0KiB muxing overhead: 2.917942%
frame=    6 fps=0.0 q=-1.0 Lsize=      33KiB time=00:00:00.16 bitrate=1680.7kbits/s dup=0 drop=19 speed=0.636x    
[libx264 @ 0x616ee0e4ae80] frame I:1     Avg QP:18.84  size: 30351
[libx264 @ 0x616ee0e4ae80] frame P:2     Avg QP:21.09  size:   408
[libx264 @ 0x616ee0e4ae80] frame B:3     Avg QP:25.18  size:   268
[libx264 @ 0x616ee0e4ae80] consecutive B-frames: 33.3%  0.0%  0.0% 66.7%
[libx264 @ 0x616ee0e4ae80] mb I  I16..4: 24.6% 65.0% 10.4%
[libx264 @ 0x616ee0e4ae80] mb P  I16..4:  0.1%  0.1%  0.0%  P16..4:  1.2%  0.2%  0.0%  0.0%  0.0%    skip:98.4%
[libx264 @ 0x616ee0e4ae80] mb B  I16..4:  0.0%  0.0%  0.0%  B16..8:  1.2%  0.1%  0.0%  direct: 0.0%  skip:98.7%  L0:58.3% L1:38.1% BI: 3.7%
[libx264 @ 0x616ee0e4ae80] 8x8 transform intra:64.9% inter:24.6%
[libx264 @ 0x616ee0e4ae80] coded y,uvDC,uvAC intra: 6.0% 10.2% 9.1% inter: 0.1% 0.0% 0.0%
[libx264 @ 0x616ee0e4ae80] i16 v,h,dc,p: 87% 12%  1%  0%
[libx264 @ 0x616ee0e4ae80] i8 v,h,dc,ddl,ddr,vr,hd,vl,hu: 59%  9% 32%  0%  0%  0%  0%  0%  0%
[libx264 @ 0x616ee0e4ae80] i4 v,h,dc,ddl,ddr,vr,hd,vl,hu: 40% 30%  9%  4%  2%  2%  4%  4%  5%
[libx264 @ 0x616ee0e4ae80] i8c dc,h,v,p: 82%  9%  8%  1%
[libx264 @ 0x616ee0e4ae80] Weighted P-Frames: Y:0.0% UV:0.0%
[libx264 @ 0x616ee0e4ae80] ref P L0: 93.0%  0.0%  1.4%  5.5%
[libx264 @ 0x616ee0e4ae80] ref B L0: 88.4% 11.6%
[libx264 @ 0x616ee0e4ae80] ref B L1: 94.6%  5.4%
[libx264 @ 0x616ee0e4ae80] kb/s:1065.67
ffmpeg version 7.0.2-3ubuntu1 Copyright (c) 2000-2024 the FFmpeg developers
  built with gcc 14 (Ubuntu 14.2.0-2ubuntu1)
  configuration: --prefix=/usr --extra-version=3ubuntu1 --toolchain=hardened --libdir=/usr/lib/x86_64-linux-gnu --incdir=/usr/include/x86_64-linux-gnu --arch=amd64 --enable-gpl --disable-stripping --disable-libmfx --disable-omx --enable-gnutls --enable-libaom --enable-libass --enable-libbs2b --enable-libcdio --enable-libcodec2 --enable-libdav1d --enable-libflite --enable-libfontconfig --enable-libfreetype --enable-libfribidi --enable-libglslang --enable-libgme --enable-libgsm --enable-libharfbuzz --enable-libmp3lame --enable-libmysofa --enable-libopenjpeg --enable-libopenmpt --enable-libopus --enable-librubberband --enable-libshine --enable-libsnappy --enable-libsoxr --enable-libspeex --enable-libtheora --enable-libtwolame --enable-libvidstab --enable-libvorbis --enable-libvpx --enable-libwebp --enable-libx265 --enable-libxml2 --enable-libxvid --enable-libzimg --enable-openal --enable-opencl --enable-opengl --disable-sndio --enable-libvpl --enable-libdc1394 --enable-libdrm --enable-libiec61883 --enable-chromaprint --enable-frei0r --enable-ladspa --enable-libbluray --enable-libcaca --enable-libdvdnav --enable-libdvdread --enable-libjack --enable-libpulse --enable-librabbitmq --enable-librist --enable-libsrt --enable-libssh --enable-libsvtav1 --enable-libx264 --enable-libzmq --enable-libzvbi --enable-lv2 --enable-sdl2 --enable-libplacebo --enable-librav1e --enable-pocketsphinx --enable-librsvg --enable-libjxl --enable-shared
  libavutil      59.  8.100 / 59.  8.100
  libavcodec     61.  3.100 / 61.  3.100
  libavformat    61.  1.100 / 61.  1.100
  libavdevice    61.  1.100 / 61.  1.100
  libavfilter    10.  1.100 / 10.  1.100
  libswscale      8.  1.100 /  8.  1.100
  libswresample   5.  1.100 /  5.  1.100
  libpostproc    58.  1.100 / 58.  1.100
Input #0, concat, from '/home/marco-lasagna/Scaricati/ffmpeg-java/inputFile.txt':
  Duration: N/A, start: 0.000000, bitrate: N/A
  Stream #0:0: Video: mjpeg (Baseline), yuvj420p(pc, bt470bg/unknown/unknown), 4501x4500 [SAR 1:1 DAR 4501:4500], 25 fps, 25 tbr, 25 tbn
Stream mapping:
  Stream #0:0 -> #0:0 (mjpeg (native) -> h264 (libx264))
Press [q] to stop, [?] for help
[swscaler @ 0x789100016b00] deprecated pixel format used, make sure you did set range correctly
    Last message repeated 1 times
[swscaler @ 0x789100b407c0] deprecated pixel format used, make sure you did set range correctly
    Last message repeated 1 times
[vost#0:0/libx264 @ 0x5ed9f4b88ac0] No information about the input framerate is available. Falling back to a default value of 25fps. Use the -r option if you want a different framerate.
[libx264 @ 0x5ed9f4b7ee80] using SAR=2048/4095
[libx264 @ 0x5ed9f4b7ee80] using cpu capabilities: MMX2 SSE2Fast SSSE3 SSE4.2 AVX FMA3 BMI2 AVX2
[libx264 @ 0x5ed9f4b7ee80] profile High, level 4.0, 4:2:0, 8-bit
[libx264 @ 0x5ed9f4b7ee80] 264 - core 164 r3108 31e19f9 - H.264/MPEG-4 AVC codec - Copyleft 2003-2023 - http://www.videolan.org/x264.html - options: cabac=1 ref=3 deblock=1:0:0 analyse=0x3:0x113 me=hex subme=7 psy=1 psy_rd=1.00:0.00 mixed_ref=1 me_range=16 chroma_me=1 trellis=1 8x8dct=1 cqm=0 deadzone=21,11 fast_pskip=1 chroma_qp_offset=-2 threads=30 lookahead_threads=5 sliced_threads=0 nr=0 decimate=1 interlaced=0 bluray_compat=0 constrained_intra=0 bframes=3 b_pyramid=2 b_adapt=1 b_bias=0 direct=1 weightb=1 open_gop=0 weightp=2 keyint=250 keyint_min=25 scenecut=40 intra_refresh=0 rc_lookahead=40 rc=crf mbtree=1 crf=23.0 qcomp=0.60 qpmin=0 qpmax=69 qpstep=4 ip_ratio=1.40 aq=1:1.00
Output #0, mp4, to './src/test/resources/output/translation/tempVideo/130.mp4':
  Metadata:
    encoder         : Lavf61.1.100
  Stream #0:0: Video: h264 (avc1 / 0x31637661), yuvj420p(pc, progressive), 2048x1024 [SAR 4501:9000 DAR 4501:4500], q=2-31, 25 fps, 12800 tbn
      Metadata:
        encoder         : Lavc61.3.100 libx264
      Side data:
        cpb: bitrate max/min/avg: 0/0/0 buffer size: 0 vbv_delay: N/A
[out#0/mp4 @ 0x5ed9f4b86b40] video:32KiB audio:0KiB subtitle:0KiB other streams:0KiB global headers:0KiB muxing overhead: 2.916424%
frame=    6 fps=0.0 q=-1.0 Lsize=      33KiB time=00:00:00.16 bitrate=1681.5kbits/s dup=0 drop=19 speed=0.672x    
[libx264 @ 0x5ed9f4b7ee80] frame I:1     Avg QP:18.63  size: 30396
[libx264 @ 0x5ed9f4b7ee80] frame P:2     Avg QP:18.72  size:   429
[libx264 @ 0x5ed9f4b7ee80] frame B:3     Avg QP:30.81  size:   244
[libx264 @ 0x5ed9f4b7ee80] consecutive B-frames: 33.3%  0.0%  0.0% 66.7%
[libx264 @ 0x5ed9f4b7ee80] mb I  I16..4: 25.0% 64.5% 10.5%
[libx264 @ 0x5ed9f4b7ee80] mb P  I16..4:  0.1%  0.1%  0.0%  P16..4:  1.2%  0.2%  0.0%  0.0%  0.0%    skip:98.4%
[libx264 @ 0x5ed9f4b7ee80] mb B  I16..4:  0.0%  0.0%  0.0%  B16..8:  1.2%  0.1%  0.0%  direct: 0.0%  skip:98.7%  L0:58.7% L1:38.7% BI: 2.6%
[libx264 @ 0x5ed9f4b7ee80] 8x8 transform intra:64.5% inter:36.8%
[libx264 @ 0x5ed9f4b7ee80] coded y,uvDC,uvAC intra: 6.0% 10.2% 9.1% inter: 0.1% 0.0% 0.0%
[libx264 @ 0x5ed9f4b7ee80] i16 v,h,dc,p: 87% 12%  1%  0%
[libx264 @ 0x5ed9f4b7ee80] i8 v,h,dc,ddl,ddr,vr,hd,vl,hu: 59%  9% 32%  0%  0%  0%  0%  0%  0%
[libx264 @ 0x5ed9f4b7ee80] i4 v,h,dc,ddl,ddr,vr,hd,vl,hu: 42% 29%  8%  4%  2%  2%  4%  4%  5%
[libx264 @ 0x5ed9f4b7ee80] i8c dc,h,v,p: 82%  9%  8%  1%
[libx264 @ 0x5ed9f4b7ee80] Weighted P-Frames: Y:0.0% UV:0.0%
[libx264 @ 0x5ed9f4b7ee80] ref P L0: 90.9%  0.4%  0.9%  7.8%
[libx264 @ 0x5ed9f4b7ee80] ref B L0: 88.9% 11.1%
[libx264 @ 0x5ed9f4b7ee80] ref B L1: 96.9%  3.1%
[libx264 @ 0x5ed9f4b7ee80] kb/s:1066.23
ffmpeg version 7.0.2-3ubuntu1 Copyright (c) 2000-2024 the FFmpeg developers
  built with gcc 14 (Ubuntu 14.2.0-2ubuntu1)
  configuration: --prefix=/usr --extra-version=3ubuntu1 --toolchain=hardened --libdir=/usr/lib/x86_64-linux-gnu --incdir=/usr/include/x86_64-linux-gnu --arch=amd64 --enable-gpl --disable-stripping --disable-libmfx --disable-omx --enable-gnutls --enable-libaom --enable-libass --enable-libbs2b --enable-libcdio --enable-libcodec2 --enable-libdav1d --enable-libflite --enable-libfontconfig --enable-libfreetype --enable-libfribidi --enable-libglslang --enable-libgme --enable-libgsm --enable-libharfbuzz --enable-libmp3lame --enable-libmysofa --enable-libopenjpeg --enable-libopenmpt --enable-libopus --enable-librubberband --enable-libshine --enable-libsnappy --enable-libsoxr --enable-libspeex --enable-libtheora --enable-libtwolame --enable-libvidstab --enable-libvorbis --enable-libvpx --enable-libwebp --enable-libx265 --enable-libxml2 --enable-libxvid --enable-libzimg --enable-openal --enable-opencl --enable-opengl --disable-sndio --enable-libvpl --enable-libdc1394 --enable-libdrm --enable-libiec61883 --enable-chromaprint --enable-frei0r --enable-ladspa --enable-libbluray --enable-libcaca --enable-libdvdnav --enable-libdvdread --enable-libjack --enable-libpulse --enable-librabbitmq --enable-librist --enable-libsrt --enable-libssh --enable-libsvtav1 --enable-libx264 --enable-libzmq --enable-libzvbi --enable-lv2 --enable-sdl2 --enable-libplacebo --enable-librav1e --enable-pocketsphinx --enable-librsvg --enable-libjxl --enable-shared
  libavutil      59.  8.100 / 59.  8.100
  libavcodec     61.  3.100 / 61.  3.100
  libavformat    61.  1.100 / 61.  1.100
  libavdevice    61.  1.100 / 61.  1.100
  libavfilter    10.  1.100 / 10.  1.100
  libswscale      8.  1.100 /  8.  1.100
  libswresample   5.  1.100 /  5.  1.100
  libpostproc    58.  1.100 / 58.  1.100
Input #0, concat, from '/home/marco-lasagna/Scaricati/ffmpeg-java/inputFile.txt':
  Duration: N/A, start: 0.000000, bitrate: N/A
  Stream #0:0: Video: mjpeg (Baseline), yuvj420p(pc, bt470bg/unknown/unknown), 4501x4500 [SAR 1:1 DAR 4501:4500], 25 fps, 25 tbr, 25 tbn
Stream mapping:
  Stream #0:0 -> #0:0 (mjpeg (native) -> h264 (libx264))
Press [q] to stop, [?] for help
[swscaler @ 0x7450f0016b00] deprecated pixel format used, make sure you did set range correctly
    Last message repeated 1 times
[swscaler @ 0x7450f0b407c0] deprecated pixel format used, make sure you did set range correctly
    Last message repeated 1 times
[vost#0:0/libx264 @ 0x62af6c199ac0] No information about the input framerate is available. Falling back to a default value of 25fps. Use the -r option if you want a different framerate.
[libx264 @ 0x62af6c18fe80] using SAR=2048/4095
[libx264 @ 0x62af6c18fe80] using cpu capabilities: MMX2 SSE2Fast SSSE3 SSE4.2 AVX FMA3 BMI2 AVX2
[libx264 @ 0x62af6c18fe80] profile High, level 4.0, 4:2:0, 8-bit
[libx264 @ 0x62af6c18fe80] 264 - core 164 r3108 31e19f9 - H.264/MPEG-4 AVC codec - Copyleft 2003-2023 - http://www.videolan.org/x264.html - options: cabac=1 ref=3 deblock=1:0:0 analyse=0x3:0x113 me=hex subme=7 psy=1 psy_rd=1.00:0.00 mixed_ref=1 me_range=16 chroma_me=1 trellis=1 8x8dct=1 cqm=0 deadzone=21,11 fast_pskip=1 chroma_qp_offset=-2 threads=30 lookahead_threads=5 sliced_threads=0 nr=0 decimate=1 interlaced=0 bluray_compat=0 constrained_intra=0 bframes=3 b_pyramid=2 b_adapt=1 b_bias=0 direct=1 weightb=1 open_gop=0 weightp=2 keyint=250 keyint_min=25 scenecut=40 intra_refresh=0 rc_lookahead=40 rc=crf mbtree=1 crf=23.0 qcomp=0.60 qpmin=0 qpmax=69 qpstep=4 ip_ratio=1.40 aq=1:1.00
Output #0, mp4, to './src/test/resources/output/translation/tempVideo/140.mp4':
  Metadata:
    encoder         : Lavf61.1.100
  Stream #0:0: Video: h264 (avc1 / 0x31637661), yuvj420p(pc, progressive), 2048x1024 [SAR 4501:9000 DAR 4501:4500], q=2-31, 25 fps, 12800 tbn
      Metadata:
        encoder         : Lavc61.3.100 libx264
      Side data:
        cpb: bitrate max/min/avg: 0/0/0 buffer size: 0 vbv_delay: N/A
[out#0/mp4 @ 0x62af6c197b40] video:32KiB audio:0KiB subtitle:0KiB other streams:0KiB global headers:0KiB muxing overhead: 2.915354%
frame=    6 fps=0.0 q=-1.0 Lsize=      33KiB time=00:00:00.16 bitrate=1682.1kbits/s dup=0 drop=19 speed=0.657x    
[libx264 @ 0x62af6c18fe80] frame I:1     Avg QP:18.75  size: 30418
[libx264 @ 0x62af6c18fe80] frame P:2     Avg QP:19.25  size:   408
[libx264 @ 0x62af6c18fe80] frame B:3     Avg QP:25.47  size:   255
[libx264 @ 0x62af6c18fe80] consecutive B-frames: 33.3%  0.0%  0.0% 66.7%
[libx264 @ 0x62af6c18fe80] mb I  I16..4: 14.5% 75.1% 10.4%
[libx264 @ 0x62af6c18fe80] mb P  I16..4:  0.1%  0.1%  0.0%  P16..4:  1.2%  0.2%  0.0%  0.0%  0.0%    skip:98.4%
[libx264 @ 0x62af6c18fe80] mb B  I16..4:  0.0%  0.0%  0.0%  B16..8:  1.1%  0.1%  0.0%  direct: 0.0%  skip:98.7%  L0:61.8% L1:36.5% BI: 1.6%
[libx264 @ 0x62af6c18fe80] 8x8 transform intra:74.9% inter:35.8%
[libx264 @ 0x62af6c18fe80] coded y,uvDC,uvAC intra: 6.0% 10.1% 9.1% inter: 0.1% 0.0% 0.0%
[libx264 @ 0x62af6c18fe80] i16 v,h,dc,p: 79% 20%  1%  0%
[libx264 @ 0x62af6c18fe80] i8 v,h,dc,ddl,ddr,vr,hd,vl,hu: 43%  8% 49%  0%  0%  0%  0%  0%  0%
[libx264 @ 0x62af6c18fe80] i4 v,h,dc,ddl,ddr,vr,hd,vl,hu: 40% 30% 10%  4%  2%  2%  4%  4%  5%
[libx264 @ 0x62af6c18fe80] i8c dc,h,v,p: 82%  9%  8%  1%
[libx264 @ 0x62af6c18fe80] Weighted P-Frames: Y:0.0% UV:0.0%
[libx264 @ 0x62af6c18fe80] ref P L0: 90.9%  0.2%  2.2%  6.7%
[libx264 @ 0x62af6c18fe80] ref B L0: 83.4% 16.6%
[libx264 @ 0x62af6c18fe80] ref B L1: 96.6%  3.4%
[libx264 @ 0x62af6c18fe80] kb/s:1066.63
ffmpeg version 7.0.2-3ubuntu1 Copyright (c) 2000-2024 the FFmpeg developers
  built with gcc 14 (Ubuntu 14.2.0-2ubuntu1)
  configuration: --prefix=/usr --extra-version=3ubuntu1 --toolchain=hardened --libdir=/usr/lib/x86_64-linux-gnu --incdir=/usr/include/x86_64-linux-gnu --arch=amd64 --enable-gpl --disable-stripping --disable-libmfx --disable-omx --enable-gnutls --enable-libaom --enable-libass --enable-libbs2b --enable-libcdio --enable-libcodec2 --enable-libdav1d --enable-libflite --enable-libfontconfig --enable-libfreetype --enable-libfribidi --enable-libglslang --enable-libgme --enable-libgsm --enable-libharfbuzz --enable-libmp3lame --enable-libmysofa --enable-libopenjpeg --enable-libopenmpt --enable-libopus --enable-librubberband --enable-libshine --enable-libsnappy --enable-libsoxr --enable-libspeex --enable-libtheora --enable-libtwolame --enable-libvidstab --enable-libvorbis --enable-libvpx --enable-libwebp --enable-libx265 --enable-libxml2 --enable-libxvid --enable-libzimg --enable-openal --enable-opencl --enable-opengl --disable-sndio --enable-libvpl --enable-libdc1394 --enable-libdrm --enable-libiec61883 --enable-chromaprint --enable-frei0r --enable-ladspa --enable-libbluray --enable-libcaca --enable-libdvdnav --enable-libdvdread --enable-libjack --enable-libpulse --enable-librabbitmq --enable-librist --enable-libsrt --enable-libssh --enable-libsvtav1 --enable-libx264 --enable-libzmq --enable-libzvbi --enable-lv2 --enable-sdl2 --enable-libplacebo --enable-librav1e --enable-pocketsphinx --enable-librsvg --enable-libjxl --enable-shared
  libavutil      59.  8.100 / 59.  8.100
  libavcodec     61.  3.100 / 61.  3.100
  libavformat    61.  1.100 / 61.  1.100
  libavdevice    61.  1.100 / 61.  1.100
  libavfilter    10.  1.100 / 10.  1.100
  libswscale      8.  1.100 /  8.  1.100
  libswresample   5.  1.100 /  5.  1.100
  libpostproc    58.  1.100 / 58.  1.100
Input #0, concat, from '/home/marco-lasagna/Scaricati/ffmpeg-java/inputFile.txt':
  Duration: N/A, start: 0.000000, bitrate: N/A
  Stream #0:0: Video: mjpeg (Baseline), yuvj420p(pc, bt470bg/unknown/unknown), 4501x4500 [SAR 1:1 DAR 4501:4500], 25 fps, 25 tbr, 25 tbn
Stream mapping:
  Stream #0:0 -> #0:0 (mjpeg (native) -> h264 (libx264))
Press [q] to stop, [?] for help
[swscaler @ 0x731e10016b00] deprecated pixel format used, make sure you did set range correctly
    Last message repeated 1 times
[swscaler @ 0x731e10b407c0] deprecated pixel format used, make sure you did set range correctly
    Last message repeated 1 times
[vost#0:0/libx264 @ 0x6095d96cbac0] No information about the input framerate is available. Falling back to a default value of 25fps. Use the -r option if you want a different framerate.
[libx264 @ 0x6095d96c1e80] using SAR=2048/4095
[libx264 @ 0x6095d96c1e80] using cpu capabilities: MMX2 SSE2Fast SSSE3 SSE4.2 AVX FMA3 BMI2 AVX2
[libx264 @ 0x6095d96c1e80] profile High, level 4.0, 4:2:0, 8-bit
[libx264 @ 0x6095d96c1e80] 264 - core 164 r3108 31e19f9 - H.264/MPEG-4 AVC codec - Copyleft 2003-2023 - http://www.videolan.org/x264.html - options: cabac=1 ref=3 deblock=1:0:0 analyse=0x3:0x113 me=hex subme=7 psy=1 psy_rd=1.00:0.00 mixed_ref=1 me_range=16 chroma_me=1 trellis=1 8x8dct=1 cqm=0 deadzone=21,11 fast_pskip=1 chroma_qp_offset=-2 threads=30 lookahead_threads=5 sliced_threads=0 nr=0 decimate=1 interlaced=0 bluray_compat=0 constrained_intra=0 bframes=3 b_pyramid=2 b_adapt=1 b_bias=0 direct=1 weightb=1 open_gop=0 weightp=2 keyint=250 keyint_min=25 scenecut=40 intra_refresh=0 rc_lookahead=40 rc=crf mbtree=1 crf=23.0 qcomp=0.60 qpmin=0 qpmax=69 qpstep=4 ip_ratio=1.40 aq=1:1.00
Output #0, mp4, to './src/test/resources/output/translation/tempVideo/150.mp4':
  Metadata:
    encoder         : Lavf61.1.100
  Stream #0:0: Video: h264 (avc1 / 0x31637661), yuvj420p(pc, progressive), 2048x1024 [SAR 4501:9000 DAR 4501:4500], q=2-31, 25 fps, 12800 tbn
      Metadata:
        encoder         : Lavc61.3.100 libx264
      Side data:
        cpb: bitrate max/min/avg: 0/0/0 buffer size: 0 vbv_delay: N/A
[out#0/mp4 @ 0x6095d96c9b40] video:32KiB audio:0KiB subtitle:0KiB other streams:0KiB global headers:0KiB muxing overhead: 2.914284%
frame=    6 fps=0.0 q=-1.0 Lsize=      33KiB time=00:00:00.16 bitrate=1682.7kbits/s dup=0 drop=19 speed=0.644x    
[libx264 @ 0x6095d96c1e80] frame I:1     Avg QP:18.77  size: 30435
[libx264 @ 0x6095d96c1e80] frame P:2     Avg QP:18.25  size:   420
[libx264 @ 0x6095d96c1e80] frame B:3     Avg QP:24.84  size:   245
[libx264 @ 0x6095d96c1e80] consecutive B-frames: 33.3%  0.0%  0.0% 66.7%
[libx264 @ 0x6095d96c1e80] mb I  I16..4: 24.1% 65.4% 10.5%
[libx264 @ 0x6095d96c1e80] mb P  I16..4:  0.1%  0.1%  0.0%  P16..4:  1.2%  0.2%  0.1%  0.0%  0.0%    skip:98.3%
[libx264 @ 0x6095d96c1e80] mb B  I16..4:  0.0%  0.0%  0.0%  B16..8:  1.0%  0.1%  0.0%  direct: 0.0%  skip:98.8%  L0:55.1% L1:40.9% BI: 4.0%
[libx264 @ 0x6095d96c1e80] 8x8 transform intra:65.4% inter:13.7%
[libx264 @ 0x6095d96c1e80] coded y,uvDC,uvAC intra: 6.0% 10.2% 9.1% inter: 0.1% 0.0% 0.0%
[libx264 @ 0x6095d96c1e80] i16 v,h,dc,p: 87% 12%  1%  0%
[libx264 @ 0x6095d96c1e80] i8 v,h,dc,ddl,ddr,vr,hd,vl,hu: 59%  9% 31%  0%  0%  0%  0%  0%  0%
[libx264 @ 0x6095d96c1e80] i4 v,h,dc,ddl,ddr,vr,hd,vl,hu: 41% 29%  9%  3%  2%  2%  4%  4%  5%
[libx264 @ 0x6095d96c1e80] i8c dc,h,v,p: 82%  9%  8%  1%
[libx264 @ 0x6095d96c1e80] Weighted P-Frames: Y:0.0% UV:0.0%
[libx264 @ 0x6095d96c1e80] ref P L0: 93.0%  0.0%  1.7%  5.3%
[libx264 @ 0x6095d96c1e80] ref B L0: 89.2% 10.8%
[libx264 @ 0x6095d96c1e80] ref B L1: 97.3%  2.7%
[libx264 @ 0x6095d96c1e80] kb/s:1067.03
ffmpeg version 7.0.2-3ubuntu1 Copyright (c) 2000-2024 the FFmpeg developers
  built with gcc 14 (Ubuntu 14.2.0-2ubuntu1)
  configuration: --prefix=/usr --extra-version=3ubuntu1 --toolchain=hardened --libdir=/usr/lib/x86_64-linux-gnu --incdir=/usr/include/x86_64-linux-gnu --arch=amd64 --enable-gpl --disable-stripping --disable-libmfx --disable-omx --enable-gnutls --enable-libaom --enable-libass --enable-libbs2b --enable-libcdio --enable-libcodec2 --enable-libdav1d --enable-libflite --enable-libfontconfig --enable-libfreetype --enable-libfribidi --enable-libglslang --enable-libgme --enable-libgsm --enable-libharfbuzz --enable-libmp3lame --enable-libmysofa --enable-libopenjpeg --enable-libopenmpt --enable-libopus --enable-librubberband --enable-libshine --enable-libsnappy --enable-libsoxr --enable-libspeex --enable-libtheora --enable-libtwolame --enable-libvidstab --enable-libvorbis --enable-libvpx --enable-libwebp --enable-libx265 --enable-libxml2 --enable-libxvid --enable-libzimg --enable-openal --enable-opencl --enable-opengl --disable-sndio --enable-libvpl --enable-libdc1394 --enable-libdrm --enable-libiec61883 --enable-chromaprint --enable-frei0r --enable-ladspa --enable-libbluray --enable-libcaca --enable-libdvdnav --enable-libdvdread --enable-libjack --enable-libpulse --enable-librabbitmq --enable-librist --enable-libsrt --enable-libssh --enable-libsvtav1 --enable-libx264 --enable-libzmq --enable-libzvbi --enable-lv2 --enable-sdl2 --enable-libplacebo --enable-librav1e --enable-pocketsphinx --enable-librsvg --enable-libjxl --enable-shared
  libavutil      59.  8.100 / 59.  8.100
  libavcodec     61.  3.100 / 61.  3.100
  libavformat    61.  1.100 / 61.  1.100
  libavdevice    61.  1.100 / 61.  1.100
  libavfilter    10.  1.100 / 10.  1.100
  libswscale      8.  1.100 /  8.  1.100
  libswresample   5.  1.100 /  5.  1.100
  libpostproc    58.  1.100 / 58.  1.100
Input #0, concat, from '/home/marco-lasagna/Scaricati/ffmpeg-java/inputFile.txt':
  Duration: N/A, start: 0.000000, bitrate: N/A
  Stream #0:0: Video: mjpeg (Baseline), yuvj420p(pc, bt470bg/unknown/unknown), 4501x4500 [SAR 1:1 DAR 4501:4500], 25 fps, 25 tbr, 25 tbn
Stream mapping:
  Stream #0:0 -> #0:0 (mjpeg (native) -> h264 (libx264))
Press [q] to stop, [?] for help
[swscaler @ 0x75219c016b00] deprecated pixel format used, make sure you did set range correctly
    Last message repeated 1 times
[swscaler @ 0x75219cb407c0] deprecated pixel format used, make sure you did set range correctly
    Last message repeated 1 times
[vost#0:0/libx264 @ 0x57ad39de5ac0] No information about the input framerate is available. Falling back to a default value of 25fps. Use the -r option if you want a different framerate.
[libx264 @ 0x57ad39ddbe80] using SAR=2048/4095
[libx264 @ 0x57ad39ddbe80] using cpu capabilities: MMX2 SSE2Fast SSSE3 SSE4.2 AVX FMA3 BMI2 AVX2
[libx264 @ 0x57ad39ddbe80] profile High, level 4.0, 4:2:0, 8-bit
[libx264 @ 0x57ad39ddbe80] 264 - core 164 r3108 31e19f9 - H.264/MPEG-4 AVC codec - Copyleft 2003-2023 - http://www.videolan.org/x264.html - options: cabac=1 ref=3 deblock=1:0:0 analyse=0x3:0x113 me=hex subme=7 psy=1 psy_rd=1.00:0.00 mixed_ref=1 me_range=16 chroma_me=1 trellis=1 8x8dct=1 cqm=0 deadzone=21,11 fast_pskip=1 chroma_qp_offset=-2 threads=30 lookahead_threads=5 sliced_threads=0 nr=0 decimate=1 interlaced=0 bluray_compat=0 constrained_intra=0 bframes=3 b_pyramid=2 b_adapt=1 b_bias=0 direct=1 weightb=1 open_gop=0 weightp=2 keyint=250 keyint_min=25 scenecut=40 intra_refresh=0 rc_lookahead=40 rc=crf mbtree=1 crf=23.0 qcomp=0.60 qpmin=0 qpmax=69 qpstep=4 ip_ratio=1.40 aq=1:1.00
Output #0, mp4, to './src/test/resources/output/translation/tempVideo/160.mp4':
  Metadata:
    encoder         : Lavf61.1.100
  Stream #0:0: Video: h264 (avc1 / 0x31637661), yuvj420p(pc, progressive), 2048x1024 [SAR 4501:9000 DAR 4501:4500], q=2-31, 25 fps, 12800 tbn
      Metadata:
        encoder         : Lavc61.3.100 libx264
      Side data:
        cpb: bitrate max/min/avg: 0/0/0 buffer size: 0 vbv_delay: N/A
[out#0/mp4 @ 0x57ad39de3b40] video:32KiB audio:0KiB subtitle:0KiB other streams:0KiB global headers:0KiB muxing overhead: 2.921789%
frame=    6 fps=0.0 q=-1.0 Lsize=      33KiB time=00:00:00.16 bitrate=1678.5kbits/s dup=0 drop=19 speed=0.652x    
[libx264 @ 0x57ad39ddbe80] frame I:1     Avg QP:18.78  size: 30366
[libx264 @ 0x57ad39ddbe80] frame P:2     Avg QP:16.63  size:   411
[libx264 @ 0x57ad39ddbe80] frame B:3     Avg QP:21.22  size:   246
[libx264 @ 0x57ad39ddbe80] consecutive B-frames: 33.3%  0.0%  0.0% 66.7%
[libx264 @ 0x57ad39ddbe80] mb I  I16..4: 24.0% 65.6% 10.4%
[libx264 @ 0x57ad39ddbe80] mb P  I16..4:  0.2%  0.1%  0.0%  P16..4:  1.1%  0.2%  0.1%  0.0%  0.0%    skip:98.4%
[libx264 @ 0x57ad39ddbe80] mb B  I16..4:  0.0%  0.0%  0.0%  B16..8:  1.3%  0.1%  0.0%  direct: 0.0%  skip:98.5%  L0:32.8% L1:65.7% BI: 1.5%
[libx264 @ 0x57ad39ddbe80] 8x8 transform intra:65.4% inter:37.0%
[libx264 @ 0x57ad39ddbe80] coded y,uvDC,uvAC intra: 6.0% 10.2% 9.1% inter: 0.1% 0.0% 0.0%
[libx264 @ 0x57ad39ddbe80] i16 v,h,dc,p: 87% 12%  1%  0%
[libx264 @ 0x57ad39ddbe80] i8 v,h,dc,ddl,ddr,vr,hd,vl,hu: 59%  9% 31%  0%  0%  0%  0%  0%  0%
[libx264 @ 0x57ad39ddbe80] i4 v,h,dc,ddl,ddr,vr,hd,vl,hu: 40% 29%  9%  4%  2%  2%  4%  4%  5%
[libx264 @ 0x57ad39ddbe80] i8c dc,h,v,p: 82%  9%  8%  1%
[libx264 @ 0x57ad39ddbe80] Weighted P-Frames: Y:0.0% UV:0.0%
[libx264 @ 0x57ad39ddbe80] ref P L0: 94.5%  0.2%  3.2%  2.0%
[libx264 @ 0x57ad39ddbe80] ref B L0: 86.6% 13.4%
[libx264 @ 0x57ad39ddbe80] ref B L1: 97.0%  3.0%
[libx264 @ 0x57ad39ddbe80] kb/s:1064.23
ffmpeg version 7.0.2-3ubuntu1 Copyright (c) 2000-2024 the FFmpeg developers
  built with gcc 14 (Ubuntu 14.2.0-2ubuntu1)
  configuration: --prefix=/usr --extra-version=3ubuntu1 --toolchain=hardened --libdir=/usr/lib/x86_64-linux-gnu --incdir=/usr/include/x86_64-linux-gnu --arch=amd64 --enable-gpl --disable-stripping --disable-libmfx --disable-omx --enable-gnutls --enable-libaom --enable-libass --enable-libbs2b --enable-libcdio --enable-libcodec2 --enable-libdav1d --enable-libflite --enable-libfontconfig --enable-libfreetype --enable-libfribidi --enable-libglslang --enable-libgme --enable-libgsm --enable-libharfbuzz --enable-libmp3lame --enable-libmysofa --enable-libopenjpeg --enable-libopenmpt --enable-libopus --enable-librubberband --enable-libshine --enable-libsnappy --enable-libsoxr --enable-libspeex --enable-libtheora --enable-libtwolame --enable-libvidstab --enable-libvorbis --enable-libvpx --enable-libwebp --enable-libx265 --enable-libxml2 --enable-libxvid --enable-libzimg --enable-openal --enable-opencl --enable-opengl --disable-sndio --enable-libvpl --enable-libdc1394 --enable-libdrm --enable-libiec61883 --enable-chromaprint --enable-frei0r --enable-ladspa --enable-libbluray --enable-libcaca --enable-libdvdnav --enable-libdvdread --enable-libjack --enable-libpulse --enable-librabbitmq --enable-librist --enable-libsrt --enable-libssh --enable-libsvtav1 --enable-libx264 --enable-libzmq --enable-libzvbi --enable-lv2 --enable-sdl2 --enable-libplacebo --enable-librav1e --enable-pocketsphinx --enable-librsvg --enable-libjxl --enable-shared
  libavutil      59.  8.100 / 59.  8.100
  libavcodec     61.  3.100 / 61.  3.100
  libavformat    61.  1.100 / 61.  1.100
  libavdevice    61.  1.100 / 61.  1.100
  libavfilter    10.  1.100 / 10.  1.100
  libswscale      8.  1.100 /  8.  1.100
  libswresample   5.  1.100 /  5.  1.100
  libpostproc    58.  1.100 / 58.  1.100
Input #0, concat, from '/home/marco-lasagna/Scaricati/ffmpeg-java/inputFile.txt':
  Duration: N/A, start: 0.000000, bitrate: N/A
  Stream #0:0: Video: mjpeg (Baseline), yuvj420p(pc, bt470bg/unknown/unknown), 4501x4500 [SAR 1:1 DAR 4501:4500], 25 fps, 25 tbr, 25 tbn
Stream mapping:
  Stream #0:0 -> #0:0 (mjpeg (native) -> h264 (libx264))
Press [q] to stop, [?] for help
[swscaler @ 0x76c364016b00] deprecated pixel format used, make sure you did set range correctly
    Last message repeated 1 times
[swscaler @ 0x76c364b407c0] deprecated pixel format used, make sure you did set range correctly
    Last message repeated 1 times
[vost#0:0/libx264 @ 0x614f868faac0] No information about the input framerate is available. Falling back to a default value of 25fps. Use the -r option if you want a different framerate.
[libx264 @ 0x614f868f0e80] using SAR=2048/4095
[libx264 @ 0x614f868f0e80] using cpu capabilities: MMX2 SSE2Fast SSSE3 SSE4.2 AVX FMA3 BMI2 AVX2
[libx264 @ 0x614f868f0e80] profile High, level 4.0, 4:2:0, 8-bit
[libx264 @ 0x614f868f0e80] 264 - core 164 r3108 31e19f9 - H.264/MPEG-4 AVC codec - Copyleft 2003-2023 - http://www.videolan.org/x264.html - options: cabac=1 ref=3 deblock=1:0:0 analyse=0x3:0x113 me=hex subme=7 psy=1 psy_rd=1.00:0.00 mixed_ref=1 me_range=16 chroma_me=1 trellis=1 8x8dct=1 cqm=0 deadzone=21,11 fast_pskip=1 chroma_qp_offset=-2 threads=30 lookahead_threads=5 sliced_threads=0 nr=0 decimate=1 interlaced=0 bluray_compat=0 constrained_intra=0 bframes=3 b_pyramid=2 b_adapt=1 b_bias=0 direct=1 weightb=1 open_gop=0 weightp=2 keyint=250 keyint_min=25 scenecut=40 intra_refresh=0 rc_lookahead=40 rc=crf mbtree=1 crf=23.0 qcomp=0.60 qpmin=0 qpmax=69 qpstep=4 ip_ratio=1.40 aq=1:1.00
Output #0, mp4, to './src/test/resources/output/translation/tempVideo/170.mp4':
  Metadata:
    encoder         : Lavf61.1.100
  Stream #0:0: Video: h264 (avc1 / 0x31637661), yuvj420p(pc, progressive), 2048x1024 [SAR 4501:9000 DAR 4501:4500], q=2-31, 25 fps, 12800 tbn
      Metadata:
        encoder         : Lavc61.3.100 libx264
      Side data:
        cpb: bitrate max/min/avg: 0/0/0 buffer size: 0 vbv_delay: N/A
[out#0/mp4 @ 0x614f868f8b40] video:32KiB audio:0KiB subtitle:0KiB other streams:0KiB global headers:0KiB muxing overhead: 2.930234%
frame=    6 fps=0.0 q=-1.0 Lsize=      33KiB time=00:00:00.16 bitrate=1673.8kbits/s dup=0 drop=19 speed=0.673x    
[libx264 @ 0x614f868f0e80] frame I:1     Avg QP:18.78  size: 30280
[libx264 @ 0x614f868f0e80] frame P:2     Avg QP:18.65  size:   424
[libx264 @ 0x614f868f0e80] frame B:3     Avg QP:23.66  size:   235
[libx264 @ 0x614f868f0e80] consecutive B-frames: 33.3%  0.0%  0.0% 66.7%
[libx264 @ 0x614f868f0e80] mb I  I16..4: 16.7% 73.0% 10.4%
[libx264 @ 0x614f868f0e80] mb P  I16..4:  0.1%  0.1%  0.0%  P16..4:  1.1%  0.2%  0.1%  0.0%  0.0%    skip:98.4%
[libx264 @ 0x614f868f0e80] mb B  I16..4:  0.0%  0.0%  0.0%  B16..8:  1.0%  0.1%  0.0%  direct: 0.0%  skip:98.8%  L0:34.7% L1:62.6% BI: 2.6%
[libx264 @ 0x614f868f0e80] 8x8 transform intra:72.8% inter:33.9%
[libx264 @ 0x614f868f0e80] coded y,uvDC,uvAC intra: 5.9% 10.2% 9.1% inter: 0.1% 0.0% 0.0%
[libx264 @ 0x614f868f0e80] i16 v,h,dc,p: 81% 18%  1%  0%
[libx264 @ 0x614f868f0e80] i8 v,h,dc,ddl,ddr,vr,hd,vl,hu: 60% 10% 30%  0%  0%  0%  0%  0%  0%
[libx264 @ 0x614f868f0e80] i4 v,h,dc,ddl,ddr,vr,hd,vl,hu: 41% 29%  9%  4%  2%  2%  4%  4%  5%
[libx264 @ 0x614f868f0e80] i8c dc,h,v,p: 82%  9%  8%  1%
[libx264 @ 0x614f868f0e80] Weighted P-Frames: Y:0.0% UV:0.0%
[libx264 @ 0x614f868f0e80] ref P L0: 93.3%  0.0%  1.7%  5.0%
[libx264 @ 0x614f868f0e80] ref B L0: 83.4% 16.6%
[libx264 @ 0x614f868f0e80] ref B L1: 94.7%  5.3%
[libx264 @ 0x614f868f0e80] kb/s:1061.10
ffmpeg version 7.0.2-3ubuntu1 Copyright (c) 2000-2024 the FFmpeg developers
  built with gcc 14 (Ubuntu 14.2.0-2ubuntu1)
  configuration: --prefix=/usr --extra-version=3ubuntu1 --toolchain=hardened --libdir=/usr/lib/x86_64-linux-gnu --incdir=/usr/include/x86_64-linux-gnu --arch=amd64 --enable-gpl --disable-stripping --disable-libmfx --disable-omx --enable-gnutls --enable-libaom --enable-libass --enable-libbs2b --enable-libcdio --enable-libcodec2 --enable-libdav1d --enable-libflite --enable-libfontconfig --enable-libfreetype --enable-libfribidi --enable-libglslang --enable-libgme --enable-libgsm --enable-libharfbuzz --enable-libmp3lame --enable-libmysofa --enable-libopenjpeg --enable-libopenmpt --enable-libopus --enable-librubberband --enable-libshine --enable-libsnappy --enable-libsoxr --enable-libspeex --enable-libtheora --enable-libtwolame --enable-libvidstab --enable-libvorbis --enable-libvpx --enable-libwebp --enable-libx265 --enable-libxml2 --enable-libxvid --enable-libzimg --enable-openal --enable-opencl --enable-opengl --disable-sndio --enable-libvpl --enable-libdc1394 --enable-libdrm --enable-libiec61883 --enable-chromaprint --enable-frei0r --enable-ladspa --enable-libbluray --enable-libcaca --enable-libdvdnav --enable-libdvdread --enable-libjack --enable-libpulse --enable-librabbitmq --enable-librist --enable-libsrt --enable-libssh --enable-libsvtav1 --enable-libx264 --enable-libzmq --enable-libzvbi --enable-lv2 --enable-sdl2 --enable-libplacebo --enable-librav1e --enable-pocketsphinx --enable-librsvg --enable-libjxl --enable-shared
  libavutil      59.  8.100 / 59.  8.100
  libavcodec     61.  3.100 / 61.  3.100
  libavformat    61.  1.100 / 61.  1.100
  libavdevice    61.  1.100 / 61.  1.100
  libavfilter    10.  1.100 / 10.  1.100
  libswscale      8.  1.100 /  8.  1.100
  libswresample   5.  1.100 /  5.  1.100
  libpostproc    58.  1.100 / 58.  1.100
Input #0, concat, from '/home/marco-lasagna/Scaricati/ffmpeg-java/inputFile.txt':
  Duration: N/A, start: 0.000000, bitrate: N/A
  Stream #0:0: Video: mjpeg (Baseline), yuvj420p(pc, bt470bg/unknown/unknown), 4501x4500 [SAR 1:1 DAR 4501:4500], 25 fps, 25 tbr, 25 tbn
Stream mapping:
  Stream #0:0 -> #0:0 (mjpeg (native) -> h264 (libx264))
Press [q] to stop, [?] for help
[swscaler @ 0x7c40d4016b00] deprecated pixel format used, make sure you did set range correctly
    Last message repeated 1 times
[swscaler @ 0x7c40d4b407c0] deprecated pixel format used, make sure you did set range correctly
    Last message repeated 1 times
[vost#0:0/libx264 @ 0x580669ea3ac0] No information about the input framerate is available. Falling back to a default value of 25fps. Use the -r option if you want a different framerate.
[libx264 @ 0x580669e99e80] using SAR=2048/4095
[libx264 @ 0x580669e99e80] using cpu capabilities: MMX2 SSE2Fast SSSE3 SSE4.2 AVX FMA3 BMI2 AVX2
[libx264 @ 0x580669e99e80] profile High, level 4.0, 4:2:0, 8-bit
[libx264 @ 0x580669e99e80] 264 - core 164 r3108 31e19f9 - H.264/MPEG-4 AVC codec - Copyleft 2003-2023 - http://www.videolan.org/x264.html - options: cabac=1 ref=3 deblock=1:0:0 analyse=0x3:0x113 me=hex subme=7 psy=1 psy_rd=1.00:0.00 mixed_ref=1 me_range=16 chroma_me=1 trellis=1 8x8dct=1 cqm=0 deadzone=21,11 fast_pskip=1 chroma_qp_offset=-2 threads=30 lookahead_threads=5 sliced_threads=0 nr=0 decimate=1 interlaced=0 bluray_compat=0 constrained_intra=0 bframes=3 b_pyramid=2 b_adapt=1 b_bias=0 direct=1 weightb=1 open_gop=0 weightp=2 keyint=250 keyint_min=25 scenecut=40 intra_refresh=0 rc_lookahead=40 rc=crf mbtree=1 crf=23.0 qcomp=0.60 qpmin=0 qpmax=69 qpstep=4 ip_ratio=1.40 aq=1:1.00
Output #0, mp4, to './src/test/resources/output/translation/tempVideo/180.mp4':
  Metadata:
    encoder         : Lavf61.1.100
  Stream #0:0: Video: h264 (avc1 / 0x31637661), yuvj420p(pc, progressive), 2048x1024 [SAR 4501:9000 DAR 4501:4500], q=2-31, 25 fps, 12800 tbn
      Metadata:
        encoder         : Lavc61.3.100 libx264
      Side data:
        cpb: bitrate max/min/avg: 0/0/0 buffer size: 0 vbv_delay: N/A
[out#0/mp4 @ 0x580669ea1b40] video:32KiB audio:0KiB subtitle:0KiB other streams:0KiB global headers:0KiB muxing overhead: 2.918032%
frame=    6 fps=0.0 q=-1.0 Lsize=      33KiB time=00:00:00.16 bitrate=1680.6kbits/s dup=0 drop=19 speed=0.604x    
[libx264 @ 0x580669e99e80] frame I:1     Avg QP:18.34  size: 30310
[libx264 @ 0x580669e99e80] frame P:2     Avg QP:17.82  size:   425
[libx264 @ 0x580669e99e80] frame B:3     Avg QP:18.65  size:   270
[libx264 @ 0x580669e99e80] consecutive B-frames: 33.3%  0.0%  0.0% 66.7%
[libx264 @ 0x580669e99e80] mb I  I16..4: 25.7% 63.9% 10.4%
[libx264 @ 0x580669e99e80] mb P  I16..4:  0.1%  0.1%  0.0%  P16..4:  1.1%  0.2%  0.1%  0.0%  0.0%    skip:98.4%
[libx264 @ 0x580669e99e80] mb B  I16..4:  0.1%  0.0%  0.0%  B16..8:  1.2%  0.1%  0.0%  direct: 0.0%  skip:98.5%  L0:54.7% L1:43.0% BI: 2.3%
[libx264 @ 0x580669e99e80] 8x8 transform intra:63.7% inter:41.9%
[libx264 @ 0x580669e99e80] coded y,uvDC,uvAC intra: 6.0% 10.1% 9.1% inter: 0.1% 0.0% 0.0%
[libx264 @ 0x580669e99e80] i16 v,h,dc,p: 87% 12%  1%  0%
[libx264 @ 0x580669e99e80] i8 v,h,dc,ddl,ddr,vr,hd,vl,hu: 57%  9% 33%  0%  0%  0%  0%  0%  0%
[libx264 @ 0x580669e99e80] i4 v,h,dc,ddl,ddr,vr,hd,vl,hu: 40% 30% 10%  4%  2%  2%  4%  4%  5%
[libx264 @ 0x580669e99e80] i8c dc,h,v,p: 82%  9%  8%  1%
[libx264 @ 0x580669e99e80] Weighted P-Frames: Y:0.0% UV:0.0%
[libx264 @ 0x580669e99e80] ref P L0: 94.3%  0.0%  1.0%  4.7%
[libx264 @ 0x580669e99e80] ref B L0: 89.6% 10.4%
[libx264 @ 0x580669e99e80] ref B L1: 92.3%  7.7%
[libx264 @ 0x580669e99e80] kb/s:1065.63
ffmpeg version 7.0.2-3ubuntu1 Copyright (c) 2000-2024 the FFmpeg developers
  built with gcc 14 (Ubuntu 14.2.0-2ubuntu1)
  configuration: --prefix=/usr --extra-version=3ubuntu1 --toolchain=hardened --libdir=/usr/lib/x86_64-linux-gnu --incdir=/usr/include/x86_64-linux-gnu --arch=amd64 --enable-gpl --disable-stripping --disable-libmfx --disable-omx --enable-gnutls --enable-libaom --enable-libass --enable-libbs2b --enable-libcdio --enable-libcodec2 --enable-libdav1d --enable-libflite --enable-libfontconfig --enable-libfreetype --enable-libfribidi --enable-libglslang --enable-libgme --enable-libgsm --enable-libharfbuzz --enable-libmp3lame --enable-libmysofa --enable-libopenjpeg --enable-libopenmpt --enable-libopus --enable-librubberband --enable-libshine --enable-libsnappy --enable-libsoxr --enable-libspeex --enable-libtheora --enable-libtwolame --enable-libvidstab --enable-libvorbis --enable-libvpx --enable-libwebp --enable-libx265 --enable-libxml2 --enable-libxvid --enable-libzimg --enable-openal --enable-opencl --enable-opengl --disable-sndio --enable-libvpl --enable-libdc1394 --enable-libdrm --enable-libiec61883 --enable-chromaprint --enable-frei0r --enable-ladspa --enable-libbluray --enable-libcaca --enable-libdvdnav --enable-libdvdread --enable-libjack --enable-libpulse --enable-librabbitmq --enable-librist --enable-libsrt --enable-libssh --enable-libsvtav1 --enable-libx264 --enable-libzmq --enable-libzvbi --enable-lv2 --enable-sdl2 --enable-libplacebo --enable-librav1e --enable-pocketsphinx --enable-librsvg --enable-libjxl --enable-shared
  libavutil      59.  8.100 / 59.  8.100
  libavcodec     61.  3.100 / 61.  3.100
  libavformat    61.  1.100 / 61.  1.100
  libavdevice    61.  1.100 / 61.  1.100
  libavfilter    10.  1.100 / 10.  1.100
  libswscale      8.  1.100 /  8.  1.100
  libswresample   5.  1.100 /  5.  1.100
  libpostproc    58.  1.100 / 58.  1.100
Input #0, concat, from '/home/marco-lasagna/Scaricati/ffmpeg-java/inputFile.txt':
  Duration: N/A, start: 0.000000, bitrate: N/A
  Stream #0:0: Video: mjpeg (Baseline), yuvj420p(pc, bt470bg/unknown/unknown), 4501x4500 [SAR 1:1 DAR 4501:4500], 25 fps, 25 tbr, 25 tbn
Stream mapping:
  Stream #0:0 -> #0:0 (mjpeg (native) -> h264 (libx264))
Press [q] to stop, [?] for help
[swscaler @ 0x7dcc98016b00] deprecated pixel format used, make sure you did set range correctly
    Last message repeated 1 times
[swscaler @ 0x7dcc98b407c0] deprecated pixel format used, make sure you did set range correctly
    Last message repeated 1 times
[vost#0:0/libx264 @ 0x57c3ea489ac0] No information about the input framerate is available. Falling back to a default value of 25fps. Use the -r option if you want a different framerate.
[libx264 @ 0x57c3ea47fe80] using SAR=2048/4095
[libx264 @ 0x57c3ea47fe80] using cpu capabilities: MMX2 SSE2Fast SSSE3 SSE4.2 AVX FMA3 BMI2 AVX2
[libx264 @ 0x57c3ea47fe80] profile High, level 4.0, 4:2:0, 8-bit
[libx264 @ 0x57c3ea47fe80] 264 - core 164 r3108 31e19f9 - H.264/MPEG-4 AVC codec - Copyleft 2003-2023 - http://www.videolan.org/x264.html - options: cabac=1 ref=3 deblock=1:0:0 analyse=0x3:0x113 me=hex subme=7 psy=1 psy_rd=1.00:0.00 mixed_ref=1 me_range=16 chroma_me=1 trellis=1 8x8dct=1 cqm=0 deadzone=21,11 fast_pskip=1 chroma_qp_offset=-2 threads=30 lookahead_threads=5 sliced_threads=0 nr=0 decimate=1 interlaced=0 bluray_compat=0 constrained_intra=0 bframes=3 b_pyramid=2 b_adapt=1 b_bias=0 direct=1 weightb=1 open_gop=0 weightp=2 keyint=250 keyint_min=25 scenecut=40 intra_refresh=0 rc_lookahead=40 rc=crf mbtree=1 crf=23.0 qcomp=0.60 qpmin=0 qpmax=69 qpstep=4 ip_ratio=1.40 aq=1:1.00
Output #0, mp4, to './src/test/resources/output/translation/tempVideo/190.mp4':
  Metadata:
    encoder         : Lavf61.1.100
  Stream #0:0: Video: h264 (avc1 / 0x31637661), yuvj420p(pc, progressive), 2048x1024 [SAR 4501:9000 DAR 4501:4500], q=2-31, 25 fps, 12800 tbn
      Metadata:
        encoder         : Lavc61.3.100 libx264
      Side data:
        cpb: bitrate max/min/avg: 0/0/0 buffer size: 0 vbv_delay: N/A
[out#0/mp4 @ 0x57c3ea487b40] video:32KiB audio:0KiB subtitle:0KiB other streams:0KiB global headers:0KiB muxing overhead: 2.926275%
frame=    6 fps=0.0 q=-1.0 Lsize=      33KiB time=00:00:00.16 bitrate=1676.0kbits/s dup=0 drop=19 speed=0.638x    
[libx264 @ 0x57c3ea47fe80] frame I:1     Avg QP:18.64  size: 30313
[libx264 @ 0x57c3ea47fe80] frame P:2     Avg QP:18.82  size:   406
[libx264 @ 0x57c3ea47fe80] frame B:3     Avg QP:32.67  size:   251
[libx264 @ 0x57c3ea47fe80] consecutive B-frames: 33.3%  0.0%  0.0% 66.7%
[libx264 @ 0x57c3ea47fe80] mb I  I16..4: 25.9% 63.6% 10.5%
[libx264 @ 0x57c3ea47fe80] mb P  I16..4:  0.1%  0.1%  0.0%  P16..4:  1.1%  0.2%  0.1%  0.0%  0.0%    skip:98.4%
[libx264 @ 0x57c3ea47fe80] mb B  I16..4:  0.0%  0.1%  0.0%  B16..8:  1.0%  0.1%  0.0%  direct: 0.0%  skip:98.8%  L0:61.1% L1:35.6% BI: 3.4%
[libx264 @ 0x57c3ea47fe80] 8x8 transform intra:63.6% inter:16.7%
[libx264 @ 0x57c3ea47fe80] coded y,uvDC,uvAC intra: 6.0% 10.2% 9.1% inter: 0.1% 0.0% 0.0%
[libx264 @ 0x57c3ea47fe80] i16 v,h,dc,p: 88% 11%  1%  0%
[libx264 @ 0x57c3ea47fe80] i8 v,h,dc,ddl,ddr,vr,hd,vl,hu: 44%  6% 50%  0%  0%  0%  0%  0%  0%
[libx264 @ 0x57c3ea47fe80] i4 v,h,dc,ddl,ddr,vr,hd,vl,hu: 40% 29% 10%  4%  2%  2%  4%  4%  5%
[libx264 @ 0x57c3ea47fe80] i8c dc,h,v,p: 82%  9%  8%  1%
[libx264 @ 0x57c3ea47fe80] Weighted P-Frames: Y:0.0% UV:0.0%
[libx264 @ 0x57c3ea47fe80] ref P L0: 94.8%  0.2%  0.6%  4.3%
[libx264 @ 0x57c3ea47fe80] ref B L0: 89.1% 10.9%
[libx264 @ 0x57c3ea47fe80] ref B L1: 92.9%  7.1%
[libx264 @ 0x57c3ea47fe80] kb/s:1062.57
ffmpeg version 7.0.2-3ubuntu1 Copyright (c) 2000-2024 the FFmpeg developers
  built with gcc 14 (Ubuntu 14.2.0-2ubuntu1)
  configuration: --prefix=/usr --extra-version=3ubuntu1 --toolchain=hardened --libdir=/usr/lib/x86_64-linux-gnu --incdir=/usr/include/x86_64-linux-gnu --arch=amd64 --enable-gpl --disable-stripping --disable-libmfx --disable-omx --enable-gnutls --enable-libaom --enable-libass --enable-libbs2b --enable-libcdio --enable-libcodec2 --enable-libdav1d --enable-libflite --enable-libfontconfig --enable-libfreetype --enable-libfribidi --enable-libglslang --enable-libgme --enable-libgsm --enable-libharfbuzz --enable-libmp3lame --enable-libmysofa --enable-libopenjpeg --enable-libopenmpt --enable-libopus --enable-librubberband --enable-libshine --enable-libsnappy --enable-libsoxr --enable-libspeex --enable-libtheora --enable-libtwolame --enable-libvidstab --enable-libvorbis --enable-libvpx --enable-libwebp --enable-libx265 --enable-libxml2 --enable-libxvid --enable-libzimg --enable-openal --enable-opencl --enable-opengl --disable-sndio --enable-libvpl --enable-libdc1394 --enable-libdrm --enable-libiec61883 --enable-chromaprint --enable-frei0r --enable-ladspa --enable-libbluray --enable-libcaca --enable-libdvdnav --enable-libdvdread --enable-libjack --enable-libpulse --enable-librabbitmq --enable-librist --enable-libsrt --enable-libssh --enable-libsvtav1 --enable-libx264 --enable-libzmq --enable-libzvbi --enable-lv2 --enable-sdl2 --enable-libplacebo --enable-librav1e --enable-pocketsphinx --enable-librsvg --enable-libjxl --enable-shared
  libavutil      59.  8.100 / 59.  8.100
  libavcodec     61.  3.100 / 61.  3.100
  libavformat    61.  1.100 / 61.  1.100
  libavdevice    61.  1.100 / 61.  1.100
  libavfilter    10.  1.100 / 10.  1.100
  libswscale      8.  1.100 /  8.  1.100
  libswresample   5.  1.100 /  5.  1.100
  libpostproc    58.  1.100 / 58.  1.100
Input #0, concat, from '/home/marco-lasagna/Scaricati/ffmpeg-java/inputFile.txt':
  Duration: N/A, start: 0.000000, bitrate: N/A
  Stream #0:0: Video: mjpeg (Baseline), yuvj420p(pc, bt470bg/unknown/unknown), 4501x4500 [SAR 1:1 DAR 4501:4500], 25 fps, 25 tbr, 25 tbn
Stream mapping:
  Stream #0:0 -> #0:0 (mjpeg (native) -> h264 (libx264))
Press [q] to stop, [?] for help
[swscaler @ 0x763dc8016b00] deprecated pixel format used, make sure you did set range correctly
    Last message repeated 1 times
[swscaler @ 0x763dc8b407c0] deprecated pixel format used, make sure you did set range correctly
    Last message repeated 1 times
[vost#0:0/libx264 @ 0x5ae7f9c84ac0] No information about the input framerate is available. Falling back to a default value of 25fps. Use the -r option if you want a different framerate.
[libx264 @ 0x5ae7f9c7ae80] using SAR=2048/4095
[libx264 @ 0x5ae7f9c7ae80] using cpu capabilities: MMX2 SSE2Fast SSSE3 SSE4.2 AVX FMA3 BMI2 AVX2
[libx264 @ 0x5ae7f9c7ae80] profile High, level 4.0, 4:2:0, 8-bit
[libx264 @ 0x5ae7f9c7ae80] 264 - core 164 r3108 31e19f9 - H.264/MPEG-4 AVC codec - Copyleft 2003-2023 - http://www.videolan.org/x264.html - options: cabac=1 ref=3 deblock=1:0:0 analyse=0x3:0x113 me=hex subme=7 psy=1 psy_rd=1.00:0.00 mixed_ref=1 me_range=16 chroma_me=1 trellis=1 8x8dct=1 cqm=0 deadzone=21,11 fast_pskip=1 chroma_qp_offset=-2 threads=30 lookahead_threads=5 sliced_threads=0 nr=0 decimate=1 interlaced=0 bluray_compat=0 constrained_intra=0 bframes=3 b_pyramid=2 b_adapt=1 b_bias=0 direct=1 weightb=1 open_gop=0 weightp=2 keyint=250 keyint_min=25 scenecut=40 intra_refresh=0 rc_lookahead=40 rc=crf mbtree=1 crf=23.0 qcomp=0.60 qpmin=0 qpmax=69 qpstep=4 ip_ratio=1.40 aq=1:1.00
Output #0, mp4, to './src/test/resources/output/translation/tempVideo/200.mp4':
  Metadata:
    encoder         : Lavf61.1.100
  Stream #0:0: Video: h264 (avc1 / 0x31637661), yuvj420p(pc, progressive), 2048x1024 [SAR 4501:9000 DAR 4501:4500], q=2-31, 25 fps, 12800 tbn
      Metadata:
        encoder         : Lavc61.3.100 libx264
      Side data:
        cpb: bitrate max/min/avg: 0/0/0 buffer size: 0 vbv_delay: N/A
[out#0/mp4 @ 0x5ae7f9c82b40] video:32KiB audio:0KiB subtitle:0KiB other streams:0KiB global headers:0KiB muxing overhead: 2.915265%
frame=    6 fps=0.0 q=-1.0 Lsize=      33KiB time=00:00:00.16 bitrate=1682.2kbits/s dup=0 drop=19 speed=0.656x    
[libx264 @ 0x5ae7f9c7ae80] frame I:1     Avg QP:18.37  size: 30328
[libx264 @ 0x5ae7f9c7ae80] frame P:2     Avg QP:21.20  size:   468
[libx264 @ 0x5ae7f9c7ae80] frame B:3     Avg QP:21.45  size:   245
[libx264 @ 0x5ae7f9c7ae80] consecutive B-frames: 33.3%  0.0%  0.0% 66.7%
[libx264 @ 0x5ae7f9c7ae80] mb I  I16..4: 25.5% 64.0% 10.4%
[libx264 @ 0x5ae7f9c7ae80] mb P  I16..4:  0.1%  0.1%  0.0%  P16..4:  1.2%  0.2%  0.0%  0.0%  0.0%    skip:98.3%
[libx264 @ 0x5ae7f9c7ae80] mb B  I16..4:  0.0%  0.0%  0.0%  B16..8:  1.2%  0.1%  0.0%  direct: 0.0%  skip:98.7%  L0:32.0% L1:65.6% BI: 2.5%
[libx264 @ 0x5ae7f9c7ae80] 8x8 transform intra:63.9% inter:35.7%
[libx264 @ 0x5ae7f9c7ae80] coded y,uvDC,uvAC intra: 6.0% 10.2% 9.1% inter: 0.1% 0.0% 0.0%
[libx264 @ 0x5ae7f9c7ae80] i16 v,h,dc,p: 88% 12%  1%  0%
[libx264 @ 0x5ae7f9c7ae80] i8 v,h,dc,ddl,ddr,vr,hd,vl,hu: 57%  9% 33%  0%  0%  0%  0%  0%  0%
[libx264 @ 0x5ae7f9c7ae80] i4 v,h,dc,ddl,ddr,vr,hd,vl,hu: 40% 30% 10%  4%  2%  2%  4%  4%  5%
[libx264 @ 0x5ae7f9c7ae80] i8c dc,h,v,p: 82%  9%  8%  1%
[libx264 @ 0x5ae7f9c7ae80] Weighted P-Frames: Y:0.0% UV:0.0%
[libx264 @ 0x5ae7f9c7ae80] ref P L0: 93.2%  0.0%  2.7%  4.2%
[libx264 @ 0x5ae7f9c7ae80] ref B L0: 81.3% 18.7%
[libx264 @ 0x5ae7f9c7ae80] ref B L1: 97.2%  2.8%
[libx264 @ 0x5ae7f9c7ae80] kb/s:1066.67
ffmpeg version 7.0.2-3ubuntu1 Copyright (c) 2000-2024 the FFmpeg developers
  built with gcc 14 (Ubuntu 14.2.0-2ubuntu1)
  configuration: --prefix=/usr --extra-version=3ubuntu1 --toolchain=hardened --libdir=/usr/lib/x86_64-linux-gnu --incdir=/usr/include/x86_64-linux-gnu --arch=amd64 --enable-gpl --disable-stripping --disable-libmfx --disable-omx --enable-gnutls --enable-libaom --enable-libass --enable-libbs2b --enable-libcdio --enable-libcodec2 --enable-libdav1d --enable-libflite --enable-libfontconfig --enable-libfreetype --enable-libfribidi --enable-libglslang --enable-libgme --enable-libgsm --enable-libharfbuzz --enable-libmp3lame --enable-libmysofa --enable-libopenjpeg --enable-libopenmpt --enable-libopus --enable-librubberband --enable-libshine --enable-libsnappy --enable-libsoxr --enable-libspeex --enable-libtheora --enable-libtwolame --enable-libvidstab --enable-libvorbis --enable-libvpx --enable-libwebp --enable-libx265 --enable-libxml2 --enable-libxvid --enable-libzimg --enable-openal --enable-opencl --enable-opengl --disable-sndio --enable-libvpl --enable-libdc1394 --enable-libdrm --enable-libiec61883 --enable-chromaprint --enable-frei0r --enable-ladspa --enable-libbluray --enable-libcaca --enable-libdvdnav --enable-libdvdread --enable-libjack --enable-libpulse --enable-librabbitmq --enable-librist --enable-libsrt --enable-libssh --enable-libsvtav1 --enable-libx264 --enable-libzmq --enable-libzvbi --enable-lv2 --enable-sdl2 --enable-libplacebo --enable-librav1e --enable-pocketsphinx --enable-librsvg --enable-libjxl --enable-shared
  libavutil      59.  8.100 / 59.  8.100
  libavcodec     61.  3.100 / 61.  3.100
  libavformat    61.  1.100 / 61.  1.100
  libavdevice    61.  1.100 / 61.  1.100
  libavfilter    10.  1.100 / 10.  1.100
  libswscale      8.  1.100 /  8.  1.100
  libswresample   5.  1.100 /  5.  1.100
  libpostproc    58.  1.100 / 58.  1.100
Input #0, concat, from '/home/marco-lasagna/Scaricati/ffmpeg-java/inputFile.txt':
  Duration: N/A, start: 0.000000, bitrate: N/A
  Stream #0:0: Video: mjpeg (Baseline), yuvj420p(pc, bt470bg/unknown/unknown), 4501x4500 [SAR 1:1 DAR 4501:4500], 25 fps, 25 tbr, 25 tbn
Stream mapping:
  Stream #0:0 -> #0:0 (mjpeg (native) -> h264 (libx264))
Press [q] to stop, [?] for help
[swscaler @ 0x7a42d8016b00] deprecated pixel format used, make sure you did set range correctly
    Last message repeated 1 times
[swscaler @ 0x7a42d8b407c0] deprecated pixel format used, make sure you did set range correctly
    Last message repeated 1 times
[vost#0:0/libx264 @ 0x5737da574ac0] No information about the input framerate is available. Falling back to a default value of 25fps. Use the -r option if you want a different framerate.
[libx264 @ 0x5737da56ae80] using SAR=2048/4095
[libx264 @ 0x5737da56ae80] using cpu capabilities: MMX2 SSE2Fast SSSE3 SSE4.2 AVX FMA3 BMI2 AVX2
[libx264 @ 0x5737da56ae80] profile High, level 4.0, 4:2:0, 8-bit
[libx264 @ 0x5737da56ae80] 264 - core 164 r3108 31e19f9 - H.264/MPEG-4 AVC codec - Copyleft 2003-2023 - http://www.videolan.org/x264.html - options: cabac=1 ref=3 deblock=1:0:0 analyse=0x3:0x113 me=hex subme=7 psy=1 psy_rd=1.00:0.00 mixed_ref=1 me_range=16 chroma_me=1 trellis=1 8x8dct=1 cqm=0 deadzone=21,11 fast_pskip=1 chroma_qp_offset=-2 threads=30 lookahead_threads=5 sliced_threads=0 nr=0 decimate=1 interlaced=0 bluray_compat=0 constrained_intra=0 bframes=3 b_pyramid=2 b_adapt=1 b_bias=0 direct=1 weightb=1 open_gop=0 weightp=2 keyint=250 keyint_min=25 scenecut=40 intra_refresh=0 rc_lookahead=40 rc=crf mbtree=1 crf=23.0 qcomp=0.60 qpmin=0 qpmax=69 qpstep=4 ip_ratio=1.40 aq=1:1.00
Output #0, mp4, to './src/test/resources/output/translation/tempVideo/210.mp4':
  Metadata:
    encoder         : Lavf61.1.100
  Stream #0:0: Video: h264 (avc1 / 0x31637661), yuvj420p(pc, progressive), 2048x1024 [SAR 4501:9000 DAR 4501:4500], q=2-31, 25 fps, 12800 tbn
      Metadata:
        encoder         : Lavc61.3.100 libx264
      Side data:
        cpb: bitrate max/min/avg: 0/0/0 buffer size: 0 vbv_delay: N/A
[out#0/mp4 @ 0x5737da572b40] video:32KiB audio:0KiB subtitle:0KiB other streams:0KiB global headers:0KiB muxing overhead: 2.920536%
frame=    6 fps=0.0 q=-1.0 Lsize=      33KiB time=00:00:00.16 bitrate=1679.2kbits/s dup=0 drop=19 speed=0.656x    
[libx264 @ 0x5737da56ae80] frame I:1     Avg QP:18.54  size: 30305
[libx264 @ 0x5737da56ae80] frame P:2     Avg QP:17.52  size:   415
[libx264 @ 0x5737da56ae80] frame B:3     Avg QP:24.02  size:   269
[libx264 @ 0x5737da56ae80] consecutive B-frames: 33.3%  0.0%  0.0% 66.7%
[libx264 @ 0x5737da56ae80] mb I  I16..4: 17.2% 72.3% 10.4%
[libx264 @ 0x5737da56ae80] mb P  I16..4:  0.1%  0.1%  0.0%  P16..4:  1.2%  0.2%  0.0%  0.0%  0.0%    skip:98.3%
[libx264 @ 0x5737da56ae80] mb B  I16..4:  0.0%  0.0%  0.0%  B16..8:  1.3%  0.1%  0.0%  direct: 0.0%  skip:98.6%  L0:57.3% L1:40.7% BI: 2.1%
[libx264 @ 0x5737da56ae80] 8x8 transform intra:72.2% inter:35.7%
[libx264 @ 0x5737da56ae80] coded y,uvDC,uvAC intra: 6.0% 10.2% 9.1% inter: 0.1% 0.0% 0.0%
[libx264 @ 0x5737da56ae80] i16 v,h,dc,p: 82% 17%  1%  0%
[libx264 @ 0x5737da56ae80] i8 v,h,dc,ddl,ddr,vr,hd,vl,hu: 44%  7% 49%  0%  0%  0%  0%  0%  0%
[libx264 @ 0x5737da56ae80] i4 v,h,dc,ddl,ddr,vr,hd,vl,hu: 39% 30% 10%  4%  2%  2%  4%  4%  5%
[libx264 @ 0x5737da56ae80] i8c dc,h,v,p: 82%  9%  8%  1%
[libx264 @ 0x5737da56ae80] Weighted P-Frames: Y:0.0% UV:0.0%
[libx264 @ 0x5737da56ae80] ref P L0: 91.2%  0.2%  2.1%  6.4%
[libx264 @ 0x5737da56ae80] ref B L0: 90.2%  9.8%
[libx264 @ 0x5737da56ae80] ref B L1: 93.1%  6.9%
[libx264 @ 0x5737da56ae80] kb/s:1064.70
ffmpeg version 7.0.2-3ubuntu1 Copyright (c) 2000-2024 the FFmpeg developers
  built with gcc 14 (Ubuntu 14.2.0-2ubuntu1)
  configuration: --prefix=/usr --extra-version=3ubuntu1 --toolchain=hardened --libdir=/usr/lib/x86_64-linux-gnu --incdir=/usr/include/x86_64-linux-gnu --arch=amd64 --enable-gpl --disable-stripping --disable-libmfx --disable-omx --enable-gnutls --enable-libaom --enable-libass --enable-libbs2b --enable-libcdio --enable-libcodec2 --enable-libdav1d --enable-libflite --enable-libfontconfig --enable-libfreetype --enable-libfribidi --enable-libglslang --enable-libgme --enable-libgsm --enable-libharfbuzz --enable-libmp3lame --enable-libmysofa --enable-libopenjpeg --enable-libopenmpt --enable-libopus --enable-librubberband --enable-libshine --enable-libsnappy --enable-libsoxr --enable-libspeex --enable-libtheora --enable-libtwolame --enable-libvidstab --enable-libvorbis --enable-libvpx --enable-libwebp --enable-libx265 --enable-libxml2 --enable-libxvid --enable-libzimg --enable-openal --enable-opencl --enable-opengl --disable-sndio --enable-libvpl --enable-libdc1394 --enable-libdrm --enable-libiec61883 --enable-chromaprint --enable-frei0r --enable-ladspa --enable-libbluray --enable-libcaca --enable-libdvdnav --enable-libdvdread --enable-libjack --enable-libpulse --enable-librabbitmq --enable-librist --enable-libsrt --enable-libssh --enable-libsvtav1 --enable-libx264 --enable-libzmq --enable-libzvbi --enable-lv2 --enable-sdl2 --enable-libplacebo --enable-librav1e --enable-pocketsphinx --enable-librsvg --enable-libjxl --enable-shared
  libavutil      59.  8.100 / 59.  8.100
  libavcodec     61.  3.100 / 61.  3.100
  libavformat    61.  1.100 / 61.  1.100
  libavdevice    61.  1.100 / 61.  1.100
  libavfilter    10.  1.100 / 10.  1.100
  libswscale      8.  1.100 /  8.  1.100
  libswresample   5.  1.100 /  5.  1.100
  libpostproc    58.  1.100 / 58.  1.100
Input #0, concat, from '/home/marco-lasagna/Scaricati/ffmpeg-java/inputFile.txt':
  Duration: N/A, start: 0.000000, bitrate: N/A
  Stream #0:0: Video: mjpeg (Baseline), yuvj420p(pc, bt470bg/unknown/unknown), 4501x4500 [SAR 1:1 DAR 4501:4500], 25 fps, 25 tbr, 25 tbn
Stream mapping:
  Stream #0:0 -> #0:0 (mjpeg (native) -> h264 (libx264))
Press [q] to stop, [?] for help
[swscaler @ 0x70f640016b00] deprecated pixel format used, make sure you did set range correctly
    Last message repeated 1 times
[swscaler @ 0x70f640b407c0] deprecated pixel format used, make sure you did set range correctly
    Last message repeated 1 times
[vost#0:0/libx264 @ 0x5e57d6d5fac0] No information about the input framerate is available. Falling back to a default value of 25fps. Use the -r option if you want a different framerate.
[libx264 @ 0x5e57d6d55e80] using SAR=2048/4095
[libx264 @ 0x5e57d6d55e80] using cpu capabilities: MMX2 SSE2Fast SSSE3 SSE4.2 AVX FMA3 BMI2 AVX2
[libx264 @ 0x5e57d6d55e80] profile High, level 4.0, 4:2:0, 8-bit
[libx264 @ 0x5e57d6d55e80] 264 - core 164 r3108 31e19f9 - H.264/MPEG-4 AVC codec - Copyleft 2003-2023 - http://www.videolan.org/x264.html - options: cabac=1 ref=3 deblock=1:0:0 analyse=0x3:0x113 me=hex subme=7 psy=1 psy_rd=1.00:0.00 mixed_ref=1 me_range=16 chroma_me=1 trellis=1 8x8dct=1 cqm=0 deadzone=21,11 fast_pskip=1 chroma_qp_offset=-2 threads=30 lookahead_threads=5 sliced_threads=0 nr=0 decimate=1 interlaced=0 bluray_compat=0 constrained_intra=0 bframes=3 b_pyramid=2 b_adapt=1 b_bias=0 direct=1 weightb=1 open_gop=0 weightp=2 keyint=250 keyint_min=25 scenecut=40 intra_refresh=0 rc_lookahead=40 rc=crf mbtree=1 crf=23.0 qcomp=0.60 qpmin=0 qpmax=69 qpstep=4 ip_ratio=1.40 aq=1:1.00
Output #0, mp4, to './src/test/resources/output/translation/tempVideo/220.mp4':
  Metadata:
    encoder         : Lavf61.1.100
  Stream #0:0: Video: h264 (avc1 / 0x31637661), yuvj420p(pc, progressive), 2048x1024 [SAR 4501:9000 DAR 4501:4500], q=2-31, 25 fps, 12800 tbn
      Metadata:
        encoder         : Lavc61.3.100 libx264
      Side data:
        cpb: bitrate max/min/avg: 0/0/0 buffer size: 0 vbv_delay: N/A
[out#0/mp4 @ 0x5e57d6d5db40] video:32KiB audio:0KiB subtitle:0KiB other streams:0KiB global headers:0KiB muxing overhead: 2.915443%
frame=    6 fps=0.0 q=-1.0 Lsize=      33KiB time=00:00:00.16 bitrate=1682.0kbits/s dup=0 drop=19 speed=0.66x    
[libx264 @ 0x5e57d6d55e80] frame I:1     Avg QP:18.67  size: 30331
[libx264 @ 0x5e57d6d55e80] frame P:2     Avg QP:19.46  size:   440
[libx264 @ 0x5e57d6d55e80] frame B:3     Avg QP:27.55  size:   262
[libx264 @ 0x5e57d6d55e80] consecutive B-frames: 33.3%  0.0%  0.0% 66.7%
[libx264 @ 0x5e57d6d55e80] mb I  I16..4: 17.1% 72.4% 10.5%
[libx264 @ 0x5e57d6d55e80] mb P  I16..4:  0.1%  0.1%  0.0%  P16..4:  1.2%  0.2%  0.0%  0.0%  0.0%    skip:98.3%
[libx264 @ 0x5e57d6d55e80] mb B  I16..4:  0.0%  0.0%  0.0%  B16..8:  1.2%  0.1%  0.0%  direct: 0.0%  skip:98.6%  L0:36.4% L1:61.8% BI: 1.8%
[libx264 @ 0x5e57d6d55e80] 8x8 transform intra:72.4% inter:23.7%
[libx264 @ 0x5e57d6d55e80] coded y,uvDC,uvAC intra: 6.0% 10.2% 9.1% inter: 0.1% 0.0% 0.0%
[libx264 @ 0x5e57d6d55e80] i16 v,h,dc,p: 82% 16%  1%  0%
[libx264 @ 0x5e57d6d55e80] i8 v,h,dc,ddl,ddr,vr,hd,vl,hu: 44%  7% 49%  0%  0%  0%  0%  0%  0%
[libx264 @ 0x5e57d6d55e80] i4 v,h,dc,ddl,ddr,vr,hd,vl,hu: 40% 30%  9%  4%  2%  2%  4%  4%  5%
[libx264 @ 0x5e57d6d55e80] i8c dc,h,v,p: 82%  9%  8%  1%
[libx264 @ 0x5e57d6d55e80] Weighted P-Frames: Y:0.0% UV:0.0%
[libx264 @ 0x5e57d6d55e80] ref P L0: 93.3%  0.0%  2.2%  4.5%
[libx264 @ 0x5e57d6d55e80] ref B L0: 84.8% 15.2%
[libx264 @ 0x5e57d6d55e80] ref B L1: 97.1%  2.9%
[libx264 @ 0x5e57d6d55e80] kb/s:1066.60
ffmpeg version 7.0.2-3ubuntu1 Copyright (c) 2000-2024 the FFmpeg developers
  built with gcc 14 (Ubuntu 14.2.0-2ubuntu1)
  configuration: --prefix=/usr --extra-version=3ubuntu1 --toolchain=hardened --libdir=/usr/lib/x86_64-linux-gnu --incdir=/usr/include/x86_64-linux-gnu --arch=amd64 --enable-gpl --disable-stripping --disable-libmfx --disable-omx --enable-gnutls --enable-libaom --enable-libass --enable-libbs2b --enable-libcdio --enable-libcodec2 --enable-libdav1d --enable-libflite --enable-libfontconfig --enable-libfreetype --enable-libfribidi --enable-libglslang --enable-libgme --enable-libgsm --enable-libharfbuzz --enable-libmp3lame --enable-libmysofa --enable-libopenjpeg --enable-libopenmpt --enable-libopus --enable-librubberband --enable-libshine --enable-libsnappy --enable-libsoxr --enable-libspeex --enable-libtheora --enable-libtwolame --enable-libvidstab --enable-libvorbis --enable-libvpx --enable-libwebp --enable-libx265 --enable-libxml2 --enable-libxvid --enable-libzimg --enable-openal --enable-opencl --enable-opengl --disable-sndio --enable-libvpl --enable-libdc1394 --enable-libdrm --enable-libiec61883 --enable-chromaprint --enable-frei0r --enable-ladspa --enable-libbluray --enable-libcaca --enable-libdvdnav --enable-libdvdread --enable-libjack --enable-libpulse --enable-librabbitmq --enable-librist --enable-libsrt --enable-libssh --enable-libsvtav1 --enable-libx264 --enable-libzmq --enable-libzvbi --enable-lv2 --enable-sdl2 --enable-libplacebo --enable-librav1e --enable-pocketsphinx --enable-librsvg --enable-libjxl --enable-shared
  libavutil      59.  8.100 / 59.  8.100
  libavcodec     61.  3.100 / 61.  3.100
  libavformat    61.  1.100 / 61.  1.100
  libavdevice    61.  1.100 / 61.  1.100
  libavfilter    10.  1.100 / 10.  1.100
  libswscale      8.  1.100 /  8.  1.100
  libswresample   5.  1.100 /  5.  1.100
  libpostproc    58.  1.100 / 58.  1.100
Input #0, concat, from '/home/marco-lasagna/Scaricati/ffmpeg-java/inputFile.txt':
  Duration: N/A, start: 0.000000, bitrate: N/A
  Stream #0:0: Video: mjpeg (Baseline), yuvj420p(pc, bt470bg/unknown/unknown), 4501x4500 [SAR 1:1 DAR 4501:4500], 25 fps, 25 tbr, 25 tbn
Stream mapping:
  Stream #0:0 -> #0:0 (mjpeg (native) -> h264 (libx264))
Press [q] to stop, [?] for help
[swscaler @ 0x7d3660016b00] deprecated pixel format used, make sure you did set range correctly
    Last message repeated 1 times
[swscaler @ 0x7d3660b407c0] deprecated pixel format used, make sure you did set range correctly
    Last message repeated 1 times
[vost#0:0/libx264 @ 0x579234462ac0] No information about the input framerate is available. Falling back to a default value of 25fps. Use the -r option if you want a different framerate.
[libx264 @ 0x579234458e80] using SAR=2048/4095
[libx264 @ 0x579234458e80] using cpu capabilities: MMX2 SSE2Fast SSSE3 SSE4.2 AVX FMA3 BMI2 AVX2
[libx264 @ 0x579234458e80] profile High, level 4.0, 4:2:0, 8-bit
[libx264 @ 0x579234458e80] 264 - core 164 r3108 31e19f9 - H.264/MPEG-4 AVC codec - Copyleft 2003-2023 - http://www.videolan.org/x264.html - options: cabac=1 ref=3 deblock=1:0:0 analyse=0x3:0x113 me=hex subme=7 psy=1 psy_rd=1.00:0.00 mixed_ref=1 me_range=16 chroma_me=1 trellis=1 8x8dct=1 cqm=0 deadzone=21,11 fast_pskip=1 chroma_qp_offset=-2 threads=30 lookahead_threads=5 sliced_threads=0 nr=0 decimate=1 interlaced=0 bluray_compat=0 constrained_intra=0 bframes=3 b_pyramid=2 b_adapt=1 b_bias=0 direct=1 weightb=1 open_gop=0 weightp=2 keyint=250 keyint_min=25 scenecut=40 intra_refresh=0 rc_lookahead=40 rc=crf mbtree=1 crf=23.0 qcomp=0.60 qpmin=0 qpmax=69 qpstep=4 ip_ratio=1.40 aq=1:1.00
Output #0, mp4, to './src/test/resources/output/translation/tempVideo/230.mp4':
  Metadata:
    encoder         : Lavf61.1.100
  Stream #0:0: Video: h264 (avc1 / 0x31637661), yuvj420p(pc, progressive), 2048x1024 [SAR 4501:9000 DAR 4501:4500], q=2-31, 25 fps, 12800 tbn
      Metadata:
        encoder         : Lavc61.3.100 libx264
      Side data:
        cpb: bitrate max/min/avg: 0/0/0 buffer size: 0 vbv_delay: N/A
[out#0/mp4 @ 0x579234460b40] video:32KiB audio:0KiB subtitle:0KiB other streams:0KiB global headers:0KiB muxing overhead: 2.913749%
frame=    6 fps=0.0 q=-1.0 Lsize=      33KiB time=00:00:00.16 bitrate=1683.0kbits/s dup=0 drop=19 speed=0.668x    
[libx264 @ 0x579234458e80] frame I:1     Avg QP:18.37  size: 30299
[libx264 @ 0x579234458e80] frame P:2     Avg QP:16.97  size:   463
[libx264 @ 0x579234458e80] frame B:3     Avg QP:23.77  size:   264
[libx264 @ 0x579234458e80] consecutive B-frames: 33.3%  0.0%  0.0% 66.7%
[libx264 @ 0x579234458e80] mb I  I16..4: 16.8% 72.8% 10.4%
[libx264 @ 0x579234458e80] mb P  I16..4:  0.2%  0.2%  0.0%  P16..4:  0.9%  0.1%  0.1%  0.0%  0.0%    skip:98.6%
[libx264 @ 0x579234458e80] mb B  I16..4:  0.0%  0.0%  0.0%  B16..8:  1.4%  0.1%  0.0%  direct: 0.0%  skip:98.4%  L0:41.0% L1:56.7% BI: 2.3%
[libx264 @ 0x579234458e80] 8x8 transform intra:72.6% inter:47.5%
[libx264 @ 0x579234458e80] coded y,uvDC,uvAC intra: 6.0% 10.2% 9.1% inter: 0.1% 0.0% 0.0%
[libx264 @ 0x579234458e80] i16 v,h,dc,p: 81% 18%  1%  0%
[libx264 @ 0x579234458e80] i8 v,h,dc,ddl,ddr,vr,hd,vl,hu: 55% 10% 34%  0%  0%  0%  0%  0%  0%
[libx264 @ 0x579234458e80] i4 v,h,dc,ddl,ddr,vr,hd,vl,hu: 39% 30% 10%  4%  2%  2%  4%  4%  5%
[libx264 @ 0x579234458e80] i8c dc,h,v,p: 82%  9%  8%  1%
[libx264 @ 0x579234458e80] Weighted P-Frames: Y:0.0% UV:0.0%
[libx264 @ 0x579234458e80] ref P L0: 96.1%  1.1%  1.1%  1.7%
[libx264 @ 0x579234458e80] ref B L0: 88.2% 11.8%
[libx264 @ 0x579234458e80] ref B L1: 94.9%  5.1%
[libx264 @ 0x579234458e80] kb/s:1067.23
ffmpeg version 7.0.2-3ubuntu1 Copyright (c) 2000-2024 the FFmpeg developers
  built with gcc 14 (Ubuntu 14.2.0-2ubuntu1)
  configuration: --prefix=/usr --extra-version=3ubuntu1 --toolchain=hardened --libdir=/usr/lib/x86_64-linux-gnu --incdir=/usr/include/x86_64-linux-gnu --arch=amd64 --enable-gpl --disable-stripping --disable-libmfx --disable-omx --enable-gnutls --enable-libaom --enable-libass --enable-libbs2b --enable-libcdio --enable-libcodec2 --enable-libdav1d --enable-libflite --enable-libfontconfig --enable-libfreetype --enable-libfribidi --enable-libglslang --enable-libgme --enable-libgsm --enable-libharfbuzz --enable-libmp3lame --enable-libmysofa --enable-libopenjpeg --enable-libopenmpt --enable-libopus --enable-librubberband --enable-libshine --enable-libsnappy --enable-libsoxr --enable-libspeex --enable-libtheora --enable-libtwolame --enable-libvidstab --enable-libvorbis --enable-libvpx --enable-libwebp --enable-libx265 --enable-libxml2 --enable-libxvid --enable-libzimg --enable-openal --enable-opencl --enable-opengl --disable-sndio --enable-libvpl --enable-libdc1394 --enable-libdrm --enable-libiec61883 --enable-chromaprint --enable-frei0r --enable-ladspa --enable-libbluray --enable-libcaca --enable-libdvdnav --enable-libdvdread --enable-libjack --enable-libpulse --enable-librabbitmq --enable-librist --enable-libsrt --enable-libssh --enable-libsvtav1 --enable-libx264 --enable-libzmq --enable-libzvbi --enable-lv2 --enable-sdl2 --enable-libplacebo --enable-librav1e --enable-pocketsphinx --enable-librsvg --enable-libjxl --enable-shared
  libavutil      59.  8.100 / 59.  8.100
  libavcodec     61.  3.100 / 61.  3.100
  libavformat    61.  1.100 / 61.  1.100
  libavdevice    61.  1.100 / 61.  1.100
  libavfilter    10.  1.100 / 10.  1.100
  libswscale      8.  1.100 /  8.  1.100
  libswresample   5.  1.100 /  5.  1.100
  libpostproc    58.  1.100 / 58.  1.100
Input #0, concat, from '/home/marco-lasagna/Scaricati/ffmpeg-java/inputFile.txt':
  Duration: N/A, start: 0.000000, bitrate: N/A
  Stream #0:0: Video: mjpeg (Baseline), yuvj420p(pc, bt470bg/unknown/unknown), 4501x4500 [SAR 1:1 DAR 4501:4500], 25 fps, 25 tbr, 25 tbn
Stream mapping:
  Stream #0:0 -> #0:0 (mjpeg (native) -> h264 (libx264))
Press [q] to stop, [?] for help
[swscaler @ 0x78ca50016b00] deprecated pixel format used, make sure you did set range correctly
    Last message repeated 1 times
[swscaler @ 0x78ca50b407c0] deprecated pixel format used, make sure you did set range correctly
    Last message repeated 1 times
[vost#0:0/libx264 @ 0x6363ff23bac0] No information about the input framerate is available. Falling back to a default value of 25fps. Use the -r option if you want a different framerate.
[libx264 @ 0x6363ff231e80] using SAR=2048/4095
[libx264 @ 0x6363ff231e80] using cpu capabilities: MMX2 SSE2Fast SSSE3 SSE4.2 AVX FMA3 BMI2 AVX2
[libx264 @ 0x6363ff231e80] profile High, level 4.0, 4:2:0, 8-bit
[libx264 @ 0x6363ff231e80] 264 - core 164 r3108 31e19f9 - H.264/MPEG-4 AVC codec - Copyleft 2003-2023 - http://www.videolan.org/x264.html - options: cabac=1 ref=3 deblock=1:0:0 analyse=0x3:0x113 me=hex subme=7 psy=1 psy_rd=1.00:0.00 mixed_ref=1 me_range=16 chroma_me=1 trellis=1 8x8dct=1 cqm=0 deadzone=21,11 fast_pskip=1 chroma_qp_offset=-2 threads=30 lookahead_threads=5 sliced_threads=0 nr=0 decimate=1 interlaced=0 bluray_compat=0 constrained_intra=0 bframes=3 b_pyramid=2 b_adapt=1 b_bias=0 direct=1 weightb=1 open_gop=0 weightp=2 keyint=250 keyint_min=25 scenecut=40 intra_refresh=0 rc_lookahead=40 rc=crf mbtree=1 crf=23.0 qcomp=0.60 qpmin=0 qpmax=69 qpstep=4 ip_ratio=1.40 aq=1:1.00
Output #0, mp4, to './src/test/resources/output/translation/tempVideo/240.mp4':
  Metadata:
    encoder         : Lavf61.1.100
  Stream #0:0: Video: h264 (avc1 / 0x31637661), yuvj420p(pc, progressive), 2048x1024 [SAR 4501:9000 DAR 4501:4500], q=2-31, 25 fps, 12800 tbn
      Metadata:
        encoder         : Lavc61.3.100 libx264
      Side data:
        cpb: bitrate max/min/avg: 0/0/0 buffer size: 0 vbv_delay: N/A
[out#0/mp4 @ 0x6363ff239b40] video:32KiB audio:0KiB subtitle:0KiB other streams:0KiB global headers:0KiB muxing overhead: 2.919999%
frame=    6 fps=0.0 q=-1.0 Lsize=      33KiB time=00:00:00.16 bitrate=1679.5kbits/s dup=0 drop=19 speed=0.655x    
[libx264 @ 0x6363ff231e80] frame I:1     Avg QP:18.39  size: 30301
[libx264 @ 0x6363ff231e80] frame P:2     Avg QP:19.06  size:   423
[libx264 @ 0x6363ff231e80] frame B:3     Avg QP:21.28  size:   267
[libx264 @ 0x6363ff231e80] consecutive B-frames: 33.3%  0.0%  0.0% 66.7%
[libx264 @ 0x6363ff231e80] mb I  I16..4: 16.7% 73.0% 10.3%
[libx264 @ 0x6363ff231e80] mb P  I16..4:  0.1%  0.1%  0.0%  P16..4:  1.1%  0.1%  0.0%  0.0%  0.0%    skip:98.5%
[libx264 @ 0x6363ff231e80] mb B  I16..4:  0.0%  0.0%  0.0%  B16..8:  1.1%  0.1%  0.0%  direct: 0.0%  skip:98.7%  L0:61.3% L1:36.7% BI: 2.1%
[libx264 @ 0x6363ff231e80] 8x8 transform intra:72.9% inter:39.7%
[libx264 @ 0x6363ff231e80] coded y,uvDC,uvAC intra: 6.0% 10.2% 9.1% inter: 0.1% 0.0% 0.0%
[libx264 @ 0x6363ff231e80] i16 v,h,dc,p: 81% 17%  1%  0%
[libx264 @ 0x6363ff231e80] i8 v,h,dc,ddl,ddr,vr,hd,vl,hu: 56% 10% 33%  0%  0%  0%  0%  0%  0%
[libx264 @ 0x6363ff231e80] i4 v,h,dc,ddl,ddr,vr,hd,vl,hu: 40% 30%  9%  4%  2%  2%  4%  4%  5%
[libx264 @ 0x6363ff231e80] i8c dc,h,v,p: 82%  9%  8%  1%
[libx264 @ 0x6363ff231e80] Weighted P-Frames: Y:0.0% UV:0.0%
[libx264 @ 0x6363ff231e80] ref P L0: 93.0%  0.5%  2.1%  4.4%
[libx264 @ 0x6363ff231e80] ref B L0: 91.1%  8.9%
[libx264 @ 0x6363ff231e80] ref B L1: 96.6%  3.4%
[libx264 @ 0x6363ff231e80] kb/s:1064.90
ffmpeg version 7.0.2-3ubuntu1 Copyright (c) 2000-2024 the FFmpeg developers
  built with gcc 14 (Ubuntu 14.2.0-2ubuntu1)
  configuration: --prefix=/usr --extra-version=3ubuntu1 --toolchain=hardened --libdir=/usr/lib/x86_64-linux-gnu --incdir=/usr/include/x86_64-linux-gnu --arch=amd64 --enable-gpl --disable-stripping --disable-libmfx --disable-omx --enable-gnutls --enable-libaom --enable-libass --enable-libbs2b --enable-libcdio --enable-libcodec2 --enable-libdav1d --enable-libflite --enable-libfontconfig --enable-libfreetype --enable-libfribidi --enable-libglslang --enable-libgme --enable-libgsm --enable-libharfbuzz --enable-libmp3lame --enable-libmysofa --enable-libopenjpeg --enable-libopenmpt --enable-libopus --enable-librubberband --enable-libshine --enable-libsnappy --enable-libsoxr --enable-libspeex --enable-libtheora --enable-libtwolame --enable-libvidstab --enable-libvorbis --enable-libvpx --enable-libwebp --enable-libx265 --enable-libxml2 --enable-libxvid --enable-libzimg --enable-openal --enable-opencl --enable-opengl --disable-sndio --enable-libvpl --enable-libdc1394 --enable-libdrm --enable-libiec61883 --enable-chromaprint --enable-frei0r --enable-ladspa --enable-libbluray --enable-libcaca --enable-libdvdnav --enable-libdvdread --enable-libjack --enable-libpulse --enable-librabbitmq --enable-librist --enable-libsrt --enable-libssh --enable-libsvtav1 --enable-libx264 --enable-libzmq --enable-libzvbi --enable-lv2 --enable-sdl2 --enable-libplacebo --enable-librav1e --enable-pocketsphinx --enable-librsvg --enable-libjxl --enable-shared
  libavutil      59.  8.100 / 59.  8.100
  libavcodec     61.  3.100 / 61.  3.100
  libavformat    61.  1.100 / 61.  1.100
  libavdevice    61.  1.100 / 61.  1.100
  libavfilter    10.  1.100 / 10.  1.100
  libswscale      8.  1.100 /  8.  1.100
  libswresample   5.  1.100 /  5.  1.100
  libpostproc    58.  1.100 / 58.  1.100
Input #0, concat, from '/home/marco-lasagna/Scaricati/ffmpeg-java/inputFile.txt':
  Duration: N/A, start: 0.000000, bitrate: N/A
  Stream #0:0: Video: mjpeg (Baseline), yuvj420p(pc, bt470bg/unknown/unknown), 4501x4500 [SAR 1:1 DAR 4501:4500], 25 fps, 25 tbr, 25 tbn
Stream mapping:
  Stream #0:0 -> #0:0 (mjpeg (native) -> h264 (libx264))
Press [q] to stop, [?] for help
[swscaler @ 0x7e3284016b00] deprecated pixel format used, make sure you did set range correctly
    Last message repeated 1 times
[swscaler @ 0x7e3284b407c0] deprecated pixel format used, make sure you did set range correctly
    Last message repeated 1 times
[vost#0:0/libx264 @ 0x5f5b03609ac0] No information about the input framerate is available. Falling back to a default value of 25fps. Use the -r option if you want a different framerate.
[libx264 @ 0x5f5b035ffe80] using SAR=2048/4095
[libx264 @ 0x5f5b035ffe80] using cpu capabilities: MMX2 SSE2Fast SSSE3 SSE4.2 AVX FMA3 BMI2 AVX2
[libx264 @ 0x5f5b035ffe80] profile High, level 4.0, 4:2:0, 8-bit
[libx264 @ 0x5f5b035ffe80] 264 - core 164 r3108 31e19f9 - H.264/MPEG-4 AVC codec - Copyleft 2003-2023 - http://www.videolan.org/x264.html - options: cabac=1 ref=3 deblock=1:0:0 analyse=0x3:0x113 me=hex subme=7 psy=1 psy_rd=1.00:0.00 mixed_ref=1 me_range=16 chroma_me=1 trellis=1 8x8dct=1 cqm=0 deadzone=21,11 fast_pskip=1 chroma_qp_offset=-2 threads=30 lookahead_threads=5 sliced_threads=0 nr=0 decimate=1 interlaced=0 bluray_compat=0 constrained_intra=0 bframes=3 b_pyramid=2 b_adapt=1 b_bias=0 direct=1 weightb=1 open_gop=0 weightp=2 keyint=250 keyint_min=25 scenecut=40 intra_refresh=0 rc_lookahead=40 rc=crf mbtree=1 crf=23.0 qcomp=0.60 qpmin=0 qpmax=69 qpstep=4 ip_ratio=1.40 aq=1:1.00
Output #0, mp4, to './src/test/resources/output/translation/tempVideo/250.mp4':
  Metadata:
    encoder         : Lavf61.1.100
  Stream #0:0: Video: h264 (avc1 / 0x31637661), yuvj420p(pc, progressive), 2048x1024 [SAR 4501:9000 DAR 4501:4500], q=2-31, 25 fps, 12800 tbn
      Metadata:
        encoder         : Lavc61.3.100 libx264
      Side data:
        cpb: bitrate max/min/avg: 0/0/0 buffer size: 0 vbv_delay: N/A
[out#0/mp4 @ 0x5f5b03607b40] video:32KiB audio:0KiB subtitle:0KiB other streams:0KiB global headers:0KiB muxing overhead: 2.907083%
frame=    6 fps=0.0 q=-1.0 Lsize=      33KiB time=00:00:00.16 bitrate=1686.8kbits/s dup=0 drop=19 speed=0.667x    
[libx264 @ 0x5f5b035ffe80] frame I:1     Avg QP:18.70  size: 30273
[libx264 @ 0x5f5b035ffe80] frame P:2     Avg QP:17.84  size:   457
[libx264 @ 0x5f5b035ffe80] frame B:3     Avg QP:24.65  size:   302
[libx264 @ 0x5f5b035ffe80] consecutive B-frames: 33.3%  0.0%  0.0% 66.7%
[libx264 @ 0x5f5b035ffe80] mb I  I16..4: 25.9% 63.8% 10.4%
[libx264 @ 0x5f5b035ffe80] mb P  I16..4:  0.1%  0.1%  0.0%  P16..4:  1.3%  0.1%  0.0%  0.0%  0.0%    skip:98.3%
[libx264 @ 0x5f5b035ffe80] mb B  I16..4:  0.0%  0.0%  0.0%  B16..8:  1.4%  0.1%  0.0%  direct: 0.0%  skip:98.4%  L0:25.8% L1:72.9% BI: 1.4%
[libx264 @ 0x5f5b035ffe80] 8x8 transform intra:63.7% inter:32.9%
[libx264 @ 0x5f5b035ffe80] coded y,uvDC,uvAC intra: 6.0% 10.2% 9.1% inter: 0.1% 0.0% 0.0%
[libx264 @ 0x5f5b035ffe80] i16 v,h,dc,p: 88% 11%  1%  0%
[libx264 @ 0x5f5b035ffe80] i8 v,h,dc,ddl,ddr,vr,hd,vl,hu: 49%  5% 46%  0%  0%  0%  0%  0%  0%
[libx264 @ 0x5f5b035ffe80] i4 v,h,dc,ddl,ddr,vr,hd,vl,hu: 39% 30%  9%  4%  2%  2%  4%  4%  5%
[libx264 @ 0x5f5b035ffe80] i8c dc,h,v,p: 82%  9%  8%  1%
[libx264 @ 0x5f5b035ffe80] Weighted P-Frames: Y:0.0% UV:0.0%
[libx264 @ 0x5f5b035ffe80] ref P L0: 95.6%  0.4%  0.4%  3.5%
[libx264 @ 0x5f5b035ffe80] ref B L0: 85.6% 14.4%
[libx264 @ 0x5f5b035ffe80] ref B L1: 96.0%  4.0%
[libx264 @ 0x5f5b035ffe80] kb/s:1069.73
ffmpeg version 7.0.2-3ubuntu1 Copyright (c) 2000-2024 the FFmpeg developers
  built with gcc 14 (Ubuntu 14.2.0-2ubuntu1)
  configuration: --prefix=/usr --extra-version=3ubuntu1 --toolchain=hardened --libdir=/usr/lib/x86_64-linux-gnu --incdir=/usr/include/x86_64-linux-gnu --arch=amd64 --enable-gpl --disable-stripping --disable-libmfx --disable-omx --enable-gnutls --enable-libaom --enable-libass --enable-libbs2b --enable-libcdio --enable-libcodec2 --enable-libdav1d --enable-libflite --enable-libfontconfig --enable-libfreetype --enable-libfribidi --enable-libglslang --enable-libgme --enable-libgsm --enable-libharfbuzz --enable-libmp3lame --enable-libmysofa --enable-libopenjpeg --enable-libopenmpt --enable-libopus --enable-librubberband --enable-libshine --enable-libsnappy --enable-libsoxr --enable-libspeex --enable-libtheora --enable-libtwolame --enable-libvidstab --enable-libvorbis --enable-libvpx --enable-libwebp --enable-libx265 --enable-libxml2 --enable-libxvid --enable-libzimg --enable-openal --enable-opencl --enable-opengl --disable-sndio --enable-libvpl --enable-libdc1394 --enable-libdrm --enable-libiec61883 --enable-chromaprint --enable-frei0r --enable-ladspa --enable-libbluray --enable-libcaca --enable-libdvdnav --enable-libdvdread --enable-libjack --enable-libpulse --enable-librabbitmq --enable-librist --enable-libsrt --enable-libssh --enable-libsvtav1 --enable-libx264 --enable-libzmq --enable-libzvbi --enable-lv2 --enable-sdl2 --enable-libplacebo --enable-librav1e --enable-pocketsphinx --enable-librsvg --enable-libjxl --enable-shared
  libavutil      59.  8.100 / 59.  8.100
  libavcodec     61.  3.100 / 61.  3.100
  libavformat    61.  1.100 / 61.  1.100
  libavdevice    61.  1.100 / 61.  1.100
  libavfilter    10.  1.100 / 10.  1.100
  libswscale      8.  1.100 /  8.  1.100
  libswresample   5.  1.100 /  5.  1.100
  libpostproc    58.  1.100 / 58.  1.100
Input #0, concat, from '/home/marco-lasagna/Scaricati/ffmpeg-java/inputFile.txt':
  Duration: N/A, start: 0.000000, bitrate: N/A
  Stream #0:0: Video: mjpeg (Baseline), yuvj420p(pc, bt470bg/unknown/unknown), 4501x4500 [SAR 1:1 DAR 4501:4500], 25 fps, 25 tbr, 25 tbn
Stream mapping:
  Stream #0:0 -> #0:0 (mjpeg (native) -> h264 (libx264))
Press [q] to stop, [?] for help
[swscaler @ 0x766084016b00] deprecated pixel format used, make sure you did set range correctly
    Last message repeated 1 times
[swscaler @ 0x766084b407c0] deprecated pixel format used, make sure you did set range correctly
    Last message repeated 1 times
[vost#0:0/libx264 @ 0x610c2f05dac0] No information about the input framerate is available. Falling back to a default value of 25fps. Use the -r option if you want a different framerate.
[libx264 @ 0x610c2f053e80] using SAR=2048/4095
[libx264 @ 0x610c2f053e80] using cpu capabilities: MMX2 SSE2Fast SSSE3 SSE4.2 AVX FMA3 BMI2 AVX2
[libx264 @ 0x610c2f053e80] profile High, level 4.0, 4:2:0, 8-bit
[libx264 @ 0x610c2f053e80] 264 - core 164 r3108 31e19f9 - H.264/MPEG-4 AVC codec - Copyleft 2003-2023 - http://www.videolan.org/x264.html - options: cabac=1 ref=3 deblock=1:0:0 analyse=0x3:0x113 me=hex subme=7 psy=1 psy_rd=1.00:0.00 mixed_ref=1 me_range=16 chroma_me=1 trellis=1 8x8dct=1 cqm=0 deadzone=21,11 fast_pskip=1 chroma_qp_offset=-2 threads=30 lookahead_threads=5 sliced_threads=0 nr=0 decimate=1 interlaced=0 bluray_compat=0 constrained_intra=0 bframes=3 b_pyramid=2 b_adapt=1 b_bias=0 direct=1 weightb=1 open_gop=0 weightp=2 keyint=250 keyint_min=25 scenecut=40 intra_refresh=0 rc_lookahead=40 rc=crf mbtree=1 crf=23.0 qcomp=0.60 qpmin=0 qpmax=69 qpstep=4 ip_ratio=1.40 aq=1:1.00
Output #0, mp4, to './src/test/resources/output/translation/tempVideo/260.mp4':
  Metadata:
    encoder         : Lavf61.1.100
  Stream #0:0: Video: h264 (avc1 / 0x31637661), yuvj420p(pc, progressive), 2048x1024 [SAR 4501:9000 DAR 4501:4500], q=2-31, 25 fps, 12800 tbn
      Metadata:
        encoder         : Lavc61.3.100 libx264
      Side data:
        cpb: bitrate max/min/avg: 0/0/0 buffer size: 0 vbv_delay: N/A
[out#0/mp4 @ 0x610c2f05bb40] video:32KiB audio:0KiB subtitle:0KiB other streams:0KiB global headers:0KiB muxing overhead: 2.917406%
frame=    6 fps=0.0 q=-1.0 Lsize=      33KiB time=00:00:00.16 bitrate=1681.0kbits/s dup=0 drop=19 speed=0.66x    
[libx264 @ 0x610c2f053e80] frame I:1     Avg QP:18.59  size: 30223
[libx264 @ 0x610c2f053e80] frame P:2     Avg QP:17.96  size:   462
[libx264 @ 0x610c2f053e80] frame B:3     Avg QP:23.98  size:   277
[libx264 @ 0x610c2f053e80] consecutive B-frames: 33.3%  0.0%  0.0% 66.7%
[libx264 @ 0x610c2f053e80] mb I  I16..4: 16.7% 72.9% 10.4%
[libx264 @ 0x610c2f053e80] mb P  I16..4:  0.1%  0.2%  0.0%  P16..4:  1.3%  0.2%  0.0%  0.0%  0.0%    skip:98.2%
[libx264 @ 0x610c2f053e80] mb B  I16..4:  0.0%  0.0%  0.0%  B16..8:  1.4%  0.1%  0.0%  direct: 0.0%  skip:98.4%  L0:43.8% L1:53.3% BI: 2.9%
[libx264 @ 0x610c2f053e80] 8x8 transform intra:72.8% inter:32.4%
[libx264 @ 0x610c2f053e80] coded y,uvDC,uvAC intra: 6.0% 10.2% 9.1% inter: 0.1% 0.0% 0.0%
[libx264 @ 0x610c2f053e80] i16 v,h,dc,p: 82% 17%  1%  0%
[libx264 @ 0x610c2f053e80] i8 v,h,dc,ddl,ddr,vr,hd,vl,hu: 44%  7% 49%  0%  0%  0%  0%  0%  0%
[libx264 @ 0x610c2f053e80] i4 v,h,dc,ddl,ddr,vr,hd,vl,hu: 38% 30% 10%  4%  2%  2%  4%  4%  5%
[libx264 @ 0x610c2f053e80] i8c dc,h,v,p: 82%  9%  8%  1%
[libx264 @ 0x610c2f053e80] Weighted P-Frames: Y:0.0% UV:0.0%
[libx264 @ 0x610c2f053e80] ref P L0: 95.9%  0.9%  0.2%  3.0%
[libx264 @ 0x610c2f053e80] ref B L0: 93.8%  6.2%
[libx264 @ 0x610c2f053e80] ref B L1: 93.9%  6.1%
[libx264 @ 0x610c2f053e80] kb/s:1065.87
ffmpeg version 7.0.2-3ubuntu1 Copyright (c) 2000-2024 the FFmpeg developers
  built with gcc 14 (Ubuntu 14.2.0-2ubuntu1)
  configuration: --prefix=/usr --extra-version=3ubuntu1 --toolchain=hardened --libdir=/usr/lib/x86_64-linux-gnu --incdir=/usr/include/x86_64-linux-gnu --arch=amd64 --enable-gpl --disable-stripping --disable-libmfx --disable-omx --enable-gnutls --enable-libaom --enable-libass --enable-libbs2b --enable-libcdio --enable-libcodec2 --enable-libdav1d --enable-libflite --enable-libfontconfig --enable-libfreetype --enable-libfribidi --enable-libglslang --enable-libgme --enable-libgsm --enable-libharfbuzz --enable-libmp3lame --enable-libmysofa --enable-libopenjpeg --enable-libopenmpt --enable-libopus --enable-librubberband --enable-libshine --enable-libsnappy --enable-libsoxr --enable-libspeex --enable-libtheora --enable-libtwolame --enable-libvidstab --enable-libvorbis --enable-libvpx --enable-libwebp --enable-libx265 --enable-libxml2 --enable-libxvid --enable-libzimg --enable-openal --enable-opencl --enable-opengl --disable-sndio --enable-libvpl --enable-libdc1394 --enable-libdrm --enable-libiec61883 --enable-chromaprint --enable-frei0r --enable-ladspa --enable-libbluray --enable-libcaca --enable-libdvdnav --enable-libdvdread --enable-libjack --enable-libpulse --enable-librabbitmq --enable-librist --enable-libsrt --enable-libssh --enable-libsvtav1 --enable-libx264 --enable-libzmq --enable-libzvbi --enable-lv2 --enable-sdl2 --enable-libplacebo --enable-librav1e --enable-pocketsphinx --enable-librsvg --enable-libjxl --enable-shared
  libavutil      59.  8.100 / 59.  8.100
  libavcodec     61.  3.100 / 61.  3.100
  libavformat    61.  1.100 / 61.  1.100
  libavdevice    61.  1.100 / 61.  1.100
  libavfilter    10.  1.100 / 10.  1.100
  libswscale      8.  1.100 /  8.  1.100
  libswresample   5.  1.100 /  5.  1.100
  libpostproc    58.  1.100 / 58.  1.100
Input #0, concat, from '/home/marco-lasagna/Scaricati/ffmpeg-java/inputFile.txt':
  Duration: N/A, start: 0.000000, bitrate: N/A
  Stream #0:0: Video: mjpeg (Baseline), yuvj420p(pc, bt470bg/unknown/unknown), 4501x4500 [SAR 1:1 DAR 4501:4500], 25 fps, 25 tbr, 25 tbn
Stream mapping:
  Stream #0:0 -> #0:0 (mjpeg (native) -> h264 (libx264))
Press [q] to stop, [?] for help
[swscaler @ 0x7eaae0016b00] deprecated pixel format used, make sure you did set range correctly
    Last message repeated 1 times
[swscaler @ 0x7eaae0b407c0] deprecated pixel format used, make sure you did set range correctly
    Last message repeated 1 times
[vost#0:0/libx264 @ 0x5e8995cd4ac0] No information about the input framerate is available. Falling back to a default value of 25fps. Use the -r option if you want a different framerate.
[libx264 @ 0x5e8995ccae80] using SAR=2048/4095
[libx264 @ 0x5e8995ccae80] using cpu capabilities: MMX2 SSE2Fast SSSE3 SSE4.2 AVX FMA3 BMI2 AVX2
[libx264 @ 0x5e8995ccae80] profile High, level 4.0, 4:2:0, 8-bit
[libx264 @ 0x5e8995ccae80] 264 - core 164 r3108 31e19f9 - H.264/MPEG-4 AVC codec - Copyleft 2003-2023 - http://www.videolan.org/x264.html - options: cabac=1 ref=3 deblock=1:0:0 analyse=0x3:0x113 me=hex subme=7 psy=1 psy_rd=1.00:0.00 mixed_ref=1 me_range=16 chroma_me=1 trellis=1 8x8dct=1 cqm=0 deadzone=21,11 fast_pskip=1 chroma_qp_offset=-2 threads=30 lookahead_threads=5 sliced_threads=0 nr=0 decimate=1 interlaced=0 bluray_compat=0 constrained_intra=0 bframes=3 b_pyramid=2 b_adapt=1 b_bias=0 direct=1 weightb=1 open_gop=0 weightp=2 keyint=250 keyint_min=25 scenecut=40 intra_refresh=0 rc_lookahead=40 rc=crf mbtree=1 crf=23.0 qcomp=0.60 qpmin=0 qpmax=69 qpstep=4 ip_ratio=1.40 aq=1:1.00
Output #0, mp4, to './src/test/resources/output/translation/tempVideo/270.mp4':
  Metadata:
    encoder         : Lavf61.1.100
  Stream #0:0: Video: h264 (avc1 / 0x31637661), yuvj420p(pc, progressive), 2048x1024 [SAR 4501:9000 DAR 4501:4500], q=2-31, 25 fps, 12800 tbn
      Metadata:
        encoder         : Lavc61.3.100 libx264
      Side data:
        cpb: bitrate max/min/avg: 0/0/0 buffer size: 0 vbv_delay: N/A
[out#0/mp4 @ 0x5e8995cd2b40] video:32KiB audio:0KiB subtitle:0KiB other streams:0KiB global headers:0KiB muxing overhead: 2.907261%
frame=    6 fps=0.0 q=-1.0 Lsize=      33KiB time=00:00:00.16 bitrate=1686.7kbits/s dup=0 drop=19 speed=0.655x    
[libx264 @ 0x5e8995ccae80] frame I:1     Avg QP:18.72  size: 30204
[libx264 @ 0x5e8995ccae80] frame P:2     Avg QP:17.77  size:   498
[libx264 @ 0x5e8995ccae80] frame B:3     Avg QP:30.91  size:   296
[libx264 @ 0x5e8995ccae80] consecutive B-frames: 33.3%  0.0%  0.0% 66.7%
[libx264 @ 0x5e8995ccae80] mb I  I16..4: 25.4% 64.1% 10.4%
[libx264 @ 0x5e8995ccae80] mb P  I16..4:  0.1%  0.1%  0.0%  P16..4:  1.3%  0.2%  0.1%  0.0%  0.0%    skip:98.2%
[libx264 @ 0x5e8995ccae80] mb B  I16..4:  0.0%  0.1%  0.0%  B16..8:  1.5%  0.1%  0.0%  direct: 0.0%  skip:98.3%  L0:43.3% L1:54.4% BI: 2.3%
[libx264 @ 0x5e8995ccae80] 8x8 transform intra:64.1% inter:17.5%
[libx264 @ 0x5e8995ccae80] coded y,uvDC,uvAC intra: 5.9% 10.2% 9.1% inter: 0.1% 0.0% 0.0%
[libx264 @ 0x5e8995ccae80] i16 v,h,dc,p: 88% 11%  1%  0%
[libx264 @ 0x5e8995ccae80] i8 v,h,dc,ddl,ddr,vr,hd,vl,hu: 62%  9% 29%  0%  0%  0%  0%  0%  0%
[libx264 @ 0x5e8995ccae80] i4 v,h,dc,ddl,ddr,vr,hd,vl,hu: 40% 30%  9%  4%  2%  2%  4%  4%  5%
[libx264 @ 0x5e8995ccae80] i8c dc,h,v,p: 82%  9%  8%  1%
[libx264 @ 0x5e8995ccae80] Weighted P-Frames: Y:0.0% UV:0.0%
[libx264 @ 0x5e8995ccae80] ref P L0: 95.1%  0.0%  0.0%  4.9%
[libx264 @ 0x5e8995ccae80] ref B L0: 87.3% 12.7%
[libx264 @ 0x5e8995ccae80] ref B L1: 92.5%  7.5%
[libx264 @ 0x5e8995ccae80] kb/s:1069.67
ffmpeg version 7.0.2-3ubuntu1 Copyright (c) 2000-2024 the FFmpeg developers
  built with gcc 14 (Ubuntu 14.2.0-2ubuntu1)
  configuration: --prefix=/usr --extra-version=3ubuntu1 --toolchain=hardened --libdir=/usr/lib/x86_64-linux-gnu --incdir=/usr/include/x86_64-linux-gnu --arch=amd64 --enable-gpl --disable-stripping --disable-libmfx --disable-omx --enable-gnutls --enable-libaom --enable-libass --enable-libbs2b --enable-libcdio --enable-libcodec2 --enable-libdav1d --enable-libflite --enable-libfontconfig --enable-libfreetype --enable-libfribidi --enable-libglslang --enable-libgme --enable-libgsm --enable-libharfbuzz --enable-libmp3lame --enable-libmysofa --enable-libopenjpeg --enable-libopenmpt --enable-libopus --enable-librubberband --enable-libshine --enable-libsnappy --enable-libsoxr --enable-libspeex --enable-libtheora --enable-libtwolame --enable-libvidstab --enable-libvorbis --enable-libvpx --enable-libwebp --enable-libx265 --enable-libxml2 --enable-libxvid --enable-libzimg --enable-openal --enable-opencl --enable-opengl --disable-sndio --enable-libvpl --enable-libdc1394 --enable-libdrm --enable-libiec61883 --enable-chromaprint --enable-frei0r --enable-ladspa --enable-libbluray --enable-libcaca --enable-libdvdnav --enable-libdvdread --enable-libjack --enable-libpulse --enable-librabbitmq --enable-librist --enable-libsrt --enable-libssh --enable-libsvtav1 --enable-libx264 --enable-libzmq --enable-libzvbi --enable-lv2 --enable-sdl2 --enable-libplacebo --enable-librav1e --enable-pocketsphinx --enable-librsvg --enable-libjxl --enable-shared
  libavutil      59.  8.100 / 59.  8.100
  libavcodec     61.  3.100 / 61.  3.100
  libavformat    61.  1.100 / 61.  1.100
  libavdevice    61.  1.100 / 61.  1.100
  libavfilter    10.  1.100 / 10.  1.100
  libswscale      8.  1.100 /  8.  1.100
  libswresample   5.  1.100 /  5.  1.100
  libpostproc    58.  1.100 / 58.  1.100
Input #0, concat, from '/home/marco-lasagna/Scaricati/ffmpeg-java/inputFile.txt':
  Duration: N/A, start: 0.000000, bitrate: N/A
  Stream #0:0: Video: mjpeg (Baseline), yuvj420p(pc, bt470bg/unknown/unknown), 4501x4500 [SAR 1:1 DAR 4501:4500], 25 fps, 25 tbr, 25 tbn
Stream mapping:
  Stream #0:0 -> #0:0 (mjpeg (native) -> h264 (libx264))
Press [q] to stop, [?] for help
[swscaler @ 0x7dd358016b00] deprecated pixel format used, make sure you did set range correctly
    Last message repeated 1 times
[swscaler @ 0x7dd358b407c0] deprecated pixel format used, make sure you did set range correctly
    Last message repeated 1 times
[vost#0:0/libx264 @ 0x5aed7ee85ac0] No information about the input framerate is available. Falling back to a default value of 25fps. Use the -r option if you want a different framerate.
[libx264 @ 0x5aed7ee7be80] using SAR=2048/4095
[libx264 @ 0x5aed7ee7be80] using cpu capabilities: MMX2 SSE2Fast SSSE3 SSE4.2 AVX FMA3 BMI2 AVX2
[libx264 @ 0x5aed7ee7be80] profile High, level 4.0, 4:2:0, 8-bit
[libx264 @ 0x5aed7ee7be80] 264 - core 164 r3108 31e19f9 - H.264/MPEG-4 AVC codec - Copyleft 2003-2023 - http://www.videolan.org/x264.html - options: cabac=1 ref=3 deblock=1:0:0 analyse=0x3:0x113 me=hex subme=7 psy=1 psy_rd=1.00:0.00 mixed_ref=1 me_range=16 chroma_me=1 trellis=1 8x8dct=1 cqm=0 deadzone=21,11 fast_pskip=1 chroma_qp_offset=-2 threads=30 lookahead_threads=5 sliced_threads=0 nr=0 decimate=1 interlaced=0 bluray_compat=0 constrained_intra=0 bframes=3 b_pyramid=2 b_adapt=1 b_bias=0 direct=1 weightb=1 open_gop=0 weightp=2 keyint=250 keyint_min=25 scenecut=40 intra_refresh=0 rc_lookahead=40 rc=crf mbtree=1 crf=23.0 qcomp=0.60 qpmin=0 qpmax=69 qpstep=4 ip_ratio=1.40 aq=1:1.00
Output #0, mp4, to './src/test/resources/output/translation/tempVideo/280.mp4':
  Metadata:
    encoder         : Lavf61.1.100
  Stream #0:0: Video: h264 (avc1 / 0x31637661), yuvj420p(pc, progressive), 2048x1024 [SAR 4501:9000 DAR 4501:4500], q=2-31, 25 fps, 12800 tbn
      Metadata:
        encoder         : Lavc61.3.100 libx264
      Side data:
        cpb: bitrate max/min/avg: 0/0/0 buffer size: 0 vbv_delay: N/A
[out#0/mp4 @ 0x5aed7ee83b40] video:32KiB audio:0KiB subtitle:0KiB other streams:0KiB global headers:0KiB muxing overhead: 2.909572%
frame=    6 fps=0.0 q=-1.0 Lsize=      33KiB time=00:00:00.16 bitrate=1671.2kbits/s dup=0 drop=19 speed=0.631x    
[libx264 @ 0x5aed7ee7be80] frame I:1     Avg QP:18.72  size: 30186
[libx264 @ 0x5aed7ee7be80] frame P:2     Avg QP:18.11  size:   438
[libx264 @ 0x5aed7ee7be80] frame B:3     Avg QP:25.93  size:   243
[libx264 @ 0x5aed7ee7be80] consecutive B-frames: 16.7% 33.3% 50.0%  0.0%
[libx264 @ 0x5aed7ee7be80] mb I  I16..4: 25.4% 64.3% 10.3%
[libx264 @ 0x5aed7ee7be80] mb P  I16..4:  0.1%  0.1%  0.0%  P16..4:  1.4%  0.2%  0.1%  0.0%  0.0%    skip:98.2%
[libx264 @ 0x5aed7ee7be80] mb B  I16..4:  0.0%  0.0%  0.0%  B16..8:  1.2%  0.0%  0.0%  direct: 0.0%  skip:98.7%  L0:45.6% L1:53.0% BI: 1.4%
[libx264 @ 0x5aed7ee7be80] 8x8 transform intra:64.2% inter:26.4%
[libx264 @ 0x5aed7ee7be80] coded y,uvDC,uvAC intra: 6.0% 10.1% 9.1% inter: 0.1% 0.0% 0.0%
[libx264 @ 0x5aed7ee7be80] i16 v,h,dc,p: 87% 12%  1%  0%
[libx264 @ 0x5aed7ee7be80] i8 v,h,dc,ddl,ddr,vr,hd,vl,hu: 63%  8% 28%  0%  0%  0%  0%  0%  0%
[libx264 @ 0x5aed7ee7be80] i4 v,h,dc,ddl,ddr,vr,hd,vl,hu: 41% 29%  9%  4%  2%  2%  4%  4%  5%
[libx264 @ 0x5aed7ee7be80] i8c dc,h,v,p: 82%  9%  8%  1%
[libx264 @ 0x5aed7ee7be80] Weighted P-Frames: Y:0.0% UV:0.0%
[libx264 @ 0x5aed7ee7be80] ref P L0: 96.1%  0.4%  2.6%  0.9%
[libx264 @ 0x5aed7ee7be80] ref B L0: 43.9% 56.1%
[libx264 @ 0x5aed7ee7be80] kb/s:1059.63
ffmpeg version 7.0.2-3ubuntu1 Copyright (c) 2000-2024 the FFmpeg developers
  built with gcc 14 (Ubuntu 14.2.0-2ubuntu1)
  configuration: --prefix=/usr --extra-version=3ubuntu1 --toolchain=hardened --libdir=/usr/lib/x86_64-linux-gnu --incdir=/usr/include/x86_64-linux-gnu --arch=amd64 --enable-gpl --disable-stripping --disable-libmfx --disable-omx --enable-gnutls --enable-libaom --enable-libass --enable-libbs2b --enable-libcdio --enable-libcodec2 --enable-libdav1d --enable-libflite --enable-libfontconfig --enable-libfreetype --enable-libfribidi --enable-libglslang --enable-libgme --enable-libgsm --enable-libharfbuzz --enable-libmp3lame --enable-libmysofa --enable-libopenjpeg --enable-libopenmpt --enable-libopus --enable-librubberband --enable-libshine --enable-libsnappy --enable-libsoxr --enable-libspeex --enable-libtheora --enable-libtwolame --enable-libvidstab --enable-libvorbis --enable-libvpx --enable-libwebp --enable-libx265 --enable-libxml2 --enable-libxvid --enable-libzimg --enable-openal --enable-opencl --enable-opengl --disable-sndio --enable-libvpl --enable-libdc1394 --enable-libdrm --enable-libiec61883 --enable-chromaprint --enable-frei0r --enable-ladspa --enable-libbluray --enable-libcaca --enable-libdvdnav --enable-libdvdread --enable-libjack --enable-libpulse --enable-librabbitmq --enable-librist --enable-libsrt --enable-libssh --enable-libsvtav1 --enable-libx264 --enable-libzmq --enable-libzvbi --enable-lv2 --enable-sdl2 --enable-libplacebo --enable-librav1e --enable-pocketsphinx --enable-librsvg --enable-libjxl --enable-shared
  libavutil      59.  8.100 / 59.  8.100
  libavcodec     61.  3.100 / 61.  3.100
  libavformat    61.  1.100 / 61.  1.100
  libavdevice    61.  1.100 / 61.  1.100
  libavfilter    10.  1.100 / 10.  1.100
  libswscale      8.  1.100 /  8.  1.100
  libswresample   5.  1.100 /  5.  1.100
  libpostproc    58.  1.100 / 58.  1.100
Input #0, concat, from '/home/marco-lasagna/Scaricati/ffmpeg-java/inputFile.txt':
  Duration: N/A, start: 0.000000, bitrate: N/A
  Stream #0:0: Video: mjpeg (Baseline), yuvj420p(pc, bt470bg/unknown/unknown), 4501x4500 [SAR 1:1 DAR 4501:4500], 25 fps, 25 tbr, 25 tbn
Stream mapping:
  Stream #0:0 -> #0:0 (mjpeg (native) -> h264 (libx264))
Press [q] to stop, [?] for help
[swscaler @ 0x7c8f8c016b00] deprecated pixel format used, make sure you did set range correctly
    Last message repeated 1 times
[swscaler @ 0x7c8f8cb407c0] deprecated pixel format used, make sure you did set range correctly
    Last message repeated 1 times
[vost#0:0/libx264 @ 0x61f07d42eac0] No information about the input framerate is available. Falling back to a default value of 25fps. Use the -r option if you want a different framerate.
[libx264 @ 0x61f07d424e80] using SAR=2048/4095
[libx264 @ 0x61f07d424e80] using cpu capabilities: MMX2 SSE2Fast SSSE3 SSE4.2 AVX FMA3 BMI2 AVX2
[libx264 @ 0x61f07d424e80] profile High, level 4.0, 4:2:0, 8-bit
[libx264 @ 0x61f07d424e80] 264 - core 164 r3108 31e19f9 - H.264/MPEG-4 AVC codec - Copyleft 2003-2023 - http://www.videolan.org/x264.html - options: cabac=1 ref=3 deblock=1:0:0 analyse=0x3:0x113 me=hex subme=7 psy=1 psy_rd=1.00:0.00 mixed_ref=1 me_range=16 chroma_me=1 trellis=1 8x8dct=1 cqm=0 deadzone=21,11 fast_pskip=1 chroma_qp_offset=-2 threads=30 lookahead_threads=5 sliced_threads=0 nr=0 decimate=1 interlaced=0 bluray_compat=0 constrained_intra=0 bframes=3 b_pyramid=2 b_adapt=1 b_bias=0 direct=1 weightb=1 open_gop=0 weightp=2 keyint=250 keyint_min=25 scenecut=40 intra_refresh=0 rc_lookahead=40 rc=crf mbtree=1 crf=23.0 qcomp=0.60 qpmin=0 qpmax=69 qpstep=4 ip_ratio=1.40 aq=1:1.00
Output #0, mp4, to './src/test/resources/output/translation/tempVideo/290.mp4':
  Metadata:
    encoder         : Lavf61.1.100
  Stream #0:0: Video: h264 (avc1 / 0x31637661), yuvj420p(pc, progressive), 2048x1024 [SAR 4501:9000 DAR 4501:4500], q=2-31, 25 fps, 12800 tbn
      Metadata:
        encoder         : Lavc61.3.100 libx264
      Side data:
        cpb: bitrate max/min/avg: 0/0/0 buffer size: 0 vbv_delay: N/A
[out#0/mp4 @ 0x61f07d42cb40] video:32KiB audio:0KiB subtitle:0KiB other streams:0KiB global headers:0KiB muxing overhead: 2.906374%
frame=    6 fps=0.0 q=-1.0 Lsize=      33KiB time=00:00:00.16 bitrate=1687.2kbits/s dup=0 drop=19 speed=0.659x    
[libx264 @ 0x61f07d424e80] frame I:1     Avg QP:18.47  size: 30261
[libx264 @ 0x61f07d424e80] frame P:2     Avg QP:19.49  size:   484
[libx264 @ 0x61f07d424e80] frame B:3     Avg QP:31.39  size:   290
[libx264 @ 0x61f07d424e80] consecutive B-frames: 33.3%  0.0%  0.0% 66.7%
[libx264 @ 0x61f07d424e80] mb I  I16..4: 17.3% 72.3% 10.5%
[libx264 @ 0x61f07d424e80] mb P  I16..4:  0.1%  0.1%  0.0%  P16..4:  1.2%  0.1%  0.1%  0.0%  0.0%    skip:98.4%
[libx264 @ 0x61f07d424e80] mb B  I16..4:  0.0%  0.0%  0.0%  B16..8:  1.2%  0.1%  0.0%  direct: 0.0%  skip:98.6%  L0:62.8% L1:33.7% BI: 3.5%
[libx264 @ 0x61f07d424e80] 8x8 transform intra:72.2% inter:18.7%
[libx264 @ 0x61f07d424e80] coded y,uvDC,uvAC intra: 6.0% 10.2% 9.1% inter: 0.1% 0.0% 0.0%
[libx264 @ 0x61f07d424e80] i16 v,h,dc,p: 82% 17%  1%  0%
[libx264 @ 0x61f07d424e80] i8 v,h,dc,ddl,ddr,vr,hd,vl,hu: 44%  7% 49%  0%  0%  0%  0%  0%  0%
[libx264 @ 0x61f07d424e80] i4 v,h,dc,ddl,ddr,vr,hd,vl,hu: 40% 29%  9%  4%  2%  2%  4%  4%  5%
[libx264 @ 0x61f07d424e80] i8c dc,h,v,p: 82%  9%  8%  1%
[libx264 @ 0x61f07d424e80] Weighted P-Frames: Y:0.0% UV:0.0%
[libx264 @ 0x61f07d424e80] ref P L0: 95.0%  0.8%  1.7%  2.5%
[libx264 @ 0x61f07d424e80] ref B L0: 91.5%  8.5%
[libx264 @ 0x61f07d424e80] ref B L1: 94.4%  5.6%
[libx264 @ 0x61f07d424e80] kb/s:1070.00
ffmpeg version 7.0.2-3ubuntu1 Copyright (c) 2000-2024 the FFmpeg developers
  built with gcc 14 (Ubuntu 14.2.0-2ubuntu1)
  configuration: --prefix=/usr --extra-version=3ubuntu1 --toolchain=hardened --libdir=/usr/lib/x86_64-linux-gnu --incdir=/usr/include/x86_64-linux-gnu --arch=amd64 --enable-gpl --disable-stripping --disable-libmfx --disable-omx --enable-gnutls --enable-libaom --enable-libass --enable-libbs2b --enable-libcdio --enable-libcodec2 --enable-libdav1d --enable-libflite --enable-libfontconfig --enable-libfreetype --enable-libfribidi --enable-libglslang --enable-libgme --enable-libgsm --enable-libharfbuzz --enable-libmp3lame --enable-libmysofa --enable-libopenjpeg --enable-libopenmpt --enable-libopus --enable-librubberband --enable-libshine --enable-libsnappy --enable-libsoxr --enable-libspeex --enable-libtheora --enable-libtwolame --enable-libvidstab --enable-libvorbis --enable-libvpx --enable-libwebp --enable-libx265 --enable-libxml2 --enable-libxvid --enable-libzimg --enable-openal --enable-opencl --enable-opengl --disable-sndio --enable-libvpl --enable-libdc1394 --enable-libdrm --enable-libiec61883 --enable-chromaprint --enable-frei0r --enable-ladspa --enable-libbluray --enable-libcaca --enable-libdvdnav --enable-libdvdread --enable-libjack --enable-libpulse --enable-librabbitmq --enable-librist --enable-libsrt --enable-libssh --enable-libsvtav1 --enable-libx264 --enable-libzmq --enable-libzvbi --enable-lv2 --enable-sdl2 --enable-libplacebo --enable-librav1e --enable-pocketsphinx --enable-librsvg --enable-libjxl --enable-shared
  libavutil      59.  8.100 / 59.  8.100
  libavcodec     61.  3.100 / 61.  3.100
  libavformat    61.  1.100 / 61.  1.100
  libavdevice    61.  1.100 / 61.  1.100
  libavfilter    10.  1.100 / 10.  1.100
  libswscale      8.  1.100 /  8.  1.100
  libswresample   5.  1.100 /  5.  1.100
  libpostproc    58.  1.100 / 58.  1.100
Input #0, concat, from '/home/marco-lasagna/Scaricati/ffmpeg-java/inputFile.txt':
  Duration: N/A, start: 0.000000, bitrate: N/A
  Stream #0:0: Video: mjpeg (Baseline), yuvj420p(pc, bt470bg/unknown/unknown), 4501x4500 [SAR 1:1 DAR 4501:4500], 25 fps, 25 tbr, 25 tbn
Stream mapping:
  Stream #0:0 -> #0:0 (mjpeg (native) -> h264 (libx264))
Press [q] to stop, [?] for help
[swscaler @ 0x74b650016b00] deprecated pixel format used, make sure you did set range correctly
    Last message repeated 1 times
[swscaler @ 0x74b650b407c0] deprecated pixel format used, make sure you did set range correctly
    Last message repeated 1 times
[vost#0:0/libx264 @ 0x60c4655d3ac0] No information about the input framerate is available. Falling back to a default value of 25fps. Use the -r option if you want a different framerate.
[libx264 @ 0x60c4655c9e80] using SAR=2048/4095
[libx264 @ 0x60c4655c9e80] using cpu capabilities: MMX2 SSE2Fast SSSE3 SSE4.2 AVX FMA3 BMI2 AVX2
[libx264 @ 0x60c4655c9e80] profile High, level 4.0, 4:2:0, 8-bit
[libx264 @ 0x60c4655c9e80] 264 - core 164 r3108 31e19f9 - H.264/MPEG-4 AVC codec - Copyleft 2003-2023 - http://www.videolan.org/x264.html - options: cabac=1 ref=3 deblock=1:0:0 analyse=0x3:0x113 me=hex subme=7 psy=1 psy_rd=1.00:0.00 mixed_ref=1 me_range=16 chroma_me=1 trellis=1 8x8dct=1 cqm=0 deadzone=21,11 fast_pskip=1 chroma_qp_offset=-2 threads=30 lookahead_threads=5 sliced_threads=0 nr=0 decimate=1 interlaced=0 bluray_compat=0 constrained_intra=0 bframes=3 b_pyramid=2 b_adapt=1 b_bias=0 direct=1 weightb=1 open_gop=0 weightp=2 keyint=250 keyint_min=25 scenecut=40 intra_refresh=0 rc_lookahead=40 rc=crf mbtree=1 crf=23.0 qcomp=0.60 qpmin=0 qpmax=69 qpstep=4 ip_ratio=1.40 aq=1:1.00
Output #0, mp4, to './src/test/resources/output/translation/tempVideo/300.mp4':
  Metadata:
    encoder         : Lavf61.1.100
  Stream #0:0: Video: h264 (avc1 / 0x31637661), yuvj420p(pc, progressive), 2048x1024 [SAR 4501:9000 DAR 4501:4500], q=2-31, 25 fps, 12800 tbn
      Metadata:
        encoder         : Lavc61.3.100 libx264
      Side data:
        cpb: bitrate max/min/avg: 0/0/0 buffer size: 0 vbv_delay: N/A
[out#0/mp4 @ 0x60c4655d1b40] video:32KiB audio:0KiB subtitle:0KiB other streams:0KiB global headers:0KiB muxing overhead: 2.926275%
frame=    6 fps=0.0 q=-1.0 Lsize=      33KiB time=00:00:00.16 bitrate=1676.0kbits/s dup=0 drop=19 speed=0.646x    
[libx264 @ 0x60c4655c9e80] frame I:1     Avg QP:18.66  size: 30204
[libx264 @ 0x60c4655c9e80] frame P:2     Avg QP:16.15  size:   456
[libx264 @ 0x60c4655c9e80] frame B:3     Avg QP:21.86  size:   254
[libx264 @ 0x60c4655c9e80] consecutive B-frames: 33.3%  0.0%  0.0% 66.7%
[libx264 @ 0x60c4655c9e80] mb I  I16..4: 17.3% 72.3% 10.4%
[libx264 @ 0x60c4655c9e80] mb P  I16..4:  0.2%  0.1%  0.0%  P16..4:  0.5%  0.1%  0.1%  0.0%  0.0%    skip:99.0%
[libx264 @ 0x60c4655c9e80] mb B  I16..4:  0.0%  0.0%  0.0%  B16..8:  1.2%  0.1%  0.0%  direct: 0.0%  skip:98.6%  L0:58.5% L1:39.2% BI: 2.3%
[libx264 @ 0x60c4655c9e80] 8x8 transform intra:72.0% inter:37.7%
[libx264 @ 0x60c4655c9e80] coded y,uvDC,uvAC intra: 6.0% 10.1% 9.1% inter: 0.1% 0.0% 0.0%
[libx264 @ 0x60c4655c9e80] i16 v,h,dc,p: 81% 18%  1%  0%
[libx264 @ 0x60c4655c9e80] i8 v,h,dc,ddl,ddr,vr,hd,vl,hu: 43%  8% 49%  0%  0%  0%  0%  0%  0%
[libx264 @ 0x60c4655c9e80] i4 v,h,dc,ddl,ddr,vr,hd,vl,hu: 39% 31%  9%  4%  2%  2%  4%  4%  5%
[libx264 @ 0x60c4655c9e80] i8c dc,h,v,p: 82%  9%  8%  1%
[libx264 @ 0x60c4655c9e80] Weighted P-Frames: Y:0.0% UV:0.0%
[libx264 @ 0x60c4655c9e80] ref P L0: 94.5%  1.4%  2.8%  1.4%
[libx264 @ 0x60c4655c9e80] ref B L0: 94.1%  5.9%
[libx264 @ 0x60c4655c9e80] ref B L1: 96.3%  3.7%
[libx264 @ 0x60c4655c9e80] kb/s:1062.57
ffmpeg version 7.0.2-3ubuntu1 Copyright (c) 2000-2024 the FFmpeg developers
  built with gcc 14 (Ubuntu 14.2.0-2ubuntu1)
  configuration: --prefix=/usr --extra-version=3ubuntu1 --toolchain=hardened --libdir=/usr/lib/x86_64-linux-gnu --incdir=/usr/include/x86_64-linux-gnu --arch=amd64 --enable-gpl --disable-stripping --disable-libmfx --disable-omx --enable-gnutls --enable-libaom --enable-libass --enable-libbs2b --enable-libcdio --enable-libcodec2 --enable-libdav1d --enable-libflite --enable-libfontconfig --enable-libfreetype --enable-libfribidi --enable-libglslang --enable-libgme --enable-libgsm --enable-libharfbuzz --enable-libmp3lame --enable-libmysofa --enable-libopenjpeg --enable-libopenmpt --enable-libopus --enable-librubberband --enable-libshine --enable-libsnappy --enable-libsoxr --enable-libspeex --enable-libtheora --enable-libtwolame --enable-libvidstab --enable-libvorbis --enable-libvpx --enable-libwebp --enable-libx265 --enable-libxml2 --enable-libxvid --enable-libzimg --enable-openal --enable-opencl --enable-opengl --disable-sndio --enable-libvpl --enable-libdc1394 --enable-libdrm --enable-libiec61883 --enable-chromaprint --enable-frei0r --enable-ladspa --enable-libbluray --enable-libcaca --enable-libdvdnav --enable-libdvdread --enable-libjack --enable-libpulse --enable-librabbitmq --enable-librist --enable-libsrt --enable-libssh --enable-libsvtav1 --enable-libx264 --enable-libzmq --enable-libzvbi --enable-lv2 --enable-sdl2 --enable-libplacebo --enable-librav1e --enable-pocketsphinx --enable-librsvg --enable-libjxl --enable-shared
  libavutil      59.  8.100 / 59.  8.100
  libavcodec     61.  3.100 / 61.  3.100
  libavformat    61.  1.100 / 61.  1.100
  libavdevice    61.  1.100 / 61.  1.100
  libavfilter    10.  1.100 / 10.  1.100
  libswscale      8.  1.100 /  8.  1.100
  libswresample   5.  1.100 /  5.  1.100
  libpostproc    58.  1.100 / 58.  1.100
Input #0, concat, from '/home/marco-lasagna/Scaricati/ffmpeg-java/inputFile.txt':
  Duration: N/A, start: 0.000000, bitrate: N/A
  Stream #0:0: Video: mjpeg (Baseline), yuvj420p(pc, bt470bg/unknown/unknown), 4501x4500 [SAR 1:1 DAR 4501:4500], 25 fps, 25 tbr, 25 tbn
Stream mapping:
  Stream #0:0 -> #0:0 (mjpeg (native) -> h264 (libx264))
Press [q] to stop, [?] for help
[swscaler @ 0x7ad4b8016b00] deprecated pixel format used, make sure you did set range correctly
    Last message repeated 1 times
[swscaler @ 0x7ad4b8b407c0] deprecated pixel format used, make sure you did set range correctly
    Last message repeated 1 times
[vost#0:0/libx264 @ 0x5d9bc6c66ac0] No information about the input framerate is available. Falling back to a default value of 25fps. Use the -r option if you want a different framerate.
[libx264 @ 0x5d9bc6c5ce80] using SAR=2048/4095
[libx264 @ 0x5d9bc6c5ce80] using cpu capabilities: MMX2 SSE2Fast SSSE3 SSE4.2 AVX FMA3 BMI2 AVX2
[libx264 @ 0x5d9bc6c5ce80] profile High, level 4.0, 4:2:0, 8-bit
[libx264 @ 0x5d9bc6c5ce80] 264 - core 164 r3108 31e19f9 - H.264/MPEG-4 AVC codec - Copyleft 2003-2023 - http://www.videolan.org/x264.html - options: cabac=1 ref=3 deblock=1:0:0 analyse=0x3:0x113 me=hex subme=7 psy=1 psy_rd=1.00:0.00 mixed_ref=1 me_range=16 chroma_me=1 trellis=1 8x8dct=1 cqm=0 deadzone=21,11 fast_pskip=1 chroma_qp_offset=-2 threads=30 lookahead_threads=5 sliced_threads=0 nr=0 decimate=1 interlaced=0 bluray_compat=0 constrained_intra=0 bframes=3 b_pyramid=2 b_adapt=1 b_bias=0 direct=1 weightb=1 open_gop=0 weightp=2 keyint=250 keyint_min=25 scenecut=40 intra_refresh=0 rc_lookahead=40 rc=crf mbtree=1 crf=23.0 qcomp=0.60 qpmin=0 qpmax=69 qpstep=4 ip_ratio=1.40 aq=1:1.00
Output #0, mp4, to './src/test/resources/output/translation/tempVideo/310.mp4':
  Metadata:
    encoder         : Lavf61.1.100
  Stream #0:0: Video: h264 (avc1 / 0x31637661), yuvj420p(pc, progressive), 2048x1024 [SAR 4501:9000 DAR 4501:4500], q=2-31, 25 fps, 12800 tbn
      Metadata:
        encoder         : Lavc61.3.100 libx264
      Side data:
        cpb: bitrate max/min/avg: 0/0/0 buffer size: 0 vbv_delay: N/A
[out#0/mp4 @ 0x5d9bc6c64b40] video:32KiB audio:0KiB subtitle:0KiB other streams:0KiB global headers:0KiB muxing overhead: 2.916335%
frame=    6 fps=0.0 q=-1.0 Lsize=      33KiB time=00:00:00.16 bitrate=1681.5kbits/s dup=0 drop=19 speed=0.656x    
[libx264 @ 0x5d9bc6c5ce80] frame I:1     Avg QP:18.59  size: 30225
[libx264 @ 0x5d9bc6c5ce80] frame P:2     Avg QP:19.95  size:   468
[libx264 @ 0x5d9bc6c5ce80] frame B:3     Avg QP:25.34  size:   276
[libx264 @ 0x5d9bc6c5ce80] consecutive B-frames: 33.3%  0.0%  0.0% 66.7%
[libx264 @ 0x5d9bc6c5ce80] mb I  I16..4: 17.1% 72.6% 10.4%
[libx264 @ 0x5d9bc6c5ce80] mb P  I16..4:  0.1%  0.2%  0.0%  P16..4:  1.2%  0.1%  0.1%  0.0%  0.0%    skip:98.3%
[libx264 @ 0x5d9bc6c5ce80] mb B  I16..4:  0.0%  0.0%  0.0%  B16..8:  1.3%  0.1%  0.0%  direct: 0.0%  skip:98.5%  L0:57.5% L1:40.4% BI: 2.1%
[libx264 @ 0x5d9bc6c5ce80] 8x8 transform intra:72.5% inter:33.3%
[libx264 @ 0x5d9bc6c5ce80] coded y,uvDC,uvAC intra: 5.9% 10.1% 9.1% inter: 0.1% 0.0% 0.0%
[libx264 @ 0x5d9bc6c5ce80] i16 v,h,dc,p: 82% 17%  1%  0%
[libx264 @ 0x5d9bc6c5ce80] i8 v,h,dc,ddl,ddr,vr,hd,vl,hu: 42%  9% 48%  0%  0%  0%  0%  0%  0%
[libx264 @ 0x5d9bc6c5ce80] i4 v,h,dc,ddl,ddr,vr,hd,vl,hu: 40% 30%  9%  4%  2%  2%  4%  4%  5%
[libx264 @ 0x5d9bc6c5ce80] i8c dc,h,v,p: 82%  9%  8%  1%
[libx264 @ 0x5d9bc6c5ce80] Weighted P-Frames: Y:0.0% UV:0.0%
[libx264 @ 0x5d9bc6c5ce80] ref P L0: 91.6%  0.2%  3.9%  4.3%
[libx264 @ 0x5d9bc6c5ce80] ref B L0: 89.5% 10.5%
[libx264 @ 0x5d9bc6c5ce80] ref B L1: 90.6%  9.4%
[libx264 @ 0x5d9bc6c5ce80] kb/s:1066.27
ffmpeg version 7.0.2-3ubuntu1 Copyright (c) 2000-2024 the FFmpeg developers
  built with gcc 14 (Ubuntu 14.2.0-2ubuntu1)
  configuration: --prefix=/usr --extra-version=3ubuntu1 --toolchain=hardened --libdir=/usr/lib/x86_64-linux-gnu --incdir=/usr/include/x86_64-linux-gnu --arch=amd64 --enable-gpl --disable-stripping --disable-libmfx --disable-omx --enable-gnutls --enable-libaom --enable-libass --enable-libbs2b --enable-libcdio --enable-libcodec2 --enable-libdav1d --enable-libflite --enable-libfontconfig --enable-libfreetype --enable-libfribidi --enable-libglslang --enable-libgme --enable-libgsm --enable-libharfbuzz --enable-libmp3lame --enable-libmysofa --enable-libopenjpeg --enable-libopenmpt --enable-libopus --enable-librubberband --enable-libshine --enable-libsnappy --enable-libsoxr --enable-libspeex --enable-libtheora --enable-libtwolame --enable-libvidstab --enable-libvorbis --enable-libvpx --enable-libwebp --enable-libx265 --enable-libxml2 --enable-libxvid --enable-libzimg --enable-openal --enable-opencl --enable-opengl --disable-sndio --enable-libvpl --enable-libdc1394 --enable-libdrm --enable-libiec61883 --enable-chromaprint --enable-frei0r --enable-ladspa --enable-libbluray --enable-libcaca --enable-libdvdnav --enable-libdvdread --enable-libjack --enable-libpulse --enable-librabbitmq --enable-librist --enable-libsrt --enable-libssh --enable-libsvtav1 --enable-libx264 --enable-libzmq --enable-libzvbi --enable-lv2 --enable-sdl2 --enable-libplacebo --enable-librav1e --enable-pocketsphinx --enable-librsvg --enable-libjxl --enable-shared
  libavutil      59.  8.100 / 59.  8.100
  libavcodec     61.  3.100 / 61.  3.100
  libavformat    61.  1.100 / 61.  1.100
  libavdevice    61.  1.100 / 61.  1.100
  libavfilter    10.  1.100 / 10.  1.100
  libswscale      8.  1.100 /  8.  1.100
  libswresample   5.  1.100 /  5.  1.100
  libpostproc    58.  1.100 / 58.  1.100
Input #0, concat, from '/home/marco-lasagna/Scaricati/ffmpeg-java/inputFile.txt':
  Duration: N/A, start: 0.000000, bitrate: N/A
  Stream #0:0: Video: mjpeg (Baseline), yuvj420p(pc, bt470bg/unknown/unknown), 4501x4500 [SAR 1:1 DAR 4501:4500], 25 fps, 25 tbr, 25 tbn
Stream mapping:
  Stream #0:0 -> #0:0 (mjpeg (native) -> h264 (libx264))
Press [q] to stop, [?] for help
[swscaler @ 0x71b324016b00] deprecated pixel format used, make sure you did set range correctly
    Last message repeated 1 times
[swscaler @ 0x71b324b407c0] deprecated pixel format used, make sure you did set range correctly
    Last message repeated 1 times
[vost#0:0/libx264 @ 0x5c5c45c63ac0] No information about the input framerate is available. Falling back to a default value of 25fps. Use the -r option if you want a different framerate.
[libx264 @ 0x5c5c45c59e80] using SAR=2048/4095
[libx264 @ 0x5c5c45c59e80] using cpu capabilities: MMX2 SSE2Fast SSSE3 SSE4.2 AVX FMA3 BMI2 AVX2
[libx264 @ 0x5c5c45c59e80] profile High, level 4.0, 4:2:0, 8-bit
[libx264 @ 0x5c5c45c59e80] 264 - core 164 r3108 31e19f9 - H.264/MPEG-4 AVC codec - Copyleft 2003-2023 - http://www.videolan.org/x264.html - options: cabac=1 ref=3 deblock=1:0:0 analyse=0x3:0x113 me=hex subme=7 psy=1 psy_rd=1.00:0.00 mixed_ref=1 me_range=16 chroma_me=1 trellis=1 8x8dct=1 cqm=0 deadzone=21,11 fast_pskip=1 chroma_qp_offset=-2 threads=30 lookahead_threads=5 sliced_threads=0 nr=0 decimate=1 interlaced=0 bluray_compat=0 constrained_intra=0 bframes=3 b_pyramid=2 b_adapt=1 b_bias=0 direct=1 weightb=1 open_gop=0 weightp=2 keyint=250 keyint_min=25 scenecut=40 intra_refresh=0 rc_lookahead=40 rc=crf mbtree=1 crf=23.0 qcomp=0.60 qpmin=0 qpmax=69 qpstep=4 ip_ratio=1.40 aq=1:1.00
Output #0, mp4, to './src/test/resources/output/translation/tempVideo/320.mp4':
  Metadata:
    encoder         : Lavf61.1.100
  Stream #0:0: Video: h264 (avc1 / 0x31637661), yuvj420p(pc, progressive), 2048x1024 [SAR 4501:9000 DAR 4501:4500], q=2-31, 25 fps, 12800 tbn
      Metadata:
        encoder         : Lavc61.3.100 libx264
      Side data:
        cpb: bitrate max/min/avg: 0/0/0 buffer size: 0 vbv_delay: N/A
[out#0/mp4 @ 0x5c5c45c61b40] video:32KiB audio:0KiB subtitle:0KiB other streams:0KiB global headers:0KiB muxing overhead: 2.909924%
frame=    6 fps=0.0 q=-1.0 Lsize=      33KiB time=00:00:00.16 bitrate=1685.2kbits/s dup=0 drop=19 speed=0.634x    
[libx264 @ 0x5c5c45c59e80] frame I:1     Avg QP:18.62  size: 30206
[libx264 @ 0x5c5c45c59e80] frame P:2     Avg QP:19.87  size:   524
[libx264 @ 0x5c5c45c59e80] frame B:3     Avg QP:20.46  size:   269
[libx264 @ 0x5c5c45c59e80] consecutive B-frames: 33.3%  0.0%  0.0% 66.7%
[libx264 @ 0x5c5c45c59e80] mb I  I16..4: 17.1% 72.6% 10.4%
[libx264 @ 0x5c5c45c59e80] mb P  I16..4:  0.1%  0.1%  0.0%  P16..4:  1.2%  0.1%  0.1%  0.0%  0.0%    skip:98.4%
[libx264 @ 0x5c5c45c59e80] mb B  I16..4:  0.0%  0.1%  0.0%  B16..8:  1.1%  0.0%  0.0%  direct: 0.0%  skip:98.7%  L0:36.3% L1:61.5% BI: 2.1%
[libx264 @ 0x5c5c45c59e80] 8x8 transform intra:72.4% inter:45.3%
[libx264 @ 0x5c5c45c59e80] coded y,uvDC,uvAC intra: 5.9% 10.1% 9.1% inter: 0.1% 0.0% 0.0%
[libx264 @ 0x5c5c45c59e80] i16 v,h,dc,p: 82% 17%  1%  0%
[libx264 @ 0x5c5c45c59e80] i8 v,h,dc,ddl,ddr,vr,hd,vl,hu: 41% 10% 48%  0%  0%  0%  0%  0%  0%
[libx264 @ 0x5c5c45c59e80] i4 v,h,dc,ddl,ddr,vr,hd,vl,hu: 40% 30%  9%  4%  2%  2%  4%  4%  5%
[libx264 @ 0x5c5c45c59e80] i8c dc,h,v,p: 82%  9%  8%  1%
[libx264 @ 0x5c5c45c59e80] Weighted P-Frames: Y:0.0% UV:0.0%
[libx264 @ 0x5c5c45c59e80] ref P L0: 94.8%  0.5%  3.1%  1.6%
[libx264 @ 0x5c5c45c59e80] ref B L0: 84.6% 15.4%
[libx264 @ 0x5c5c45c59e80] ref B L1: 98.4%  1.6%
[libx264 @ 0x5c5c45c59e80] kb/s:1068.67
ffmpeg version 7.0.2-3ubuntu1 Copyright (c) 2000-2024 the FFmpeg developers
  built with gcc 14 (Ubuntu 14.2.0-2ubuntu1)
  configuration: --prefix=/usr --extra-version=3ubuntu1 --toolchain=hardened --libdir=/usr/lib/x86_64-linux-gnu --incdir=/usr/include/x86_64-linux-gnu --arch=amd64 --enable-gpl --disable-stripping --disable-libmfx --disable-omx --enable-gnutls --enable-libaom --enable-libass --enable-libbs2b --enable-libcdio --enable-libcodec2 --enable-libdav1d --enable-libflite --enable-libfontconfig --enable-libfreetype --enable-libfribidi --enable-libglslang --enable-libgme --enable-libgsm --enable-libharfbuzz --enable-libmp3lame --enable-libmysofa --enable-libopenjpeg --enable-libopenmpt --enable-libopus --enable-librubberband --enable-libshine --enable-libsnappy --enable-libsoxr --enable-libspeex --enable-libtheora --enable-libtwolame --enable-libvidstab --enable-libvorbis --enable-libvpx --enable-libwebp --enable-libx265 --enable-libxml2 --enable-libxvid --enable-libzimg --enable-openal --enable-opencl --enable-opengl --disable-sndio --enable-libvpl --enable-libdc1394 --enable-libdrm --enable-libiec61883 --enable-chromaprint --enable-frei0r --enable-ladspa --enable-libbluray --enable-libcaca --enable-libdvdnav --enable-libdvdread --enable-libjack --enable-libpulse --enable-librabbitmq --enable-librist --enable-libsrt --enable-libssh --enable-libsvtav1 --enable-libx264 --enable-libzmq --enable-libzvbi --enable-lv2 --enable-sdl2 --enable-libplacebo --enable-librav1e --enable-pocketsphinx --enable-librsvg --enable-libjxl --enable-shared
  libavutil      59.  8.100 / 59.  8.100
  libavcodec     61.  3.100 / 61.  3.100
  libavformat    61.  1.100 / 61.  1.100
  libavdevice    61.  1.100 / 61.  1.100
  libavfilter    10.  1.100 / 10.  1.100
  libswscale      8.  1.100 /  8.  1.100
  libswresample   5.  1.100 /  5.  1.100
  libpostproc    58.  1.100 / 58.  1.100
Input #0, concat, from '/home/marco-lasagna/Scaricati/ffmpeg-java/inputFile.txt':
  Duration: N/A, start: 0.000000, bitrate: N/A
  Stream #0:0: Video: mjpeg (Baseline), yuvj420p(pc, bt470bg/unknown/unknown), 4501x4500 [SAR 1:1 DAR 4501:4500], 25 fps, 25 tbr, 25 tbn
Stream mapping:
  Stream #0:0 -> #0:0 (mjpeg (native) -> h264 (libx264))
Press [q] to stop, [?] for help
[swscaler @ 0x749088016b00] deprecated pixel format used, make sure you did set range correctly
    Last message repeated 1 times
[swscaler @ 0x749088b407c0] deprecated pixel format used, make sure you did set range correctly
    Last message repeated 1 times
[vost#0:0/libx264 @ 0x6486bc3bdac0] No information about the input framerate is available. Falling back to a default value of 25fps. Use the -r option if you want a different framerate.
[libx264 @ 0x6486bc3b3e80] using SAR=2048/4095
[libx264 @ 0x6486bc3b3e80] using cpu capabilities: MMX2 SSE2Fast SSSE3 SSE4.2 AVX FMA3 BMI2 AVX2
[libx264 @ 0x6486bc3b3e80] profile High, level 4.0, 4:2:0, 8-bit
[libx264 @ 0x6486bc3b3e80] 264 - core 164 r3108 31e19f9 - H.264/MPEG-4 AVC codec - Copyleft 2003-2023 - http://www.videolan.org/x264.html - options: cabac=1 ref=3 deblock=1:0:0 analyse=0x3:0x113 me=hex subme=7 psy=1 psy_rd=1.00:0.00 mixed_ref=1 me_range=16 chroma_me=1 trellis=1 8x8dct=1 cqm=0 deadzone=21,11 fast_pskip=1 chroma_qp_offset=-2 threads=30 lookahead_threads=5 sliced_threads=0 nr=0 decimate=1 interlaced=0 bluray_compat=0 constrained_intra=0 bframes=3 b_pyramid=2 b_adapt=1 b_bias=0 direct=1 weightb=1 open_gop=0 weightp=2 keyint=250 keyint_min=25 scenecut=40 intra_refresh=0 rc_lookahead=40 rc=crf mbtree=1 crf=23.0 qcomp=0.60 qpmin=0 qpmax=69 qpstep=4 ip_ratio=1.40 aq=1:1.00
Output #0, mp4, to './src/test/resources/output/translation/tempVideo/330.mp4':
  Metadata:
    encoder         : Lavf61.1.100
  Stream #0:0: Video: h264 (avc1 / 0x31637661), yuvj420p(pc, progressive), 2048x1024 [SAR 4501:9000 DAR 4501:4500], q=2-31, 25 fps, 12800 tbn
      Metadata:
        encoder         : Lavc61.3.100 libx264
      Side data:
        cpb: bitrate max/min/avg: 0/0/0 buffer size: 0 vbv_delay: N/A
[out#0/mp4 @ 0x6486bc3bbb40] video:32KiB audio:0KiB subtitle:0KiB other streams:0KiB global headers:0KiB muxing overhead: 2.914819%
frame=    6 fps=0.0 q=-1.0 Lsize=      33KiB time=00:00:00.16 bitrate=1682.4kbits/s dup=0 drop=19 speed=0.647x    
[libx264 @ 0x6486bc3b3e80] frame I:1     Avg QP:18.86  size: 30203
[libx264 @ 0x6486bc3b3e80] frame P:2     Avg QP:17.95  size:   482
[libx264 @ 0x6486bc3b3e80] frame B:3     Avg QP:24.79  size:   280
[libx264 @ 0x6486bc3b3e80] consecutive B-frames: 33.3%  0.0%  0.0% 66.7%
[libx264 @ 0x6486bc3b3e80] mb I  I16..4: 13.3% 76.3% 10.4%
[libx264 @ 0x6486bc3b3e80] mb P  I16..4:  0.1%  0.1%  0.0%  P16..4:  1.3%  0.1%  0.0%  0.0%  0.0%    skip:98.4%
[libx264 @ 0x6486bc3b3e80] mb B  I16..4:  0.0%  0.0%  0.0%  B16..8:  1.2%  0.1%  0.0%  direct: 0.0%  skip:98.6%  L0:53.7% L1:44.8% BI: 1.5%
[libx264 @ 0x6486bc3b3e80] 8x8 transform intra:76.1% inter:33.7%
[libx264 @ 0x6486bc3b3e80] coded y,uvDC,uvAC intra: 6.0% 10.2% 9.1% inter: 0.1% 0.0% 0.0%
[libx264 @ 0x6486bc3b3e80] i16 v,h,dc,p: 77% 21%  1%  0%
[libx264 @ 0x6486bc3b3e80] i8 v,h,dc,ddl,ddr,vr,hd,vl,hu: 46%  8% 46%  0%  0%  0%  0%  0%  0%
[libx264 @ 0x6486bc3b3e80] i4 v,h,dc,ddl,ddr,vr,hd,vl,hu: 39% 31%  9%  4%  2%  2%  4%  4%  5%
[libx264 @ 0x6486bc3b3e80] i8c dc,h,v,p: 82%  9%  8%  1%
[libx264 @ 0x6486bc3b3e80] Weighted P-Frames: Y:0.0% UV:0.0%
[libx264 @ 0x6486bc3b3e80] ref P L0: 98.7%  0.0%  0.4%  0.8%
[libx264 @ 0x6486bc3b3e80] ref B L0: 90.1%  9.9%
[libx264 @ 0x6486bc3b3e80] ref B L1: 92.7%  7.3%
[libx264 @ 0x6486bc3b3e80] kb/s:1066.83
ffmpeg version 7.0.2-3ubuntu1 Copyright (c) 2000-2024 the FFmpeg developers
  built with gcc 14 (Ubuntu 14.2.0-2ubuntu1)
  configuration: --prefix=/usr --extra-version=3ubuntu1 --toolchain=hardened --libdir=/usr/lib/x86_64-linux-gnu --incdir=/usr/include/x86_64-linux-gnu --arch=amd64 --enable-gpl --disable-stripping --disable-libmfx --disable-omx --enable-gnutls --enable-libaom --enable-libass --enable-libbs2b --enable-libcdio --enable-libcodec2 --enable-libdav1d --enable-libflite --enable-libfontconfig --enable-libfreetype --enable-libfribidi --enable-libglslang --enable-libgme --enable-libgsm --enable-libharfbuzz --enable-libmp3lame --enable-libmysofa --enable-libopenjpeg --enable-libopenmpt --enable-libopus --enable-librubberband --enable-libshine --enable-libsnappy --enable-libsoxr --enable-libspeex --enable-libtheora --enable-libtwolame --enable-libvidstab --enable-libvorbis --enable-libvpx --enable-libwebp --enable-libx265 --enable-libxml2 --enable-libxvid --enable-libzimg --enable-openal --enable-opencl --enable-opengl --disable-sndio --enable-libvpl --enable-libdc1394 --enable-libdrm --enable-libiec61883 --enable-chromaprint --enable-frei0r --enable-ladspa --enable-libbluray --enable-libcaca --enable-libdvdnav --enable-libdvdread --enable-libjack --enable-libpulse --enable-librabbitmq --enable-librist --enable-libsrt --enable-libssh --enable-libsvtav1 --enable-libx264 --enable-libzmq --enable-libzvbi --enable-lv2 --enable-sdl2 --enable-libplacebo --enable-librav1e --enable-pocketsphinx --enable-librsvg --enable-libjxl --enable-shared
  libavutil      59.  8.100 / 59.  8.100
  libavcodec     61.  3.100 / 61.  3.100
  libavformat    61.  1.100 / 61.  1.100
  libavdevice    61.  1.100 / 61.  1.100
  libavfilter    10.  1.100 / 10.  1.100
  libswscale      8.  1.100 /  8.  1.100
  libswresample   5.  1.100 /  5.  1.100
  libpostproc    58.  1.100 / 58.  1.100
Input #0, concat, from '/home/marco-lasagna/Scaricati/ffmpeg-java/inputFile.txt':
  Duration: N/A, start: 0.000000, bitrate: N/A
  Stream #0:0: Video: mjpeg (Baseline), yuvj420p(pc, bt470bg/unknown/unknown), 4501x4500 [SAR 1:1 DAR 4501:4500], 25 fps, 25 tbr, 25 tbn
Stream mapping:
  Stream #0:0 -> #0:0 (mjpeg (native) -> h264 (libx264))
Press [q] to stop, [?] for help
[swscaler @ 0x711274016b00] deprecated pixel format used, make sure you did set range correctly
    Last message repeated 1 times
[swscaler @ 0x711274b407c0] deprecated pixel format used, make sure you did set range correctly
    Last message repeated 1 times
[vost#0:0/libx264 @ 0x5ae6f9cb5ac0] No information about the input framerate is available. Falling back to a default value of 25fps. Use the -r option if you want a different framerate.
[libx264 @ 0x5ae6f9cabe80] using SAR=2048/4095
[libx264 @ 0x5ae6f9cabe80] using cpu capabilities: MMX2 SSE2Fast SSSE3 SSE4.2 AVX FMA3 BMI2 AVX2
[libx264 @ 0x5ae6f9cabe80] profile High, level 4.0, 4:2:0, 8-bit
[libx264 @ 0x5ae6f9cabe80] 264 - core 164 r3108 31e19f9 - H.264/MPEG-4 AVC codec - Copyleft 2003-2023 - http://www.videolan.org/x264.html - options: cabac=1 ref=3 deblock=1:0:0 analyse=0x3:0x113 me=hex subme=7 psy=1 psy_rd=1.00:0.00 mixed_ref=1 me_range=16 chroma_me=1 trellis=1 8x8dct=1 cqm=0 deadzone=21,11 fast_pskip=1 chroma_qp_offset=-2 threads=30 lookahead_threads=5 sliced_threads=0 nr=0 decimate=1 interlaced=0 bluray_compat=0 constrained_intra=0 bframes=3 b_pyramid=2 b_adapt=1 b_bias=0 direct=1 weightb=1 open_gop=0 weightp=2 keyint=250 keyint_min=25 scenecut=40 intra_refresh=0 rc_lookahead=40 rc=crf mbtree=1 crf=23.0 qcomp=0.60 qpmin=0 qpmax=69 qpstep=4 ip_ratio=1.40 aq=1:1.00
Output #0, mp4, to './src/test/resources/output/translation/tempVideo/340.mp4':
  Metadata:
    encoder         : Lavf61.1.100
  Stream #0:0: Video: h264 (avc1 / 0x31637661), yuvj420p(pc, progressive), 2048x1024 [SAR 4501:9000 DAR 4501:4500], q=2-31, 25 fps, 12800 tbn
      Metadata:
        encoder         : Lavc61.3.100 libx264
      Side data:
        cpb: bitrate max/min/avg: 0/0/0 buffer size: 0 vbv_delay: N/A
[out#0/mp4 @ 0x5ae6f9cb3b40] video:32KiB audio:0KiB subtitle:0KiB other streams:0KiB global headers:0KiB muxing overhead: 2.917049%
frame=    6 fps=0.0 q=-1.0 Lsize=      33KiB time=00:00:00.16 bitrate=1681.2kbits/s dup=0 drop=19 speed=0.65x    
[libx264 @ 0x5ae6f9cabe80] frame I:1     Avg QP:18.68  size: 30241
[libx264 @ 0x5ae6f9cabe80] frame P:2     Avg QP:17.88  size:   484
[libx264 @ 0x5ae6f9cabe80] frame B:3     Avg QP:25.76  size:   257
[libx264 @ 0x5ae6f9cabe80] consecutive B-frames: 33.3%  0.0%  0.0% 66.7%
[libx264 @ 0x5ae6f9cabe80] mb I  I16..4: 25.7% 64.0% 10.4%
[libx264 @ 0x5ae6f9cabe80] mb P  I16..4:  0.1%  0.1%  0.0%  P16..4:  1.2%  0.2%  0.0%  0.0%  0.0%    skip:98.4%
[libx264 @ 0x5ae6f9cabe80] mb B  I16..4:  0.0%  0.0%  0.0%  B16..8:  1.2%  0.1%  0.0%  direct: 0.0%  skip:98.7%  L0:31.6% L1:64.8% BI: 3.6%
[libx264 @ 0x5ae6f9cabe80] 8x8 transform intra:63.9% inter:22.2%
[libx264 @ 0x5ae6f9cabe80] coded y,uvDC,uvAC intra: 6.0% 10.2% 9.1% inter: 0.1% 0.0% 0.0%
[libx264 @ 0x5ae6f9cabe80] i16 v,h,dc,p: 88% 11%  1%  0%
[libx264 @ 0x5ae6f9cabe80] i8 v,h,dc,ddl,ddr,vr,hd,vl,hu: 54% 16% 29%  0%  0%  0%  0%  0%  0%
[libx264 @ 0x5ae6f9cabe80] i4 v,h,dc,ddl,ddr,vr,hd,vl,hu: 38% 31% 10%  4%  2%  2%  4%  4%  5%
[libx264 @ 0x5ae6f9cabe80] i8c dc,h,v,p: 82%  9%  8%  1%
[libx264 @ 0x5ae6f9cabe80] Weighted P-Frames: Y:0.0% UV:0.0%
[libx264 @ 0x5ae6f9cabe80] ref P L0: 96.2%  0.8%  0.0%  2.9%
[libx264 @ 0x5ae6f9cabe80] ref B L0: 79.6% 20.4%
[libx264 @ 0x5ae6f9cabe80] ref B L1: 94.4%  5.6%
[libx264 @ 0x5ae6f9cabe80] kb/s:1066.00
ffmpeg version 7.0.2-3ubuntu1 Copyright (c) 2000-2024 the FFmpeg developers
  built with gcc 14 (Ubuntu 14.2.0-2ubuntu1)
  configuration: --prefix=/usr --extra-version=3ubuntu1 --toolchain=hardened --libdir=/usr/lib/x86_64-linux-gnu --incdir=/usr/include/x86_64-linux-gnu --arch=amd64 --enable-gpl --disable-stripping --disable-libmfx --disable-omx --enable-gnutls --enable-libaom --enable-libass --enable-libbs2b --enable-libcdio --enable-libcodec2 --enable-libdav1d --enable-libflite --enable-libfontconfig --enable-libfreetype --enable-libfribidi --enable-libglslang --enable-libgme --enable-libgsm --enable-libharfbuzz --enable-libmp3lame --enable-libmysofa --enable-libopenjpeg --enable-libopenmpt --enable-libopus --enable-librubberband --enable-libshine --enable-libsnappy --enable-libsoxr --enable-libspeex --enable-libtheora --enable-libtwolame --enable-libvidstab --enable-libvorbis --enable-libvpx --enable-libwebp --enable-libx265 --enable-libxml2 --enable-libxvid --enable-libzimg --enable-openal --enable-opencl --enable-opengl --disable-sndio --enable-libvpl --enable-libdc1394 --enable-libdrm --enable-libiec61883 --enable-chromaprint --enable-frei0r --enable-ladspa --enable-libbluray --enable-libcaca --enable-libdvdnav --enable-libdvdread --enable-libjack --enable-libpulse --enable-librabbitmq --enable-librist --enable-libsrt --enable-libssh --enable-libsvtav1 --enable-libx264 --enable-libzmq --enable-libzvbi --enable-lv2 --enable-sdl2 --enable-libplacebo --enable-librav1e --enable-pocketsphinx --enable-librsvg --enable-libjxl --enable-shared
  libavutil      59.  8.100 / 59.  8.100
  libavcodec     61.  3.100 / 61.  3.100
  libavformat    61.  1.100 / 61.  1.100
  libavdevice    61.  1.100 / 61.  1.100
  libavfilter    10.  1.100 / 10.  1.100
  libswscale      8.  1.100 /  8.  1.100
  libswresample   5.  1.100 /  5.  1.100
  libpostproc    58.  1.100 / 58.  1.100
Input #0, concat, from '/home/marco-lasagna/Scaricati/ffmpeg-java/inputFile.txt':
  Duration: N/A, start: 0.000000, bitrate: N/A
  Stream #0:0: Video: mjpeg (Baseline), yuvj420p(pc, bt470bg/unknown/unknown), 4501x4500 [SAR 1:1 DAR 4501:4500], 25 fps, 25 tbr, 25 tbn
Stream mapping:
  Stream #0:0 -> #0:0 (mjpeg (native) -> h264 (libx264))
Press [q] to stop, [?] for help
[swscaler @ 0x78f578016b00] deprecated pixel format used, make sure you did set range correctly
    Last message repeated 1 times
[swscaler @ 0x78f578b407c0] deprecated pixel format used, make sure you did set range correctly
    Last message repeated 1 times
[vost#0:0/libx264 @ 0x5f5438208ac0] No information about the input framerate is available. Falling back to a default value of 25fps. Use the -r option if you want a different framerate.
[libx264 @ 0x5f54381fee80] using SAR=2048/4095
[libx264 @ 0x5f54381fee80] using cpu capabilities: MMX2 SSE2Fast SSSE3 SSE4.2 AVX FMA3 BMI2 AVX2
[libx264 @ 0x5f54381fee80] profile High, level 4.0, 4:2:0, 8-bit
[libx264 @ 0x5f54381fee80] 264 - core 164 r3108 31e19f9 - H.264/MPEG-4 AVC codec - Copyleft 2003-2023 - http://www.videolan.org/x264.html - options: cabac=1 ref=3 deblock=1:0:0 analyse=0x3:0x113 me=hex subme=7 psy=1 psy_rd=1.00:0.00 mixed_ref=1 me_range=16 chroma_me=1 trellis=1 8x8dct=1 cqm=0 deadzone=21,11 fast_pskip=1 chroma_qp_offset=-2 threads=30 lookahead_threads=5 sliced_threads=0 nr=0 decimate=1 interlaced=0 bluray_compat=0 constrained_intra=0 bframes=3 b_pyramid=2 b_adapt=1 b_bias=0 direct=1 weightb=1 open_gop=0 weightp=2 keyint=250 keyint_min=25 scenecut=40 intra_refresh=0 rc_lookahead=40 rc=crf mbtree=1 crf=23.0 qcomp=0.60 qpmin=0 qpmax=69 qpstep=4 ip_ratio=1.40 aq=1:1.00
Output #0, mp4, to './src/test/resources/output/translation/tempVideo/350.mp4':
  Metadata:
    encoder         : Lavf61.1.100
  Stream #0:0: Video: h264 (avc1 / 0x31637661), yuvj420p(pc, progressive), 2048x1024 [SAR 4501:9000 DAR 4501:4500], q=2-31, 25 fps, 12800 tbn
      Metadata:
        encoder         : Lavc61.3.100 libx264
      Side data:
        cpb: bitrate max/min/avg: 0/0/0 buffer size: 0 vbv_delay: N/A
[out#0/mp4 @ 0x5f5438206b40] video:32KiB audio:0KiB subtitle:0KiB other streams:0KiB global headers:0KiB muxing overhead: 2.924389%
frame=    6 fps=0.0 q=-1.0 Lsize=      33KiB time=00:00:00.16 bitrate=1677.0kbits/s dup=0 drop=19 speed=0.661x    
[libx264 @ 0x5f54381fee80] frame I:1     Avg QP:18.81  size: 30195
[libx264 @ 0x5f54381fee80] frame P:2     Avg QP:19.03  size:   462
[libx264 @ 0x5f54381fee80] frame B:3     Avg QP:25.86  size:   260
[libx264 @ 0x5f54381fee80] consecutive B-frames: 33.3%  0.0%  0.0% 66.7%
[libx264 @ 0x5f54381fee80] mb I  I16..4: 26.0% 63.6% 10.4%
[libx264 @ 0x5f54381fee80] mb P  I16..4:  0.1%  0.1%  0.0%  P16..4:  1.4%  0.2%  0.0%  0.0%  0.0%    skip:98.2%
[libx264 @ 0x5f54381fee80] mb B  I16..4:  0.0%  0.0%  0.0%  B16..8:  1.3%  0.1%  0.0%  direct: 0.0%  skip:98.5%  L0:49.7% L1:48.4% BI: 1.9%
[libx264 @ 0x5f54381fee80] 8x8 transform intra:63.6% inter:29.3%
[libx264 @ 0x5f54381fee80] coded y,uvDC,uvAC intra: 6.0% 10.2% 9.1% inter: 0.1% 0.0% 0.0%
[libx264 @ 0x5f54381fee80] i16 v,h,dc,p: 88% 12%  1%  0%
[libx264 @ 0x5f54381fee80] i8 v,h,dc,ddl,ddr,vr,hd,vl,hu: 48%  5% 46%  0%  0%  0%  0%  0%  0%
[libx264 @ 0x5f54381fee80] i4 v,h,dc,ddl,ddr,vr,hd,vl,hu: 40% 30%  9%  4%  2%  2%  4%  4%  5%
[libx264 @ 0x5f54381fee80] i8c dc,h,v,p: 82%  9%  8%  1%
[libx264 @ 0x5f54381fee80] Weighted P-Frames: Y:0.0% UV:0.0%
[libx264 @ 0x5f54381fee80] ref P L0: 93.9%  0.6%  0.0%  5.6%
[libx264 @ 0x5f54381fee80] ref B L0: 79.8% 20.2%
[libx264 @ 0x5f54381fee80] ref B L1: 95.1%  4.9%
[libx264 @ 0x5f54381fee80] kb/s:1063.27
ffmpeg version 7.0.2-3ubuntu1 Copyright (c) 2000-2024 the FFmpeg developers
  built with gcc 14 (Ubuntu 14.2.0-2ubuntu1)
  configuration: --prefix=/usr --extra-version=3ubuntu1 --toolchain=hardened --libdir=/usr/lib/x86_64-linux-gnu --incdir=/usr/include/x86_64-linux-gnu --arch=amd64 --enable-gpl --disable-stripping --disable-libmfx --disable-omx --enable-gnutls --enable-libaom --enable-libass --enable-libbs2b --enable-libcdio --enable-libcodec2 --enable-libdav1d --enable-libflite --enable-libfontconfig --enable-libfreetype --enable-libfribidi --enable-libglslang --enable-libgme --enable-libgsm --enable-libharfbuzz --enable-libmp3lame --enable-libmysofa --enable-libopenjpeg --enable-libopenmpt --enable-libopus --enable-librubberband --enable-libshine --enable-libsnappy --enable-libsoxr --enable-libspeex --enable-libtheora --enable-libtwolame --enable-libvidstab --enable-libvorbis --enable-libvpx --enable-libwebp --enable-libx265 --enable-libxml2 --enable-libxvid --enable-libzimg --enable-openal --enable-opencl --enable-opengl --disable-sndio --enable-libvpl --enable-libdc1394 --enable-libdrm --enable-libiec61883 --enable-chromaprint --enable-frei0r --enable-ladspa --enable-libbluray --enable-libcaca --enable-libdvdnav --enable-libdvdread --enable-libjack --enable-libpulse --enable-librabbitmq --enable-librist --enable-libsrt --enable-libssh --enable-libsvtav1 --enable-libx264 --enable-libzmq --enable-libzvbi --enable-lv2 --enable-sdl2 --enable-libplacebo --enable-librav1e --enable-pocketsphinx --enable-librsvg --enable-libjxl --enable-shared
  libavutil      59.  8.100 / 59.  8.100
  libavcodec     61.  3.100 / 61.  3.100
  libavformat    61.  1.100 / 61.  1.100
  libavdevice    61.  1.100 / 61.  1.100
  libavfilter    10.  1.100 / 10.  1.100
  libswscale      8.  1.100 /  8.  1.100
  libswresample   5.  1.100 /  5.  1.100
  libpostproc    58.  1.100 / 58.  1.100
Input #0, concat, from '/home/marco-lasagna/Scaricati/ffmpeg-java/inputFile.txt':
  Duration: N/A, start: 0.000000, bitrate: N/A
  Stream #0:0: Video: mjpeg (Baseline), yuvj420p(pc, bt470bg/unknown/unknown), 4501x4500 [SAR 1:1 DAR 4501:4500], 25 fps, 25 tbr, 25 tbn
Stream mapping:
  Stream #0:0 -> #0:0 (mjpeg (native) -> h264 (libx264))
Press [q] to stop, [?] for help
[swscaler @ 0x72f1b4016b00] deprecated pixel format used, make sure you did set range correctly
    Last message repeated 1 times
[swscaler @ 0x72f1b4b407c0] deprecated pixel format used, make sure you did set range correctly
    Last message repeated 1 times
[vost#0:0/libx264 @ 0x61defbab2ac0] No information about the input framerate is available. Falling back to a default value of 25fps. Use the -r option if you want a different framerate.
[libx264 @ 0x61defbaa8e80] using SAR=2048/4095
[libx264 @ 0x61defbaa8e80] using cpu capabilities: MMX2 SSE2Fast SSSE3 SSE4.2 AVX FMA3 BMI2 AVX2
[libx264 @ 0x61defbaa8e80] profile High, level 4.0, 4:2:0, 8-bit
[libx264 @ 0x61defbaa8e80] 264 - core 164 r3108 31e19f9 - H.264/MPEG-4 AVC codec - Copyleft 2003-2023 - http://www.videolan.org/x264.html - options: cabac=1 ref=3 deblock=1:0:0 analyse=0x3:0x113 me=hex subme=7 psy=1 psy_rd=1.00:0.00 mixed_ref=1 me_range=16 chroma_me=1 trellis=1 8x8dct=1 cqm=0 deadzone=21,11 fast_pskip=1 chroma_qp_offset=-2 threads=30 lookahead_threads=5 sliced_threads=0 nr=0 decimate=1 interlaced=0 bluray_compat=0 constrained_intra=0 bframes=3 b_pyramid=2 b_adapt=1 b_bias=0 direct=1 weightb=1 open_gop=0 weightp=2 keyint=250 keyint_min=25 scenecut=40 intra_refresh=0 rc_lookahead=40 rc=crf mbtree=1 crf=23.0 qcomp=0.60 qpmin=0 qpmax=69 qpstep=4 ip_ratio=1.40 aq=1:1.00
Output #0, mp4, to './src/test/resources/output/translation/tempVideo/360.mp4':
  Metadata:
    encoder         : Lavf61.1.100
  Stream #0:0: Video: h264 (avc1 / 0x31637661), yuvj420p(pc, progressive), 2048x1024 [SAR 4501:9000 DAR 4501:4500], q=2-31, 25 fps, 12800 tbn
      Metadata:
        encoder         : Lavc61.3.100 libx264
      Side data:
        cpb: bitrate max/min/avg: 0/0/0 buffer size: 0 vbv_delay: N/A
[out#0/mp4 @ 0x61defbab0b40] video:32KiB audio:0KiB subtitle:0KiB other streams:0KiB global headers:0KiB muxing overhead: 2.899565%
frame=    6 fps=0.0 q=-1.0 Lsize=      33KiB time=00:00:00.16 bitrate=1691.0kbits/s dup=0 drop=19 speed=0.662x    
[libx264 @ 0x61defbaa8e80] frame I:1     Avg QP:18.83  size: 30335
[libx264 @ 0x61defbaa8e80] frame P:2     Avg QP:18.89  size:   492
[libx264 @ 0x61defbaa8e80] frame B:3     Avg QP:27.65  size:   286
[libx264 @ 0x61defbaa8e80] consecutive B-frames: 33.3%  0.0%  0.0% 66.7%
[libx264 @ 0x61defbaa8e80] mb I  I16..4: 14.0% 75.7% 10.3%
[libx264 @ 0x61defbaa8e80] mb P  I16..4:  0.1%  0.1%  0.0%  P16..4:  1.3%  0.2%  0.1%  0.0%  0.0%    skip:98.3%
[libx264 @ 0x61defbaa8e80] mb B  I16..4:  0.0%  0.0%  0.0%  B16..8:  1.6%  0.1%  0.0%  direct: 0.0%  skip:98.3%  L0:35.8% L1:62.8% BI: 1.4%
[libx264 @ 0x61defbaa8e80] 8x8 transform intra:75.6% inter:8.4%
[libx264 @ 0x61defbaa8e80] coded y,uvDC,uvAC intra: 5.9% 10.2% 9.1% inter: 0.1% 0.0% 0.0%
[libx264 @ 0x61defbaa8e80] i16 v,h,dc,p: 78% 21%  1%  0%
[libx264 @ 0x61defbaa8e80] i8 v,h,dc,ddl,ddr,vr,hd,vl,hu: 58% 11% 31%  0%  0%  0%  0%  0%  0%
[libx264 @ 0x61defbaa8e80] i4 v,h,dc,ddl,ddr,vr,hd,vl,hu: 42% 28%  8%  4%  2%  2%  4%  4%  5%
[libx264 @ 0x61defbaa8e80] i8c dc,h,v,p: 82%  9%  8%  1%
[libx264 @ 0x61defbaa8e80] Weighted P-Frames: Y:0.0% UV:0.0%
[libx264 @ 0x61defbaa8e80] ref P L0: 94.8%  0.2%  2.6%  2.3%
[libx264 @ 0x61defbaa8e80] ref B L0: 80.6% 19.4%
[libx264 @ 0x61defbaa8e80] ref B L1: 98.9%  1.1%
[libx264 @ 0x61defbaa8e80] kb/s:1072.57
ffmpeg version 7.0.2-3ubuntu1 Copyright (c) 2000-2024 the FFmpeg developers
  built with gcc 14 (Ubuntu 14.2.0-2ubuntu1)
  configuration: --prefix=/usr --extra-version=3ubuntu1 --toolchain=hardened --libdir=/usr/lib/x86_64-linux-gnu --incdir=/usr/include/x86_64-linux-gnu --arch=amd64 --enable-gpl --disable-stripping --disable-libmfx --disable-omx --enable-gnutls --enable-libaom --enable-libass --enable-libbs2b --enable-libcdio --enable-libcodec2 --enable-libdav1d --enable-libflite --enable-libfontconfig --enable-libfreetype --enable-libfribidi --enable-libglslang --enable-libgme --enable-libgsm --enable-libharfbuzz --enable-libmp3lame --enable-libmysofa --enable-libopenjpeg --enable-libopenmpt --enable-libopus --enable-librubberband --enable-libshine --enable-libsnappy --enable-libsoxr --enable-libspeex --enable-libtheora --enable-libtwolame --enable-libvidstab --enable-libvorbis --enable-libvpx --enable-libwebp --enable-libx265 --enable-libxml2 --enable-libxvid --enable-libzimg --enable-openal --enable-opencl --enable-opengl --disable-sndio --enable-libvpl --enable-libdc1394 --enable-libdrm --enable-libiec61883 --enable-chromaprint --enable-frei0r --enable-ladspa --enable-libbluray --enable-libcaca --enable-libdvdnav --enable-libdvdread --enable-libjack --enable-libpulse --enable-librabbitmq --enable-librist --enable-libsrt --enable-libssh --enable-libsvtav1 --enable-libx264 --enable-libzmq --enable-libzvbi --enable-lv2 --enable-sdl2 --enable-libplacebo --enable-librav1e --enable-pocketsphinx --enable-librsvg --enable-libjxl --enable-shared
  libavutil      59.  8.100 / 59.  8.100
  libavcodec     61.  3.100 / 61.  3.100
  libavformat    61.  1.100 / 61.  1.100
  libavdevice    61.  1.100 / 61.  1.100
  libavfilter    10.  1.100 / 10.  1.100
  libswscale      8.  1.100 /  8.  1.100
  libswresample   5.  1.100 /  5.  1.100
  libpostproc    58.  1.100 / 58.  1.100
Input #0, concat, from '/home/marco-lasagna/Scaricati/ffmpeg-java/inputFile.txt':
  Duration: N/A, start: 0.000000, bitrate: N/A
  Stream #0:0: Video: mjpeg (Baseline), yuvj420p(pc, bt470bg/unknown/unknown), 4501x4500 [SAR 1:1 DAR 4501:4500], 25 fps, 25 tbr, 25 tbn
Stream mapping:
  Stream #0:0 -> #0:0 (mjpeg (native) -> h264 (libx264))
Press [q] to stop, [?] for help
[swscaler @ 0x7319b8016b00] deprecated pixel format used, make sure you did set range correctly
    Last message repeated 1 times
[swscaler @ 0x7319b8b407c0] deprecated pixel format used, make sure you did set range correctly
    Last message repeated 1 times
[vost#0:0/libx264 @ 0x5f65c76e2ac0] No information about the input framerate is available. Falling back to a default value of 25fps. Use the -r option if you want a different framerate.
[libx264 @ 0x5f65c76d8e80] using SAR=2048/4095
[libx264 @ 0x5f65c76d8e80] using cpu capabilities: MMX2 SSE2Fast SSSE3 SSE4.2 AVX FMA3 BMI2 AVX2
[libx264 @ 0x5f65c76d8e80] profile High, level 4.0, 4:2:0, 8-bit
[libx264 @ 0x5f65c76d8e80] 264 - core 164 r3108 31e19f9 - H.264/MPEG-4 AVC codec - Copyleft 2003-2023 - http://www.videolan.org/x264.html - options: cabac=1 ref=3 deblock=1:0:0 analyse=0x3:0x113 me=hex subme=7 psy=1 psy_rd=1.00:0.00 mixed_ref=1 me_range=16 chroma_me=1 trellis=1 8x8dct=1 cqm=0 deadzone=21,11 fast_pskip=1 chroma_qp_offset=-2 threads=30 lookahead_threads=5 sliced_threads=0 nr=0 decimate=1 interlaced=0 bluray_compat=0 constrained_intra=0 bframes=3 b_pyramid=2 b_adapt=1 b_bias=0 direct=1 weightb=1 open_gop=0 weightp=2 keyint=250 keyint_min=25 scenecut=40 intra_refresh=0 rc_lookahead=40 rc=crf mbtree=1 crf=23.0 qcomp=0.60 qpmin=0 qpmax=69 qpstep=4 ip_ratio=1.40 aq=1:1.00
Output #0, mp4, to './src/test/resources/output/translation/tempVideo/370.mp4':
  Metadata:
    encoder         : Lavf61.1.100
  Stream #0:0: Video: h264 (avc1 / 0x31637661), yuvj420p(pc, progressive), 2048x1024 [SAR 4501:9000 DAR 4501:4500], q=2-31, 25 fps, 12800 tbn
      Metadata:
        encoder         : Lavc61.3.100 libx264
      Side data:
        cpb: bitrate max/min/avg: 0/0/0 buffer size: 0 vbv_delay: N/A
[out#0/mp4 @ 0x5f65c76e0b40] video:32KiB audio:0KiB subtitle:0KiB other streams:0KiB global headers:0KiB muxing overhead: 2.932398%
frame=    6 fps=0.0 q=-1.0 Lsize=      33KiB time=00:00:00.16 bitrate=1672.6kbits/s dup=0 drop=19 speed=0.655x    
[libx264 @ 0x5f65c76d8e80] frame I:1     Avg QP:18.14  size: 30180
[libx264 @ 0x5f65c76d8e80] frame P:2     Avg QP:16.10  size:   456
[libx264 @ 0x5f65c76d8e80] frame B:3     Avg QP:26.64  size:   239
[libx264 @ 0x5f65c76d8e80] consecutive B-frames: 33.3%  0.0%  0.0% 66.7%
[libx264 @ 0x5f65c76d8e80] mb I  I16..4: 14.3% 75.3% 10.4%
[libx264 @ 0x5f65c76d8e80] mb P  I16..4:  0.2%  0.1%  0.0%  P16..4:  0.5%  0.2%  0.0%  0.0%  0.0%    skip:99.1%
[libx264 @ 0x5f65c76d8e80] mb B  I16..4:  0.0%  0.0%  0.0%  B16..8:  1.1%  0.1%  0.0%  direct: 0.0%  skip:98.7%  L0:51.1% L1:46.4% BI: 2.5%
[libx264 @ 0x5f65c76d8e80] 8x8 transform intra:75.1% inter:27.6%
[libx264 @ 0x5f65c76d8e80] coded y,uvDC,uvAC intra: 6.0% 10.1% 9.1% inter: 0.1% 0.0% 0.0%
[libx264 @ 0x5f65c76d8e80] i16 v,h,dc,p: 78% 21%  1%  0%
[libx264 @ 0x5f65c76d8e80] i8 v,h,dc,ddl,ddr,vr,hd,vl,hu: 49% 15% 35%  0%  0%  0%  0%  0%  0%
[libx264 @ 0x5f65c76d8e80] i4 v,h,dc,ddl,ddr,vr,hd,vl,hu: 39% 30% 10%  4%  2%  2%  4%  4%  5%
[libx264 @ 0x5f65c76d8e80] i8c dc,h,v,p: 82%  9%  8%  1%
[libx264 @ 0x5f65c76d8e80] Weighted P-Frames: Y:0.0% UV:0.0%
[libx264 @ 0x5f65c76d8e80] ref P L0: 95.3%  0.9%  2.8%  0.9%
[libx264 @ 0x5f65c76d8e80] ref B L0: 92.3%  7.7%
[libx264 @ 0x5f65c76d8e80] ref B L1: 90.5%  9.5%
[libx264 @ 0x5f65c76d8e80] kb/s:1060.30
ffmpeg version 7.0.2-3ubuntu1 Copyright (c) 2000-2024 the FFmpeg developers
  built with gcc 14 (Ubuntu 14.2.0-2ubuntu1)
  configuration: --prefix=/usr --extra-version=3ubuntu1 --toolchain=hardened --libdir=/usr/lib/x86_64-linux-gnu --incdir=/usr/include/x86_64-linux-gnu --arch=amd64 --enable-gpl --disable-stripping --disable-libmfx --disable-omx --enable-gnutls --enable-libaom --enable-libass --enable-libbs2b --enable-libcdio --enable-libcodec2 --enable-libdav1d --enable-libflite --enable-libfontconfig --enable-libfreetype --enable-libfribidi --enable-libglslang --enable-libgme --enable-libgsm --enable-libharfbuzz --enable-libmp3lame --enable-libmysofa --enable-libopenjpeg --enable-libopenmpt --enable-libopus --enable-librubberband --enable-libshine --enable-libsnappy --enable-libsoxr --enable-libspeex --enable-libtheora --enable-libtwolame --enable-libvidstab --enable-libvorbis --enable-libvpx --enable-libwebp --enable-libx265 --enable-libxml2 --enable-libxvid --enable-libzimg --enable-openal --enable-opencl --enable-opengl --disable-sndio --enable-libvpl --enable-libdc1394 --enable-libdrm --enable-libiec61883 --enable-chromaprint --enable-frei0r --enable-ladspa --enable-libbluray --enable-libcaca --enable-libdvdnav --enable-libdvdread --enable-libjack --enable-libpulse --enable-librabbitmq --enable-librist --enable-libsrt --enable-libssh --enable-libsvtav1 --enable-libx264 --enable-libzmq --enable-libzvbi --enable-lv2 --enable-sdl2 --enable-libplacebo --enable-librav1e --enable-pocketsphinx --enable-librsvg --enable-libjxl --enable-shared
  libavutil      59.  8.100 / 59.  8.100
  libavcodec     61.  3.100 / 61.  3.100
  libavformat    61.  1.100 / 61.  1.100
  libavdevice    61.  1.100 / 61.  1.100
  libavfilter    10.  1.100 / 10.  1.100
  libswscale      8.  1.100 /  8.  1.100
  libswresample   5.  1.100 /  5.  1.100
  libpostproc    58.  1.100 / 58.  1.100
Input #0, concat, from '/home/marco-lasagna/Scaricati/ffmpeg-java/inputFile.txt':
  Duration: N/A, start: 0.000000, bitrate: N/A
  Stream #0:0: Video: mjpeg (Baseline), yuvj420p(pc, bt470bg/unknown/unknown), 4501x4500 [SAR 1:1 DAR 4501:4500], 25 fps, 25 tbr, 25 tbn
Stream mapping:
  Stream #0:0 -> #0:0 (mjpeg (native) -> h264 (libx264))
Press [q] to stop, [?] for help
[swscaler @ 0x700074016b00] deprecated pixel format used, make sure you did set range correctly
    Last message repeated 1 times
[swscaler @ 0x700074b407c0] deprecated pixel format used, make sure you did set range correctly
    Last message repeated 1 times
[vost#0:0/libx264 @ 0x644dc8f19ac0] No information about the input framerate is available. Falling back to a default value of 25fps. Use the -r option if you want a different framerate.
[libx264 @ 0x644dc8f0fe80] using SAR=2048/4095
[libx264 @ 0x644dc8f0fe80] using cpu capabilities: MMX2 SSE2Fast SSSE3 SSE4.2 AVX FMA3 BMI2 AVX2
[libx264 @ 0x644dc8f0fe80] profile High, level 4.0, 4:2:0, 8-bit
[libx264 @ 0x644dc8f0fe80] 264 - core 164 r3108 31e19f9 - H.264/MPEG-4 AVC codec - Copyleft 2003-2023 - http://www.videolan.org/x264.html - options: cabac=1 ref=3 deblock=1:0:0 analyse=0x3:0x113 me=hex subme=7 psy=1 psy_rd=1.00:0.00 mixed_ref=1 me_range=16 chroma_me=1 trellis=1 8x8dct=1 cqm=0 deadzone=21,11 fast_pskip=1 chroma_qp_offset=-2 threads=30 lookahead_threads=5 sliced_threads=0 nr=0 decimate=1 interlaced=0 bluray_compat=0 constrained_intra=0 bframes=3 b_pyramid=2 b_adapt=1 b_bias=0 direct=1 weightb=1 open_gop=0 weightp=2 keyint=250 keyint_min=25 scenecut=40 intra_refresh=0 rc_lookahead=40 rc=crf mbtree=1 crf=23.0 qcomp=0.60 qpmin=0 qpmax=69 qpstep=4 ip_ratio=1.40 aq=1:1.00
Output #0, mp4, to './src/test/resources/output/translation/tempVideo/380.mp4':
  Metadata:
    encoder         : Lavf61.1.100
  Stream #0:0: Video: h264 (avc1 / 0x31637661), yuvj420p(pc, progressive), 2048x1024 [SAR 4501:9000 DAR 4501:4500], q=2-31, 25 fps, 12800 tbn
      Metadata:
        encoder         : Lavc61.3.100 libx264
      Side data:
        cpb: bitrate max/min/avg: 0/0/0 buffer size: 0 vbv_delay: N/A
[out#0/mp4 @ 0x644dc8f17b40] video:32KiB audio:0KiB subtitle:0KiB other streams:0KiB global headers:0KiB muxing overhead: 2.918479%
frame=    6 fps=0.0 q=-1.0 Lsize=      33KiB time=00:00:00.16 bitrate=1680.3kbits/s dup=0 drop=19 speed=0.667x    
[libx264 @ 0x644dc8f0fe80] frame I:1     Avg QP:18.63  size: 30258
[libx264 @ 0x644dc8f0fe80] frame P:2     Avg QP:17.97  size:   471
[libx264 @ 0x644dc8f0fe80] frame B:3     Avg QP:25.04  size:   255
[libx264 @ 0x644dc8f0fe80] consecutive B-frames: 33.3%  0.0%  0.0% 66.7%
[libx264 @ 0x644dc8f0fe80] mb I  I16..4: 13.3% 76.3% 10.4%
[libx264 @ 0x644dc8f0fe80] mb P  I16..4:  0.1%  0.1%  0.0%  P16..4:  1.2%  0.1%  0.0%  0.0%  0.0%    skip:98.4%
[libx264 @ 0x644dc8f0fe80] mb B  I16..4:  0.0%  0.0%  0.0%  B16..8:  1.2%  0.1%  0.0%  direct: 0.0%  skip:98.6%  L0:30.9% L1:66.6% BI: 2.6%
[libx264 @ 0x644dc8f0fe80] 8x8 transform intra:76.2% inter:39.4%
[libx264 @ 0x644dc8f0fe80] coded y,uvDC,uvAC intra: 6.0% 10.2% 9.1% inter: 0.1% 0.0% 0.0%
[libx264 @ 0x644dc8f0fe80] i16 v,h,dc,p: 77% 22%  1%  0%
[libx264 @ 0x644dc8f0fe80] i8 v,h,dc,ddl,ddr,vr,hd,vl,hu: 40% 10% 49%  0%  0%  0%  0%  0%  0%
[libx264 @ 0x644dc8f0fe80] i4 v,h,dc,ddl,ddr,vr,hd,vl,hu: 38% 31%  9%  4%  2%  2%  4%  4%  5%
[libx264 @ 0x644dc8f0fe80] i8c dc,h,v,p: 82%  9%  8%  1%
[libx264 @ 0x644dc8f0fe80] Weighted P-Frames: Y:0.0% UV:0.0%
[libx264 @ 0x644dc8f0fe80] ref P L0: 96.9%  0.0%  1.5%  1.5%
[libx264 @ 0x644dc8f0fe80] ref B L0: 88.8% 11.2%
[libx264 @ 0x644dc8f0fe80] ref B L1: 93.1%  6.9%
[libx264 @ 0x644dc8f0fe80] kb/s:1065.47
ffmpeg version 7.0.2-3ubuntu1 Copyright (c) 2000-2024 the FFmpeg developers
  built with gcc 14 (Ubuntu 14.2.0-2ubuntu1)
  configuration: --prefix=/usr --extra-version=3ubuntu1 --toolchain=hardened --libdir=/usr/lib/x86_64-linux-gnu --incdir=/usr/include/x86_64-linux-gnu --arch=amd64 --enable-gpl --disable-stripping --disable-libmfx --disable-omx --enable-gnutls --enable-libaom --enable-libass --enable-libbs2b --enable-libcdio --enable-libcodec2 --enable-libdav1d --enable-libflite --enable-libfontconfig --enable-libfreetype --enable-libfribidi --enable-libglslang --enable-libgme --enable-libgsm --enable-libharfbuzz --enable-libmp3lame --enable-libmysofa --enable-libopenjpeg --enable-libopenmpt --enable-libopus --enable-librubberband --enable-libshine --enable-libsnappy --enable-libsoxr --enable-libspeex --enable-libtheora --enable-libtwolame --enable-libvidstab --enable-libvorbis --enable-libvpx --enable-libwebp --enable-libx265 --enable-libxml2 --enable-libxvid --enable-libzimg --enable-openal --enable-opencl --enable-opengl --disable-sndio --enable-libvpl --enable-libdc1394 --enable-libdrm --enable-libiec61883 --enable-chromaprint --enable-frei0r --enable-ladspa --enable-libbluray --enable-libcaca --enable-libdvdnav --enable-libdvdread --enable-libjack --enable-libpulse --enable-librabbitmq --enable-librist --enable-libsrt --enable-libssh --enable-libsvtav1 --enable-libx264 --enable-libzmq --enable-libzvbi --enable-lv2 --enable-sdl2 --enable-libplacebo --enable-librav1e --enable-pocketsphinx --enable-librsvg --enable-libjxl --enable-shared
  libavutil      59.  8.100 / 59.  8.100
  libavcodec     61.  3.100 / 61.  3.100
  libavformat    61.  1.100 / 61.  1.100
  libavdevice    61.  1.100 / 61.  1.100
  libavfilter    10.  1.100 / 10.  1.100
  libswscale      8.  1.100 /  8.  1.100
  libswresample   5.  1.100 /  5.  1.100
  libpostproc    58.  1.100 / 58.  1.100
Input #0, concat, from '/home/marco-lasagna/Scaricati/ffmpeg-java/inputFile.txt':
  Duration: N/A, start: 0.000000, bitrate: N/A
  Stream #0:0: Video: mjpeg (Baseline), yuvj420p(pc, bt470bg/unknown/unknown), 4501x4500 [SAR 1:1 DAR 4501:4500], 25 fps, 25 tbr, 25 tbn
Stream mapping:
  Stream #0:0 -> #0:0 (mjpeg (native) -> h264 (libx264))
Press [q] to stop, [?] for help
[swscaler @ 0x759b98016b00] deprecated pixel format used, make sure you did set range correctly
    Last message repeated 1 times
[swscaler @ 0x759b98b407c0] deprecated pixel format used, make sure you did set range correctly
    Last message repeated 1 times
[vost#0:0/libx264 @ 0x570b069bdac0] No information about the input framerate is available. Falling back to a default value of 25fps. Use the -r option if you want a different framerate.
[libx264 @ 0x570b069b3e80] using SAR=2048/4095
[libx264 @ 0x570b069b3e80] using cpu capabilities: MMX2 SSE2Fast SSSE3 SSE4.2 AVX FMA3 BMI2 AVX2
[libx264 @ 0x570b069b3e80] profile High, level 4.0, 4:2:0, 8-bit
[libx264 @ 0x570b069b3e80] 264 - core 164 r3108 31e19f9 - H.264/MPEG-4 AVC codec - Copyleft 2003-2023 - http://www.videolan.org/x264.html - options: cabac=1 ref=3 deblock=1:0:0 analyse=0x3:0x113 me=hex subme=7 psy=1 psy_rd=1.00:0.00 mixed_ref=1 me_range=16 chroma_me=1 trellis=1 8x8dct=1 cqm=0 deadzone=21,11 fast_pskip=1 chroma_qp_offset=-2 threads=30 lookahead_threads=5 sliced_threads=0 nr=0 decimate=1 interlaced=0 bluray_compat=0 constrained_intra=0 bframes=3 b_pyramid=2 b_adapt=1 b_bias=0 direct=1 weightb=1 open_gop=0 weightp=2 keyint=250 keyint_min=25 scenecut=40 intra_refresh=0 rc_lookahead=40 rc=crf mbtree=1 crf=23.0 qcomp=0.60 qpmin=0 qpmax=69 qpstep=4 ip_ratio=1.40 aq=1:1.00
Output #0, mp4, to './src/test/resources/output/translation/tempVideo/390.mp4':
  Metadata:
    encoder         : Lavf61.1.100
  Stream #0:0: Video: h264 (avc1 / 0x31637661), yuvj420p(pc, progressive), 2048x1024 [SAR 4501:9000 DAR 4501:4500], q=2-31, 25 fps, 12800 tbn
      Metadata:
        encoder         : Lavc61.3.100 libx264
      Side data:
        cpb: bitrate max/min/avg: 0/0/0 buffer size: 0 vbv_delay: N/A
[out#0/mp4 @ 0x570b069bbb40] video:32KiB audio:0KiB subtitle:0KiB other streams:0KiB global headers:0KiB muxing overhead: 2.925556%
frame=    6 fps=0.0 q=-1.0 Lsize=      33KiB time=00:00:00.16 bitrate=1676.4kbits/s dup=0 drop=19 speed=0.663x    
[libx264 @ 0x570b069b3e80] frame I:1     Avg QP:18.15  size: 30226
[libx264 @ 0x570b069b3e80] frame P:2     Avg QP:18.00  size:   450
[libx264 @ 0x570b069b3e80] frame B:3     Avg QP:32.32  size:   253
[libx264 @ 0x570b069b3e80] consecutive B-frames: 33.3%  0.0%  0.0% 66.7%
[libx264 @ 0x570b069b3e80] mb I  I16..4: 14.3% 75.4% 10.3%
[libx264 @ 0x570b069b3e80] mb P  I16..4:  0.1%  0.1%  0.0%  P16..4:  1.1%  0.2%  0.0%  0.0%  0.0%    skip:98.4%
[libx264 @ 0x570b069b3e80] mb B  I16..4:  0.0%  0.0%  0.0%  B16..8:  1.2%  0.1%  0.0%  direct: 0.0%  skip:98.7%  L0:26.9% L1:70.8% BI: 2.3%
[libx264 @ 0x570b069b3e80] 8x8 transform intra:75.4% inter:27.0%
[libx264 @ 0x570b069b3e80] coded y,uvDC,uvAC intra: 6.0% 10.1% 9.1% inter: 0.1% 0.0% 0.0%
[libx264 @ 0x570b069b3e80] i16 v,h,dc,p: 79% 20%  1%  0%
[libx264 @ 0x570b069b3e80] i8 v,h,dc,ddl,ddr,vr,hd,vl,hu: 53% 12% 35%  0%  0%  0%  0%  0%  0%
[libx264 @ 0x570b069b3e80] i4 v,h,dc,ddl,ddr,vr,hd,vl,hu: 38% 30% 10%  4%  2%  2%  4%  4%  5%
[libx264 @ 0x570b069b3e80] i8c dc,h,v,p: 82%  9%  8%  1%
[libx264 @ 0x570b069b3e80] Weighted P-Frames: Y:0.0% UV:0.0%
[libx264 @ 0x570b069b3e80] ref P L0: 96.4%  0.0%  0.5%  3.1%
[libx264 @ 0x570b069b3e80] ref B L0: 81.9% 18.1%
[libx264 @ 0x570b069b3e80] ref B L1: 95.2%  4.8%
[libx264 @ 0x570b069b3e80] kb/s:1062.83
ffmpeg version 7.0.2-3ubuntu1 Copyright (c) 2000-2024 the FFmpeg developers
  built with gcc 14 (Ubuntu 14.2.0-2ubuntu1)
  configuration: --prefix=/usr --extra-version=3ubuntu1 --toolchain=hardened --libdir=/usr/lib/x86_64-linux-gnu --incdir=/usr/include/x86_64-linux-gnu --arch=amd64 --enable-gpl --disable-stripping --disable-libmfx --disable-omx --enable-gnutls --enable-libaom --enable-libass --enable-libbs2b --enable-libcdio --enable-libcodec2 --enable-libdav1d --enable-libflite --enable-libfontconfig --enable-libfreetype --enable-libfribidi --enable-libglslang --enable-libgme --enable-libgsm --enable-libharfbuzz --enable-libmp3lame --enable-libmysofa --enable-libopenjpeg --enable-libopenmpt --enable-libopus --enable-librubberband --enable-libshine --enable-libsnappy --enable-libsoxr --enable-libspeex --enable-libtheora --enable-libtwolame --enable-libvidstab --enable-libvorbis --enable-libvpx --enable-libwebp --enable-libx265 --enable-libxml2 --enable-libxvid --enable-libzimg --enable-openal --enable-opencl --enable-opengl --disable-sndio --enable-libvpl --enable-libdc1394 --enable-libdrm --enable-libiec61883 --enable-chromaprint --enable-frei0r --enable-ladspa --enable-libbluray --enable-libcaca --enable-libdvdnav --enable-libdvdread --enable-libjack --enable-libpulse --enable-librabbitmq --enable-librist --enable-libsrt --enable-libssh --enable-libsvtav1 --enable-libx264 --enable-libzmq --enable-libzvbi --enable-lv2 --enable-sdl2 --enable-libplacebo --enable-librav1e --enable-pocketsphinx --enable-librsvg --enable-libjxl --enable-shared
  libavutil      59.  8.100 / 59.  8.100
  libavcodec     61.  3.100 / 61.  3.100
  libavformat    61.  1.100 / 61.  1.100
  libavdevice    61.  1.100 / 61.  1.100
  libavfilter    10.  1.100 / 10.  1.100
  libswscale      8.  1.100 /  8.  1.100
  libswresample   5.  1.100 /  5.  1.100
  libpostproc    58.  1.100 / 58.  1.100
Input #0, concat, from '/home/marco-lasagna/Scaricati/ffmpeg-java/inputFile.txt':
  Duration: N/A, start: 0.000000, bitrate: N/A
  Stream #0:0: Video: mjpeg (Baseline), yuvj420p(pc, bt470bg/unknown/unknown), 4501x4500 [SAR 1:1 DAR 4501:4500], 25 fps, 25 tbr, 25 tbn
Stream mapping:
  Stream #0:0 -> #0:0 (mjpeg (native) -> h264 (libx264))
Press [q] to stop, [?] for help
[swscaler @ 0x71ec70016b00] deprecated pixel format used, make sure you did set range correctly
    Last message repeated 1 times
[swscaler @ 0x71ec70b407c0] deprecated pixel format used, make sure you did set range correctly
    Last message repeated 1 times
[vost#0:0/libx264 @ 0x5e37f3f5dac0] No information about the input framerate is available. Falling back to a default value of 25fps. Use the -r option if you want a different framerate.
[libx264 @ 0x5e37f3f53e80] using SAR=2048/4095
[libx264 @ 0x5e37f3f53e80] using cpu capabilities: MMX2 SSE2Fast SSSE3 SSE4.2 AVX FMA3 BMI2 AVX2
[libx264 @ 0x5e37f3f53e80] profile High, level 4.0, 4:2:0, 8-bit
[libx264 @ 0x5e37f3f53e80] 264 - core 164 r3108 31e19f9 - H.264/MPEG-4 AVC codec - Copyleft 2003-2023 - http://www.videolan.org/x264.html - options: cabac=1 ref=3 deblock=1:0:0 analyse=0x3:0x113 me=hex subme=7 psy=1 psy_rd=1.00:0.00 mixed_ref=1 me_range=16 chroma_me=1 trellis=1 8x8dct=1 cqm=0 deadzone=21,11 fast_pskip=1 chroma_qp_offset=-2 threads=30 lookahead_threads=5 sliced_threads=0 nr=0 decimate=1 interlaced=0 bluray_compat=0 constrained_intra=0 bframes=3 b_pyramid=2 b_adapt=1 b_bias=0 direct=1 weightb=1 open_gop=0 weightp=2 keyint=250 keyint_min=25 scenecut=40 intra_refresh=0 rc_lookahead=40 rc=crf mbtree=1 crf=23.0 qcomp=0.60 qpmin=0 qpmax=69 qpstep=4 ip_ratio=1.40 aq=1:1.00
Output #0, mp4, to './src/test/resources/output/translation/tempVideo/400.mp4':
  Metadata:
    encoder         : Lavf61.1.100
  Stream #0:0: Video: h264 (avc1 / 0x31637661), yuvj420p(pc, progressive), 2048x1024 [SAR 4501:9000 DAR 4501:4500], q=2-31, 25 fps, 12800 tbn
      Metadata:
        encoder         : Lavc61.3.100 libx264
      Side data:
        cpb: bitrate max/min/avg: 0/0/0 buffer size: 0 vbv_delay: N/A
[out#0/mp4 @ 0x5e37f3f5bb40] video:32KiB audio:0KiB subtitle:0KiB other streams:0KiB global headers:0KiB muxing overhead: 2.912681%
frame=    6 fps=0.0 q=-1.0 Lsize=      33KiB time=00:00:00.16 bitrate=1683.6kbits/s dup=0 drop=19 speed=0.669x    
[libx264 @ 0x5e37f3f53e80] frame I:1     Avg QP:18.49  size: 30219
[libx264 @ 0x5e37f3f53e80] frame P:2     Avg QP:19.23  size:   507
[libx264 @ 0x5e37f3f53e80] frame B:3     Avg QP:26.58  size:   265
[libx264 @ 0x5e37f3f53e80] consecutive B-frames: 33.3%  0.0%  0.0% 66.7%
[libx264 @ 0x5e37f3f53e80] mb I  I16..4: 26.0% 63.6% 10.3%
[libx264 @ 0x5e37f3f53e80] mb P  I16..4:  0.1%  0.1%  0.0%  P16..4:  1.2%  0.2%  0.1%  0.0%  0.0%    skip:98.3%
[libx264 @ 0x5e37f3f53e80] mb B  I16..4:  0.0%  0.0%  0.0%  B16..8:  1.2%  0.1%  0.0%  direct: 0.0%  skip:98.6%  L0:58.0% L1:40.3% BI: 1.7%
[libx264 @ 0x5e37f3f53e80] 8x8 transform intra:63.6% inter:26.8%
[libx264 @ 0x5e37f3f53e80] coded y,uvDC,uvAC intra: 5.9% 10.2% 9.1% inter: 0.1% 0.0% 0.0%
[libx264 @ 0x5e37f3f53e80] i16 v,h,dc,p: 88% 12%  1%  0%
[libx264 @ 0x5e37f3f53e80] i8 v,h,dc,ddl,ddr,vr,hd,vl,hu: 46%  8% 46%  0%  0%  0%  0%  0%  0%
[libx264 @ 0x5e37f3f53e80] i4 v,h,dc,ddl,ddr,vr,hd,vl,hu: 39% 31%  9%  4%  2%  2%  4%  4%  5%
[libx264 @ 0x5e37f3f53e80] i8c dc,h,v,p: 82%  9%  8%  1%
[libx264 @ 0x5e37f3f53e80] Weighted P-Frames: Y:0.0% UV:0.0%
[libx264 @ 0x5e37f3f53e80] ref P L0: 94.9%  0.4%  0.9%  3.8%
[libx264 @ 0x5e37f3f53e80] ref B L0: 92.0%  8.0%
[libx264 @ 0x5e37f3f53e80] ref B L1: 93.4%  6.6%
[libx264 @ 0x5e37f3f53e80] kb/s:1067.63
ffmpeg version 7.0.2-3ubuntu1 Copyright (c) 2000-2024 the FFmpeg developers
  built with gcc 14 (Ubuntu 14.2.0-2ubuntu1)
  configuration: --prefix=/usr --extra-version=3ubuntu1 --toolchain=hardened --libdir=/usr/lib/x86_64-linux-gnu --incdir=/usr/include/x86_64-linux-gnu --arch=amd64 --enable-gpl --disable-stripping --disable-libmfx --disable-omx --enable-gnutls --enable-libaom --enable-libass --enable-libbs2b --enable-libcdio --enable-libcodec2 --enable-libdav1d --enable-libflite --enable-libfontconfig --enable-libfreetype --enable-libfribidi --enable-libglslang --enable-libgme --enable-libgsm --enable-libharfbuzz --enable-libmp3lame --enable-libmysofa --enable-libopenjpeg --enable-libopenmpt --enable-libopus --enable-librubberband --enable-libshine --enable-libsnappy --enable-libsoxr --enable-libspeex --enable-libtheora --enable-libtwolame --enable-libvidstab --enable-libvorbis --enable-libvpx --enable-libwebp --enable-libx265 --enable-libxml2 --enable-libxvid --enable-libzimg --enable-openal --enable-opencl --enable-opengl --disable-sndio --enable-libvpl --enable-libdc1394 --enable-libdrm --enable-libiec61883 --enable-chromaprint --enable-frei0r --enable-ladspa --enable-libbluray --enable-libcaca --enable-libdvdnav --enable-libdvdread --enable-libjack --enable-libpulse --enable-librabbitmq --enable-librist --enable-libsrt --enable-libssh --enable-libsvtav1 --enable-libx264 --enable-libzmq --enable-libzvbi --enable-lv2 --enable-sdl2 --enable-libplacebo --enable-librav1e --enable-pocketsphinx --enable-librsvg --enable-libjxl --enable-shared
  libavutil      59.  8.100 / 59.  8.100
  libavcodec     61.  3.100 / 61.  3.100
  libavformat    61.  1.100 / 61.  1.100
  libavdevice    61.  1.100 / 61.  1.100
  libavfilter    10.  1.100 / 10.  1.100
  libswscale      8.  1.100 /  8.  1.100
  libswresample   5.  1.100 /  5.  1.100
  libpostproc    58.  1.100 / 58.  1.100
Input #0, concat, from '/home/marco-lasagna/Scaricati/ffmpeg-java/inputFile.txt':
  Duration: N/A, start: 0.000000, bitrate: N/A
  Stream #0:0: Video: mjpeg (Baseline), yuvj420p(pc, bt470bg/unknown/unknown), 4501x4500 [SAR 1:1 DAR 4501:4500], 25 fps, 25 tbr, 25 tbn
Stream mapping:
  Stream #0:0 -> #0:0 (mjpeg (native) -> h264 (libx264))
Press [q] to stop, [?] for help
[swscaler @ 0x756f5c016b00] deprecated pixel format used, make sure you did set range correctly
    Last message repeated 1 times
[swscaler @ 0x756f5cb407c0] deprecated pixel format used, make sure you did set range correctly
    Last message repeated 1 times
[vost#0:0/libx264 @ 0x5badbc18cac0] No information about the input framerate is available. Falling back to a default value of 25fps. Use the -r option if you want a different framerate.
[libx264 @ 0x5badbc182e80] using SAR=2048/4095
[libx264 @ 0x5badbc182e80] using cpu capabilities: MMX2 SSE2Fast SSSE3 SSE4.2 AVX FMA3 BMI2 AVX2
[libx264 @ 0x5badbc182e80] profile High, level 4.0, 4:2:0, 8-bit
[libx264 @ 0x5badbc182e80] 264 - core 164 r3108 31e19f9 - H.264/MPEG-4 AVC codec - Copyleft 2003-2023 - http://www.videolan.org/x264.html - options: cabac=1 ref=3 deblock=1:0:0 analyse=0x3:0x113 me=hex subme=7 psy=1 psy_rd=1.00:0.00 mixed_ref=1 me_range=16 chroma_me=1 trellis=1 8x8dct=1 cqm=0 deadzone=21,11 fast_pskip=1 chroma_qp_offset=-2 threads=30 lookahead_threads=5 sliced_threads=0 nr=0 decimate=1 interlaced=0 bluray_compat=0 constrained_intra=0 bframes=3 b_pyramid=2 b_adapt=1 b_bias=0 direct=1 weightb=1 open_gop=0 weightp=2 keyint=250 keyint_min=25 scenecut=40 intra_refresh=0 rc_lookahead=40 rc=crf mbtree=1 crf=23.0 qcomp=0.60 qpmin=0 qpmax=69 qpstep=4 ip_ratio=1.40 aq=1:1.00
Output #0, mp4, to './src/test/resources/output/translation/tempVideo/410.mp4':
  Metadata:
    encoder         : Lavf61.1.100
  Stream #0:0: Video: h264 (avc1 / 0x31637661), yuvj420p(pc, progressive), 2048x1024 [SAR 4501:9000 DAR 4501:4500], q=2-31, 25 fps, 12800 tbn
      Metadata:
        encoder         : Lavc61.3.100 libx264
      Side data:
        cpb: bitrate max/min/avg: 0/0/0 buffer size: 0 vbv_delay: N/A
[out#0/mp4 @ 0x5badbc18ab40] video:32KiB audio:0KiB subtitle:0KiB other streams:0KiB global headers:0KiB muxing overhead: 2.914640%
frame=    6 fps=0.0 q=-1.0 Lsize=      33KiB time=00:00:00.16 bitrate=1682.5kbits/s dup=0 drop=19 speed=0.655x    
[libx264 @ 0x5badbc182e80] frame I:1     Avg QP:18.49  size: 30228
[libx264 @ 0x5badbc182e80] frame P:2     Avg QP:18.07  size:   480
[libx264 @ 0x5badbc182e80] frame B:3     Avg QP:25.53  size:   273
[libx264 @ 0x5badbc182e80] consecutive B-frames: 33.3%  0.0%  0.0% 66.7%
[libx264 @ 0x5badbc182e80] mb I  I16..4: 26.0% 63.6% 10.4%
[libx264 @ 0x5badbc182e80] mb P  I16..4:  0.1%  0.1%  0.0%  P16..4:  1.2%  0.3%  0.0%  0.0%  0.0%    skip:98.3%
[libx264 @ 0x5badbc182e80] mb B  I16..4:  0.0%  0.0%  0.0%  B16..8:  1.3%  0.1%  0.0%  direct: 0.0%  skip:98.5%  L0:28.6% L1:69.9% BI: 1.6%
[libx264 @ 0x5badbc182e80] 8x8 transform intra:63.6% inter:20.5%
[libx264 @ 0x5badbc182e80] coded y,uvDC,uvAC intra: 5.9% 10.2% 9.1% inter: 0.1% 0.0% 0.0%
[libx264 @ 0x5badbc182e80] i16 v,h,dc,p: 88% 11%  1%  0%
[libx264 @ 0x5badbc182e80] i8 v,h,dc,ddl,ddr,vr,hd,vl,hu: 49%  5% 46%  0%  0%  0%  0%  0%  0%
[libx264 @ 0x5badbc182e80] i4 v,h,dc,ddl,ddr,vr,hd,vl,hu: 40% 30%  9%  4%  2%  2%  4%  4%  5%
[libx264 @ 0x5badbc182e80] i8c dc,h,v,p: 82%  9%  8%  1%
[libx264 @ 0x5badbc182e80] Weighted P-Frames: Y:0.0% UV:0.0%
[libx264 @ 0x5badbc182e80] ref P L0: 97.9%  0.0%  0.8%  1.2%
[libx264 @ 0x5badbc182e80] ref B L0: 90.5%  9.5%
[libx264 @ 0x5badbc182e80] ref B L1: 94.8%  5.2%
[libx264 @ 0x5badbc182e80] kb/s:1066.90
ffmpeg version 7.0.2-3ubuntu1 Copyright (c) 2000-2024 the FFmpeg developers
  built with gcc 14 (Ubuntu 14.2.0-2ubuntu1)
  configuration: --prefix=/usr --extra-version=3ubuntu1 --toolchain=hardened --libdir=/usr/lib/x86_64-linux-gnu --incdir=/usr/include/x86_64-linux-gnu --arch=amd64 --enable-gpl --disable-stripping --disable-libmfx --disable-omx --enable-gnutls --enable-libaom --enable-libass --enable-libbs2b --enable-libcdio --enable-libcodec2 --enable-libdav1d --enable-libflite --enable-libfontconfig --enable-libfreetype --enable-libfribidi --enable-libglslang --enable-libgme --enable-libgsm --enable-libharfbuzz --enable-libmp3lame --enable-libmysofa --enable-libopenjpeg --enable-libopenmpt --enable-libopus --enable-librubberband --enable-libshine --enable-libsnappy --enable-libsoxr --enable-libspeex --enable-libtheora --enable-libtwolame --enable-libvidstab --enable-libvorbis --enable-libvpx --enable-libwebp --enable-libx265 --enable-libxml2 --enable-libxvid --enable-libzimg --enable-openal --enable-opencl --enable-opengl --disable-sndio --enable-libvpl --enable-libdc1394 --enable-libdrm --enable-libiec61883 --enable-chromaprint --enable-frei0r --enable-ladspa --enable-libbluray --enable-libcaca --enable-libdvdnav --enable-libdvdread --enable-libjack --enable-libpulse --enable-librabbitmq --enable-librist --enable-libsrt --enable-libssh --enable-libsvtav1 --enable-libx264 --enable-libzmq --enable-libzvbi --enable-lv2 --enable-sdl2 --enable-libplacebo --enable-librav1e --enable-pocketsphinx --enable-librsvg --enable-libjxl --enable-shared
  libavutil      59.  8.100 / 59.  8.100
  libavcodec     61.  3.100 / 61.  3.100
  libavformat    61.  1.100 / 61.  1.100
  libavdevice    61.  1.100 / 61.  1.100
  libavfilter    10.  1.100 / 10.  1.100
  libswscale      8.  1.100 /  8.  1.100
  libswresample   5.  1.100 /  5.  1.100
  libpostproc    58.  1.100 / 58.  1.100
Input #0, concat, from '/home/marco-lasagna/Scaricati/ffmpeg-java/inputFile.txt':
  Duration: N/A, start: 0.000000, bitrate: N/A
  Stream #0:0: Video: mjpeg (Baseline), yuvj420p(pc, bt470bg/unknown/unknown), 4501x4500 [SAR 1:1 DAR 4501:4500], 25 fps, 25 tbr, 25 tbn
Stream mapping:
  Stream #0:0 -> #0:0 (mjpeg (native) -> h264 (libx264))
Press [q] to stop, [?] for help
[swscaler @ 0x7534dc016b00] deprecated pixel format used, make sure you did set range correctly
    Last message repeated 1 times
[swscaler @ 0x7534dcb407c0] deprecated pixel format used, make sure you did set range correctly
    Last message repeated 1 times
[vost#0:0/libx264 @ 0x61470711cac0] No information about the input framerate is available. Falling back to a default value of 25fps. Use the -r option if you want a different framerate.
[libx264 @ 0x614707112e80] using SAR=2048/4095
[libx264 @ 0x614707112e80] using cpu capabilities: MMX2 SSE2Fast SSSE3 SSE4.2 AVX FMA3 BMI2 AVX2
[libx264 @ 0x614707112e80] profile High, level 4.0, 4:2:0, 8-bit
[libx264 @ 0x614707112e80] 264 - core 164 r3108 31e19f9 - H.264/MPEG-4 AVC codec - Copyleft 2003-2023 - http://www.videolan.org/x264.html - options: cabac=1 ref=3 deblock=1:0:0 analyse=0x3:0x113 me=hex subme=7 psy=1 psy_rd=1.00:0.00 mixed_ref=1 me_range=16 chroma_me=1 trellis=1 8x8dct=1 cqm=0 deadzone=21,11 fast_pskip=1 chroma_qp_offset=-2 threads=30 lookahead_threads=5 sliced_threads=0 nr=0 decimate=1 interlaced=0 bluray_compat=0 constrained_intra=0 bframes=3 b_pyramid=2 b_adapt=1 b_bias=0 direct=1 weightb=1 open_gop=0 weightp=2 keyint=250 keyint_min=25 scenecut=40 intra_refresh=0 rc_lookahead=40 rc=crf mbtree=1 crf=23.0 qcomp=0.60 qpmin=0 qpmax=69 qpstep=4 ip_ratio=1.40 aq=1:1.00
Output #0, mp4, to './src/test/resources/output/translation/tempVideo/420.mp4':
  Metadata:
    encoder         : Lavf61.1.100
  Stream #0:0: Video: h264 (avc1 / 0x31637661), yuvj420p(pc, progressive), 2048x1024 [SAR 4501:9000 DAR 4501:4500], q=2-31, 25 fps, 12800 tbn
      Metadata:
        encoder         : Lavc61.3.100 libx264
      Side data:
        cpb: bitrate max/min/avg: 0/0/0 buffer size: 0 vbv_delay: N/A
[out#0/mp4 @ 0x61470711ab40] video:32KiB audio:0KiB subtitle:0KiB other streams:0KiB global headers:0KiB muxing overhead: 2.918389%
frame=    6 fps=0.0 q=-1.0 Lsize=      33KiB time=00:00:00.16 bitrate=1680.4kbits/s dup=0 drop=19 speed=0.661x    
[libx264 @ 0x614707112e80] frame I:1     Avg QP:18.52  size: 30182
[libx264 @ 0x614707112e80] frame P:2     Avg QP:18.21  size:   502
[libx264 @ 0x614707112e80] frame B:3     Avg QP:26.38  size:   260
[libx264 @ 0x614707112e80] consecutive B-frames: 33.3%  0.0%  0.0% 66.7%
[libx264 @ 0x614707112e80] mb I  I16..4: 14.2% 75.5% 10.3%
[libx264 @ 0x614707112e80] mb P  I16..4:  0.1%  0.1%  0.0%  P16..4:  1.1%  0.3%  0.1%  0.0%  0.0%    skip:98.3%
[libx264 @ 0x614707112e80] mb B  I16..4:  0.0%  0.0%  0.0%  B16..8:  1.1%  0.1%  0.0%  direct: 0.0%  skip:98.7%  L0:54.5% L1:42.1% BI: 3.4%
[libx264 @ 0x614707112e80] 8x8 transform intra:75.4% inter:37.2%
[libx264 @ 0x614707112e80] coded y,uvDC,uvAC intra: 5.9% 10.2% 9.1% inter: 0.1% 0.0% 0.0%
[libx264 @ 0x614707112e80] i16 v,h,dc,p: 78% 20%  1%  0%
[libx264 @ 0x614707112e80] i8 v,h,dc,ddl,ddr,vr,hd,vl,hu: 57% 11% 32%  0%  0%  0%  0%  0%  0%
[libx264 @ 0x614707112e80] i4 v,h,dc,ddl,ddr,vr,hd,vl,hu: 39% 30% 10%  4%  2%  2%  4%  4%  5%
[libx264 @ 0x614707112e80] i8c dc,h,v,p: 82%  9%  8%  1%
[libx264 @ 0x614707112e80] Weighted P-Frames: Y:0.0% UV:0.0%
[libx264 @ 0x614707112e80] ref P L0: 95.9%  0.0%  0.8%  3.3%
[libx264 @ 0x614707112e80] ref B L0: 92.8%  7.2%
[libx264 @ 0x614707112e80] ref B L1: 92.0%  8.0%
[libx264 @ 0x614707112e80] kb/s:1065.50
ffmpeg version 7.0.2-3ubuntu1 Copyright (c) 2000-2024 the FFmpeg developers
  built with gcc 14 (Ubuntu 14.2.0-2ubuntu1)
  configuration: --prefix=/usr --extra-version=3ubuntu1 --toolchain=hardened --libdir=/usr/lib/x86_64-linux-gnu --incdir=/usr/include/x86_64-linux-gnu --arch=amd64 --enable-gpl --disable-stripping --disable-libmfx --disable-omx --enable-gnutls --enable-libaom --enable-libass --enable-libbs2b --enable-libcdio --enable-libcodec2 --enable-libdav1d --enable-libflite --enable-libfontconfig --enable-libfreetype --enable-libfribidi --enable-libglslang --enable-libgme --enable-libgsm --enable-libharfbuzz --enable-libmp3lame --enable-libmysofa --enable-libopenjpeg --enable-libopenmpt --enable-libopus --enable-librubberband --enable-libshine --enable-libsnappy --enable-libsoxr --enable-libspeex --enable-libtheora --enable-libtwolame --enable-libvidstab --enable-libvorbis --enable-libvpx --enable-libwebp --enable-libx265 --enable-libxml2 --enable-libxvid --enable-libzimg --enable-openal --enable-opencl --enable-opengl --disable-sndio --enable-libvpl --enable-libdc1394 --enable-libdrm --enable-libiec61883 --enable-chromaprint --enable-frei0r --enable-ladspa --enable-libbluray --enable-libcaca --enable-libdvdnav --enable-libdvdread --enable-libjack --enable-libpulse --enable-librabbitmq --enable-librist --enable-libsrt --enable-libssh --enable-libsvtav1 --enable-libx264 --enable-libzmq --enable-libzvbi --enable-lv2 --enable-sdl2 --enable-libplacebo --enable-librav1e --enable-pocketsphinx --enable-librsvg --enable-libjxl --enable-shared
  libavutil      59.  8.100 / 59.  8.100
  libavcodec     61.  3.100 / 61.  3.100
  libavformat    61.  1.100 / 61.  1.100
  libavdevice    61.  1.100 / 61.  1.100
  libavfilter    10.  1.100 / 10.  1.100
  libswscale      8.  1.100 /  8.  1.100
  libswresample   5.  1.100 /  5.  1.100
  libpostproc    58.  1.100 / 58.  1.100
Input #0, concat, from '/home/marco-lasagna/Scaricati/ffmpeg-java/inputFile.txt':
  Duration: N/A, start: 0.000000, bitrate: N/A
  Stream #0:0: Video: mjpeg (Baseline), yuvj420p(pc, bt470bg/unknown/unknown), 4501x4500 [SAR 1:1 DAR 4501:4500], 25 fps, 25 tbr, 25 tbn
Stream mapping:
  Stream #0:0 -> #0:0 (mjpeg (native) -> h264 (libx264))
Press [q] to stop, [?] for help
[swscaler @ 0x7eb190016b00] deprecated pixel format used, make sure you did set range correctly
    Last message repeated 1 times
[swscaler @ 0x7eb190b407c0] deprecated pixel format used, make sure you did set range correctly
    Last message repeated 1 times
[vost#0:0/libx264 @ 0x641b11f4aac0] No information about the input framerate is available. Falling back to a default value of 25fps. Use the -r option if you want a different framerate.
[libx264 @ 0x641b11f40e80] using SAR=2048/4095
[libx264 @ 0x641b11f40e80] using cpu capabilities: MMX2 SSE2Fast SSSE3 SSE4.2 AVX FMA3 BMI2 AVX2
[libx264 @ 0x641b11f40e80] profile High, level 4.0, 4:2:0, 8-bit
[libx264 @ 0x641b11f40e80] 264 - core 164 r3108 31e19f9 - H.264/MPEG-4 AVC codec - Copyleft 2003-2023 - http://www.videolan.org/x264.html - options: cabac=1 ref=3 deblock=1:0:0 analyse=0x3:0x113 me=hex subme=7 psy=1 psy_rd=1.00:0.00 mixed_ref=1 me_range=16 chroma_me=1 trellis=1 8x8dct=1 cqm=0 deadzone=21,11 fast_pskip=1 chroma_qp_offset=-2 threads=30 lookahead_threads=5 sliced_threads=0 nr=0 decimate=1 interlaced=0 bluray_compat=0 constrained_intra=0 bframes=3 b_pyramid=2 b_adapt=1 b_bias=0 direct=1 weightb=1 open_gop=0 weightp=2 keyint=250 keyint_min=25 scenecut=40 intra_refresh=0 rc_lookahead=40 rc=crf mbtree=1 crf=23.0 qcomp=0.60 qpmin=0 qpmax=69 qpstep=4 ip_ratio=1.40 aq=1:1.00
Output #0, mp4, to './src/test/resources/output/translation/tempVideo/430.mp4':
  Metadata:
    encoder         : Lavf61.1.100
  Stream #0:0: Video: h264 (avc1 / 0x31637661), yuvj420p(pc, progressive), 2048x1024 [SAR 4501:9000 DAR 4501:4500], q=2-31, 25 fps, 12800 tbn
      Metadata:
        encoder         : Lavc61.3.100 libx264
      Side data:
        cpb: bitrate max/min/avg: 0/0/0 buffer size: 0 vbv_delay: N/A
[out#0/mp4 @ 0x641b11f48b40] video:32KiB audio:0KiB subtitle:0KiB other streams:0KiB global headers:0KiB muxing overhead: 2.914195%
frame=    6 fps=0.0 q=-1.0 Lsize=      33KiB time=00:00:00.16 bitrate=1682.8kbits/s dup=0 drop=19 speed=0.631x    
[libx264 @ 0x641b11f40e80] frame I:1     Avg QP:18.76  size: 30238
[libx264 @ 0x641b11f40e80] frame P:2     Avg QP:17.98  size:   496
[libx264 @ 0x641b11f40e80] frame B:3     Avg QP:31.38  size:   260
[libx264 @ 0x641b11f40e80] consecutive B-frames: 33.3%  0.0%  0.0% 66.7%
[libx264 @ 0x641b11f40e80] mb I  I16..4: 22.8% 66.8% 10.3%
[libx264 @ 0x641b11f40e80] mb P  I16..4:  0.1%  0.1%  0.0%  P16..4:  1.2%  0.2%  0.1%  0.0%  0.0%    skip:98.3%
[libx264 @ 0x641b11f40e80] mb B  I16..4:  0.0%  0.0%  0.0%  B16..8:  1.2%  0.1%  0.0%  direct: 0.0%  skip:98.6%  L0:33.0% L1:65.5% BI: 1.5%
[libx264 @ 0x641b11f40e80] 8x8 transform intra:66.8% inter:33.8%
[libx264 @ 0x641b11f40e80] coded y,uvDC,uvAC intra: 6.0% 10.2% 9.1% inter: 0.1% 0.0% 0.0%
[libx264 @ 0x641b11f40e80] i16 v,h,dc,p: 87% 12%  1%  0%
[libx264 @ 0x641b11f40e80] i8 v,h,dc,ddl,ddr,vr,hd,vl,hu: 58% 10% 32%  0%  0%  0%  0%  0%  0%
[libx264 @ 0x641b11f40e80] i4 v,h,dc,ddl,ddr,vr,hd,vl,hu: 38% 31%  9%  4%  2%  2%  4%  4%  5%
[libx264 @ 0x641b11f40e80] i8c dc,h,v,p: 82%  9%  8%  1%
[libx264 @ 0x641b11f40e80] Weighted P-Frames: Y:0.0% UV:0.0%
[libx264 @ 0x641b11f40e80] ref P L0: 95.2%  0.0%  0.8%  4.0%
[libx264 @ 0x641b11f40e80] ref B L0: 88.5% 11.5%
[libx264 @ 0x641b11f40e80] ref B L1: 95.4%  4.6%
[libx264 @ 0x641b11f40e80] kb/s:1067.07
ffmpeg version 7.0.2-3ubuntu1 Copyright (c) 2000-2024 the FFmpeg developers
  built with gcc 14 (Ubuntu 14.2.0-2ubuntu1)
  configuration: --prefix=/usr --extra-version=3ubuntu1 --toolchain=hardened --libdir=/usr/lib/x86_64-linux-gnu --incdir=/usr/include/x86_64-linux-gnu --arch=amd64 --enable-gpl --disable-stripping --disable-libmfx --disable-omx --enable-gnutls --enable-libaom --enable-libass --enable-libbs2b --enable-libcdio --enable-libcodec2 --enable-libdav1d --enable-libflite --enable-libfontconfig --enable-libfreetype --enable-libfribidi --enable-libglslang --enable-libgme --enable-libgsm --enable-libharfbuzz --enable-libmp3lame --enable-libmysofa --enable-libopenjpeg --enable-libopenmpt --enable-libopus --enable-librubberband --enable-libshine --enable-libsnappy --enable-libsoxr --enable-libspeex --enable-libtheora --enable-libtwolame --enable-libvidstab --enable-libvorbis --enable-libvpx --enable-libwebp --enable-libx265 --enable-libxml2 --enable-libxvid --enable-libzimg --enable-openal --enable-opencl --enable-opengl --disable-sndio --enable-libvpl --enable-libdc1394 --enable-libdrm --enable-libiec61883 --enable-chromaprint --enable-frei0r --enable-ladspa --enable-libbluray --enable-libcaca --enable-libdvdnav --enable-libdvdread --enable-libjack --enable-libpulse --enable-librabbitmq --enable-librist --enable-libsrt --enable-libssh --enable-libsvtav1 --enable-libx264 --enable-libzmq --enable-libzvbi --enable-lv2 --enable-sdl2 --enable-libplacebo --enable-librav1e --enable-pocketsphinx --enable-librsvg --enable-libjxl --enable-shared
  libavutil      59.  8.100 / 59.  8.100
  libavcodec     61.  3.100 / 61.  3.100
  libavformat    61.  1.100 / 61.  1.100
  libavdevice    61.  1.100 / 61.  1.100
  libavfilter    10.  1.100 / 10.  1.100
  libswscale      8.  1.100 /  8.  1.100
  libswresample   5.  1.100 /  5.  1.100
  libpostproc    58.  1.100 / 58.  1.100
Input #0, concat, from '/home/marco-lasagna/Scaricati/ffmpeg-java/inputFile.txt':
  Duration: N/A, start: 0.000000, bitrate: N/A
  Stream #0:0: Video: mjpeg (Baseline), yuvj420p(pc, bt470bg/unknown/unknown), 4501x4500 [SAR 1:1 DAR 4501:4500], 25 fps, 25 tbr, 25 tbn
Stream mapping:
  Stream #0:0 -> #0:0 (mjpeg (native) -> h264 (libx264))
Press [q] to stop, [?] for help
[swscaler @ 0x7315f8016b00] deprecated pixel format used, make sure you did set range correctly
    Last message repeated 1 times
[swscaler @ 0x7315f8b407c0] deprecated pixel format used, make sure you did set range correctly
    Last message repeated 1 times
[vost#0:0/libx264 @ 0x604e2669bac0] No information about the input framerate is available. Falling back to a default value of 25fps. Use the -r option if you want a different framerate.
[libx264 @ 0x604e26691e80] using SAR=2048/4095
[libx264 @ 0x604e26691e80] using cpu capabilities: MMX2 SSE2Fast SSSE3 SSE4.2 AVX FMA3 BMI2 AVX2
[libx264 @ 0x604e26691e80] profile High, level 4.0, 4:2:0, 8-bit
[libx264 @ 0x604e26691e80] 264 - core 164 r3108 31e19f9 - H.264/MPEG-4 AVC codec - Copyleft 2003-2023 - http://www.videolan.org/x264.html - options: cabac=1 ref=3 deblock=1:0:0 analyse=0x3:0x113 me=hex subme=7 psy=1 psy_rd=1.00:0.00 mixed_ref=1 me_range=16 chroma_me=1 trellis=1 8x8dct=1 cqm=0 deadzone=21,11 fast_pskip=1 chroma_qp_offset=-2 threads=30 lookahead_threads=5 sliced_threads=0 nr=0 decimate=1 interlaced=0 bluray_compat=0 constrained_intra=0 bframes=3 b_pyramid=2 b_adapt=1 b_bias=0 direct=1 weightb=1 open_gop=0 weightp=2 keyint=250 keyint_min=25 scenecut=40 intra_refresh=0 rc_lookahead=40 rc=crf mbtree=1 crf=23.0 qcomp=0.60 qpmin=0 qpmax=69 qpstep=4 ip_ratio=1.40 aq=1:1.00
Output #0, mp4, to './src/test/resources/output/translation/tempVideo/440.mp4':
  Metadata:
    encoder         : Lavf61.1.100
  Stream #0:0: Video: h264 (avc1 / 0x31637661), yuvj420p(pc, progressive), 2048x1024 [SAR 4501:9000 DAR 4501:4500], q=2-31, 25 fps, 12800 tbn
      Metadata:
        encoder         : Lavc61.3.100 libx264
      Side data:
        cpb: bitrate max/min/avg: 0/0/0 buffer size: 0 vbv_delay: N/A
[out#0/mp4 @ 0x604e26699b40] video:32KiB audio:0KiB subtitle:0KiB other streams:0KiB global headers:0KiB muxing overhead: 2.910013%
frame=    6 fps=0.0 q=-1.0 Lsize=      33KiB time=00:00:00.16 bitrate=1685.1kbits/s dup=0 drop=19 speed=0.651x    
[libx264 @ 0x604e26691e80] frame I:1     Avg QP:18.27  size: 30269
[libx264 @ 0x604e26691e80] frame P:2     Avg QP:19.35  size:   484
[libx264 @ 0x604e26691e80] frame B:3     Avg QP:19.90  size:   274
[libx264 @ 0x604e26691e80] consecutive B-frames: 33.3%  0.0%  0.0% 66.7%
[libx264 @ 0x604e26691e80] mb I  I16..4: 26.0% 63.7% 10.3%
[libx264 @ 0x604e26691e80] mb P  I16..4:  0.1%  0.1%  0.0%  P16..4:  0.8%  0.2%  0.1%  0.0%  0.0%    skip:98.7%
[libx264 @ 0x604e26691e80] mb B  I16..4:  0.0%  0.0%  0.0%  B16..8:  1.1%  0.1%  0.0%  direct: 0.0%  skip:98.8%  L0:29.2% L1:67.9% BI: 2.9%
[libx264 @ 0x604e26691e80] 8x8 transform intra:63.7% inter:26.1%
[libx264 @ 0x604e26691e80] coded y,uvDC,uvAC intra: 5.9% 10.2% 9.1% inter: 0.1% 0.0% 0.0%
[libx264 @ 0x604e26691e80] i16 v,h,dc,p: 88% 11%  1%  0%
[libx264 @ 0x604e26691e80] i8 v,h,dc,ddl,ddr,vr,hd,vl,hu: 44%  5% 50%  0%  0%  0%  0%  0%  0%
[libx264 @ 0x604e26691e80] i4 v,h,dc,ddl,ddr,vr,hd,vl,hu: 38% 30% 10%  4%  2%  2%  4%  4%  5%
[libx264 @ 0x604e26691e80] i8c dc,h,v,p: 82%  9%  8%  1%
[libx264 @ 0x604e26691e80] Weighted P-Frames: Y:0.0% UV:0.0%
[libx264 @ 0x604e26691e80] ref P L0: 96.2%  0.0%  2.9%  0.9%
[libx264 @ 0x604e26691e80] ref B L0: 89.2% 10.8%
[libx264 @ 0x604e26691e80] ref B L1: 98.1%  1.9%
[libx264 @ 0x604e26691e80] kb/s:1068.63
ffmpeg version 7.0.2-3ubuntu1 Copyright (c) 2000-2024 the FFmpeg developers
  built with gcc 14 (Ubuntu 14.2.0-2ubuntu1)
  configuration: --prefix=/usr --extra-version=3ubuntu1 --toolchain=hardened --libdir=/usr/lib/x86_64-linux-gnu --incdir=/usr/include/x86_64-linux-gnu --arch=amd64 --enable-gpl --disable-stripping --disable-libmfx --disable-omx --enable-gnutls --enable-libaom --enable-libass --enable-libbs2b --enable-libcdio --enable-libcodec2 --enable-libdav1d --enable-libflite --enable-libfontconfig --enable-libfreetype --enable-libfribidi --enable-libglslang --enable-libgme --enable-libgsm --enable-libharfbuzz --enable-libmp3lame --enable-libmysofa --enable-libopenjpeg --enable-libopenmpt --enable-libopus --enable-librubberband --enable-libshine --enable-libsnappy --enable-libsoxr --enable-libspeex --enable-libtheora --enable-libtwolame --enable-libvidstab --enable-libvorbis --enable-libvpx --enable-libwebp --enable-libx265 --enable-libxml2 --enable-libxvid --enable-libzimg --enable-openal --enable-opencl --enable-opengl --disable-sndio --enable-libvpl --enable-libdc1394 --enable-libdrm --enable-libiec61883 --enable-chromaprint --enable-frei0r --enable-ladspa --enable-libbluray --enable-libcaca --enable-libdvdnav --enable-libdvdread --enable-libjack --enable-libpulse --enable-librabbitmq --enable-librist --enable-libsrt --enable-libssh --enable-libsvtav1 --enable-libx264 --enable-libzmq --enable-libzvbi --enable-lv2 --enable-sdl2 --enable-libplacebo --enable-librav1e --enable-pocketsphinx --enable-librsvg --enable-libjxl --enable-shared
  libavutil      59.  8.100 / 59.  8.100
  libavcodec     61.  3.100 / 61.  3.100
  libavformat    61.  1.100 / 61.  1.100
  libavdevice    61.  1.100 / 61.  1.100
  libavfilter    10.  1.100 / 10.  1.100
  libswscale      8.  1.100 /  8.  1.100
  libswresample   5.  1.100 /  5.  1.100
  libpostproc    58.  1.100 / 58.  1.100
Input #0, concat, from '/home/marco-lasagna/Scaricati/ffmpeg-java/inputFile.txt':
  Duration: N/A, start: 0.000000, bitrate: N/A
  Stream #0:0: Video: mjpeg (Baseline), yuvj420p(pc, bt470bg/unknown/unknown), 4501x4500 [SAR 1:1 DAR 4501:4500], 25 fps, 25 tbr, 25 tbn
Stream mapping:
  Stream #0:0 -> #0:0 (mjpeg (native) -> h264 (libx264))
Press [q] to stop, [?] for help
[swscaler @ 0x74f008016b00] deprecated pixel format used, make sure you did set range correctly
    Last message repeated 1 times
[swscaler @ 0x74f008b407c0] deprecated pixel format used, make sure you did set range correctly
    Last message repeated 1 times
[vost#0:0/libx264 @ 0x5b8d20df2ac0] No information about the input framerate is available. Falling back to a default value of 25fps. Use the -r option if you want a different framerate.
[libx264 @ 0x5b8d20de8e80] using SAR=2048/4095
[libx264 @ 0x5b8d20de8e80] using cpu capabilities: MMX2 SSE2Fast SSSE3 SSE4.2 AVX FMA3 BMI2 AVX2
[libx264 @ 0x5b8d20de8e80] profile High, level 4.0, 4:2:0, 8-bit
[libx264 @ 0x5b8d20de8e80] 264 - core 164 r3108 31e19f9 - H.264/MPEG-4 AVC codec - Copyleft 2003-2023 - http://www.videolan.org/x264.html - options: cabac=1 ref=3 deblock=1:0:0 analyse=0x3:0x113 me=hex subme=7 psy=1 psy_rd=1.00:0.00 mixed_ref=1 me_range=16 chroma_me=1 trellis=1 8x8dct=1 cqm=0 deadzone=21,11 fast_pskip=1 chroma_qp_offset=-2 threads=30 lookahead_threads=5 sliced_threads=0 nr=0 decimate=1 interlaced=0 bluray_compat=0 constrained_intra=0 bframes=3 b_pyramid=2 b_adapt=1 b_bias=0 direct=1 weightb=1 open_gop=0 weightp=2 keyint=250 keyint_min=25 scenecut=40 intra_refresh=0 rc_lookahead=40 rc=crf mbtree=1 crf=23.0 qcomp=0.60 qpmin=0 qpmax=69 qpstep=4 ip_ratio=1.40 aq=1:1.00
Output #0, mp4, to './src/test/resources/output/translation/tempVideo/450.mp4':
  Metadata:
    encoder         : Lavf61.1.100
  Stream #0:0: Video: h264 (avc1 / 0x31637661), yuvj420p(pc, progressive), 2048x1024 [SAR 4501:9000 DAR 4501:4500], q=2-31, 25 fps, 12800 tbn
      Metadata:
        encoder         : Lavc61.3.100 libx264
      Side data:
        cpb: bitrate max/min/avg: 0/0/0 buffer size: 0 vbv_delay: N/A
[out#0/mp4 @ 0x5b8d20df0b40] video:32KiB audio:0KiB subtitle:0KiB other streams:0KiB global headers:0KiB muxing overhead: 2.892524%
frame=    6 fps=0.0 q=-1.0 Lsize=      33KiB time=00:00:00.16 bitrate=1695.0kbits/s dup=0 drop=19 speed=0.642x    
[libx264 @ 0x5b8d20de8e80] frame I:1     Avg QP:18.69  size: 30194
[libx264 @ 0x5b8d20de8e80] frame P:2     Avg QP:19.38  size:   572
[libx264 @ 0x5b8d20de8e80] frame B:3     Avg QP:27.10  size:   307
[libx264 @ 0x5b8d20de8e80] consecutive B-frames: 33.3%  0.0%  0.0% 66.7%
[libx264 @ 0x5b8d20de8e80] mb I  I16..4: 25.7% 64.1% 10.2%
[libx264 @ 0x5b8d20de8e80] mb P  I16..4:  0.1%  0.1%  0.0%  P16..4:  1.3%  0.2%  0.1%  0.0%  0.0%    skip:98.2%
[libx264 @ 0x5b8d20de8e80] mb B  I16..4:  0.0%  0.1%  0.0%  B16..8:  1.3%  0.1%  0.0%  direct: 0.0%  skip:98.4%  L0:42.7% L1:55.6% BI: 1.7%
[libx264 @ 0x5b8d20de8e80] 8x8 transform intra:64.1% inter:20.5%
[libx264 @ 0x5b8d20de8e80] coded y,uvDC,uvAC intra: 5.9% 10.2% 9.1% inter: 0.1% 0.0% 0.0%
[libx264 @ 0x5b8d20de8e80] i16 v,h,dc,p: 87% 12%  1%  0%
[libx264 @ 0x5b8d20de8e80] i8 v,h,dc,ddl,ddr,vr,hd,vl,hu: 59%  8% 33%  0%  0%  0%  0%  0%  0%
[libx264 @ 0x5b8d20de8e80] i4 v,h,dc,ddl,ddr,vr,hd,vl,hu: 40% 29% 10%  4%  2%  2%  4%  4%  5%
[libx264 @ 0x5b8d20de8e80] i8c dc,h,v,p: 82%  9%  8%  1%
[libx264 @ 0x5b8d20de8e80] Weighted P-Frames: Y:0.0% UV:0.0%
[libx264 @ 0x5b8d20de8e80] ref P L0: 97.0%  0.3%  1.2%  1.5%
[libx264 @ 0x5b8d20de8e80] ref B L0: 92.2%  7.8%
[libx264 @ 0x5b8d20de8e80] ref B L1: 94.6%  5.4%
[libx264 @ 0x5b8d20de8e80] kb/s:1075.23
ffmpeg version 7.0.2-3ubuntu1 Copyright (c) 2000-2024 the FFmpeg developers
  built with gcc 14 (Ubuntu 14.2.0-2ubuntu1)
  configuration: --prefix=/usr --extra-version=3ubuntu1 --toolchain=hardened --libdir=/usr/lib/x86_64-linux-gnu --incdir=/usr/include/x86_64-linux-gnu --arch=amd64 --enable-gpl --disable-stripping --disable-libmfx --disable-omx --enable-gnutls --enable-libaom --enable-libass --enable-libbs2b --enable-libcdio --enable-libcodec2 --enable-libdav1d --enable-libflite --enable-libfontconfig --enable-libfreetype --enable-libfribidi --enable-libglslang --enable-libgme --enable-libgsm --enable-libharfbuzz --enable-libmp3lame --enable-libmysofa --enable-libopenjpeg --enable-libopenmpt --enable-libopus --enable-librubberband --enable-libshine --enable-libsnappy --enable-libsoxr --enable-libspeex --enable-libtheora --enable-libtwolame --enable-libvidstab --enable-libvorbis --enable-libvpx --enable-libwebp --enable-libx265 --enable-libxml2 --enable-libxvid --enable-libzimg --enable-openal --enable-opencl --enable-opengl --disable-sndio --enable-libvpl --enable-libdc1394 --enable-libdrm --enable-libiec61883 --enable-chromaprint --enable-frei0r --enable-ladspa --enable-libbluray --enable-libcaca --enable-libdvdnav --enable-libdvdread --enable-libjack --enable-libpulse --enable-librabbitmq --enable-librist --enable-libsrt --enable-libssh --enable-libsvtav1 --enable-libx264 --enable-libzmq --enable-libzvbi --enable-lv2 --enable-sdl2 --enable-libplacebo --enable-librav1e --enable-pocketsphinx --enable-librsvg --enable-libjxl --enable-shared
  libavutil      59.  8.100 / 59.  8.100
  libavcodec     61.  3.100 / 61.  3.100
  libavformat    61.  1.100 / 61.  1.100
  libavdevice    61.  1.100 / 61.  1.100
  libavfilter    10.  1.100 / 10.  1.100
  libswscale      8.  1.100 /  8.  1.100
  libswresample   5.  1.100 /  5.  1.100
  libpostproc    58.  1.100 / 58.  1.100
Input #0, concat, from '/home/marco-lasagna/Scaricati/ffmpeg-java/inputFile.txt':
  Duration: N/A, start: 0.000000, bitrate: N/A
  Stream #0:0: Video: mjpeg (Baseline), yuvj420p(pc, bt470bg/unknown/unknown), 4501x4500 [SAR 1:1 DAR 4501:4500], 25 fps, 25 tbr, 25 tbn
Stream mapping:
  Stream #0:0 -> #0:0 (mjpeg (native) -> h264 (libx264))
Press [q] to stop, [?] for help
[swscaler @ 0x7380d8016b00] deprecated pixel format used, make sure you did set range correctly
    Last message repeated 1 times
[swscaler @ 0x7380d8b407c0] deprecated pixel format used, make sure you did set range correctly
    Last message repeated 1 times
[vost#0:0/libx264 @ 0x59bb63620ac0] No information about the input framerate is available. Falling back to a default value of 25fps. Use the -r option if you want a different framerate.
[libx264 @ 0x59bb63616e80] using SAR=2048/4095
[libx264 @ 0x59bb63616e80] using cpu capabilities: MMX2 SSE2Fast SSSE3 SSE4.2 AVX FMA3 BMI2 AVX2
[libx264 @ 0x59bb63616e80] profile High, level 4.0, 4:2:0, 8-bit
[libx264 @ 0x59bb63616e80] 264 - core 164 r3108 31e19f9 - H.264/MPEG-4 AVC codec - Copyleft 2003-2023 - http://www.videolan.org/x264.html - options: cabac=1 ref=3 deblock=1:0:0 analyse=0x3:0x113 me=hex subme=7 psy=1 psy_rd=1.00:0.00 mixed_ref=1 me_range=16 chroma_me=1 trellis=1 8x8dct=1 cqm=0 deadzone=21,11 fast_pskip=1 chroma_qp_offset=-2 threads=30 lookahead_threads=5 sliced_threads=0 nr=0 decimate=1 interlaced=0 bluray_compat=0 constrained_intra=0 bframes=3 b_pyramid=2 b_adapt=1 b_bias=0 direct=1 weightb=1 open_gop=0 weightp=2 keyint=250 keyint_min=25 scenecut=40 intra_refresh=0 rc_lookahead=40 rc=crf mbtree=1 crf=23.0 qcomp=0.60 qpmin=0 qpmax=69 qpstep=4 ip_ratio=1.40 aq=1:1.00
Output #0, mp4, to './src/test/resources/output/translation/tempVideo/460.mp4':
  Metadata:
    encoder         : Lavf61.1.100
  Stream #0:0: Video: h264 (avc1 / 0x31637661), yuvj420p(pc, progressive), 2048x1024 [SAR 4501:9000 DAR 4501:4500], q=2-31, 25 fps, 12800 tbn
      Metadata:
        encoder         : Lavc61.3.100 libx264
      Side data:
        cpb: bitrate max/min/avg: 0/0/0 buffer size: 0 vbv_delay: N/A
[out#0/mp4 @ 0x59bb6361eb40] video:32KiB audio:0KiB subtitle:0KiB other streams:0KiB global headers:0KiB muxing overhead: 2.923403%
frame=    6 fps=0.0 q=-1.0 Lsize=      33KiB time=00:00:00.16 bitrate=1677.6kbits/s dup=0 drop=19 speed=0.667x    
[libx264 @ 0x59bb63616e80] frame I:1     Avg QP:18.54  size: 30023
[libx264 @ 0x59bb63616e80] frame P:2     Avg QP:18.30  size:   516
[libx264 @ 0x59bb63616e80] frame B:3     Avg QP:21.88  size:   285
[libx264 @ 0x59bb63616e80] consecutive B-frames: 33.3%  0.0%  0.0% 66.7%
[libx264 @ 0x59bb63616e80] mb I  I16..4: 26.5% 63.2% 10.2%
[libx264 @ 0x59bb63616e80] mb P  I16..4:  0.1%  0.2%  0.0%  P16..4:  1.1%  0.2%  0.1%  0.0%  0.0%    skip:98.4%
[libx264 @ 0x59bb63616e80] mb B  I16..4:  0.0%  0.0%  0.0%  B16..8:  1.1%  0.1%  0.0%  direct: 0.0%  skip:98.7%  L0:56.4% L1:41.5% BI: 2.1%
[libx264 @ 0x59bb63616e80] 8x8 transform intra:63.2% inter:31.5%
[libx264 @ 0x59bb63616e80] coded y,uvDC,uvAC intra: 5.9% 10.1% 9.1% inter: 0.1% 0.0% 0.0%
[libx264 @ 0x59bb63616e80] i16 v,h,dc,p: 87% 12%  1%  0%
[libx264 @ 0x59bb63616e80] i8 v,h,dc,ddl,ddr,vr,hd,vl,hu: 61%  9% 30%  0%  0%  0%  0%  0%  0%
[libx264 @ 0x59bb63616e80] i4 v,h,dc,ddl,ddr,vr,hd,vl,hu: 39% 30% 10%  4%  2%  2%  4%  4%  5%
[libx264 @ 0x59bb63616e80] i8c dc,h,v,p: 82%  9%  8%  1%
[libx264 @ 0x59bb63616e80] Weighted P-Frames: Y:0.0% UV:0.0%
[libx264 @ 0x59bb63616e80] ref P L0: 98.3%  0.1%  0.9%  0.7%
[libx264 @ 0x59bb63616e80] ref B L0: 91.1%  8.9%
[libx264 @ 0x59bb63616e80] ref B L1: 91.0%  9.0%
[libx264 @ 0x59bb63616e80] kb/s:1063.63
ffmpeg version 7.0.2-3ubuntu1 Copyright (c) 2000-2024 the FFmpeg developers
  built with gcc 14 (Ubuntu 14.2.0-2ubuntu1)
  configuration: --prefix=/usr --extra-version=3ubuntu1 --toolchain=hardened --libdir=/usr/lib/x86_64-linux-gnu --incdir=/usr/include/x86_64-linux-gnu --arch=amd64 --enable-gpl --disable-stripping --disable-libmfx --disable-omx --enable-gnutls --enable-libaom --enable-libass --enable-libbs2b --enable-libcdio --enable-libcodec2 --enable-libdav1d --enable-libflite --enable-libfontconfig --enable-libfreetype --enable-libfribidi --enable-libglslang --enable-libgme --enable-libgsm --enable-libharfbuzz --enable-libmp3lame --enable-libmysofa --enable-libopenjpeg --enable-libopenmpt --enable-libopus --enable-librubberband --enable-libshine --enable-libsnappy --enable-libsoxr --enable-libspeex --enable-libtheora --enable-libtwolame --enable-libvidstab --enable-libvorbis --enable-libvpx --enable-libwebp --enable-libx265 --enable-libxml2 --enable-libxvid --enable-libzimg --enable-openal --enable-opencl --enable-opengl --disable-sndio --enable-libvpl --enable-libdc1394 --enable-libdrm --enable-libiec61883 --enable-chromaprint --enable-frei0r --enable-ladspa --enable-libbluray --enable-libcaca --enable-libdvdnav --enable-libdvdread --enable-libjack --enable-libpulse --enable-librabbitmq --enable-librist --enable-libsrt --enable-libssh --enable-libsvtav1 --enable-libx264 --enable-libzmq --enable-libzvbi --enable-lv2 --enable-sdl2 --enable-libplacebo --enable-librav1e --enable-pocketsphinx --enable-librsvg --enable-libjxl --enable-shared
  libavutil      59.  8.100 / 59.  8.100
  libavcodec     61.  3.100 / 61.  3.100
  libavformat    61.  1.100 / 61.  1.100
  libavdevice    61.  1.100 / 61.  1.100
  libavfilter    10.  1.100 / 10.  1.100
  libswscale      8.  1.100 /  8.  1.100
  libswresample   5.  1.100 /  5.  1.100
  libpostproc    58.  1.100 / 58.  1.100
Input #0, concat, from '/home/marco-lasagna/Scaricati/ffmpeg-java/inputFile.txt':
  Duration: N/A, start: 0.000000, bitrate: N/A
  Stream #0:0: Video: mjpeg (Baseline), yuvj420p(pc, bt470bg/unknown/unknown), 4501x4500 [SAR 1:1 DAR 4501:4500], 25 fps, 25 tbr, 25 tbn
Stream mapping:
  Stream #0:0 -> #0:0 (mjpeg (native) -> h264 (libx264))
Press [q] to stop, [?] for help
[swscaler @ 0x776a40016b00] deprecated pixel format used, make sure you did set range correctly
    Last message repeated 1 times
[swscaler @ 0x776a40b407c0] deprecated pixel format used, make sure you did set range correctly
    Last message repeated 1 times
[vost#0:0/libx264 @ 0x5cca65ab7ac0] No information about the input framerate is available. Falling back to a default value of 25fps. Use the -r option if you want a different framerate.
[libx264 @ 0x5cca65aade80] using SAR=2048/4095
[libx264 @ 0x5cca65aade80] using cpu capabilities: MMX2 SSE2Fast SSSE3 SSE4.2 AVX FMA3 BMI2 AVX2
[libx264 @ 0x5cca65aade80] profile High, level 4.0, 4:2:0, 8-bit
[libx264 @ 0x5cca65aade80] 264 - core 164 r3108 31e19f9 - H.264/MPEG-4 AVC codec - Copyleft 2003-2023 - http://www.videolan.org/x264.html - options: cabac=1 ref=3 deblock=1:0:0 analyse=0x3:0x113 me=hex subme=7 psy=1 psy_rd=1.00:0.00 mixed_ref=1 me_range=16 chroma_me=1 trellis=1 8x8dct=1 cqm=0 deadzone=21,11 fast_pskip=1 chroma_qp_offset=-2 threads=30 lookahead_threads=5 sliced_threads=0 nr=0 decimate=1 interlaced=0 bluray_compat=0 constrained_intra=0 bframes=3 b_pyramid=2 b_adapt=1 b_bias=0 direct=1 weightb=1 open_gop=0 weightp=2 keyint=250 keyint_min=25 scenecut=40 intra_refresh=0 rc_lookahead=40 rc=crf mbtree=1 crf=23.0 qcomp=0.60 qpmin=0 qpmax=69 qpstep=4 ip_ratio=1.40 aq=1:1.00
Output #0, mp4, to './src/test/resources/output/translation/tempVideo/470.mp4':
  Metadata:
    encoder         : Lavf61.1.100
  Stream #0:0: Video: h264 (avc1 / 0x31637661), yuvj420p(pc, progressive), 2048x1024 [SAR 4501:9000 DAR 4501:4500], q=2-31, 25 fps, 12800 tbn
      Metadata:
        encoder         : Lavc61.3.100 libx264
      Side data:
        cpb: bitrate max/min/avg: 0/0/0 buffer size: 0 vbv_delay: N/A
[out#0/mp4 @ 0x5cca65ab5b40] video:32KiB audio:0KiB subtitle:0KiB other streams:0KiB global headers:0KiB muxing overhead: 2.910812%
frame=    6 fps=0.0 q=-1.0 Lsize=      33KiB time=00:00:00.16 bitrate=1684.7kbits/s dup=0 drop=19 speed=0.668x    
[libx264 @ 0x5cca65aade80] frame I:1     Avg QP:18.99  size: 30063
[libx264 @ 0x5cca65aade80] frame P:2     Avg QP:19.30  size:   558
[libx264 @ 0x5cca65aade80] frame B:3     Avg QP:26.00  size:   290
[libx264 @ 0x5cca65aade80] consecutive B-frames: 33.3%  0.0%  0.0% 66.7%
[libx264 @ 0x5cca65aade80] mb I  I16..4: 25.5% 64.3% 10.2%
[libx264 @ 0x5cca65aade80] mb P  I16..4:  0.1%  0.1%  0.0%  P16..4:  1.2%  0.2%  0.1%  0.0%  0.0%    skip:98.3%
[libx264 @ 0x5cca65aade80] mb B  I16..4:  0.0%  0.0%  0.0%  B16..8:  1.2%  0.1%  0.0%  direct: 0.0%  skip:98.6%  L0:37.1% L1:61.1% BI: 1.8%
[libx264 @ 0x5cca65aade80] 8x8 transform intra:64.3% inter:23.8%
[libx264 @ 0x5cca65aade80] coded y,uvDC,uvAC intra: 5.9% 10.2% 9.1% inter: 0.1% 0.0% 0.0%
[libx264 @ 0x5cca65aade80] i16 v,h,dc,p: 87% 13%  1%  0%
[libx264 @ 0x5cca65aade80] i8 v,h,dc,ddl,ddr,vr,hd,vl,hu: 63%  8% 28%  0%  0%  0%  0%  0%  0%
[libx264 @ 0x5cca65aade80] i4 v,h,dc,ddl,ddr,vr,hd,vl,hu: 40% 29%  9%  4%  2%  2%  4%  4%  5%
[libx264 @ 0x5cca65aade80] i8c dc,h,v,p: 82%  9%  8%  1%
[libx264 @ 0x5cca65aade80] Weighted P-Frames: Y:0.0% UV:0.0%
[libx264 @ 0x5cca65aade80] ref P L0: 94.8%  0.6%  0.5%  4.0%
[libx264 @ 0x5cca65aade80] ref B L0: 89.5% 10.5%
[libx264 @ 0x5cca65aade80] ref B L1: 94.7%  5.3%
[libx264 @ 0x5cca65aade80] kb/s:1068.33
ffmpeg version 7.0.2-3ubuntu1 Copyright (c) 2000-2024 the FFmpeg developers
  built with gcc 14 (Ubuntu 14.2.0-2ubuntu1)
  configuration: --prefix=/usr --extra-version=3ubuntu1 --toolchain=hardened --libdir=/usr/lib/x86_64-linux-gnu --incdir=/usr/include/x86_64-linux-gnu --arch=amd64 --enable-gpl --disable-stripping --disable-libmfx --disable-omx --enable-gnutls --enable-libaom --enable-libass --enable-libbs2b --enable-libcdio --enable-libcodec2 --enable-libdav1d --enable-libflite --enable-libfontconfig --enable-libfreetype --enable-libfribidi --enable-libglslang --enable-libgme --enable-libgsm --enable-libharfbuzz --enable-libmp3lame --enable-libmysofa --enable-libopenjpeg --enable-libopenmpt --enable-libopus --enable-librubberband --enable-libshine --enable-libsnappy --enable-libsoxr --enable-libspeex --enable-libtheora --enable-libtwolame --enable-libvidstab --enable-libvorbis --enable-libvpx --enable-libwebp --enable-libx265 --enable-libxml2 --enable-libxvid --enable-libzimg --enable-openal --enable-opencl --enable-opengl --disable-sndio --enable-libvpl --enable-libdc1394 --enable-libdrm --enable-libiec61883 --enable-chromaprint --enable-frei0r --enable-ladspa --enable-libbluray --enable-libcaca --enable-libdvdnav --enable-libdvdread --enable-libjack --enable-libpulse --enable-librabbitmq --enable-librist --enable-libsrt --enable-libssh --enable-libsvtav1 --enable-libx264 --enable-libzmq --enable-libzvbi --enable-lv2 --enable-sdl2 --enable-libplacebo --enable-librav1e --enable-pocketsphinx --enable-librsvg --enable-libjxl --enable-shared
  libavutil      59.  8.100 / 59.  8.100
  libavcodec     61.  3.100 / 61.  3.100
  libavformat    61.  1.100 / 61.  1.100
  libavdevice    61.  1.100 / 61.  1.100
  libavfilter    10.  1.100 / 10.  1.100
  libswscale      8.  1.100 /  8.  1.100
  libswresample   5.  1.100 /  5.  1.100
  libpostproc    58.  1.100 / 58.  1.100
Input #0, concat, from '/home/marco-lasagna/Scaricati/ffmpeg-java/inputFile.txt':
  Duration: N/A, start: 0.000000, bitrate: N/A
  Stream #0:0: Video: mjpeg (Baseline), yuvj420p(pc, bt470bg/unknown/unknown), 4501x4500 [SAR 1:1 DAR 4501:4500], 25 fps, 25 tbr, 25 tbn
Stream mapping:
  Stream #0:0 -> #0:0 (mjpeg (native) -> h264 (libx264))
Press [q] to stop, [?] for help
[swscaler @ 0x7464a4016b00] deprecated pixel format used, make sure you did set range correctly
    Last message repeated 1 times
[swscaler @ 0x7464a4b407c0] deprecated pixel format used, make sure you did set range correctly
    Last message repeated 1 times
[vost#0:0/libx264 @ 0x61d28cd31ac0] No information about the input framerate is available. Falling back to a default value of 25fps. Use the -r option if you want a different framerate.
[libx264 @ 0x61d28cd27e80] using SAR=2048/4095
[libx264 @ 0x61d28cd27e80] using cpu capabilities: MMX2 SSE2Fast SSSE3 SSE4.2 AVX FMA3 BMI2 AVX2
[libx264 @ 0x61d28cd27e80] profile High, level 4.0, 4:2:0, 8-bit
[libx264 @ 0x61d28cd27e80] 264 - core 164 r3108 31e19f9 - H.264/MPEG-4 AVC codec - Copyleft 2003-2023 - http://www.videolan.org/x264.html - options: cabac=1 ref=3 deblock=1:0:0 analyse=0x3:0x113 me=hex subme=7 psy=1 psy_rd=1.00:0.00 mixed_ref=1 me_range=16 chroma_me=1 trellis=1 8x8dct=1 cqm=0 deadzone=21,11 fast_pskip=1 chroma_qp_offset=-2 threads=30 lookahead_threads=5 sliced_threads=0 nr=0 decimate=1 interlaced=0 bluray_compat=0 constrained_intra=0 bframes=3 b_pyramid=2 b_adapt=1 b_bias=0 direct=1 weightb=1 open_gop=0 weightp=2 keyint=250 keyint_min=25 scenecut=40 intra_refresh=0 rc_lookahead=40 rc=crf mbtree=1 crf=23.0 qcomp=0.60 qpmin=0 qpmax=69 qpstep=4 ip_ratio=1.40 aq=1:1.00
Output #0, mp4, to './src/test/resources/output/translation/tempVideo/480.mp4':
  Metadata:
    encoder         : Lavf61.1.100
  Stream #0:0: Video: h264 (avc1 / 0x31637661), yuvj420p(pc, progressive), 2048x1024 [SAR 4501:9000 DAR 4501:4500], q=2-31, 25 fps, 12800 tbn
      Metadata:
        encoder         : Lavc61.3.100 libx264
      Side data:
        cpb: bitrate max/min/avg: 0/0/0 buffer size: 0 vbv_delay: N/A
[out#0/mp4 @ 0x61d28cd2fb40] video:32KiB audio:0KiB subtitle:0KiB other streams:0KiB global headers:0KiB muxing overhead: 2.903363%
frame=    6 fps=0.0 q=-1.0 Lsize=      33KiB time=00:00:00.16 bitrate=1688.8kbits/s dup=0 drop=19 speed=0.645x    
[libx264 @ 0x61d28cd27e80] frame I:1     Avg QP:18.69  size: 29959
[libx264 @ 0x61d28cd27e80] frame P:2     Avg QP:18.24  size:   624
[libx264 @ 0x61d28cd27e80] frame B:3     Avg QP:26.14  size:   309
[libx264 @ 0x61d28cd27e80] consecutive B-frames: 33.3%  0.0%  0.0% 66.7%
[libx264 @ 0x61d28cd27e80] mb I  I16..4: 24.7% 65.1% 10.2%
[libx264 @ 0x61d28cd27e80] mb P  I16..4:  0.1%  0.1%  0.0%  P16..4:  1.2%  0.1%  0.1%  0.0%  0.0%    skip:98.4%
[libx264 @ 0x61d28cd27e80] mb B  I16..4:  0.0%  0.0%  0.0%  B16..8:  1.1%  0.1%  0.0%  direct: 0.1%  skip:98.7%  L0:57.6% L1:39.9% BI: 2.6%
[libx264 @ 0x61d28cd27e80] 8x8 transform intra:65.0% inter:29.0%
[libx264 @ 0x61d28cd27e80] coded y,uvDC,uvAC intra: 5.9% 10.2% 9.1% inter: 0.1% 0.0% 0.0%
[libx264 @ 0x61d28cd27e80] i16 v,h,dc,p: 86% 13%  1%  0%
[libx264 @ 0x61d28cd27e80] i8 v,h,dc,ddl,ddr,vr,hd,vl,hu: 68%  3% 29%  0%  0%  0%  0%  0%  0%
[libx264 @ 0x61d28cd27e80] i4 v,h,dc,ddl,ddr,vr,hd,vl,hu: 40% 29%  9%  4%  2%  2%  4%  4%  5%
[libx264 @ 0x61d28cd27e80] i8c dc,h,v,p: 82%  9%  8%  1%
[libx264 @ 0x61d28cd27e80] Weighted P-Frames: Y:0.0% UV:0.0%
[libx264 @ 0x61d28cd27e80] ref P L0: 96.5%  0.3%  0.9%  2.4%
[libx264 @ 0x61d28cd27e80] ref B L0: 92.8%  7.2%
[libx264 @ 0x61d28cd27e80] ref B L1: 91.0%  9.0%
[libx264 @ 0x61d28cd27e80] kb/s:1071.13
ffmpeg version 7.0.2-3ubuntu1 Copyright (c) 2000-2024 the FFmpeg developers
  built with gcc 14 (Ubuntu 14.2.0-2ubuntu1)
  configuration: --prefix=/usr --extra-version=3ubuntu1 --toolchain=hardened --libdir=/usr/lib/x86_64-linux-gnu --incdir=/usr/include/x86_64-linux-gnu --arch=amd64 --enable-gpl --disable-stripping --disable-libmfx --disable-omx --enable-gnutls --enable-libaom --enable-libass --enable-libbs2b --enable-libcdio --enable-libcodec2 --enable-libdav1d --enable-libflite --enable-libfontconfig --enable-libfreetype --enable-libfribidi --enable-libglslang --enable-libgme --enable-libgsm --enable-libharfbuzz --enable-libmp3lame --enable-libmysofa --enable-libopenjpeg --enable-libopenmpt --enable-libopus --enable-librubberband --enable-libshine --enable-libsnappy --enable-libsoxr --enable-libspeex --enable-libtheora --enable-libtwolame --enable-libvidstab --enable-libvorbis --enable-libvpx --enable-libwebp --enable-libx265 --enable-libxml2 --enable-libxvid --enable-libzimg --enable-openal --enable-opencl --enable-opengl --disable-sndio --enable-libvpl --enable-libdc1394 --enable-libdrm --enable-libiec61883 --enable-chromaprint --enable-frei0r --enable-ladspa --enable-libbluray --enable-libcaca --enable-libdvdnav --enable-libdvdread --enable-libjack --enable-libpulse --enable-librabbitmq --enable-librist --enable-libsrt --enable-libssh --enable-libsvtav1 --enable-libx264 --enable-libzmq --enable-libzvbi --enable-lv2 --enable-sdl2 --enable-libplacebo --enable-librav1e --enable-pocketsphinx --enable-librsvg --enable-libjxl --enable-shared
  libavutil      59.  8.100 / 59.  8.100
  libavcodec     61.  3.100 / 61.  3.100
  libavformat    61.  1.100 / 61.  1.100
  libavdevice    61.  1.100 / 61.  1.100
  libavfilter    10.  1.100 / 10.  1.100
  libswscale      8.  1.100 /  8.  1.100
  libswresample   5.  1.100 /  5.  1.100
  libpostproc    58.  1.100 / 58.  1.100
Input #0, concat, from '/home/marco-lasagna/Scaricati/ffmpeg-java/inputFile.txt':
  Duration: N/A, start: 0.000000, bitrate: N/A
  Stream #0:0: Video: mjpeg (Baseline), yuvj420p(pc, bt470bg/unknown/unknown), 4501x4500 [SAR 1:1 DAR 4501:4500], 25 fps, 25 tbr, 25 tbn
Stream mapping:
  Stream #0:0 -> #0:0 (mjpeg (native) -> h264 (libx264))
Press [q] to stop, [?] for help
[swscaler @ 0x7e7f30016b00] deprecated pixel format used, make sure you did set range correctly
    Last message repeated 1 times
[swscaler @ 0x7e7f30b407c0] deprecated pixel format used, make sure you did set range correctly
    Last message repeated 1 times
[vost#0:0/libx264 @ 0x59aca6322ac0] No information about the input framerate is available. Falling back to a default value of 25fps. Use the -r option if you want a different framerate.
[libx264 @ 0x59aca6318e80] using SAR=2048/4095
[libx264 @ 0x59aca6318e80] using cpu capabilities: MMX2 SSE2Fast SSSE3 SSE4.2 AVX FMA3 BMI2 AVX2
[libx264 @ 0x59aca6318e80] profile High, level 4.0, 4:2:0, 8-bit
[libx264 @ 0x59aca6318e80] 264 - core 164 r3108 31e19f9 - H.264/MPEG-4 AVC codec - Copyleft 2003-2023 - http://www.videolan.org/x264.html - options: cabac=1 ref=3 deblock=1:0:0 analyse=0x3:0x113 me=hex subme=7 psy=1 psy_rd=1.00:0.00 mixed_ref=1 me_range=16 chroma_me=1 trellis=1 8x8dct=1 cqm=0 deadzone=21,11 fast_pskip=1 chroma_qp_offset=-2 threads=30 lookahead_threads=5 sliced_threads=0 nr=0 decimate=1 interlaced=0 bluray_compat=0 constrained_intra=0 bframes=3 b_pyramid=2 b_adapt=1 b_bias=0 direct=1 weightb=1 open_gop=0 weightp=2 keyint=250 keyint_min=25 scenecut=40 intra_refresh=0 rc_lookahead=40 rc=crf mbtree=1 crf=23.0 qcomp=0.60 qpmin=0 qpmax=69 qpstep=4 ip_ratio=1.40 aq=1:1.00
Output #0, mp4, to './src/test/resources/output/translation/tempVideo/490.mp4':
  Metadata:
    encoder         : Lavf61.1.100
  Stream #0:0: Video: h264 (avc1 / 0x31637661), yuvj420p(pc, progressive), 2048x1024 [SAR 4501:9000 DAR 4501:4500], q=2-31, 25 fps, 12800 tbn
      Metadata:
        encoder         : Lavc61.3.100 libx264
      Side data:
        cpb: bitrate max/min/avg: 0/0/0 buffer size: 0 vbv_delay: N/A
[out#0/mp4 @ 0x59aca6320b40] video:32KiB audio:0KiB subtitle:0KiB other streams:0KiB global headers:0KiB muxing overhead: 2.913928%
frame=    6 fps=0.0 q=-1.0 Lsize=      33KiB time=00:00:00.16 bitrate=1682.9kbits/s dup=0 drop=19 speed=0.655x    
[libx264 @ 0x59aca6318e80] frame I:1     Avg QP:18.45  size: 29882
[libx264 @ 0x59aca6318e80] frame P:2     Avg QP:16.48  size:   615
[libx264 @ 0x59aca6318e80] frame B:3     Avg QP:26.02  size:   301
[libx264 @ 0x59aca6318e80] consecutive B-frames: 33.3%  0.0%  0.0% 66.7%
[libx264 @ 0x59aca6318e80] mb I  I16..4: 14.2% 75.6% 10.2%
[libx264 @ 0x59aca6318e80] mb P  I16..4:  0.2%  0.1%  0.0%  P16..4:  1.2%  0.2%  0.1%  0.0%  0.0%    skip:98.3%
[libx264 @ 0x59aca6318e80] mb B  I16..4:  0.0%  0.0%  0.0%  B16..8:  1.2%  0.0%  0.0%  direct: 0.0%  skip:98.7%  L0:57.8% L1:39.6% BI: 2.6%
[libx264 @ 0x59aca6318e80] 8x8 transform intra:75.5% inter:25.0%
[libx264 @ 0x59aca6318e80] coded y,uvDC,uvAC intra: 5.9% 10.2% 9.1% inter: 0.1% 0.0% 0.0%
[libx264 @ 0x59aca6318e80] i16 v,h,dc,p: 79% 20%  2%  0%
[libx264 @ 0x59aca6318e80] i8 v,h,dc,ddl,ddr,vr,hd,vl,hu: 56% 11% 32%  0%  0%  0%  0%  0%  0%
[libx264 @ 0x59aca6318e80] i4 v,h,dc,ddl,ddr,vr,hd,vl,hu: 39% 30% 10%  4%  2%  2%  4%  4%  5%
[libx264 @ 0x59aca6318e80] i8c dc,h,v,p: 82%  9%  8%  1%
[libx264 @ 0x59aca6318e80] Weighted P-Frames: Y:0.0% UV:0.0%
[libx264 @ 0x59aca6318e80] ref P L0: 97.2%  0.1%  1.2%  1.5%
[libx264 @ 0x59aca6318e80] ref B L0: 93.5%  6.5%
[libx264 @ 0x59aca6318e80] ref B L1: 90.8%  9.2%
[libx264 @ 0x59aca6318e80] kb/s:1067.17
ffmpeg version 7.0.2-3ubuntu1 Copyright (c) 2000-2024 the FFmpeg developers
  built with gcc 14 (Ubuntu 14.2.0-2ubuntu1)
  configuration: --prefix=/usr --extra-version=3ubuntu1 --toolchain=hardened --libdir=/usr/lib/x86_64-linux-gnu --incdir=/usr/include/x86_64-linux-gnu --arch=amd64 --enable-gpl --disable-stripping --disable-libmfx --disable-omx --enable-gnutls --enable-libaom --enable-libass --enable-libbs2b --enable-libcdio --enable-libcodec2 --enable-libdav1d --enable-libflite --enable-libfontconfig --enable-libfreetype --enable-libfribidi --enable-libglslang --enable-libgme --enable-libgsm --enable-libharfbuzz --enable-libmp3lame --enable-libmysofa --enable-libopenjpeg --enable-libopenmpt --enable-libopus --enable-librubberband --enable-libshine --enable-libsnappy --enable-libsoxr --enable-libspeex --enable-libtheora --enable-libtwolame --enable-libvidstab --enable-libvorbis --enable-libvpx --enable-libwebp --enable-libx265 --enable-libxml2 --enable-libxvid --enable-libzimg --enable-openal --enable-opencl --enable-opengl --disable-sndio --enable-libvpl --enable-libdc1394 --enable-libdrm --enable-libiec61883 --enable-chromaprint --enable-frei0r --enable-ladspa --enable-libbluray --enable-libcaca --enable-libdvdnav --enable-libdvdread --enable-libjack --enable-libpulse --enable-librabbitmq --enable-librist --enable-libsrt --enable-libssh --enable-libsvtav1 --enable-libx264 --enable-libzmq --enable-libzvbi --enable-lv2 --enable-sdl2 --enable-libplacebo --enable-librav1e --enable-pocketsphinx --enable-librsvg --enable-libjxl --enable-shared
  libavutil      59.  8.100 / 59.  8.100
  libavcodec     61.  3.100 / 61.  3.100
  libavformat    61.  1.100 / 61.  1.100
  libavdevice    61.  1.100 / 61.  1.100
  libavfilter    10.  1.100 / 10.  1.100
  libswscale      8.  1.100 /  8.  1.100
  libswresample   5.  1.100 /  5.  1.100
  libpostproc    58.  1.100 / 58.  1.100
Input #0, concat, from '/home/marco-lasagna/Scaricati/ffmpeg-java/inputFile.txt':
  Duration: N/A, start: 0.000000, bitrate: N/A
  Stream #0:0: Video: mjpeg (Baseline), yuvj420p(pc, bt470bg/unknown/unknown), 4501x4500 [SAR 1:1 DAR 4501:4500], 25 fps, 25 tbr, 25 tbn
Stream mapping:
  Stream #0:0 -> #0:0 (mjpeg (native) -> h264 (libx264))
Press [q] to stop, [?] for help
[swscaler @ 0x76a440016b00] deprecated pixel format used, make sure you did set range correctly
    Last message repeated 1 times
[swscaler @ 0x76a440b407c0] deprecated pixel format used, make sure you did set range correctly
    Last message repeated 1 times
[vost#0:0/libx264 @ 0x58499f79dac0] No information about the input framerate is available. Falling back to a default value of 25fps. Use the -r option if you want a different framerate.
[libx264 @ 0x58499f793e80] using SAR=2048/4095
[libx264 @ 0x58499f793e80] using cpu capabilities: MMX2 SSE2Fast SSSE3 SSE4.2 AVX FMA3 BMI2 AVX2
[libx264 @ 0x58499f793e80] profile High, level 4.0, 4:2:0, 8-bit
[libx264 @ 0x58499f793e80] 264 - core 164 r3108 31e19f9 - H.264/MPEG-4 AVC codec - Copyleft 2003-2023 - http://www.videolan.org/x264.html - options: cabac=1 ref=3 deblock=1:0:0 analyse=0x3:0x113 me=hex subme=7 psy=1 psy_rd=1.00:0.00 mixed_ref=1 me_range=16 chroma_me=1 trellis=1 8x8dct=1 cqm=0 deadzone=21,11 fast_pskip=1 chroma_qp_offset=-2 threads=30 lookahead_threads=5 sliced_threads=0 nr=0 decimate=1 interlaced=0 bluray_compat=0 constrained_intra=0 bframes=3 b_pyramid=2 b_adapt=1 b_bias=0 direct=1 weightb=1 open_gop=0 weightp=2 keyint=250 keyint_min=25 scenecut=40 intra_refresh=0 rc_lookahead=40 rc=crf mbtree=1 crf=23.0 qcomp=0.60 qpmin=0 qpmax=69 qpstep=4 ip_ratio=1.40 aq=1:1.00
Output #0, mp4, to './src/test/resources/output/translation/tempVideo/500.mp4':
  Metadata:
    encoder         : Lavf61.1.100
  Stream #0:0: Video: h264 (avc1 / 0x31637661), yuvj420p(pc, progressive), 2048x1024 [SAR 4501:9000 DAR 4501:4500], q=2-31, 25 fps, 12800 tbn
      Metadata:
        encoder         : Lavc61.3.100 libx264
      Side data:
        cpb: bitrate max/min/avg: 0/0/0 buffer size: 0 vbv_delay: N/A
[out#0/mp4 @ 0x58499f79bb40] video:32KiB audio:0KiB subtitle:0KiB other streams:0KiB global headers:0KiB muxing overhead: 2.921968%
frame=    6 fps=0.0 q=-1.0 Lsize=      33KiB time=00:00:00.16 bitrate=1678.4kbits/s dup=0 drop=19 speed=0.66x    
[libx264 @ 0x58499f793e80] frame I:1     Avg QP:18.42  size: 29847
[libx264 @ 0x58499f793e80] frame P:2     Avg QP:19.31  size:   582
[libx264 @ 0x58499f793e80] frame B:3     Avg QP:26.94  size:   305
[libx264 @ 0x58499f793e80] consecutive B-frames: 33.3%  0.0%  0.0% 66.7%
[libx264 @ 0x58499f793e80] mb I  I16..4: 28.7% 61.1% 10.3%
[libx264 @ 0x58499f793e80] mb P  I16..4:  0.1%  0.1%  0.0%  P16..4:  1.2%  0.1%  0.1%  0.0%  0.0%    skip:98.4%
[libx264 @ 0x58499f793e80] mb B  I16..4:  0.0%  0.1%  0.0%  B16..8:  1.2%  0.1%  0.0%  direct: 0.1%  skip:98.6%  L0:32.9% L1:64.5% BI: 2.5%
[libx264 @ 0x58499f793e80] 8x8 transform intra:61.1% inter:20.2%
[libx264 @ 0x58499f793e80] coded y,uvDC,uvAC intra: 5.9% 10.2% 9.1% inter: 0.1% 0.0% 0.0%
[libx264 @ 0x58499f793e80] i16 v,h,dc,p: 88% 11%  1%  0%
[libx264 @ 0x58499f793e80] i8 v,h,dc,ddl,ddr,vr,hd,vl,hu: 38%  4% 58%  0%  0%  0%  0%  0%  0%
[libx264 @ 0x58499f793e80] i4 v,h,dc,ddl,ddr,vr,hd,vl,hu: 37% 30% 11%  4%  2%  2%  4%  4%  5%
[libx264 @ 0x58499f793e80] i8c dc,h,v,p: 82%  9%  8%  1%
[libx264 @ 0x58499f793e80] Weighted P-Frames: Y:0.0% UV:0.0%
[libx264 @ 0x58499f793e80] ref P L0: 94.8%  0.2%  0.9%  4.1%
[libx264 @ 0x58499f793e80] ref B L0: 88.3% 11.7%
[libx264 @ 0x58499f793e80] ref B L1: 94.3%  5.7%
[libx264 @ 0x58499f793e80] kb/s:1064.17
ffmpeg version 7.0.2-3ubuntu1 Copyright (c) 2000-2024 the FFmpeg developers
  built with gcc 14 (Ubuntu 14.2.0-2ubuntu1)
  configuration: --prefix=/usr --extra-version=3ubuntu1 --toolchain=hardened --libdir=/usr/lib/x86_64-linux-gnu --incdir=/usr/include/x86_64-linux-gnu --arch=amd64 --enable-gpl --disable-stripping --disable-libmfx --disable-omx --enable-gnutls --enable-libaom --enable-libass --enable-libbs2b --enable-libcdio --enable-libcodec2 --enable-libdav1d --enable-libflite --enable-libfontconfig --enable-libfreetype --enable-libfribidi --enable-libglslang --enable-libgme --enable-libgsm --enable-libharfbuzz --enable-libmp3lame --enable-libmysofa --enable-libopenjpeg --enable-libopenmpt --enable-libopus --enable-librubberband --enable-libshine --enable-libsnappy --enable-libsoxr --enable-libspeex --enable-libtheora --enable-libtwolame --enable-libvidstab --enable-libvorbis --enable-libvpx --enable-libwebp --enable-libx265 --enable-libxml2 --enable-libxvid --enable-libzimg --enable-openal --enable-opencl --enable-opengl --disable-sndio --enable-libvpl --enable-libdc1394 --enable-libdrm --enable-libiec61883 --enable-chromaprint --enable-frei0r --enable-ladspa --enable-libbluray --enable-libcaca --enable-libdvdnav --enable-libdvdread --enable-libjack --enable-libpulse --enable-librabbitmq --enable-librist --enable-libsrt --enable-libssh --enable-libsvtav1 --enable-libx264 --enable-libzmq --enable-libzvbi --enable-lv2 --enable-sdl2 --enable-libplacebo --enable-librav1e --enable-pocketsphinx --enable-librsvg --enable-libjxl --enable-shared
  libavutil      59.  8.100 / 59.  8.100
  libavcodec     61.  3.100 / 61.  3.100
  libavformat    61.  1.100 / 61.  1.100
  libavdevice    61.  1.100 / 61.  1.100
  libavfilter    10.  1.100 / 10.  1.100
  libswscale      8.  1.100 /  8.  1.100
  libswresample   5.  1.100 /  5.  1.100
  libpostproc    58.  1.100 / 58.  1.100
Input #0, concat, from '/home/marco-lasagna/Scaricati/ffmpeg-java/inputFile.txt':
  Duration: N/A, start: 0.000000, bitrate: N/A
  Stream #0:0: Video: mjpeg (Baseline), yuvj420p(pc, bt470bg/unknown/unknown), 4501x4500 [SAR 1:1 DAR 4501:4500], 25 fps, 25 tbr, 25 tbn
Stream mapping:
  Stream #0:0 -> #0:0 (mjpeg (native) -> h264 (libx264))
Press [q] to stop, [?] for help
[swscaler @ 0x71eef8016b00] deprecated pixel format used, make sure you did set range correctly
    Last message repeated 1 times
[swscaler @ 0x71eef8b407c0] deprecated pixel format used, make sure you did set range correctly
    Last message repeated 1 times
[vost#0:0/libx264 @ 0x5dbc55ae9ac0] No information about the input framerate is available. Falling back to a default value of 25fps. Use the -r option if you want a different framerate.
[libx264 @ 0x5dbc55adfe80] using SAR=2048/4095
[libx264 @ 0x5dbc55adfe80] using cpu capabilities: MMX2 SSE2Fast SSSE3 SSE4.2 AVX FMA3 BMI2 AVX2
[libx264 @ 0x5dbc55adfe80] profile High, level 4.0, 4:2:0, 8-bit
[libx264 @ 0x5dbc55adfe80] 264 - core 164 r3108 31e19f9 - H.264/MPEG-4 AVC codec - Copyleft 2003-2023 - http://www.videolan.org/x264.html - options: cabac=1 ref=3 deblock=1:0:0 analyse=0x3:0x113 me=hex subme=7 psy=1 psy_rd=1.00:0.00 mixed_ref=1 me_range=16 chroma_me=1 trellis=1 8x8dct=1 cqm=0 deadzone=21,11 fast_pskip=1 chroma_qp_offset=-2 threads=30 lookahead_threads=5 sliced_threads=0 nr=0 decimate=1 interlaced=0 bluray_compat=0 constrained_intra=0 bframes=3 b_pyramid=2 b_adapt=1 b_bias=0 direct=1 weightb=1 open_gop=0 weightp=2 keyint=250 keyint_min=25 scenecut=40 intra_refresh=0 rc_lookahead=40 rc=crf mbtree=1 crf=23.0 qcomp=0.60 qpmin=0 qpmax=69 qpstep=4 ip_ratio=1.40 aq=1:1.00
Output #0, mp4, to './src/test/resources/output/translation/tempVideo/510.mp4':
  Metadata:
    encoder         : Lavf61.1.100
  Stream #0:0: Video: h264 (avc1 / 0x31637661), yuvj420p(pc, progressive), 2048x1024 [SAR 4501:9000 DAR 4501:4500], q=2-31, 25 fps, 12800 tbn
      Metadata:
        encoder         : Lavc61.3.100 libx264
      Side data:
        cpb: bitrate max/min/avg: 0/0/0 buffer size: 0 vbv_delay: N/A
[out#0/mp4 @ 0x5dbc55ae7b40] video:32KiB audio:0KiB subtitle:0KiB other streams:0KiB global headers:0KiB muxing overhead: 2.935288%
frame=    6 fps=0.0 q=-1.0 Lsize=      33KiB time=00:00:00.16 bitrate=1671.0kbits/s dup=0 drop=19 speed=0.633x    
[libx264 @ 0x5dbc55adfe80] frame I:1     Avg QP:18.82  size: 29738
[libx264 @ 0x5dbc55adfe80] frame P:2     Avg QP:18.18  size:   562
[libx264 @ 0x5dbc55adfe80] frame B:3     Avg QP:26.94  size:   305
[libx264 @ 0x5dbc55adfe80] consecutive B-frames: 33.3%  0.0%  0.0% 66.7%
[libx264 @ 0x5dbc55adfe80] mb I  I16..4: 26.0% 63.8% 10.2%
[libx264 @ 0x5dbc55adfe80] mb P  I16..4:  0.2%  0.1%  0.0%  P16..4:  0.5%  0.1%  0.1%  0.0%  0.0%    skip:99.0%
[libx264 @ 0x5dbc55adfe80] mb B  I16..4:  0.0%  0.0%  0.0%  B16..8:  1.4%  0.0%  0.0%  direct: 0.0%  skip:98.5%  L0:23.4% L1:74.8% BI: 1.7%
[libx264 @ 0x5dbc55adfe80] 8x8 transform intra:63.7% inter:17.9%
[libx264 @ 0x5dbc55adfe80] coded y,uvDC,uvAC intra: 5.9% 10.2% 9.1% inter: 0.1% 0.0% 0.0%
[libx264 @ 0x5dbc55adfe80] i16 v,h,dc,p: 87% 12%  1%  0%
[libx264 @ 0x5dbc55adfe80] i8 v,h,dc,ddl,ddr,vr,hd,vl,hu: 49%  5% 46%  0%  0%  0%  0%  0%  0%
[libx264 @ 0x5dbc55adfe80] i4 v,h,dc,ddl,ddr,vr,hd,vl,hu: 39% 30% 10%  4%  2%  2%  4%  4%  5%
[libx264 @ 0x5dbc55adfe80] i8c dc,h,v,p: 82%  9%  8%  1%
[libx264 @ 0x5dbc55adfe80] Weighted P-Frames: Y:0.0% UV:0.0%
[libx264 @ 0x5dbc55adfe80] ref P L0: 95.4%  1.0%  0.8%  2.8%
[libx264 @ 0x5dbc55adfe80] ref B L0: 93.5%  6.5%
[libx264 @ 0x5dbc55adfe80] ref B L1: 93.7%  6.3%
[libx264 @ 0x5dbc55adfe80] kb/s:1059.23
ffmpeg version 7.0.2-3ubuntu1 Copyright (c) 2000-2024 the FFmpeg developers
  built with gcc 14 (Ubuntu 14.2.0-2ubuntu1)
  configuration: --prefix=/usr --extra-version=3ubuntu1 --toolchain=hardened --libdir=/usr/lib/x86_64-linux-gnu --incdir=/usr/include/x86_64-linux-gnu --arch=amd64 --enable-gpl --disable-stripping --disable-libmfx --disable-omx --enable-gnutls --enable-libaom --enable-libass --enable-libbs2b --enable-libcdio --enable-libcodec2 --enable-libdav1d --enable-libflite --enable-libfontconfig --enable-libfreetype --enable-libfribidi --enable-libglslang --enable-libgme --enable-libgsm --enable-libharfbuzz --enable-libmp3lame --enable-libmysofa --enable-libopenjpeg --enable-libopenmpt --enable-libopus --enable-librubberband --enable-libshine --enable-libsnappy --enable-libsoxr --enable-libspeex --enable-libtheora --enable-libtwolame --enable-libvidstab --enable-libvorbis --enable-libvpx --enable-libwebp --enable-libx265 --enable-libxml2 --enable-libxvid --enable-libzimg --enable-openal --enable-opencl --enable-opengl --disable-sndio --enable-libvpl --enable-libdc1394 --enable-libdrm --enable-libiec61883 --enable-chromaprint --enable-frei0r --enable-ladspa --enable-libbluray --enable-libcaca --enable-libdvdnav --enable-libdvdread --enable-libjack --enable-libpulse --enable-librabbitmq --enable-librist --enable-libsrt --enable-libssh --enable-libsvtav1 --enable-libx264 --enable-libzmq --enable-libzvbi --enable-lv2 --enable-sdl2 --enable-libplacebo --enable-librav1e --enable-pocketsphinx --enable-librsvg --enable-libjxl --enable-shared
  libavutil      59.  8.100 / 59.  8.100
  libavcodec     61.  3.100 / 61.  3.100
  libavformat    61.  1.100 / 61.  1.100
  libavdevice    61.  1.100 / 61.  1.100
  libavfilter    10.  1.100 / 10.  1.100
  libswscale      8.  1.100 /  8.  1.100
  libswresample   5.  1.100 /  5.  1.100
  libpostproc    58.  1.100 / 58.  1.100
Input #0, concat, from '/home/marco-lasagna/Scaricati/ffmpeg-java/inputFile.txt':
  Duration: N/A, start: 0.000000, bitrate: N/A
  Stream #0:0: Video: mjpeg (Baseline), yuvj420p(pc, bt470bg/unknown/unknown), 4501x4500 [SAR 1:1 DAR 4501:4500], 25 fps, 25 tbr, 25 tbn
Stream mapping:
  Stream #0:0 -> #0:0 (mjpeg (native) -> h264 (libx264))
Press [q] to stop, [?] for help
[swscaler @ 0x7793c8016b00] deprecated pixel format used, make sure you did set range correctly
    Last message repeated 1 times
[swscaler @ 0x7793c8b407c0] deprecated pixel format used, make sure you did set range correctly
    Last message repeated 1 times
[vost#0:0/libx264 @ 0x5c756a1d6880] No information about the input framerate is available. Falling back to a default value of 25fps. Use the -r option if you want a different framerate.
[libx264 @ 0x5c756a1ccc40] using SAR=2048/4095
[libx264 @ 0x5c756a1ccc40] using cpu capabilities: MMX2 SSE2Fast SSSE3 SSE4.2 AVX FMA3 BMI2 AVX2
[libx264 @ 0x5c756a1ccc40] profile High, level 4.0, 4:2:0, 8-bit
[libx264 @ 0x5c756a1ccc40] 264 - core 164 r3108 31e19f9 - H.264/MPEG-4 AVC codec - Copyleft 2003-2023 - http://www.videolan.org/x264.html - options: cabac=1 ref=3 deblock=1:0:0 analyse=0x3:0x113 me=hex subme=7 psy=1 psy_rd=1.00:0.00 mixed_ref=1 me_range=16 chroma_me=1 trellis=1 8x8dct=1 cqm=0 deadzone=21,11 fast_pskip=1 chroma_qp_offset=-2 threads=30 lookahead_threads=5 sliced_threads=0 nr=0 decimate=1 interlaced=0 bluray_compat=0 constrained_intra=0 bframes=3 b_pyramid=2 b_adapt=1 b_bias=0 direct=1 weightb=1 open_gop=0 weightp=2 keyint=250 keyint_min=25 scenecut=40 intra_refresh=0 rc_lookahead=40 rc=crf mbtree=1 crf=23.0 qcomp=0.60 qpmin=0 qpmax=69 qpstep=4 ip_ratio=1.40 aq=1:1.00
Output #0, mp4, to './src/test/resources/output/translation/tempVideo/517.mp4':
  Metadata:
    encoder         : Lavf61.1.100
  Stream #0:0: Video: h264 (avc1 / 0x31637661), yuvj420p(pc, progressive), 2048x1024 [SAR 4501:9000 DAR 4501:4500], q=2-31, 25 fps, 12800 tbn
      Metadata:
        encoder         : Lavc61.3.100 libx264
      Side data:
        cpb: bitrate max/min/avg: 0/0/0 buffer size: 0 vbv_delay: N/A
[out#0/mp4 @ 0x5c756a1d4900] video:30KiB audio:0KiB subtitle:0KiB other streams:0KiB global headers:0KiB muxing overhead: 3.004154%
frame=    5 fps=0.0 q=-1.0 Lsize=      31KiB time=00:00:00.12 bitrate=2132.7kbits/s dup=0 drop=13 speed=0.631x    
[libx264 @ 0x5c756a1ccc40] frame I:1     Avg QP:19.38  size: 28771
[libx264 @ 0x5c756a1ccc40] frame P:2     Avg QP:14.47  size:   540
[libx264 @ 0x5c756a1ccc40] frame B:2     Avg QP:25.24  size:   258
[libx264 @ 0x5c756a1ccc40] consecutive B-frames: 40.0%  0.0% 60.0%  0.0%
[libx264 @ 0x5c756a1ccc40] mb I  I16..4: 24.6% 65.3% 10.1%
[libx264 @ 0x5c756a1ccc40] mb P  I16..4:  0.3%  0.0%  0.0%  P16..4:  0.9%  0.2%  0.1%  0.0%  0.0%    skip:98.5%
[libx264 @ 0x5c756a1ccc40] mb B  I16..4:  0.1%  0.0%  0.0%  B16..8:  1.3%  0.1%  0.0%  direct: 0.1%  skip:98.5%  L0:23.5% L1:75.5% BI: 1.0%
[libx264 @ 0x5c756a1ccc40] 8x8 transform intra:64.8% inter:10.2%
[libx264 @ 0x5c756a1ccc40] coded y,uvDC,uvAC intra: 5.8% 10.0% 8.9% inter: 0.1% 0.0% 0.0%
[libx264 @ 0x5c756a1ccc40] i16 v,h,dc,p: 87% 13%  1%  0%
[libx264 @ 0x5c756a1ccc40] i8 v,h,dc,ddl,ddr,vr,hd,vl,hu: 62% 11% 27%  0%  0%  0%  0%  0%  0%
[libx264 @ 0x5c756a1ccc40] i4 v,h,dc,ddl,ddr,vr,hd,vl,hu: 40% 30%  9%  4%  2%  2%  4%  4%  5%
[libx264 @ 0x5c756a1ccc40] i8c dc,h,v,p: 82%  9%  8%  1%
[libx264 @ 0x5c756a1ccc40] Weighted P-Frames: Y:0.0% UV:0.0%
[libx264 @ 0x5c756a1ccc40] ref P L0: 98.3%  0.1%  1.6%
[libx264 @ 0x5c756a1ccc40] kb/s:1214.68
ffmpeg version 7.0.2-3ubuntu1 Copyright (c) 2000-2024 the FFmpeg developers
  built with gcc 14 (Ubuntu 14.2.0-2ubuntu1)
  configuration: --prefix=/usr --extra-version=3ubuntu1 --toolchain=hardened --libdir=/usr/lib/x86_64-linux-gnu --incdir=/usr/include/x86_64-linux-gnu --arch=amd64 --enable-gpl --disable-stripping --disable-libmfx --disable-omx --enable-gnutls --enable-libaom --enable-libass --enable-libbs2b --enable-libcdio --enable-libcodec2 --enable-libdav1d --enable-libflite --enable-libfontconfig --enable-libfreetype --enable-libfribidi --enable-libglslang --enable-libgme --enable-libgsm --enable-libharfbuzz --enable-libmp3lame --enable-libmysofa --enable-libopenjpeg --enable-libopenmpt --enable-libopus --enable-librubberband --enable-libshine --enable-libsnappy --enable-libsoxr --enable-libspeex --enable-libtheora --enable-libtwolame --enable-libvidstab --enable-libvorbis --enable-libvpx --enable-libwebp --enable-libx265 --enable-libxml2 --enable-libxvid --enable-libzimg --enable-openal --enable-opencl --enable-opengl --disable-sndio --enable-libvpl --enable-libdc1394 --enable-libdrm --enable-libiec61883 --enable-chromaprint --enable-frei0r --enable-ladspa --enable-libbluray --enable-libcaca --enable-libdvdnav --enable-libdvdread --enable-libjack --enable-libpulse --enable-librabbitmq --enable-librist --enable-libsrt --enable-libssh --enable-libsvtav1 --enable-libx264 --enable-libzmq --enable-libzvbi --enable-lv2 --enable-sdl2 --enable-libplacebo --enable-librav1e --enable-pocketsphinx --enable-librsvg --enable-libjxl --enable-shared
  libavutil      59.  8.100 / 59.  8.100
  libavcodec     61.  3.100 / 61.  3.100
  libavformat    61.  1.100 / 61.  1.100
  libavdevice    61.  1.100 / 61.  1.100
  libavfilter    10.  1.100 / 10.  1.100
  libswscale      8.  1.100 /  8.  1.100
  libswresample   5.  1.100 /  5.  1.100
  libpostproc    58.  1.100 / 58.  1.100
[mov,mp4,m4a,3gp,3g2,mj2 @ 0x63f81cf8b140] Auto-inserting h264_mp4toannexb bitstream filter
Input #0, concat, from '/home/marco-lasagna/Scaricati/ffmpeg-java/inputFile.txt':
  Duration: N/A, start: 0.000000, bitrate: 1088 kb/s
  Stream #0:0(und): Video: h264 (High) (avc1 / 0x31637661), yuvj420p(pc, progressive), 2048x1024 [SAR 2048:4095 DAR 4096:4095], 1088 kb/s, SAR 4501:9000 DAR 4501:4500, 25 fps, 25 tbr, 12800 tbn
      Metadata:
        handler_name    : VideoHandler
        vendor_id       : [0][0][0][0]
        encoder         : Lavc61.3.100 libx264
Stream mapping:
  Stream #0:0 -> #0:0 (h264 (native) -> h264 (libx264))
Press [q] to stop, [?] for help
[mov,mp4,m4a,3gp,3g2,mj2 @ 0x63f81cf8b140] Auto-inserting h264_mp4toannexb bitstream filter
    Last message repeated 3 times
[vost#0:0/libx264 @ 0x63f81d020b40] No information about the input framerate is available. Falling back to a default value of 25fps. Use the -r option if you want a different framerate.
[libx264 @ 0x63f81cf8bd80] using SAR=2048/4095
[libx264 @ 0x63f81cf8bd80] using cpu capabilities: MMX2 SSE2Fast SSSE3 SSE4.2 AVX FMA3 BMI2 AVX2
[mov,mp4,m4a,3gp,3g2,mj2 @ 0x63f81cf8b140] Auto-inserting h264_mp4toannexb bitstream filter
[libx264 @ 0x63f81cf8bd80] profile High, level 4.0, 4:2:0, 8-bit
[libx264 @ 0x63f81cf8bd80] 264 - core 164 r3108 31e19f9 - H.264/MPEG-4 AVC codec - Copyleft 2003-2023 - http://www.videolan.org/x264.html - options: cabac=1 ref=3 deblock=1:0:0 analyse=0x3:0x113 me=hex subme=7 psy=1 psy_rd=1.00:0.00 mixed_ref=1 me_range=16 chroma_me=1 trellis=1 8x8dct=1 cqm=0 deadzone=21,11 fast_pskip=1 chroma_qp_offset=-2 threads=30 lookahead_threads=5 sliced_threads=0 nr=0 decimate=1 interlaced=0 bluray_compat=0 constrained_intra=0 bframes=3 b_pyramid=2 b_adapt=1 b_bias=0 direct=1 weightb=1 open_gop=0 weightp=2 keyint=250 keyint_min=25 scenecut=40 intra_refresh=0 rc_lookahead=40 rc=crf mbtree=1 crf=23.0 qcomp=0.60 qpmin=0 qpmax=69 qpstep=4 ip_ratio=1.40 aq=1:1.00
Output #0, mp4, to './src/test/resources/output/translation/video/output1.mp4':
  Metadata:
    encoder         : Lavf61.1.100
  Stream #0:0(und): Video: h264 (avc1 / 0x31637661), yuvj420p(pc, progressive), 2048x1024 [SAR 4501:9000 DAR 4501:4500], q=2-31, 25 fps, 12800 tbn
      Metadata:
        handler_name    : VideoHandler
        vendor_id       : [0][0][0][0]
        encoder         : Lavc61.3.100 libx264
      Side data:
        cpb: bitrate max/min/avg: 0/0/0 buffer size: 0 vbv_delay: N/A
[mov,mp4,m4a,3gp,3g2,mj2 @ 0x63f81cf8b140] Auto-inserting h264_mp4toannexb bitstream filter
    Last message repeated 45 times
frame=  114 fps=0.0 q=28.0 size=       0KiB time=00:00:04.48 bitrate=   0.1kbits/s dup=0 drop=590 speed=8.96x    [out#0/mp4 @ 0x63f81d0203c0] video:117KiB audio:0KiB subtitle:0KiB other streams:0KiB global headers:0KiB muxing overhead: 2.300164%
frame=  157 fps=0.0 q=-1.0 Lsize=     120KiB time=00:00:06.20 bitrate= 158.2kbits/s dup=0 drop=590 speed=11.6x    
[libx264 @ 0x63f81cf8bd80] frame I:1     Avg QP:16.94  size: 35768
[libx264 @ 0x63f81cf8bd80] frame P:41    Avg QP:20.61  size:  1105
[libx264 @ 0x63f81cf8bd80] frame B:115   Avg QP:28.69  size:   331
[libx264 @ 0x63f81cf8bd80] consecutive B-frames:  1.9%  1.3%  0.0% 96.8%
[libx264 @ 0x63f81cf8bd80] mb I  I16..4: 16.7% 72.8% 10.5%
[libx264 @ 0x63f81cf8bd80] mb P  I16..4:  0.1%  0.1%  0.0%  P16..4:  2.0%  0.2%  0.1%  0.0%  0.0%    skip:97.5%
[libx264 @ 0x63f81cf8bd80] mb B  I16..4:  0.0%  0.0%  0.0%  B16..8:  1.3%  0.1%  0.0%  direct: 0.0%  skip:98.5%  L0:50.8% L1:45.5% BI: 3.7%
[libx264 @ 0x63f81cf8bd80] 8x8 transform intra:70.9% inter:27.2%
[libx264 @ 0x63f81cf8bd80] coded y,uvDC,uvAC intra: 6.0% 10.0% 8.9% inter: 0.1% 0.1% 0.0%
[libx264 @ 0x63f81cf8bd80] i16 v,h,dc,p: 75% 24%  1%  0%
[libx264 @ 0x63f81cf8bd80] i8 v,h,dc,ddl,ddr,vr,hd,vl,hu: 61%  9% 29%  0%  0%  0%  0%  0%  0%
[libx264 @ 0x63f81cf8bd80] i4 v,h,dc,ddl,ddr,vr,hd,vl,hu: 39% 29% 11%  4%  2%  2%  4%  3%  5%
[libx264 @ 0x63f81cf8bd80] i8c dc,h,v,p: 78% 12%  9%  1%
[libx264 @ 0x63f81cf8bd80] Weighted P-Frames: Y:0.0% UV:0.0%
[libx264 @ 0x63f81cf8bd80] ref P L0: 67.8%  2.9% 15.3% 14.0%
[libx264 @ 0x63f81cf8bd80] ref B L0: 71.6% 21.2%  7.2%
[libx264 @ 0x63f81cf8bd80] ref B L1: 91.8%  8.2%
[libx264 @ 0x63f81cf8bd80] kb/s:151.81
]]></system-err>
</testsuite>
