<?xml version="1.0" encoding="UTF-8"?>
<testsuite name="it.disi.unitn.videocreator.VideoExtractorTest" tests="1" skipped="0" failures="0" errors="0" timestamp="2025-04-29T15:26:13.869Z" hostname="marco-lasagna-Dell-G15-5530" time="0.876">
  <properties/>
  <testcase name="extractVideo()" classname="it.disi.unitn.videocreator.VideoExtractorTest" time="0.876"/>
  <system-out><![CDATA[]]></system-out>
  <system-err><![CDATA[ffmpeg version 7.1.1-1ubuntu1 Copyright (c) 2000-2025 the FFmpeg developers
  built with gcc 14 (Ubuntu 14.2.0-17ubuntu3)
  configuration: --prefix=/usr --extra-version=1ubuntu1 --toolchain=hardened --libdir=/usr/lib/x86_64-linux-gnu --incdir=/usr/include/x86_64-linux-gnu --arch=amd64 --enable-gpl --disable-stripping --disable-libmfx --disable-omx --enable-gnutls --enable-libaom --enable-libass --enable-libbs2b --enable-libcdio --enable-libcodec2 --enable-libdav1d --enable-libflite --enable-libfontconfig --enable-libfreetype --enable-libfribidi --enable-libglslang --enable-libgme --enable-libgsm --enable-libharfbuzz --enable-libmp3lame --enable-libmysofa --enable-libopenjpeg --enable-libopenmpt --enable-libopus --enable-librubberband --enable-libshine --enable-libsnappy --enable-libsoxr --enable-libspeex --enable-libtheora --enable-libtwolame --enable-libvidstab --enable-libvorbis --enable-libvpx --enable-libwebp --enable-libx265 --enable-libxml2 --enable-libxvid --enable-libzimg --enable-openal --enable-opencl --enable-opengl --disable-sndio --enable-libvpl --enable-libdc1394 --enable-libdrm --enable-libiec61883 --enable-chromaprint --enable-frei0r --enable-ladspa --enable-libbluray --enable-libcaca --enable-libdvdnav --enable-libdvdread --enable-libjack --enable-libpulse --enable-librabbitmq --enable-librist --enable-libsrt --enable-libssh --enable-libsvtav1 --enable-libx264 --enable-libzmq --enable-libzvbi --enable-lv2 --enable-sdl2 --enable-libplacebo --enable-librav1e --enable-pocketsphinx --enable-librsvg --enable-libjxl --enable-shared
  libavutil      59. 39.100 / 59. 39.100
  libavcodec     61. 19.101 / 61. 19.101
  libavformat    61.  7.100 / 61.  7.100
  libavdevice    61.  3.100 / 61.  3.100
  libavfilter    10.  4.100 / 10.  4.100
  libswscale      8.  3.100 /  8.  3.100
  libswresample   5.  3.100 /  5.  3.100
  libpostproc    58.  3.100 / 58.  3.100
Input #0, asf, from './src/test/resources/input/mp4/000.wmv':
  Metadata:
    encoder         : Lavf61.1.100
  Duration: 00:00:06.00, start: 0.000000, bitrate: 112 kb/s
  Stream #0:0: Video: wmv2 (WMV2 / 0x32564D57), yuv420p, 800x600, SAR 4501:6000 DAR 4501:4500, 1k tbr, 1k tbn
  Stream #0:1: Audio: mp3 (mp3float) (U[0][0][0] / 0x0055), 24000 Hz, mono, fltp, 64 kb/s
Stream mapping:
  Stream #0:0 -> #0:0 (wmv2 (native) -> msmpeg4v3 (msmpeg4))
Press [q] to stop, [?] for help
Output #0, asf, to './src/test/resources/output/mp4/000.wmv':
  Metadata:
    WM/EncodingSettings: Lavf61.7.100
  Stream #0:0: Video: msmpeg4v3 (MP43 / 0x3334504D), yuv420p(tv, progressive), 800x600 [SAR 4501:6000 DAR 4501:4500], q=2-31, 200 kb/s, 1k fps, 1k tbn
      Metadata:
        encoder         : Lavc61.19.101 msmpeg4
      Side data:
        cpb: bitrate max/min/avg: 0/0/200000 buffer size: 0 vbv_delay: N/A
frame=  839 fps=0.0 q=31.0 size=     768KiB time=00:00:00.83 bitrate=7498.8kbits/s dup=1343 drop=0 speed=1.68x    [out#0/asf @ 0x58de009f3400] video:1604KiB audio:0KiB subtitle:0KiB other streams:0KiB global headers:0KiB muxing overhead: 2.344241%
frame= 1345 fps=0.0 q=31.0 Lsize=    1641KiB time=00:00:01.34 bitrate=9996.9kbits/s dup=1343 drop=0 speed=1.71x    
]]></system-err>
</testsuite>
