<?xml version="1.0" encoding="UTF-8"?>
<testsuite name="FFMpegBuilderTest" tests="2" skipped="0" failures="0" errors="0" timestamp="2024-03-30T02:54:28" hostname="marco-Dell-G15-5530" time="0.248">
  <properties/>
  <testcase name="setVideoFrameSize()" classname="FFMpegBuilderTest" time="0.149"/>
  <testcase name="testSetVideoFrameSize()" classname="FFMpegBuilderTest" time="0.096"/>
  <system-out><![CDATA[]]></system-out>
  <system-err><![CDATA[ffmpeg version N-113412-g0b8e51b584 Copyright (c) 2000-2024 the FFmpeg developers
  built with gcc 13 (Ubuntu 13.2.0-4ubuntu3)
  configuration: --enable-avformat --enable-avcodec
  libavutil      58. 36.101 / 58. 36.101
  libavcodec     60. 38.100 / 60. 38.100
  libavformat    60. 20.100 / 60. 20.100
  libavdevice    60.  4.100 / 60.  4.100
  libavfilter     9. 17.100 /  9. 17.100
  libswscale      7.  6.100 /  7.  6.100
  libswresample   4. 13.100 /  4. 13.100
Input #0, mov,mp4,m4a,3gp,3g2,mj2, from './src/test/resources/input/mp4/000.mp4':
  Metadata:
    major_brand     : isom
    minor_version   : 512
    compatible_brands: isomiso2mp41
    encoder         : Lavf60.20.100
  Duration: 00:00:01.00, start: 0.000000, bitrate: 338 kb/s
  Stream #0:0[0x1](und): Video: mjpeg (Baseline) (mp4v / 0x7634706D), yuvj420p(pc, bt470bg/unknown/unknown, progressive), 1920x1080 [SAR 4501:8000 DAR 4501:4500], 332 kb/s, 1 fps, 1 tbr, 16384 tbn (default)
      Metadata:
        handler_name    : VideoHandler
        vendor_id       : [0][0][0][0]
        encoder         : Lavc60.38.100 mjpeg
Stream mapping:
  Stream #0:0 -> #0:0 (mjpeg (native) -> mpeg4 (native))
Press [q] to stop, [?] for help
[swscaler @ 0x79007c012dc0] deprecated pixel format used, make sure you did set range correctly
    Last message repeated 3 times
[mpeg4 @ 0x5bf52625cc00] Invalid pixel aspect ratio 4501/8000, limit is 255/255 reducing
Output #0, mp4, to './src/test/resources/input/mp4/000-1.mp4':
  Metadata:
    major_brand     : isom
    minor_version   : 512
    compatible_brands: isomiso2mp41
    encoder         : Lavf60.20.100
  Stream #0:0(und): Video: mpeg4 (mp4v / 0x7634706D), yuv420p(progressive), 1920x1080 [SAR 9:16 DAR 1:1], q=2-31, 200 kb/s, SAR 4501:8000 DAR 4501:4500, 1 fps, 16384 tbn (default)
      Metadata:
        handler_name    : VideoHandler
        vendor_id       : [0][0][0][0]
        encoder         : Lavc60.38.100 mpeg4
      Side data:
        cpb: bitrate max/min/avg: 0/0/200000 buffer size: 0 vbv_delay: N/A
[out#0/mp4 @ 0x5bf52625e100] video:57kB audio:0kB subtitle:0kB other streams:0kB global headers:0kB muxing overhead: 1.493399%
frame=    1 fps=0.0 q=8.5 Lsize=      58kB time=00:00:01.00 bitrate= 477.9kbits/s speed=12.3x    
ffmpeg version N-113412-g0b8e51b584 Copyright (c) 2000-2024 the FFmpeg developers
  built with gcc 13 (Ubuntu 13.2.0-4ubuntu3)
  configuration: --enable-avformat --enable-avcodec
  libavutil      58. 36.101 / 58. 36.101
  libavcodec     60. 38.100 / 60. 38.100
  libavformat    60. 20.100 / 60. 20.100
  libavdevice    60.  4.100 / 60.  4.100
  libavfilter     9. 17.100 /  9. 17.100
  libswscale      7.  6.100 /  7.  6.100
  libswresample   4. 13.100 /  4. 13.100
Input #0, mov,mp4,m4a,3gp,3g2,mj2, from './src/test/resources/input/mp4/000.mp4':
  Metadata:
    major_brand     : isom
    minor_version   : 512
    compatible_brands: isomiso2mp41
    encoder         : Lavf60.20.100
  Duration: 00:00:01.00, start: 0.000000, bitrate: 338 kb/s
  Stream #0:0[0x1](und): Video: mjpeg (Baseline) (mp4v / 0x7634706D), yuvj420p(pc, bt470bg/unknown/unknown, progressive), 1920x1080 [SAR 4501:8000 DAR 4501:4500], 332 kb/s, 1 fps, 1 tbr, 16384 tbn (default)
      Metadata:
        handler_name    : VideoHandler
        vendor_id       : [0][0][0][0]
        encoder         : Lavc60.38.100 mjpeg
Stream mapping:
  Stream #0:0 -> #0:0 (mjpeg (native) -> mpeg4 (native))
Press [q] to stop, [?] for help
[swscaler @ 0x7f1240012dc0] deprecated pixel format used, make sure you did set range correctly
    Last message repeated 3 times
[mpeg4 @ 0x603f07badc00] Invalid pixel aspect ratio 4501/8000, limit is 255/255 reducing
Output #0, mp4, to './src/test/resources/input/mp4/000-1.mp4':
  Metadata:
    major_brand     : isom
    minor_version   : 512
    compatible_brands: isomiso2mp41
    encoder         : Lavf60.20.100
  Stream #0:0(und): Video: mpeg4 (mp4v / 0x7634706D), yuv420p(progressive), 1920x1080 [SAR 9:16 DAR 1:1], q=2-31, 200 kb/s, SAR 4501:8000 DAR 4501:4500, 1 fps, 16384 tbn (default)
      Metadata:
        handler_name    : VideoHandler
        vendor_id       : [0][0][0][0]
        encoder         : Lavc60.38.100 mpeg4
      Side data:
        cpb: bitrate max/min/avg: 0/0/200000 buffer size: 0 vbv_delay: N/A
[out#0/mp4 @ 0x603f07baf100] video:57kB audio:0kB subtitle:0kB other streams:0kB global headers:0kB muxing overhead: 1.493399%
frame=    1 fps=0.0 q=8.5 Lsize=      58kB time=00:00:01.00 bitrate= 477.9kbits/s speed=12.9x    
]]></system-err>
</testsuite>
