<?xml version="1.0" encoding="UTF-8"?>
<testsuite name="it.disi.unitn.json.JSONToImageTest" tests="1" skipped="0" failures="0" errors="0" timestamp="2025-02-14T22:53:08" hostname="marco-lasagna-Dell-G15-5530" time="3.016">
  <properties/>
  <testcase name="generate()" classname="it.disi.unitn.json.JSONToImageTest" time="3.016"/>
  <system-out><![CDATA[]]></system-out>
  <system-err><![CDATA[]]></system-err>
</testsuite>
