<?xml version="1.0" encoding="UTF-8"?>
<testsuite name="it.disi.unitn.videocreator.transcoder.VideoTranscoderTest" tests="2" skipped="0" failures="0" errors="0" timestamp="2024-04-08T13:37:48" hostname="marco-Dell-G15-5530" time="0.222">
  <properties/>
  <testcase name="createCommand()" classname="it.disi.unitn.videocreator.transcoder.VideoTranscoderTest" time="0.212"/>
  <testcase name="createCommandForAudio()" classname="it.disi.unitn.videocreator.transcoder.VideoTranscoderTest" time="0.009"/>
  <system-out><![CDATA[]]></system-out>
  <system-err><![CDATA[ffmpeg version N-113412-g0b8e51b584 Copyright (c) 2000-2024 the FFmpeg developers
  built with gcc 13 (Ubuntu 13.2.0-4ubuntu3)
  configuration: --enable-avformat --enable-avcodec
  libavutil      58. 36.101 / 58. 36.101
  libavcodec     60. 38.100 / 60. 38.100
  libavformat    60. 20.100 / 60. 20.100
  libavdevice    60.  4.100 / 60.  4.100
  libavfilter     9. 17.100 /  9. 17.100
  libswscale      7.  6.100 /  7.  6.100
  libswresample   4. 13.100 /  4. 13.100
Input #0, mov,mp4,m4a,3gp,3g2,mj2, from './src/test/resources/input/mp4/example.mp4':
  Metadata:
    major_brand     : isom
    minor_version   : 512
    compatible_brands: isomiso2mp41
    encoder         : Lavf60.20.100
  Duration: 00:00:00.04, start: 0.000000, bitrate: 105383 kb/s
  Stream #0:0[0x1](und): Video: mjpeg (Baseline) (mp4v / 0x7634706D), yuvj420p(pc, bt470bg/unknown/unknown), 4501x4500 [SAR 1:1 DAR 4501:4500], 105217 kb/s, 25.01 fps, 25.01 tbr, 16384 tbn (default)
      Metadata:
        handler_name    : VideoHandler
        vendor_id       : [0][0][0][0]
Stream mapping:
  Stream #0:0 -> #0:0 (mjpeg (native) -> mjpeg (native))
Press [q] to stop, [?] for help
[swscaler @ 0x7b68ac013cc0] deprecated pixel format used, make sure you did set range correctly
    Last message repeated 2 times
[swscaler @ 0x7b68aca709c0] deprecated pixel format used, make sure you did set range correctly
Output #0, mov, to './src/test/resources/input/mp4/example.mov':
  Metadata:
    major_brand     : isom
    minor_version   : 512
    compatible_brands: isomiso2mp41
    encoder         : Lavf60.20.100
  Stream #0:0(und): Video: mjpeg (jpeg / 0x6765706A), yuv420p(pc, bt709/unknown/unknown, progressive), 800x600 [SAR 4501:6000 DAR 4501:4500], q=2-31, 200 kb/s, 1 fps, 16384 tbn (default)
      Metadata:
        handler_name    : VideoHandler
        vendor_id       : [0][0][0][0]
        encoder         : Lavc60.38.100 mjpeg
      Side data:
        cpb: bitrate max/min/avg: 0/0/200000 buffer size: 0 vbv_delay: N/A
[out#0/mov @ 0x587c8d879800] video:16kB audio:0kB subtitle:0kB other streams:0kB global headers:0kB muxing overhead: 4.917734%
frame=    1 fps=0.0 q=18.0 Lsize=      17kB time=00:00:01.00 bitrate= 138.2kbits/s speed=6.14x    
ffmpeg version N-113412-g0b8e51b584 Copyright (c) 2000-2024 the FFmpeg developers
  built with gcc 13 (Ubuntu 13.2.0-4ubuntu3)
  configuration: --enable-avformat --enable-avcodec
  libavutil      58. 36.101 / 58. 36.101
  libavcodec     60. 38.100 / 60. 38.100
  libavformat    60. 20.100 / 60. 20.100
  libavdevice    60.  4.100 / 60.  4.100
  libavfilter     9. 17.100 /  9. 17.100
  libswscale      7.  6.100 /  7.  6.100
  libswresample   4. 13.100 /  4. 13.100
Input #0, asf, from './src/test/resources/input/mp4/002.wmv':
  Metadata:
    encoder         : Lavf60.20.100
  Duration: 00:00:01.32, start: 0.000000, bitrate: 141 kb/s
  Stream #0:0: Video: wmv2 (WMV2 / 0x32564D57), yuv420p, 800x600, SAR 4501:6000 DAR 4501:4500, 1k tbr, 1k tbn
  Stream #0:1: Audio: mp3 (U[0][0][0] / 0x0055), 24000 Hz, mono, fltp, 32 kb/s
Stream mapping:
  Stream #0:1 -> #0:0 (mp3 (mp3float) -> flac (native))
Press [q] to stop, [?] for help
[flac @ 0x572f628467c0] encoding as 24 bits-per-sample, more is considered experimental. Add -strict experimental if you want to encode more than 24 bits-per-sample
Output #0, wav, to './src/test/resources/input/mp4/002.wav':
  Metadata:
    ISFT            : Lavf60.20.100
  Stream #0:0: Audio: flac ([172][241][0][0] / 0xF1AC), 24000 Hz, mono, s32 (24 bit), 128 kb/s
      Metadata:
        encoder         : Lavc60.38.100 flac
[out#0/wav @ 0x572f62843680] video:0kB audio:45kB subtitle:0kB other streams:0kB global headers:0kB muxing overhead: 0.275829%
size=      45kB time=00:00:01.32 bitrate= 279.8kbits/s speed= 835x    
]]></system-err>
</testsuite>
