<?xml version="1.0" encoding="UTF-8"?>
<testsuite name="it.disi.unitn.videocreator.transcoder.VideoTranscoderTest" tests="2" skipped="0" failures="0" errors="0" timestamp="2024-06-04T10:27:16" hostname="marco-lasagna-Dell-G15-5530" time="0.29">
  <properties/>
  <testcase name="createCommand()" classname="it.disi.unitn.videocreator.transcoder.VideoTranscoderTest" time="0.254"/>
  <testcase name="createCommandForAudio()" classname="it.disi.unitn.videocreator.transcoder.VideoTranscoderTest" time="0.035"/>
  <system-out><![CDATA[]]></system-out>
  <system-err><![CDATA[ffmpeg version N-115353-gd43e123837 Copyright (c) 2000-2024 the FFmpeg developers
  built with gcc 13 (Ubuntu 13.2.0-23ubuntu4)
  configuration: --prefix=/home/marco-lasagna/ffmpeg_build --pkg-config-flags=--static --extra-cflags=-I/home/marco-lasagna/ffmpeg_build/include --extra-ldflags=-L/home/marco-lasagna/ffmpeg_build/lib --extra-libs='-lpthread -lm' --ld=g++ --bindir=/home/marco-lasagna/bin --enable-gpl --enable-gnutls --enable-libaom --enable-libass --enable-libfdk-aac --enable-libfreetype --enable-libmp3lame --enable-libopus --enable-libsvtav1 --enable-libdav1d --enable-libvorbis --enable-libvpx --enable-libx264 --enable-libx265 --enable-nonfree
  libavutil      59. 19.100 / 59. 19.100
  libavcodec     61.  5.104 / 61.  5.104
  libavformat    61.  3.103 / 61.  3.103
  libavdevice    61.  2.100 / 61.  2.100
  libavfilter    10.  2.102 / 10.  2.102
  libswscale      8.  2.100 /  8.  2.100
  libswresample   5.  2.100 /  5.  2.100
  libpostproc    58.  2.100 / 58.  2.100
Input #0, mov,mp4,m4a,3gp,3g2,mj2, from './src/test/resources/input/mp4/000.mp4':
  Metadata:
    major_brand     : isom
    minor_version   : 512
    compatible_brands: isomiso2mp41
    encoder         : Lavf60.20.100
  Duration: 00:00:01.00, start: 0.000000, bitrate: 338 kb/s
  Stream #0:0[0x1](und): Video: mjpeg (Baseline) (mp4v / 0x7634706D), yuvj420p(pc, bt470bg/unknown/unknown, progressive), 1920x1080 [SAR 4501:8000 DAR 4501:4500], 332 kb/s, 1 fps, 1 tbr, 16384 tbn (default)
      Metadata:
        handler_name    : VideoHandler
        vendor_id       : [0][0][0][0]
        encoder         : Lavc60.38.100 mjpeg
Stream mapping:
  Stream #0:0 -> #0:0 (mjpeg (native) -> mjpeg (native))
Press [q] to stop, [?] for help
[swscaler @ 0x7e5b300228c0] deprecated pixel format used, make sure you did set range correctly
[swscaler @ 0x7e5b30f79ec0] deprecated pixel format used, make sure you did set range correctly
[swscaler @ 0x7e5b300228c0] deprecated pixel format used, make sure you did set range correctly
[swscaler @ 0x7e5b30022540] deprecated pixel format used, make sure you did set range correctly
    Last message repeated 1 times
Output #0, mov, to './src/test/resources/input/mp4/example.mov':
  Metadata:
    major_brand     : isom
    minor_version   : 512
    compatible_brands: isomiso2mp41
    encoder         : Lavf61.3.103
  Stream #0:0(und): Video: mjpeg (jpeg / 0x6765706A), yuvj420p(pc, progressive), 2048x1920 [SAR 4501:4800 DAR 4501:4500], q=2-31, 200 kb/s, 1 fps, 16384 tbn (default)
      Metadata:
        handler_name    : VideoHandler
        vendor_id       : [0][0][0][0]
        encoder         : Lavc61.5.104 mjpeg
      Side data:
        cpb: bitrate max/min/avg: 0/0/200000 buffer size: 0 vbv_delay: N/A
[out#0/mov @ 0x5aa215948080] video:61KiB audio:0KiB subtitle:0KiB other streams:0KiB global headers:0KiB muxing overhead: 1.293014%
frame=    1 fps=0.0 q=18.0 Lsize=      62KiB time=00:00:01.00 bitrate= 507.0kbits/s speed= 5.4x    
ffmpeg version N-115353-gd43e123837 Copyright (c) 2000-2024 the FFmpeg developers
  built with gcc 13 (Ubuntu 13.2.0-23ubuntu4)
  configuration: --prefix=/home/marco-lasagna/ffmpeg_build --pkg-config-flags=--static --extra-cflags=-I/home/marco-lasagna/ffmpeg_build/include --extra-ldflags=-L/home/marco-lasagna/ffmpeg_build/lib --extra-libs='-lpthread -lm' --ld=g++ --bindir=/home/marco-lasagna/bin --enable-gpl --enable-gnutls --enable-libaom --enable-libass --enable-libfdk-aac --enable-libfreetype --enable-libmp3lame --enable-libopus --enable-libsvtav1 --enable-libdav1d --enable-libvorbis --enable-libvpx --enable-libx264 --enable-libx265 --enable-nonfree
  libavutil      59. 19.100 / 59. 19.100
  libavcodec     61.  5.104 / 61.  5.104
  libavformat    61.  3.103 / 61.  3.103
  libavdevice    61.  2.100 / 61.  2.100
  libavfilter    10.  2.102 / 10.  2.102
  libswscale      8.  2.100 /  8.  2.100
  libswresample   5.  2.100 /  5.  2.100
  libpostproc    58.  2.100 / 58.  2.100
Input #0, asf, from './src/test/resources/input/mp4/002.wmv':
  Metadata:
    encoder         : Lavf60.20.100
  Duration: 00:00:01.32, start: 0.000000, bitrate: 141 kb/s
  Stream #0:0: Video: wmv2 (WMV2 / 0x32564D57), yuv420p, 800x600, SAR 4501:6000 DAR 4501:4500, 1k tbr, 1k tbn
  Stream #0:1: Audio: mp3 (mp3float) (U[0][0][0] / 0x0055), 24000 Hz, mono, fltp, 32 kb/s
Stream mapping:
  Stream #0:1 -> #0:0 (mp3 (mp3float) -> flac (native))
Press [q] to stop, [?] for help
[flac @ 0x592758321f80] encoding as 24 bits-per-sample, more is considered experimental. Add -strict experimental if you want to encode more than 24 bits-per-sample
Output #0, wav, to './src/test/resources/input/mp4/002.wav':
  Metadata:
    ISFT            : Lavf61.3.103
  Stream #0:0: Audio: flac ([172][241][0][0] / 0xF1AC), 24000 Hz, mono, s32 (24 bit), 128 kb/s
      Metadata:
        encoder         : Lavc61.5.104 flac
[out#0/wav @ 0x592758350c00] video:0KiB audio:45KiB subtitle:0KiB other streams:0KiB global headers:0KiB muxing overhead: 0.275829%
size=      45KiB time=00:00:01.32 bitrate= 279.8kbits/s speed= 243x    
]]></system-err>
</testsuite>
