<?xml version="1.0" encoding="UTF-8"?>
<testsuite name="it.disi.unitn.json.JSONToImageTest" tests="1" skipped="0" failures="0" errors="0" timestamp="2024-04-08T13:23:00" hostname="marco-Dell-G15-5530" time="1.657">
  <properties/>
  <testcase name="generate()" classname="it.disi.unitn.json.JSONToImageTest" time="1.657"/>
  <system-out><![CDATA[./src/test/resources/input/images
jpeg
800
600
1800000
]]></system-out>
  <system-err><![CDATA[]]></system-err>
</testsuite>
