<?xml version="1.0" encoding="UTF-8"?>
<testsuite name="it.disi.unitn.json.JSONToImageTest" tests="1" skipped="0" failures="0" errors="0" timestamp="2024-06-04T10:27:13" hostname="marco-lasagna-Dell-G15-5530" time="2.123">
  <properties/>
  <testcase name="generate()" classname="it.disi.unitn.json.JSONToImageTest" time="2.123"/>
  <system-out><![CDATA[]]></system-out>
  <system-err><![CDATA[]]></system-err>
</testsuite>
