<?xml version="1.0" encoding="UTF-8"?>
<testsuite name="it.disi.unitn.videocreator.VideoCreatorTest" tests="1" skipped="0" failures="0" errors="0" timestamp="2024-03-09T22:34:50" hostname="marco-Dell-G15-5530" time="0.13">
  <properties/>
  <testcase name="createCommand()" classname="it.disi.unitn.videocreator.VideoCreatorTest" time="0.13"/>
  <system-out><![CDATA[]]></system-out>
  <system-err><![CDATA[ffmpeg version N-113412-g0b8e51b584 Copyright (c) 2000-2024 the FFmpeg developers
  built with gcc 13 (Ubuntu 13.2.0-4ubuntu3)
  configuration: --enable-avformat --enable-avcodec
  libavutil      58. 36.101 / 58. 36.101
  libavcodec     60. 38.100 / 60. 38.100
  libavformat    60. 20.100 / 60. 20.100
  libavdevice    60.  4.100 / 60.  4.100
  libavfilter     9. 17.100 /  9. 17.100
  libswscale      7.  6.100 /  7.  6.100
  libswresample   4. 13.100 /  4. 13.100
Input #0, image2, from './src/test/resources/input/images/000.jpeg':
  Duration: 00:00:00.04, start: 0.000000, bitrate: 105160 kb/s
  Stream #0:0: Video: mjpeg (Baseline), yuvj420p(pc, bt470bg/unknown/unknown), 4501x4500 [SAR 1:1 DAR 4501:4500], 25 fps, 25 tbr, 25 tbn
Stream mapping:
  Stream #0:0 -> #0:0 (mjpeg (native) -> mjpeg (native))
Press [q] to stop, [?] for help
[swscaler @ 0x76399c013280] deprecated pixel format used, make sure you did set range correctly
    Last message repeated 3 times
Output #0, mp4, to './src/test/resources/input/mp4/example.mp4':
  Metadata:
    encoder         : Lavf60.20.100
  Stream #0:0: Video: mjpeg (mp4v / 0x7634706D), yuv420p(pc, progressive), 800x600 [SAR 4501:6000 DAR 4501:4500], q=2-31, 200 kb/s, 1 fps, 16384 tbn
      Metadata:
        encoder         : Lavc60.38.100 mjpeg
      Side data:
        cpb: bitrate max/min/avg: 0/0/200000 buffer size: 0 vbv_delay: N/A
[out#0/mp4 @ 0x600179491ac0] video:16kB audio:0kB subtitle:0kB other streams:0kB global headers:0kB muxing overhead: 5.043184%
frame=    1 fps=0.0 q=18.0 Lsize=      17kB time=00:00:01.00 bitrate= 139.1kbits/s speed=12.2x    
]]></system-err>
</testsuite>
