<?xml version="1.0" encoding="UTF-8"?>
<testsuite name="it.disi.unitn.json.JSONToImageTest" tests="1" skipped="0" failures="0" errors="0" timestamp="2024-07-09T16:03:33" hostname="marco-lasagna-Dell-G15-5530" time="1.386">
  <properties/>
  <testcase name="generateWithGAN()" classname="it.disi.unitn.json.JSONToImageTest" time="1.386"/>
  <system-out><![CDATA[INDEX: 000
INDEX: 001
build
build.gradle
CNAME
CODE_OF_CONDUCT.md
gradle
gradlew
gradlew.bat
graph.tmp
inputFile.txt
build
build.gradle
CNAME
CODE_OF_CONDUCT.md
LICENSE
gradle
gradlew
gradlew.bat
README.md
graph.tmp
inputFile.txt
LICENSE
SECURITY.md
settings.gradle
src
README.md
start.sh
SECURITY.md
settings.gradle
src
start.sh
EMPTY LIST!
]]></system-out>
  <system-err><![CDATA[]]></system-err>
</testsuite>
