<?xml version="1.0" encoding="UTF-8"?>
<testsuite name="it.disi.unitn.transition.translation.TranslationTest" tests="2" skipped="0" failures="0" errors="0" timestamp="2025-02-21T17:56:41" hostname="marco-lasagna-Dell-G15-5530" time="254.175">
  <properties/>
  <testcase name="test()" classname="it.disi.unitn.transition.translation.TranslationTest" time="126.908"/>
  <testcase name="test1()" classname="it.disi.unitn.transition.translation.TranslationTest" time="127.266"/>
  <system-out><![CDATA[]]></system-out>
  <system-err><![CDATA[ffmpeg version 7.0.2-3ubuntu1 Copyright (c) 2000-2024 the FFmpeg developers
  built with gcc 14 (Ubuntu 14.2.0-2ubuntu1)
  configuration: --prefix=/usr --extra-version=3ubuntu1 --toolchain=hardened --libdir=/usr/lib/x86_64-linux-gnu --incdir=/usr/include/x86_64-linux-gnu --arch=amd64 --enable-gpl --disable-stripping --disable-libmfx --disable-omx --enable-gnutls --enable-libaom --enable-libass --enable-libbs2b --enable-libcdio --enable-libcodec2 --enable-libdav1d --enable-libflite --enable-libfontconfig --enable-libfreetype --enable-libfribidi --enable-libglslang --enable-libgme --enable-libgsm --enable-libharfbuzz --enable-libmp3lame --enable-libmysofa --enable-libopenjpeg --enable-libopenmpt --enable-libopus --enable-librubberband --enable-libshine --enable-libsnappy --enable-libsoxr --enable-libspeex --enable-libtheora --enable-libtwolame --enable-libvidstab --enable-libvorbis --enable-libvpx --enable-libwebp --enable-libx265 --enable-libxml2 --enable-libxvid --enable-libzimg --enable-openal --enable-opencl --enable-opengl --disable-sndio --enable-libvpl --enable-libdc1394 --enable-libdrm --enable-libiec61883 --enable-chromaprint --enable-frei0r --enable-ladspa --enable-libbluray --enable-libcaca --enable-libdvdnav --enable-libdvdread --enable-libjack --enable-libpulse --enable-librabbitmq --enable-librist --enable-libsrt --enable-libssh --enable-libsvtav1 --enable-libx264 --enable-libzmq --enable-libzvbi --enable-lv2 --enable-sdl2 --enable-libplacebo --enable-librav1e --enable-pocketsphinx --enable-librsvg --enable-libjxl --enable-shared
  libavutil      59.  8.100 / 59.  8.100
  libavcodec     61.  3.100 / 61.  3.100
  libavformat    61.  1.100 / 61.  1.100
  libavdevice    61.  1.100 / 61.  1.100
  libavfilter    10.  1.100 / 10.  1.100
  libswscale      8.  1.100 /  8.  1.100
  libswresample   5.  1.100 /  5.  1.100
  libpostproc    58.  1.100 / 58.  1.100
Input #0, concat, from '/home/marco-lasagna/Scaricati/ffmpeg-java/inputFile.txt':
  Duration: N/A, start: 0.000000, bitrate: N/A
  Stream #0:0: Video: mjpeg (Baseline), yuvj420p(pc, bt470bg/unknown/unknown), 4501x4500 [SAR 1:1 DAR 4501:4500], 25 fps, 25 tbr, 25 tbn
Stream mapping:
  Stream #0:0 -> #0:0 (mjpeg (native) -> h264 (libx264))
Press [q] to stop, [?] for help
[swscaler @ 0x725940016b00] deprecated pixel format used, make sure you did set range correctly
    Last message repeated 1 times
[swscaler @ 0x725940b407c0] deprecated pixel format used, make sure you did set range correctly
    Last message repeated 1 times
[vost#0:0/libx264 @ 0x5e0af60ff600] No information about the input framerate is available. Falling back to a default value of 25fps. Use the -r option if you want a different framerate.
[libx264 @ 0x5e0af60f59c0] using SAR=2048/4095
[libx264 @ 0x5e0af60f59c0] using cpu capabilities: MMX2 SSE2Fast SSSE3 SSE4.2 AVX FMA3 BMI2 AVX2
[libx264 @ 0x5e0af60f59c0] profile High, level 4.0, 4:2:0, 8-bit
[libx264 @ 0x5e0af60f59c0] 264 - core 164 r3108 31e19f9 - H.264/MPEG-4 AVC codec - Copyleft 2003-2023 - http://www.videolan.org/x264.html - options: cabac=1 ref=3 deblock=1:0:0 analyse=0x3:0x113 me=hex subme=7 psy=1 psy_rd=1.00:0.00 mixed_ref=1 me_range=16 chroma_me=1 trellis=1 8x8dct=1 cqm=0 deadzone=21,11 fast_pskip=1 chroma_qp_offset=-2 threads=30 lookahead_threads=5 sliced_threads=0 nr=0 decimate=1 interlaced=0 bluray_compat=0 constrained_intra=0 bframes=3 b_pyramid=2 b_adapt=1 b_bias=0 direct=1 weightb=1 open_gop=0 weightp=2 keyint=250 keyint_min=25 scenecut=40 intra_refresh=0 rc_lookahead=40 rc=crf mbtree=1 crf=23.0 qcomp=0.60 qpmin=0 qpmax=69 qpstep=4 ip_ratio=1.40 aq=1:1.00
Output #0, mp4, to './src/test/resources/output/translation/tempVideo/010.mp4':
  Metadata:
    encoder         : Lavf61.1.100
  Stream #0:0: Video: h264 (avc1 / 0x31637661), yuvj420p(pc, progressive), 2048x1024 [SAR 4501:9000 DAR 4501:4500], q=2-31, 25 fps, 12800 tbn
      Metadata:
        encoder         : Lavc61.3.100 libx264
      Side data:
        cpb: bitrate max/min/avg: 0/0/0 buffer size: 0 vbv_delay: N/A
[out#0/mp4 @ 0x5e0af60fd380] video:32KiB audio:0KiB subtitle:0KiB other streams:0KiB global headers:0KiB muxing overhead: 2.936464%
frame=    6 fps=0.0 q=-1.0 Lsize=      33KiB time=00:00:00.16 bitrate=1670.3kbits/s dup=0 drop=19 speed=0.644x    
[libx264 @ 0x5e0af60f59c0] frame I:1     Avg QP:18.46  size: 29741
[libx264 @ 0x5e0af60f59c0] frame P:2     Avg QP:19.31  size:   556
[libx264 @ 0x5e0af60f59c0] frame B:3     Avg QP:24.14  size:   303
[libx264 @ 0x5e0af60f59c0] consecutive B-frames: 33.3%  0.0%  0.0% 66.7%
[libx264 @ 0x5e0af60f59c0] mb I  I16..4: 17.2% 72.6% 10.2%
[libx264 @ 0x5e0af60f59c0] mb P  I16..4:  0.1%  0.1%  0.0%  P16..4:  1.2%  0.2%  0.1%  0.0%  0.0%    skip:98.3%
[libx264 @ 0x5e0af60f59c0] mb B  I16..4:  0.0%  0.0%  0.0%  B16..8:  1.1%  0.1%  0.0%  direct: 0.1%  skip:98.6%  L0:61.5% L1:35.9% BI: 2.6%
[libx264 @ 0x5e0af60f59c0] 8x8 transform intra:72.5% inter:22.1%
[libx264 @ 0x5e0af60f59c0] coded y,uvDC,uvAC intra: 5.9% 10.2% 9.1% inter: 0.1% 0.0% 0.0%
[libx264 @ 0x5e0af60f59c0] i16 v,h,dc,p: 82% 17%  1%  0%
[libx264 @ 0x5e0af60f59c0] i8 v,h,dc,ddl,ddr,vr,hd,vl,hu: 42%  9% 48%  0%  0%  0%  0%  0%  0%
[libx264 @ 0x5e0af60f59c0] i4 v,h,dc,ddl,ddr,vr,hd,vl,hu: 39% 30% 10%  4%  2%  2%  4%  4%  5%
[libx264 @ 0x5e0af60f59c0] i8c dc,h,v,p: 82%  9%  8%  1%
[libx264 @ 0x5e0af60f59c0] Weighted P-Frames: Y:0.0% UV:0.0%
[libx264 @ 0x5e0af60f59c0] ref P L0: 96.2%  0.0%  0.4%  3.4%
[libx264 @ 0x5e0af60f59c0] ref B L0: 93.8%  6.2%
[libx264 @ 0x5e0af60f59c0] ref B L1: 91.9%  8.1%
[libx264 @ 0x5e0af60f59c0] kb/s:1058.80
ffmpeg version 7.0.2-3ubuntu1 Copyright (c) 2000-2024 the FFmpeg developers
  built with gcc 14 (Ubuntu 14.2.0-2ubuntu1)
  configuration: --prefix=/usr --extra-version=3ubuntu1 --toolchain=hardened --libdir=/usr/lib/x86_64-linux-gnu --incdir=/usr/include/x86_64-linux-gnu --arch=amd64 --enable-gpl --disable-stripping --disable-libmfx --disable-omx --enable-gnutls --enable-libaom --enable-libass --enable-libbs2b --enable-libcdio --enable-libcodec2 --enable-libdav1d --enable-libflite --enable-libfontconfig --enable-libfreetype --enable-libfribidi --enable-libglslang --enable-libgme --enable-libgsm --enable-libharfbuzz --enable-libmp3lame --enable-libmysofa --enable-libopenjpeg --enable-libopenmpt --enable-libopus --enable-librubberband --enable-libshine --enable-libsnappy --enable-libsoxr --enable-libspeex --enable-libtheora --enable-libtwolame --enable-libvidstab --enable-libvorbis --enable-libvpx --enable-libwebp --enable-libx265 --enable-libxml2 --enable-libxvid --enable-libzimg --enable-openal --enable-opencl --enable-opengl --disable-sndio --enable-libvpl --enable-libdc1394 --enable-libdrm --enable-libiec61883 --enable-chromaprint --enable-frei0r --enable-ladspa --enable-libbluray --enable-libcaca --enable-libdvdnav --enable-libdvdread --enable-libjack --enable-libpulse --enable-librabbitmq --enable-librist --enable-libsrt --enable-libssh --enable-libsvtav1 --enable-libx264 --enable-libzmq --enable-libzvbi --enable-lv2 --enable-sdl2 --enable-libplacebo --enable-librav1e --enable-pocketsphinx --enable-librsvg --enable-libjxl --enable-shared
  libavutil      59.  8.100 / 59.  8.100
  libavcodec     61.  3.100 / 61.  3.100
  libavformat    61.  1.100 / 61.  1.100
  libavdevice    61.  1.100 / 61.  1.100
  libavfilter    10.  1.100 / 10.  1.100
  libswscale      8.  1.100 /  8.  1.100
  libswresample   5.  1.100 /  5.  1.100
  libpostproc    58.  1.100 / 58.  1.100
Input #0, concat, from '/home/marco-lasagna/Scaricati/ffmpeg-java/inputFile.txt':
  Duration: N/A, start: 0.000000, bitrate: N/A
  Stream #0:0: Video: mjpeg (Baseline), yuvj420p(pc, bt470bg/unknown/unknown), 4501x4500 [SAR 1:1 DAR 4501:4500], 25 fps, 25 tbr, 25 tbn
Stream mapping:
  Stream #0:0 -> #0:0 (mjpeg (native) -> h264 (libx264))
Press [q] to stop, [?] for help
[swscaler @ 0x75f820016b00] deprecated pixel format used, make sure you did set range correctly
    Last message repeated 1 times
[swscaler @ 0x75f820b407c0] deprecated pixel format used, make sure you did set range correctly
    Last message repeated 1 times
[vost#0:0/libx264 @ 0x5b10ae2ab600] No information about the input framerate is available. Falling back to a default value of 25fps. Use the -r option if you want a different framerate.
[libx264 @ 0x5b10ae2a19c0] using SAR=2048/4095
[libx264 @ 0x5b10ae2a19c0] using cpu capabilities: MMX2 SSE2Fast SSSE3 SSE4.2 AVX FMA3 BMI2 AVX2
[libx264 @ 0x5b10ae2a19c0] profile High, level 4.0, 4:2:0, 8-bit
[libx264 @ 0x5b10ae2a19c0] 264 - core 164 r3108 31e19f9 - H.264/MPEG-4 AVC codec - Copyleft 2003-2023 - http://www.videolan.org/x264.html - options: cabac=1 ref=3 deblock=1:0:0 analyse=0x3:0x113 me=hex subme=7 psy=1 psy_rd=1.00:0.00 mixed_ref=1 me_range=16 chroma_me=1 trellis=1 8x8dct=1 cqm=0 deadzone=21,11 fast_pskip=1 chroma_qp_offset=-2 threads=30 lookahead_threads=5 sliced_threads=0 nr=0 decimate=1 interlaced=0 bluray_compat=0 constrained_intra=0 bframes=3 b_pyramid=2 b_adapt=1 b_bias=0 direct=1 weightb=1 open_gop=0 weightp=2 keyint=250 keyint_min=25 scenecut=40 intra_refresh=0 rc_lookahead=40 rc=crf mbtree=1 crf=23.0 qcomp=0.60 qpmin=0 qpmax=69 qpstep=4 ip_ratio=1.40 aq=1:1.00
Output #0, mp4, to './src/test/resources/output/translation/tempVideo/020.mp4':
  Metadata:
    encoder         : Lavf61.1.100
  Stream #0:0: Video: h264 (avc1 / 0x31637661), yuvj420p(pc, progressive), 2048x1024 [SAR 4501:9000 DAR 4501:4500], q=2-31, 25 fps, 12800 tbn
      Metadata:
        encoder         : Lavc61.3.100 libx264
      Side data:
        cpb: bitrate max/min/avg: 0/0/0 buffer size: 0 vbv_delay: N/A
[out#0/mp4 @ 0x5b10ae2a9380] video:32KiB audio:0KiB subtitle:0KiB other streams:0KiB global headers:0KiB muxing overhead: 2.919820%
frame=    6 fps=0.0 q=-1.0 Lsize=      33KiB time=00:00:00.16 bitrate=1679.6kbits/s dup=0 drop=19 speed=0.675x    
[libx264 @ 0x5b10ae2a19c0] frame I:1     Avg QP:18.28  size: 29803
[libx264 @ 0x5b10ae2a19c0] frame P:2     Avg QP:19.40  size:   618
[libx264 @ 0x5b10ae2a19c0] frame B:3     Avg QP:33.34  size:   303
[libx264 @ 0x5b10ae2a19c0] consecutive B-frames: 33.3%  0.0%  0.0% 66.7%
[libx264 @ 0x5b10ae2a19c0] mb I  I16..4: 26.0% 63.8% 10.2%
[libx264 @ 0x5b10ae2a19c0] mb P  I16..4:  0.1%  0.2%  0.0%  P16..4:  0.8%  0.2%  0.1%  0.0%  0.0%    skip:98.6%
[libx264 @ 0x5b10ae2a19c0] mb B  I16..4:  0.0%  0.1%  0.0%  B16..8:  1.1%  0.1%  0.0%  direct: 0.1%  skip:98.7%  L0:34.1% L1:62.4% BI: 3.5%
[libx264 @ 0x5b10ae2a19c0] 8x8 transform intra:63.8% inter:20.2%
[libx264 @ 0x5b10ae2a19c0] coded y,uvDC,uvAC intra: 5.9% 10.1% 9.1% inter: 0.1% 0.0% 0.0%
[libx264 @ 0x5b10ae2a19c0] i16 v,h,dc,p: 88% 11%  1%  0%
[libx264 @ 0x5b10ae2a19c0] i8 v,h,dc,ddl,ddr,vr,hd,vl,hu: 44%  6% 50%  0%  0%  0%  0%  0%  0%
[libx264 @ 0x5b10ae2a19c0] i4 v,h,dc,ddl,ddr,vr,hd,vl,hu: 39% 30% 10%  4%  2%  2%  4%  4%  5%
[libx264 @ 0x5b10ae2a19c0] i8c dc,h,v,p: 82%  9%  8%  1%
[libx264 @ 0x5b10ae2a19c0] Weighted P-Frames: Y:0.0% UV:0.0%
[libx264 @ 0x5b10ae2a19c0] ref P L0: 94.8%  0.5%  0.4%  4.3%
[libx264 @ 0x5b10ae2a19c0] ref B L0: 89.0% 11.0%
[libx264 @ 0x5b10ae2a19c0] ref B L1: 95.6%  4.4%
[libx264 @ 0x5b10ae2a19c0] kb/s:1064.97
ffmpeg version 7.0.2-3ubuntu1 Copyright (c) 2000-2024 the FFmpeg developers
  built with gcc 14 (Ubuntu 14.2.0-2ubuntu1)
  configuration: --prefix=/usr --extra-version=3ubuntu1 --toolchain=hardened --libdir=/usr/lib/x86_64-linux-gnu --incdir=/usr/include/x86_64-linux-gnu --arch=amd64 --enable-gpl --disable-stripping --disable-libmfx --disable-omx --enable-gnutls --enable-libaom --enable-libass --enable-libbs2b --enable-libcdio --enable-libcodec2 --enable-libdav1d --enable-libflite --enable-libfontconfig --enable-libfreetype --enable-libfribidi --enable-libglslang --enable-libgme --enable-libgsm --enable-libharfbuzz --enable-libmp3lame --enable-libmysofa --enable-libopenjpeg --enable-libopenmpt --enable-libopus --enable-librubberband --enable-libshine --enable-libsnappy --enable-libsoxr --enable-libspeex --enable-libtheora --enable-libtwolame --enable-libvidstab --enable-libvorbis --enable-libvpx --enable-libwebp --enable-libx265 --enable-libxml2 --enable-libxvid --enable-libzimg --enable-openal --enable-opencl --enable-opengl --disable-sndio --enable-libvpl --enable-libdc1394 --enable-libdrm --enable-libiec61883 --enable-chromaprint --enable-frei0r --enable-ladspa --enable-libbluray --enable-libcaca --enable-libdvdnav --enable-libdvdread --enable-libjack --enable-libpulse --enable-librabbitmq --enable-librist --enable-libsrt --enable-libssh --enable-libsvtav1 --enable-libx264 --enable-libzmq --enable-libzvbi --enable-lv2 --enable-sdl2 --enable-libplacebo --enable-librav1e --enable-pocketsphinx --enable-librsvg --enable-libjxl --enable-shared
  libavutil      59.  8.100 / 59.  8.100
  libavcodec     61.  3.100 / 61.  3.100
  libavformat    61.  1.100 / 61.  1.100
  libavdevice    61.  1.100 / 61.  1.100
  libavfilter    10.  1.100 / 10.  1.100
  libswscale      8.  1.100 /  8.  1.100
  libswresample   5.  1.100 /  5.  1.100
  libpostproc    58.  1.100 / 58.  1.100
Input #0, concat, from '/home/marco-lasagna/Scaricati/ffmpeg-java/inputFile.txt':
  Duration: N/A, start: 0.000000, bitrate: N/A
  Stream #0:0: Video: mjpeg (Baseline), yuvj420p(pc, bt470bg/unknown/unknown), 4501x4500 [SAR 1:1 DAR 4501:4500], 25 fps, 25 tbr, 25 tbn
Stream mapping:
  Stream #0:0 -> #0:0 (mjpeg (native) -> h264 (libx264))
Press [q] to stop, [?] for help
[swscaler @ 0x7c9228016b00] deprecated pixel format used, make sure you did set range correctly
    Last message repeated 1 times
[swscaler @ 0x7c9228b407c0] deprecated pixel format used, make sure you did set range correctly
    Last message repeated 1 times
[vost#0:0/libx264 @ 0x63308bc09600] No information about the input framerate is available. Falling back to a default value of 25fps. Use the -r option if you want a different framerate.
[libx264 @ 0x63308bbff9c0] using SAR=2048/4095
[libx264 @ 0x63308bbff9c0] using cpu capabilities: MMX2 SSE2Fast SSSE3 SSE4.2 AVX FMA3 BMI2 AVX2
[libx264 @ 0x63308bbff9c0] profile High, level 4.0, 4:2:0, 8-bit
[libx264 @ 0x63308bbff9c0] 264 - core 164 r3108 31e19f9 - H.264/MPEG-4 AVC codec - Copyleft 2003-2023 - http://www.videolan.org/x264.html - options: cabac=1 ref=3 deblock=1:0:0 analyse=0x3:0x113 me=hex subme=7 psy=1 psy_rd=1.00:0.00 mixed_ref=1 me_range=16 chroma_me=1 trellis=1 8x8dct=1 cqm=0 deadzone=21,11 fast_pskip=1 chroma_qp_offset=-2 threads=30 lookahead_threads=5 sliced_threads=0 nr=0 decimate=1 interlaced=0 bluray_compat=0 constrained_intra=0 bframes=3 b_pyramid=2 b_adapt=1 b_bias=0 direct=1 weightb=1 open_gop=0 weightp=2 keyint=250 keyint_min=25 scenecut=40 intra_refresh=0 rc_lookahead=40 rc=crf mbtree=1 crf=23.0 qcomp=0.60 qpmin=0 qpmax=69 qpstep=4 ip_ratio=1.40 aq=1:1.00
Output #0, mp4, to './src/test/resources/output/translation/tempVideo/030.mp4':
  Metadata:
    encoder         : Lavf61.1.100
  Stream #0:0: Video: h264 (avc1 / 0x31637661), yuvj420p(pc, progressive), 2048x1024 [SAR 4501:9000 DAR 4501:4500], q=2-31, 25 fps, 12800 tbn
      Metadata:
        encoder         : Lavc61.3.100 libx264
      Side data:
        cpb: bitrate max/min/avg: 0/0/0 buffer size: 0 vbv_delay: N/A
[out#0/mp4 @ 0x63308bc07380] video:32KiB audio:0KiB subtitle:0KiB other streams:0KiB global headers:0KiB muxing overhead: 2.891323%
frame=    6 fps=0.0 q=-1.0 Lsize=      33KiB time=00:00:00.16 bitrate=1681.5kbits/s dup=0 drop=19 speed=0.631x    
[libx264 @ 0x63308bbff9c0] frame I:1     Avg QP:18.28  size: 29933
[libx264 @ 0x63308bbff9c0] frame P:2     Avg QP:18.95  size:   627
[libx264 @ 0x63308bbff9c0] frame B:3     Avg QP:26.99  size:   269
[libx264 @ 0x63308bbff9c0] consecutive B-frames: 16.7% 33.3% 50.0%  0.0%
[libx264 @ 0x63308bbff9c0] mb I  I16..4: 24.9% 64.8% 10.2%
[libx264 @ 0x63308bbff9c0] mb P  I16..4:  0.1%  0.1%  0.0%  P16..4:  1.3%  0.3%  0.1%  0.0%  0.0%    skip:98.2%
[libx264 @ 0x63308bbff9c0] mb B  I16..4:  0.0%  0.0%  0.0%  B16..8:  1.3%  0.0%  0.0%  direct: 0.1%  skip:98.6%  L0:51.1% L1:47.3% BI: 1.5%
[libx264 @ 0x63308bbff9c0] 8x8 transform intra:64.8% inter:14.7%
[libx264 @ 0x63308bbff9c0] coded y,uvDC,uvAC intra: 5.9% 10.1% 9.1% inter: 0.1% 0.0% 0.0%
[libx264 @ 0x63308bbff9c0] i16 v,h,dc,p: 88% 12%  1%  0%
[libx264 @ 0x63308bbff9c0] i8 v,h,dc,ddl,ddr,vr,hd,vl,hu: 53% 15% 32%  0%  0%  0%  0%  0%  0%
[libx264 @ 0x63308bbff9c0] i4 v,h,dc,ddl,ddr,vr,hd,vl,hu: 41% 29%  9%  4%  2%  2%  4%  4%  5%
[libx264 @ 0x63308bbff9c0] i8c dc,h,v,p: 82%  9%  8%  1%
[libx264 @ 0x63308bbff9c0] Weighted P-Frames: Y:0.0% UV:0.0%
[libx264 @ 0x63308bbff9c0] ref P L0: 96.5%  0.3%  2.2%  0.9%
[libx264 @ 0x63308bbff9c0] ref B L0: 42.9% 57.1%
[libx264 @ 0x63308bbff9c0] kb/s:1066.47
ffmpeg version 7.0.2-3ubuntu1 Copyright (c) 2000-2024 the FFmpeg developers
  built with gcc 14 (Ubuntu 14.2.0-2ubuntu1)
  configuration: --prefix=/usr --extra-version=3ubuntu1 --toolchain=hardened --libdir=/usr/lib/x86_64-linux-gnu --incdir=/usr/include/x86_64-linux-gnu --arch=amd64 --enable-gpl --disable-stripping --disable-libmfx --disable-omx --enable-gnutls --enable-libaom --enable-libass --enable-libbs2b --enable-libcdio --enable-libcodec2 --enable-libdav1d --enable-libflite --enable-libfontconfig --enable-libfreetype --enable-libfribidi --enable-libglslang --enable-libgme --enable-libgsm --enable-libharfbuzz --enable-libmp3lame --enable-libmysofa --enable-libopenjpeg --enable-libopenmpt --enable-libopus --enable-librubberband --enable-libshine --enable-libsnappy --enable-libsoxr --enable-libspeex --enable-libtheora --enable-libtwolame --enable-libvidstab --enable-libvorbis --enable-libvpx --enable-libwebp --enable-libx265 --enable-libxml2 --enable-libxvid --enable-libzimg --enable-openal --enable-opencl --enable-opengl --disable-sndio --enable-libvpl --enable-libdc1394 --enable-libdrm --enable-libiec61883 --enable-chromaprint --enable-frei0r --enable-ladspa --enable-libbluray --enable-libcaca --enable-libdvdnav --enable-libdvdread --enable-libjack --enable-libpulse --enable-librabbitmq --enable-librist --enable-libsrt --enable-libssh --enable-libsvtav1 --enable-libx264 --enable-libzmq --enable-libzvbi --enable-lv2 --enable-sdl2 --enable-libplacebo --enable-librav1e --enable-pocketsphinx --enable-librsvg --enable-libjxl --enable-shared
  libavutil      59.  8.100 / 59.  8.100
  libavcodec     61.  3.100 / 61.  3.100
  libavformat    61.  1.100 / 61.  1.100
  libavdevice    61.  1.100 / 61.  1.100
  libavfilter    10.  1.100 / 10.  1.100
  libswscale      8.  1.100 /  8.  1.100
  libswresample   5.  1.100 /  5.  1.100
  libpostproc    58.  1.100 / 58.  1.100
Input #0, concat, from '/home/marco-lasagna/Scaricati/ffmpeg-java/inputFile.txt':
  Duration: N/A, start: 0.000000, bitrate: N/A
  Stream #0:0: Video: mjpeg (Baseline), yuvj420p(pc, bt470bg/unknown/unknown), 4501x4500 [SAR 1:1 DAR 4501:4500], 25 fps, 25 tbr, 25 tbn
Stream mapping:
  Stream #0:0 -> #0:0 (mjpeg (native) -> h264 (libx264))
Press [q] to stop, [?] for help
[swscaler @ 0x771ea0016b00] deprecated pixel format used, make sure you did set range correctly
    Last message repeated 1 times
[swscaler @ 0x771ea0b407c0] deprecated pixel format used, make sure you did set range correctly
    Last message repeated 1 times
[vost#0:0/libx264 @ 0x651eeb505600] No information about the input framerate is available. Falling back to a default value of 25fps. Use the -r option if you want a different framerate.
[libx264 @ 0x651eeb4fb9c0] using SAR=2048/4095
[libx264 @ 0x651eeb4fb9c0] using cpu capabilities: MMX2 SSE2Fast SSSE3 SSE4.2 AVX FMA3 BMI2 AVX2
[libx264 @ 0x651eeb4fb9c0] profile High, level 4.0, 4:2:0, 8-bit
[libx264 @ 0x651eeb4fb9c0] 264 - core 164 r3108 31e19f9 - H.264/MPEG-4 AVC codec - Copyleft 2003-2023 - http://www.videolan.org/x264.html - options: cabac=1 ref=3 deblock=1:0:0 analyse=0x3:0x113 me=hex subme=7 psy=1 psy_rd=1.00:0.00 mixed_ref=1 me_range=16 chroma_me=1 trellis=1 8x8dct=1 cqm=0 deadzone=21,11 fast_pskip=1 chroma_qp_offset=-2 threads=30 lookahead_threads=5 sliced_threads=0 nr=0 decimate=1 interlaced=0 bluray_compat=0 constrained_intra=0 bframes=3 b_pyramid=2 b_adapt=1 b_bias=0 direct=1 weightb=1 open_gop=0 weightp=2 keyint=250 keyint_min=25 scenecut=40 intra_refresh=0 rc_lookahead=40 rc=crf mbtree=1 crf=23.0 qcomp=0.60 qpmin=0 qpmax=69 qpstep=4 ip_ratio=1.40 aq=1:1.00
Output #0, mp4, to './src/test/resources/output/translation/tempVideo/040.mp4':
  Metadata:
    encoder         : Lavf61.1.100
  Stream #0:0: Video: h264 (avc1 / 0x31637661), yuvj420p(pc, progressive), 2048x1024 [SAR 4501:9000 DAR 4501:4500], q=2-31, 25 fps, 12800 tbn
      Metadata:
        encoder         : Lavc61.3.100 libx264
      Side data:
        cpb: bitrate max/min/avg: 0/0/0 buffer size: 0 vbv_delay: N/A
[out#0/mp4 @ 0x651eeb503380] video:32KiB audio:0KiB subtitle:0KiB other streams:0KiB global headers:0KiB muxing overhead: 2.920178%
frame=    6 fps=0.0 q=-1.0 Lsize=      33KiB time=00:00:00.16 bitrate=1679.4kbits/s dup=0 drop=19 speed=0.671x    
[libx264 @ 0x651eeb4fb9c0] frame I:1     Avg QP:18.47  size: 29889
[libx264 @ 0x651eeb4fb9c0] frame P:2     Avg QP:18.33  size:   594
[libx264 @ 0x651eeb4fb9c0] frame B:3     Avg QP:33.71  size:   289
[libx264 @ 0x651eeb4fb9c0] consecutive B-frames: 33.3%  0.0%  0.0% 66.7%
[libx264 @ 0x651eeb4fb9c0] mb I  I16..4: 25.7% 64.1% 10.2%
[libx264 @ 0x651eeb4fb9c0] mb P  I16..4:  0.1%  0.1%  0.0%  P16..4:  1.2%  0.2%  0.1%  0.0%  0.0%    skip:98.3%
[libx264 @ 0x651eeb4fb9c0] mb B  I16..4:  0.0%  0.0%  0.0%  B16..8:  1.1%  0.1%  0.0%  direct: 0.1%  skip:98.7%  L0:54.6% L1:40.9% BI: 4.5%
[libx264 @ 0x651eeb4fb9c0] 8x8 transform intra:64.1% inter:19.8%
[libx264 @ 0x651eeb4fb9c0] coded y,uvDC,uvAC intra: 5.9% 10.2% 9.1% inter: 0.1% 0.0% 0.0%
[libx264 @ 0x651eeb4fb9c0] i16 v,h,dc,p: 87% 12%  1%  0%
[libx264 @ 0x651eeb4fb9c0] i8 v,h,dc,ddl,ddr,vr,hd,vl,hu: 51% 15% 34%  0%  0%  0%  0%  0%  0%
[libx264 @ 0x651eeb4fb9c0] i4 v,h,dc,ddl,ddr,vr,hd,vl,hu: 37% 31% 11%  4%  2%  2%  4%  4%  5%
[libx264 @ 0x651eeb4fb9c0] i8c dc,h,v,p: 82%  9%  8%  1%
[libx264 @ 0x651eeb4fb9c0] Weighted P-Frames: Y:0.0% UV:0.0%
[libx264 @ 0x651eeb4fb9c0] ref P L0: 98.6%  0.0%  0.0%  1.4%
[libx264 @ 0x651eeb4fb9c0] ref B L0: 90.2%  9.8%
[libx264 @ 0x651eeb4fb9c0] ref B L1: 92.4%  7.6%
[libx264 @ 0x651eeb4fb9c0] kb/s:1064.83
ffmpeg version 7.0.2-3ubuntu1 Copyright (c) 2000-2024 the FFmpeg developers
  built with gcc 14 (Ubuntu 14.2.0-2ubuntu1)
  configuration: --prefix=/usr --extra-version=3ubuntu1 --toolchain=hardened --libdir=/usr/lib/x86_64-linux-gnu --incdir=/usr/include/x86_64-linux-gnu --arch=amd64 --enable-gpl --disable-stripping --disable-libmfx --disable-omx --enable-gnutls --enable-libaom --enable-libass --enable-libbs2b --enable-libcdio --enable-libcodec2 --enable-libdav1d --enable-libflite --enable-libfontconfig --enable-libfreetype --enable-libfribidi --enable-libglslang --enable-libgme --enable-libgsm --enable-libharfbuzz --enable-libmp3lame --enable-libmysofa --enable-libopenjpeg --enable-libopenmpt --enable-libopus --enable-librubberband --enable-libshine --enable-libsnappy --enable-libsoxr --enable-libspeex --enable-libtheora --enable-libtwolame --enable-libvidstab --enable-libvorbis --enable-libvpx --enable-libwebp --enable-libx265 --enable-libxml2 --enable-libxvid --enable-libzimg --enable-openal --enable-opencl --enable-opengl --disable-sndio --enable-libvpl --enable-libdc1394 --enable-libdrm --enable-libiec61883 --enable-chromaprint --enable-frei0r --enable-ladspa --enable-libbluray --enable-libcaca --enable-libdvdnav --enable-libdvdread --enable-libjack --enable-libpulse --enable-librabbitmq --enable-librist --enable-libsrt --enable-libssh --enable-libsvtav1 --enable-libx264 --enable-libzmq --enable-libzvbi --enable-lv2 --enable-sdl2 --enable-libplacebo --enable-librav1e --enable-pocketsphinx --enable-librsvg --enable-libjxl --enable-shared
  libavutil      59.  8.100 / 59.  8.100
  libavcodec     61.  3.100 / 61.  3.100
  libavformat    61.  1.100 / 61.  1.100
  libavdevice    61.  1.100 / 61.  1.100
  libavfilter    10.  1.100 / 10.  1.100
  libswscale      8.  1.100 /  8.  1.100
  libswresample   5.  1.100 /  5.  1.100
  libpostproc    58.  1.100 / 58.  1.100
Input #0, concat, from '/home/marco-lasagna/Scaricati/ffmpeg-java/inputFile.txt':
  Duration: N/A, start: 0.000000, bitrate: N/A
  Stream #0:0: Video: mjpeg (Baseline), yuvj420p(pc, bt470bg/unknown/unknown), 4501x4500 [SAR 1:1 DAR 4501:4500], 25 fps, 25 tbr, 25 tbn
Stream mapping:
  Stream #0:0 -> #0:0 (mjpeg (native) -> h264 (libx264))
Press [q] to stop, [?] for help
[swscaler @ 0x7ec870016b00] deprecated pixel format used, make sure you did set range correctly
    Last message repeated 1 times
[swscaler @ 0x7ec870b407c0] deprecated pixel format used, make sure you did set range correctly
    Last message repeated 1 times
[vost#0:0/libx264 @ 0x64bd159c4600] No information about the input framerate is available. Falling back to a default value of 25fps. Use the -r option if you want a different framerate.
[libx264 @ 0x64bd159ba9c0] using SAR=2048/4095
[libx264 @ 0x64bd159ba9c0] using cpu capabilities: MMX2 SSE2Fast SSSE3 SSE4.2 AVX FMA3 BMI2 AVX2
[libx264 @ 0x64bd159ba9c0] profile High, level 4.0, 4:2:0, 8-bit
[libx264 @ 0x64bd159ba9c0] 264 - core 164 r3108 31e19f9 - H.264/MPEG-4 AVC codec - Copyleft 2003-2023 - http://www.videolan.org/x264.html - options: cabac=1 ref=3 deblock=1:0:0 analyse=0x3:0x113 me=hex subme=7 psy=1 psy_rd=1.00:0.00 mixed_ref=1 me_range=16 chroma_me=1 trellis=1 8x8dct=1 cqm=0 deadzone=21,11 fast_pskip=1 chroma_qp_offset=-2 threads=30 lookahead_threads=5 sliced_threads=0 nr=0 decimate=1 interlaced=0 bluray_compat=0 constrained_intra=0 bframes=3 b_pyramid=2 b_adapt=1 b_bias=0 direct=1 weightb=1 open_gop=0 weightp=2 keyint=250 keyint_min=25 scenecut=40 intra_refresh=0 rc_lookahead=40 rc=crf mbtree=1 crf=23.0 qcomp=0.60 qpmin=0 qpmax=69 qpstep=4 ip_ratio=1.40 aq=1:1.00
Output #0, mp4, to './src/test/resources/output/translation/tempVideo/050.mp4':
  Metadata:
    encoder         : Lavf61.1.100
  Stream #0:0: Video: h264 (avc1 / 0x31637661), yuvj420p(pc, progressive), 2048x1024 [SAR 4501:9000 DAR 4501:4500], q=2-31, 25 fps, 12800 tbn
      Metadata:
        encoder         : Lavc61.3.100 libx264
      Side data:
        cpb: bitrate max/min/avg: 0/0/0 buffer size: 0 vbv_delay: N/A
[out#0/mp4 @ 0x64bd159c2380] video:32KiB audio:0KiB subtitle:0KiB other streams:0KiB global headers:0KiB muxing overhead: 2.929513%
frame=    6 fps=0.0 q=-1.0 Lsize=      33KiB time=00:00:00.16 bitrate=1674.2kbits/s dup=0 drop=19 speed=0.679x    
[libx264 @ 0x64bd159ba9c0] frame I:1     Avg QP:18.60  size: 30011
[libx264 @ 0x64bd159ba9c0] frame P:2     Avg QP:20.27  size:   503
[libx264 @ 0x64bd159ba9c0] frame B:3     Avg QP:14.99  size:   275
[libx264 @ 0x64bd159ba9c0] consecutive B-frames: 33.3%  0.0%  0.0% 66.7%
[libx264 @ 0x64bd159ba9c0] mb I  I16..4: 17.0% 72.7% 10.3%
[libx264 @ 0x64bd159ba9c0] mb P  I16..4:  0.1%  0.1%  0.0%  P16..4:  0.9%  0.2%  0.0%  0.0%  0.0%    skip:98.7%
[libx264 @ 0x64bd159ba9c0] mb B  I16..4:  0.0%  0.0%  0.0%  B16..8:  1.0%  0.1%  0.0%  direct: 0.0%  skip:98.8%  L0:60.6% L1:35.0% BI: 4.4%
[libx264 @ 0x64bd159ba9c0] 8x8 transform intra:72.5% inter:27.6%
[libx264 @ 0x64bd159ba9c0] coded y,uvDC,uvAC intra: 5.9% 10.1% 9.1% inter: 0.1% 0.0% 0.0%
[libx264 @ 0x64bd159ba9c0] i16 v,h,dc,p: 82% 17%  1%  0%
[libx264 @ 0x64bd159ba9c0] i8 v,h,dc,ddl,ddr,vr,hd,vl,hu: 45%  6% 48%  0%  0%  0%  0%  0%  0%
[libx264 @ 0x64bd159ba9c0] i4 v,h,dc,ddl,ddr,vr,hd,vl,hu: 40% 30%  9%  4%  2%  2%  4%  4%  5%
[libx264 @ 0x64bd159ba9c0] i8c dc,h,v,p: 82%  9%  8%  1%
[libx264 @ 0x64bd159ba9c0] Weighted P-Frames: Y:0.0% UV:0.0%
[libx264 @ 0x64bd159ba9c0] ref P L0: 92.7%  0.0%  2.8%  4.5%
[libx264 @ 0x64bd159ba9c0] ref B L0: 93.4%  6.6%
[libx264 @ 0x64bd159ba9c0] ref B L1: 93.6%  6.4%
[libx264 @ 0x64bd159ba9c0] kb/s:1061.37
ffmpeg version 7.0.2-3ubuntu1 Copyright (c) 2000-2024 the FFmpeg developers
  built with gcc 14 (Ubuntu 14.2.0-2ubuntu1)
  configuration: --prefix=/usr --extra-version=3ubuntu1 --toolchain=hardened --libdir=/usr/lib/x86_64-linux-gnu --incdir=/usr/include/x86_64-linux-gnu --arch=amd64 --enable-gpl --disable-stripping --disable-libmfx --disable-omx --enable-gnutls --enable-libaom --enable-libass --enable-libbs2b --enable-libcdio --enable-libcodec2 --enable-libdav1d --enable-libflite --enable-libfontconfig --enable-libfreetype --enable-libfribidi --enable-libglslang --enable-libgme --enable-libgsm --enable-libharfbuzz --enable-libmp3lame --enable-libmysofa --enable-libopenjpeg --enable-libopenmpt --enable-libopus --enable-librubberband --enable-libshine --enable-libsnappy --enable-libsoxr --enable-libspeex --enable-libtheora --enable-libtwolame --enable-libvidstab --enable-libvorbis --enable-libvpx --enable-libwebp --enable-libx265 --enable-libxml2 --enable-libxvid --enable-libzimg --enable-openal --enable-opencl --enable-opengl --disable-sndio --enable-libvpl --enable-libdc1394 --enable-libdrm --enable-libiec61883 --enable-chromaprint --enable-frei0r --enable-ladspa --enable-libbluray --enable-libcaca --enable-libdvdnav --enable-libdvdread --enable-libjack --enable-libpulse --enable-librabbitmq --enable-librist --enable-libsrt --enable-libssh --enable-libsvtav1 --enable-libx264 --enable-libzmq --enable-libzvbi --enable-lv2 --enable-sdl2 --enable-libplacebo --enable-librav1e --enable-pocketsphinx --enable-librsvg --enable-libjxl --enable-shared
  libavutil      59.  8.100 / 59.  8.100
  libavcodec     61.  3.100 / 61.  3.100
  libavformat    61.  1.100 / 61.  1.100
  libavdevice    61.  1.100 / 61.  1.100
  libavfilter    10.  1.100 / 10.  1.100
  libswscale      8.  1.100 /  8.  1.100
  libswresample   5.  1.100 /  5.  1.100
  libpostproc    58.  1.100 / 58.  1.100
Input #0, concat, from '/home/marco-lasagna/Scaricati/ffmpeg-java/inputFile.txt':
  Duration: N/A, start: 0.000000, bitrate: N/A
  Stream #0:0: Video: mjpeg (Baseline), yuvj420p(pc, bt470bg/unknown/unknown), 4501x4500 [SAR 1:1 DAR 4501:4500], 25 fps, 25 tbr, 25 tbn
Stream mapping:
  Stream #0:0 -> #0:0 (mjpeg (native) -> h264 (libx264))
Press [q] to stop, [?] for help
[swscaler @ 0x708bb8016b00] deprecated pixel format used, make sure you did set range correctly
    Last message repeated 1 times
[swscaler @ 0x708bb8b407c0] deprecated pixel format used, make sure you did set range correctly
    Last message repeated 1 times
[vost#0:0/libx264 @ 0x622498e3d600] No information about the input framerate is available. Falling back to a default value of 25fps. Use the -r option if you want a different framerate.
[libx264 @ 0x622498e339c0] using SAR=2048/4095
[libx264 @ 0x622498e339c0] using cpu capabilities: MMX2 SSE2Fast SSSE3 SSE4.2 AVX FMA3 BMI2 AVX2
[libx264 @ 0x622498e339c0] profile High, level 4.0, 4:2:0, 8-bit
[libx264 @ 0x622498e339c0] 264 - core 164 r3108 31e19f9 - H.264/MPEG-4 AVC codec - Copyleft 2003-2023 - http://www.videolan.org/x264.html - options: cabac=1 ref=3 deblock=1:0:0 analyse=0x3:0x113 me=hex subme=7 psy=1 psy_rd=1.00:0.00 mixed_ref=1 me_range=16 chroma_me=1 trellis=1 8x8dct=1 cqm=0 deadzone=21,11 fast_pskip=1 chroma_qp_offset=-2 threads=30 lookahead_threads=5 sliced_threads=0 nr=0 decimate=1 interlaced=0 bluray_compat=0 constrained_intra=0 bframes=3 b_pyramid=2 b_adapt=1 b_bias=0 direct=1 weightb=1 open_gop=0 weightp=2 keyint=250 keyint_min=25 scenecut=40 intra_refresh=0 rc_lookahead=40 rc=crf mbtree=1 crf=23.0 qcomp=0.60 qpmin=0 qpmax=69 qpstep=4 ip_ratio=1.40 aq=1:1.00
Output #0, mp4, to './src/test/resources/output/translation/tempVideo/060.mp4':
  Metadata:
    encoder         : Lavf61.1.100
  Stream #0:0: Video: h264 (avc1 / 0x31637661), yuvj420p(pc, progressive), 2048x1024 [SAR 4501:9000 DAR 4501:4500], q=2-31, 25 fps, 12800 tbn
      Metadata:
        encoder         : Lavc61.3.100 libx264
      Side data:
        cpb: bitrate max/min/avg: 0/0/0 buffer size: 0 vbv_delay: N/A
[out#0/mp4 @ 0x622498e3b380] video:32KiB audio:0KiB subtitle:0KiB other streams:0KiB global headers:0KiB muxing overhead: 2.918657%
frame=    6 fps=0.0 q=-1.0 Lsize=      33KiB time=00:00:00.16 bitrate=1680.2kbits/s dup=0 drop=19 speed=0.662x    
[libx264 @ 0x622498e339c0] frame I:1     Avg QP:18.37  size: 29979
[libx264 @ 0x622498e339c0] frame P:2     Avg QP:18.41  size:   546
[libx264 @ 0x622498e339c0] frame B:3     Avg QP:26.52  size:   297
[libx264 @ 0x622498e339c0] consecutive B-frames: 33.3%  0.0%  0.0% 66.7%
[libx264 @ 0x622498e339c0] mb I  I16..4: 25.6% 64.2% 10.2%
[libx264 @ 0x622498e339c0] mb P  I16..4:  0.1%  0.1%  0.0%  P16..4:  0.5%  0.1%  0.1%  0.0%  0.0%    skip:99.0%
[libx264 @ 0x622498e339c0] mb B  I16..4:  0.0%  0.1%  0.0%  B16..8:  1.3%  0.0%  0.0%  direct: 0.1%  skip:98.5%  L0:23.6% L1:73.9% BI: 2.6%
[libx264 @ 0x622498e339c0] 8x8 transform intra:64.2% inter:20.8%
[libx264 @ 0x622498e339c0] coded y,uvDC,uvAC intra: 5.9% 10.2% 9.1% inter: 0.1% 0.0% 0.0%
[libx264 @ 0x622498e339c0] i16 v,h,dc,p: 87% 12%  1%  0%
[libx264 @ 0x622498e339c0] i8 v,h,dc,ddl,ddr,vr,hd,vl,hu: 48%  5% 47%  0%  0%  0%  0%  0%  0%
[libx264 @ 0x622498e339c0] i4 v,h,dc,ddl,ddr,vr,hd,vl,hu: 39% 30%  9%  4%  2%  2%  4%  4%  5%
[libx264 @ 0x622498e339c0] i8c dc,h,v,p: 82%  9%  8%  1%
[libx264 @ 0x622498e339c0] Weighted P-Frames: Y:0.0% UV:0.0%
[libx264 @ 0x622498e339c0] ref P L0: 95.8%  1.2%  0.8%  2.2%
[libx264 @ 0x622498e339c0] ref B L0: 93.1%  6.9%
[libx264 @ 0x622498e339c0] ref B L1: 95.9%  4.1%
[libx264 @ 0x622498e339c0] kb/s:1065.40
ffmpeg version 7.0.2-3ubuntu1 Copyright (c) 2000-2024 the FFmpeg developers
  built with gcc 14 (Ubuntu 14.2.0-2ubuntu1)
  configuration: --prefix=/usr --extra-version=3ubuntu1 --toolchain=hardened --libdir=/usr/lib/x86_64-linux-gnu --incdir=/usr/include/x86_64-linux-gnu --arch=amd64 --enable-gpl --disable-stripping --disable-libmfx --disable-omx --enable-gnutls --enable-libaom --enable-libass --enable-libbs2b --enable-libcdio --enable-libcodec2 --enable-libdav1d --enable-libflite --enable-libfontconfig --enable-libfreetype --enable-libfribidi --enable-libglslang --enable-libgme --enable-libgsm --enable-libharfbuzz --enable-libmp3lame --enable-libmysofa --enable-libopenjpeg --enable-libopenmpt --enable-libopus --enable-librubberband --enable-libshine --enable-libsnappy --enable-libsoxr --enable-libspeex --enable-libtheora --enable-libtwolame --enable-libvidstab --enable-libvorbis --enable-libvpx --enable-libwebp --enable-libx265 --enable-libxml2 --enable-libxvid --enable-libzimg --enable-openal --enable-opencl --enable-opengl --disable-sndio --enable-libvpl --enable-libdc1394 --enable-libdrm --enable-libiec61883 --enable-chromaprint --enable-frei0r --enable-ladspa --enable-libbluray --enable-libcaca --enable-libdvdnav --enable-libdvdread --enable-libjack --enable-libpulse --enable-librabbitmq --enable-librist --enable-libsrt --enable-libssh --enable-libsvtav1 --enable-libx264 --enable-libzmq --enable-libzvbi --enable-lv2 --enable-sdl2 --enable-libplacebo --enable-librav1e --enable-pocketsphinx --enable-librsvg --enable-libjxl --enable-shared
  libavutil      59.  8.100 / 59.  8.100
  libavcodec     61.  3.100 / 61.  3.100
  libavformat    61.  1.100 / 61.  1.100
  libavdevice    61.  1.100 / 61.  1.100
  libavfilter    10.  1.100 / 10.  1.100
  libswscale      8.  1.100 /  8.  1.100
  libswresample   5.  1.100 /  5.  1.100
  libpostproc    58.  1.100 / 58.  1.100
Input #0, concat, from '/home/marco-lasagna/Scaricati/ffmpeg-java/inputFile.txt':
  Duration: N/A, start: 0.000000, bitrate: N/A
  Stream #0:0: Video: mjpeg (Baseline), yuvj420p(pc, bt470bg/unknown/unknown), 4501x4500 [SAR 1:1 DAR 4501:4500], 25 fps, 25 tbr, 25 tbn
Stream mapping:
  Stream #0:0 -> #0:0 (mjpeg (native) -> h264 (libx264))
Press [q] to stop, [?] for help
[swscaler @ 0x709ac4016b00] deprecated pixel format used, make sure you did set range correctly
    Last message repeated 1 times
[swscaler @ 0x709ac4b407c0] deprecated pixel format used, make sure you did set range correctly
    Last message repeated 1 times
[vost#0:0/libx264 @ 0x6260af677600] No information about the input framerate is available. Falling back to a default value of 25fps. Use the -r option if you want a different framerate.
[libx264 @ 0x6260af66d9c0] using SAR=2048/4095
[libx264 @ 0x6260af66d9c0] using cpu capabilities: MMX2 SSE2Fast SSSE3 SSE4.2 AVX FMA3 BMI2 AVX2
[libx264 @ 0x6260af66d9c0] profile High, level 4.0, 4:2:0, 8-bit
[libx264 @ 0x6260af66d9c0] 264 - core 164 r3108 31e19f9 - H.264/MPEG-4 AVC codec - Copyleft 2003-2023 - http://www.videolan.org/x264.html - options: cabac=1 ref=3 deblock=1:0:0 analyse=0x3:0x113 me=hex subme=7 psy=1 psy_rd=1.00:0.00 mixed_ref=1 me_range=16 chroma_me=1 trellis=1 8x8dct=1 cqm=0 deadzone=21,11 fast_pskip=1 chroma_qp_offset=-2 threads=30 lookahead_threads=5 sliced_threads=0 nr=0 decimate=1 interlaced=0 bluray_compat=0 constrained_intra=0 bframes=3 b_pyramid=2 b_adapt=1 b_bias=0 direct=1 weightb=1 open_gop=0 weightp=2 keyint=250 keyint_min=25 scenecut=40 intra_refresh=0 rc_lookahead=40 rc=crf mbtree=1 crf=23.0 qcomp=0.60 qpmin=0 qpmax=69 qpstep=4 ip_ratio=1.40 aq=1:1.00
Output #0, mp4, to './src/test/resources/output/translation/tempVideo/070.mp4':
  Metadata:
    encoder         : Lavf61.1.100
  Stream #0:0: Video: h264 (avc1 / 0x31637661), yuvj420p(pc, progressive), 2048x1024 [SAR 4501:9000 DAR 4501:4500], q=2-31, 25 fps, 12800 tbn
      Metadata:
        encoder         : Lavc61.3.100 libx264
      Side data:
        cpb: bitrate max/min/avg: 0/0/0 buffer size: 0 vbv_delay: N/A
[out#0/mp4 @ 0x6260af675380] video:32KiB audio:0KiB subtitle:0KiB other streams:0KiB global headers:0KiB muxing overhead: 2.907261%
frame=    6 fps=0.0 q=-1.0 Lsize=      33KiB time=00:00:00.16 bitrate=1686.7kbits/s dup=0 drop=19 speed=0.674x    
[libx264 @ 0x6260af66d9c0] frame I:1     Avg QP:18.46  size: 30173
[libx264 @ 0x6260af66d9c0] frame P:2     Avg QP:19.86  size:   534
[libx264 @ 0x6260af66d9c0] frame B:3     Avg QP:26.41  size:   283
[libx264 @ 0x6260af66d9c0] consecutive B-frames: 33.3%  0.0%  0.0% 66.7%
[libx264 @ 0x6260af66d9c0] mb I  I16..4: 17.2% 72.6% 10.2%
[libx264 @ 0x6260af66d9c0] mb P  I16..4:  0.1%  0.1%  0.0%  P16..4:  0.4%  0.2%  0.1%  0.0%  0.0%    skip:99.1%
[libx264 @ 0x6260af66d9c0] mb B  I16..4:  0.0%  0.0%  0.0%  B16..8:  1.0%  0.1%  0.0%  direct: 0.0%  skip:98.8%  L0:31.3% L1:66.2% BI: 2.5%
[libx264 @ 0x6260af66d9c0] 8x8 transform intra:72.4% inter:16.2%
[libx264 @ 0x6260af66d9c0] coded y,uvDC,uvAC intra: 5.9% 10.1% 9.1% inter: 0.1% 0.0% 0.0%
[libx264 @ 0x6260af66d9c0] i16 v,h,dc,p: 82% 17%  1%  0%
[libx264 @ 0x6260af66d9c0] i8 v,h,dc,ddl,ddr,vr,hd,vl,hu: 44%  7% 49%  0%  0%  0%  0%  0%  0%
[libx264 @ 0x6260af66d9c0] i4 v,h,dc,ddl,ddr,vr,hd,vl,hu: 39% 30%  9%  4%  2%  2%  4%  4%  5%
[libx264 @ 0x6260af66d9c0] i8c dc,h,v,p: 82%  9%  8%  1%
[libx264 @ 0x6260af66d9c0] Weighted P-Frames: Y:0.0% UV:0.0%
[libx264 @ 0x6260af66d9c0] ref P L0: 94.7%  0.4%  1.8%  3.1%
[libx264 @ 0x6260af66d9c0] ref B L0: 89.5% 10.5%
[libx264 @ 0x6260af66d9c0] ref B L1: 93.3%  6.7%
[libx264 @ 0x6260af66d9c0] kb/s:1069.67
ffmpeg version 7.0.2-3ubuntu1 Copyright (c) 2000-2024 the FFmpeg developers
  built with gcc 14 (Ubuntu 14.2.0-2ubuntu1)
  configuration: --prefix=/usr --extra-version=3ubuntu1 --toolchain=hardened --libdir=/usr/lib/x86_64-linux-gnu --incdir=/usr/include/x86_64-linux-gnu --arch=amd64 --enable-gpl --disable-stripping --disable-libmfx --disable-omx --enable-gnutls --enable-libaom --enable-libass --enable-libbs2b --enable-libcdio --enable-libcodec2 --enable-libdav1d --enable-libflite --enable-libfontconfig --enable-libfreetype --enable-libfribidi --enable-libglslang --enable-libgme --enable-libgsm --enable-libharfbuzz --enable-libmp3lame --enable-libmysofa --enable-libopenjpeg --enable-libopenmpt --enable-libopus --enable-librubberband --enable-libshine --enable-libsnappy --enable-libsoxr --enable-libspeex --enable-libtheora --enable-libtwolame --enable-libvidstab --enable-libvorbis --enable-libvpx --enable-libwebp --enable-libx265 --enable-libxml2 --enable-libxvid --enable-libzimg --enable-openal --enable-opencl --enable-opengl --disable-sndio --enable-libvpl --enable-libdc1394 --enable-libdrm --enable-libiec61883 --enable-chromaprint --enable-frei0r --enable-ladspa --enable-libbluray --enable-libcaca --enable-libdvdnav --enable-libdvdread --enable-libjack --enable-libpulse --enable-librabbitmq --enable-librist --enable-libsrt --enable-libssh --enable-libsvtav1 --enable-libx264 --enable-libzmq --enable-libzvbi --enable-lv2 --enable-sdl2 --enable-libplacebo --enable-librav1e --enable-pocketsphinx --enable-librsvg --enable-libjxl --enable-shared
  libavutil      59.  8.100 / 59.  8.100
  libavcodec     61.  3.100 / 61.  3.100
  libavformat    61.  1.100 / 61.  1.100
  libavdevice    61.  1.100 / 61.  1.100
  libavfilter    10.  1.100 / 10.  1.100
  libswscale      8.  1.100 /  8.  1.100
  libswresample   5.  1.100 /  5.  1.100
  libpostproc    58.  1.100 / 58.  1.100
Input #0, concat, from '/home/marco-lasagna/Scaricati/ffmpeg-java/inputFile.txt':
  Duration: N/A, start: 0.000000, bitrate: N/A
  Stream #0:0: Video: mjpeg (Baseline), yuvj420p(pc, bt470bg/unknown/unknown), 4501x4500 [SAR 1:1 DAR 4501:4500], 25 fps, 25 tbr, 25 tbn
Stream mapping:
  Stream #0:0 -> #0:0 (mjpeg (native) -> h264 (libx264))
Press [q] to stop, [?] for help
[swscaler @ 0x7a9668016b00] deprecated pixel format used, make sure you did set range correctly
    Last message repeated 1 times
[swscaler @ 0x7a9668b407c0] deprecated pixel format used, make sure you did set range correctly
    Last message repeated 1 times
[vost#0:0/libx264 @ 0x5589596ee600] No information about the input framerate is available. Falling back to a default value of 25fps. Use the -r option if you want a different framerate.
[libx264 @ 0x5589596e49c0] using SAR=2048/4095
[libx264 @ 0x5589596e49c0] using cpu capabilities: MMX2 SSE2Fast SSSE3 SSE4.2 AVX FMA3 BMI2 AVX2
[libx264 @ 0x5589596e49c0] profile High, level 4.0, 4:2:0, 8-bit
[libx264 @ 0x5589596e49c0] 264 - core 164 r3108 31e19f9 - H.264/MPEG-4 AVC codec - Copyleft 2003-2023 - http://www.videolan.org/x264.html - options: cabac=1 ref=3 deblock=1:0:0 analyse=0x3:0x113 me=hex subme=7 psy=1 psy_rd=1.00:0.00 mixed_ref=1 me_range=16 chroma_me=1 trellis=1 8x8dct=1 cqm=0 deadzone=21,11 fast_pskip=1 chroma_qp_offset=-2 threads=30 lookahead_threads=5 sliced_threads=0 nr=0 decimate=1 interlaced=0 bluray_compat=0 constrained_intra=0 bframes=3 b_pyramid=2 b_adapt=1 b_bias=0 direct=1 weightb=1 open_gop=0 weightp=2 keyint=250 keyint_min=25 scenecut=40 intra_refresh=0 rc_lookahead=40 rc=crf mbtree=1 crf=23.0 qcomp=0.60 qpmin=0 qpmax=69 qpstep=4 ip_ratio=1.40 aq=1:1.00
Output #0, mp4, to './src/test/resources/output/translation/tempVideo/080.mp4':
  Metadata:
    encoder         : Lavf61.1.100
  Stream #0:0: Video: h264 (avc1 / 0x31637661), yuvj420p(pc, progressive), 2048x1024 [SAR 4501:9000 DAR 4501:4500], q=2-31, 25 fps, 12800 tbn
      Metadata:
        encoder         : Lavc61.3.100 libx264
      Side data:
        cpb: bitrate max/min/avg: 0/0/0 buffer size: 0 vbv_delay: N/A
[out#0/mp4 @ 0x5589596ec380] video:32KiB audio:0KiB subtitle:0KiB other streams:0KiB global headers:0KiB muxing overhead: 2.884968%
frame=    6 fps=0.0 q=-1.0 Lsize=      33KiB time=00:00:00.16 bitrate=1685.0kbits/s dup=0 drop=19 speed=0.668x    
[libx264 @ 0x5589596e49c0] frame I:1     Avg QP:18.27  size: 30208
[libx264 @ 0x5589596e49c0] frame P:2     Avg QP:18.76  size:   541
[libx264 @ 0x5589596e49c0] frame B:3     Avg QP:27.04  size:   259
[libx264 @ 0x5589596e49c0] consecutive B-frames: 16.7% 33.3% 50.0%  0.0%
[libx264 @ 0x5589596e49c0] mb I  I16..4: 25.0% 64.8% 10.3%
[libx264 @ 0x5589596e49c0] mb P  I16..4:  0.1%  0.1%  0.0%  P16..4:  1.0%  0.2%  0.1%  0.0%  0.0%    skip:98.6%
[libx264 @ 0x5589596e49c0] mb B  I16..4:  0.0%  0.0%  0.0%  B16..8:  1.2%  0.0%  0.0%  direct: 0.1%  skip:98.6%  L0:52.4% L1:45.6% BI: 2.0%
[libx264 @ 0x5589596e49c0] 8x8 transform intra:64.7% inter:26.0%
[libx264 @ 0x5589596e49c0] coded y,uvDC,uvAC intra: 5.9% 10.1% 9.1% inter: 0.1% 0.0% 0.0%
[libx264 @ 0x5589596e49c0] i16 v,h,dc,p: 88% 12%  1%  0%
[libx264 @ 0x5589596e49c0] i8 v,h,dc,ddl,ddr,vr,hd,vl,hu: 61%  6% 32%  0%  0%  0%  0%  0%  0%
[libx264 @ 0x5589596e49c0] i4 v,h,dc,ddl,ddr,vr,hd,vl,hu: 40% 29%  9%  4%  2%  2%  4%  4%  5%
[libx264 @ 0x5589596e49c0] i8c dc,h,v,p: 82%  9%  8%  1%
[libx264 @ 0x5589596e49c0] Weighted P-Frames: Y:0.0% UV:0.0%
[libx264 @ 0x5589596e49c0] ref P L0: 93.0%  1.3%  4.2%  1.4%
[libx264 @ 0x5589596e49c0] ref B L0: 48.5% 51.5%
[libx264 @ 0x5589596e49c0] kb/s:1068.87
ffmpeg version 7.0.2-3ubuntu1 Copyright (c) 2000-2024 the FFmpeg developers
  built with gcc 14 (Ubuntu 14.2.0-2ubuntu1)
  configuration: --prefix=/usr --extra-version=3ubuntu1 --toolchain=hardened --libdir=/usr/lib/x86_64-linux-gnu --incdir=/usr/include/x86_64-linux-gnu --arch=amd64 --enable-gpl --disable-stripping --disable-libmfx --disable-omx --enable-gnutls --enable-libaom --enable-libass --enable-libbs2b --enable-libcdio --enable-libcodec2 --enable-libdav1d --enable-libflite --enable-libfontconfig --enable-libfreetype --enable-libfribidi --enable-libglslang --enable-libgme --enable-libgsm --enable-libharfbuzz --enable-libmp3lame --enable-libmysofa --enable-libopenjpeg --enable-libopenmpt --enable-libopus --enable-librubberband --enable-libshine --enable-libsnappy --enable-libsoxr --enable-libspeex --enable-libtheora --enable-libtwolame --enable-libvidstab --enable-libvorbis --enable-libvpx --enable-libwebp --enable-libx265 --enable-libxml2 --enable-libxvid --enable-libzimg --enable-openal --enable-opencl --enable-opengl --disable-sndio --enable-libvpl --enable-libdc1394 --enable-libdrm --enable-libiec61883 --enable-chromaprint --enable-frei0r --enable-ladspa --enable-libbluray --enable-libcaca --enable-libdvdnav --enable-libdvdread --enable-libjack --enable-libpulse --enable-librabbitmq --enable-librist --enable-libsrt --enable-libssh --enable-libsvtav1 --enable-libx264 --enable-libzmq --enable-libzvbi --enable-lv2 --enable-sdl2 --enable-libplacebo --enable-librav1e --enable-pocketsphinx --enable-librsvg --enable-libjxl --enable-shared
  libavutil      59.  8.100 / 59.  8.100
  libavcodec     61.  3.100 / 61.  3.100
  libavformat    61.  1.100 / 61.  1.100
  libavdevice    61.  1.100 / 61.  1.100
  libavfilter    10.  1.100 / 10.  1.100
  libswscale      8.  1.100 /  8.  1.100
  libswresample   5.  1.100 /  5.  1.100
  libpostproc    58.  1.100 / 58.  1.100
Input #0, concat, from '/home/marco-lasagna/Scaricati/ffmpeg-java/inputFile.txt':
  Duration: N/A, start: 0.000000, bitrate: N/A
  Stream #0:0: Video: mjpeg (Baseline), yuvj420p(pc, bt470bg/unknown/unknown), 4501x4500 [SAR 1:1 DAR 4501:4500], 25 fps, 25 tbr, 25 tbn
Stream mapping:
  Stream #0:0 -> #0:0 (mjpeg (native) -> h264 (libx264))
Press [q] to stop, [?] for help
[swscaler @ 0x7f7374016b00] deprecated pixel format used, make sure you did set range correctly
    Last message repeated 1 times
[swscaler @ 0x7f7374b407c0] deprecated pixel format used, make sure you did set range correctly
    Last message repeated 1 times
[vost#0:0/libx264 @ 0x5fd3d3bd5600] No information about the input framerate is available. Falling back to a default value of 25fps. Use the -r option if you want a different framerate.
[libx264 @ 0x5fd3d3bcb9c0] using SAR=2048/4095
[libx264 @ 0x5fd3d3bcb9c0] using cpu capabilities: MMX2 SSE2Fast SSSE3 SSE4.2 AVX FMA3 BMI2 AVX2
[libx264 @ 0x5fd3d3bcb9c0] profile High, level 4.0, 4:2:0, 8-bit
[libx264 @ 0x5fd3d3bcb9c0] 264 - core 164 r3108 31e19f9 - H.264/MPEG-4 AVC codec - Copyleft 2003-2023 - http://www.videolan.org/x264.html - options: cabac=1 ref=3 deblock=1:0:0 analyse=0x3:0x113 me=hex subme=7 psy=1 psy_rd=1.00:0.00 mixed_ref=1 me_range=16 chroma_me=1 trellis=1 8x8dct=1 cqm=0 deadzone=21,11 fast_pskip=1 chroma_qp_offset=-2 threads=30 lookahead_threads=5 sliced_threads=0 nr=0 decimate=1 interlaced=0 bluray_compat=0 constrained_intra=0 bframes=3 b_pyramid=2 b_adapt=1 b_bias=0 direct=1 weightb=1 open_gop=0 weightp=2 keyint=250 keyint_min=25 scenecut=40 intra_refresh=0 rc_lookahead=40 rc=crf mbtree=1 crf=23.0 qcomp=0.60 qpmin=0 qpmax=69 qpstep=4 ip_ratio=1.40 aq=1:1.00
Output #0, mp4, to './src/test/resources/output/translation/tempVideo/090.mp4':
  Metadata:
    encoder         : Lavf61.1.100
  Stream #0:0: Video: h264 (avc1 / 0x31637661), yuvj420p(pc, progressive), 2048x1024 [SAR 4501:9000 DAR 4501:4500], q=2-31, 25 fps, 12800 tbn
      Metadata:
        encoder         : Lavc61.3.100 libx264
      Side data:
        cpb: bitrate max/min/avg: 0/0/0 buffer size: 0 vbv_delay: N/A
[out#0/mp4 @ 0x5fd3d3bd3380] video:32KiB audio:0KiB subtitle:0KiB other streams:0KiB global headers:0KiB muxing overhead: 2.906551%
frame=    6 fps=0.0 q=-1.0 Lsize=      33KiB time=00:00:00.16 bitrate=1687.0kbits/s dup=0 drop=19 speed=0.66x    
[libx264 @ 0x5fd3d3bcb9c0] frame I:1     Avg QP:18.47  size: 30195
[libx264 @ 0x5fd3d3bcb9c0] frame P:2     Avg QP:19.32  size:   519
[libx264 @ 0x5fd3d3bcb9c0] frame B:3     Avg QP:33.85  size:   288
[libx264 @ 0x5fd3d3bcb9c0] consecutive B-frames: 33.3%  0.0%  0.0% 66.7%
[libx264 @ 0x5fd3d3bcb9c0] mb I  I16..4: 25.9% 63.9% 10.2%
[libx264 @ 0x5fd3d3bcb9c0] mb P  I16..4:  0.1%  0.1%  0.0%  P16..4:  1.0%  0.2%  0.0%  0.0%  0.0%    skip:98.6%
[libx264 @ 0x5fd3d3bcb9c0] mb B  I16..4:  0.0%  0.1%  0.0%  B16..8:  1.1%  0.1%  0.0%  direct: 0.1%  skip:98.7%  L0:42.4% L1:56.5% BI: 1.0%
[libx264 @ 0x5fd3d3bcb9c0] 8x8 transform intra:63.9% inter:35.5%
[libx264 @ 0x5fd3d3bcb9c0] coded y,uvDC,uvAC intra: 5.9% 10.2% 9.1% inter: 0.1% 0.0% 0.0%
[libx264 @ 0x5fd3d3bcb9c0] i16 v,h,dc,p: 88% 11%  1%  0%
[libx264 @ 0x5fd3d3bcb9c0] i8 v,h,dc,ddl,ddr,vr,hd,vl,hu: 45%  5% 50%  0%  0%  0%  0%  0%  0%
[libx264 @ 0x5fd3d3bcb9c0] i4 v,h,dc,ddl,ddr,vr,hd,vl,hu: 39% 29% 10%  4%  2%  2%  4%  4%  5%
[libx264 @ 0x5fd3d3bcb9c0] i8c dc,h,v,p: 82%  9%  8%  1%
[libx264 @ 0x5fd3d3bcb9c0] Weighted P-Frames: Y:0.0% UV:0.0%
[libx264 @ 0x5fd3d3bcb9c0] ref P L0: 96.3%  1.0%  1.1%  1.6%
[libx264 @ 0x5fd3d3bcb9c0] ref B L0: 94.6%  5.4%
[libx264 @ 0x5fd3d3bcb9c0] ref B L1: 96.5%  3.5%
[libx264 @ 0x5fd3d3bcb9c0] kb/s:1069.93
ffmpeg version 7.0.2-3ubuntu1 Copyright (c) 2000-2024 the FFmpeg developers
  built with gcc 14 (Ubuntu 14.2.0-2ubuntu1)
  configuration: --prefix=/usr --extra-version=3ubuntu1 --toolchain=hardened --libdir=/usr/lib/x86_64-linux-gnu --incdir=/usr/include/x86_64-linux-gnu --arch=amd64 --enable-gpl --disable-stripping --disable-libmfx --disable-omx --enable-gnutls --enable-libaom --enable-libass --enable-libbs2b --enable-libcdio --enable-libcodec2 --enable-libdav1d --enable-libflite --enable-libfontconfig --enable-libfreetype --enable-libfribidi --enable-libglslang --enable-libgme --enable-libgsm --enable-libharfbuzz --enable-libmp3lame --enable-libmysofa --enable-libopenjpeg --enable-libopenmpt --enable-libopus --enable-librubberband --enable-libshine --enable-libsnappy --enable-libsoxr --enable-libspeex --enable-libtheora --enable-libtwolame --enable-libvidstab --enable-libvorbis --enable-libvpx --enable-libwebp --enable-libx265 --enable-libxml2 --enable-libxvid --enable-libzimg --enable-openal --enable-opencl --enable-opengl --disable-sndio --enable-libvpl --enable-libdc1394 --enable-libdrm --enable-libiec61883 --enable-chromaprint --enable-frei0r --enable-ladspa --enable-libbluray --enable-libcaca --enable-libdvdnav --enable-libdvdread --enable-libjack --enable-libpulse --enable-librabbitmq --enable-librist --enable-libsrt --enable-libssh --enable-libsvtav1 --enable-libx264 --enable-libzmq --enable-libzvbi --enable-lv2 --enable-sdl2 --enable-libplacebo --enable-librav1e --enable-pocketsphinx --enable-librsvg --enable-libjxl --enable-shared
  libavutil      59.  8.100 / 59.  8.100
  libavcodec     61.  3.100 / 61.  3.100
  libavformat    61.  1.100 / 61.  1.100
  libavdevice    61.  1.100 / 61.  1.100
  libavfilter    10.  1.100 / 10.  1.100
  libswscale      8.  1.100 /  8.  1.100
  libswresample   5.  1.100 /  5.  1.100
  libpostproc    58.  1.100 / 58.  1.100
Input #0, concat, from '/home/marco-lasagna/Scaricati/ffmpeg-java/inputFile.txt':
  Duration: N/A, start: 0.000000, bitrate: N/A
  Stream #0:0: Video: mjpeg (Baseline), yuvj420p(pc, bt470bg/unknown/unknown), 4501x4500 [SAR 1:1 DAR 4501:4500], 25 fps, 25 tbr, 25 tbn
Stream mapping:
  Stream #0:0 -> #0:0 (mjpeg (native) -> h264 (libx264))
Press [q] to stop, [?] for help
[swscaler @ 0x7e317c016b00] deprecated pixel format used, make sure you did set range correctly
    Last message repeated 1 times
[swscaler @ 0x7e317cb407c0] deprecated pixel format used, make sure you did set range correctly
    Last message repeated 1 times
[vost#0:0/libx264 @ 0x616caf3bd600] No information about the input framerate is available. Falling back to a default value of 25fps. Use the -r option if you want a different framerate.
[libx264 @ 0x616caf3b39c0] using SAR=2048/4095
[libx264 @ 0x616caf3b39c0] using cpu capabilities: MMX2 SSE2Fast SSSE3 SSE4.2 AVX FMA3 BMI2 AVX2
[libx264 @ 0x616caf3b39c0] profile High, level 4.0, 4:2:0, 8-bit
[libx264 @ 0x616caf3b39c0] 264 - core 164 r3108 31e19f9 - H.264/MPEG-4 AVC codec - Copyleft 2003-2023 - http://www.videolan.org/x264.html - options: cabac=1 ref=3 deblock=1:0:0 analyse=0x3:0x113 me=hex subme=7 psy=1 psy_rd=1.00:0.00 mixed_ref=1 me_range=16 chroma_me=1 trellis=1 8x8dct=1 cqm=0 deadzone=21,11 fast_pskip=1 chroma_qp_offset=-2 threads=30 lookahead_threads=5 sliced_threads=0 nr=0 decimate=1 interlaced=0 bluray_compat=0 constrained_intra=0 bframes=3 b_pyramid=2 b_adapt=1 b_bias=0 direct=1 weightb=1 open_gop=0 weightp=2 keyint=250 keyint_min=25 scenecut=40 intra_refresh=0 rc_lookahead=40 rc=crf mbtree=1 crf=23.0 qcomp=0.60 qpmin=0 qpmax=69 qpstep=4 ip_ratio=1.40 aq=1:1.00
Output #0, mp4, to './src/test/resources/output/translation/tempVideo/100.mp4':
  Metadata:
    encoder         : Lavf61.1.100
  Stream #0:0: Video: h264 (avc1 / 0x31637661), yuvj420p(pc, progressive), 2048x1024 [SAR 4501:9000 DAR 4501:4500], q=2-31, 25 fps, 12800 tbn
      Metadata:
        encoder         : Lavc61.3.100 libx264
      Side data:
        cpb: bitrate max/min/avg: 0/0/0 buffer size: 0 vbv_delay: N/A
[out#0/mp4 @ 0x616caf3bb380] video:32KiB audio:0KiB subtitle:0KiB other streams:0KiB global headers:0KiB muxing overhead: 2.885937%
frame=    6 fps=0.0 q=-1.0 Lsize=      33KiB time=00:00:00.16 bitrate=1684.5kbits/s dup=0 drop=19 speed=0.65x    
[libx264 @ 0x616caf3b39c0] frame I:1     Avg QP:18.41  size: 30186
[libx264 @ 0x616caf3b39c0] frame P:2     Avg QP:18.68  size:   532
[libx264 @ 0x616caf3b39c0] frame B:3     Avg QP:27.33  size:   268
[libx264 @ 0x616caf3b39c0] consecutive B-frames: 16.7% 33.3% 50.0%  0.0%
[libx264 @ 0x616caf3b39c0] mb I  I16..4: 25.4% 64.4% 10.2%
[libx264 @ 0x616caf3b39c0] mb P  I16..4:  0.1%  0.0%  0.0%  P16..4:  1.4%  0.2%  0.2%  0.0%  0.0%    skip:98.1%
[libx264 @ 0x616caf3b39c0] mb B  I16..4:  0.0%  0.0%  0.0%  B16..8:  1.2%  0.1%  0.0%  direct: 0.1%  skip:98.6%  L0:47.9% L1:48.8% BI: 3.3%
[libx264 @ 0x616caf3b39c0] 8x8 transform intra:64.3% inter:35.2%
[libx264 @ 0x616caf3b39c0] coded y,uvDC,uvAC intra: 6.0% 10.1% 9.1% inter: 0.1% 0.0% 0.0%
[libx264 @ 0x616caf3b39c0] i16 v,h,dc,p: 88% 12%  1%  0%
[libx264 @ 0x616caf3b39c0] i8 v,h,dc,ddl,ddr,vr,hd,vl,hu: 61%  6% 32%  0%  0%  0%  0%  0%  0%
[libx264 @ 0x616caf3b39c0] i4 v,h,dc,ddl,ddr,vr,hd,vl,hu: 40% 29% 10%  4%  2%  2%  4%  4%  5%
[libx264 @ 0x616caf3b39c0] i8c dc,h,v,p: 82%  9%  8%  1%
[libx264 @ 0x616caf3b39c0] Weighted P-Frames: Y:0.0% UV:0.0%
[libx264 @ 0x616caf3b39c0] ref P L0: 95.3%  0.4%  3.6%  0.7%
[libx264 @ 0x616caf3b39c0] ref B L0: 49.3% 50.7%
[libx264 @ 0x616caf3b39c0] kb/s:1068.50
ffmpeg version 7.0.2-3ubuntu1 Copyright (c) 2000-2024 the FFmpeg developers
  built with gcc 14 (Ubuntu 14.2.0-2ubuntu1)
  configuration: --prefix=/usr --extra-version=3ubuntu1 --toolchain=hardened --libdir=/usr/lib/x86_64-linux-gnu --incdir=/usr/include/x86_64-linux-gnu --arch=amd64 --enable-gpl --disable-stripping --disable-libmfx --disable-omx --enable-gnutls --enable-libaom --enable-libass --enable-libbs2b --enable-libcdio --enable-libcodec2 --enable-libdav1d --enable-libflite --enable-libfontconfig --enable-libfreetype --enable-libfribidi --enable-libglslang --enable-libgme --enable-libgsm --enable-libharfbuzz --enable-libmp3lame --enable-libmysofa --enable-libopenjpeg --enable-libopenmpt --enable-libopus --enable-librubberband --enable-libshine --enable-libsnappy --enable-libsoxr --enable-libspeex --enable-libtheora --enable-libtwolame --enable-libvidstab --enable-libvorbis --enable-libvpx --enable-libwebp --enable-libx265 --enable-libxml2 --enable-libxvid --enable-libzimg --enable-openal --enable-opencl --enable-opengl --disable-sndio --enable-libvpl --enable-libdc1394 --enable-libdrm --enable-libiec61883 --enable-chromaprint --enable-frei0r --enable-ladspa --enable-libbluray --enable-libcaca --enable-libdvdnav --enable-libdvdread --enable-libjack --enable-libpulse --enable-librabbitmq --enable-librist --enable-libsrt --enable-libssh --enable-libsvtav1 --enable-libx264 --enable-libzmq --enable-libzvbi --enable-lv2 --enable-sdl2 --enable-libplacebo --enable-librav1e --enable-pocketsphinx --enable-librsvg --enable-libjxl --enable-shared
  libavutil      59.  8.100 / 59.  8.100
  libavcodec     61.  3.100 / 61.  3.100
  libavformat    61.  1.100 / 61.  1.100
  libavdevice    61.  1.100 / 61.  1.100
  libavfilter    10.  1.100 / 10.  1.100
  libswscale      8.  1.100 /  8.  1.100
  libswresample   5.  1.100 /  5.  1.100
  libpostproc    58.  1.100 / 58.  1.100
Input #0, concat, from '/home/marco-lasagna/Scaricati/ffmpeg-java/inputFile.txt':
  Duration: N/A, start: 0.000000, bitrate: N/A
  Stream #0:0: Video: mjpeg (Baseline), yuvj420p(pc, bt470bg/unknown/unknown), 4501x4500 [SAR 1:1 DAR 4501:4500], 25 fps, 25 tbr, 25 tbn
Stream mapping:
  Stream #0:0 -> #0:0 (mjpeg (native) -> h264 (libx264))
Press [q] to stop, [?] for help
[swscaler @ 0x71aed4016b00] deprecated pixel format used, make sure you did set range correctly
    Last message repeated 1 times
[swscaler @ 0x71aed4b407c0] deprecated pixel format used, make sure you did set range correctly
    Last message repeated 1 times
[vost#0:0/libx264 @ 0x62c5576e1600] No information about the input framerate is available. Falling back to a default value of 25fps. Use the -r option if you want a different framerate.
[libx264 @ 0x62c5576d79c0] using SAR=2048/4095
[libx264 @ 0x62c5576d79c0] using cpu capabilities: MMX2 SSE2Fast SSSE3 SSE4.2 AVX FMA3 BMI2 AVX2
[libx264 @ 0x62c5576d79c0] profile High, level 4.0, 4:2:0, 8-bit
[libx264 @ 0x62c5576d79c0] 264 - core 164 r3108 31e19f9 - H.264/MPEG-4 AVC codec - Copyleft 2003-2023 - http://www.videolan.org/x264.html - options: cabac=1 ref=3 deblock=1:0:0 analyse=0x3:0x113 me=hex subme=7 psy=1 psy_rd=1.00:0.00 mixed_ref=1 me_range=16 chroma_me=1 trellis=1 8x8dct=1 cqm=0 deadzone=21,11 fast_pskip=1 chroma_qp_offset=-2 threads=30 lookahead_threads=5 sliced_threads=0 nr=0 decimate=1 interlaced=0 bluray_compat=0 constrained_intra=0 bframes=3 b_pyramid=2 b_adapt=1 b_bias=0 direct=1 weightb=1 open_gop=0 weightp=2 keyint=250 keyint_min=25 scenecut=40 intra_refresh=0 rc_lookahead=40 rc=crf mbtree=1 crf=23.0 qcomp=0.60 qpmin=0 qpmax=69 qpstep=4 ip_ratio=1.40 aq=1:1.00
Output #0, mp4, to './src/test/resources/output/translation/tempVideo/110.mp4':
  Metadata:
    encoder         : Lavf61.1.100
  Stream #0:0: Video: h264 (avc1 / 0x31637661), yuvj420p(pc, progressive), 2048x1024 [SAR 4501:9000 DAR 4501:4500], q=2-31, 25 fps, 12800 tbn
      Metadata:
        encoder         : Lavc61.3.100 libx264
      Side data:
        cpb: bitrate max/min/avg: 0/0/0 buffer size: 0 vbv_delay: N/A
[out#0/mp4 @ 0x62c5576df380] video:32KiB audio:0KiB subtitle:0KiB other streams:0KiB global headers:0KiB muxing overhead: 2.884968%
frame=    6 fps=0.0 q=-1.0 Lsize=      33KiB time=00:00:00.16 bitrate=1685.0kbits/s dup=0 drop=19 speed=0.679x    
[libx264 @ 0x62c5576d79c0] frame I:1     Avg QP:18.13  size: 30189
[libx264 @ 0x62c5576d79c0] frame P:2     Avg QP:19.55  size:   527
[libx264 @ 0x62c5576d79c0] frame B:3     Avg QP:26.74  size:   274
[libx264 @ 0x62c5576d79c0] consecutive B-frames: 16.7% 33.3% 50.0%  0.0%
[libx264 @ 0x62c5576d79c0] mb I  I16..4: 25.8% 63.9% 10.3%
[libx264 @ 0x62c5576d79c0] mb P  I16..4:  0.1%  0.1%  0.0%  P16..4:  1.3%  0.2%  0.1%  0.0%  0.0%    skip:98.2%
[libx264 @ 0x62c5576d79c0] mb B  I16..4:  0.0%  0.0%  0.0%  B16..8:  1.4%  0.0%  0.0%  direct: 0.0%  skip:98.5%  L0:54.6% L1:41.5% BI: 3.9%
[libx264 @ 0x62c5576d79c0] 8x8 transform intra:63.9% inter:14.0%
[libx264 @ 0x62c5576d79c0] coded y,uvDC,uvAC intra: 5.9% 10.1% 9.1% inter: 0.1% 0.0% 0.0%
[libx264 @ 0x62c5576d79c0] i16 v,h,dc,p: 87% 12%  1%  0%
[libx264 @ 0x62c5576d79c0] i8 v,h,dc,ddl,ddr,vr,hd,vl,hu: 59%  8% 32%  0%  0%  0%  0%  0%  0%
[libx264 @ 0x62c5576d79c0] i4 v,h,dc,ddl,ddr,vr,hd,vl,hu: 40% 29%  9%  3%  2%  2%  4%  4%  5%
[libx264 @ 0x62c5576d79c0] i8c dc,h,v,p: 82%  9%  8%  1%
[libx264 @ 0x62c5576d79c0] Weighted P-Frames: Y:0.0% UV:0.0%
[libx264 @ 0x62c5576d79c0] ref P L0: 94.3%  0.8%  4.0%  0.8%
[libx264 @ 0x62c5576d79c0] ref B L0: 49.5% 50.5%
[libx264 @ 0x62c5576d79c0] kb/s:1068.87
ffmpeg version 7.0.2-3ubuntu1 Copyright (c) 2000-2024 the FFmpeg developers
  built with gcc 14 (Ubuntu 14.2.0-2ubuntu1)
  configuration: --prefix=/usr --extra-version=3ubuntu1 --toolchain=hardened --libdir=/usr/lib/x86_64-linux-gnu --incdir=/usr/include/x86_64-linux-gnu --arch=amd64 --enable-gpl --disable-stripping --disable-libmfx --disable-omx --enable-gnutls --enable-libaom --enable-libass --enable-libbs2b --enable-libcdio --enable-libcodec2 --enable-libdav1d --enable-libflite --enable-libfontconfig --enable-libfreetype --enable-libfribidi --enable-libglslang --enable-libgme --enable-libgsm --enable-libharfbuzz --enable-libmp3lame --enable-libmysofa --enable-libopenjpeg --enable-libopenmpt --enable-libopus --enable-librubberband --enable-libshine --enable-libsnappy --enable-libsoxr --enable-libspeex --enable-libtheora --enable-libtwolame --enable-libvidstab --enable-libvorbis --enable-libvpx --enable-libwebp --enable-libx265 --enable-libxml2 --enable-libxvid --enable-libzimg --enable-openal --enable-opencl --enable-opengl --disable-sndio --enable-libvpl --enable-libdc1394 --enable-libdrm --enable-libiec61883 --enable-chromaprint --enable-frei0r --enable-ladspa --enable-libbluray --enable-libcaca --enable-libdvdnav --enable-libdvdread --enable-libjack --enable-libpulse --enable-librabbitmq --enable-librist --enable-libsrt --enable-libssh --enable-libsvtav1 --enable-libx264 --enable-libzmq --enable-libzvbi --enable-lv2 --enable-sdl2 --enable-libplacebo --enable-librav1e --enable-pocketsphinx --enable-librsvg --enable-libjxl --enable-shared
  libavutil      59.  8.100 / 59.  8.100
  libavcodec     61.  3.100 / 61.  3.100
  libavformat    61.  1.100 / 61.  1.100
  libavdevice    61.  1.100 / 61.  1.100
  libavfilter    10.  1.100 / 10.  1.100
  libswscale      8.  1.100 /  8.  1.100
  libswresample   5.  1.100 /  5.  1.100
  libpostproc    58.  1.100 / 58.  1.100
Input #0, concat, from '/home/marco-lasagna/Scaricati/ffmpeg-java/inputFile.txt':
  Duration: N/A, start: 0.000000, bitrate: N/A
  Stream #0:0: Video: mjpeg (Baseline), yuvj420p(pc, bt470bg/unknown/unknown), 4501x4500 [SAR 1:1 DAR 4501:4500], 25 fps, 25 tbr, 25 tbn
Stream mapping:
  Stream #0:0 -> #0:0 (mjpeg (native) -> h264 (libx264))
Press [q] to stop, [?] for help
[swscaler @ 0x7167e8016b00] deprecated pixel format used, make sure you did set range correctly
    Last message repeated 1 times
[swscaler @ 0x7167e8b407c0] deprecated pixel format used, make sure you did set range correctly
    Last message repeated 1 times
[vost#0:0/libx264 @ 0x63876989c600] No information about the input framerate is available. Falling back to a default value of 25fps. Use the -r option if you want a different framerate.
[libx264 @ 0x6387698929c0] using SAR=2048/4095
[libx264 @ 0x6387698929c0] using cpu capabilities: MMX2 SSE2Fast SSSE3 SSE4.2 AVX FMA3 BMI2 AVX2
[libx264 @ 0x6387698929c0] profile High, level 4.0, 4:2:0, 8-bit
[libx264 @ 0x6387698929c0] 264 - core 164 r3108 31e19f9 - H.264/MPEG-4 AVC codec - Copyleft 2003-2023 - http://www.videolan.org/x264.html - options: cabac=1 ref=3 deblock=1:0:0 analyse=0x3:0x113 me=hex subme=7 psy=1 psy_rd=1.00:0.00 mixed_ref=1 me_range=16 chroma_me=1 trellis=1 8x8dct=1 cqm=0 deadzone=21,11 fast_pskip=1 chroma_qp_offset=-2 threads=30 lookahead_threads=5 sliced_threads=0 nr=0 decimate=1 interlaced=0 bluray_compat=0 constrained_intra=0 bframes=3 b_pyramid=2 b_adapt=1 b_bias=0 direct=1 weightb=1 open_gop=0 weightp=2 keyint=250 keyint_min=25 scenecut=40 intra_refresh=0 rc_lookahead=40 rc=crf mbtree=1 crf=23.0 qcomp=0.60 qpmin=0 qpmax=69 qpstep=4 ip_ratio=1.40 aq=1:1.00
Output #0, mp4, to './src/test/resources/output/translation/tempVideo/120.mp4':
  Metadata:
    encoder         : Lavf61.1.100
  Stream #0:0: Video: h264 (avc1 / 0x31637661), yuvj420p(pc, progressive), 2048x1024 [SAR 4501:9000 DAR 4501:4500], q=2-31, 25 fps, 12800 tbn
      Metadata:
        encoder         : Lavc61.3.100 libx264
      Side data:
        cpb: bitrate max/min/avg: 0/0/0 buffer size: 0 vbv_delay: N/A
[out#0/mp4 @ 0x63876989a380] video:32KiB audio:0KiB subtitle:0KiB other streams:0KiB global headers:0KiB muxing overhead: 2.906197%
frame=    6 fps=0.0 q=-1.0 Lsize=      33KiB time=00:00:00.16 bitrate=1687.2kbits/s dup=0 drop=19 speed=0.67x    
[libx264 @ 0x6387698929c0] frame I:1     Avg QP:18.31  size: 30099
[libx264 @ 0x6387698929c0] frame P:2     Avg QP:19.04  size:   566
[libx264 @ 0x6387698929c0] frame B:3     Avg QP:25.22  size:   291
[libx264 @ 0x6387698929c0] consecutive B-frames: 33.3%  0.0%  0.0% 66.7%
[libx264 @ 0x6387698929c0] mb I  I16..4: 26.0% 63.7% 10.3%
[libx264 @ 0x6387698929c0] mb P  I16..4:  0.1%  0.1%  0.0%  P16..4:  1.2%  0.2%  0.1%  0.0%  0.0%    skip:98.4%
[libx264 @ 0x6387698929c0] mb B  I16..4:  0.0%  0.0%  0.0%  B16..8:  1.1%  0.1%  0.0%  direct: 0.0%  skip:98.7%  L0:59.8% L1:37.5% BI: 2.7%
[libx264 @ 0x6387698929c0] 8x8 transform intra:63.7% inter:32.2%
[libx264 @ 0x6387698929c0] coded y,uvDC,uvAC intra: 5.9% 10.2% 9.1% inter: 0.1% 0.0% 0.0%
[libx264 @ 0x6387698929c0] i16 v,h,dc,p: 88% 11%  1%  0%
[libx264 @ 0x6387698929c0] i8 v,h,dc,ddl,ddr,vr,hd,vl,hu: 44%  5% 50%  0%  0%  0%  0%  0%  0%
[libx264 @ 0x6387698929c0] i4 v,h,dc,ddl,ddr,vr,hd,vl,hu: 39% 30% 10%  4%  2%  2%  4%  4%  5%
[libx264 @ 0x6387698929c0] i8c dc,h,v,p: 82%  9%  8%  1%
[libx264 @ 0x6387698929c0] Weighted P-Frames: Y:0.0% UV:0.0%
[libx264 @ 0x6387698929c0] ref P L0: 95.6%  0.2%  0.6%  3.5%
[libx264 @ 0x6387698929c0] ref B L0: 93.0%  7.0%
[libx264 @ 0x6387698929c0] ref B L1: 93.2%  6.8%
[libx264 @ 0x6387698929c0] kb/s:1070.07
ffmpeg version 7.0.2-3ubuntu1 Copyright (c) 2000-2024 the FFmpeg developers
  built with gcc 14 (Ubuntu 14.2.0-2ubuntu1)
  configuration: --prefix=/usr --extra-version=3ubuntu1 --toolchain=hardened --libdir=/usr/lib/x86_64-linux-gnu --incdir=/usr/include/x86_64-linux-gnu --arch=amd64 --enable-gpl --disable-stripping --disable-libmfx --disable-omx --enable-gnutls --enable-libaom --enable-libass --enable-libbs2b --enable-libcdio --enable-libcodec2 --enable-libdav1d --enable-libflite --enable-libfontconfig --enable-libfreetype --enable-libfribidi --enable-libglslang --enable-libgme --enable-libgsm --enable-libharfbuzz --enable-libmp3lame --enable-libmysofa --enable-libopenjpeg --enable-libopenmpt --enable-libopus --enable-librubberband --enable-libshine --enable-libsnappy --enable-libsoxr --enable-libspeex --enable-libtheora --enable-libtwolame --enable-libvidstab --enable-libvorbis --enable-libvpx --enable-libwebp --enable-libx265 --enable-libxml2 --enable-libxvid --enable-libzimg --enable-openal --enable-opencl --enable-opengl --disable-sndio --enable-libvpl --enable-libdc1394 --enable-libdrm --enable-libiec61883 --enable-chromaprint --enable-frei0r --enable-ladspa --enable-libbluray --enable-libcaca --enable-libdvdnav --enable-libdvdread --enable-libjack --enable-libpulse --enable-librabbitmq --enable-librist --enable-libsrt --enable-libssh --enable-libsvtav1 --enable-libx264 --enable-libzmq --enable-libzvbi --enable-lv2 --enable-sdl2 --enable-libplacebo --enable-librav1e --enable-pocketsphinx --enable-librsvg --enable-libjxl --enable-shared
  libavutil      59.  8.100 / 59.  8.100
  libavcodec     61.  3.100 / 61.  3.100
  libavformat    61.  1.100 / 61.  1.100
  libavdevice    61.  1.100 / 61.  1.100
  libavfilter    10.  1.100 / 10.  1.100
  libswscale      8.  1.100 /  8.  1.100
  libswresample   5.  1.100 /  5.  1.100
  libpostproc    58.  1.100 / 58.  1.100
Input #0, concat, from '/home/marco-lasagna/Scaricati/ffmpeg-java/inputFile.txt':
  Duration: N/A, start: 0.000000, bitrate: N/A
  Stream #0:0: Video: mjpeg (Baseline), yuvj420p(pc, bt470bg/unknown/unknown), 4501x4500 [SAR 1:1 DAR 4501:4500], 25 fps, 25 tbr, 25 tbn
Stream mapping:
  Stream #0:0 -> #0:0 (mjpeg (native) -> h264 (libx264))
Press [q] to stop, [?] for help
[swscaler @ 0x7728c8016b00] deprecated pixel format used, make sure you did set range correctly
    Last message repeated 1 times
[swscaler @ 0x7728c8b407c0] deprecated pixel format used, make sure you did set range correctly
    Last message repeated 1 times
[vost#0:0/libx264 @ 0x646085652600] No information about the input framerate is available. Falling back to a default value of 25fps. Use the -r option if you want a different framerate.
[libx264 @ 0x6460856489c0] using SAR=2048/4095
[libx264 @ 0x6460856489c0] using cpu capabilities: MMX2 SSE2Fast SSSE3 SSE4.2 AVX FMA3 BMI2 AVX2
[libx264 @ 0x6460856489c0] profile High, level 4.0, 4:2:0, 8-bit
[libx264 @ 0x6460856489c0] 264 - core 164 r3108 31e19f9 - H.264/MPEG-4 AVC codec - Copyleft 2003-2023 - http://www.videolan.org/x264.html - options: cabac=1 ref=3 deblock=1:0:0 analyse=0x3:0x113 me=hex subme=7 psy=1 psy_rd=1.00:0.00 mixed_ref=1 me_range=16 chroma_me=1 trellis=1 8x8dct=1 cqm=0 deadzone=21,11 fast_pskip=1 chroma_qp_offset=-2 threads=30 lookahead_threads=5 sliced_threads=0 nr=0 decimate=1 interlaced=0 bluray_compat=0 constrained_intra=0 bframes=3 b_pyramid=2 b_adapt=1 b_bias=0 direct=1 weightb=1 open_gop=0 weightp=2 keyint=250 keyint_min=25 scenecut=40 intra_refresh=0 rc_lookahead=40 rc=crf mbtree=1 crf=23.0 qcomp=0.60 qpmin=0 qpmax=69 qpstep=4 ip_ratio=1.40 aq=1:1.00
Output #0, mp4, to './src/test/resources/output/translation/tempVideo/130.mp4':
  Metadata:
    encoder         : Lavf61.1.100
  Stream #0:0: Video: h264 (avc1 / 0x31637661), yuvj420p(pc, progressive), 2048x1024 [SAR 4501:9000 DAR 4501:4500], q=2-31, 25 fps, 12800 tbn
      Metadata:
        encoder         : Lavc61.3.100 libx264
      Side data:
        cpb: bitrate max/min/avg: 0/0/0 buffer size: 0 vbv_delay: N/A
[out#0/mp4 @ 0x646085650380] video:32KiB audio:0KiB subtitle:0KiB other streams:0KiB global headers:0KiB muxing overhead: 2.913482%
frame=    6 fps=0.0 q=-1.0 Lsize=      33KiB time=00:00:00.16 bitrate=1683.2kbits/s dup=0 drop=19 speed=0.667x    
[libx264 @ 0x6460856489c0] frame I:1     Avg QP:18.12  size: 30080
[libx264 @ 0x6460856489c0] frame P:2     Avg QP:16.87  size:   546
[libx264 @ 0x6460856489c0] frame B:3     Avg QP:26.59  size:   283
[libx264 @ 0x6460856489c0] consecutive B-frames: 33.3%  0.0%  0.0% 66.7%
[libx264 @ 0x6460856489c0] mb I  I16..4: 14.4% 75.4% 10.3%
[libx264 @ 0x6460856489c0] mb P  I16..4:  0.1%  0.1%  0.0%  P16..4:  0.8%  0.2%  0.1%  0.0%  0.0%    skip:98.7%
[libx264 @ 0x6460856489c0] mb B  I16..4:  0.0%  0.0%  0.0%  B16..8:  1.0%  0.1%  0.0%  direct: 0.0%  skip:98.8%  L0:26.1% L1:70.3% BI: 3.6%
[libx264 @ 0x6460856489c0] 8x8 transform intra:75.2% inter:21.6%
[libx264 @ 0x6460856489c0] coded y,uvDC,uvAC intra: 5.9% 10.1% 9.1% inter: 0.1% 0.0% 0.0%
[libx264 @ 0x6460856489c0] i16 v,h,dc,p: 78% 20%  1%  0%
[libx264 @ 0x6460856489c0] i8 v,h,dc,ddl,ddr,vr,hd,vl,hu: 55%  9% 35%  0%  0%  0%  0%  0%  0%
[libx264 @ 0x6460856489c0] i4 v,h,dc,ddl,ddr,vr,hd,vl,hu: 38% 30% 11%  4%  2%  2%  4%  4%  5%
[libx264 @ 0x6460856489c0] i8c dc,h,v,p: 82%  9%  8%  1%
[libx264 @ 0x6460856489c0] Weighted P-Frames: Y:0.0% UV:0.0%
[libx264 @ 0x6460856489c0] ref P L0: 92.9%  1.7%  2.6%  2.8%
[libx264 @ 0x6460856489c0] ref B L0: 90.3%  9.7%
[libx264 @ 0x6460856489c0] ref B L1: 95.6%  4.4%
[libx264 @ 0x6460856489c0] kb/s:1067.33
ffmpeg version 7.0.2-3ubuntu1 Copyright (c) 2000-2024 the FFmpeg developers
  built with gcc 14 (Ubuntu 14.2.0-2ubuntu1)
  configuration: --prefix=/usr --extra-version=3ubuntu1 --toolchain=hardened --libdir=/usr/lib/x86_64-linux-gnu --incdir=/usr/include/x86_64-linux-gnu --arch=amd64 --enable-gpl --disable-stripping --disable-libmfx --disable-omx --enable-gnutls --enable-libaom --enable-libass --enable-libbs2b --enable-libcdio --enable-libcodec2 --enable-libdav1d --enable-libflite --enable-libfontconfig --enable-libfreetype --enable-libfribidi --enable-libglslang --enable-libgme --enable-libgsm --enable-libharfbuzz --enable-libmp3lame --enable-libmysofa --enable-libopenjpeg --enable-libopenmpt --enable-libopus --enable-librubberband --enable-libshine --enable-libsnappy --enable-libsoxr --enable-libspeex --enable-libtheora --enable-libtwolame --enable-libvidstab --enable-libvorbis --enable-libvpx --enable-libwebp --enable-libx265 --enable-libxml2 --enable-libxvid --enable-libzimg --enable-openal --enable-opencl --enable-opengl --disable-sndio --enable-libvpl --enable-libdc1394 --enable-libdrm --enable-libiec61883 --enable-chromaprint --enable-frei0r --enable-ladspa --enable-libbluray --enable-libcaca --enable-libdvdnav --enable-libdvdread --enable-libjack --enable-libpulse --enable-librabbitmq --enable-librist --enable-libsrt --enable-libssh --enable-libsvtav1 --enable-libx264 --enable-libzmq --enable-libzvbi --enable-lv2 --enable-sdl2 --enable-libplacebo --enable-librav1e --enable-pocketsphinx --enable-librsvg --enable-libjxl --enable-shared
  libavutil      59.  8.100 / 59.  8.100
  libavcodec     61.  3.100 / 61.  3.100
  libavformat    61.  1.100 / 61.  1.100
  libavdevice    61.  1.100 / 61.  1.100
  libavfilter    10.  1.100 / 10.  1.100
  libswscale      8.  1.100 /  8.  1.100
  libswresample   5.  1.100 /  5.  1.100
  libpostproc    58.  1.100 / 58.  1.100
Input #0, concat, from '/home/marco-lasagna/Scaricati/ffmpeg-java/inputFile.txt':
  Duration: N/A, start: 0.000000, bitrate: N/A
  Stream #0:0: Video: mjpeg (Baseline), yuvj420p(pc, bt470bg/unknown/unknown), 4501x4500 [SAR 1:1 DAR 4501:4500], 25 fps, 25 tbr, 25 tbn
Stream mapping:
  Stream #0:0 -> #0:0 (mjpeg (native) -> h264 (libx264))
Press [q] to stop, [?] for help
[swscaler @ 0x7b2920016b00] deprecated pixel format used, make sure you did set range correctly
    Last message repeated 1 times
[swscaler @ 0x7b2920b407c0] deprecated pixel format used, make sure you did set range correctly
    Last message repeated 1 times
[vost#0:0/libx264 @ 0x57825468f600] No information about the input framerate is available. Falling back to a default value of 25fps. Use the -r option if you want a different framerate.
[libx264 @ 0x5782546859c0] using SAR=2048/4095
[libx264 @ 0x5782546859c0] using cpu capabilities: MMX2 SSE2Fast SSSE3 SSE4.2 AVX FMA3 BMI2 AVX2
[libx264 @ 0x5782546859c0] profile High, level 4.0, 4:2:0, 8-bit
[libx264 @ 0x5782546859c0] 264 - core 164 r3108 31e19f9 - H.264/MPEG-4 AVC codec - Copyleft 2003-2023 - http://www.videolan.org/x264.html - options: cabac=1 ref=3 deblock=1:0:0 analyse=0x3:0x113 me=hex subme=7 psy=1 psy_rd=1.00:0.00 mixed_ref=1 me_range=16 chroma_me=1 trellis=1 8x8dct=1 cqm=0 deadzone=21,11 fast_pskip=1 chroma_qp_offset=-2 threads=30 lookahead_threads=5 sliced_threads=0 nr=0 decimate=1 interlaced=0 bluray_compat=0 constrained_intra=0 bframes=3 b_pyramid=2 b_adapt=1 b_bias=0 direct=1 weightb=1 open_gop=0 weightp=2 keyint=250 keyint_min=25 scenecut=40 intra_refresh=0 rc_lookahead=40 rc=crf mbtree=1 crf=23.0 qcomp=0.60 qpmin=0 qpmax=69 qpstep=4 ip_ratio=1.40 aq=1:1.00
Output #0, mp4, to './src/test/resources/output/translation/tempVideo/140.mp4':
  Metadata:
    encoder         : Lavf61.1.100
  Stream #0:0: Video: h264 (avc1 / 0x31637661), yuvj420p(pc, progressive), 2048x1024 [SAR 4501:9000 DAR 4501:4500], q=2-31, 25 fps, 12800 tbn
      Metadata:
        encoder         : Lavc61.3.100 libx264
      Side data:
        cpb: bitrate max/min/avg: 0/0/0 buffer size: 0 vbv_delay: N/A
[out#0/mp4 @ 0x57825468d380] video:32KiB audio:0KiB subtitle:0KiB other streams:0KiB global headers:0KiB muxing overhead: 2.919015%
frame=    6 fps=0.0 q=-1.0 Lsize=      33KiB time=00:00:00.16 bitrate=1680.0kbits/s dup=0 drop=19 speed=0.643x    
[libx264 @ 0x5782546859c0] frame I:1     Avg QP:18.50  size: 30085
[libx264 @ 0x5782546859c0] frame P:2     Avg QP:16.67  size:   511
[libx264 @ 0x5782546859c0] frame B:3     Avg QP:25.64  size:   284
[libx264 @ 0x5782546859c0] consecutive B-frames: 33.3%  0.0%  0.0% 66.7%
[libx264 @ 0x5782546859c0] mb I  I16..4: 17.2% 72.6% 10.3%
[libx264 @ 0x5782546859c0] mb P  I16..4:  0.1%  0.1%  0.0%  P16..4:  0.5%  0.1%  0.1%  0.0%  0.0%    skip:99.1%
[libx264 @ 0x5782546859c0] mb B  I16..4:  0.0%  0.0%  0.0%  B16..8:  1.1%  0.1%  0.0%  direct: 0.0%  skip:98.8%  L0:26.7% L1:70.1% BI: 3.2%
[libx264 @ 0x5782546859c0] 8x8 transform intra:72.4% inter:31.3%
[libx264 @ 0x5782546859c0] coded y,uvDC,uvAC intra: 5.9% 10.2% 9.1% inter: 0.1% 0.0% 0.0%
[libx264 @ 0x5782546859c0] i16 v,h,dc,p: 82% 17%  1%  0%
[libx264 @ 0x5782546859c0] i8 v,h,dc,ddl,ddr,vr,hd,vl,hu: 44%  7% 48%  0%  0%  0%  0%  0%  0%
[libx264 @ 0x5782546859c0] i4 v,h,dc,ddl,ddr,vr,hd,vl,hu: 38% 31% 10%  4%  2%  2%  4%  4%  5%
[libx264 @ 0x5782546859c0] i8c dc,h,v,p: 82%  9%  8%  1%
[libx264 @ 0x5782546859c0] Weighted P-Frames: Y:0.0% UV:0.0%
[libx264 @ 0x5782546859c0] ref P L0: 90.6%  0.5%  0.9%  8.0%
[libx264 @ 0x5782546859c0] ref B L0: 90.8%  9.2%
[libx264 @ 0x5782546859c0] ref B L1: 95.3%  4.7%
[libx264 @ 0x5782546859c0] kb/s:1065.27
ffmpeg version 7.0.2-3ubuntu1 Copyright (c) 2000-2024 the FFmpeg developers
  built with gcc 14 (Ubuntu 14.2.0-2ubuntu1)
  configuration: --prefix=/usr --extra-version=3ubuntu1 --toolchain=hardened --libdir=/usr/lib/x86_64-linux-gnu --incdir=/usr/include/x86_64-linux-gnu --arch=amd64 --enable-gpl --disable-stripping --disable-libmfx --disable-omx --enable-gnutls --enable-libaom --enable-libass --enable-libbs2b --enable-libcdio --enable-libcodec2 --enable-libdav1d --enable-libflite --enable-libfontconfig --enable-libfreetype --enable-libfribidi --enable-libglslang --enable-libgme --enable-libgsm --enable-libharfbuzz --enable-libmp3lame --enable-libmysofa --enable-libopenjpeg --enable-libopenmpt --enable-libopus --enable-librubberband --enable-libshine --enable-libsnappy --enable-libsoxr --enable-libspeex --enable-libtheora --enable-libtwolame --enable-libvidstab --enable-libvorbis --enable-libvpx --enable-libwebp --enable-libx265 --enable-libxml2 --enable-libxvid --enable-libzimg --enable-openal --enable-opencl --enable-opengl --disable-sndio --enable-libvpl --enable-libdc1394 --enable-libdrm --enable-libiec61883 --enable-chromaprint --enable-frei0r --enable-ladspa --enable-libbluray --enable-libcaca --enable-libdvdnav --enable-libdvdread --enable-libjack --enable-libpulse --enable-librabbitmq --enable-librist --enable-libsrt --enable-libssh --enable-libsvtav1 --enable-libx264 --enable-libzmq --enable-libzvbi --enable-lv2 --enable-sdl2 --enable-libplacebo --enable-librav1e --enable-pocketsphinx --enable-librsvg --enable-libjxl --enable-shared
  libavutil      59.  8.100 / 59.  8.100
  libavcodec     61.  3.100 / 61.  3.100
  libavformat    61.  1.100 / 61.  1.100
  libavdevice    61.  1.100 / 61.  1.100
  libavfilter    10.  1.100 / 10.  1.100
  libswscale      8.  1.100 /  8.  1.100
  libswresample   5.  1.100 /  5.  1.100
  libpostproc    58.  1.100 / 58.  1.100
Input #0, concat, from '/home/marco-lasagna/Scaricati/ffmpeg-java/inputFile.txt':
  Duration: N/A, start: 0.000000, bitrate: N/A
  Stream #0:0: Video: mjpeg (Baseline), yuvj420p(pc, bt470bg/unknown/unknown), 4501x4500 [SAR 1:1 DAR 4501:4500], 25 fps, 25 tbr, 25 tbn
Stream mapping:
  Stream #0:0 -> #0:0 (mjpeg (native) -> h264 (libx264))
Press [q] to stop, [?] for help
[swscaler @ 0x7b4b74016b00] deprecated pixel format used, make sure you did set range correctly
    Last message repeated 1 times
[swscaler @ 0x7b4b74b407c0] deprecated pixel format used, make sure you did set range correctly
    Last message repeated 1 times
[vost#0:0/libx264 @ 0x57dd86efe600] No information about the input framerate is available. Falling back to a default value of 25fps. Use the -r option if you want a different framerate.
[libx264 @ 0x57dd86ef49c0] using SAR=2048/4095
[libx264 @ 0x57dd86ef49c0] using cpu capabilities: MMX2 SSE2Fast SSSE3 SSE4.2 AVX FMA3 BMI2 AVX2
[libx264 @ 0x57dd86ef49c0] profile High, level 4.0, 4:2:0, 8-bit
[libx264 @ 0x57dd86ef49c0] 264 - core 164 r3108 31e19f9 - H.264/MPEG-4 AVC codec - Copyleft 2003-2023 - http://www.videolan.org/x264.html - options: cabac=1 ref=3 deblock=1:0:0 analyse=0x3:0x113 me=hex subme=7 psy=1 psy_rd=1.00:0.00 mixed_ref=1 me_range=16 chroma_me=1 trellis=1 8x8dct=1 cqm=0 deadzone=21,11 fast_pskip=1 chroma_qp_offset=-2 threads=30 lookahead_threads=5 sliced_threads=0 nr=0 decimate=1 interlaced=0 bluray_compat=0 constrained_intra=0 bframes=3 b_pyramid=2 b_adapt=1 b_bias=0 direct=1 weightb=1 open_gop=0 weightp=2 keyint=250 keyint_min=25 scenecut=40 intra_refresh=0 rc_lookahead=40 rc=crf mbtree=1 crf=23.0 qcomp=0.60 qpmin=0 qpmax=69 qpstep=4 ip_ratio=1.40 aq=1:1.00
Output #0, mp4, to './src/test/resources/output/translation/tempVideo/150.mp4':
  Metadata:
    encoder         : Lavf61.1.100
  Stream #0:0: Video: h264 (avc1 / 0x31637661), yuvj420p(pc, progressive), 2048x1024 [SAR 4501:9000 DAR 4501:4500], q=2-31, 25 fps, 12800 tbn
      Metadata:
        encoder         : Lavc61.3.100 libx264
      Side data:
        cpb: bitrate max/min/avg: 0/0/0 buffer size: 0 vbv_delay: N/A
[out#0/mp4 @ 0x57dd86efc380] video:32KiB audio:0KiB subtitle:0KiB other streams:0KiB global headers:0KiB muxing overhead: 2.904248%
frame=    6 fps=0.0 q=-1.0 Lsize=      33KiB time=00:00:00.16 bitrate=1688.3kbits/s dup=0 drop=19 speed=0.668x    
[libx264 @ 0x57dd86ef49c0] frame I:1     Avg QP:18.46  size: 30012
[libx264 @ 0x57dd86ef49c0] frame P:2     Avg QP:19.82  size:   595
[libx264 @ 0x57dd86ef49c0] frame B:3     Avg QP:24.88  size:   307
[libx264 @ 0x57dd86ef49c0] consecutive B-frames: 33.3%  0.0%  0.0% 66.7%
[libx264 @ 0x57dd86ef49c0] mb I  I16..4: 17.2% 72.4% 10.4%
[libx264 @ 0x57dd86ef49c0] mb P  I16..4:  0.1%  0.1%  0.0%  P16..4:  1.2%  0.2%  0.1%  0.0%  0.0%    skip:98.4%
[libx264 @ 0x57dd86ef49c0] mb B  I16..4:  0.0%  0.0%  0.0%  B16..8:  1.2%  0.1%  0.0%  direct: 0.0%  skip:98.6%  L0:35.8% L1:61.2% BI: 2.9%
[libx264 @ 0x57dd86ef49c0] 8x8 transform intra:72.3% inter:18.4%
[libx264 @ 0x57dd86ef49c0] coded y,uvDC,uvAC intra: 5.9% 10.2% 9.1% inter: 0.1% 0.0% 0.0%
[libx264 @ 0x57dd86ef49c0] i16 v,h,dc,p: 82% 17%  1%  0%
[libx264 @ 0x57dd86ef49c0] i8 v,h,dc,ddl,ddr,vr,hd,vl,hu: 45%  6% 49%  0%  0%  0%  0%  0%  0%
[libx264 @ 0x57dd86ef49c0] i4 v,h,dc,ddl,ddr,vr,hd,vl,hu: 40% 30%  9%  4%  2%  2%  4%  4%  5%
[libx264 @ 0x57dd86ef49c0] i8c dc,h,v,p: 82%  9%  8%  1%
[libx264 @ 0x57dd86ef49c0] Weighted P-Frames: Y:0.0% UV:0.0%
[libx264 @ 0x57dd86ef49c0] ref P L0: 94.2%  0.2%  0.8%  4.7%
[libx264 @ 0x57dd86ef49c0] ref B L0: 86.8% 13.2%
[libx264 @ 0x57dd86ef49c0] ref B L1: 96.7%  3.3%
[libx264 @ 0x57dd86ef49c0] kb/s:1070.80
ffmpeg version 7.0.2-3ubuntu1 Copyright (c) 2000-2024 the FFmpeg developers
  built with gcc 14 (Ubuntu 14.2.0-2ubuntu1)
  configuration: --prefix=/usr --extra-version=3ubuntu1 --toolchain=hardened --libdir=/usr/lib/x86_64-linux-gnu --incdir=/usr/include/x86_64-linux-gnu --arch=amd64 --enable-gpl --disable-stripping --disable-libmfx --disable-omx --enable-gnutls --enable-libaom --enable-libass --enable-libbs2b --enable-libcdio --enable-libcodec2 --enable-libdav1d --enable-libflite --enable-libfontconfig --enable-libfreetype --enable-libfribidi --enable-libglslang --enable-libgme --enable-libgsm --enable-libharfbuzz --enable-libmp3lame --enable-libmysofa --enable-libopenjpeg --enable-libopenmpt --enable-libopus --enable-librubberband --enable-libshine --enable-libsnappy --enable-libsoxr --enable-libspeex --enable-libtheora --enable-libtwolame --enable-libvidstab --enable-libvorbis --enable-libvpx --enable-libwebp --enable-libx265 --enable-libxml2 --enable-libxvid --enable-libzimg --enable-openal --enable-opencl --enable-opengl --disable-sndio --enable-libvpl --enable-libdc1394 --enable-libdrm --enable-libiec61883 --enable-chromaprint --enable-frei0r --enable-ladspa --enable-libbluray --enable-libcaca --enable-libdvdnav --enable-libdvdread --enable-libjack --enable-libpulse --enable-librabbitmq --enable-librist --enable-libsrt --enable-libssh --enable-libsvtav1 --enable-libx264 --enable-libzmq --enable-libzvbi --enable-lv2 --enable-sdl2 --enable-libplacebo --enable-librav1e --enable-pocketsphinx --enable-librsvg --enable-libjxl --enable-shared
  libavutil      59.  8.100 / 59.  8.100
  libavcodec     61.  3.100 / 61.  3.100
  libavformat    61.  1.100 / 61.  1.100
  libavdevice    61.  1.100 / 61.  1.100
  libavfilter    10.  1.100 / 10.  1.100
  libswscale      8.  1.100 /  8.  1.100
  libswresample   5.  1.100 /  5.  1.100
  libpostproc    58.  1.100 / 58.  1.100
Input #0, concat, from '/home/marco-lasagna/Scaricati/ffmpeg-java/inputFile.txt':
  Duration: N/A, start: 0.000000, bitrate: N/A
  Stream #0:0: Video: mjpeg (Baseline), yuvj420p(pc, bt470bg/unknown/unknown), 4501x4500 [SAR 1:1 DAR 4501:4500], 25 fps, 25 tbr, 25 tbn
Stream mapping:
  Stream #0:0 -> #0:0 (mjpeg (native) -> h264 (libx264))
Press [q] to stop, [?] for help
[swscaler @ 0x76d100016b00] deprecated pixel format used, make sure you did set range correctly
    Last message repeated 1 times
[swscaler @ 0x76d100b407c0] deprecated pixel format used, make sure you did set range correctly
    Last message repeated 1 times
[vost#0:0/libx264 @ 0x55a06ee61600] No information about the input framerate is available. Falling back to a default value of 25fps. Use the -r option if you want a different framerate.
[libx264 @ 0x55a06ee579c0] using SAR=2048/4095
[libx264 @ 0x55a06ee579c0] using cpu capabilities: MMX2 SSE2Fast SSSE3 SSE4.2 AVX FMA3 BMI2 AVX2
[libx264 @ 0x55a06ee579c0] profile High, level 4.0, 4:2:0, 8-bit
[libx264 @ 0x55a06ee579c0] 264 - core 164 r3108 31e19f9 - H.264/MPEG-4 AVC codec - Copyleft 2003-2023 - http://www.videolan.org/x264.html - options: cabac=1 ref=3 deblock=1:0:0 analyse=0x3:0x113 me=hex subme=7 psy=1 psy_rd=1.00:0.00 mixed_ref=1 me_range=16 chroma_me=1 trellis=1 8x8dct=1 cqm=0 deadzone=21,11 fast_pskip=1 chroma_qp_offset=-2 threads=30 lookahead_threads=5 sliced_threads=0 nr=0 decimate=1 interlaced=0 bluray_compat=0 constrained_intra=0 bframes=3 b_pyramid=2 b_adapt=1 b_bias=0 direct=1 weightb=1 open_gop=0 weightp=2 keyint=250 keyint_min=25 scenecut=40 intra_refresh=0 rc_lookahead=40 rc=crf mbtree=1 crf=23.0 qcomp=0.60 qpmin=0 qpmax=69 qpstep=4 ip_ratio=1.40 aq=1:1.00
Output #0, mp4, to './src/test/resources/output/translation/tempVideo/160.mp4':
  Metadata:
    encoder         : Lavf61.1.100
  Stream #0:0: Video: h264 (avc1 / 0x31637661), yuvj420p(pc, progressive), 2048x1024 [SAR 4501:9000 DAR 4501:4500], q=2-31, 25 fps, 12800 tbn
      Metadata:
        encoder         : Lavc61.3.100 libx264
      Side data:
        cpb: bitrate max/min/avg: 0/0/0 buffer size: 0 vbv_delay: N/A
[out#0/mp4 @ 0x55a06ee5f380] video:32KiB audio:0KiB subtitle:0KiB other streams:0KiB global headers:0KiB muxing overhead: 2.913126%
frame=    6 fps=0.0 q=-1.0 Lsize=      33KiB time=00:00:00.16 bitrate=1683.3kbits/s dup=0 drop=19 speed=0.668x    
[libx264 @ 0x55a06ee579c0] frame I:1     Avg QP:18.49  size: 29930
[libx264 @ 0x55a06ee579c0] frame P:2     Avg QP:17.95  size:   577
[libx264 @ 0x55a06ee579c0] frame B:3     Avg QP:33.23  size:   313
[libx264 @ 0x55a06ee579c0] consecutive B-frames: 33.3%  0.0%  0.0% 66.7%
[libx264 @ 0x55a06ee579c0] mb I  I16..4: 25.9% 63.8% 10.3%
[libx264 @ 0x55a06ee579c0] mb P  I16..4:  0.1%  0.1%  0.0%  P16..4:  1.2%  0.1%  0.1%  0.0%  0.0%    skip:98.3%
[libx264 @ 0x55a06ee579c0] mb B  I16..4:  0.0%  0.0%  0.0%  B16..8:  1.4%  0.1%  0.0%  direct: 0.0%  skip:98.5%  L0:28.4% L1:69.2% BI: 2.4%
[libx264 @ 0x55a06ee579c0] 8x8 transform intra:63.8% inter:20.0%
[libx264 @ 0x55a06ee579c0] coded y,uvDC,uvAC intra: 5.9% 10.2% 9.1% inter: 0.1% 0.0% 0.0%
[libx264 @ 0x55a06ee579c0] i16 v,h,dc,p: 88% 11%  1%  0%
[libx264 @ 0x55a06ee579c0] i8 v,h,dc,ddl,ddr,vr,hd,vl,hu: 44%  5% 50%  0%  0%  0%  0%  0%  0%
[libx264 @ 0x55a06ee579c0] i4 v,h,dc,ddl,ddr,vr,hd,vl,hu: 39% 30% 10%  4%  2%  2%  4%  4%  5%
[libx264 @ 0x55a06ee579c0] i8c dc,h,v,p: 82%  9%  8%  1%
[libx264 @ 0x55a06ee579c0] Weighted P-Frames: Y:0.0% UV:0.0%
[libx264 @ 0x55a06ee579c0] ref P L0: 95.9%  0.0%  1.0%  3.2%
[libx264 @ 0x55a06ee579c0] ref B L0: 88.1% 11.9%
[libx264 @ 0x55a06ee579c0] ref B L1: 95.4%  4.6%
[libx264 @ 0x55a06ee579c0] kb/s:1067.47
ffmpeg version 7.0.2-3ubuntu1 Copyright (c) 2000-2024 the FFmpeg developers
  built with gcc 14 (Ubuntu 14.2.0-2ubuntu1)
  configuration: --prefix=/usr --extra-version=3ubuntu1 --toolchain=hardened --libdir=/usr/lib/x86_64-linux-gnu --incdir=/usr/include/x86_64-linux-gnu --arch=amd64 --enable-gpl --disable-stripping --disable-libmfx --disable-omx --enable-gnutls --enable-libaom --enable-libass --enable-libbs2b --enable-libcdio --enable-libcodec2 --enable-libdav1d --enable-libflite --enable-libfontconfig --enable-libfreetype --enable-libfribidi --enable-libglslang --enable-libgme --enable-libgsm --enable-libharfbuzz --enable-libmp3lame --enable-libmysofa --enable-libopenjpeg --enable-libopenmpt --enable-libopus --enable-librubberband --enable-libshine --enable-libsnappy --enable-libsoxr --enable-libspeex --enable-libtheora --enable-libtwolame --enable-libvidstab --enable-libvorbis --enable-libvpx --enable-libwebp --enable-libx265 --enable-libxml2 --enable-libxvid --enable-libzimg --enable-openal --enable-opencl --enable-opengl --disable-sndio --enable-libvpl --enable-libdc1394 --enable-libdrm --enable-libiec61883 --enable-chromaprint --enable-frei0r --enable-ladspa --enable-libbluray --enable-libcaca --enable-libdvdnav --enable-libdvdread --enable-libjack --enable-libpulse --enable-librabbitmq --enable-librist --enable-libsrt --enable-libssh --enable-libsvtav1 --enable-libx264 --enable-libzmq --enable-libzvbi --enable-lv2 --enable-sdl2 --enable-libplacebo --enable-librav1e --enable-pocketsphinx --enable-librsvg --enable-libjxl --enable-shared
  libavutil      59.  8.100 / 59.  8.100
  libavcodec     61.  3.100 / 61.  3.100
  libavformat    61.  1.100 / 61.  1.100
  libavdevice    61.  1.100 / 61.  1.100
  libavfilter    10.  1.100 / 10.  1.100
  libswscale      8.  1.100 /  8.  1.100
  libswresample   5.  1.100 /  5.  1.100
  libpostproc    58.  1.100 / 58.  1.100
Input #0, concat, from '/home/marco-lasagna/Scaricati/ffmpeg-java/inputFile.txt':
  Duration: N/A, start: 0.000000, bitrate: N/A
  Stream #0:0: Video: mjpeg (Baseline), yuvj420p(pc, bt470bg/unknown/unknown), 4501x4500 [SAR 1:1 DAR 4501:4500], 25 fps, 25 tbr, 25 tbn
Stream mapping:
  Stream #0:0 -> #0:0 (mjpeg (native) -> h264 (libx264))
Press [q] to stop, [?] for help
[swscaler @ 0x7d6758016b00] deprecated pixel format used, make sure you did set range correctly
    Last message repeated 1 times
[swscaler @ 0x7d6758b407c0] deprecated pixel format used, make sure you did set range correctly
    Last message repeated 1 times
[vost#0:0/libx264 @ 0x652dbc06d600] No information about the input framerate is available. Falling back to a default value of 25fps. Use the -r option if you want a different framerate.
[libx264 @ 0x652dbc0639c0] using SAR=2048/4095
[libx264 @ 0x652dbc0639c0] using cpu capabilities: MMX2 SSE2Fast SSSE3 SSE4.2 AVX FMA3 BMI2 AVX2
[libx264 @ 0x652dbc0639c0] profile High, level 4.0, 4:2:0, 8-bit
[libx264 @ 0x652dbc0639c0] 264 - core 164 r3108 31e19f9 - H.264/MPEG-4 AVC codec - Copyleft 2003-2023 - http://www.videolan.org/x264.html - options: cabac=1 ref=3 deblock=1:0:0 analyse=0x3:0x113 me=hex subme=7 psy=1 psy_rd=1.00:0.00 mixed_ref=1 me_range=16 chroma_me=1 trellis=1 8x8dct=1 cqm=0 deadzone=21,11 fast_pskip=1 chroma_qp_offset=-2 threads=30 lookahead_threads=5 sliced_threads=0 nr=0 decimate=1 interlaced=0 bluray_compat=0 constrained_intra=0 bframes=3 b_pyramid=2 b_adapt=1 b_bias=0 direct=1 weightb=1 open_gop=0 weightp=2 keyint=250 keyint_min=25 scenecut=40 intra_refresh=0 rc_lookahead=40 rc=crf mbtree=1 crf=23.0 qcomp=0.60 qpmin=0 qpmax=69 qpstep=4 ip_ratio=1.40 aq=1:1.00
Output #0, mp4, to './src/test/resources/output/translation/tempVideo/170.mp4':
  Metadata:
    encoder         : Lavf61.1.100
  Stream #0:0: Video: h264 (avc1 / 0x31637661), yuvj420p(pc, progressive), 2048x1024 [SAR 4501:9000 DAR 4501:4500], q=2-31, 25 fps, 12800 tbn
      Metadata:
        encoder         : Lavc61.3.100 libx264
      Side data:
        cpb: bitrate max/min/avg: 0/0/0 buffer size: 0 vbv_delay: N/A
[out#0/mp4 @ 0x652dbc06b380] video:32KiB audio:0KiB subtitle:0KiB other streams:0KiB global headers:0KiB muxing overhead: 2.891822%
frame=    6 fps=0.0 q=-1.0 Lsize=      33KiB time=00:00:00.16 bitrate=1695.4kbits/s dup=0 drop=19 speed=0.653x    
[libx264 @ 0x652dbc0639c0] frame I:1     Avg QP:18.29  size: 29983
[libx264 @ 0x652dbc0639c0] frame P:2     Avg QP:17.65  size:   655
[libx264 @ 0x652dbc0639c0] frame B:3     Avg QP:14.60  size:   324
[libx264 @ 0x652dbc0639c0] consecutive B-frames: 33.3%  0.0%  0.0% 66.7%
[libx264 @ 0x652dbc0639c0] mb I  I16..4: 26.2% 63.5% 10.3%
[libx264 @ 0x652dbc0639c0] mb P  I16..4:  0.1%  0.2%  0.0%  P16..4:  1.7%  0.2%  0.1%  0.0%  0.0%    skip:97.8%
[libx264 @ 0x652dbc0639c0] mb B  I16..4:  0.1%  0.0%  0.0%  B16..8:  1.2%  0.1%  0.0%  direct: 0.0%  skip:98.5%  L0:39.5% L1:58.5% BI: 2.0%
[libx264 @ 0x652dbc0639c0] 8x8 transform intra:63.4% inter:15.1%
[libx264 @ 0x652dbc0639c0] coded y,uvDC,uvAC intra: 5.9% 10.1% 9.1% inter: 0.1% 0.0% 0.0%
[libx264 @ 0x652dbc0639c0] i16 v,h,dc,p: 87% 13%  1%  0%
[libx264 @ 0x652dbc0639c0] i8 v,h,dc,ddl,ddr,vr,hd,vl,hu: 58%  7% 34%  0%  0%  0%  0%  0%  0%
[libx264 @ 0x652dbc0639c0] i4 v,h,dc,ddl,ddr,vr,hd,vl,hu: 39% 29% 10%  4%  2%  2%  4%  4%  5%
[libx264 @ 0x652dbc0639c0] i8c dc,h,v,p: 82%  9%  8%  1%
[libx264 @ 0x652dbc0639c0] Weighted P-Frames: Y:0.0% UV:0.0%
[libx264 @ 0x652dbc0639c0] ref P L0: 96.1%  0.2%  1.3%  2.4%
[libx264 @ 0x652dbc0639c0] ref B L0: 92.1%  7.9%
[libx264 @ 0x652dbc0639c0] ref B L1: 97.0%  3.0%
[libx264 @ 0x652dbc0639c0] kb/s:1075.50
ffmpeg version 7.0.2-3ubuntu1 Copyright (c) 2000-2024 the FFmpeg developers
  built with gcc 14 (Ubuntu 14.2.0-2ubuntu1)
  configuration: --prefix=/usr --extra-version=3ubuntu1 --toolchain=hardened --libdir=/usr/lib/x86_64-linux-gnu --incdir=/usr/include/x86_64-linux-gnu --arch=amd64 --enable-gpl --disable-stripping --disable-libmfx --disable-omx --enable-gnutls --enable-libaom --enable-libass --enable-libbs2b --enable-libcdio --enable-libcodec2 --enable-libdav1d --enable-libflite --enable-libfontconfig --enable-libfreetype --enable-libfribidi --enable-libglslang --enable-libgme --enable-libgsm --enable-libharfbuzz --enable-libmp3lame --enable-libmysofa --enable-libopenjpeg --enable-libopenmpt --enable-libopus --enable-librubberband --enable-libshine --enable-libsnappy --enable-libsoxr --enable-libspeex --enable-libtheora --enable-libtwolame --enable-libvidstab --enable-libvorbis --enable-libvpx --enable-libwebp --enable-libx265 --enable-libxml2 --enable-libxvid --enable-libzimg --enable-openal --enable-opencl --enable-opengl --disable-sndio --enable-libvpl --enable-libdc1394 --enable-libdrm --enable-libiec61883 --enable-chromaprint --enable-frei0r --enable-ladspa --enable-libbluray --enable-libcaca --enable-libdvdnav --enable-libdvdread --enable-libjack --enable-libpulse --enable-librabbitmq --enable-librist --enable-libsrt --enable-libssh --enable-libsvtav1 --enable-libx264 --enable-libzmq --enable-libzvbi --enable-lv2 --enable-sdl2 --enable-libplacebo --enable-librav1e --enable-pocketsphinx --enable-librsvg --enable-libjxl --enable-shared
  libavutil      59.  8.100 / 59.  8.100
  libavcodec     61.  3.100 / 61.  3.100
  libavformat    61.  1.100 / 61.  1.100
  libavdevice    61.  1.100 / 61.  1.100
  libavfilter    10.  1.100 / 10.  1.100
  libswscale      8.  1.100 /  8.  1.100
  libswresample   5.  1.100 /  5.  1.100
  libpostproc    58.  1.100 / 58.  1.100
Input #0, concat, from '/home/marco-lasagna/Scaricati/ffmpeg-java/inputFile.txt':
  Duration: N/A, start: 0.000000, bitrate: N/A
  Stream #0:0: Video: mjpeg (Baseline), yuvj420p(pc, bt470bg/unknown/unknown), 4501x4500 [SAR 1:1 DAR 4501:4500], 25 fps, 25 tbr, 25 tbn
Stream mapping:
  Stream #0:0 -> #0:0 (mjpeg (native) -> h264 (libx264))
Press [q] to stop, [?] for help
[swscaler @ 0x7fa0a8016b00] deprecated pixel format used, make sure you did set range correctly
    Last message repeated 1 times
[swscaler @ 0x7fa0a8b407c0] deprecated pixel format used, make sure you did set range correctly
    Last message repeated 1 times
[vost#0:0/libx264 @ 0x622841fce600] No information about the input framerate is available. Falling back to a default value of 25fps. Use the -r option if you want a different framerate.
[libx264 @ 0x622841fc49c0] using SAR=2048/4095
[libx264 @ 0x622841fc49c0] using cpu capabilities: MMX2 SSE2Fast SSSE3 SSE4.2 AVX FMA3 BMI2 AVX2
[libx264 @ 0x622841fc49c0] profile High, level 4.0, 4:2:0, 8-bit
[libx264 @ 0x622841fc49c0] 264 - core 164 r3108 31e19f9 - H.264/MPEG-4 AVC codec - Copyleft 2003-2023 - http://www.videolan.org/x264.html - options: cabac=1 ref=3 deblock=1:0:0 analyse=0x3:0x113 me=hex subme=7 psy=1 psy_rd=1.00:0.00 mixed_ref=1 me_range=16 chroma_me=1 trellis=1 8x8dct=1 cqm=0 deadzone=21,11 fast_pskip=1 chroma_qp_offset=-2 threads=30 lookahead_threads=5 sliced_threads=0 nr=0 decimate=1 interlaced=0 bluray_compat=0 constrained_intra=0 bframes=3 b_pyramid=2 b_adapt=1 b_bias=0 direct=1 weightb=1 open_gop=0 weightp=2 keyint=250 keyint_min=25 scenecut=40 intra_refresh=0 rc_lookahead=40 rc=crf mbtree=1 crf=23.0 qcomp=0.60 qpmin=0 qpmax=69 qpstep=4 ip_ratio=1.40 aq=1:1.00
Output #0, mp4, to './src/test/resources/output/translation/tempVideo/180.mp4':
  Metadata:
    encoder         : Lavf61.1.100
  Stream #0:0: Video: h264 (avc1 / 0x31637661), yuvj420p(pc, progressive), 2048x1024 [SAR 4501:9000 DAR 4501:4500], q=2-31, 25 fps, 12800 tbn
      Metadata:
        encoder         : Lavc61.3.100 libx264
      Side data:
        cpb: bitrate max/min/avg: 0/0/0 buffer size: 0 vbv_delay: N/A
[out#0/mp4 @ 0x622841fcc380] video:32KiB audio:0KiB subtitle:0KiB other streams:0KiB global headers:0KiB muxing overhead: 2.891471%
frame=    6 fps=0.0 q=-1.0 Lsize=      33KiB time=00:00:00.16 bitrate=1695.6kbits/s dup=0 drop=19 speed=0.667x    
[libx264 @ 0x622841fc49c0] frame I:1     Avg QP:18.43  size: 29946
[libx264 @ 0x622841fc49c0] frame P:2     Avg QP:22.25  size:   678
[libx264 @ 0x622841fc49c0] frame B:3     Avg QP:23.09  size:   323
[libx264 @ 0x622841fc49c0] consecutive B-frames: 33.3%  0.0%  0.0% 66.7%
[libx264 @ 0x622841fc49c0] mb I  I16..4: 25.9% 63.7% 10.4%
[libx264 @ 0x622841fc49c0] mb P  I16..4:  0.0%  0.1%  0.0%  P16..4:  1.9%  0.2%  0.1%  0.0%  0.0%    skip:97.7%
[libx264 @ 0x622841fc49c0] mb B  I16..4:  0.0%  0.0%  0.0%  B16..8:  1.2%  0.0%  0.0%  direct: 0.1%  skip:98.7%  L0:60.8% L1:34.4% BI: 4.8%
[libx264 @ 0x622841fc49c0] 8x8 transform intra:63.8% inter:20.7%
[libx264 @ 0x622841fc49c0] coded y,uvDC,uvAC intra: 5.9% 10.2% 9.1% inter: 0.1% 0.0% 0.0%
[libx264 @ 0x622841fc49c0] i16 v,h,dc,p: 88% 12%  1%  0%
[libx264 @ 0x622841fc49c0] i8 v,h,dc,ddl,ddr,vr,hd,vl,hu: 45%  4% 50%  0%  0%  0%  0%  0%  0%
[libx264 @ 0x622841fc49c0] i4 v,h,dc,ddl,ddr,vr,hd,vl,hu: 40% 29% 10%  4%  2%  2%  4%  4%  5%
[libx264 @ 0x622841fc49c0] i8c dc,h,v,p: 82%  9%  8%  1%
[libx264 @ 0x622841fc49c0] Weighted P-Frames: Y:0.0% UV:0.0%
[libx264 @ 0x622841fc49c0] ref P L0: 96.9%  0.6%  0.9%  1.6%
[libx264 @ 0x622841fc49c0] ref B L0: 93.5%  6.5%
[libx264 @ 0x622841fc49c0] ref B L1: 96.7%  3.3%
[libx264 @ 0x622841fc49c0] kb/s:1075.63
ffmpeg version 7.0.2-3ubuntu1 Copyright (c) 2000-2024 the FFmpeg developers
  built with gcc 14 (Ubuntu 14.2.0-2ubuntu1)
  configuration: --prefix=/usr --extra-version=3ubuntu1 --toolchain=hardened --libdir=/usr/lib/x86_64-linux-gnu --incdir=/usr/include/x86_64-linux-gnu --arch=amd64 --enable-gpl --disable-stripping --disable-libmfx --disable-omx --enable-gnutls --enable-libaom --enable-libass --enable-libbs2b --enable-libcdio --enable-libcodec2 --enable-libdav1d --enable-libflite --enable-libfontconfig --enable-libfreetype --enable-libfribidi --enable-libglslang --enable-libgme --enable-libgsm --enable-libharfbuzz --enable-libmp3lame --enable-libmysofa --enable-libopenjpeg --enable-libopenmpt --enable-libopus --enable-librubberband --enable-libshine --enable-libsnappy --enable-libsoxr --enable-libspeex --enable-libtheora --enable-libtwolame --enable-libvidstab --enable-libvorbis --enable-libvpx --enable-libwebp --enable-libx265 --enable-libxml2 --enable-libxvid --enable-libzimg --enable-openal --enable-opencl --enable-opengl --disable-sndio --enable-libvpl --enable-libdc1394 --enable-libdrm --enable-libiec61883 --enable-chromaprint --enable-frei0r --enable-ladspa --enable-libbluray --enable-libcaca --enable-libdvdnav --enable-libdvdread --enable-libjack --enable-libpulse --enable-librabbitmq --enable-librist --enable-libsrt --enable-libssh --enable-libsvtav1 --enable-libx264 --enable-libzmq --enable-libzvbi --enable-lv2 --enable-sdl2 --enable-libplacebo --enable-librav1e --enable-pocketsphinx --enable-librsvg --enable-libjxl --enable-shared
  libavutil      59.  8.100 / 59.  8.100
  libavcodec     61.  3.100 / 61.  3.100
  libavformat    61.  1.100 / 61.  1.100
  libavdevice    61.  1.100 / 61.  1.100
  libavfilter    10.  1.100 / 10.  1.100
  libswscale      8.  1.100 /  8.  1.100
  libswresample   5.  1.100 /  5.  1.100
  libpostproc    58.  1.100 / 58.  1.100
Input #0, concat, from '/home/marco-lasagna/Scaricati/ffmpeg-java/inputFile.txt':
  Duration: N/A, start: 0.000000, bitrate: N/A
  Stream #0:0: Video: mjpeg (Baseline), yuvj420p(pc, bt470bg/unknown/unknown), 4501x4500 [SAR 1:1 DAR 4501:4500], 25 fps, 25 tbr, 25 tbn
Stream mapping:
  Stream #0:0 -> #0:0 (mjpeg (native) -> h264 (libx264))
Press [q] to stop, [?] for help
[swscaler @ 0x73c674016b00] deprecated pixel format used, make sure you did set range correctly
    Last message repeated 1 times
[swscaler @ 0x73c674b407c0] deprecated pixel format used, make sure you did set range correctly
    Last message repeated 1 times
[vost#0:0/libx264 @ 0x58939b891600] No information about the input framerate is available. Falling back to a default value of 25fps. Use the -r option if you want a different framerate.
[libx264 @ 0x58939b8879c0] using SAR=2048/4095
[libx264 @ 0x58939b8879c0] using cpu capabilities: MMX2 SSE2Fast SSSE3 SSE4.2 AVX FMA3 BMI2 AVX2
[libx264 @ 0x58939b8879c0] profile High, level 4.0, 4:2:0, 8-bit
[libx264 @ 0x58939b8879c0] 264 - core 164 r3108 31e19f9 - H.264/MPEG-4 AVC codec - Copyleft 2003-2023 - http://www.videolan.org/x264.html - options: cabac=1 ref=3 deblock=1:0:0 analyse=0x3:0x113 me=hex subme=7 psy=1 psy_rd=1.00:0.00 mixed_ref=1 me_range=16 chroma_me=1 trellis=1 8x8dct=1 cqm=0 deadzone=21,11 fast_pskip=1 chroma_qp_offset=-2 threads=30 lookahead_threads=5 sliced_threads=0 nr=0 decimate=1 interlaced=0 bluray_compat=0 constrained_intra=0 bframes=3 b_pyramid=2 b_adapt=1 b_bias=0 direct=1 weightb=1 open_gop=0 weightp=2 keyint=250 keyint_min=25 scenecut=40 intra_refresh=0 rc_lookahead=40 rc=crf mbtree=1 crf=23.0 qcomp=0.60 qpmin=0 qpmax=69 qpstep=4 ip_ratio=1.40 aq=1:1.00
Output #0, mp4, to './src/test/resources/output/translation/tempVideo/190.mp4':
  Metadata:
    encoder         : Lavf61.1.100
  Stream #0:0: Video: h264 (avc1 / 0x31637661), yuvj420p(pc, progressive), 2048x1024 [SAR 4501:9000 DAR 4501:4500], q=2-31, 25 fps, 12800 tbn
      Metadata:
        encoder         : Lavc61.3.100 libx264
      Side data:
        cpb: bitrate max/min/avg: 0/0/0 buffer size: 0 vbv_delay: N/A
[out#0/mp4 @ 0x58939b88f380] video:32KiB audio:0KiB subtitle:0KiB other streams:0KiB global headers:0KiB muxing overhead: 2.877155%
frame=    6 fps=0.0 q=-1.0 Lsize=      33KiB time=00:00:00.16 bitrate=1703.8kbits/s dup=0 drop=19 speed=0.664x    
[libx264 @ 0x58939b8879c0] frame I:1     Avg QP:18.58  size: 30036
[libx264 @ 0x58939b8879c0] frame P:2     Avg QP:18.90  size:   697
[libx264 @ 0x58939b8879c0] frame B:3     Avg QP:25.66  size:   334
[libx264 @ 0x58939b8879c0] consecutive B-frames: 33.3%  0.0%  0.0% 66.7%
[libx264 @ 0x58939b8879c0] mb I  I16..4: 13.9% 75.9% 10.2%
[libx264 @ 0x58939b8879c0] mb P  I16..4:  0.1%  0.1%  0.0%  P16..4:  1.5%  0.2%  0.1%  0.0%  0.0%    skip:97.9%
[libx264 @ 0x58939b8879c0] mb B  I16..4:  0.0%  0.1%  0.0%  B16..8:  1.1%  0.1%  0.0%  direct: 0.0%  skip:98.7%  L0:33.5% L1:64.6% BI: 1.9%
[libx264 @ 0x58939b8879c0] 8x8 transform intra:75.8% inter:16.9%
[libx264 @ 0x58939b8879c0] coded y,uvDC,uvAC intra: 5.9% 10.1% 9.1% inter: 0.1% 0.0% 0.0%
[libx264 @ 0x58939b8879c0] i16 v,h,dc,p: 79% 20%  1%  0%
[libx264 @ 0x58939b8879c0] i8 v,h,dc,ddl,ddr,vr,hd,vl,hu: 55% 11% 34%  0%  0%  0%  0%  0%  0%
[libx264 @ 0x58939b8879c0] i4 v,h,dc,ddl,ddr,vr,hd,vl,hu: 40% 29%  9%  4%  2%  2%  4%  4%  5%
[libx264 @ 0x58939b8879c0] i8c dc,h,v,p: 82%  9%  8%  1%
[libx264 @ 0x58939b8879c0] Weighted P-Frames: Y:0.0% UV:0.0%
[libx264 @ 0x58939b8879c0] ref P L0: 96.6%  0.8%  0.3%  2.3%
[libx264 @ 0x58939b8879c0] ref B L0: 87.9% 12.1%
[libx264 @ 0x58939b8879c0] ref B L1: 97.5%  2.5%
[libx264 @ 0x58939b8879c0] kb/s:1081.10
ffmpeg version 7.0.2-3ubuntu1 Copyright (c) 2000-2024 the FFmpeg developers
  built with gcc 14 (Ubuntu 14.2.0-2ubuntu1)
  configuration: --prefix=/usr --extra-version=3ubuntu1 --toolchain=hardened --libdir=/usr/lib/x86_64-linux-gnu --incdir=/usr/include/x86_64-linux-gnu --arch=amd64 --enable-gpl --disable-stripping --disable-libmfx --disable-omx --enable-gnutls --enable-libaom --enable-libass --enable-libbs2b --enable-libcdio --enable-libcodec2 --enable-libdav1d --enable-libflite --enable-libfontconfig --enable-libfreetype --enable-libfribidi --enable-libglslang --enable-libgme --enable-libgsm --enable-libharfbuzz --enable-libmp3lame --enable-libmysofa --enable-libopenjpeg --enable-libopenmpt --enable-libopus --enable-librubberband --enable-libshine --enable-libsnappy --enable-libsoxr --enable-libspeex --enable-libtheora --enable-libtwolame --enable-libvidstab --enable-libvorbis --enable-libvpx --enable-libwebp --enable-libx265 --enable-libxml2 --enable-libxvid --enable-libzimg --enable-openal --enable-opencl --enable-opengl --disable-sndio --enable-libvpl --enable-libdc1394 --enable-libdrm --enable-libiec61883 --enable-chromaprint --enable-frei0r --enable-ladspa --enable-libbluray --enable-libcaca --enable-libdvdnav --enable-libdvdread --enable-libjack --enable-libpulse --enable-librabbitmq --enable-librist --enable-libsrt --enable-libssh --enable-libsvtav1 --enable-libx264 --enable-libzmq --enable-libzvbi --enable-lv2 --enable-sdl2 --enable-libplacebo --enable-librav1e --enable-pocketsphinx --enable-librsvg --enable-libjxl --enable-shared
  libavutil      59.  8.100 / 59.  8.100
  libavcodec     61.  3.100 / 61.  3.100
  libavformat    61.  1.100 / 61.  1.100
  libavdevice    61.  1.100 / 61.  1.100
  libavfilter    10.  1.100 / 10.  1.100
  libswscale      8.  1.100 /  8.  1.100
  libswresample   5.  1.100 /  5.  1.100
  libpostproc    58.  1.100 / 58.  1.100
Input #0, concat, from '/home/marco-lasagna/Scaricati/ffmpeg-java/inputFile.txt':
  Duration: N/A, start: 0.000000, bitrate: N/A
  Stream #0:0: Video: mjpeg (Baseline), yuvj420p(pc, bt470bg/unknown/unknown), 4501x4500 [SAR 1:1 DAR 4501:4500], 25 fps, 25 tbr, 25 tbn
Stream mapping:
  Stream #0:0 -> #0:0 (mjpeg (native) -> h264 (libx264))
Press [q] to stop, [?] for help
[swscaler @ 0x764924016b00] deprecated pixel format used, make sure you did set range correctly
    Last message repeated 1 times
[swscaler @ 0x764924b407c0] deprecated pixel format used, make sure you did set range correctly
    Last message repeated 1 times
[vost#0:0/libx264 @ 0x63bf54119600] No information about the input framerate is available. Falling back to a default value of 25fps. Use the -r option if you want a different framerate.
[libx264 @ 0x63bf5410f9c0] using SAR=2048/4095
[libx264 @ 0x63bf5410f9c0] using cpu capabilities: MMX2 SSE2Fast SSSE3 SSE4.2 AVX FMA3 BMI2 AVX2
[libx264 @ 0x63bf5410f9c0] profile High, level 4.0, 4:2:0, 8-bit
[libx264 @ 0x63bf5410f9c0] 264 - core 164 r3108 31e19f9 - H.264/MPEG-4 AVC codec - Copyleft 2003-2023 - http://www.videolan.org/x264.html - options: cabac=1 ref=3 deblock=1:0:0 analyse=0x3:0x113 me=hex subme=7 psy=1 psy_rd=1.00:0.00 mixed_ref=1 me_range=16 chroma_me=1 trellis=1 8x8dct=1 cqm=0 deadzone=21,11 fast_pskip=1 chroma_qp_offset=-2 threads=30 lookahead_threads=5 sliced_threads=0 nr=0 decimate=1 interlaced=0 bluray_compat=0 constrained_intra=0 bframes=3 b_pyramid=2 b_adapt=1 b_bias=0 direct=1 weightb=1 open_gop=0 weightp=2 keyint=250 keyint_min=25 scenecut=40 intra_refresh=0 rc_lookahead=40 rc=crf mbtree=1 crf=23.0 qcomp=0.60 qpmin=0 qpmax=69 qpstep=4 ip_ratio=1.40 aq=1:1.00
Output #0, mp4, to './src/test/resources/output/translation/tempVideo/200.mp4':
  Metadata:
    encoder         : Lavf61.1.100
  Stream #0:0: Video: h264 (avc1 / 0x31637661), yuvj420p(pc, progressive), 2048x1024 [SAR 4501:9000 DAR 4501:4500], q=2-31, 25 fps, 12800 tbn
      Metadata:
        encoder         : Lavc61.3.100 libx264
      Side data:
        cpb: bitrate max/min/avg: 0/0/0 buffer size: 0 vbv_delay: N/A
[out#0/mp4 @ 0x63bf54117380] video:32KiB audio:0KiB subtitle:0KiB other streams:0KiB global headers:0KiB muxing overhead: 2.900447%
frame=    6 fps=0.0 q=-1.0 Lsize=      33KiB time=00:00:00.16 bitrate=1690.5kbits/s dup=0 drop=19 speed=0.663x    
[libx264 @ 0x63bf5410f9c0] frame I:1     Avg QP:18.58  size: 29899
[libx264 @ 0x63bf5410f9c0] frame P:2     Avg QP:16.56  size:   608
[libx264 @ 0x63bf5410f9c0] frame B:3     Avg QP:29.99  size:   350
[libx264 @ 0x63bf5410f9c0] consecutive B-frames: 33.3%  0.0%  0.0% 66.7%
[libx264 @ 0x63bf5410f9c0] mb I  I16..4: 25.9% 63.8% 10.3%
[libx264 @ 0x63bf5410f9c0] mb P  I16..4:  0.2%  0.1%  0.0%  P16..4:  1.3%  0.2%  0.1%  0.0%  0.0%    skip:98.1%
[libx264 @ 0x63bf5410f9c0] mb B  I16..4:  0.0%  0.1%  0.0%  B16..8:  1.4%  0.1%  0.0%  direct: 0.0%  skip:98.3%  L0:25.7% L1:72.2% BI: 2.2%
[libx264 @ 0x63bf5410f9c0] 8x8 transform intra:63.7% inter:14.3%
[libx264 @ 0x63bf5410f9c0] coded y,uvDC,uvAC intra: 5.9% 10.1% 9.0% inter: 0.1% 0.0% 0.0%
[libx264 @ 0x63bf5410f9c0] i16 v,h,dc,p: 87% 12%  1%  0%
[libx264 @ 0x63bf5410f9c0] i8 v,h,dc,ddl,ddr,vr,hd,vl,hu: 45%  4% 50%  0%  0%  0%  0%  0%  0%
[libx264 @ 0x63bf5410f9c0] i4 v,h,dc,ddl,ddr,vr,hd,vl,hu: 39% 30% 10%  4%  2%  2%  4%  4%  5%
[libx264 @ 0x63bf5410f9c0] i8c dc,h,v,p: 82%  9%  8%  1%
[libx264 @ 0x63bf5410f9c0] Weighted P-Frames: Y:0.0% UV:0.0%
[libx264 @ 0x63bf5410f9c0] ref P L0: 98.1%  0.0%  0.4%  1.5%
[libx264 @ 0x63bf5410f9c0] ref B L0: 90.5%  9.5%
[libx264 @ 0x63bf5410f9c0] ref B L1: 95.5%  4.5%
[libx264 @ 0x63bf5410f9c0] kb/s:1072.23
ffmpeg version 7.0.2-3ubuntu1 Copyright (c) 2000-2024 the FFmpeg developers
  built with gcc 14 (Ubuntu 14.2.0-2ubuntu1)
  configuration: --prefix=/usr --extra-version=3ubuntu1 --toolchain=hardened --libdir=/usr/lib/x86_64-linux-gnu --incdir=/usr/include/x86_64-linux-gnu --arch=amd64 --enable-gpl --disable-stripping --disable-libmfx --disable-omx --enable-gnutls --enable-libaom --enable-libass --enable-libbs2b --enable-libcdio --enable-libcodec2 --enable-libdav1d --enable-libflite --enable-libfontconfig --enable-libfreetype --enable-libfribidi --enable-libglslang --enable-libgme --enable-libgsm --enable-libharfbuzz --enable-libmp3lame --enable-libmysofa --enable-libopenjpeg --enable-libopenmpt --enable-libopus --enable-librubberband --enable-libshine --enable-libsnappy --enable-libsoxr --enable-libspeex --enable-libtheora --enable-libtwolame --enable-libvidstab --enable-libvorbis --enable-libvpx --enable-libwebp --enable-libx265 --enable-libxml2 --enable-libxvid --enable-libzimg --enable-openal --enable-opencl --enable-opengl --disable-sndio --enable-libvpl --enable-libdc1394 --enable-libdrm --enable-libiec61883 --enable-chromaprint --enable-frei0r --enable-ladspa --enable-libbluray --enable-libcaca --enable-libdvdnav --enable-libdvdread --enable-libjack --enable-libpulse --enable-librabbitmq --enable-librist --enable-libsrt --enable-libssh --enable-libsvtav1 --enable-libx264 --enable-libzmq --enable-libzvbi --enable-lv2 --enable-sdl2 --enable-libplacebo --enable-librav1e --enable-pocketsphinx --enable-librsvg --enable-libjxl --enable-shared
  libavutil      59.  8.100 / 59.  8.100
  libavcodec     61.  3.100 / 61.  3.100
  libavformat    61.  1.100 / 61.  1.100
  libavdevice    61.  1.100 / 61.  1.100
  libavfilter    10.  1.100 / 10.  1.100
  libswscale      8.  1.100 /  8.  1.100
  libswresample   5.  1.100 /  5.  1.100
  libpostproc    58.  1.100 / 58.  1.100
Input #0, concat, from '/home/marco-lasagna/Scaricati/ffmpeg-java/inputFile.txt':
  Duration: N/A, start: 0.000000, bitrate: N/A
  Stream #0:0: Video: mjpeg (Baseline), yuvj420p(pc, bt470bg/unknown/unknown), 4501x4500 [SAR 1:1 DAR 4501:4500], 25 fps, 25 tbr, 25 tbn
Stream mapping:
  Stream #0:0 -> #0:0 (mjpeg (native) -> h264 (libx264))
Press [q] to stop, [?] for help
[swscaler @ 0x7b05fc016b00] deprecated pixel format used, make sure you did set range correctly
    Last message repeated 1 times
[swscaler @ 0x7b05fcb407c0] deprecated pixel format used, make sure you did set range correctly
    Last message repeated 1 times
[vost#0:0/libx264 @ 0x56e790dc2600] No information about the input framerate is available. Falling back to a default value of 25fps. Use the -r option if you want a different framerate.
[libx264 @ 0x56e790db89c0] using SAR=2048/4095
[libx264 @ 0x56e790db89c0] using cpu capabilities: MMX2 SSE2Fast SSSE3 SSE4.2 AVX FMA3 BMI2 AVX2
[libx264 @ 0x56e790db89c0] profile High, level 4.0, 4:2:0, 8-bit
[libx264 @ 0x56e790db89c0] 264 - core 164 r3108 31e19f9 - H.264/MPEG-4 AVC codec - Copyleft 2003-2023 - http://www.videolan.org/x264.html - options: cabac=1 ref=3 deblock=1:0:0 analyse=0x3:0x113 me=hex subme=7 psy=1 psy_rd=1.00:0.00 mixed_ref=1 me_range=16 chroma_me=1 trellis=1 8x8dct=1 cqm=0 deadzone=21,11 fast_pskip=1 chroma_qp_offset=-2 threads=30 lookahead_threads=5 sliced_threads=0 nr=0 decimate=1 interlaced=0 bluray_compat=0 constrained_intra=0 bframes=3 b_pyramid=2 b_adapt=1 b_bias=0 direct=1 weightb=1 open_gop=0 weightp=2 keyint=250 keyint_min=25 scenecut=40 intra_refresh=0 rc_lookahead=40 rc=crf mbtree=1 crf=23.0 qcomp=0.60 qpmin=0 qpmax=69 qpstep=4 ip_ratio=1.40 aq=1:1.00
Output #0, mp4, to './src/test/resources/output/translation/tempVideo/210.mp4':
  Metadata:
    encoder         : Lavf61.1.100
  Stream #0:0: Video: h264 (avc1 / 0x31637661), yuvj420p(pc, progressive), 2048x1024 [SAR 4501:9000 DAR 4501:4500], q=2-31, 25 fps, 12800 tbn
      Metadata:
        encoder         : Lavc61.3.100 libx264
      Side data:
        cpb: bitrate max/min/avg: 0/0/0 buffer size: 0 vbv_delay: N/A
[out#0/mp4 @ 0x56e790dc0380] video:32KiB audio:0KiB subtitle:0KiB other streams:0KiB global headers:0KiB muxing overhead: 2.927084%
frame=    6 fps=0.0 q=-1.0 Lsize=      33KiB time=00:00:00.16 bitrate=1675.5kbits/s dup=0 drop=19 speed=0.667x    
[libx264 @ 0x56e790db89c0] frame I:1     Avg QP:18.30  size: 29894
[libx264 @ 0x56e790db89c0] frame P:2     Avg QP:16.13  size:   579
[libx264 @ 0x56e790db89c0] frame B:3     Avg QP:13.28  size:   272
[libx264 @ 0x56e790db89c0] consecutive B-frames: 33.3%  0.0%  0.0% 66.7%
[libx264 @ 0x56e790db89c0] mb I  I16..4: 20.2% 69.6% 10.2%
[libx264 @ 0x56e790db89c0] mb P  I16..4:  0.2%  0.1%  0.0%  P16..4:  0.4%  0.2%  0.1%  0.0%  0.0%    skip:99.0%
[libx264 @ 0x56e790db89c0] mb B  I16..4:  0.1%  0.0%  0.0%  B16..8:  1.1%  0.0%  0.0%  direct: 0.0%  skip:98.7%  L0:30.2% L1:66.6% BI: 3.2%
[libx264 @ 0x56e790db89c0] 8x8 transform intra:69.2% inter:20.6%
[libx264 @ 0x56e790db89c0] coded y,uvDC,uvAC intra: 5.8% 10.1% 9.1% inter: 0.1% 0.0% 0.0%
[libx264 @ 0x56e790db89c0] i16 v,h,dc,p: 83% 16%  1%  0%
[libx264 @ 0x56e790db89c0] i8 v,h,dc,ddl,ddr,vr,hd,vl,hu: 50% 10% 40%  0%  0%  0%  0%  0%  0%
[libx264 @ 0x56e790db89c0] i4 v,h,dc,ddl,ddr,vr,hd,vl,hu: 38% 30% 10%  4%  2%  2%  4%  4%  5%
[libx264 @ 0x56e790db89c0] i8c dc,h,v,p: 82%  9%  8%  1%
[libx264 @ 0x56e790db89c0] Weighted P-Frames: Y:0.0% UV:0.0%
[libx264 @ 0x56e790db89c0] ref P L0: 92.7%  0.0%  5.7%  1.7%
[libx264 @ 0x56e790db89c0] ref B L0: 86.7% 13.3%
[libx264 @ 0x56e790db89c0] ref B L1: 99.5%  0.5%
[libx264 @ 0x56e790db89c0] kb/s:1062.27
ffmpeg version 7.0.2-3ubuntu1 Copyright (c) 2000-2024 the FFmpeg developers
  built with gcc 14 (Ubuntu 14.2.0-2ubuntu1)
  configuration: --prefix=/usr --extra-version=3ubuntu1 --toolchain=hardened --libdir=/usr/lib/x86_64-linux-gnu --incdir=/usr/include/x86_64-linux-gnu --arch=amd64 --enable-gpl --disable-stripping --disable-libmfx --disable-omx --enable-gnutls --enable-libaom --enable-libass --enable-libbs2b --enable-libcdio --enable-libcodec2 --enable-libdav1d --enable-libflite --enable-libfontconfig --enable-libfreetype --enable-libfribidi --enable-libglslang --enable-libgme --enable-libgsm --enable-libharfbuzz --enable-libmp3lame --enable-libmysofa --enable-libopenjpeg --enable-libopenmpt --enable-libopus --enable-librubberband --enable-libshine --enable-libsnappy --enable-libsoxr --enable-libspeex --enable-libtheora --enable-libtwolame --enable-libvidstab --enable-libvorbis --enable-libvpx --enable-libwebp --enable-libx265 --enable-libxml2 --enable-libxvid --enable-libzimg --enable-openal --enable-opencl --enable-opengl --disable-sndio --enable-libvpl --enable-libdc1394 --enable-libdrm --enable-libiec61883 --enable-chromaprint --enable-frei0r --enable-ladspa --enable-libbluray --enable-libcaca --enable-libdvdnav --enable-libdvdread --enable-libjack --enable-libpulse --enable-librabbitmq --enable-librist --enable-libsrt --enable-libssh --enable-libsvtav1 --enable-libx264 --enable-libzmq --enable-libzvbi --enable-lv2 --enable-sdl2 --enable-libplacebo --enable-librav1e --enable-pocketsphinx --enable-librsvg --enable-libjxl --enable-shared
  libavutil      59.  8.100 / 59.  8.100
  libavcodec     61.  3.100 / 61.  3.100
  libavformat    61.  1.100 / 61.  1.100
  libavdevice    61.  1.100 / 61.  1.100
  libavfilter    10.  1.100 / 10.  1.100
  libswscale      8.  1.100 /  8.  1.100
  libswresample   5.  1.100 /  5.  1.100
  libpostproc    58.  1.100 / 58.  1.100
Input #0, concat, from '/home/marco-lasagna/Scaricati/ffmpeg-java/inputFile.txt':
  Duration: N/A, start: 0.000000, bitrate: N/A
  Stream #0:0: Video: mjpeg (Baseline), yuvj420p(pc, bt470bg/unknown/unknown), 4501x4500 [SAR 1:1 DAR 4501:4500], 25 fps, 25 tbr, 25 tbn
Stream mapping:
  Stream #0:0 -> #0:0 (mjpeg (native) -> h264 (libx264))
Press [q] to stop, [?] for help
[swscaler @ 0x7f253c016b00] deprecated pixel format used, make sure you did set range correctly
    Last message repeated 1 times
[swscaler @ 0x7f253cb407c0] deprecated pixel format used, make sure you did set range correctly
    Last message repeated 1 times
[vost#0:0/libx264 @ 0x59fdc3356600] No information about the input framerate is available. Falling back to a default value of 25fps. Use the -r option if you want a different framerate.
[libx264 @ 0x59fdc334c9c0] using SAR=2048/4095
[libx264 @ 0x59fdc334c9c0] using cpu capabilities: MMX2 SSE2Fast SSSE3 SSE4.2 AVX FMA3 BMI2 AVX2
[libx264 @ 0x59fdc334c9c0] profile High, level 4.0, 4:2:0, 8-bit
[libx264 @ 0x59fdc334c9c0] 264 - core 164 r3108 31e19f9 - H.264/MPEG-4 AVC codec - Copyleft 2003-2023 - http://www.videolan.org/x264.html - options: cabac=1 ref=3 deblock=1:0:0 analyse=0x3:0x113 me=hex subme=7 psy=1 psy_rd=1.00:0.00 mixed_ref=1 me_range=16 chroma_me=1 trellis=1 8x8dct=1 cqm=0 deadzone=21,11 fast_pskip=1 chroma_qp_offset=-2 threads=30 lookahead_threads=5 sliced_threads=0 nr=0 decimate=1 interlaced=0 bluray_compat=0 constrained_intra=0 bframes=3 b_pyramid=2 b_adapt=1 b_bias=0 direct=1 weightb=1 open_gop=0 weightp=2 keyint=250 keyint_min=25 scenecut=40 intra_refresh=0 rc_lookahead=40 rc=crf mbtree=1 crf=23.0 qcomp=0.60 qpmin=0 qpmax=69 qpstep=4 ip_ratio=1.40 aq=1:1.00
Output #0, mp4, to './src/test/resources/output/translation/tempVideo/220.mp4':
  Metadata:
    encoder         : Lavf61.1.100
  Stream #0:0: Video: h264 (avc1 / 0x31637661), yuvj420p(pc, progressive), 2048x1024 [SAR 4501:9000 DAR 4501:4500], q=2-31, 25 fps, 12800 tbn
      Metadata:
        encoder         : Lavc61.3.100 libx264
      Side data:
        cpb: bitrate max/min/avg: 0/0/0 buffer size: 0 vbv_delay: N/A
[out#0/mp4 @ 0x59fdc3354380] video:32KiB audio:0KiB subtitle:0KiB other streams:0KiB global headers:0KiB muxing overhead: 2.910101%
frame=    6 fps=0.0 q=-1.0 Lsize=      33KiB time=00:00:00.16 bitrate=1685.0kbits/s dup=0 drop=19 speed=0.63x    
[libx264 @ 0x59fdc334c9c0] frame I:1     Avg QP:18.52  size: 29924
[libx264 @ 0x59fdc334c9c0] frame P:2     Avg QP:17.52  size:   642
[libx264 @ 0x59fdc334c9c0] frame B:3     Avg QP:29.11  size:   283
[libx264 @ 0x59fdc334c9c0] consecutive B-frames: 33.3%  0.0%  0.0% 66.7%
[libx264 @ 0x59fdc334c9c0] mb I  I16..4: 23.1% 66.8% 10.1%
[libx264 @ 0x59fdc334c9c0] mb P  I16..4:  0.1%  0.1%  0.0%  P16..4:  1.2%  0.2%  0.1%  0.0%  0.0%    skip:98.3%
[libx264 @ 0x59fdc334c9c0] mb B  I16..4:  0.0%  0.0%  0.0%  B16..8:  1.1%  0.1%  0.0%  direct: 0.0%  skip:98.8%  L0:54.7% L1:42.8% BI: 2.4%
[libx264 @ 0x59fdc334c9c0] 8x8 transform intra:66.8% inter:14.0%
[libx264 @ 0x59fdc334c9c0] coded y,uvDC,uvAC intra: 6.0% 10.2% 9.1% inter: 0.1% 0.0% 0.0%
[libx264 @ 0x59fdc334c9c0] i16 v,h,dc,p: 86% 13%  1%  0%
[libx264 @ 0x59fdc334c9c0] i8 v,h,dc,ddl,ddr,vr,hd,vl,hu: 50% 14% 36%  0%  0%  0%  0%  0%  0%
[libx264 @ 0x59fdc334c9c0] i4 v,h,dc,ddl,ddr,vr,hd,vl,hu: 38% 30% 11%  4%  2%  2%  4%  4%  5%
[libx264 @ 0x59fdc334c9c0] i8c dc,h,v,p: 82%  9%  8%  1%
[libx264 @ 0x59fdc334c9c0] Weighted P-Frames: Y:0.0% UV:0.0%
[libx264 @ 0x59fdc334c9c0] ref P L0: 98.6%  0.0%  0.0%  1.4%
[libx264 @ 0x59fdc334c9c0] ref B L0: 94.0%  6.0%
[libx264 @ 0x59fdc334c9c0] ref B L1: 93.2%  6.8%
[libx264 @ 0x59fdc334c9c0] kb/s:1068.60
ffmpeg version 7.0.2-3ubuntu1 Copyright (c) 2000-2024 the FFmpeg developers
  built with gcc 14 (Ubuntu 14.2.0-2ubuntu1)
  configuration: --prefix=/usr --extra-version=3ubuntu1 --toolchain=hardened --libdir=/usr/lib/x86_64-linux-gnu --incdir=/usr/include/x86_64-linux-gnu --arch=amd64 --enable-gpl --disable-stripping --disable-libmfx --disable-omx --enable-gnutls --enable-libaom --enable-libass --enable-libbs2b --enable-libcdio --enable-libcodec2 --enable-libdav1d --enable-libflite --enable-libfontconfig --enable-libfreetype --enable-libfribidi --enable-libglslang --enable-libgme --enable-libgsm --enable-libharfbuzz --enable-libmp3lame --enable-libmysofa --enable-libopenjpeg --enable-libopenmpt --enable-libopus --enable-librubberband --enable-libshine --enable-libsnappy --enable-libsoxr --enable-libspeex --enable-libtheora --enable-libtwolame --enable-libvidstab --enable-libvorbis --enable-libvpx --enable-libwebp --enable-libx265 --enable-libxml2 --enable-libxvid --enable-libzimg --enable-openal --enable-opencl --enable-opengl --disable-sndio --enable-libvpl --enable-libdc1394 --enable-libdrm --enable-libiec61883 --enable-chromaprint --enable-frei0r --enable-ladspa --enable-libbluray --enable-libcaca --enable-libdvdnav --enable-libdvdread --enable-libjack --enable-libpulse --enable-librabbitmq --enable-librist --enable-libsrt --enable-libssh --enable-libsvtav1 --enable-libx264 --enable-libzmq --enable-libzvbi --enable-lv2 --enable-sdl2 --enable-libplacebo --enable-librav1e --enable-pocketsphinx --enable-librsvg --enable-libjxl --enable-shared
  libavutil      59.  8.100 / 59.  8.100
  libavcodec     61.  3.100 / 61.  3.100
  libavformat    61.  1.100 / 61.  1.100
  libavdevice    61.  1.100 / 61.  1.100
  libavfilter    10.  1.100 / 10.  1.100
  libswscale      8.  1.100 /  8.  1.100
  libswresample   5.  1.100 /  5.  1.100
  libpostproc    58.  1.100 / 58.  1.100
Input #0, concat, from '/home/marco-lasagna/Scaricati/ffmpeg-java/inputFile.txt':
  Duration: N/A, start: 0.000000, bitrate: N/A
  Stream #0:0: Video: mjpeg (Baseline), yuvj420p(pc, bt470bg/unknown/unknown), 4501x4500 [SAR 1:1 DAR 4501:4500], 25 fps, 25 tbr, 25 tbn
Stream mapping:
  Stream #0:0 -> #0:0 (mjpeg (native) -> h264 (libx264))
Press [q] to stop, [?] for help
[swscaler @ 0x7f1028016b00] deprecated pixel format used, make sure you did set range correctly
    Last message repeated 1 times
[swscaler @ 0x7f1028b407c0] deprecated pixel format used, make sure you did set range correctly
    Last message repeated 1 times
[vost#0:0/libx264 @ 0x595af00d5600] No information about the input framerate is available. Falling back to a default value of 25fps. Use the -r option if you want a different framerate.
[libx264 @ 0x595af00cb9c0] using SAR=2048/4095
[libx264 @ 0x595af00cb9c0] using cpu capabilities: MMX2 SSE2Fast SSSE3 SSE4.2 AVX FMA3 BMI2 AVX2
[libx264 @ 0x595af00cb9c0] profile High, level 4.0, 4:2:0, 8-bit
[libx264 @ 0x595af00cb9c0] 264 - core 164 r3108 31e19f9 - H.264/MPEG-4 AVC codec - Copyleft 2003-2023 - http://www.videolan.org/x264.html - options: cabac=1 ref=3 deblock=1:0:0 analyse=0x3:0x113 me=hex subme=7 psy=1 psy_rd=1.00:0.00 mixed_ref=1 me_range=16 chroma_me=1 trellis=1 8x8dct=1 cqm=0 deadzone=21,11 fast_pskip=1 chroma_qp_offset=-2 threads=30 lookahead_threads=5 sliced_threads=0 nr=0 decimate=1 interlaced=0 bluray_compat=0 constrained_intra=0 bframes=3 b_pyramid=2 b_adapt=1 b_bias=0 direct=1 weightb=1 open_gop=0 weightp=2 keyint=250 keyint_min=25 scenecut=40 intra_refresh=0 rc_lookahead=40 rc=crf mbtree=1 crf=23.0 qcomp=0.60 qpmin=0 qpmax=69 qpstep=4 ip_ratio=1.40 aq=1:1.00
Output #0, mp4, to './src/test/resources/output/translation/tempVideo/230.mp4':
  Metadata:
    encoder         : Lavf61.1.100
  Stream #0:0: Video: h264 (avc1 / 0x31637661), yuvj420p(pc, progressive), 2048x1024 [SAR 4501:9000 DAR 4501:4500], q=2-31, 25 fps, 12800 tbn
      Metadata:
        encoder         : Lavc61.3.100 libx264
      Side data:
        cpb: bitrate max/min/avg: 0/0/0 buffer size: 0 vbv_delay: N/A
[out#0/mp4 @ 0x595af00d3380] video:32KiB audio:0KiB subtitle:0KiB other streams:0KiB global headers:0KiB muxing overhead: 2.894157%
frame=    6 fps=0.0 q=-1.0 Lsize=      33KiB time=00:00:00.16 bitrate=1679.8kbits/s dup=0 drop=19 speed=0.663x    
[libx264 @ 0x595af00cb9c0] frame I:1     Avg QP:18.59  size: 29998
[libx264 @ 0x595af00cb9c0] frame P:2     Avg QP:18.15  size:   600
[libx264 @ 0x595af00cb9c0] frame B:3     Avg QP:26.59  size:   255
[libx264 @ 0x595af00cb9c0] consecutive B-frames: 16.7% 33.3% 50.0%  0.0%
[libx264 @ 0x595af00cb9c0] mb I  I16..4: 25.6% 64.2% 10.2%
[libx264 @ 0x595af00cb9c0] mb P  I16..4:  0.1%  0.1%  0.0%  P16..4:  1.4%  0.2%  0.1%  0.0%  0.0%    skip:98.1%
[libx264 @ 0x595af00cb9c0] mb B  I16..4:  0.1%  0.0%  0.0%  B16..8:  1.3%  0.0%  0.0%  direct: 0.0%  skip:98.6%  L0:50.9% L1:47.2% BI: 1.8%
[libx264 @ 0x595af00cb9c0] 8x8 transform intra:64.1% inter:16.9%
[libx264 @ 0x595af00cb9c0] coded y,uvDC,uvAC intra: 5.9% 10.1% 9.1% inter: 0.1% 0.0% 0.0%
[libx264 @ 0x595af00cb9c0] i16 v,h,dc,p: 87% 12%  1%  0%
[libx264 @ 0x595af00cb9c0] i8 v,h,dc,ddl,ddr,vr,hd,vl,hu: 61%  6% 32%  0%  0%  0%  0%  0%  0%
[libx264 @ 0x595af00cb9c0] i4 v,h,dc,ddl,ddr,vr,hd,vl,hu: 39% 30%  9%  4%  2%  2%  4%  4%  5%
[libx264 @ 0x595af00cb9c0] i8c dc,h,v,p: 82%  9%  8%  1%
[libx264 @ 0x595af00cb9c0] Weighted P-Frames: Y:0.0% UV:0.0%
[libx264 @ 0x595af00cb9c0] ref P L0: 95.5%  0.4%  3.2%  0.9%
[libx264 @ 0x595af00cb9c0] ref B L0: 51.4% 48.6%
[libx264 @ 0x595af00cb9c0] kb/s:1065.40
ffmpeg version 7.0.2-3ubuntu1 Copyright (c) 2000-2024 the FFmpeg developers
  built with gcc 14 (Ubuntu 14.2.0-2ubuntu1)
  configuration: --prefix=/usr --extra-version=3ubuntu1 --toolchain=hardened --libdir=/usr/lib/x86_64-linux-gnu --incdir=/usr/include/x86_64-linux-gnu --arch=amd64 --enable-gpl --disable-stripping --disable-libmfx --disable-omx --enable-gnutls --enable-libaom --enable-libass --enable-libbs2b --enable-libcdio --enable-libcodec2 --enable-libdav1d --enable-libflite --enable-libfontconfig --enable-libfreetype --enable-libfribidi --enable-libglslang --enable-libgme --enable-libgsm --enable-libharfbuzz --enable-libmp3lame --enable-libmysofa --enable-libopenjpeg --enable-libopenmpt --enable-libopus --enable-librubberband --enable-libshine --enable-libsnappy --enable-libsoxr --enable-libspeex --enable-libtheora --enable-libtwolame --enable-libvidstab --enable-libvorbis --enable-libvpx --enable-libwebp --enable-libx265 --enable-libxml2 --enable-libxvid --enable-libzimg --enable-openal --enable-opencl --enable-opengl --disable-sndio --enable-libvpl --enable-libdc1394 --enable-libdrm --enable-libiec61883 --enable-chromaprint --enable-frei0r --enable-ladspa --enable-libbluray --enable-libcaca --enable-libdvdnav --enable-libdvdread --enable-libjack --enable-libpulse --enable-librabbitmq --enable-librist --enable-libsrt --enable-libssh --enable-libsvtav1 --enable-libx264 --enable-libzmq --enable-libzvbi --enable-lv2 --enable-sdl2 --enable-libplacebo --enable-librav1e --enable-pocketsphinx --enable-librsvg --enable-libjxl --enable-shared
  libavutil      59.  8.100 / 59.  8.100
  libavcodec     61.  3.100 / 61.  3.100
  libavformat    61.  1.100 / 61.  1.100
  libavdevice    61.  1.100 / 61.  1.100
  libavfilter    10.  1.100 / 10.  1.100
  libswscale      8.  1.100 /  8.  1.100
  libswresample   5.  1.100 /  5.  1.100
  libpostproc    58.  1.100 / 58.  1.100
Input #0, concat, from '/home/marco-lasagna/Scaricati/ffmpeg-java/inputFile.txt':
  Duration: N/A, start: 0.000000, bitrate: N/A
  Stream #0:0: Video: mjpeg (Baseline), yuvj420p(pc, bt470bg/unknown/unknown), 4501x4500 [SAR 1:1 DAR 4501:4500], 25 fps, 25 tbr, 25 tbn
Stream mapping:
  Stream #0:0 -> #0:0 (mjpeg (native) -> h264 (libx264))
Press [q] to stop, [?] for help
[swscaler @ 0x7523a0016b00] deprecated pixel format used, make sure you did set range correctly
    Last message repeated 1 times
[swscaler @ 0x7523a0b407c0] deprecated pixel format used, make sure you did set range correctly
    Last message repeated 1 times
[vost#0:0/libx264 @ 0x57fe745bb600] No information about the input framerate is available. Falling back to a default value of 25fps. Use the -r option if you want a different framerate.
[libx264 @ 0x57fe745b19c0] using SAR=2048/4095
[libx264 @ 0x57fe745b19c0] using cpu capabilities: MMX2 SSE2Fast SSSE3 SSE4.2 AVX FMA3 BMI2 AVX2
[libx264 @ 0x57fe745b19c0] profile High, level 4.0, 4:2:0, 8-bit
[libx264 @ 0x57fe745b19c0] 264 - core 164 r3108 31e19f9 - H.264/MPEG-4 AVC codec - Copyleft 2003-2023 - http://www.videolan.org/x264.html - options: cabac=1 ref=3 deblock=1:0:0 analyse=0x3:0x113 me=hex subme=7 psy=1 psy_rd=1.00:0.00 mixed_ref=1 me_range=16 chroma_me=1 trellis=1 8x8dct=1 cqm=0 deadzone=21,11 fast_pskip=1 chroma_qp_offset=-2 threads=30 lookahead_threads=5 sliced_threads=0 nr=0 decimate=1 interlaced=0 bluray_compat=0 constrained_intra=0 bframes=3 b_pyramid=2 b_adapt=1 b_bias=0 direct=1 weightb=1 open_gop=0 weightp=2 keyint=250 keyint_min=25 scenecut=40 intra_refresh=0 rc_lookahead=40 rc=crf mbtree=1 crf=23.0 qcomp=0.60 qpmin=0 qpmax=69 qpstep=4 ip_ratio=1.40 aq=1:1.00
Output #0, mp4, to './src/test/resources/output/translation/tempVideo/240.mp4':
  Metadata:
    encoder         : Lavf61.1.100
  Stream #0:0: Video: h264 (avc1 / 0x31637661), yuvj420p(pc, progressive), 2048x1024 [SAR 4501:9000 DAR 4501:4500], q=2-31, 25 fps, 12800 tbn
      Metadata:
        encoder         : Lavc61.3.100 libx264
      Side data:
        cpb: bitrate max/min/avg: 0/0/0 buffer size: 0 vbv_delay: N/A
[out#0/mp4 @ 0x57fe745b9380] video:32KiB audio:0KiB subtitle:0KiB other streams:0KiB global headers:0KiB muxing overhead: 2.897262%
frame=    6 fps=0.0 q=-1.0 Lsize=      33KiB time=00:00:00.16 bitrate=1678.1kbits/s dup=0 drop=19 speed=0.677x    
[libx264 @ 0x57fe745b19c0] frame I:1     Avg QP:18.42  size: 30007
[libx264 @ 0x57fe745b19c0] frame P:2     Avg QP:18.22  size:   560
[libx264 @ 0x57fe745b19c0] frame B:3     Avg QP:26.30  size:   266
[libx264 @ 0x57fe745b19c0] consecutive B-frames: 16.7% 33.3% 50.0%  0.0%
[libx264 @ 0x57fe745b19c0] mb I  I16..4: 25.4% 64.3% 10.3%
[libx264 @ 0x57fe745b19c0] mb P  I16..4:  0.1%  0.1%  0.0%  P16..4:  1.3%  0.2%  0.1%  0.0%  0.0%    skip:98.3%
[libx264 @ 0x57fe745b19c0] mb B  I16..4:  0.1%  0.0%  0.0%  B16..8:  1.3%  0.1%  0.0%  direct: 0.1%  skip:98.5%  L0:53.0% L1:45.5% BI: 1.4%
[libx264 @ 0x57fe745b19c0] 8x8 transform intra:64.2% inter:31.2%
[libx264 @ 0x57fe745b19c0] coded y,uvDC,uvAC intra: 5.9% 10.1% 9.1% inter: 0.1% 0.0% 0.0%
[libx264 @ 0x57fe745b19c0] i16 v,h,dc,p: 87% 12%  1%  0%
[libx264 @ 0x57fe745b19c0] i8 v,h,dc,ddl,ddr,vr,hd,vl,hu: 61%  6% 32%  0%  0%  0%  0%  0%  0%
[libx264 @ 0x57fe745b19c0] i4 v,h,dc,ddl,ddr,vr,hd,vl,hu: 40% 30%  9%  4%  2%  2%  4%  4%  5%
[libx264 @ 0x57fe745b19c0] i8c dc,h,v,p: 82%  9%  8%  1%
[libx264 @ 0x57fe745b19c0] Weighted P-Frames: Y:0.0% UV:0.0%
[libx264 @ 0x57fe745b19c0] ref P L0: 96.7%  0.0%  2.6%  0.8%
[libx264 @ 0x57fe745b19c0] ref B L0: 47.5% 52.5%
[libx264 @ 0x57fe745b19c0] kb/s:1064.23
ffmpeg version 7.0.2-3ubuntu1 Copyright (c) 2000-2024 the FFmpeg developers
  built with gcc 14 (Ubuntu 14.2.0-2ubuntu1)
  configuration: --prefix=/usr --extra-version=3ubuntu1 --toolchain=hardened --libdir=/usr/lib/x86_64-linux-gnu --incdir=/usr/include/x86_64-linux-gnu --arch=amd64 --enable-gpl --disable-stripping --disable-libmfx --disable-omx --enable-gnutls --enable-libaom --enable-libass --enable-libbs2b --enable-libcdio --enable-libcodec2 --enable-libdav1d --enable-libflite --enable-libfontconfig --enable-libfreetype --enable-libfribidi --enable-libglslang --enable-libgme --enable-libgsm --enable-libharfbuzz --enable-libmp3lame --enable-libmysofa --enable-libopenjpeg --enable-libopenmpt --enable-libopus --enable-librubberband --enable-libshine --enable-libsnappy --enable-libsoxr --enable-libspeex --enable-libtheora --enable-libtwolame --enable-libvidstab --enable-libvorbis --enable-libvpx --enable-libwebp --enable-libx265 --enable-libxml2 --enable-libxvid --enable-libzimg --enable-openal --enable-opencl --enable-opengl --disable-sndio --enable-libvpl --enable-libdc1394 --enable-libdrm --enable-libiec61883 --enable-chromaprint --enable-frei0r --enable-ladspa --enable-libbluray --enable-libcaca --enable-libdvdnav --enable-libdvdread --enable-libjack --enable-libpulse --enable-librabbitmq --enable-librist --enable-libsrt --enable-libssh --enable-libsvtav1 --enable-libx264 --enable-libzmq --enable-libzvbi --enable-lv2 --enable-sdl2 --enable-libplacebo --enable-librav1e --enable-pocketsphinx --enable-librsvg --enable-libjxl --enable-shared
  libavutil      59.  8.100 / 59.  8.100
  libavcodec     61.  3.100 / 61.  3.100
  libavformat    61.  1.100 / 61.  1.100
  libavdevice    61.  1.100 / 61.  1.100
  libavfilter    10.  1.100 / 10.  1.100
  libswscale      8.  1.100 /  8.  1.100
  libswresample   5.  1.100 /  5.  1.100
  libpostproc    58.  1.100 / 58.  1.100
Input #0, concat, from '/home/marco-lasagna/Scaricati/ffmpeg-java/inputFile.txt':
  Duration: N/A, start: 0.000000, bitrate: N/A
  Stream #0:0: Video: mjpeg (Baseline), yuvj420p(pc, bt470bg/unknown/unknown), 4501x4500 [SAR 1:1 DAR 4501:4500], 25 fps, 25 tbr, 25 tbn
Stream mapping:
  Stream #0:0 -> #0:0 (mjpeg (native) -> h264 (libx264))
Press [q] to stop, [?] for help
[swscaler @ 0x793784016b00] deprecated pixel format used, make sure you did set range correctly
    Last message repeated 1 times
[swscaler @ 0x793784b407c0] deprecated pixel format used, make sure you did set range correctly
    Last message repeated 1 times
[vost#0:0/libx264 @ 0x64698a851600] No information about the input framerate is available. Falling back to a default value of 25fps. Use the -r option if you want a different framerate.
[libx264 @ 0x64698a8479c0] using SAR=2048/4095
[libx264 @ 0x64698a8479c0] using cpu capabilities: MMX2 SSE2Fast SSSE3 SSE4.2 AVX FMA3 BMI2 AVX2
[libx264 @ 0x64698a8479c0] profile High, level 4.0, 4:2:0, 8-bit
[libx264 @ 0x64698a8479c0] 264 - core 164 r3108 31e19f9 - H.264/MPEG-4 AVC codec - Copyleft 2003-2023 - http://www.videolan.org/x264.html - options: cabac=1 ref=3 deblock=1:0:0 analyse=0x3:0x113 me=hex subme=7 psy=1 psy_rd=1.00:0.00 mixed_ref=1 me_range=16 chroma_me=1 trellis=1 8x8dct=1 cqm=0 deadzone=21,11 fast_pskip=1 chroma_qp_offset=-2 threads=30 lookahead_threads=5 sliced_threads=0 nr=0 decimate=1 interlaced=0 bluray_compat=0 constrained_intra=0 bframes=3 b_pyramid=2 b_adapt=1 b_bias=0 direct=1 weightb=1 open_gop=0 weightp=2 keyint=250 keyint_min=25 scenecut=40 intra_refresh=0 rc_lookahead=40 rc=crf mbtree=1 crf=23.0 qcomp=0.60 qpmin=0 qpmax=69 qpstep=4 ip_ratio=1.40 aq=1:1.00
Output #0, mp4, to './src/test/resources/output/translation/tempVideo/250.mp4':
  Metadata:
    encoder         : Lavf61.1.100
  Stream #0:0: Video: h264 (avc1 / 0x31637661), yuvj420p(pc, progressive), 2048x1024 [SAR 4501:9000 DAR 4501:4500], q=2-31, 25 fps, 12800 tbn
      Metadata:
        encoder         : Lavc61.3.100 libx264
      Side data:
        cpb: bitrate max/min/avg: 0/0/0 buffer size: 0 vbv_delay: N/A
[out#0/mp4 @ 0x64698a84f380] video:32KiB audio:0KiB subtitle:0KiB other streams:0KiB global headers:0KiB muxing overhead: 2.878026%
frame=    6 fps=0.0 q=-1.0 Lsize=      33KiB time=00:00:00.16 bitrate=1689.0kbits/s dup=0 drop=19 speed=0.679x    
[libx264 @ 0x64698a8479c0] frame I:1     Avg QP:18.67  size: 30155
[libx264 @ 0x64698a8479c0] frame P:2     Avg QP:18.36  size:   530
[libx264 @ 0x64698a8479c0] frame B:3     Avg QP:28.66  size:   310
[libx264 @ 0x64698a8479c0] consecutive B-frames: 16.7% 33.3% 50.0%  0.0%
[libx264 @ 0x64698a8479c0] mb I  I16..4: 14.5% 75.2% 10.2%
[libx264 @ 0x64698a8479c0] mb P  I16..4:  0.1%  0.1%  0.0%  P16..4:  1.3%  0.2%  0.1%  0.0%  0.0%    skip:98.3%
[libx264 @ 0x64698a8479c0] mb B  I16..4:  0.0%  0.0%  0.0%  B16..8:  1.3%  0.0%  0.0%  direct: 0.1%  skip:98.6%  L0:56.5% L1:41.9% BI: 1.6%
[libx264 @ 0x64698a8479c0] 8x8 transform intra:75.2% inter:31.5%
[libx264 @ 0x64698a8479c0] coded y,uvDC,uvAC intra: 5.9% 10.1% 9.1% inter: 0.1% 0.0% 0.0%
[libx264 @ 0x64698a8479c0] i16 v,h,dc,p: 80% 19%  1%  0%
[libx264 @ 0x64698a8479c0] i8 v,h,dc,ddl,ddr,vr,hd,vl,hu: 44%  7% 49%  0%  0%  0%  0%  0%  0%
[libx264 @ 0x64698a8479c0] i4 v,h,dc,ddl,ddr,vr,hd,vl,hu: 39% 30% 10%  4%  2%  2%  4%  4%  5%
[libx264 @ 0x64698a8479c0] i8c dc,h,v,p: 82%  9%  8%  1%
[libx264 @ 0x64698a8479c0] Weighted P-Frames: Y:0.0% UV:0.0%
[libx264 @ 0x64698a8479c0] ref P L0: 97.9%  0.1%  1.1%  0.9%
[libx264 @ 0x64698a8479c0] ref B L0: 59.3% 40.7%
[libx264 @ 0x64698a8479c0] kb/s:1071.50
ffmpeg version 7.0.2-3ubuntu1 Copyright (c) 2000-2024 the FFmpeg developers
  built with gcc 14 (Ubuntu 14.2.0-2ubuntu1)
  configuration: --prefix=/usr --extra-version=3ubuntu1 --toolchain=hardened --libdir=/usr/lib/x86_64-linux-gnu --incdir=/usr/include/x86_64-linux-gnu --arch=amd64 --enable-gpl --disable-stripping --disable-libmfx --disable-omx --enable-gnutls --enable-libaom --enable-libass --enable-libbs2b --enable-libcdio --enable-libcodec2 --enable-libdav1d --enable-libflite --enable-libfontconfig --enable-libfreetype --enable-libfribidi --enable-libglslang --enable-libgme --enable-libgsm --enable-libharfbuzz --enable-libmp3lame --enable-libmysofa --enable-libopenjpeg --enable-libopenmpt --enable-libopus --enable-librubberband --enable-libshine --enable-libsnappy --enable-libsoxr --enable-libspeex --enable-libtheora --enable-libtwolame --enable-libvidstab --enable-libvorbis --enable-libvpx --enable-libwebp --enable-libx265 --enable-libxml2 --enable-libxvid --enable-libzimg --enable-openal --enable-opencl --enable-opengl --disable-sndio --enable-libvpl --enable-libdc1394 --enable-libdrm --enable-libiec61883 --enable-chromaprint --enable-frei0r --enable-ladspa --enable-libbluray --enable-libcaca --enable-libdvdnav --enable-libdvdread --enable-libjack --enable-libpulse --enable-librabbitmq --enable-librist --enable-libsrt --enable-libssh --enable-libsvtav1 --enable-libx264 --enable-libzmq --enable-libzvbi --enable-lv2 --enable-sdl2 --enable-libplacebo --enable-librav1e --enable-pocketsphinx --enable-librsvg --enable-libjxl --enable-shared
  libavutil      59.  8.100 / 59.  8.100
  libavcodec     61.  3.100 / 61.  3.100
  libavformat    61.  1.100 / 61.  1.100
  libavdevice    61.  1.100 / 61.  1.100
  libavfilter    10.  1.100 / 10.  1.100
  libswscale      8.  1.100 /  8.  1.100
  libswresample   5.  1.100 /  5.  1.100
  libpostproc    58.  1.100 / 58.  1.100
Input #0, concat, from '/home/marco-lasagna/Scaricati/ffmpeg-java/inputFile.txt':
  Duration: N/A, start: 0.000000, bitrate: N/A
  Stream #0:0: Video: mjpeg (Baseline), yuvj420p(pc, bt470bg/unknown/unknown), 4501x4500 [SAR 1:1 DAR 4501:4500], 25 fps, 25 tbr, 25 tbn
Stream mapping:
  Stream #0:0 -> #0:0 (mjpeg (native) -> h264 (libx264))
Press [q] to stop, [?] for help
[swscaler @ 0x75a524016b00] deprecated pixel format used, make sure you did set range correctly
    Last message repeated 1 times
[swscaler @ 0x75a524b407c0] deprecated pixel format used, make sure you did set range correctly
    Last message repeated 1 times
[vost#0:0/libx264 @ 0x5b681c60f600] No information about the input framerate is available. Falling back to a default value of 25fps. Use the -r option if you want a different framerate.
[libx264 @ 0x5b681c6059c0] using SAR=2048/4095
[libx264 @ 0x5b681c6059c0] using cpu capabilities: MMX2 SSE2Fast SSSE3 SSE4.2 AVX FMA3 BMI2 AVX2
[libx264 @ 0x5b681c6059c0] profile High, level 4.0, 4:2:0, 8-bit
[libx264 @ 0x5b681c6059c0] 264 - core 164 r3108 31e19f9 - H.264/MPEG-4 AVC codec - Copyleft 2003-2023 - http://www.videolan.org/x264.html - options: cabac=1 ref=3 deblock=1:0:0 analyse=0x3:0x113 me=hex subme=7 psy=1 psy_rd=1.00:0.00 mixed_ref=1 me_range=16 chroma_me=1 trellis=1 8x8dct=1 cqm=0 deadzone=21,11 fast_pskip=1 chroma_qp_offset=-2 threads=30 lookahead_threads=5 sliced_threads=0 nr=0 decimate=1 interlaced=0 bluray_compat=0 constrained_intra=0 bframes=3 b_pyramid=2 b_adapt=1 b_bias=0 direct=1 weightb=1 open_gop=0 weightp=2 keyint=250 keyint_min=25 scenecut=40 intra_refresh=0 rc_lookahead=40 rc=crf mbtree=1 crf=23.0 qcomp=0.60 qpmin=0 qpmax=69 qpstep=4 ip_ratio=1.40 aq=1:1.00
Output #0, mp4, to './src/test/resources/output/translation/tempVideo/260.mp4':
  Metadata:
    encoder         : Lavf61.1.100
  Stream #0:0: Video: h264 (avc1 / 0x31637661), yuvj420p(pc, progressive), 2048x1024 [SAR 4501:9000 DAR 4501:4500], q=2-31, 25 fps, 12800 tbn
      Metadata:
        encoder         : Lavc61.3.100 libx264
      Side data:
        cpb: bitrate max/min/avg: 0/0/0 buffer size: 0 vbv_delay: N/A
[out#0/mp4 @ 0x5b681c60d380] video:32KiB audio:0KiB subtitle:0KiB other streams:0KiB global headers:0KiB muxing overhead: 2.915354%
frame=    6 fps=0.0 q=-1.0 Lsize=      33KiB time=00:00:00.16 bitrate=1682.1kbits/s dup=0 drop=19 speed=0.66x    
[libx264 @ 0x5b681c6059c0] frame I:1     Avg QP:18.30  size: 30101
[libx264 @ 0x5b681c6059c0] frame P:2     Avg QP:18.94  size:   494
[libx264 @ 0x5b681c6059c0] frame B:3     Avg QP:21.14  size:   303
[libx264 @ 0x5b681c6059c0] consecutive B-frames: 33.3%  0.0%  0.0% 66.7%
[libx264 @ 0x5b681c6059c0] mb I  I16..4: 26.0% 63.8% 10.3%
[libx264 @ 0x5b681c6059c0] mb P  I16..4:  0.1%  0.1%  0.0%  P16..4:  1.0%  0.1%  0.1%  0.0%  0.0%    skip:98.6%
[libx264 @ 0x5b681c6059c0] mb B  I16..4:  0.1%  0.0%  0.0%  B16..8:  1.4%  0.1%  0.0%  direct: 0.0%  skip:98.3%  L0:27.6% L1:71.6% BI: 0.8%
[libx264 @ 0x5b681c6059c0] 8x8 transform intra:63.6% inter:22.9%
[libx264 @ 0x5b681c6059c0] coded y,uvDC,uvAC intra: 5.9% 10.2% 9.1% inter: 0.1% 0.0% 0.0%
[libx264 @ 0x5b681c6059c0] i16 v,h,dc,p: 87% 12%  1%  0%
[libx264 @ 0x5b681c6059c0] i8 v,h,dc,ddl,ddr,vr,hd,vl,hu: 43%  6% 50%  0%  0%  0%  0%  0%  0%
[libx264 @ 0x5b681c6059c0] i4 v,h,dc,ddl,ddr,vr,hd,vl,hu: 40% 29% 10%  4%  2%  2%  4%  4%  5%
[libx264 @ 0x5b681c6059c0] i8c dc,h,v,p: 82%  9%  8%  1%
[libx264 @ 0x5b681c6059c0] Weighted P-Frames: Y:0.0% UV:0.0%
[libx264 @ 0x5b681c6059c0] ref P L0: 92.4%  0.4%  1.5%  5.7%
[libx264 @ 0x5b681c6059c0] ref B L0: 88.0% 12.0%
[libx264 @ 0x5b681c6059c0] ref B L1: 94.9%  5.1%
[libx264 @ 0x5b681c6059c0] kb/s:1066.63
ffmpeg version 7.0.2-3ubuntu1 Copyright (c) 2000-2024 the FFmpeg developers
  built with gcc 14 (Ubuntu 14.2.0-2ubuntu1)
  configuration: --prefix=/usr --extra-version=3ubuntu1 --toolchain=hardened --libdir=/usr/lib/x86_64-linux-gnu --incdir=/usr/include/x86_64-linux-gnu --arch=amd64 --enable-gpl --disable-stripping --disable-libmfx --disable-omx --enable-gnutls --enable-libaom --enable-libass --enable-libbs2b --enable-libcdio --enable-libcodec2 --enable-libdav1d --enable-libflite --enable-libfontconfig --enable-libfreetype --enable-libfribidi --enable-libglslang --enable-libgme --enable-libgsm --enable-libharfbuzz --enable-libmp3lame --enable-libmysofa --enable-libopenjpeg --enable-libopenmpt --enable-libopus --enable-librubberband --enable-libshine --enable-libsnappy --enable-libsoxr --enable-libspeex --enable-libtheora --enable-libtwolame --enable-libvidstab --enable-libvorbis --enable-libvpx --enable-libwebp --enable-libx265 --enable-libxml2 --enable-libxvid --enable-libzimg --enable-openal --enable-opencl --enable-opengl --disable-sndio --enable-libvpl --enable-libdc1394 --enable-libdrm --enable-libiec61883 --enable-chromaprint --enable-frei0r --enable-ladspa --enable-libbluray --enable-libcaca --enable-libdvdnav --enable-libdvdread --enable-libjack --enable-libpulse --enable-librabbitmq --enable-librist --enable-libsrt --enable-libssh --enable-libsvtav1 --enable-libx264 --enable-libzmq --enable-libzvbi --enable-lv2 --enable-sdl2 --enable-libplacebo --enable-librav1e --enable-pocketsphinx --enable-librsvg --enable-libjxl --enable-shared
  libavutil      59.  8.100 / 59.  8.100
  libavcodec     61.  3.100 / 61.  3.100
  libavformat    61.  1.100 / 61.  1.100
  libavdevice    61.  1.100 / 61.  1.100
  libavfilter    10.  1.100 / 10.  1.100
  libswscale      8.  1.100 /  8.  1.100
  libswresample   5.  1.100 /  5.  1.100
  libpostproc    58.  1.100 / 58.  1.100
Input #0, concat, from '/home/marco-lasagna/Scaricati/ffmpeg-java/inputFile.txt':
  Duration: N/A, start: 0.000000, bitrate: N/A
  Stream #0:0: Video: mjpeg (Baseline), yuvj420p(pc, bt470bg/unknown/unknown), 4501x4500 [SAR 1:1 DAR 4501:4500], 25 fps, 25 tbr, 25 tbn
Stream mapping:
  Stream #0:0 -> #0:0 (mjpeg (native) -> h264 (libx264))
Press [q] to stop, [?] for help
[swscaler @ 0x777c54016b00] deprecated pixel format used, make sure you did set range correctly
    Last message repeated 1 times
[swscaler @ 0x777c54b407c0] deprecated pixel format used, make sure you did set range correctly
    Last message repeated 1 times
[vost#0:0/libx264 @ 0x5a7002caf600] No information about the input framerate is available. Falling back to a default value of 25fps. Use the -r option if you want a different framerate.
[libx264 @ 0x5a7002ca59c0] using SAR=2048/4095
[libx264 @ 0x5a7002ca59c0] using cpu capabilities: MMX2 SSE2Fast SSSE3 SSE4.2 AVX FMA3 BMI2 AVX2
[libx264 @ 0x5a7002ca59c0] profile High, level 4.0, 4:2:0, 8-bit
[libx264 @ 0x5a7002ca59c0] 264 - core 164 r3108 31e19f9 - H.264/MPEG-4 AVC codec - Copyleft 2003-2023 - http://www.videolan.org/x264.html - options: cabac=1 ref=3 deblock=1:0:0 analyse=0x3:0x113 me=hex subme=7 psy=1 psy_rd=1.00:0.00 mixed_ref=1 me_range=16 chroma_me=1 trellis=1 8x8dct=1 cqm=0 deadzone=21,11 fast_pskip=1 chroma_qp_offset=-2 threads=30 lookahead_threads=5 sliced_threads=0 nr=0 decimate=1 interlaced=0 bluray_compat=0 constrained_intra=0 bframes=3 b_pyramid=2 b_adapt=1 b_bias=0 direct=1 weightb=1 open_gop=0 weightp=2 keyint=250 keyint_min=25 scenecut=40 intra_refresh=0 rc_lookahead=40 rc=crf mbtree=1 crf=23.0 qcomp=0.60 qpmin=0 qpmax=69 qpstep=4 ip_ratio=1.40 aq=1:1.00
Output #0, mp4, to './src/test/resources/output/translation/tempVideo/270.mp4':
  Metadata:
    encoder         : Lavf61.1.100
  Stream #0:0: Video: h264 (avc1 / 0x31637661), yuvj420p(pc, progressive), 2048x1024 [SAR 4501:9000 DAR 4501:4500], q=2-31, 25 fps, 12800 tbn
      Metadata:
        encoder         : Lavc61.3.100 libx264
      Side data:
        cpb: bitrate max/min/avg: 0/0/0 buffer size: 0 vbv_delay: N/A
[out#0/mp4 @ 0x5a7002cad380] video:32KiB audio:0KiB subtitle:0KiB other streams:0KiB global headers:0KiB muxing overhead: 2.906108%
frame=    6 fps=0.0 q=-1.0 Lsize=      33KiB time=00:00:00.16 bitrate=1687.3kbits/s dup=0 drop=19 speed=0.649x    
[libx264 @ 0x5a7002ca59c0] frame I:1     Avg QP:18.65  size: 30150
[libx264 @ 0x5a7002ca59c0] frame P:2     Avg QP:18.57  size:   530
[libx264 @ 0x5a7002ca59c0] frame B:3     Avg QP:19.93  size:   298
[libx264 @ 0x5a7002ca59c0] consecutive B-frames: 33.3%  0.0%  0.0% 66.7%
[libx264 @ 0x5a7002ca59c0] mb I  I16..4: 25.9% 63.8% 10.3%
[libx264 @ 0x5a7002ca59c0] mb P  I16..4:  0.1%  0.1%  0.0%  P16..4:  1.1%  0.2%  0.0%  0.0%  0.0%    skip:98.4%
[libx264 @ 0x5a7002ca59c0] mb B  I16..4:  0.0%  0.0%  0.0%  B16..8:  1.1%  0.1%  0.0%  direct: 0.0%  skip:98.7%  L0:56.3% L1:40.0% BI: 3.7%
[libx264 @ 0x5a7002ca59c0] 8x8 transform intra:63.8% inter:36.9%
[libx264 @ 0x5a7002ca59c0] coded y,uvDC,uvAC intra: 6.0% 10.2% 9.1% inter: 0.1% 0.0% 0.0%
[libx264 @ 0x5a7002ca59c0] i16 v,h,dc,p: 88% 12%  1%  0%
[libx264 @ 0x5a7002ca59c0] i8 v,h,dc,ddl,ddr,vr,hd,vl,hu: 45%  4% 50%  0%  0%  0%  0%  0%  0%
[libx264 @ 0x5a7002ca59c0] i4 v,h,dc,ddl,ddr,vr,hd,vl,hu: 38% 30% 10%  4%  2%  2%  4%  4%  5%
[libx264 @ 0x5a7002ca59c0] i8c dc,h,v,p: 82% 10%  8%  1%
[libx264 @ 0x5a7002ca59c0] Weighted P-Frames: Y:0.0% UV:0.0%
[libx264 @ 0x5a7002ca59c0] ref P L0: 94.6%  0.1%  1.6%  3.7%
[libx264 @ 0x5a7002ca59c0] ref B L0: 93.0%  7.0%
[libx264 @ 0x5a7002ca59c0] ref B L1: 93.4%  6.6%
[libx264 @ 0x5a7002ca59c0] kb/s:1070.10
ffmpeg version 7.0.2-3ubuntu1 Copyright (c) 2000-2024 the FFmpeg developers
  built with gcc 14 (Ubuntu 14.2.0-2ubuntu1)
  configuration: --prefix=/usr --extra-version=3ubuntu1 --toolchain=hardened --libdir=/usr/lib/x86_64-linux-gnu --incdir=/usr/include/x86_64-linux-gnu --arch=amd64 --enable-gpl --disable-stripping --disable-libmfx --disable-omx --enable-gnutls --enable-libaom --enable-libass --enable-libbs2b --enable-libcdio --enable-libcodec2 --enable-libdav1d --enable-libflite --enable-libfontconfig --enable-libfreetype --enable-libfribidi --enable-libglslang --enable-libgme --enable-libgsm --enable-libharfbuzz --enable-libmp3lame --enable-libmysofa --enable-libopenjpeg --enable-libopenmpt --enable-libopus --enable-librubberband --enable-libshine --enable-libsnappy --enable-libsoxr --enable-libspeex --enable-libtheora --enable-libtwolame --enable-libvidstab --enable-libvorbis --enable-libvpx --enable-libwebp --enable-libx265 --enable-libxml2 --enable-libxvid --enable-libzimg --enable-openal --enable-opencl --enable-opengl --disable-sndio --enable-libvpl --enable-libdc1394 --enable-libdrm --enable-libiec61883 --enable-chromaprint --enable-frei0r --enable-ladspa --enable-libbluray --enable-libcaca --enable-libdvdnav --enable-libdvdread --enable-libjack --enable-libpulse --enable-librabbitmq --enable-librist --enable-libsrt --enable-libssh --enable-libsvtav1 --enable-libx264 --enable-libzmq --enable-libzvbi --enable-lv2 --enable-sdl2 --enable-libplacebo --enable-librav1e --enable-pocketsphinx --enable-librsvg --enable-libjxl --enable-shared
  libavutil      59.  8.100 / 59.  8.100
  libavcodec     61.  3.100 / 61.  3.100
  libavformat    61.  1.100 / 61.  1.100
  libavdevice    61.  1.100 / 61.  1.100
  libavfilter    10.  1.100 / 10.  1.100
  libswscale      8.  1.100 /  8.  1.100
  libswresample   5.  1.100 /  5.  1.100
  libpostproc    58.  1.100 / 58.  1.100
Input #0, concat, from '/home/marco-lasagna/Scaricati/ffmpeg-java/inputFile.txt':
  Duration: N/A, start: 0.000000, bitrate: N/A
  Stream #0:0: Video: mjpeg (Baseline), yuvj420p(pc, bt470bg/unknown/unknown), 4501x4500 [SAR 1:1 DAR 4501:4500], 25 fps, 25 tbr, 25 tbn
Stream mapping:
  Stream #0:0 -> #0:0 (mjpeg (native) -> h264 (libx264))
Press [q] to stop, [?] for help
[swscaler @ 0x750ee0016b00] deprecated pixel format used, make sure you did set range correctly
    Last message repeated 1 times
[swscaler @ 0x750ee0b407c0] deprecated pixel format used, make sure you did set range correctly
    Last message repeated 1 times
[vost#0:0/libx264 @ 0x59dfe73aa600] No information about the input framerate is available. Falling back to a default value of 25fps. Use the -r option if you want a different framerate.
[libx264 @ 0x59dfe73a09c0] using SAR=2048/4095
[libx264 @ 0x59dfe73a09c0] using cpu capabilities: MMX2 SSE2Fast SSSE3 SSE4.2 AVX FMA3 BMI2 AVX2
[libx264 @ 0x59dfe73a09c0] profile High, level 4.0, 4:2:0, 8-bit
[libx264 @ 0x59dfe73a09c0] 264 - core 164 r3108 31e19f9 - H.264/MPEG-4 AVC codec - Copyleft 2003-2023 - http://www.videolan.org/x264.html - options: cabac=1 ref=3 deblock=1:0:0 analyse=0x3:0x113 me=hex subme=7 psy=1 psy_rd=1.00:0.00 mixed_ref=1 me_range=16 chroma_me=1 trellis=1 8x8dct=1 cqm=0 deadzone=21,11 fast_pskip=1 chroma_qp_offset=-2 threads=30 lookahead_threads=5 sliced_threads=0 nr=0 decimate=1 interlaced=0 bluray_compat=0 constrained_intra=0 bframes=3 b_pyramid=2 b_adapt=1 b_bias=0 direct=1 weightb=1 open_gop=0 weightp=2 keyint=250 keyint_min=25 scenecut=40 intra_refresh=0 rc_lookahead=40 rc=crf mbtree=1 crf=23.0 qcomp=0.60 qpmin=0 qpmax=69 qpstep=4 ip_ratio=1.40 aq=1:1.00
Output #0, mp4, to './src/test/resources/output/translation/tempVideo/280.mp4':
  Metadata:
    encoder         : Lavf61.1.100
  Stream #0:0: Video: h264 (avc1 / 0x31637661), yuvj420p(pc, progressive), 2048x1024 [SAR 4501:9000 DAR 4501:4500], q=2-31, 25 fps, 12800 tbn
      Metadata:
        encoder         : Lavc61.3.100 libx264
      Side data:
        cpb: bitrate max/min/avg: 0/0/0 buffer size: 0 vbv_delay: N/A
[out#0/mp4 @ 0x59dfe73a8380] video:32KiB audio:0KiB subtitle:0KiB other streams:0KiB global headers:0KiB muxing overhead: 2.913749%
frame=    6 fps=0.0 q=-1.0 Lsize=      33KiB time=00:00:00.16 bitrate=1683.0kbits/s dup=0 drop=19 speed=0.669x    
[libx264 @ 0x59dfe73a09c0] frame I:1     Avg QP:18.56  size: 30204
[libx264 @ 0x59dfe73a09c0] frame P:2     Avg QP:17.00  size:   500
[libx264 @ 0x59dfe73a09c0] frame B:3     Avg QP:24.04  size:   271
[libx264 @ 0x59dfe73a09c0] consecutive B-frames: 33.3%  0.0%  0.0% 66.7%
[libx264 @ 0x59dfe73a09c0] mb I  I16..4: 16.6% 73.1% 10.3%
[libx264 @ 0x59dfe73a09c0] mb P  I16..4:  0.2%  0.1%  0.0%  P16..4:  0.5%  0.1%  0.1%  0.0%  0.0%    skip:99.0%
[libx264 @ 0x59dfe73a09c0] mb B  I16..4:  0.0%  0.0%  0.0%  B16..8:  1.0%  0.1%  0.0%  direct: 0.0%  skip:98.8%  L0:51.8% L1:44.4% BI: 3.8%
[libx264 @ 0x59dfe73a09c0] 8x8 transform intra:72.9% inter:40.0%
[libx264 @ 0x59dfe73a09c0] coded y,uvDC,uvAC intra: 5.9% 10.2% 9.1% inter: 0.1% 0.0% 0.0%
[libx264 @ 0x59dfe73a09c0] i16 v,h,dc,p: 81% 18%  1%  0%
[libx264 @ 0x59dfe73a09c0] i8 v,h,dc,ddl,ddr,vr,hd,vl,hu: 59%  8% 33%  0%  0%  0%  0%  0%  0%
[libx264 @ 0x59dfe73a09c0] i4 v,h,dc,ddl,ddr,vr,hd,vl,hu: 40% 30%  9%  4%  2%  2%  4%  4%  5%
[libx264 @ 0x59dfe73a09c0] i8c dc,h,v,p: 82%  9%  8%  1%
[libx264 @ 0x59dfe73a09c0] Weighted P-Frames: Y:0.0% UV:0.0%
[libx264 @ 0x59dfe73a09c0] ref P L0: 90.0%  0.5%  4.4%  5.1%
[libx264 @ 0x59dfe73a09c0] ref B L0: 93.9%  6.1%
[libx264 @ 0x59dfe73a09c0] ref B L1: 92.9%  7.1%
[libx264 @ 0x59dfe73a09c0] kb/s:1067.23
ffmpeg version 7.0.2-3ubuntu1 Copyright (c) 2000-2024 the FFmpeg developers
  built with gcc 14 (Ubuntu 14.2.0-2ubuntu1)
  configuration: --prefix=/usr --extra-version=3ubuntu1 --toolchain=hardened --libdir=/usr/lib/x86_64-linux-gnu --incdir=/usr/include/x86_64-linux-gnu --arch=amd64 --enable-gpl --disable-stripping --disable-libmfx --disable-omx --enable-gnutls --enable-libaom --enable-libass --enable-libbs2b --enable-libcdio --enable-libcodec2 --enable-libdav1d --enable-libflite --enable-libfontconfig --enable-libfreetype --enable-libfribidi --enable-libglslang --enable-libgme --enable-libgsm --enable-libharfbuzz --enable-libmp3lame --enable-libmysofa --enable-libopenjpeg --enable-libopenmpt --enable-libopus --enable-librubberband --enable-libshine --enable-libsnappy --enable-libsoxr --enable-libspeex --enable-libtheora --enable-libtwolame --enable-libvidstab --enable-libvorbis --enable-libvpx --enable-libwebp --enable-libx265 --enable-libxml2 --enable-libxvid --enable-libzimg --enable-openal --enable-opencl --enable-opengl --disable-sndio --enable-libvpl --enable-libdc1394 --enable-libdrm --enable-libiec61883 --enable-chromaprint --enable-frei0r --enable-ladspa --enable-libbluray --enable-libcaca --enable-libdvdnav --enable-libdvdread --enable-libjack --enable-libpulse --enable-librabbitmq --enable-librist --enable-libsrt --enable-libssh --enable-libsvtav1 --enable-libx264 --enable-libzmq --enable-libzvbi --enable-lv2 --enable-sdl2 --enable-libplacebo --enable-librav1e --enable-pocketsphinx --enable-librsvg --enable-libjxl --enable-shared
  libavutil      59.  8.100 / 59.  8.100
  libavcodec     61.  3.100 / 61.  3.100
  libavformat    61.  1.100 / 61.  1.100
  libavdevice    61.  1.100 / 61.  1.100
  libavfilter    10.  1.100 / 10.  1.100
  libswscale      8.  1.100 /  8.  1.100
  libswresample   5.  1.100 /  5.  1.100
  libpostproc    58.  1.100 / 58.  1.100
Input #0, concat, from '/home/marco-lasagna/Scaricati/ffmpeg-java/inputFile.txt':
  Duration: N/A, start: 0.000000, bitrate: N/A
  Stream #0:0: Video: mjpeg (Baseline), yuvj420p(pc, bt470bg/unknown/unknown), 4501x4500 [SAR 1:1 DAR 4501:4500], 25 fps, 25 tbr, 25 tbn
Stream mapping:
  Stream #0:0 -> #0:0 (mjpeg (native) -> h264 (libx264))
Press [q] to stop, [?] for help
[swscaler @ 0x78bffc016b00] deprecated pixel format used, make sure you did set range correctly
    Last message repeated 1 times
[swscaler @ 0x78bffcb407c0] deprecated pixel format used, make sure you did set range correctly
    Last message repeated 1 times
[vost#0:0/libx264 @ 0x5cff44976600] No information about the input framerate is available. Falling back to a default value of 25fps. Use the -r option if you want a different framerate.
[libx264 @ 0x5cff4496c9c0] using SAR=2048/4095
[libx264 @ 0x5cff4496c9c0] using cpu capabilities: MMX2 SSE2Fast SSSE3 SSE4.2 AVX FMA3 BMI2 AVX2
[libx264 @ 0x5cff4496c9c0] profile High, level 4.0, 4:2:0, 8-bit
[libx264 @ 0x5cff4496c9c0] 264 - core 164 r3108 31e19f9 - H.264/MPEG-4 AVC codec - Copyleft 2003-2023 - http://www.videolan.org/x264.html - options: cabac=1 ref=3 deblock=1:0:0 analyse=0x3:0x113 me=hex subme=7 psy=1 psy_rd=1.00:0.00 mixed_ref=1 me_range=16 chroma_me=1 trellis=1 8x8dct=1 cqm=0 deadzone=21,11 fast_pskip=1 chroma_qp_offset=-2 threads=30 lookahead_threads=5 sliced_threads=0 nr=0 decimate=1 interlaced=0 bluray_compat=0 constrained_intra=0 bframes=3 b_pyramid=2 b_adapt=1 b_bias=0 direct=1 weightb=1 open_gop=0 weightp=2 keyint=250 keyint_min=25 scenecut=40 intra_refresh=0 rc_lookahead=40 rc=crf mbtree=1 crf=23.0 qcomp=0.60 qpmin=0 qpmax=69 qpstep=4 ip_ratio=1.40 aq=1:1.00
Output #0, mp4, to './src/test/resources/output/translation/tempVideo/290.mp4':
  Metadata:
    encoder         : Lavf61.1.100
  Stream #0:0: Video: h264 (avc1 / 0x31637661), yuvj420p(pc, progressive), 2048x1024 [SAR 4501:9000 DAR 4501:4500], q=2-31, 25 fps, 12800 tbn
      Metadata:
        encoder         : Lavc61.3.100 libx264
      Side data:
        cpb: bitrate max/min/avg: 0/0/0 buffer size: 0 vbv_delay: N/A
[out#0/mp4 @ 0x5cff44974380] video:32KiB audio:0KiB subtitle:0KiB other streams:0KiB global headers:0KiB muxing overhead: 2.914997%
frame=    6 fps=0.0 q=-1.0 Lsize=      33KiB time=00:00:00.16 bitrate=1682.3kbits/s dup=0 drop=19 speed=0.634x    
[libx264 @ 0x5cff4496c9c0] frame I:1     Avg QP:18.28  size: 30209
[libx264 @ 0x5cff4496c9c0] frame P:2     Avg QP:17.62  size:   486
[libx264 @ 0x5cff4496c9c0] frame B:3     Avg QP:24.62  size:   274
[libx264 @ 0x5cff4496c9c0] consecutive B-frames: 33.3%  0.0%  0.0% 66.7%
[libx264 @ 0x5cff4496c9c0] mb I  I16..4: 25.8% 63.9% 10.3%
[libx264 @ 0x5cff4496c9c0] mb P  I16..4:  0.1%  0.1%  0.0%  P16..4:  1.1%  0.2%  0.1%  0.0%  0.0%    skip:98.4%
[libx264 @ 0x5cff4496c9c0] mb B  I16..4:  0.0%  0.0%  0.0%  B16..8:  1.2%  0.1%  0.0%  direct: 0.0%  skip:98.7%  L0:55.3% L1:42.0% BI: 2.8%
[libx264 @ 0x5cff4496c9c0] 8x8 transform intra:63.8% inter:30.1%
[libx264 @ 0x5cff4496c9c0] coded y,uvDC,uvAC intra: 5.9% 10.2% 9.1% inter: 0.1% 0.0% 0.0%
[libx264 @ 0x5cff4496c9c0] i16 v,h,dc,p: 87% 12%  1%  0%
[libx264 @ 0x5cff4496c9c0] i8 v,h,dc,ddl,ddr,vr,hd,vl,hu: 53% 13% 33%  0%  0%  0%  0%  0%  0%
[libx264 @ 0x5cff4496c9c0] i4 v,h,dc,ddl,ddr,vr,hd,vl,hu: 39% 29% 10%  4%  2%  2%  4%  4%  5%
[libx264 @ 0x5cff4496c9c0] i8c dc,h,v,p: 82% 10%  8%  1%
[libx264 @ 0x5cff4496c9c0] Weighted P-Frames: Y:0.0% UV:0.0%
[libx264 @ 0x5cff4496c9c0] ref P L0: 94.1%  0.2%  1.5%  4.2%
[libx264 @ 0x5cff4496c9c0] ref B L0: 92.1%  7.9%
[libx264 @ 0x5cff4496c9c0] ref B L1: 93.6%  6.4%
[libx264 @ 0x5cff4496c9c0] kb/s:1066.77
ffmpeg version 7.0.2-3ubuntu1 Copyright (c) 2000-2024 the FFmpeg developers
  built with gcc 14 (Ubuntu 14.2.0-2ubuntu1)
  configuration: --prefix=/usr --extra-version=3ubuntu1 --toolchain=hardened --libdir=/usr/lib/x86_64-linux-gnu --incdir=/usr/include/x86_64-linux-gnu --arch=amd64 --enable-gpl --disable-stripping --disable-libmfx --disable-omx --enable-gnutls --enable-libaom --enable-libass --enable-libbs2b --enable-libcdio --enable-libcodec2 --enable-libdav1d --enable-libflite --enable-libfontconfig --enable-libfreetype --enable-libfribidi --enable-libglslang --enable-libgme --enable-libgsm --enable-libharfbuzz --enable-libmp3lame --enable-libmysofa --enable-libopenjpeg --enable-libopenmpt --enable-libopus --enable-librubberband --enable-libshine --enable-libsnappy --enable-libsoxr --enable-libspeex --enable-libtheora --enable-libtwolame --enable-libvidstab --enable-libvorbis --enable-libvpx --enable-libwebp --enable-libx265 --enable-libxml2 --enable-libxvid --enable-libzimg --enable-openal --enable-opencl --enable-opengl --disable-sndio --enable-libvpl --enable-libdc1394 --enable-libdrm --enable-libiec61883 --enable-chromaprint --enable-frei0r --enable-ladspa --enable-libbluray --enable-libcaca --enable-libdvdnav --enable-libdvdread --enable-libjack --enable-libpulse --enable-librabbitmq --enable-librist --enable-libsrt --enable-libssh --enable-libsvtav1 --enable-libx264 --enable-libzmq --enable-libzvbi --enable-lv2 --enable-sdl2 --enable-libplacebo --enable-librav1e --enable-pocketsphinx --enable-librsvg --enable-libjxl --enable-shared
  libavutil      59.  8.100 / 59.  8.100
  libavcodec     61.  3.100 / 61.  3.100
  libavformat    61.  1.100 / 61.  1.100
  libavdevice    61.  1.100 / 61.  1.100
  libavfilter    10.  1.100 / 10.  1.100
  libswscale      8.  1.100 /  8.  1.100
  libswresample   5.  1.100 /  5.  1.100
  libpostproc    58.  1.100 / 58.  1.100
Input #0, concat, from '/home/marco-lasagna/Scaricati/ffmpeg-java/inputFile.txt':
  Duration: N/A, start: 0.000000, bitrate: N/A
  Stream #0:0: Video: mjpeg (Baseline), yuvj420p(pc, bt470bg/unknown/unknown), 4501x4500 [SAR 1:1 DAR 4501:4500], 25 fps, 25 tbr, 25 tbn
Stream mapping:
  Stream #0:0 -> #0:0 (mjpeg (native) -> h264 (libx264))
Press [q] to stop, [?] for help
[swscaler @ 0x76adac016b00] deprecated pixel format used, make sure you did set range correctly
    Last message repeated 1 times
[swscaler @ 0x76adacb407c0] deprecated pixel format used, make sure you did set range correctly
    Last message repeated 1 times
[vost#0:0/libx264 @ 0x5c1fd664b600] No information about the input framerate is available. Falling back to a default value of 25fps. Use the -r option if you want a different framerate.
[libx264 @ 0x5c1fd66419c0] using SAR=2048/4095
[libx264 @ 0x5c1fd66419c0] using cpu capabilities: MMX2 SSE2Fast SSSE3 SSE4.2 AVX FMA3 BMI2 AVX2
[libx264 @ 0x5c1fd66419c0] profile High, level 4.0, 4:2:0, 8-bit
[libx264 @ 0x5c1fd66419c0] 264 - core 164 r3108 31e19f9 - H.264/MPEG-4 AVC codec - Copyleft 2003-2023 - http://www.videolan.org/x264.html - options: cabac=1 ref=3 deblock=1:0:0 analyse=0x3:0x113 me=hex subme=7 psy=1 psy_rd=1.00:0.00 mixed_ref=1 me_range=16 chroma_me=1 trellis=1 8x8dct=1 cqm=0 deadzone=21,11 fast_pskip=1 chroma_qp_offset=-2 threads=30 lookahead_threads=5 sliced_threads=0 nr=0 decimate=1 interlaced=0 bluray_compat=0 constrained_intra=0 bframes=3 b_pyramid=2 b_adapt=1 b_bias=0 direct=1 weightb=1 open_gop=0 weightp=2 keyint=250 keyint_min=25 scenecut=40 intra_refresh=0 rc_lookahead=40 rc=crf mbtree=1 crf=23.0 qcomp=0.60 qpmin=0 qpmax=69 qpstep=4 ip_ratio=1.40 aq=1:1.00
Output #0, mp4, to './src/test/resources/output/translation/tempVideo/300.mp4':
  Metadata:
    encoder         : Lavf61.1.100
  Stream #0:0: Video: h264 (avc1 / 0x31637661), yuvj420p(pc, progressive), 2048x1024 [SAR 4501:9000 DAR 4501:4500], q=2-31, 25 fps, 12800 tbn
      Metadata:
        encoder         : Lavc61.3.100 libx264
      Side data:
        cpb: bitrate max/min/avg: 0/0/0 buffer size: 0 vbv_delay: N/A
[out#0/mp4 @ 0x5c1fd6649380] video:32KiB audio:0KiB subtitle:0KiB other streams:0KiB global headers:0KiB muxing overhead: 2.922596%
frame=    6 fps=0.0 q=-1.0 Lsize=      33KiB time=00:00:00.16 bitrate=1678.0kbits/s dup=0 drop=19 speed=0.605x    
[libx264 @ 0x5c1fd66419c0] frame I:1     Avg QP:18.56  size: 30286
[libx264 @ 0x5c1fd66419c0] frame P:2     Avg QP:17.34  size:   438
[libx264 @ 0x5c1fd66419c0] frame B:3     Avg QP:14.10  size:   252
[libx264 @ 0x5c1fd66419c0] consecutive B-frames: 33.3%  0.0%  0.0% 66.7%
[libx264 @ 0x5c1fd66419c0] mb I  I16..4: 25.8% 63.8% 10.4%
[libx264 @ 0x5c1fd66419c0] mb P  I16..4:  0.1%  0.1%  0.0%  P16..4:  1.2%  0.2%  0.0%  0.0%  0.0%    skip:98.4%
[libx264 @ 0x5c1fd66419c0] mb B  I16..4:  0.0%  0.0%  0.0%  B16..8:  1.2%  0.0%  0.0%  direct: 0.0%  skip:98.6%  L0:57.9% L1:38.6% BI: 3.6%
[libx264 @ 0x5c1fd66419c0] 8x8 transform intra:63.7% inter:53.6%
[libx264 @ 0x5c1fd66419c0] coded y,uvDC,uvAC intra: 6.0% 10.2% 9.1% inter: 0.1% 0.0% 0.0%
[libx264 @ 0x5c1fd66419c0] i16 v,h,dc,p: 87% 12%  1%  0%
[libx264 @ 0x5c1fd66419c0] i8 v,h,dc,ddl,ddr,vr,hd,vl,hu: 59%  7% 33%  0%  0%  0%  0%  0%  0%
[libx264 @ 0x5c1fd66419c0] i4 v,h,dc,ddl,ddr,vr,hd,vl,hu: 38% 30% 10%  4%  2%  2%  4%  4%  5%
[libx264 @ 0x5c1fd66419c0] i8c dc,h,v,p: 82% 10%  8%  1%
[libx264 @ 0x5c1fd66419c0] Weighted P-Frames: Y:0.0% UV:0.0%
[libx264 @ 0x5c1fd66419c0] ref P L0: 91.4%  0.7%  2.2%  5.7%
[libx264 @ 0x5c1fd66419c0] ref B L0: 92.4%  7.6%
[libx264 @ 0x5c1fd66419c0] ref B L1: 99.3%  0.7%
[libx264 @ 0x5c1fd66419c0] kb/s:1063.93
ffmpeg version 7.0.2-3ubuntu1 Copyright (c) 2000-2024 the FFmpeg developers
  built with gcc 14 (Ubuntu 14.2.0-2ubuntu1)
  configuration: --prefix=/usr --extra-version=3ubuntu1 --toolchain=hardened --libdir=/usr/lib/x86_64-linux-gnu --incdir=/usr/include/x86_64-linux-gnu --arch=amd64 --enable-gpl --disable-stripping --disable-libmfx --disable-omx --enable-gnutls --enable-libaom --enable-libass --enable-libbs2b --enable-libcdio --enable-libcodec2 --enable-libdav1d --enable-libflite --enable-libfontconfig --enable-libfreetype --enable-libfribidi --enable-libglslang --enable-libgme --enable-libgsm --enable-libharfbuzz --enable-libmp3lame --enable-libmysofa --enable-libopenjpeg --enable-libopenmpt --enable-libopus --enable-librubberband --enable-libshine --enable-libsnappy --enable-libsoxr --enable-libspeex --enable-libtheora --enable-libtwolame --enable-libvidstab --enable-libvorbis --enable-libvpx --enable-libwebp --enable-libx265 --enable-libxml2 --enable-libxvid --enable-libzimg --enable-openal --enable-opencl --enable-opengl --disable-sndio --enable-libvpl --enable-libdc1394 --enable-libdrm --enable-libiec61883 --enable-chromaprint --enable-frei0r --enable-ladspa --enable-libbluray --enable-libcaca --enable-libdvdnav --enable-libdvdread --enable-libjack --enable-libpulse --enable-librabbitmq --enable-librist --enable-libsrt --enable-libssh --enable-libsvtav1 --enable-libx264 --enable-libzmq --enable-libzvbi --enable-lv2 --enable-sdl2 --enable-libplacebo --enable-librav1e --enable-pocketsphinx --enable-librsvg --enable-libjxl --enable-shared
  libavutil      59.  8.100 / 59.  8.100
  libavcodec     61.  3.100 / 61.  3.100
  libavformat    61.  1.100 / 61.  1.100
  libavdevice    61.  1.100 / 61.  1.100
  libavfilter    10.  1.100 / 10.  1.100
  libswscale      8.  1.100 /  8.  1.100
  libswresample   5.  1.100 /  5.  1.100
  libpostproc    58.  1.100 / 58.  1.100
Input #0, concat, from '/home/marco-lasagna/Scaricati/ffmpeg-java/inputFile.txt':
  Duration: N/A, start: 0.000000, bitrate: N/A
  Stream #0:0: Video: mjpeg (Baseline), yuvj420p(pc, bt470bg/unknown/unknown), 4501x4500 [SAR 1:1 DAR 4501:4500], 25 fps, 25 tbr, 25 tbn
Stream mapping:
  Stream #0:0 -> #0:0 (mjpeg (native) -> h264 (libx264))
Press [q] to stop, [?] for help
[swscaler @ 0x7d7e34016b00] deprecated pixel format used, make sure you did set range correctly
    Last message repeated 1 times
[swscaler @ 0x7d7e34b407c0] deprecated pixel format used, make sure you did set range correctly
    Last message repeated 1 times
[vost#0:0/libx264 @ 0x5be6c4f70600] No information about the input framerate is available. Falling back to a default value of 25fps. Use the -r option if you want a different framerate.
[libx264 @ 0x5be6c4f669c0] using SAR=2048/4095
[libx264 @ 0x5be6c4f669c0] using cpu capabilities: MMX2 SSE2Fast SSSE3 SSE4.2 AVX FMA3 BMI2 AVX2
[libx264 @ 0x5be6c4f669c0] profile High, level 4.0, 4:2:0, 8-bit
[libx264 @ 0x5be6c4f669c0] 264 - core 164 r3108 31e19f9 - H.264/MPEG-4 AVC codec - Copyleft 2003-2023 - http://www.videolan.org/x264.html - options: cabac=1 ref=3 deblock=1:0:0 analyse=0x3:0x113 me=hex subme=7 psy=1 psy_rd=1.00:0.00 mixed_ref=1 me_range=16 chroma_me=1 trellis=1 8x8dct=1 cqm=0 deadzone=21,11 fast_pskip=1 chroma_qp_offset=-2 threads=30 lookahead_threads=5 sliced_threads=0 nr=0 decimate=1 interlaced=0 bluray_compat=0 constrained_intra=0 bframes=3 b_pyramid=2 b_adapt=1 b_bias=0 direct=1 weightb=1 open_gop=0 weightp=2 keyint=250 keyint_min=25 scenecut=40 intra_refresh=0 rc_lookahead=40 rc=crf mbtree=1 crf=23.0 qcomp=0.60 qpmin=0 qpmax=69 qpstep=4 ip_ratio=1.40 aq=1:1.00
Output #0, mp4, to './src/test/resources/output/translation/tempVideo/310.mp4':
  Metadata:
    encoder         : Lavf61.1.100
  Stream #0:0: Video: h264 (avc1 / 0x31637661), yuvj420p(pc, progressive), 2048x1024 [SAR 4501:9000 DAR 4501:4500], q=2-31, 25 fps, 12800 tbn
      Metadata:
        encoder         : Lavc61.3.100 libx264
      Side data:
        cpb: bitrate max/min/avg: 0/0/0 buffer size: 0 vbv_delay: N/A
[out#0/mp4 @ 0x5be6c4f6e380] video:32KiB audio:0KiB subtitle:0KiB other streams:0KiB global headers:0KiB muxing overhead: 2.909304%
frame=    6 fps=0.0 q=-1.0 Lsize=      33KiB time=00:00:00.16 bitrate=1671.3kbits/s dup=0 drop=19 speed=0.655x    
[libx264 @ 0x5be6c4f669c0] frame I:1     Avg QP:18.51  size: 30287
[libx264 @ 0x5be6c4f669c0] frame P:2     Avg QP:18.00  size:   399
[libx264 @ 0x5be6c4f669c0] frame B:3     Avg QP:26.65  size:   236
[libx264 @ 0x5be6c4f669c0] consecutive B-frames: 16.7% 33.3% 50.0%  0.0%
[libx264 @ 0x5be6c4f669c0] mb I  I16..4: 25.4% 64.3% 10.3%
[libx264 @ 0x5be6c4f669c0] mb P  I16..4:  0.1%  0.1%  0.0%  P16..4:  1.4%  0.2%  0.1%  0.0%  0.0%    skip:98.2%
[libx264 @ 0x5be6c4f669c0] mb B  I16..4:  0.0%  0.0%  0.0%  B16..8:  1.4%  0.1%  0.0%  direct: 0.0%  skip:98.5%  L0:49.4% L1:48.2% BI: 2.4%
[libx264 @ 0x5be6c4f669c0] 8x8 transform intra:64.2% inter:41.2%
[libx264 @ 0x5be6c4f669c0] coded y,uvDC,uvAC intra: 6.0% 10.1% 9.1% inter: 0.1% 0.0% 0.0%
[libx264 @ 0x5be6c4f669c0] i16 v,h,dc,p: 88% 12%  1%  0%
[libx264 @ 0x5be6c4f669c0] i8 v,h,dc,ddl,ddr,vr,hd,vl,hu: 61%  6% 32%  0%  0%  0%  0%  0%  0%
[libx264 @ 0x5be6c4f669c0] i4 v,h,dc,ddl,ddr,vr,hd,vl,hu: 40% 30%  9%  4%  2%  2%  4%  4%  5%
[libx264 @ 0x5be6c4f669c0] i8c dc,h,v,p: 82%  9%  8%  1%
[libx264 @ 0x5be6c4f669c0] Weighted P-Frames: Y:0.0% UV:0.0%
[libx264 @ 0x5be6c4f669c0] ref P L0: 96.0%  0.4%  2.9%  0.7%
[libx264 @ 0x5be6c4f669c0] ref B L0: 49.3% 50.7%
[libx264 @ 0x5be6c4f669c0] kb/s:1059.73
ffmpeg version 7.0.2-3ubuntu1 Copyright (c) 2000-2024 the FFmpeg developers
  built with gcc 14 (Ubuntu 14.2.0-2ubuntu1)
  configuration: --prefix=/usr --extra-version=3ubuntu1 --toolchain=hardened --libdir=/usr/lib/x86_64-linux-gnu --incdir=/usr/include/x86_64-linux-gnu --arch=amd64 --enable-gpl --disable-stripping --disable-libmfx --disable-omx --enable-gnutls --enable-libaom --enable-libass --enable-libbs2b --enable-libcdio --enable-libcodec2 --enable-libdav1d --enable-libflite --enable-libfontconfig --enable-libfreetype --enable-libfribidi --enable-libglslang --enable-libgme --enable-libgsm --enable-libharfbuzz --enable-libmp3lame --enable-libmysofa --enable-libopenjpeg --enable-libopenmpt --enable-libopus --enable-librubberband --enable-libshine --enable-libsnappy --enable-libsoxr --enable-libspeex --enable-libtheora --enable-libtwolame --enable-libvidstab --enable-libvorbis --enable-libvpx --enable-libwebp --enable-libx265 --enable-libxml2 --enable-libxvid --enable-libzimg --enable-openal --enable-opencl --enable-opengl --disable-sndio --enable-libvpl --enable-libdc1394 --enable-libdrm --enable-libiec61883 --enable-chromaprint --enable-frei0r --enable-ladspa --enable-libbluray --enable-libcaca --enable-libdvdnav --enable-libdvdread --enable-libjack --enable-libpulse --enable-librabbitmq --enable-librist --enable-libsrt --enable-libssh --enable-libsvtav1 --enable-libx264 --enable-libzmq --enable-libzvbi --enable-lv2 --enable-sdl2 --enable-libplacebo --enable-librav1e --enable-pocketsphinx --enable-librsvg --enable-libjxl --enable-shared
  libavutil      59.  8.100 / 59.  8.100
  libavcodec     61.  3.100 / 61.  3.100
  libavformat    61.  1.100 / 61.  1.100
  libavdevice    61.  1.100 / 61.  1.100
  libavfilter    10.  1.100 / 10.  1.100
  libswscale      8.  1.100 /  8.  1.100
  libswresample   5.  1.100 /  5.  1.100
  libpostproc    58.  1.100 / 58.  1.100
Input #0, concat, from '/home/marco-lasagna/Scaricati/ffmpeg-java/inputFile.txt':
  Duration: N/A, start: 0.000000, bitrate: N/A
  Stream #0:0: Video: mjpeg (Baseline), yuvj420p(pc, bt470bg/unknown/unknown), 4501x4500 [SAR 1:1 DAR 4501:4500], 25 fps, 25 tbr, 25 tbn
Stream mapping:
  Stream #0:0 -> #0:0 (mjpeg (native) -> h264 (libx264))
Press [q] to stop, [?] for help
[swscaler @ 0x755664016b00] deprecated pixel format used, make sure you did set range correctly
    Last message repeated 1 times
[swscaler @ 0x755664b407c0] deprecated pixel format used, make sure you did set range correctly
    Last message repeated 1 times
[vost#0:0/libx264 @ 0x56ce87512600] No information about the input framerate is available. Falling back to a default value of 25fps. Use the -r option if you want a different framerate.
[libx264 @ 0x56ce875089c0] using SAR=2048/4095
[libx264 @ 0x56ce875089c0] using cpu capabilities: MMX2 SSE2Fast SSSE3 SSE4.2 AVX FMA3 BMI2 AVX2
[libx264 @ 0x56ce875089c0] profile High, level 4.0, 4:2:0, 8-bit
[libx264 @ 0x56ce875089c0] 264 - core 164 r3108 31e19f9 - H.264/MPEG-4 AVC codec - Copyleft 2003-2023 - http://www.videolan.org/x264.html - options: cabac=1 ref=3 deblock=1:0:0 analyse=0x3:0x113 me=hex subme=7 psy=1 psy_rd=1.00:0.00 mixed_ref=1 me_range=16 chroma_me=1 trellis=1 8x8dct=1 cqm=0 deadzone=21,11 fast_pskip=1 chroma_qp_offset=-2 threads=30 lookahead_threads=5 sliced_threads=0 nr=0 decimate=1 interlaced=0 bluray_compat=0 constrained_intra=0 bframes=3 b_pyramid=2 b_adapt=1 b_bias=0 direct=1 weightb=1 open_gop=0 weightp=2 keyint=250 keyint_min=25 scenecut=40 intra_refresh=0 rc_lookahead=40 rc=crf mbtree=1 crf=23.0 qcomp=0.60 qpmin=0 qpmax=69 qpstep=4 ip_ratio=1.40 aq=1:1.00
Output #0, mp4, to './src/test/resources/output/translation/tempVideo/320.mp4':
  Metadata:
    encoder         : Lavf61.1.100
  Stream #0:0: Video: h264 (avc1 / 0x31637661), yuvj420p(pc, progressive), 2048x1024 [SAR 4501:9000 DAR 4501:4500], q=2-31, 25 fps, 12800 tbn
      Metadata:
        encoder         : Lavc61.3.100 libx264
      Side data:
        cpb: bitrate max/min/avg: 0/0/0 buffer size: 0 vbv_delay: N/A
[out#0/mp4 @ 0x56ce87510380] video:32KiB audio:0KiB subtitle:0KiB other streams:0KiB global headers:0KiB muxing overhead: 2.915265%
frame=    6 fps=0.0 q=-1.0 Lsize=      33KiB time=00:00:00.16 bitrate=1682.2kbits/s dup=0 drop=19 speed=0.664x    
[libx264 @ 0x56ce875089c0] frame I:1     Avg QP:18.33  size: 30331
[libx264 @ 0x56ce875089c0] frame P:2     Avg QP:19.38  size:   434
[libx264 @ 0x56ce875089c0] frame B:3     Avg QP:20.44  size:   267
[libx264 @ 0x56ce875089c0] consecutive B-frames: 33.3%  0.0%  0.0% 66.7%
[libx264 @ 0x56ce875089c0] mb I  I16..4: 24.9% 64.7% 10.4%
[libx264 @ 0x56ce875089c0] mb P  I16..4:  0.1%  0.1%  0.0%  P16..4:  1.3%  0.2%  0.1%  0.0%  0.0%    skip:98.2%
[libx264 @ 0x56ce875089c0] mb B  I16..4:  0.0%  0.0%  0.0%  B16..8:  1.2%  0.1%  0.0%  direct: 0.0%  skip:98.6%  L0:30.2% L1:68.1% BI: 1.7%
[libx264 @ 0x56ce875089c0] 8x8 transform intra:64.6% inter:31.0%
[libx264 @ 0x56ce875089c0] coded y,uvDC,uvAC intra: 6.0% 10.1% 9.1% inter: 0.1% 0.0% 0.0%
[libx264 @ 0x56ce875089c0] i16 v,h,dc,p: 87% 12%  1%  0%
[libx264 @ 0x56ce875089c0] i8 v,h,dc,ddl,ddr,vr,hd,vl,hu: 61%  6% 32%  0%  0%  0%  0%  0%  0%
[libx264 @ 0x56ce875089c0] i4 v,h,dc,ddl,ddr,vr,hd,vl,hu: 40% 30%  9%  4%  2%  2%  4%  4%  5%
[libx264 @ 0x56ce875089c0] i8c dc,h,v,p: 82%  9%  8%  1%
[libx264 @ 0x56ce875089c0] Weighted P-Frames: Y:0.0% UV:0.0%
[libx264 @ 0x56ce875089c0] ref P L0: 95.1%  0.0%  3.5%  1.4%
[libx264 @ 0x56ce875089c0] ref B L0: 81.3% 18.7%
[libx264 @ 0x56ce875089c0] ref B L1: 99.6%  0.4%
[libx264 @ 0x56ce875089c0] kb/s:1066.67
ffmpeg version 7.0.2-3ubuntu1 Copyright (c) 2000-2024 the FFmpeg developers
  built with gcc 14 (Ubuntu 14.2.0-2ubuntu1)
  configuration: --prefix=/usr --extra-version=3ubuntu1 --toolchain=hardened --libdir=/usr/lib/x86_64-linux-gnu --incdir=/usr/include/x86_64-linux-gnu --arch=amd64 --enable-gpl --disable-stripping --disable-libmfx --disable-omx --enable-gnutls --enable-libaom --enable-libass --enable-libbs2b --enable-libcdio --enable-libcodec2 --enable-libdav1d --enable-libflite --enable-libfontconfig --enable-libfreetype --enable-libfribidi --enable-libglslang --enable-libgme --enable-libgsm --enable-libharfbuzz --enable-libmp3lame --enable-libmysofa --enable-libopenjpeg --enable-libopenmpt --enable-libopus --enable-librubberband --enable-libshine --enable-libsnappy --enable-libsoxr --enable-libspeex --enable-libtheora --enable-libtwolame --enable-libvidstab --enable-libvorbis --enable-libvpx --enable-libwebp --enable-libx265 --enable-libxml2 --enable-libxvid --enable-libzimg --enable-openal --enable-opencl --enable-opengl --disable-sndio --enable-libvpl --enable-libdc1394 --enable-libdrm --enable-libiec61883 --enable-chromaprint --enable-frei0r --enable-ladspa --enable-libbluray --enable-libcaca --enable-libdvdnav --enable-libdvdread --enable-libjack --enable-libpulse --enable-librabbitmq --enable-librist --enable-libsrt --enable-libssh --enable-libsvtav1 --enable-libx264 --enable-libzmq --enable-libzvbi --enable-lv2 --enable-sdl2 --enable-libplacebo --enable-librav1e --enable-pocketsphinx --enable-librsvg --enable-libjxl --enable-shared
  libavutil      59.  8.100 / 59.  8.100
  libavcodec     61.  3.100 / 61.  3.100
  libavformat    61.  1.100 / 61.  1.100
  libavdevice    61.  1.100 / 61.  1.100
  libavfilter    10.  1.100 / 10.  1.100
  libswscale      8.  1.100 /  8.  1.100
  libswresample   5.  1.100 /  5.  1.100
  libpostproc    58.  1.100 / 58.  1.100
Input #0, concat, from '/home/marco-lasagna/Scaricati/ffmpeg-java/inputFile.txt':
  Duration: N/A, start: 0.000000, bitrate: N/A
  Stream #0:0: Video: mjpeg (Baseline), yuvj420p(pc, bt470bg/unknown/unknown), 4501x4500 [SAR 1:1 DAR 4501:4500], 25 fps, 25 tbr, 25 tbn
Stream mapping:
  Stream #0:0 -> #0:0 (mjpeg (native) -> h264 (libx264))
Press [q] to stop, [?] for help
[swscaler @ 0x7e588c016b00] deprecated pixel format used, make sure you did set range correctly
    Last message repeated 1 times
[swscaler @ 0x7e588cb407c0] deprecated pixel format used, make sure you did set range correctly
    Last message repeated 1 times
[vost#0:0/libx264 @ 0x649e8517d600] No information about the input framerate is available. Falling back to a default value of 25fps. Use the -r option if you want a different framerate.
[libx264 @ 0x649e851739c0] using SAR=2048/4095
[libx264 @ 0x649e851739c0] using cpu capabilities: MMX2 SSE2Fast SSSE3 SSE4.2 AVX FMA3 BMI2 AVX2
[libx264 @ 0x649e851739c0] profile High, level 4.0, 4:2:0, 8-bit
[libx264 @ 0x649e851739c0] 264 - core 164 r3108 31e19f9 - H.264/MPEG-4 AVC codec - Copyleft 2003-2023 - http://www.videolan.org/x264.html - options: cabac=1 ref=3 deblock=1:0:0 analyse=0x3:0x113 me=hex subme=7 psy=1 psy_rd=1.00:0.00 mixed_ref=1 me_range=16 chroma_me=1 trellis=1 8x8dct=1 cqm=0 deadzone=21,11 fast_pskip=1 chroma_qp_offset=-2 threads=30 lookahead_threads=5 sliced_threads=0 nr=0 decimate=1 interlaced=0 bluray_compat=0 constrained_intra=0 bframes=3 b_pyramid=2 b_adapt=1 b_bias=0 direct=1 weightb=1 open_gop=0 weightp=2 keyint=250 keyint_min=25 scenecut=40 intra_refresh=0 rc_lookahead=40 rc=crf mbtree=1 crf=23.0 qcomp=0.60 qpmin=0 qpmax=69 qpstep=4 ip_ratio=1.40 aq=1:1.00
Output #0, mp4, to './src/test/resources/output/translation/tempVideo/330.mp4':
  Metadata:
    encoder         : Lavf61.1.100
  Stream #0:0: Video: h264 (avc1 / 0x31637661), yuvj420p(pc, progressive), 2048x1024 [SAR 4501:9000 DAR 4501:4500], q=2-31, 25 fps, 12800 tbn
      Metadata:
        encoder         : Lavc61.3.100 libx264
      Side data:
        cpb: bitrate max/min/avg: 0/0/0 buffer size: 0 vbv_delay: N/A
[out#0/mp4 @ 0x649e8517b380] video:32KiB audio:0KiB subtitle:0KiB other streams:0KiB global headers:0KiB muxing overhead: 2.916692%
frame=    6 fps=0.0 q=-1.0 Lsize=      33KiB time=00:00:00.16 bitrate=1681.3kbits/s dup=0 drop=19 speed=0.664x    
[libx264 @ 0x649e851739c0] frame I:1     Avg QP:18.47  size: 30305
[libx264 @ 0x649e851739c0] frame P:2     Avg QP:17.10  size:   427
[libx264 @ 0x649e851739c0] frame B:3     Avg QP:32.88  size:   275
[libx264 @ 0x649e851739c0] consecutive B-frames: 33.3%  0.0%  0.0% 66.7%
[libx264 @ 0x649e851739c0] mb I  I16..4: 26.0% 63.6% 10.4%
[libx264 @ 0x649e851739c0] mb P  I16..4:  0.1%  0.2%  0.0%  P16..4:  1.6%  0.2%  0.0%  0.0%  0.0%    skip:97.9%
[libx264 @ 0x649e851739c0] mb B  I16..4:  0.0%  0.0%  0.0%  B16..8:  1.4%  0.1%  0.0%  direct: 0.0%  skip:98.4%  L0:42.4% L1:55.7% BI: 1.9%
[libx264 @ 0x649e851739c0] 8x8 transform intra:63.6% inter:39.3%
[libx264 @ 0x649e851739c0] coded y,uvDC,uvAC intra: 6.0% 10.2% 9.1% inter: 0.1% 0.0% 0.0%
[libx264 @ 0x649e851739c0] i16 v,h,dc,p: 88% 11%  1%  0%
[libx264 @ 0x649e851739c0] i8 v,h,dc,ddl,ddr,vr,hd,vl,hu: 45%  4% 50%  0%  0%  0%  0%  0%  0%
[libx264 @ 0x649e851739c0] i4 v,h,dc,ddl,ddr,vr,hd,vl,hu: 39% 29% 10%  4%  2%  2%  4%  4%  5%
[libx264 @ 0x649e851739c0] i8c dc,h,v,p: 82%  9%  8%  1%
[libx264 @ 0x649e851739c0] Weighted P-Frames: Y:0.0% UV:0.0%
[libx264 @ 0x649e851739c0] ref P L0: 95.9%  0.0%  0.3%  3.8%
[libx264 @ 0x649e851739c0] ref B L0: 85.8% 14.2%
[libx264 @ 0x649e851739c0] ref B L1: 93.3%  6.7%
[libx264 @ 0x649e851739c0] kb/s:1066.13
ffmpeg version 7.0.2-3ubuntu1 Copyright (c) 2000-2024 the FFmpeg developers
  built with gcc 14 (Ubuntu 14.2.0-2ubuntu1)
  configuration: --prefix=/usr --extra-version=3ubuntu1 --toolchain=hardened --libdir=/usr/lib/x86_64-linux-gnu --incdir=/usr/include/x86_64-linux-gnu --arch=amd64 --enable-gpl --disable-stripping --disable-libmfx --disable-omx --enable-gnutls --enable-libaom --enable-libass --enable-libbs2b --enable-libcdio --enable-libcodec2 --enable-libdav1d --enable-libflite --enable-libfontconfig --enable-libfreetype --enable-libfribidi --enable-libglslang --enable-libgme --enable-libgsm --enable-libharfbuzz --enable-libmp3lame --enable-libmysofa --enable-libopenjpeg --enable-libopenmpt --enable-libopus --enable-librubberband --enable-libshine --enable-libsnappy --enable-libsoxr --enable-libspeex --enable-libtheora --enable-libtwolame --enable-libvidstab --enable-libvorbis --enable-libvpx --enable-libwebp --enable-libx265 --enable-libxml2 --enable-libxvid --enable-libzimg --enable-openal --enable-opencl --enable-opengl --disable-sndio --enable-libvpl --enable-libdc1394 --enable-libdrm --enable-libiec61883 --enable-chromaprint --enable-frei0r --enable-ladspa --enable-libbluray --enable-libcaca --enable-libdvdnav --enable-libdvdread --enable-libjack --enable-libpulse --enable-librabbitmq --enable-librist --enable-libsrt --enable-libssh --enable-libsvtav1 --enable-libx264 --enable-libzmq --enable-libzvbi --enable-lv2 --enable-sdl2 --enable-libplacebo --enable-librav1e --enable-pocketsphinx --enable-librsvg --enable-libjxl --enable-shared
  libavutil      59.  8.100 / 59.  8.100
  libavcodec     61.  3.100 / 61.  3.100
  libavformat    61.  1.100 / 61.  1.100
  libavdevice    61.  1.100 / 61.  1.100
  libavfilter    10.  1.100 / 10.  1.100
  libswscale      8.  1.100 /  8.  1.100
  libswresample   5.  1.100 /  5.  1.100
  libpostproc    58.  1.100 / 58.  1.100
Input #0, concat, from '/home/marco-lasagna/Scaricati/ffmpeg-java/inputFile.txt':
  Duration: N/A, start: 0.000000, bitrate: N/A
  Stream #0:0: Video: mjpeg (Baseline), yuvj420p(pc, bt470bg/unknown/unknown), 4501x4500 [SAR 1:1 DAR 4501:4500], 25 fps, 25 tbr, 25 tbn
Stream mapping:
  Stream #0:0 -> #0:0 (mjpeg (native) -> h264 (libx264))
Press [q] to stop, [?] for help
[swscaler @ 0x70bcc4016b00] deprecated pixel format used, make sure you did set range correctly
    Last message repeated 1 times
[swscaler @ 0x70bcc4b407c0] deprecated pixel format used, make sure you did set range correctly
    Last message repeated 1 times
[vost#0:0/libx264 @ 0x630734212600] No information about the input framerate is available. Falling back to a default value of 25fps. Use the -r option if you want a different framerate.
[libx264 @ 0x6307342089c0] using SAR=2048/4095
[libx264 @ 0x6307342089c0] using cpu capabilities: MMX2 SSE2Fast SSSE3 SSE4.2 AVX FMA3 BMI2 AVX2
[libx264 @ 0x6307342089c0] profile High, level 4.0, 4:2:0, 8-bit
[libx264 @ 0x6307342089c0] 264 - core 164 r3108 31e19f9 - H.264/MPEG-4 AVC codec - Copyleft 2003-2023 - http://www.videolan.org/x264.html - options: cabac=1 ref=3 deblock=1:0:0 analyse=0x3:0x113 me=hex subme=7 psy=1 psy_rd=1.00:0.00 mixed_ref=1 me_range=16 chroma_me=1 trellis=1 8x8dct=1 cqm=0 deadzone=21,11 fast_pskip=1 chroma_qp_offset=-2 threads=30 lookahead_threads=5 sliced_threads=0 nr=0 decimate=1 interlaced=0 bluray_compat=0 constrained_intra=0 bframes=3 b_pyramid=2 b_adapt=1 b_bias=0 direct=1 weightb=1 open_gop=0 weightp=2 keyint=250 keyint_min=25 scenecut=40 intra_refresh=0 rc_lookahead=40 rc=crf mbtree=1 crf=23.0 qcomp=0.60 qpmin=0 qpmax=69 qpstep=4 ip_ratio=1.40 aq=1:1.00
Output #0, mp4, to './src/test/resources/output/translation/tempVideo/340.mp4':
  Metadata:
    encoder         : Lavf61.1.100
  Stream #0:0: Video: h264 (avc1 / 0x31637661), yuvj420p(pc, progressive), 2048x1024 [SAR 4501:9000 DAR 4501:4500], q=2-31, 25 fps, 12800 tbn
      Metadata:
        encoder         : Lavc61.3.100 libx264
      Side data:
        cpb: bitrate max/min/avg: 0/0/0 buffer size: 0 vbv_delay: N/A
[out#0/mp4 @ 0x630734210380] video:32KiB audio:0KiB subtitle:0KiB other streams:0KiB global headers:0KiB muxing overhead: 2.917317%
frame=    6 fps=0.0 q=-1.0 Lsize=      33KiB time=00:00:00.16 bitrate=1681.0kbits/s dup=0 drop=19 speed=0.602x    
[libx264 @ 0x6307342089c0] frame I:1     Avg QP:18.59  size: 30341
[libx264 @ 0x6307342089c0] frame P:2     Avg QP:17.61  size:   448
[libx264 @ 0x6307342089c0] frame B:3     Avg QP:14.05  size:   247
[libx264 @ 0x6307342089c0] consecutive B-frames: 33.3%  0.0%  0.0% 66.7%
[libx264 @ 0x6307342089c0] mb I  I16..4: 16.7% 73.0% 10.3%
[libx264 @ 0x6307342089c0] mb P  I16..4:  0.1%  0.1%  0.0%  P16..4:  1.1%  0.2%  0.1%  0.0%  0.0%    skip:98.4%
[libx264 @ 0x6307342089c0] mb B  I16..4:  0.1%  0.0%  0.0%  B16..8:  1.1%  0.1%  0.0%  direct: 0.0%  skip:98.7%  L0:61.4% L1:35.5% BI: 3.1%
[libx264 @ 0x6307342089c0] 8x8 transform intra:72.7% inter:38.2%
[libx264 @ 0x6307342089c0] coded y,uvDC,uvAC intra: 6.0% 10.2% 9.1% inter: 0.1% 0.0% 0.0%
[libx264 @ 0x6307342089c0] i16 v,h,dc,p: 81% 18%  1%  0%
[libx264 @ 0x6307342089c0] i8 v,h,dc,ddl,ddr,vr,hd,vl,hu: 59%  8% 33%  0%  0%  0%  0%  0%  0%
[libx264 @ 0x6307342089c0] i4 v,h,dc,ddl,ddr,vr,hd,vl,hu: 40% 30%  9%  4%  2%  2%  4%  4%  5%
[libx264 @ 0x6307342089c0] i8c dc,h,v,p: 82%  9%  8%  1%
[libx264 @ 0x6307342089c0] Weighted P-Frames: Y:0.0% UV:0.0%
[libx264 @ 0x6307342089c0] ref P L0: 92.3%  0.3%  2.9%  4.4%
[libx264 @ 0x6307342089c0] ref B L0: 88.2% 11.8%
[libx264 @ 0x6307342089c0] ref B L1: 98.2%  1.8%
[libx264 @ 0x6307342089c0] kb/s:1065.90
ffmpeg version 7.0.2-3ubuntu1 Copyright (c) 2000-2024 the FFmpeg developers
  built with gcc 14 (Ubuntu 14.2.0-2ubuntu1)
  configuration: --prefix=/usr --extra-version=3ubuntu1 --toolchain=hardened --libdir=/usr/lib/x86_64-linux-gnu --incdir=/usr/include/x86_64-linux-gnu --arch=amd64 --enable-gpl --disable-stripping --disable-libmfx --disable-omx --enable-gnutls --enable-libaom --enable-libass --enable-libbs2b --enable-libcdio --enable-libcodec2 --enable-libdav1d --enable-libflite --enable-libfontconfig --enable-libfreetype --enable-libfribidi --enable-libglslang --enable-libgme --enable-libgsm --enable-libharfbuzz --enable-libmp3lame --enable-libmysofa --enable-libopenjpeg --enable-libopenmpt --enable-libopus --enable-librubberband --enable-libshine --enable-libsnappy --enable-libsoxr --enable-libspeex --enable-libtheora --enable-libtwolame --enable-libvidstab --enable-libvorbis --enable-libvpx --enable-libwebp --enable-libx265 --enable-libxml2 --enable-libxvid --enable-libzimg --enable-openal --enable-opencl --enable-opengl --disable-sndio --enable-libvpl --enable-libdc1394 --enable-libdrm --enable-libiec61883 --enable-chromaprint --enable-frei0r --enable-ladspa --enable-libbluray --enable-libcaca --enable-libdvdnav --enable-libdvdread --enable-libjack --enable-libpulse --enable-librabbitmq --enable-librist --enable-libsrt --enable-libssh --enable-libsvtav1 --enable-libx264 --enable-libzmq --enable-libzvbi --enable-lv2 --enable-sdl2 --enable-libplacebo --enable-librav1e --enable-pocketsphinx --enable-librsvg --enable-libjxl --enable-shared
  libavutil      59.  8.100 / 59.  8.100
  libavcodec     61.  3.100 / 61.  3.100
  libavformat    61.  1.100 / 61.  1.100
  libavdevice    61.  1.100 / 61.  1.100
  libavfilter    10.  1.100 / 10.  1.100
  libswscale      8.  1.100 /  8.  1.100
  libswresample   5.  1.100 /  5.  1.100
  libpostproc    58.  1.100 / 58.  1.100
Input #0, concat, from '/home/marco-lasagna/Scaricati/ffmpeg-java/inputFile.txt':
  Duration: N/A, start: 0.000000, bitrate: N/A
  Stream #0:0: Video: mjpeg (Baseline), yuvj420p(pc, bt470bg/unknown/unknown), 4501x4500 [SAR 1:1 DAR 4501:4500], 25 fps, 25 tbr, 25 tbn
Stream mapping:
  Stream #0:0 -> #0:0 (mjpeg (native) -> h264 (libx264))
Press [q] to stop, [?] for help
[swscaler @ 0x71e8e8016b00] deprecated pixel format used, make sure you did set range correctly
    Last message repeated 1 times
[swscaler @ 0x71e8e8b407c0] deprecated pixel format used, make sure you did set range correctly
    Last message repeated 1 times
[vost#0:0/libx264 @ 0x6022cdb30600] No information about the input framerate is available. Falling back to a default value of 25fps. Use the -r option if you want a different framerate.
[libx264 @ 0x6022cdb269c0] using SAR=2048/4095
[libx264 @ 0x6022cdb269c0] using cpu capabilities: MMX2 SSE2Fast SSSE3 SSE4.2 AVX FMA3 BMI2 AVX2
[libx264 @ 0x6022cdb269c0] profile High, level 4.0, 4:2:0, 8-bit
[libx264 @ 0x6022cdb269c0] 264 - core 164 r3108 31e19f9 - H.264/MPEG-4 AVC codec - Copyleft 2003-2023 - http://www.videolan.org/x264.html - options: cabac=1 ref=3 deblock=1:0:0 analyse=0x3:0x113 me=hex subme=7 psy=1 psy_rd=1.00:0.00 mixed_ref=1 me_range=16 chroma_me=1 trellis=1 8x8dct=1 cqm=0 deadzone=21,11 fast_pskip=1 chroma_qp_offset=-2 threads=30 lookahead_threads=5 sliced_threads=0 nr=0 decimate=1 interlaced=0 bluray_compat=0 constrained_intra=0 bframes=3 b_pyramid=2 b_adapt=1 b_bias=0 direct=1 weightb=1 open_gop=0 weightp=2 keyint=250 keyint_min=25 scenecut=40 intra_refresh=0 rc_lookahead=40 rc=crf mbtree=1 crf=23.0 qcomp=0.60 qpmin=0 qpmax=69 qpstep=4 ip_ratio=1.40 aq=1:1.00
Output #0, mp4, to './src/test/resources/output/translation/tempVideo/350.mp4':
  Metadata:
    encoder         : Lavf61.1.100
  Stream #0:0: Video: h264 (avc1 / 0x31637661), yuvj420p(pc, progressive), 2048x1024 [SAR 4501:9000 DAR 4501:4500], q=2-31, 25 fps, 12800 tbn
      Metadata:
        encoder         : Lavc61.3.100 libx264
      Side data:
        cpb: bitrate max/min/avg: 0/0/0 buffer size: 0 vbv_delay: N/A
[out#0/mp4 @ 0x6022cdb2e380] video:32KiB audio:0KiB subtitle:0KiB other streams:0KiB global headers:0KiB muxing overhead: 2.921341%
frame=    6 fps=0.0 q=-1.0 Lsize=      33KiB time=00:00:00.16 bitrate=1678.8kbits/s dup=0 drop=19 speed=0.667x    
[libx264 @ 0x6022cdb269c0] frame I:1     Avg QP:18.55  size: 30303
[libx264 @ 0x6022cdb269c0] frame P:2     Avg QP:17.79  size:   429
[libx264 @ 0x6022cdb269c0] frame B:3     Avg QP:24.59  size:   257
[libx264 @ 0x6022cdb269c0] consecutive B-frames: 33.3%  0.0%  0.0% 66.7%
[libx264 @ 0x6022cdb269c0] mb I  I16..4: 26.0% 63.6% 10.4%
[libx264 @ 0x6022cdb269c0] mb P  I16..4:  0.2%  0.1%  0.0%  P16..4:  1.0%  0.1%  0.1%  0.0%  0.0%    skip:98.5%
[libx264 @ 0x6022cdb269c0] mb B  I16..4:  0.0%  0.0%  0.0%  B16..8:  1.4%  0.1%  0.0%  direct: 0.0%  skip:98.4%  L0:45.8% L1:52.0% BI: 2.1%
[libx264 @ 0x6022cdb269c0] 8x8 transform intra:63.4% inter:25.0%
[libx264 @ 0x6022cdb269c0] coded y,uvDC,uvAC intra: 6.0% 10.2% 9.1% inter: 0.1% 0.0% 0.0%
[libx264 @ 0x6022cdb269c0] i16 v,h,dc,p: 87% 12%  1%  0%
[libx264 @ 0x6022cdb269c0] i8 v,h,dc,ddl,ddr,vr,hd,vl,hu: 43%  7% 50%  0%  0%  0%  0%  0%  0%
[libx264 @ 0x6022cdb269c0] i4 v,h,dc,ddl,ddr,vr,hd,vl,hu: 39% 30% 10%  4%  2%  2%  4%  4%  5%
[libx264 @ 0x6022cdb269c0] i8c dc,h,v,p: 82%  9%  8%  1%
[libx264 @ 0x6022cdb269c0] Weighted P-Frames: Y:0.0% UV:0.0%
[libx264 @ 0x6022cdb269c0] ref P L0: 90.6%  0.3%  3.8%  5.4%
[libx264 @ 0x6022cdb269c0] ref B L0: 89.7% 10.3%
[libx264 @ 0x6022cdb269c0] ref B L1: 96.6%  3.4%
[libx264 @ 0x6022cdb269c0] kb/s:1064.40
ffmpeg version 7.0.2-3ubuntu1 Copyright (c) 2000-2024 the FFmpeg developers
  built with gcc 14 (Ubuntu 14.2.0-2ubuntu1)
  configuration: --prefix=/usr --extra-version=3ubuntu1 --toolchain=hardened --libdir=/usr/lib/x86_64-linux-gnu --incdir=/usr/include/x86_64-linux-gnu --arch=amd64 --enable-gpl --disable-stripping --disable-libmfx --disable-omx --enable-gnutls --enable-libaom --enable-libass --enable-libbs2b --enable-libcdio --enable-libcodec2 --enable-libdav1d --enable-libflite --enable-libfontconfig --enable-libfreetype --enable-libfribidi --enable-libglslang --enable-libgme --enable-libgsm --enable-libharfbuzz --enable-libmp3lame --enable-libmysofa --enable-libopenjpeg --enable-libopenmpt --enable-libopus --enable-librubberband --enable-libshine --enable-libsnappy --enable-libsoxr --enable-libspeex --enable-libtheora --enable-libtwolame --enable-libvidstab --enable-libvorbis --enable-libvpx --enable-libwebp --enable-libx265 --enable-libxml2 --enable-libxvid --enable-libzimg --enable-openal --enable-opencl --enable-opengl --disable-sndio --enable-libvpl --enable-libdc1394 --enable-libdrm --enable-libiec61883 --enable-chromaprint --enable-frei0r --enable-ladspa --enable-libbluray --enable-libcaca --enable-libdvdnav --enable-libdvdread --enable-libjack --enable-libpulse --enable-librabbitmq --enable-librist --enable-libsrt --enable-libssh --enable-libsvtav1 --enable-libx264 --enable-libzmq --enable-libzvbi --enable-lv2 --enable-sdl2 --enable-libplacebo --enable-librav1e --enable-pocketsphinx --enable-librsvg --enable-libjxl --enable-shared
  libavutil      59.  8.100 / 59.  8.100
  libavcodec     61.  3.100 / 61.  3.100
  libavformat    61.  1.100 / 61.  1.100
  libavdevice    61.  1.100 / 61.  1.100
  libavfilter    10.  1.100 / 10.  1.100
  libswscale      8.  1.100 /  8.  1.100
  libswresample   5.  1.100 /  5.  1.100
  libpostproc    58.  1.100 / 58.  1.100
Input #0, concat, from '/home/marco-lasagna/Scaricati/ffmpeg-java/inputFile.txt':
  Duration: N/A, start: 0.000000, bitrate: N/A
  Stream #0:0: Video: mjpeg (Baseline), yuvj420p(pc, bt470bg/unknown/unknown), 4501x4500 [SAR 1:1 DAR 4501:4500], 25 fps, 25 tbr, 25 tbn
Stream mapping:
  Stream #0:0 -> #0:0 (mjpeg (native) -> h264 (libx264))
Press [q] to stop, [?] for help
[swscaler @ 0x731168016b00] deprecated pixel format used, make sure you did set range correctly
    Last message repeated 1 times
[swscaler @ 0x731168b407c0] deprecated pixel format used, make sure you did set range correctly
    Last message repeated 1 times
[vost#0:0/libx264 @ 0x5ccec4ca6600] No information about the input framerate is available. Falling back to a default value of 25fps. Use the -r option if you want a different framerate.
[libx264 @ 0x5ccec4c9c9c0] using SAR=2048/4095
[libx264 @ 0x5ccec4c9c9c0] using cpu capabilities: MMX2 SSE2Fast SSSE3 SSE4.2 AVX FMA3 BMI2 AVX2
[libx264 @ 0x5ccec4c9c9c0] profile High, level 4.0, 4:2:0, 8-bit
[libx264 @ 0x5ccec4c9c9c0] 264 - core 164 r3108 31e19f9 - H.264/MPEG-4 AVC codec - Copyleft 2003-2023 - http://www.videolan.org/x264.html - options: cabac=1 ref=3 deblock=1:0:0 analyse=0x3:0x113 me=hex subme=7 psy=1 psy_rd=1.00:0.00 mixed_ref=1 me_range=16 chroma_me=1 trellis=1 8x8dct=1 cqm=0 deadzone=21,11 fast_pskip=1 chroma_qp_offset=-2 threads=30 lookahead_threads=5 sliced_threads=0 nr=0 decimate=1 interlaced=0 bluray_compat=0 constrained_intra=0 bframes=3 b_pyramid=2 b_adapt=1 b_bias=0 direct=1 weightb=1 open_gop=0 weightp=2 keyint=250 keyint_min=25 scenecut=40 intra_refresh=0 rc_lookahead=40 rc=crf mbtree=1 crf=23.0 qcomp=0.60 qpmin=0 qpmax=69 qpstep=4 ip_ratio=1.40 aq=1:1.00
Output #0, mp4, to './src/test/resources/output/translation/tempVideo/360.mp4':
  Metadata:
    encoder         : Lavf61.1.100
  Stream #0:0: Video: h264 (avc1 / 0x31637661), yuvj420p(pc, progressive), 2048x1024 [SAR 4501:9000 DAR 4501:4500], q=2-31, 25 fps, 12800 tbn
      Metadata:
        encoder         : Lavc61.3.100 libx264
      Side data:
        cpb: bitrate max/min/avg: 0/0/0 buffer size: 0 vbv_delay: N/A
[out#0/mp4 @ 0x5ccec4ca4380] video:32KiB audio:0KiB subtitle:0KiB other streams:0KiB global headers:0KiB muxing overhead: 2.922327%
frame=    6 fps=0.0 q=-1.0 Lsize=      33KiB time=00:00:00.16 bitrate=1678.2kbits/s dup=0 drop=19 speed=0.634x    
[libx264 @ 0x5ccec4c9c9c0] frame I:1     Avg QP:18.54  size: 30338
[libx264 @ 0x5ccec4c9c9c0] frame P:2     Avg QP:17.47  size:   422
[libx264 @ 0x5ccec4c9c9c0] frame B:3     Avg QP:25.78  size:   246
[libx264 @ 0x5ccec4c9c9c0] consecutive B-frames: 33.3%  0.0%  0.0% 66.7%
[libx264 @ 0x5ccec4c9c9c0] mb I  I16..4: 25.7% 64.0% 10.4%
[libx264 @ 0x5ccec4c9c9c0] mb P  I16..4:  0.1%  0.1%  0.0%  P16..4:  1.2%  0.2%  0.0%  0.0%  0.0%    skip:98.3%
[libx264 @ 0x5ccec4c9c9c0] mb B  I16..4:  0.0%  0.0%  0.0%  B16..8:  1.2%  0.1%  0.0%  direct: 0.0%  skip:98.6%  L0:51.7% L1:45.1% BI: 3.2%
[libx264 @ 0x5ccec4c9c9c0] 8x8 transform intra:63.9% inter:20.8%
[libx264 @ 0x5ccec4c9c9c0] coded y,uvDC,uvAC intra: 6.0% 10.2% 9.1% inter: 0.1% 0.0% 0.0%
[libx264 @ 0x5ccec4c9c9c0] i16 v,h,dc,p: 87% 12%  1%  0%
[libx264 @ 0x5ccec4c9c9c0] i8 v,h,dc,ddl,ddr,vr,hd,vl,hu: 53% 13% 33%  0%  0%  0%  0%  0%  0%
[libx264 @ 0x5ccec4c9c9c0] i4 v,h,dc,ddl,ddr,vr,hd,vl,hu: 38% 30% 10%  4%  2%  2%  4%  4%  5%
[libx264 @ 0x5ccec4c9c9c0] i8c dc,h,v,p: 82%  9%  8%  1%
[libx264 @ 0x5ccec4c9c9c0] Weighted P-Frames: Y:0.0% UV:0.0%
[libx264 @ 0x5ccec4c9c9c0] ref P L0: 94.1%  0.0%  0.6%  5.3%
[libx264 @ 0x5ccec4c9c9c0] ref B L0: 89.2% 10.8%
[libx264 @ 0x5ccec4c9c9c0] ref B L1: 91.2%  8.8%
[libx264 @ 0x5ccec4c9c9c0] kb/s:1064.03
ffmpeg version 7.0.2-3ubuntu1 Copyright (c) 2000-2024 the FFmpeg developers
  built with gcc 14 (Ubuntu 14.2.0-2ubuntu1)
  configuration: --prefix=/usr --extra-version=3ubuntu1 --toolchain=hardened --libdir=/usr/lib/x86_64-linux-gnu --incdir=/usr/include/x86_64-linux-gnu --arch=amd64 --enable-gpl --disable-stripping --disable-libmfx --disable-omx --enable-gnutls --enable-libaom --enable-libass --enable-libbs2b --enable-libcdio --enable-libcodec2 --enable-libdav1d --enable-libflite --enable-libfontconfig --enable-libfreetype --enable-libfribidi --enable-libglslang --enable-libgme --enable-libgsm --enable-libharfbuzz --enable-libmp3lame --enable-libmysofa --enable-libopenjpeg --enable-libopenmpt --enable-libopus --enable-librubberband --enable-libshine --enable-libsnappy --enable-libsoxr --enable-libspeex --enable-libtheora --enable-libtwolame --enable-libvidstab --enable-libvorbis --enable-libvpx --enable-libwebp --enable-libx265 --enable-libxml2 --enable-libxvid --enable-libzimg --enable-openal --enable-opencl --enable-opengl --disable-sndio --enable-libvpl --enable-libdc1394 --enable-libdrm --enable-libiec61883 --enable-chromaprint --enable-frei0r --enable-ladspa --enable-libbluray --enable-libcaca --enable-libdvdnav --enable-libdvdread --enable-libjack --enable-libpulse --enable-librabbitmq --enable-librist --enable-libsrt --enable-libssh --enable-libsvtav1 --enable-libx264 --enable-libzmq --enable-libzvbi --enable-lv2 --enable-sdl2 --enable-libplacebo --enable-librav1e --enable-pocketsphinx --enable-librsvg --enable-libjxl --enable-shared
  libavutil      59.  8.100 / 59.  8.100
  libavcodec     61.  3.100 / 61.  3.100
  libavformat    61.  1.100 / 61.  1.100
  libavdevice    61.  1.100 / 61.  1.100
  libavfilter    10.  1.100 / 10.  1.100
  libswscale      8.  1.100 /  8.  1.100
  libswresample   5.  1.100 /  5.  1.100
  libpostproc    58.  1.100 / 58.  1.100
Input #0, concat, from '/home/marco-lasagna/Scaricati/ffmpeg-java/inputFile.txt':
  Duration: N/A, start: 0.000000, bitrate: N/A
  Stream #0:0: Video: mjpeg (Baseline), yuvj420p(pc, bt470bg/unknown/unknown), 4501x4500 [SAR 1:1 DAR 4501:4500], 25 fps, 25 tbr, 25 tbn
Stream mapping:
  Stream #0:0 -> #0:0 (mjpeg (native) -> h264 (libx264))
Press [q] to stop, [?] for help
[swscaler @ 0x705784016b00] deprecated pixel format used, make sure you did set range correctly
    Last message repeated 1 times
[swscaler @ 0x705784b407c0] deprecated pixel format used, make sure you did set range correctly
    Last message repeated 1 times
[vost#0:0/libx264 @ 0x57657456e600] No information about the input framerate is available. Falling back to a default value of 25fps. Use the -r option if you want a different framerate.
[libx264 @ 0x5765745649c0] using SAR=2048/4095
[libx264 @ 0x5765745649c0] using cpu capabilities: MMX2 SSE2Fast SSSE3 SSE4.2 AVX FMA3 BMI2 AVX2
[libx264 @ 0x5765745649c0] profile High, level 4.0, 4:2:0, 8-bit
[libx264 @ 0x5765745649c0] 264 - core 164 r3108 31e19f9 - H.264/MPEG-4 AVC codec - Copyleft 2003-2023 - http://www.videolan.org/x264.html - options: cabac=1 ref=3 deblock=1:0:0 analyse=0x3:0x113 me=hex subme=7 psy=1 psy_rd=1.00:0.00 mixed_ref=1 me_range=16 chroma_me=1 trellis=1 8x8dct=1 cqm=0 deadzone=21,11 fast_pskip=1 chroma_qp_offset=-2 threads=30 lookahead_threads=5 sliced_threads=0 nr=0 decimate=1 interlaced=0 bluray_compat=0 constrained_intra=0 bframes=3 b_pyramid=2 b_adapt=1 b_bias=0 direct=1 weightb=1 open_gop=0 weightp=2 keyint=250 keyint_min=25 scenecut=40 intra_refresh=0 rc_lookahead=40 rc=crf mbtree=1 crf=23.0 qcomp=0.60 qpmin=0 qpmax=69 qpstep=4 ip_ratio=1.40 aq=1:1.00
Output #0, mp4, to './src/test/resources/output/translation/tempVideo/370.mp4':
  Metadata:
    encoder         : Lavf61.1.100
  Stream #0:0: Video: h264 (avc1 / 0x31637661), yuvj420p(pc, progressive), 2048x1024 [SAR 4501:9000 DAR 4501:4500], q=2-31, 25 fps, 12800 tbn
      Metadata:
        encoder         : Lavc61.3.100 libx264
      Side data:
        cpb: bitrate max/min/avg: 0/0/0 buffer size: 0 vbv_delay: N/A
[out#0/mp4 @ 0x57657456c380] video:32KiB audio:0KiB subtitle:0KiB other streams:0KiB global headers:0KiB muxing overhead: 2.911791%
frame=    6 fps=0.0 q=-1.0 Lsize=      33KiB time=00:00:00.16 bitrate=1684.1kbits/s dup=0 drop=19 speed=0.666x    
[libx264 @ 0x5765745649c0] frame I:1     Avg QP:18.43  size: 30384
[libx264 @ 0x5765745649c0] frame P:2     Avg QP:17.40  size:   436
[libx264 @ 0x5765745649c0] frame B:3     Avg QP:23.80  size:   261
[libx264 @ 0x5765745649c0] consecutive B-frames: 33.3%  0.0%  0.0% 66.7%
[libx264 @ 0x5765745649c0] mb I  I16..4: 25.6% 63.9% 10.5%
[libx264 @ 0x5765745649c0] mb P  I16..4:  0.1%  0.1%  0.0%  P16..4:  1.2%  0.2%  0.0%  0.0%  0.0%    skip:98.4%
[libx264 @ 0x5765745649c0] mb B  I16..4:  0.0%  0.0%  0.0%  B16..8:  1.3%  0.1%  0.0%  direct: 0.0%  skip:98.6%  L0:54.5% L1:42.5% BI: 3.0%
[libx264 @ 0x5765745649c0] 8x8 transform intra:63.9% inter:28.8%
[libx264 @ 0x5765745649c0] coded y,uvDC,uvAC intra: 6.0% 10.2% 9.1% inter: 0.1% 0.0% 0.0%
[libx264 @ 0x5765745649c0] i16 v,h,dc,p: 88% 12%  1%  0%
[libx264 @ 0x5765745649c0] i8 v,h,dc,ddl,ddr,vr,hd,vl,hu: 60%  6% 33%  0%  0%  0%  0%  0%  0%
[libx264 @ 0x5765745649c0] i4 v,h,dc,ddl,ddr,vr,hd,vl,hu: 40% 30% 10%  4%  2%  2%  4%  4%  5%
[libx264 @ 0x5765745649c0] i8c dc,h,v,p: 82%  9%  8%  1%
[libx264 @ 0x5765745649c0] Weighted P-Frames: Y:0.0% UV:0.0%
[libx264 @ 0x5765745649c0] ref P L0: 90.7%  0.4%  1.5%  7.3%
[libx264 @ 0x5765745649c0] ref B L0: 88.3% 11.7%
[libx264 @ 0x5765745649c0] ref B L1: 91.4%  8.6%
[libx264 @ 0x5765745649c0] kb/s:1067.97
ffmpeg version 7.0.2-3ubuntu1 Copyright (c) 2000-2024 the FFmpeg developers
  built with gcc 14 (Ubuntu 14.2.0-2ubuntu1)
  configuration: --prefix=/usr --extra-version=3ubuntu1 --toolchain=hardened --libdir=/usr/lib/x86_64-linux-gnu --incdir=/usr/include/x86_64-linux-gnu --arch=amd64 --enable-gpl --disable-stripping --disable-libmfx --disable-omx --enable-gnutls --enable-libaom --enable-libass --enable-libbs2b --enable-libcdio --enable-libcodec2 --enable-libdav1d --enable-libflite --enable-libfontconfig --enable-libfreetype --enable-libfribidi --enable-libglslang --enable-libgme --enable-libgsm --enable-libharfbuzz --enable-libmp3lame --enable-libmysofa --enable-libopenjpeg --enable-libopenmpt --enable-libopus --enable-librubberband --enable-libshine --enable-libsnappy --enable-libsoxr --enable-libspeex --enable-libtheora --enable-libtwolame --enable-libvidstab --enable-libvorbis --enable-libvpx --enable-libwebp --enable-libx265 --enable-libxml2 --enable-libxvid --enable-libzimg --enable-openal --enable-opencl --enable-opengl --disable-sndio --enable-libvpl --enable-libdc1394 --enable-libdrm --enable-libiec61883 --enable-chromaprint --enable-frei0r --enable-ladspa --enable-libbluray --enable-libcaca --enable-libdvdnav --enable-libdvdread --enable-libjack --enable-libpulse --enable-librabbitmq --enable-librist --enable-libsrt --enable-libssh --enable-libsvtav1 --enable-libx264 --enable-libzmq --enable-libzvbi --enable-lv2 --enable-sdl2 --enable-libplacebo --enable-librav1e --enable-pocketsphinx --enable-librsvg --enable-libjxl --enable-shared
  libavutil      59.  8.100 / 59.  8.100
  libavcodec     61.  3.100 / 61.  3.100
  libavformat    61.  1.100 / 61.  1.100
  libavdevice    61.  1.100 / 61.  1.100
  libavfilter    10.  1.100 / 10.  1.100
  libswscale      8.  1.100 /  8.  1.100
  libswresample   5.  1.100 /  5.  1.100
  libpostproc    58.  1.100 / 58.  1.100
Input #0, concat, from '/home/marco-lasagna/Scaricati/ffmpeg-java/inputFile.txt':
  Duration: N/A, start: 0.000000, bitrate: N/A
  Stream #0:0: Video: mjpeg (Baseline), yuvj420p(pc, bt470bg/unknown/unknown), 4501x4500 [SAR 1:1 DAR 4501:4500], 25 fps, 25 tbr, 25 tbn
Stream mapping:
  Stream #0:0 -> #0:0 (mjpeg (native) -> h264 (libx264))
Press [q] to stop, [?] for help
[swscaler @ 0x77d5a0016b00] deprecated pixel format used, make sure you did set range correctly
    Last message repeated 1 times
[swscaler @ 0x77d5a0b407c0] deprecated pixel format used, make sure you did set range correctly
    Last message repeated 1 times
[vost#0:0/libx264 @ 0x556d192f9600] No information about the input framerate is available. Falling back to a default value of 25fps. Use the -r option if you want a different framerate.
[libx264 @ 0x556d192ef9c0] using SAR=2048/4095
[libx264 @ 0x556d192ef9c0] using cpu capabilities: MMX2 SSE2Fast SSSE3 SSE4.2 AVX FMA3 BMI2 AVX2
[libx264 @ 0x556d192ef9c0] profile High, level 4.0, 4:2:0, 8-bit
[libx264 @ 0x556d192ef9c0] 264 - core 164 r3108 31e19f9 - H.264/MPEG-4 AVC codec - Copyleft 2003-2023 - http://www.videolan.org/x264.html - options: cabac=1 ref=3 deblock=1:0:0 analyse=0x3:0x113 me=hex subme=7 psy=1 psy_rd=1.00:0.00 mixed_ref=1 me_range=16 chroma_me=1 trellis=1 8x8dct=1 cqm=0 deadzone=21,11 fast_pskip=1 chroma_qp_offset=-2 threads=30 lookahead_threads=5 sliced_threads=0 nr=0 decimate=1 interlaced=0 bluray_compat=0 constrained_intra=0 bframes=3 b_pyramid=2 b_adapt=1 b_bias=0 direct=1 weightb=1 open_gop=0 weightp=2 keyint=250 keyint_min=25 scenecut=40 intra_refresh=0 rc_lookahead=40 rc=crf mbtree=1 crf=23.0 qcomp=0.60 qpmin=0 qpmax=69 qpstep=4 ip_ratio=1.40 aq=1:1.00
Output #0, mp4, to './src/test/resources/output/translation/tempVideo/380.mp4':
  Metadata:
    encoder         : Lavf61.1.100
  Stream #0:0: Video: h264 (avc1 / 0x31637661), yuvj420p(pc, progressive), 2048x1024 [SAR 4501:9000 DAR 4501:4500], q=2-31, 25 fps, 12800 tbn
      Metadata:
        encoder         : Lavc61.3.100 libx264
      Side data:
        cpb: bitrate max/min/avg: 0/0/0 buffer size: 0 vbv_delay: N/A
[out#0/mp4 @ 0x556d192f7380] video:32KiB audio:0KiB subtitle:0KiB other streams:0KiB global headers:0KiB muxing overhead: 2.915889%
frame=    6 fps=0.0 q=-1.0 Lsize=      33KiB time=00:00:00.16 bitrate=1681.8kbits/s dup=0 drop=19 speed=0.678x    
[libx264 @ 0x556d192ef9c0] frame I:1     Avg QP:18.61  size: 30418
[libx264 @ 0x556d192ef9c0] frame P:2     Avg QP:20.72  size:   418
[libx264 @ 0x556d192ef9c0] frame B:3     Avg QP:26.07  size:   247
[libx264 @ 0x556d192ef9c0] consecutive B-frames: 33.3%  0.0%  0.0% 66.7%
[libx264 @ 0x556d192ef9c0] mb I  I16..4: 25.6% 63.9% 10.5%
[libx264 @ 0x556d192ef9c0] mb P  I16..4:  0.1%  0.1%  0.0%  P16..4:  1.2%  0.2%  0.1%  0.0%  0.0%    skip:98.3%
[libx264 @ 0x556d192ef9c0] mb B  I16..4:  0.0%  0.0%  0.0%  B16..8:  1.2%  0.1%  0.0%  direct: 0.0%  skip:98.6%  L0:57.9% L1:39.1% BI: 3.0%
[libx264 @ 0x556d192ef9c0] 8x8 transform intra:63.8% inter:29.7%
[libx264 @ 0x556d192ef9c0] coded y,uvDC,uvAC intra: 6.0% 10.2% 9.1% inter: 0.1% 0.0% 0.0%
[libx264 @ 0x556d192ef9c0] i16 v,h,dc,p: 87% 12%  1%  0%
[libx264 @ 0x556d192ef9c0] i8 v,h,dc,ddl,ddr,vr,hd,vl,hu: 60%  6% 33%  0%  0%  0%  0%  0%  0%
[libx264 @ 0x556d192ef9c0] i4 v,h,dc,ddl,ddr,vr,hd,vl,hu: 40% 30%  9%  4%  2%  2%  4%  4%  5%
[libx264 @ 0x556d192ef9c0] i8c dc,h,v,p: 82%  9%  8%  1%
[libx264 @ 0x556d192ef9c0] Weighted P-Frames: Y:0.0% UV:0.0%
[libx264 @ 0x556d192ef9c0] ref P L0: 91.3%  0.6%  1.2%  6.8%
[libx264 @ 0x556d192ef9c0] ref B L0: 86.4% 13.6%
[libx264 @ 0x556d192ef9c0] ref B L1: 94.9%  5.1%
[libx264 @ 0x556d192ef9c0] kb/s:1066.43
ffmpeg version 7.0.2-3ubuntu1 Copyright (c) 2000-2024 the FFmpeg developers
  built with gcc 14 (Ubuntu 14.2.0-2ubuntu1)
  configuration: --prefix=/usr --extra-version=3ubuntu1 --toolchain=hardened --libdir=/usr/lib/x86_64-linux-gnu --incdir=/usr/include/x86_64-linux-gnu --arch=amd64 --enable-gpl --disable-stripping --disable-libmfx --disable-omx --enable-gnutls --enable-libaom --enable-libass --enable-libbs2b --enable-libcdio --enable-libcodec2 --enable-libdav1d --enable-libflite --enable-libfontconfig --enable-libfreetype --enable-libfribidi --enable-libglslang --enable-libgme --enable-libgsm --enable-libharfbuzz --enable-libmp3lame --enable-libmysofa --enable-libopenjpeg --enable-libopenmpt --enable-libopus --enable-librubberband --enable-libshine --enable-libsnappy --enable-libsoxr --enable-libspeex --enable-libtheora --enable-libtwolame --enable-libvidstab --enable-libvorbis --enable-libvpx --enable-libwebp --enable-libx265 --enable-libxml2 --enable-libxvid --enable-libzimg --enable-openal --enable-opencl --enable-opengl --disable-sndio --enable-libvpl --enable-libdc1394 --enable-libdrm --enable-libiec61883 --enable-chromaprint --enable-frei0r --enable-ladspa --enable-libbluray --enable-libcaca --enable-libdvdnav --enable-libdvdread --enable-libjack --enable-libpulse --enable-librabbitmq --enable-librist --enable-libsrt --enable-libssh --enable-libsvtav1 --enable-libx264 --enable-libzmq --enable-libzvbi --enable-lv2 --enable-sdl2 --enable-libplacebo --enable-librav1e --enable-pocketsphinx --enable-librsvg --enable-libjxl --enable-shared
  libavutil      59.  8.100 / 59.  8.100
  libavcodec     61.  3.100 / 61.  3.100
  libavformat    61.  1.100 / 61.  1.100
  libavdevice    61.  1.100 / 61.  1.100
  libavfilter    10.  1.100 / 10.  1.100
  libswscale      8.  1.100 /  8.  1.100
  libswresample   5.  1.100 /  5.  1.100
  libpostproc    58.  1.100 / 58.  1.100
Input #0, concat, from '/home/marco-lasagna/Scaricati/ffmpeg-java/inputFile.txt':
  Duration: N/A, start: 0.000000, bitrate: N/A
  Stream #0:0: Video: mjpeg (Baseline), yuvj420p(pc, bt470bg/unknown/unknown), 4501x4500 [SAR 1:1 DAR 4501:4500], 25 fps, 25 tbr, 25 tbn
Stream mapping:
  Stream #0:0 -> #0:0 (mjpeg (native) -> h264 (libx264))
Press [q] to stop, [?] for help
[swscaler @ 0x7785f4016b00] deprecated pixel format used, make sure you did set range correctly
    Last message repeated 1 times
[swscaler @ 0x7785f4b407c0] deprecated pixel format used, make sure you did set range correctly
    Last message repeated 1 times
[vost#0:0/libx264 @ 0x556bf4365600] No information about the input framerate is available. Falling back to a default value of 25fps. Use the -r option if you want a different framerate.
[libx264 @ 0x556bf435b9c0] using SAR=2048/4095
[libx264 @ 0x556bf435b9c0] using cpu capabilities: MMX2 SSE2Fast SSSE3 SSE4.2 AVX FMA3 BMI2 AVX2
[libx264 @ 0x556bf435b9c0] profile High, level 4.0, 4:2:0, 8-bit
[libx264 @ 0x556bf435b9c0] 264 - core 164 r3108 31e19f9 - H.264/MPEG-4 AVC codec - Copyleft 2003-2023 - http://www.videolan.org/x264.html - options: cabac=1 ref=3 deblock=1:0:0 analyse=0x3:0x113 me=hex subme=7 psy=1 psy_rd=1.00:0.00 mixed_ref=1 me_range=16 chroma_me=1 trellis=1 8x8dct=1 cqm=0 deadzone=21,11 fast_pskip=1 chroma_qp_offset=-2 threads=30 lookahead_threads=5 sliced_threads=0 nr=0 decimate=1 interlaced=0 bluray_compat=0 constrained_intra=0 bframes=3 b_pyramid=2 b_adapt=1 b_bias=0 direct=1 weightb=1 open_gop=0 weightp=2 keyint=250 keyint_min=25 scenecut=40 intra_refresh=0 rc_lookahead=40 rc=crf mbtree=1 crf=23.0 qcomp=0.60 qpmin=0 qpmax=69 qpstep=4 ip_ratio=1.40 aq=1:1.00
Output #0, mp4, to './src/test/resources/output/translation/tempVideo/390.mp4':
  Metadata:
    encoder         : Lavf61.1.100
  Stream #0:0: Video: h264 (avc1 / 0x31637661), yuvj420p(pc, progressive), 2048x1024 [SAR 4501:9000 DAR 4501:4500], q=2-31, 25 fps, 12800 tbn
      Metadata:
        encoder         : Lavc61.3.100 libx264
      Side data:
        cpb: bitrate max/min/avg: 0/0/0 buffer size: 0 vbv_delay: N/A
[out#0/mp4 @ 0x556bf4363380] video:32KiB audio:0KiB subtitle:0KiB other streams:0KiB global headers:0KiB muxing overhead: 2.914908%
frame=    6 fps=0.0 q=-1.0 Lsize=      33KiB time=00:00:00.16 bitrate=1682.3kbits/s dup=0 drop=19 speed=0.652x    
[libx264 @ 0x556bf435b9c0] frame I:1     Avg QP:18.66  size: 30400
[libx264 @ 0x556bf435b9c0] frame P:2     Avg QP:17.89  size:   420
[libx264 @ 0x556bf435b9c0] frame B:3     Avg QP:29.95  size:   255
[libx264 @ 0x556bf435b9c0] consecutive B-frames: 33.3%  0.0%  0.0% 66.7%
[libx264 @ 0x556bf435b9c0] mb I  I16..4: 16.6% 72.9% 10.5%
[libx264 @ 0x556bf435b9c0] mb P  I16..4:  0.1%  0.1%  0.0%  P16..4:  1.2%  0.1%  0.0%  0.0%  0.0%    skip:98.4%
[libx264 @ 0x556bf435b9c0] mb B  I16..4:  0.0%  0.1%  0.0%  B16..8:  1.1%  0.1%  0.0%  direct: 0.0%  skip:98.7%  L0:57.0% L1:41.2% BI: 1.8%
[libx264 @ 0x556bf435b9c0] 8x8 transform intra:72.8% inter:40.0%
[libx264 @ 0x556bf435b9c0] coded y,uvDC,uvAC intra: 6.0% 10.2% 9.1% inter: 0.1% 0.0% 0.0%
[libx264 @ 0x556bf435b9c0] i16 v,h,dc,p: 82% 17%  1%  0%
[libx264 @ 0x556bf435b9c0] i8 v,h,dc,ddl,ddr,vr,hd,vl,hu: 59%  7% 33%  0%  0%  0%  0%  0%  0%
[libx264 @ 0x556bf435b9c0] i4 v,h,dc,ddl,ddr,vr,hd,vl,hu: 40% 30%  9%  4%  2%  2%  4%  4%  5%
[libx264 @ 0x556bf435b9c0] i8c dc,h,v,p: 82%  9%  8%  1%
[libx264 @ 0x556bf435b9c0] Weighted P-Frames: Y:0.0% UV:0.0%
[libx264 @ 0x556bf435b9c0] ref P L0: 90.3%  0.0%  1.4%  8.3%
[libx264 @ 0x556bf435b9c0] ref B L0: 86.8% 13.2%
[libx264 @ 0x556bf435b9c0] ref B L1: 95.4%  4.6%
[libx264 @ 0x556bf435b9c0] kb/s:1066.80
ffmpeg version 7.0.2-3ubuntu1 Copyright (c) 2000-2024 the FFmpeg developers
  built with gcc 14 (Ubuntu 14.2.0-2ubuntu1)
  configuration: --prefix=/usr --extra-version=3ubuntu1 --toolchain=hardened --libdir=/usr/lib/x86_64-linux-gnu --incdir=/usr/include/x86_64-linux-gnu --arch=amd64 --enable-gpl --disable-stripping --disable-libmfx --disable-omx --enable-gnutls --enable-libaom --enable-libass --enable-libbs2b --enable-libcdio --enable-libcodec2 --enable-libdav1d --enable-libflite --enable-libfontconfig --enable-libfreetype --enable-libfribidi --enable-libglslang --enable-libgme --enable-libgsm --enable-libharfbuzz --enable-libmp3lame --enable-libmysofa --enable-libopenjpeg --enable-libopenmpt --enable-libopus --enable-librubberband --enable-libshine --enable-libsnappy --enable-libsoxr --enable-libspeex --enable-libtheora --enable-libtwolame --enable-libvidstab --enable-libvorbis --enable-libvpx --enable-libwebp --enable-libx265 --enable-libxml2 --enable-libxvid --enable-libzimg --enable-openal --enable-opencl --enable-opengl --disable-sndio --enable-libvpl --enable-libdc1394 --enable-libdrm --enable-libiec61883 --enable-chromaprint --enable-frei0r --enable-ladspa --enable-libbluray --enable-libcaca --enable-libdvdnav --enable-libdvdread --enable-libjack --enable-libpulse --enable-librabbitmq --enable-librist --enable-libsrt --enable-libssh --enable-libsvtav1 --enable-libx264 --enable-libzmq --enable-libzvbi --enable-lv2 --enable-sdl2 --enable-libplacebo --enable-librav1e --enable-pocketsphinx --enable-librsvg --enable-libjxl --enable-shared
  libavutil      59.  8.100 / 59.  8.100
  libavcodec     61.  3.100 / 61.  3.100
  libavformat    61.  1.100 / 61.  1.100
  libavdevice    61.  1.100 / 61.  1.100
  libavfilter    10.  1.100 / 10.  1.100
  libswscale      8.  1.100 /  8.  1.100
  libswresample   5.  1.100 /  5.  1.100
  libpostproc    58.  1.100 / 58.  1.100
Input #0, concat, from '/home/marco-lasagna/Scaricati/ffmpeg-java/inputFile.txt':
  Duration: N/A, start: 0.000000, bitrate: N/A
  Stream #0:0: Video: mjpeg (Baseline), yuvj420p(pc, bt470bg/unknown/unknown), 4501x4500 [SAR 1:1 DAR 4501:4500], 25 fps, 25 tbr, 25 tbn
Stream mapping:
  Stream #0:0 -> #0:0 (mjpeg (native) -> h264 (libx264))
Press [q] to stop, [?] for help
[swscaler @ 0x7b79b0016b00] deprecated pixel format used, make sure you did set range correctly
    Last message repeated 1 times
[swscaler @ 0x7b79b0b407c0] deprecated pixel format used, make sure you did set range correctly
    Last message repeated 1 times
[vost#0:0/libx264 @ 0x5d04dc284600] No information about the input framerate is available. Falling back to a default value of 25fps. Use the -r option if you want a different framerate.
[libx264 @ 0x5d04dc27a9c0] using SAR=2048/4095
[libx264 @ 0x5d04dc27a9c0] using cpu capabilities: MMX2 SSE2Fast SSSE3 SSE4.2 AVX FMA3 BMI2 AVX2
[libx264 @ 0x5d04dc27a9c0] profile High, level 4.0, 4:2:0, 8-bit
[libx264 @ 0x5d04dc27a9c0] 264 - core 164 r3108 31e19f9 - H.264/MPEG-4 AVC codec - Copyleft 2003-2023 - http://www.videolan.org/x264.html - options: cabac=1 ref=3 deblock=1:0:0 analyse=0x3:0x113 me=hex subme=7 psy=1 psy_rd=1.00:0.00 mixed_ref=1 me_range=16 chroma_me=1 trellis=1 8x8dct=1 cqm=0 deadzone=21,11 fast_pskip=1 chroma_qp_offset=-2 threads=30 lookahead_threads=5 sliced_threads=0 nr=0 decimate=1 interlaced=0 bluray_compat=0 constrained_intra=0 bframes=3 b_pyramid=2 b_adapt=1 b_bias=0 direct=1 weightb=1 open_gop=0 weightp=2 keyint=250 keyint_min=25 scenecut=40 intra_refresh=0 rc_lookahead=40 rc=crf mbtree=1 crf=23.0 qcomp=0.60 qpmin=0 qpmax=69 qpstep=4 ip_ratio=1.40 aq=1:1.00
Output #0, mp4, to './src/test/resources/output/translation/tempVideo/400.mp4':
  Metadata:
    encoder         : Lavf61.1.100
  Stream #0:0: Video: h264 (avc1 / 0x31637661), yuvj420p(pc, progressive), 2048x1024 [SAR 4501:9000 DAR 4501:4500], q=2-31, 25 fps, 12800 tbn
      Metadata:
        encoder         : Lavc61.3.100 libx264
      Side data:
        cpb: bitrate max/min/avg: 0/0/0 buffer size: 0 vbv_delay: N/A
[out#0/mp4 @ 0x5d04dc282380] video:32KiB audio:0KiB subtitle:0KiB other streams:0KiB global headers:0KiB muxing overhead: 2.913749%
frame=    6 fps=0.0 q=-1.0 Lsize=      33KiB time=00:00:00.16 bitrate=1683.0kbits/s dup=0 drop=19 speed=0.677x    
[libx264 @ 0x5d04dc27a9c0] frame I:1     Avg QP:18.49  size: 30359
[libx264 @ 0x5d04dc27a9c0] frame P:2     Avg QP:18.66  size:   424
[libx264 @ 0x5d04dc27a9c0] frame B:3     Avg QP:19.26  size:   270
[libx264 @ 0x5d04dc27a9c0] consecutive B-frames: 33.3%  0.0%  0.0% 66.7%
[libx264 @ 0x5d04dc27a9c0] mb I  I16..4: 16.5% 73.0% 10.5%
[libx264 @ 0x5d04dc27a9c0] mb P  I16..4:  0.1%  0.1%  0.0%  P16..4:  1.2%  0.2%  0.0%  0.0%  0.0%    skip:98.3%
[libx264 @ 0x5d04dc27a9c0] mb B  I16..4:  0.0%  0.0%  0.0%  B16..8:  1.1%  0.1%  0.0%  direct: 0.0%  skip:98.7%  L0:57.6% L1:40.4% BI: 2.0%
[libx264 @ 0x5d04dc27a9c0] 8x8 transform intra:72.8% inter:35.3%
[libx264 @ 0x5d04dc27a9c0] coded y,uvDC,uvAC intra: 6.0% 10.2% 9.1% inter: 0.1% 0.0% 0.0%
[libx264 @ 0x5d04dc27a9c0] i16 v,h,dc,p: 82% 17%  1%  0%
[libx264 @ 0x5d04dc27a9c0] i8 v,h,dc,ddl,ddr,vr,hd,vl,hu: 59%  8% 33%  0%  0%  0%  0%  0%  0%
[libx264 @ 0x5d04dc27a9c0] i4 v,h,dc,ddl,ddr,vr,hd,vl,hu: 40% 30%  9%  4%  2%  2%  4%  4%  5%
[libx264 @ 0x5d04dc27a9c0] i8c dc,h,v,p: 82%  9%  8%  1%
[libx264 @ 0x5d04dc27a9c0] Weighted P-Frames: Y:0.0% UV:0.0%
[libx264 @ 0x5d04dc27a9c0] ref P L0: 89.7%  0.3%  1.7%  8.3%
[libx264 @ 0x5d04dc27a9c0] ref B L0: 91.6%  8.4%
[libx264 @ 0x5d04dc27a9c0] ref B L1: 93.8%  6.2%
[libx264 @ 0x5d04dc27a9c0] kb/s:1067.23
ffmpeg version 7.0.2-3ubuntu1 Copyright (c) 2000-2024 the FFmpeg developers
  built with gcc 14 (Ubuntu 14.2.0-2ubuntu1)
  configuration: --prefix=/usr --extra-version=3ubuntu1 --toolchain=hardened --libdir=/usr/lib/x86_64-linux-gnu --incdir=/usr/include/x86_64-linux-gnu --arch=amd64 --enable-gpl --disable-stripping --disable-libmfx --disable-omx --enable-gnutls --enable-libaom --enable-libass --enable-libbs2b --enable-libcdio --enable-libcodec2 --enable-libdav1d --enable-libflite --enable-libfontconfig --enable-libfreetype --enable-libfribidi --enable-libglslang --enable-libgme --enable-libgsm --enable-libharfbuzz --enable-libmp3lame --enable-libmysofa --enable-libopenjpeg --enable-libopenmpt --enable-libopus --enable-librubberband --enable-libshine --enable-libsnappy --enable-libsoxr --enable-libspeex --enable-libtheora --enable-libtwolame --enable-libvidstab --enable-libvorbis --enable-libvpx --enable-libwebp --enable-libx265 --enable-libxml2 --enable-libxvid --enable-libzimg --enable-openal --enable-opencl --enable-opengl --disable-sndio --enable-libvpl --enable-libdc1394 --enable-libdrm --enable-libiec61883 --enable-chromaprint --enable-frei0r --enable-ladspa --enable-libbluray --enable-libcaca --enable-libdvdnav --enable-libdvdread --enable-libjack --enable-libpulse --enable-librabbitmq --enable-librist --enable-libsrt --enable-libssh --enable-libsvtav1 --enable-libx264 --enable-libzmq --enable-libzvbi --enable-lv2 --enable-sdl2 --enable-libplacebo --enable-librav1e --enable-pocketsphinx --enable-librsvg --enable-libjxl --enable-shared
  libavutil      59.  8.100 / 59.  8.100
  libavcodec     61.  3.100 / 61.  3.100
  libavformat    61.  1.100 / 61.  1.100
  libavdevice    61.  1.100 / 61.  1.100
  libavfilter    10.  1.100 / 10.  1.100
  libswscale      8.  1.100 /  8.  1.100
  libswresample   5.  1.100 /  5.  1.100
  libpostproc    58.  1.100 / 58.  1.100
Input #0, concat, from '/home/marco-lasagna/Scaricati/ffmpeg-java/inputFile.txt':
  Duration: N/A, start: 0.000000, bitrate: N/A
  Stream #0:0: Video: mjpeg (Baseline), yuvj420p(pc, bt470bg/unknown/unknown), 4501x4500 [SAR 1:1 DAR 4501:4500], 25 fps, 25 tbr, 25 tbn
Stream mapping:
  Stream #0:0 -> #0:0 (mjpeg (native) -> h264 (libx264))
Press [q] to stop, [?] for help
[swscaler @ 0x79140c016b00] deprecated pixel format used, make sure you did set range correctly
    Last message repeated 1 times
[swscaler @ 0x79140cb407c0] deprecated pixel format used, make sure you did set range correctly
    Last message repeated 1 times
[vost#0:0/libx264 @ 0x5ede7e02c600] No information about the input framerate is available. Falling back to a default value of 25fps. Use the -r option if you want a different framerate.
[libx264 @ 0x5ede7e0229c0] using SAR=2048/4095
[libx264 @ 0x5ede7e0229c0] using cpu capabilities: MMX2 SSE2Fast SSSE3 SSE4.2 AVX FMA3 BMI2 AVX2
[libx264 @ 0x5ede7e0229c0] profile High, level 4.0, 4:2:0, 8-bit
[libx264 @ 0x5ede7e0229c0] 264 - core 164 r3108 31e19f9 - H.264/MPEG-4 AVC codec - Copyleft 2003-2023 - http://www.videolan.org/x264.html - options: cabac=1 ref=3 deblock=1:0:0 analyse=0x3:0x113 me=hex subme=7 psy=1 psy_rd=1.00:0.00 mixed_ref=1 me_range=16 chroma_me=1 trellis=1 8x8dct=1 cqm=0 deadzone=21,11 fast_pskip=1 chroma_qp_offset=-2 threads=30 lookahead_threads=5 sliced_threads=0 nr=0 decimate=1 interlaced=0 bluray_compat=0 constrained_intra=0 bframes=3 b_pyramid=2 b_adapt=1 b_bias=0 direct=1 weightb=1 open_gop=0 weightp=2 keyint=250 keyint_min=25 scenecut=40 intra_refresh=0 rc_lookahead=40 rc=crf mbtree=1 crf=23.0 qcomp=0.60 qpmin=0 qpmax=69 qpstep=4 ip_ratio=1.40 aq=1:1.00
Output #0, mp4, to './src/test/resources/output/translation/tempVideo/410.mp4':
  Metadata:
    encoder         : Lavf61.1.100
  Stream #0:0: Video: h264 (avc1 / 0x31637661), yuvj420p(pc, progressive), 2048x1024 [SAR 4501:9000 DAR 4501:4500], q=2-31, 25 fps, 12800 tbn
      Metadata:
        encoder         : Lavc61.3.100 libx264
      Side data:
        cpb: bitrate max/min/avg: 0/0/0 buffer size: 0 vbv_delay: N/A
[out#0/mp4 @ 0x5ede7e02a380] video:32KiB audio:0KiB subtitle:0KiB other streams:0KiB global headers:0KiB muxing overhead: 2.923941%
frame=    6 fps=0.0 q=-1.0 Lsize=      33KiB time=00:00:00.16 bitrate=1677.3kbits/s dup=0 drop=19 speed=0.682x    
[libx264 @ 0x5ede7e0229c0] frame I:1     Avg QP:18.33  size: 30345
[libx264 @ 0x5ede7e0229c0] frame P:2     Avg QP:17.77  size:   406
[libx264 @ 0x5ede7e0229c0] frame B:3     Avg QP:14.20  size:   249
[libx264 @ 0x5ede7e0229c0] consecutive B-frames: 33.3%  0.0%  0.0% 66.7%
[libx264 @ 0x5ede7e0229c0] mb I  I16..4: 25.5% 64.1% 10.4%
[libx264 @ 0x5ede7e0229c0] mb P  I16..4:  0.1%  0.1%  0.0%  P16..4:  0.8%  0.2%  0.1%  0.0%  0.0%    skip:98.7%
[libx264 @ 0x5ede7e0229c0] mb B  I16..4:  0.1%  0.0%  0.0%  B16..8:  1.2%  0.1%  0.0%  direct: 0.0%  skip:98.6%  L0:38.2% L1:59.3% BI: 2.5%
[libx264 @ 0x5ede7e0229c0] 8x8 transform intra:63.9% inter:42.9%
[libx264 @ 0x5ede7e0229c0] coded y,uvDC,uvAC intra: 6.0% 10.1% 9.1% inter: 0.1% 0.0% 0.0%
[libx264 @ 0x5ede7e0229c0] i16 v,h,dc,p: 87% 12%  1%  0%
[libx264 @ 0x5ede7e0229c0] i8 v,h,dc,ddl,ddr,vr,hd,vl,hu: 57%  6% 37%  0%  0%  0%  0%  0%  0%
[libx264 @ 0x5ede7e0229c0] i4 v,h,dc,ddl,ddr,vr,hd,vl,hu: 39% 30% 10%  4%  2%  2%  4%  4%  5%
[libx264 @ 0x5ede7e0229c0] i8c dc,h,v,p: 82%  9%  8%  1%
[libx264 @ 0x5ede7e0229c0] Weighted P-Frames: Y:0.0% UV:0.0%
[libx264 @ 0x5ede7e0229c0] ref P L0: 84.4%  0.0%  4.0% 11.6%
[libx264 @ 0x5ede7e0229c0] ref B L0: 84.4% 15.6%
[libx264 @ 0x5ede7e0229c0] ref B L1: 96.6%  3.4%
[libx264 @ 0x5ede7e0229c0] kb/s:1063.43
ffmpeg version 7.0.2-3ubuntu1 Copyright (c) 2000-2024 the FFmpeg developers
  built with gcc 14 (Ubuntu 14.2.0-2ubuntu1)
  configuration: --prefix=/usr --extra-version=3ubuntu1 --toolchain=hardened --libdir=/usr/lib/x86_64-linux-gnu --incdir=/usr/include/x86_64-linux-gnu --arch=amd64 --enable-gpl --disable-stripping --disable-libmfx --disable-omx --enable-gnutls --enable-libaom --enable-libass --enable-libbs2b --enable-libcdio --enable-libcodec2 --enable-libdav1d --enable-libflite --enable-libfontconfig --enable-libfreetype --enable-libfribidi --enable-libglslang --enable-libgme --enable-libgsm --enable-libharfbuzz --enable-libmp3lame --enable-libmysofa --enable-libopenjpeg --enable-libopenmpt --enable-libopus --enable-librubberband --enable-libshine --enable-libsnappy --enable-libsoxr --enable-libspeex --enable-libtheora --enable-libtwolame --enable-libvidstab --enable-libvorbis --enable-libvpx --enable-libwebp --enable-libx265 --enable-libxml2 --enable-libxvid --enable-libzimg --enable-openal --enable-opencl --enable-opengl --disable-sndio --enable-libvpl --enable-libdc1394 --enable-libdrm --enable-libiec61883 --enable-chromaprint --enable-frei0r --enable-ladspa --enable-libbluray --enable-libcaca --enable-libdvdnav --enable-libdvdread --enable-libjack --enable-libpulse --enable-librabbitmq --enable-librist --enable-libsrt --enable-libssh --enable-libsvtav1 --enable-libx264 --enable-libzmq --enable-libzvbi --enable-lv2 --enable-sdl2 --enable-libplacebo --enable-librav1e --enable-pocketsphinx --enable-librsvg --enable-libjxl --enable-shared
  libavutil      59.  8.100 / 59.  8.100
  libavcodec     61.  3.100 / 61.  3.100
  libavformat    61.  1.100 / 61.  1.100
  libavdevice    61.  1.100 / 61.  1.100
  libavfilter    10.  1.100 / 10.  1.100
  libswscale      8.  1.100 /  8.  1.100
  libswresample   5.  1.100 /  5.  1.100
  libpostproc    58.  1.100 / 58.  1.100
Input #0, concat, from '/home/marco-lasagna/Scaricati/ffmpeg-java/inputFile.txt':
  Duration: N/A, start: 0.000000, bitrate: N/A
  Stream #0:0: Video: mjpeg (Baseline), yuvj420p(pc, bt470bg/unknown/unknown), 4501x4500 [SAR 1:1 DAR 4501:4500], 25 fps, 25 tbr, 25 tbn
Stream mapping:
  Stream #0:0 -> #0:0 (mjpeg (native) -> h264 (libx264))
Press [q] to stop, [?] for help
[swscaler @ 0x75fb98016b00] deprecated pixel format used, make sure you did set range correctly
    Last message repeated 1 times
[swscaler @ 0x75fb98b407c0] deprecated pixel format used, make sure you did set range correctly
    Last message repeated 1 times
[vost#0:0/libx264 @ 0x5a96f8ad0600] No information about the input framerate is available. Falling back to a default value of 25fps. Use the -r option if you want a different framerate.
[libx264 @ 0x5a96f8ac69c0] using SAR=2048/4095
[libx264 @ 0x5a96f8ac69c0] using cpu capabilities: MMX2 SSE2Fast SSSE3 SSE4.2 AVX FMA3 BMI2 AVX2
[libx264 @ 0x5a96f8ac69c0] profile High, level 4.0, 4:2:0, 8-bit
[libx264 @ 0x5a96f8ac69c0] 264 - core 164 r3108 31e19f9 - H.264/MPEG-4 AVC codec - Copyleft 2003-2023 - http://www.videolan.org/x264.html - options: cabac=1 ref=3 deblock=1:0:0 analyse=0x3:0x113 me=hex subme=7 psy=1 psy_rd=1.00:0.00 mixed_ref=1 me_range=16 chroma_me=1 trellis=1 8x8dct=1 cqm=0 deadzone=21,11 fast_pskip=1 chroma_qp_offset=-2 threads=30 lookahead_threads=5 sliced_threads=0 nr=0 decimate=1 interlaced=0 bluray_compat=0 constrained_intra=0 bframes=3 b_pyramid=2 b_adapt=1 b_bias=0 direct=1 weightb=1 open_gop=0 weightp=2 keyint=250 keyint_min=25 scenecut=40 intra_refresh=0 rc_lookahead=40 rc=crf mbtree=1 crf=23.0 qcomp=0.60 qpmin=0 qpmax=69 qpstep=4 ip_ratio=1.40 aq=1:1.00
Output #0, mp4, to './src/test/resources/output/translation/tempVideo/420.mp4':
  Metadata:
    encoder         : Lavf61.1.100
  Stream #0:0: Video: h264 (avc1 / 0x31637661), yuvj420p(pc, progressive), 2048x1024 [SAR 4501:9000 DAR 4501:4500], q=2-31, 25 fps, 12800 tbn
      Metadata:
        encoder         : Lavc61.3.100 libx264
      Side data:
        cpb: bitrate max/min/avg: 0/0/0 buffer size: 0 vbv_delay: N/A
[out#0/mp4 @ 0x5a96f8ace380] video:32KiB audio:0KiB subtitle:0KiB other streams:0KiB global headers:0KiB muxing overhead: 2.922954%
frame=    6 fps=0.0 q=-1.0 Lsize=      33KiB time=00:00:00.16 bitrate=1677.8kbits/s dup=0 drop=19 speed=0.594x    
[libx264 @ 0x5a96f8ac69c0] frame I:1     Avg QP:18.55  size: 30313
[libx264 @ 0x5a96f8ac69c0] frame P:2     Avg QP:18.98  size:   421
[libx264 @ 0x5a96f8ac69c0] frame B:3     Avg QP:25.15  size:   253
[libx264 @ 0x5a96f8ac69c0] consecutive B-frames: 33.3%  0.0%  0.0% 66.7%
[libx264 @ 0x5a96f8ac69c0] mb I  I16..4: 16.8% 72.9% 10.3%
[libx264 @ 0x5a96f8ac69c0] mb P  I16..4:  0.1%  0.1%  0.0%  P16..4:  1.0%  0.1%  0.1%  0.0%  0.0%    skip:98.5%
[libx264 @ 0x5a96f8ac69c0] mb B  I16..4:  0.0%  0.0%  0.0%  B16..8:  1.3%  0.1%  0.0%  direct: 0.0%  skip:98.5%  L0:41.9% L1:55.7% BI: 2.5%
[libx264 @ 0x5a96f8ac69c0] 8x8 transform intra:72.7% inter:40.4%
[libx264 @ 0x5a96f8ac69c0] coded y,uvDC,uvAC intra: 5.9% 10.1% 9.1% inter: 0.1% 0.0% 0.0%
[libx264 @ 0x5a96f8ac69c0] i16 v,h,dc,p: 81% 17%  1%  0%
[libx264 @ 0x5a96f8ac69c0] i8 v,h,dc,ddl,ddr,vr,hd,vl,hu: 59%  8% 33%  0%  0%  0%  0%  0%  0%
[libx264 @ 0x5a96f8ac69c0] i4 v,h,dc,ddl,ddr,vr,hd,vl,hu: 39% 30%  9%  4%  2%  2%  4%  4%  5%
[libx264 @ 0x5a96f8ac69c0] i8c dc,h,v,p: 82%  9%  8%  1%
[libx264 @ 0x5a96f8ac69c0] Weighted P-Frames: Y:0.0% UV:0.0%
[libx264 @ 0x5a96f8ac69c0] ref P L0: 90.3%  0.9%  3.8%  5.0%
[libx264 @ 0x5a96f8ac69c0] ref B L0: 88.9% 11.1%
[libx264 @ 0x5a96f8ac69c0] ref B L1: 97.0%  3.0%
[libx264 @ 0x5a96f8ac69c0] kb/s:1063.80
ffmpeg version 7.0.2-3ubuntu1 Copyright (c) 2000-2024 the FFmpeg developers
  built with gcc 14 (Ubuntu 14.2.0-2ubuntu1)
  configuration: --prefix=/usr --extra-version=3ubuntu1 --toolchain=hardened --libdir=/usr/lib/x86_64-linux-gnu --incdir=/usr/include/x86_64-linux-gnu --arch=amd64 --enable-gpl --disable-stripping --disable-libmfx --disable-omx --enable-gnutls --enable-libaom --enable-libass --enable-libbs2b --enable-libcdio --enable-libcodec2 --enable-libdav1d --enable-libflite --enable-libfontconfig --enable-libfreetype --enable-libfribidi --enable-libglslang --enable-libgme --enable-libgsm --enable-libharfbuzz --enable-libmp3lame --enable-libmysofa --enable-libopenjpeg --enable-libopenmpt --enable-libopus --enable-librubberband --enable-libshine --enable-libsnappy --enable-libsoxr --enable-libspeex --enable-libtheora --enable-libtwolame --enable-libvidstab --enable-libvorbis --enable-libvpx --enable-libwebp --enable-libx265 --enable-libxml2 --enable-libxvid --enable-libzimg --enable-openal --enable-opencl --enable-opengl --disable-sndio --enable-libvpl --enable-libdc1394 --enable-libdrm --enable-libiec61883 --enable-chromaprint --enable-frei0r --enable-ladspa --enable-libbluray --enable-libcaca --enable-libdvdnav --enable-libdvdread --enable-libjack --enable-libpulse --enable-librabbitmq --enable-librist --enable-libsrt --enable-libssh --enable-libsvtav1 --enable-libx264 --enable-libzmq --enable-libzvbi --enable-lv2 --enable-sdl2 --enable-libplacebo --enable-librav1e --enable-pocketsphinx --enable-librsvg --enable-libjxl --enable-shared
  libavutil      59.  8.100 / 59.  8.100
  libavcodec     61.  3.100 / 61.  3.100
  libavformat    61.  1.100 / 61.  1.100
  libavdevice    61.  1.100 / 61.  1.100
  libavfilter    10.  1.100 / 10.  1.100
  libswscale      8.  1.100 /  8.  1.100
  libswresample   5.  1.100 /  5.  1.100
  libpostproc    58.  1.100 / 58.  1.100
Input #0, concat, from '/home/marco-lasagna/Scaricati/ffmpeg-java/inputFile.txt':
  Duration: N/A, start: 0.000000, bitrate: N/A
  Stream #0:0: Video: mjpeg (Baseline), yuvj420p(pc, bt470bg/unknown/unknown), 4501x4500 [SAR 1:1 DAR 4501:4500], 25 fps, 25 tbr, 25 tbn
Stream mapping:
  Stream #0:0 -> #0:0 (mjpeg (native) -> h264 (libx264))
Press [q] to stop, [?] for help
[swscaler @ 0x778b4c016b00] deprecated pixel format used, make sure you did set range correctly
    Last message repeated 1 times
[swscaler @ 0x778b4cb407c0] deprecated pixel format used, make sure you did set range correctly
    Last message repeated 1 times
[vost#0:0/libx264 @ 0x60b9e7333600] No information about the input framerate is available. Falling back to a default value of 25fps. Use the -r option if you want a different framerate.
[libx264 @ 0x60b9e73299c0] using SAR=2048/4095
[libx264 @ 0x60b9e73299c0] using cpu capabilities: MMX2 SSE2Fast SSSE3 SSE4.2 AVX FMA3 BMI2 AVX2
[libx264 @ 0x60b9e73299c0] profile High, level 4.0, 4:2:0, 8-bit
[libx264 @ 0x60b9e73299c0] 264 - core 164 r3108 31e19f9 - H.264/MPEG-4 AVC codec - Copyleft 2003-2023 - http://www.videolan.org/x264.html - options: cabac=1 ref=3 deblock=1:0:0 analyse=0x3:0x113 me=hex subme=7 psy=1 psy_rd=1.00:0.00 mixed_ref=1 me_range=16 chroma_me=1 trellis=1 8x8dct=1 cqm=0 deadzone=21,11 fast_pskip=1 chroma_qp_offset=-2 threads=30 lookahead_threads=5 sliced_threads=0 nr=0 decimate=1 interlaced=0 bluray_compat=0 constrained_intra=0 bframes=3 b_pyramid=2 b_adapt=1 b_bias=0 direct=1 weightb=1 open_gop=0 weightp=2 keyint=250 keyint_min=25 scenecut=40 intra_refresh=0 rc_lookahead=40 rc=crf mbtree=1 crf=23.0 qcomp=0.60 qpmin=0 qpmax=69 qpstep=4 ip_ratio=1.40 aq=1:1.00
Output #0, mp4, to './src/test/resources/output/translation/tempVideo/430.mp4':
  Metadata:
    encoder         : Lavf61.1.100
  Stream #0:0: Video: h264 (avc1 / 0x31637661), yuvj420p(pc, progressive), 2048x1024 [SAR 4501:9000 DAR 4501:4500], q=2-31, 25 fps, 12800 tbn
      Metadata:
        encoder         : Lavc61.3.100 libx264
      Side data:
        cpb: bitrate max/min/avg: 0/0/0 buffer size: 0 vbv_delay: N/A
[out#0/mp4 @ 0x60b9e7331380] video:32KiB audio:0KiB subtitle:0KiB other streams:0KiB global headers:0KiB muxing overhead: 2.921252%
frame=    6 fps=0.0 q=-1.0 Lsize=      33KiB time=00:00:00.16 bitrate=1678.8kbits/s dup=0 drop=19 speed=0.656x    
[libx264 @ 0x60b9e73299c0] frame I:1     Avg QP:18.39  size: 30324
[libx264 @ 0x60b9e73299c0] frame P:2     Avg QP:17.17  size:   414
[libx264 @ 0x60b9e73299c0] frame B:3     Avg QP:17.64  size:   260
[libx264 @ 0x60b9e73299c0] consecutive B-frames: 33.3%  0.0%  0.0% 66.7%
[libx264 @ 0x60b9e73299c0] mb I  I16..4: 25.6% 64.0% 10.4%
[libx264 @ 0x60b9e73299c0] mb P  I16..4:  0.1%  0.1%  0.0%  P16..4:  1.2%  0.2%  0.0%  0.0%  0.0%    skip:98.3%
[libx264 @ 0x60b9e73299c0] mb B  I16..4:  0.0%  0.0%  0.0%  B16..8:  1.2%  0.1%  0.0%  direct: 0.0%  skip:98.6%  L0:56.7% L1:41.2% BI: 2.1%
[libx264 @ 0x60b9e73299c0] 8x8 transform intra:63.9% inter:19.5%
[libx264 @ 0x60b9e73299c0] coded y,uvDC,uvAC intra: 6.0% 10.2% 9.1% inter: 0.1% 0.0% 0.0%
[libx264 @ 0x60b9e73299c0] i16 v,h,dc,p: 87% 12%  1%  0%
[libx264 @ 0x60b9e73299c0] i8 v,h,dc,ddl,ddr,vr,hd,vl,hu: 53% 13% 34%  0%  0%  0%  0%  0%  0%
[libx264 @ 0x60b9e73299c0] i4 v,h,dc,ddl,ddr,vr,hd,vl,hu: 39% 30% 10%  4%  2%  2%  4%  4%  5%
[libx264 @ 0x60b9e73299c0] i8c dc,h,v,p: 82%  9%  8%  1%
[libx264 @ 0x60b9e73299c0] Weighted P-Frames: Y:0.0% UV:0.0%
[libx264 @ 0x60b9e73299c0] ref P L0: 93.0%  0.6%  2.3%  4.1%
[libx264 @ 0x60b9e73299c0] ref B L0: 90.3%  9.7%
[libx264 @ 0x60b9e73299c0] ref B L1: 97.9%  2.1%
[libx264 @ 0x60b9e73299c0] kb/s:1064.43
ffmpeg version 7.0.2-3ubuntu1 Copyright (c) 2000-2024 the FFmpeg developers
  built with gcc 14 (Ubuntu 14.2.0-2ubuntu1)
  configuration: --prefix=/usr --extra-version=3ubuntu1 --toolchain=hardened --libdir=/usr/lib/x86_64-linux-gnu --incdir=/usr/include/x86_64-linux-gnu --arch=amd64 --enable-gpl --disable-stripping --disable-libmfx --disable-omx --enable-gnutls --enable-libaom --enable-libass --enable-libbs2b --enable-libcdio --enable-libcodec2 --enable-libdav1d --enable-libflite --enable-libfontconfig --enable-libfreetype --enable-libfribidi --enable-libglslang --enable-libgme --enable-libgsm --enable-libharfbuzz --enable-libmp3lame --enable-libmysofa --enable-libopenjpeg --enable-libopenmpt --enable-libopus --enable-librubberband --enable-libshine --enable-libsnappy --enable-libsoxr --enable-libspeex --enable-libtheora --enable-libtwolame --enable-libvidstab --enable-libvorbis --enable-libvpx --enable-libwebp --enable-libx265 --enable-libxml2 --enable-libxvid --enable-libzimg --enable-openal --enable-opencl --enable-opengl --disable-sndio --enable-libvpl --enable-libdc1394 --enable-libdrm --enable-libiec61883 --enable-chromaprint --enable-frei0r --enable-ladspa --enable-libbluray --enable-libcaca --enable-libdvdnav --enable-libdvdread --enable-libjack --enable-libpulse --enable-librabbitmq --enable-librist --enable-libsrt --enable-libssh --enable-libsvtav1 --enable-libx264 --enable-libzmq --enable-libzvbi --enable-lv2 --enable-sdl2 --enable-libplacebo --enable-librav1e --enable-pocketsphinx --enable-librsvg --enable-libjxl --enable-shared
  libavutil      59.  8.100 / 59.  8.100
  libavcodec     61.  3.100 / 61.  3.100
  libavformat    61.  1.100 / 61.  1.100
  libavdevice    61.  1.100 / 61.  1.100
  libavfilter    10.  1.100 / 10.  1.100
  libswscale      8.  1.100 /  8.  1.100
  libswresample   5.  1.100 /  5.  1.100
  libpostproc    58.  1.100 / 58.  1.100
Input #0, concat, from '/home/marco-lasagna/Scaricati/ffmpeg-java/inputFile.txt':
  Duration: N/A, start: 0.000000, bitrate: N/A
  Stream #0:0: Video: mjpeg (Baseline), yuvj420p(pc, bt470bg/unknown/unknown), 4501x4500 [SAR 1:1 DAR 4501:4500], 25 fps, 25 tbr, 25 tbn
Stream mapping:
  Stream #0:0 -> #0:0 (mjpeg (native) -> h264 (libx264))
Press [q] to stop, [?] for help
[swscaler @ 0x7ca364016b00] deprecated pixel format used, make sure you did set range correctly
    Last message repeated 1 times
[swscaler @ 0x7ca364b407c0] deprecated pixel format used, make sure you did set range correctly
    Last message repeated 1 times
[vost#0:0/libx264 @ 0x5d3086ef4600] No information about the input framerate is available. Falling back to a default value of 25fps. Use the -r option if you want a different framerate.
[libx264 @ 0x5d3086eea9c0] using SAR=2048/4095
[libx264 @ 0x5d3086eea9c0] using cpu capabilities: MMX2 SSE2Fast SSSE3 SSE4.2 AVX FMA3 BMI2 AVX2
[libx264 @ 0x5d3086eea9c0] profile High, level 4.0, 4:2:0, 8-bit
[libx264 @ 0x5d3086eea9c0] 264 - core 164 r3108 31e19f9 - H.264/MPEG-4 AVC codec - Copyleft 2003-2023 - http://www.videolan.org/x264.html - options: cabac=1 ref=3 deblock=1:0:0 analyse=0x3:0x113 me=hex subme=7 psy=1 psy_rd=1.00:0.00 mixed_ref=1 me_range=16 chroma_me=1 trellis=1 8x8dct=1 cqm=0 deadzone=21,11 fast_pskip=1 chroma_qp_offset=-2 threads=30 lookahead_threads=5 sliced_threads=0 nr=0 decimate=1 interlaced=0 bluray_compat=0 constrained_intra=0 bframes=3 b_pyramid=2 b_adapt=1 b_bias=0 direct=1 weightb=1 open_gop=0 weightp=2 keyint=250 keyint_min=25 scenecut=40 intra_refresh=0 rc_lookahead=40 rc=crf mbtree=1 crf=23.0 qcomp=0.60 qpmin=0 qpmax=69 qpstep=4 ip_ratio=1.40 aq=1:1.00
Output #0, mp4, to './src/test/resources/output/translation/tempVideo/440.mp4':
  Metadata:
    encoder         : Lavf61.1.100
  Stream #0:0: Video: h264 (avc1 / 0x31637661), yuvj420p(pc, progressive), 2048x1024 [SAR 4501:9000 DAR 4501:4500], q=2-31, 25 fps, 12800 tbn
      Metadata:
        encoder         : Lavc61.3.100 libx264
      Side data:
        cpb: bitrate max/min/avg: 0/0/0 buffer size: 0 vbv_delay: N/A
[out#0/mp4 @ 0x5d3086ef2380] video:32KiB audio:0KiB subtitle:0KiB other streams:0KiB global headers:0KiB muxing overhead: 2.916424%
frame=    6 fps=0.0 q=-1.0 Lsize=      33KiB time=00:00:00.16 bitrate=1681.5kbits/s dup=0 drop=19 speed=0.669x    
[libx264 @ 0x5d3086eea9c0] frame I:1     Avg QP:18.58  size: 30342
[libx264 @ 0x5d3086eea9c0] frame P:2     Avg QP:17.06  size:   430
[libx264 @ 0x5d3086eea9c0] frame B:3     Avg QP:13.63  size:   262
[libx264 @ 0x5d3086eea9c0] consecutive B-frames: 33.3%  0.0%  0.0% 66.7%
[libx264 @ 0x5d3086eea9c0] mb I  I16..4: 25.7% 63.8% 10.5%
[libx264 @ 0x5d3086eea9c0] mb P  I16..4:  0.1%  0.2%  0.0%  P16..4:  1.3%  0.2%  0.0%  0.0%  0.0%    skip:98.2%
[libx264 @ 0x5d3086eea9c0] mb B  I16..4:  0.1%  0.0%  0.0%  B16..8:  1.4%  0.1%  0.0%  direct: 0.0%  skip:98.4%  L0:40.8% L1:55.9% BI: 3.2%
[libx264 @ 0x5d3086eea9c0] 8x8 transform intra:63.7% inter:21.9%
[libx264 @ 0x5d3086eea9c0] coded y,uvDC,uvAC intra: 6.0% 10.1% 9.1% inter: 0.1% 0.0% 0.0%
[libx264 @ 0x5d3086eea9c0] i16 v,h,dc,p: 87% 12%  1%  0%
[libx264 @ 0x5d3086eea9c0] i8 v,h,dc,ddl,ddr,vr,hd,vl,hu: 60%  6% 33%  0%  0%  0%  0%  0%  0%
[libx264 @ 0x5d3086eea9c0] i4 v,h,dc,ddl,ddr,vr,hd,vl,hu: 39% 30% 10%  4%  2%  2%  4%  4%  5%
[libx264 @ 0x5d3086eea9c0] i8c dc,h,v,p: 82%  9%  8%  1%
[libx264 @ 0x5d3086eea9c0] Weighted P-Frames: Y:0.0% UV:0.0%
[libx264 @ 0x5d3086eea9c0] ref P L0: 92.6%  0.4%  2.2%  4.8%
[libx264 @ 0x5d3086eea9c0] ref B L0: 81.2% 18.8%
[libx264 @ 0x5d3086eea9c0] ref B L1: 99.1%  0.9%
[libx264 @ 0x5d3086eea9c0] kb/s:1066.23
ffmpeg version 7.0.2-3ubuntu1 Copyright (c) 2000-2024 the FFmpeg developers
  built with gcc 14 (Ubuntu 14.2.0-2ubuntu1)
  configuration: --prefix=/usr --extra-version=3ubuntu1 --toolchain=hardened --libdir=/usr/lib/x86_64-linux-gnu --incdir=/usr/include/x86_64-linux-gnu --arch=amd64 --enable-gpl --disable-stripping --disable-libmfx --disable-omx --enable-gnutls --enable-libaom --enable-libass --enable-libbs2b --enable-libcdio --enable-libcodec2 --enable-libdav1d --enable-libflite --enable-libfontconfig --enable-libfreetype --enable-libfribidi --enable-libglslang --enable-libgme --enable-libgsm --enable-libharfbuzz --enable-libmp3lame --enable-libmysofa --enable-libopenjpeg --enable-libopenmpt --enable-libopus --enable-librubberband --enable-libshine --enable-libsnappy --enable-libsoxr --enable-libspeex --enable-libtheora --enable-libtwolame --enable-libvidstab --enable-libvorbis --enable-libvpx --enable-libwebp --enable-libx265 --enable-libxml2 --enable-libxvid --enable-libzimg --enable-openal --enable-opencl --enable-opengl --disable-sndio --enable-libvpl --enable-libdc1394 --enable-libdrm --enable-libiec61883 --enable-chromaprint --enable-frei0r --enable-ladspa --enable-libbluray --enable-libcaca --enable-libdvdnav --enable-libdvdread --enable-libjack --enable-libpulse --enable-librabbitmq --enable-librist --enable-libsrt --enable-libssh --enable-libsvtav1 --enable-libx264 --enable-libzmq --enable-libzvbi --enable-lv2 --enable-sdl2 --enable-libplacebo --enable-librav1e --enable-pocketsphinx --enable-librsvg --enable-libjxl --enable-shared
  libavutil      59.  8.100 / 59.  8.100
  libavcodec     61.  3.100 / 61.  3.100
  libavformat    61.  1.100 / 61.  1.100
  libavdevice    61.  1.100 / 61.  1.100
  libavfilter    10.  1.100 / 10.  1.100
  libswscale      8.  1.100 /  8.  1.100
  libswresample   5.  1.100 /  5.  1.100
  libpostproc    58.  1.100 / 58.  1.100
Input #0, concat, from '/home/marco-lasagna/Scaricati/ffmpeg-java/inputFile.txt':
  Duration: N/A, start: 0.000000, bitrate: N/A
  Stream #0:0: Video: mjpeg (Baseline), yuvj420p(pc, bt470bg/unknown/unknown), 4501x4500 [SAR 1:1 DAR 4501:4500], 25 fps, 25 tbr, 25 tbn
Stream mapping:
  Stream #0:0 -> #0:0 (mjpeg (native) -> h264 (libx264))
Press [q] to stop, [?] for help
[swscaler @ 0x78faf0016b00] deprecated pixel format used, make sure you did set range correctly
    Last message repeated 1 times
[swscaler @ 0x78faf0b407c0] deprecated pixel format used, make sure you did set range correctly
    Last message repeated 1 times
[vost#0:0/libx264 @ 0x634e272d9600] No information about the input framerate is available. Falling back to a default value of 25fps. Use the -r option if you want a different framerate.
[libx264 @ 0x634e272cf9c0] using SAR=2048/4095
[libx264 @ 0x634e272cf9c0] using cpu capabilities: MMX2 SSE2Fast SSSE3 SSE4.2 AVX FMA3 BMI2 AVX2
[libx264 @ 0x634e272cf9c0] profile High, level 4.0, 4:2:0, 8-bit
[libx264 @ 0x634e272cf9c0] 264 - core 164 r3108 31e19f9 - H.264/MPEG-4 AVC codec - Copyleft 2003-2023 - http://www.videolan.org/x264.html - options: cabac=1 ref=3 deblock=1:0:0 analyse=0x3:0x113 me=hex subme=7 psy=1 psy_rd=1.00:0.00 mixed_ref=1 me_range=16 chroma_me=1 trellis=1 8x8dct=1 cqm=0 deadzone=21,11 fast_pskip=1 chroma_qp_offset=-2 threads=30 lookahead_threads=5 sliced_threads=0 nr=0 decimate=1 interlaced=0 bluray_compat=0 constrained_intra=0 bframes=3 b_pyramid=2 b_adapt=1 b_bias=0 direct=1 weightb=1 open_gop=0 weightp=2 keyint=250 keyint_min=25 scenecut=40 intra_refresh=0 rc_lookahead=40 rc=crf mbtree=1 crf=23.0 qcomp=0.60 qpmin=0 qpmax=69 qpstep=4 ip_ratio=1.40 aq=1:1.00
Output #0, mp4, to './src/test/resources/output/translation/tempVideo/450.mp4':
  Metadata:
    encoder         : Lavf61.1.100
  Stream #0:0: Video: h264 (avc1 / 0x31637661), yuvj420p(pc, progressive), 2048x1024 [SAR 4501:9000 DAR 4501:4500], q=2-31, 25 fps, 12800 tbn
      Metadata:
        encoder         : Lavc61.3.100 libx264
      Side data:
        cpb: bitrate max/min/avg: 0/0/0 buffer size: 0 vbv_delay: N/A
[out#0/mp4 @ 0x634e272d7380] video:32KiB audio:0KiB subtitle:0KiB other streams:0KiB global headers:0KiB muxing overhead: 2.911880%
frame=    6 fps=0.0 q=-1.0 Lsize=      33KiB time=00:00:00.16 bitrate=1684.0kbits/s dup=0 drop=19 speed=0.648x    
[libx264 @ 0x634e272cf9c0] frame I:1     Avg QP:18.57  size: 30351
[libx264 @ 0x634e272cf9c0] frame P:2     Avg QP:20.54  size:   436
[libx264 @ 0x634e272cf9c0] frame B:3     Avg QP:18.22  size:   271
[libx264 @ 0x634e272cf9c0] consecutive B-frames: 33.3%  0.0%  0.0% 66.7%
[libx264 @ 0x634e272cf9c0] mb I  I16..4: 16.8% 72.8% 10.5%
[libx264 @ 0x634e272cf9c0] mb P  I16..4:  0.1%  0.1%  0.0%  P16..4:  1.2%  0.2%  0.0%  0.0%  0.0%    skip:98.3%
[libx264 @ 0x634e272cf9c0] mb B  I16..4:  0.1%  0.0%  0.0%  B16..8:  1.3%  0.1%  0.0%  direct: 0.0%  skip:98.5%  L0:36.8% L1:61.4% BI: 1.8%
[libx264 @ 0x634e272cf9c0] 8x8 transform intra:72.6% inter:39.0%
[libx264 @ 0x634e272cf9c0] coded y,uvDC,uvAC intra: 6.0% 10.2% 9.1% inter: 0.1% 0.0% 0.0%
[libx264 @ 0x634e272cf9c0] i16 v,h,dc,p: 82% 17%  1%  0%
[libx264 @ 0x634e272cf9c0] i8 v,h,dc,ddl,ddr,vr,hd,vl,hu: 58%  8% 33%  0%  0%  0%  0%  0%  0%
[libx264 @ 0x634e272cf9c0] i4 v,h,dc,ddl,ddr,vr,hd,vl,hu: 40% 29%  9%  4%  2%  2%  4%  4%  5%
[libx264 @ 0x634e272cf9c0] i8c dc,h,v,p: 82%  9%  8%  1%
[libx264 @ 0x634e272cf9c0] Weighted P-Frames: Y:0.0% UV:0.0%
[libx264 @ 0x634e272cf9c0] ref P L0: 88.4%  0.5%  2.1%  9.0%
[libx264 @ 0x634e272cf9c0] ref B L0: 79.9% 20.1%
[libx264 @ 0x634e272cf9c0] ref B L1: 98.6%  1.4%
[libx264 @ 0x634e272cf9c0] kb/s:1067.93
ffmpeg version 7.0.2-3ubuntu1 Copyright (c) 2000-2024 the FFmpeg developers
  built with gcc 14 (Ubuntu 14.2.0-2ubuntu1)
  configuration: --prefix=/usr --extra-version=3ubuntu1 --toolchain=hardened --libdir=/usr/lib/x86_64-linux-gnu --incdir=/usr/include/x86_64-linux-gnu --arch=amd64 --enable-gpl --disable-stripping --disable-libmfx --disable-omx --enable-gnutls --enable-libaom --enable-libass --enable-libbs2b --enable-libcdio --enable-libcodec2 --enable-libdav1d --enable-libflite --enable-libfontconfig --enable-libfreetype --enable-libfribidi --enable-libglslang --enable-libgme --enable-libgsm --enable-libharfbuzz --enable-libmp3lame --enable-libmysofa --enable-libopenjpeg --enable-libopenmpt --enable-libopus --enable-librubberband --enable-libshine --enable-libsnappy --enable-libsoxr --enable-libspeex --enable-libtheora --enable-libtwolame --enable-libvidstab --enable-libvorbis --enable-libvpx --enable-libwebp --enable-libx265 --enable-libxml2 --enable-libxvid --enable-libzimg --enable-openal --enable-opencl --enable-opengl --disable-sndio --enable-libvpl --enable-libdc1394 --enable-libdrm --enable-libiec61883 --enable-chromaprint --enable-frei0r --enable-ladspa --enable-libbluray --enable-libcaca --enable-libdvdnav --enable-libdvdread --enable-libjack --enable-libpulse --enable-librabbitmq --enable-librist --enable-libsrt --enable-libssh --enable-libsvtav1 --enable-libx264 --enable-libzmq --enable-libzvbi --enable-lv2 --enable-sdl2 --enable-libplacebo --enable-librav1e --enable-pocketsphinx --enable-librsvg --enable-libjxl --enable-shared
  libavutil      59.  8.100 / 59.  8.100
  libavcodec     61.  3.100 / 61.  3.100
  libavformat    61.  1.100 / 61.  1.100
  libavdevice    61.  1.100 / 61.  1.100
  libavfilter    10.  1.100 / 10.  1.100
  libswscale      8.  1.100 /  8.  1.100
  libswresample   5.  1.100 /  5.  1.100
  libpostproc    58.  1.100 / 58.  1.100
Input #0, concat, from '/home/marco-lasagna/Scaricati/ffmpeg-java/inputFile.txt':
  Duration: N/A, start: 0.000000, bitrate: N/A
  Stream #0:0: Video: mjpeg (Baseline), yuvj420p(pc, bt470bg/unknown/unknown), 4501x4500 [SAR 1:1 DAR 4501:4500], 25 fps, 25 tbr, 25 tbn
Stream mapping:
  Stream #0:0 -> #0:0 (mjpeg (native) -> h264 (libx264))
Press [q] to stop, [?] for help
[swscaler @ 0x765a30016b00] deprecated pixel format used, make sure you did set range correctly
    Last message repeated 1 times
[swscaler @ 0x765a30b407c0] deprecated pixel format used, make sure you did set range correctly
    Last message repeated 1 times
[vost#0:0/libx264 @ 0x62a04fa73600] No information about the input framerate is available. Falling back to a default value of 25fps. Use the -r option if you want a different framerate.
[libx264 @ 0x62a04fa699c0] using SAR=2048/4095
[libx264 @ 0x62a04fa699c0] using cpu capabilities: MMX2 SSE2Fast SSSE3 SSE4.2 AVX FMA3 BMI2 AVX2
[libx264 @ 0x62a04fa699c0] profile High, level 4.0, 4:2:0, 8-bit
[libx264 @ 0x62a04fa699c0] 264 - core 164 r3108 31e19f9 - H.264/MPEG-4 AVC codec - Copyleft 2003-2023 - http://www.videolan.org/x264.html - options: cabac=1 ref=3 deblock=1:0:0 analyse=0x3:0x113 me=hex subme=7 psy=1 psy_rd=1.00:0.00 mixed_ref=1 me_range=16 chroma_me=1 trellis=1 8x8dct=1 cqm=0 deadzone=21,11 fast_pskip=1 chroma_qp_offset=-2 threads=30 lookahead_threads=5 sliced_threads=0 nr=0 decimate=1 interlaced=0 bluray_compat=0 constrained_intra=0 bframes=3 b_pyramid=2 b_adapt=1 b_bias=0 direct=1 weightb=1 open_gop=0 weightp=2 keyint=250 keyint_min=25 scenecut=40 intra_refresh=0 rc_lookahead=40 rc=crf mbtree=1 crf=23.0 qcomp=0.60 qpmin=0 qpmax=69 qpstep=4 ip_ratio=1.40 aq=1:1.00
Output #0, mp4, to './src/test/resources/output/translation/tempVideo/460.mp4':
  Metadata:
    encoder         : Lavf61.1.100
  Stream #0:0: Video: h264 (avc1 / 0x31637661), yuvj420p(pc, progressive), 2048x1024 [SAR 4501:9000 DAR 4501:4500], q=2-31, 25 fps, 12800 tbn
      Metadata:
        encoder         : Lavc61.3.100 libx264
      Side data:
        cpb: bitrate max/min/avg: 0/0/0 buffer size: 0 vbv_delay: N/A
[out#0/mp4 @ 0x62a04fa71380] video:32KiB audio:0KiB subtitle:0KiB other streams:0KiB global headers:0KiB muxing overhead: 2.916781%
frame=    6 fps=0.0 q=-1.0 Lsize=      33KiB time=00:00:00.16 bitrate=1681.3kbits/s dup=0 drop=19 speed=0.675x    
[libx264 @ 0x62a04fa699c0] frame I:1     Avg QP:18.53  size: 30351
[libx264 @ 0x62a04fa699c0] frame P:2     Avg QP:17.83  size:   438
[libx264 @ 0x62a04fa699c0] frame B:3     Avg QP:22.70  size:   252
[libx264 @ 0x62a04fa699c0] consecutive B-frames: 33.3%  0.0%  0.0% 66.7%
[libx264 @ 0x62a04fa699c0] mb I  I16..4: 25.6% 63.9% 10.5%
[libx264 @ 0x62a04fa699c0] mb P  I16..4:  0.1%  0.1%  0.0%  P16..4:  1.3%  0.1%  0.0%  0.0%  0.0%    skip:98.3%
[libx264 @ 0x62a04fa699c0] mb B  I16..4:  0.0%  0.0%  0.0%  B16..8:  1.3%  0.1%  0.0%  direct: 0.0%  skip:98.5%  L0:64.2% L1:33.5% BI: 2.3%
[libx264 @ 0x62a04fa699c0] 8x8 transform intra:63.8% inter:37.7%
[libx264 @ 0x62a04fa699c0] coded y,uvDC,uvAC intra: 6.0% 10.2% 9.1% inter: 0.1% 0.0% 0.0%
[libx264 @ 0x62a04fa699c0] i16 v,h,dc,p: 88% 12%  1%  0%
[libx264 @ 0x62a04fa699c0] i8 v,h,dc,ddl,ddr,vr,hd,vl,hu: 59%  8% 33%  0%  0%  0%  0%  0%  0%
[libx264 @ 0x62a04fa699c0] i4 v,h,dc,ddl,ddr,vr,hd,vl,hu: 39% 30% 10%  4%  2%  2%  4%  4%  5%
[libx264 @ 0x62a04fa699c0] i8c dc,h,v,p: 82%  9%  8%  1%
[libx264 @ 0x62a04fa699c0] Weighted P-Frames: Y:0.0% UV:0.0%
[libx264 @ 0x62a04fa699c0] ref P L0: 90.0%  0.0%  2.1%  8.0%
[libx264 @ 0x62a04fa699c0] ref B L0: 86.6% 13.4%
[libx264 @ 0x62a04fa699c0] ref B L1: 97.6%  2.4%
[libx264 @ 0x62a04fa699c0] kb/s:1066.10
ffmpeg version 7.0.2-3ubuntu1 Copyright (c) 2000-2024 the FFmpeg developers
  built with gcc 14 (Ubuntu 14.2.0-2ubuntu1)
  configuration: --prefix=/usr --extra-version=3ubuntu1 --toolchain=hardened --libdir=/usr/lib/x86_64-linux-gnu --incdir=/usr/include/x86_64-linux-gnu --arch=amd64 --enable-gpl --disable-stripping --disable-libmfx --disable-omx --enable-gnutls --enable-libaom --enable-libass --enable-libbs2b --enable-libcdio --enable-libcodec2 --enable-libdav1d --enable-libflite --enable-libfontconfig --enable-libfreetype --enable-libfribidi --enable-libglslang --enable-libgme --enable-libgsm --enable-libharfbuzz --enable-libmp3lame --enable-libmysofa --enable-libopenjpeg --enable-libopenmpt --enable-libopus --enable-librubberband --enable-libshine --enable-libsnappy --enable-libsoxr --enable-libspeex --enable-libtheora --enable-libtwolame --enable-libvidstab --enable-libvorbis --enable-libvpx --enable-libwebp --enable-libx265 --enable-libxml2 --enable-libxvid --enable-libzimg --enable-openal --enable-opencl --enable-opengl --disable-sndio --enable-libvpl --enable-libdc1394 --enable-libdrm --enable-libiec61883 --enable-chromaprint --enable-frei0r --enable-ladspa --enable-libbluray --enable-libcaca --enable-libdvdnav --enable-libdvdread --enable-libjack --enable-libpulse --enable-librabbitmq --enable-librist --enable-libsrt --enable-libssh --enable-libsvtav1 --enable-libx264 --enable-libzmq --enable-libzvbi --enable-lv2 --enable-sdl2 --enable-libplacebo --enable-librav1e --enable-pocketsphinx --enable-librsvg --enable-libjxl --enable-shared
  libavutil      59.  8.100 / 59.  8.100
  libavcodec     61.  3.100 / 61.  3.100
  libavformat    61.  1.100 / 61.  1.100
  libavdevice    61.  1.100 / 61.  1.100
  libavfilter    10.  1.100 / 10.  1.100
  libswscale      8.  1.100 /  8.  1.100
  libswresample   5.  1.100 /  5.  1.100
  libpostproc    58.  1.100 / 58.  1.100
Input #0, concat, from '/home/marco-lasagna/Scaricati/ffmpeg-java/inputFile.txt':
  Duration: N/A, start: 0.000000, bitrate: N/A
  Stream #0:0: Video: mjpeg (Baseline), yuvj420p(pc, bt470bg/unknown/unknown), 4501x4500 [SAR 1:1 DAR 4501:4500], 25 fps, 25 tbr, 25 tbn
Stream mapping:
  Stream #0:0 -> #0:0 (mjpeg (native) -> h264 (libx264))
Press [q] to stop, [?] for help
[swscaler @ 0x77d1dc016b00] deprecated pixel format used, make sure you did set range correctly
    Last message repeated 1 times
[swscaler @ 0x77d1dcb407c0] deprecated pixel format used, make sure you did set range correctly
    Last message repeated 1 times
[vost#0:0/libx264 @ 0x63e1b86d1600] No information about the input framerate is available. Falling back to a default value of 25fps. Use the -r option if you want a different framerate.
[libx264 @ 0x63e1b86c79c0] using SAR=2048/4095
[libx264 @ 0x63e1b86c79c0] using cpu capabilities: MMX2 SSE2Fast SSSE3 SSE4.2 AVX FMA3 BMI2 AVX2
[libx264 @ 0x63e1b86c79c0] profile High, level 4.0, 4:2:0, 8-bit
[libx264 @ 0x63e1b86c79c0] 264 - core 164 r3108 31e19f9 - H.264/MPEG-4 AVC codec - Copyleft 2003-2023 - http://www.videolan.org/x264.html - options: cabac=1 ref=3 deblock=1:0:0 analyse=0x3:0x113 me=hex subme=7 psy=1 psy_rd=1.00:0.00 mixed_ref=1 me_range=16 chroma_me=1 trellis=1 8x8dct=1 cqm=0 deadzone=21,11 fast_pskip=1 chroma_qp_offset=-2 threads=30 lookahead_threads=5 sliced_threads=0 nr=0 decimate=1 interlaced=0 bluray_compat=0 constrained_intra=0 bframes=3 b_pyramid=2 b_adapt=1 b_bias=0 direct=1 weightb=1 open_gop=0 weightp=2 keyint=250 keyint_min=25 scenecut=40 intra_refresh=0 rc_lookahead=40 rc=crf mbtree=1 crf=23.0 qcomp=0.60 qpmin=0 qpmax=69 qpstep=4 ip_ratio=1.40 aq=1:1.00
Output #0, mp4, to './src/test/resources/output/translation/tempVideo/470.mp4':
  Metadata:
    encoder         : Lavf61.1.100
  Stream #0:0: Video: h264 (avc1 / 0x31637661), yuvj420p(pc, progressive), 2048x1024 [SAR 4501:9000 DAR 4501:4500], q=2-31, 25 fps, 12800 tbn
      Metadata:
        encoder         : Lavc61.3.100 libx264
      Side data:
        cpb: bitrate max/min/avg: 0/0/0 buffer size: 0 vbv_delay: N/A
[out#0/mp4 @ 0x63e1b86cf380] video:32KiB audio:0KiB subtitle:0KiB other streams:0KiB global headers:0KiB muxing overhead: 2.910812%
frame=    6 fps=0.0 q=-1.0 Lsize=      33KiB time=00:00:00.16 bitrate=1684.7kbits/s dup=0 drop=19 speed=0.669x    
[libx264 @ 0x63e1b86c79c0] frame I:1     Avg QP:18.69  size: 30389
[libx264 @ 0x63e1b86c79c0] frame P:2     Avg QP:18.44  size:   425
[libx264 @ 0x63e1b86c79c0] frame B:3     Avg QP:18.95  size:   270
[libx264 @ 0x63e1b86c79c0] consecutive B-frames: 33.3%  0.0%  0.0% 66.7%
[libx264 @ 0x63e1b86c79c0] mb I  I16..4: 25.6% 63.9% 10.5%
[libx264 @ 0x63e1b86c79c0] mb P  I16..4:  0.1%  0.2%  0.0%  P16..4:  1.2%  0.2%  0.0%  0.0%  0.0%    skip:98.3%
[libx264 @ 0x63e1b86c79c0] mb B  I16..4:  0.1%  0.0%  0.0%  B16..8:  1.3%  0.1%  0.0%  direct: 0.0%  skip:98.5%  L0:55.3% L1:42.1% BI: 2.6%
[libx264 @ 0x63e1b86c79c0] 8x8 transform intra:63.8% inter:40.4%
[libx264 @ 0x63e1b86c79c0] coded y,uvDC,uvAC intra: 5.9% 10.1% 9.1% inter: 0.1% 0.0% 0.0%
[libx264 @ 0x63e1b86c79c0] i16 v,h,dc,p: 87% 12%  1%  0%
[libx264 @ 0x63e1b86c79c0] i8 v,h,dc,ddl,ddr,vr,hd,vl,hu: 59%  8% 33%  0%  0%  0%  0%  0%  0%
[libx264 @ 0x63e1b86c79c0] i4 v,h,dc,ddl,ddr,vr,hd,vl,hu: 40% 29% 10%  4%  2%  2%  4%  4%  5%
[libx264 @ 0x63e1b86c79c0] i8c dc,h,v,p: 82%  9%  8%  1%
[libx264 @ 0x63e1b86c79c0] Weighted P-Frames: Y:0.0% UV:0.0%
[libx264 @ 0x63e1b86c79c0] ref P L0: 95.2%  0.0%  2.0%  2.9%
[libx264 @ 0x63e1b86c79c0] ref B L0: 93.0%  7.0%
[libx264 @ 0x63e1b86c79c0] ref B L1: 94.0%  6.0%
[libx264 @ 0x63e1b86c79c0] kb/s:1068.33
ffmpeg version 7.0.2-3ubuntu1 Copyright (c) 2000-2024 the FFmpeg developers
  built with gcc 14 (Ubuntu 14.2.0-2ubuntu1)
  configuration: --prefix=/usr --extra-version=3ubuntu1 --toolchain=hardened --libdir=/usr/lib/x86_64-linux-gnu --incdir=/usr/include/x86_64-linux-gnu --arch=amd64 --enable-gpl --disable-stripping --disable-libmfx --disable-omx --enable-gnutls --enable-libaom --enable-libass --enable-libbs2b --enable-libcdio --enable-libcodec2 --enable-libdav1d --enable-libflite --enable-libfontconfig --enable-libfreetype --enable-libfribidi --enable-libglslang --enable-libgme --enable-libgsm --enable-libharfbuzz --enable-libmp3lame --enable-libmysofa --enable-libopenjpeg --enable-libopenmpt --enable-libopus --enable-librubberband --enable-libshine --enable-libsnappy --enable-libsoxr --enable-libspeex --enable-libtheora --enable-libtwolame --enable-libvidstab --enable-libvorbis --enable-libvpx --enable-libwebp --enable-libx265 --enable-libxml2 --enable-libxvid --enable-libzimg --enable-openal --enable-opencl --enable-opengl --disable-sndio --enable-libvpl --enable-libdc1394 --enable-libdrm --enable-libiec61883 --enable-chromaprint --enable-frei0r --enable-ladspa --enable-libbluray --enable-libcaca --enable-libdvdnav --enable-libdvdread --enable-libjack --enable-libpulse --enable-librabbitmq --enable-librist --enable-libsrt --enable-libssh --enable-libsvtav1 --enable-libx264 --enable-libzmq --enable-libzvbi --enable-lv2 --enable-sdl2 --enable-libplacebo --enable-librav1e --enable-pocketsphinx --enable-librsvg --enable-libjxl --enable-shared
  libavutil      59.  8.100 / 59.  8.100
  libavcodec     61.  3.100 / 61.  3.100
  libavformat    61.  1.100 / 61.  1.100
  libavdevice    61.  1.100 / 61.  1.100
  libavfilter    10.  1.100 / 10.  1.100
  libswscale      8.  1.100 /  8.  1.100
  libswresample   5.  1.100 /  5.  1.100
  libpostproc    58.  1.100 / 58.  1.100
Input #0, concat, from '/home/marco-lasagna/Scaricati/ffmpeg-java/inputFile.txt':
  Duration: N/A, start: 0.000000, bitrate: N/A
  Stream #0:0: Video: mjpeg (Baseline), yuvj420p(pc, bt470bg/unknown/unknown), 4501x4500 [SAR 1:1 DAR 4501:4500], 25 fps, 25 tbr, 25 tbn
Stream mapping:
  Stream #0:0 -> #0:0 (mjpeg (native) -> h264 (libx264))
Press [q] to stop, [?] for help
[swscaler @ 0x7360f4016b00] deprecated pixel format used, make sure you did set range correctly
    Last message repeated 1 times
[swscaler @ 0x7360f4b407c0] deprecated pixel format used, make sure you did set range correctly
    Last message repeated 1 times
[vost#0:0/libx264 @ 0x6203a74c0600] No information about the input framerate is available. Falling back to a default value of 25fps. Use the -r option if you want a different framerate.
[libx264 @ 0x6203a74b69c0] using SAR=2048/4095
[libx264 @ 0x6203a74b69c0] using cpu capabilities: MMX2 SSE2Fast SSSE3 SSE4.2 AVX FMA3 BMI2 AVX2
[libx264 @ 0x6203a74b69c0] profile High, level 4.0, 4:2:0, 8-bit
[libx264 @ 0x6203a74b69c0] 264 - core 164 r3108 31e19f9 - H.264/MPEG-4 AVC codec - Copyleft 2003-2023 - http://www.videolan.org/x264.html - options: cabac=1 ref=3 deblock=1:0:0 analyse=0x3:0x113 me=hex subme=7 psy=1 psy_rd=1.00:0.00 mixed_ref=1 me_range=16 chroma_me=1 trellis=1 8x8dct=1 cqm=0 deadzone=21,11 fast_pskip=1 chroma_qp_offset=-2 threads=30 lookahead_threads=5 sliced_threads=0 nr=0 decimate=1 interlaced=0 bluray_compat=0 constrained_intra=0 bframes=3 b_pyramid=2 b_adapt=1 b_bias=0 direct=1 weightb=1 open_gop=0 weightp=2 keyint=250 keyint_min=25 scenecut=40 intra_refresh=0 rc_lookahead=40 rc=crf mbtree=1 crf=23.0 qcomp=0.60 qpmin=0 qpmax=69 qpstep=4 ip_ratio=1.40 aq=1:1.00
Output #0, mp4, to './src/test/resources/output/translation/tempVideo/480.mp4':
  Metadata:
    encoder         : Lavf61.1.100
  Stream #0:0: Video: h264 (avc1 / 0x31637661), yuvj420p(pc, progressive), 2048x1024 [SAR 4501:9000 DAR 4501:4500], q=2-31, 25 fps, 12800 tbn
      Metadata:
        encoder         : Lavc61.3.100 libx264
      Side data:
        cpb: bitrate max/min/avg: 0/0/0 buffer size: 0 vbv_delay: N/A
[out#0/mp4 @ 0x6203a74be380] video:32KiB audio:0KiB subtitle:0KiB other streams:0KiB global headers:0KiB muxing overhead: 2.914730%
frame=    6 fps=0.0 q=-1.0 Lsize=      33KiB time=00:00:00.16 bitrate=1682.5kbits/s dup=0 drop=19 speed=0.682x    
[libx264 @ 0x6203a74b69c0] frame I:1     Avg QP:18.05  size: 30344
[libx264 @ 0x6203a74b69c0] frame P:2     Avg QP:17.25  size:   420
[libx264 @ 0x6203a74b69c0] frame B:3     Avg QP:24.53  size:   274
[libx264 @ 0x6203a74b69c0] consecutive B-frames: 33.3%  0.0%  0.0% 66.7%
[libx264 @ 0x6203a74b69c0] mb I  I16..4: 27.1% 62.5% 10.4%
[libx264 @ 0x6203a74b69c0] mb P  I16..4:  0.1%  0.1%  0.0%  P16..4:  1.1%  0.2%  0.0%  0.0%  0.0%    skip:98.4%
[libx264 @ 0x6203a74b69c0] mb B  I16..4:  0.0%  0.0%  0.0%  B16..8:  1.2%  0.1%  0.0%  direct: 0.0%  skip:98.6%  L0:53.7% L1:44.2% BI: 2.1%
[libx264 @ 0x6203a74b69c0] 8x8 transform intra:62.4% inter:43.1%
[libx264 @ 0x6203a74b69c0] coded y,uvDC,uvAC intra: 6.0% 10.2% 9.1% inter: 0.1% 0.0% 0.0%
[libx264 @ 0x6203a74b69c0] i16 v,h,dc,p: 89% 10%  1%  0%
[libx264 @ 0x6203a74b69c0] i8 v,h,dc,ddl,ddr,vr,hd,vl,hu: 48%  6% 46%  0%  0%  0%  0%  0%  0%
[libx264 @ 0x6203a74b69c0] i4 v,h,dc,ddl,ddr,vr,hd,vl,hu: 37% 30% 11%  4%  2%  2%  4%  4%  5%
[libx264 @ 0x6203a74b69c0] i8c dc,h,v,p: 82%  9%  8%  1%
[libx264 @ 0x6203a74b69c0] Weighted P-Frames: Y:0.0% UV:0.0%
[libx264 @ 0x6203a74b69c0] ref P L0: 92.2%  0.7%  2.2%  5.0%
[libx264 @ 0x6203a74b69c0] ref B L0: 91.2%  8.8%
[libx264 @ 0x6203a74b69c0] ref B L1: 93.4%  6.6%
[libx264 @ 0x6203a74b69c0] kb/s:1066.87
ffmpeg version 7.0.2-3ubuntu1 Copyright (c) 2000-2024 the FFmpeg developers
  built with gcc 14 (Ubuntu 14.2.0-2ubuntu1)
  configuration: --prefix=/usr --extra-version=3ubuntu1 --toolchain=hardened --libdir=/usr/lib/x86_64-linux-gnu --incdir=/usr/include/x86_64-linux-gnu --arch=amd64 --enable-gpl --disable-stripping --disable-libmfx --disable-omx --enable-gnutls --enable-libaom --enable-libass --enable-libbs2b --enable-libcdio --enable-libcodec2 --enable-libdav1d --enable-libflite --enable-libfontconfig --enable-libfreetype --enable-libfribidi --enable-libglslang --enable-libgme --enable-libgsm --enable-libharfbuzz --enable-libmp3lame --enable-libmysofa --enable-libopenjpeg --enable-libopenmpt --enable-libopus --enable-librubberband --enable-libshine --enable-libsnappy --enable-libsoxr --enable-libspeex --enable-libtheora --enable-libtwolame --enable-libvidstab --enable-libvorbis --enable-libvpx --enable-libwebp --enable-libx265 --enable-libxml2 --enable-libxvid --enable-libzimg --enable-openal --enable-opencl --enable-opengl --disable-sndio --enable-libvpl --enable-libdc1394 --enable-libdrm --enable-libiec61883 --enable-chromaprint --enable-frei0r --enable-ladspa --enable-libbluray --enable-libcaca --enable-libdvdnav --enable-libdvdread --enable-libjack --enable-libpulse --enable-librabbitmq --enable-librist --enable-libsrt --enable-libssh --enable-libsvtav1 --enable-libx264 --enable-libzmq --enable-libzvbi --enable-lv2 --enable-sdl2 --enable-libplacebo --enable-librav1e --enable-pocketsphinx --enable-librsvg --enable-libjxl --enable-shared
  libavutil      59.  8.100 / 59.  8.100
  libavcodec     61.  3.100 / 61.  3.100
  libavformat    61.  1.100 / 61.  1.100
  libavdevice    61.  1.100 / 61.  1.100
  libavfilter    10.  1.100 / 10.  1.100
  libswscale      8.  1.100 /  8.  1.100
  libswresample   5.  1.100 /  5.  1.100
  libpostproc    58.  1.100 / 58.  1.100
Input #0, concat, from '/home/marco-lasagna/Scaricati/ffmpeg-java/inputFile.txt':
  Duration: N/A, start: 0.000000, bitrate: N/A
  Stream #0:0: Video: mjpeg (Baseline), yuvj420p(pc, bt470bg/unknown/unknown), 4501x4500 [SAR 1:1 DAR 4501:4500], 25 fps, 25 tbr, 25 tbn
Stream mapping:
  Stream #0:0 -> #0:0 (mjpeg (native) -> h264 (libx264))
Press [q] to stop, [?] for help
[swscaler @ 0x73648c016b00] deprecated pixel format used, make sure you did set range correctly
    Last message repeated 1 times
[swscaler @ 0x73648cb407c0] deprecated pixel format used, make sure you did set range correctly
    Last message repeated 1 times
[vost#0:0/libx264 @ 0x5bf9f2d5c600] No information about the input framerate is available. Falling back to a default value of 25fps. Use the -r option if you want a different framerate.
[libx264 @ 0x5bf9f2d529c0] using SAR=2048/4095
[libx264 @ 0x5bf9f2d529c0] using cpu capabilities: MMX2 SSE2Fast SSSE3 SSE4.2 AVX FMA3 BMI2 AVX2
[libx264 @ 0x5bf9f2d529c0] profile High, level 4.0, 4:2:0, 8-bit
[libx264 @ 0x5bf9f2d529c0] 264 - core 164 r3108 31e19f9 - H.264/MPEG-4 AVC codec - Copyleft 2003-2023 - http://www.videolan.org/x264.html - options: cabac=1 ref=3 deblock=1:0:0 analyse=0x3:0x113 me=hex subme=7 psy=1 psy_rd=1.00:0.00 mixed_ref=1 me_range=16 chroma_me=1 trellis=1 8x8dct=1 cqm=0 deadzone=21,11 fast_pskip=1 chroma_qp_offset=-2 threads=30 lookahead_threads=5 sliced_threads=0 nr=0 decimate=1 interlaced=0 bluray_compat=0 constrained_intra=0 bframes=3 b_pyramid=2 b_adapt=1 b_bias=0 direct=1 weightb=1 open_gop=0 weightp=2 keyint=250 keyint_min=25 scenecut=40 intra_refresh=0 rc_lookahead=40 rc=crf mbtree=1 crf=23.0 qcomp=0.60 qpmin=0 qpmax=69 qpstep=4 ip_ratio=1.40 aq=1:1.00
Output #0, mp4, to './src/test/resources/output/translation/tempVideo/490.mp4':
  Metadata:
    encoder         : Lavf61.1.100
  Stream #0:0: Video: h264 (avc1 / 0x31637661), yuvj420p(pc, progressive), 2048x1024 [SAR 4501:9000 DAR 4501:4500], q=2-31, 25 fps, 12800 tbn
      Metadata:
        encoder         : Lavc61.3.100 libx264
      Side data:
        cpb: bitrate max/min/avg: 0/0/0 buffer size: 0 vbv_delay: N/A
[out#0/mp4 @ 0x5bf9f2d5a380] video:32KiB audio:0KiB subtitle:0KiB other streams:0KiB global headers:0KiB muxing overhead: 2.917406%
frame=    6 fps=0.0 q=-1.0 Lsize=      33KiB time=00:00:00.16 bitrate=1681.0kbits/s dup=0 drop=19 speed=0.649x    
[libx264 @ 0x5bf9f2d529c0] frame I:1     Avg QP:18.47  size: 30354
[libx264 @ 0x5bf9f2d529c0] frame P:2     Avg QP:16.61  size:   418
[libx264 @ 0x5bf9f2d529c0] frame B:3     Avg QP:24.31  size:   262
[libx264 @ 0x5bf9f2d529c0] consecutive B-frames: 33.3%  0.0%  0.0% 66.7%
[libx264 @ 0x5bf9f2d529c0] mb I  I16..4: 26.0% 63.6% 10.4%
[libx264 @ 0x5bf9f2d529c0] mb P  I16..4:  0.1%  0.1%  0.0%  P16..4:  0.5%  0.2%  0.1%  0.0%  0.0%    skip:99.0%
[libx264 @ 0x5bf9f2d529c0] mb B  I16..4:  0.0%  0.0%  0.0%  B16..8:  1.2%  0.1%  0.0%  direct: 0.0%  skip:98.6%  L0:55.8% L1:41.8% BI: 2.4%
[libx264 @ 0x5bf9f2d529c0] 8x8 transform intra:63.4% inter:54.2%
[libx264 @ 0x5bf9f2d529c0] coded y,uvDC,uvAC intra: 6.0% 10.2% 9.1% inter: 0.1% 0.0% 0.0%
[libx264 @ 0x5bf9f2d529c0] i16 v,h,dc,p: 87% 12%  1%  0%
[libx264 @ 0x5bf9f2d529c0] i8 v,h,dc,ddl,ddr,vr,hd,vl,hu: 55%  6% 39%  0%  0%  0%  0%  0%  0%
[libx264 @ 0x5bf9f2d529c0] i4 v,h,dc,ddl,ddr,vr,hd,vl,hu: 39% 29% 11%  4%  2%  2%  4%  4%  5%
[libx264 @ 0x5bf9f2d529c0] i8c dc,h,v,p: 82%  9%  8%  1%
[libx264 @ 0x5bf9f2d529c0] Weighted P-Frames: Y:0.0% UV:0.0%
[libx264 @ 0x5bf9f2d529c0] ref P L0: 82.4%  0.0%  6.4% 11.2%
[libx264 @ 0x5bf9f2d529c0] ref B L0: 89.9% 10.1%
[libx264 @ 0x5bf9f2d529c0] ref B L1: 92.2%  7.8%
[libx264 @ 0x5bf9f2d529c0] kb/s:1065.87
ffmpeg version 7.0.2-3ubuntu1 Copyright (c) 2000-2024 the FFmpeg developers
  built with gcc 14 (Ubuntu 14.2.0-2ubuntu1)
  configuration: --prefix=/usr --extra-version=3ubuntu1 --toolchain=hardened --libdir=/usr/lib/x86_64-linux-gnu --incdir=/usr/include/x86_64-linux-gnu --arch=amd64 --enable-gpl --disable-stripping --disable-libmfx --disable-omx --enable-gnutls --enable-libaom --enable-libass --enable-libbs2b --enable-libcdio --enable-libcodec2 --enable-libdav1d --enable-libflite --enable-libfontconfig --enable-libfreetype --enable-libfribidi --enable-libglslang --enable-libgme --enable-libgsm --enable-libharfbuzz --enable-libmp3lame --enable-libmysofa --enable-libopenjpeg --enable-libopenmpt --enable-libopus --enable-librubberband --enable-libshine --enable-libsnappy --enable-libsoxr --enable-libspeex --enable-libtheora --enable-libtwolame --enable-libvidstab --enable-libvorbis --enable-libvpx --enable-libwebp --enable-libx265 --enable-libxml2 --enable-libxvid --enable-libzimg --enable-openal --enable-opencl --enable-opengl --disable-sndio --enable-libvpl --enable-libdc1394 --enable-libdrm --enable-libiec61883 --enable-chromaprint --enable-frei0r --enable-ladspa --enable-libbluray --enable-libcaca --enable-libdvdnav --enable-libdvdread --enable-libjack --enable-libpulse --enable-librabbitmq --enable-librist --enable-libsrt --enable-libssh --enable-libsvtav1 --enable-libx264 --enable-libzmq --enable-libzvbi --enable-lv2 --enable-sdl2 --enable-libplacebo --enable-librav1e --enable-pocketsphinx --enable-librsvg --enable-libjxl --enable-shared
  libavutil      59.  8.100 / 59.  8.100
  libavcodec     61.  3.100 / 61.  3.100
  libavformat    61.  1.100 / 61.  1.100
  libavdevice    61.  1.100 / 61.  1.100
  libavfilter    10.  1.100 / 10.  1.100
  libswscale      8.  1.100 /  8.  1.100
  libswresample   5.  1.100 /  5.  1.100
  libpostproc    58.  1.100 / 58.  1.100
Input #0, concat, from '/home/marco-lasagna/Scaricati/ffmpeg-java/inputFile.txt':
  Duration: N/A, start: 0.000000, bitrate: N/A
  Stream #0:0: Video: mjpeg (Baseline), yuvj420p(pc, bt470bg/unknown/unknown), 4501x4500 [SAR 1:1 DAR 4501:4500], 25 fps, 25 tbr, 25 tbn
Stream mapping:
  Stream #0:0 -> #0:0 (mjpeg (native) -> h264 (libx264))
Press [q] to stop, [?] for help
[swscaler @ 0x7eacb8016b00] deprecated pixel format used, make sure you did set range correctly
    Last message repeated 1 times
[swscaler @ 0x7eacb8b407c0] deprecated pixel format used, make sure you did set range correctly
    Last message repeated 1 times
[vost#0:0/libx264 @ 0x56ffd89db600] No information about the input framerate is available. Falling back to a default value of 25fps. Use the -r option if you want a different framerate.
[libx264 @ 0x56ffd89d19c0] using SAR=2048/4095
[libx264 @ 0x56ffd89d19c0] using cpu capabilities: MMX2 SSE2Fast SSSE3 SSE4.2 AVX FMA3 BMI2 AVX2
[libx264 @ 0x56ffd89d19c0] profile High, level 4.0, 4:2:0, 8-bit
[libx264 @ 0x56ffd89d19c0] 264 - core 164 r3108 31e19f9 - H.264/MPEG-4 AVC codec - Copyleft 2003-2023 - http://www.videolan.org/x264.html - options: cabac=1 ref=3 deblock=1:0:0 analyse=0x3:0x113 me=hex subme=7 psy=1 psy_rd=1.00:0.00 mixed_ref=1 me_range=16 chroma_me=1 trellis=1 8x8dct=1 cqm=0 deadzone=21,11 fast_pskip=1 chroma_qp_offset=-2 threads=30 lookahead_threads=5 sliced_threads=0 nr=0 decimate=1 interlaced=0 bluray_compat=0 constrained_intra=0 bframes=3 b_pyramid=2 b_adapt=1 b_bias=0 direct=1 weightb=1 open_gop=0 weightp=2 keyint=250 keyint_min=25 scenecut=40 intra_refresh=0 rc_lookahead=40 rc=crf mbtree=1 crf=23.0 qcomp=0.60 qpmin=0 qpmax=69 qpstep=4 ip_ratio=1.40 aq=1:1.00
Output #0, mp4, to './src/test/resources/output/translation/tempVideo/500.mp4':
  Metadata:
    encoder         : Lavf61.1.100
  Stream #0:0: Video: h264 (avc1 / 0x31637661), yuvj420p(pc, progressive), 2048x1024 [SAR 4501:9000 DAR 4501:4500], q=2-31, 25 fps, 12800 tbn
      Metadata:
        encoder         : Lavc61.3.100 libx264
      Side data:
        cpb: bitrate max/min/avg: 0/0/0 buffer size: 0 vbv_delay: N/A
[out#0/mp4 @ 0x56ffd89d9380] video:32KiB audio:0KiB subtitle:0KiB other streams:0KiB global headers:0KiB muxing overhead: 2.919641%
frame=    6 fps=0.0 q=-1.0 Lsize=      33KiB time=00:00:00.16 bitrate=1679.7kbits/s dup=0 drop=19 speed=0.647x    
[libx264 @ 0x56ffd89d19c0] frame I:1     Avg QP:18.49  size: 30347
[libx264 @ 0x56ffd89d19c0] frame P:2     Avg QP:17.94  size:   416
[libx264 @ 0x56ffd89d19c0] frame B:3     Avg QP:23.12  size:   257
[libx264 @ 0x56ffd89d19c0] consecutive B-frames: 33.3%  0.0%  0.0% 66.7%
[libx264 @ 0x56ffd89d19c0] mb I  I16..4: 25.7% 64.0% 10.3%
[libx264 @ 0x56ffd89d19c0] mb P  I16..4:  0.1%  0.1%  0.0%  P16..4:  1.3%  0.2%  0.0%  0.0%  0.0%    skip:98.3%
[libx264 @ 0x56ffd89d19c0] mb B  I16..4:  0.0%  0.0%  0.0%  B16..8:  1.4%  0.1%  0.0%  direct: 0.0%  skip:98.5%  L0:46.1% L1:51.6% BI: 2.3%
[libx264 @ 0x56ffd89d19c0] 8x8 transform intra:63.9% inter:30.9%
[libx264 @ 0x56ffd89d19c0] coded y,uvDC,uvAC intra: 6.0% 10.2% 9.1% inter: 0.1% 0.0% 0.0%
[libx264 @ 0x56ffd89d19c0] i16 v,h,dc,p: 87% 12%  1%  0%
[libx264 @ 0x56ffd89d19c0] i8 v,h,dc,ddl,ddr,vr,hd,vl,hu: 58% 11% 30%  0%  0%  0%  0%  0%  0%
[libx264 @ 0x56ffd89d19c0] i4 v,h,dc,ddl,ddr,vr,hd,vl,hu: 39% 30% 10%  4%  2%  2%  4%  4%  5%
[libx264 @ 0x56ffd89d19c0] i8c dc,h,v,p: 82% 10%  8%  1%
[libx264 @ 0x56ffd89d19c0] Weighted P-Frames: Y:0.0% UV:0.0%
[libx264 @ 0x56ffd89d19c0] ref P L0: 93.9%  0.0%  1.0%  5.1%
[libx264 @ 0x56ffd89d19c0] ref B L0: 87.3% 12.7%
[libx264 @ 0x56ffd89d19c0] ref B L1: 98.0%  2.0%
[libx264 @ 0x56ffd89d19c0] kb/s:1065.03
ffmpeg version 7.0.2-3ubuntu1 Copyright (c) 2000-2024 the FFmpeg developers
  built with gcc 14 (Ubuntu 14.2.0-2ubuntu1)
  configuration: --prefix=/usr --extra-version=3ubuntu1 --toolchain=hardened --libdir=/usr/lib/x86_64-linux-gnu --incdir=/usr/include/x86_64-linux-gnu --arch=amd64 --enable-gpl --disable-stripping --disable-libmfx --disable-omx --enable-gnutls --enable-libaom --enable-libass --enable-libbs2b --enable-libcdio --enable-libcodec2 --enable-libdav1d --enable-libflite --enable-libfontconfig --enable-libfreetype --enable-libfribidi --enable-libglslang --enable-libgme --enable-libgsm --enable-libharfbuzz --enable-libmp3lame --enable-libmysofa --enable-libopenjpeg --enable-libopenmpt --enable-libopus --enable-librubberband --enable-libshine --enable-libsnappy --enable-libsoxr --enable-libspeex --enable-libtheora --enable-libtwolame --enable-libvidstab --enable-libvorbis --enable-libvpx --enable-libwebp --enable-libx265 --enable-libxml2 --enable-libxvid --enable-libzimg --enable-openal --enable-opencl --enable-opengl --disable-sndio --enable-libvpl --enable-libdc1394 --enable-libdrm --enable-libiec61883 --enable-chromaprint --enable-frei0r --enable-ladspa --enable-libbluray --enable-libcaca --enable-libdvdnav --enable-libdvdread --enable-libjack --enable-libpulse --enable-librabbitmq --enable-librist --enable-libsrt --enable-libssh --enable-libsvtav1 --enable-libx264 --enable-libzmq --enable-libzvbi --enable-lv2 --enable-sdl2 --enable-libplacebo --enable-librav1e --enable-pocketsphinx --enable-librsvg --enable-libjxl --enable-shared
  libavutil      59.  8.100 / 59.  8.100
  libavcodec     61.  3.100 / 61.  3.100
  libavformat    61.  1.100 / 61.  1.100
  libavdevice    61.  1.100 / 61.  1.100
  libavfilter    10.  1.100 / 10.  1.100
  libswscale      8.  1.100 /  8.  1.100
  libswresample   5.  1.100 /  5.  1.100
  libpostproc    58.  1.100 / 58.  1.100
Input #0, concat, from '/home/marco-lasagna/Scaricati/ffmpeg-java/inputFile.txt':
  Duration: N/A, start: 0.000000, bitrate: N/A
  Stream #0:0: Video: mjpeg (Baseline), yuvj420p(pc, bt470bg/unknown/unknown), 4501x4500 [SAR 1:1 DAR 4501:4500], 25 fps, 25 tbr, 25 tbn
Stream mapping:
  Stream #0:0 -> #0:0 (mjpeg (native) -> h264 (libx264))
Press [q] to stop, [?] for help
[swscaler @ 0x729834016b00] deprecated pixel format used, make sure you did set range correctly
    Last message repeated 1 times
[swscaler @ 0x729834b407c0] deprecated pixel format used, make sure you did set range correctly
    Last message repeated 1 times
[vost#0:0/libx264 @ 0x5ad829446600] No information about the input framerate is available. Falling back to a default value of 25fps. Use the -r option if you want a different framerate.
[libx264 @ 0x5ad82943c9c0] using SAR=2048/4095
[libx264 @ 0x5ad82943c9c0] using cpu capabilities: MMX2 SSE2Fast SSSE3 SSE4.2 AVX FMA3 BMI2 AVX2
[libx264 @ 0x5ad82943c9c0] profile High, level 4.0, 4:2:0, 8-bit
[libx264 @ 0x5ad82943c9c0] 264 - core 164 r3108 31e19f9 - H.264/MPEG-4 AVC codec - Copyleft 2003-2023 - http://www.videolan.org/x264.html - options: cabac=1 ref=3 deblock=1:0:0 analyse=0x3:0x113 me=hex subme=7 psy=1 psy_rd=1.00:0.00 mixed_ref=1 me_range=16 chroma_me=1 trellis=1 8x8dct=1 cqm=0 deadzone=21,11 fast_pskip=1 chroma_qp_offset=-2 threads=30 lookahead_threads=5 sliced_threads=0 nr=0 decimate=1 interlaced=0 bluray_compat=0 constrained_intra=0 bframes=3 b_pyramid=2 b_adapt=1 b_bias=0 direct=1 weightb=1 open_gop=0 weightp=2 keyint=250 keyint_min=25 scenecut=40 intra_refresh=0 rc_lookahead=40 rc=crf mbtree=1 crf=23.0 qcomp=0.60 qpmin=0 qpmax=69 qpstep=4 ip_ratio=1.40 aq=1:1.00
Output #0, mp4, to './src/test/resources/output/translation/tempVideo/510.mp4':
  Metadata:
    encoder         : Lavf61.1.100
  Stream #0:0: Video: h264 (avc1 / 0x31637661), yuvj420p(pc, progressive), 2048x1024 [SAR 4501:9000 DAR 4501:4500], q=2-31, 25 fps, 12800 tbn
      Metadata:
        encoder         : Lavc61.3.100 libx264
      Side data:
        cpb: bitrate max/min/avg: 0/0/0 buffer size: 0 vbv_delay: N/A
[out#0/mp4 @ 0x5ad829444380] video:32KiB audio:0KiB subtitle:0KiB other streams:0KiB global headers:0KiB muxing overhead: 2.928073%
frame=    6 fps=0.0 q=-1.0 Lsize=      33KiB time=00:00:00.16 bitrate=1675.0kbits/s dup=0 drop=19 speed=0.669x    
[libx264 @ 0x5ad82943c9c0] frame I:1     Avg QP:18.56  size: 30306
[libx264 @ 0x5ad82943c9c0] frame P:2     Avg QP:16.94  size:   408
[libx264 @ 0x5ad82943c9c0] frame B:3     Avg QP:30.10  size:   245
[libx264 @ 0x5ad82943c9c0] consecutive B-frames: 33.3%  0.0%  0.0% 66.7%
[libx264 @ 0x5ad82943c9c0] mb I  I16..4: 26.7% 62.8% 10.4%
[libx264 @ 0x5ad82943c9c0] mb P  I16..4:  0.1%  0.1%  0.0%  P16..4:  1.2%  0.2%  0.0%  0.0%  0.0%    skip:98.4%
[libx264 @ 0x5ad82943c9c0] mb B  I16..4:  0.0%  0.0%  0.0%  B16..8:  1.2%  0.1%  0.0%  direct: 0.0%  skip:98.6%  L0:34.3% L1:63.0% BI: 2.7%
[libx264 @ 0x5ad82943c9c0] 8x8 transform intra:62.7% inter:48.6%
[libx264 @ 0x5ad82943c9c0] coded y,uvDC,uvAC intra: 6.1% 10.2% 9.1% inter: 0.1% 0.0% 0.0%
[libx264 @ 0x5ad82943c9c0] i16 v,h,dc,p: 88% 11%  1%  0%
[libx264 @ 0x5ad82943c9c0] i8 v,h,dc,ddl,ddr,vr,hd,vl,hu: 47%  3% 49%  0%  0%  0%  0%  0%  0%
[libx264 @ 0x5ad82943c9c0] i4 v,h,dc,ddl,ddr,vr,hd,vl,hu: 38% 30% 11%  4%  2%  2%  4%  4%  5%
[libx264 @ 0x5ad82943c9c0] i8c dc,h,v,p: 82%  9%  8%  1%
[libx264 @ 0x5ad82943c9c0] Weighted P-Frames: Y:0.0% UV:0.0%
[libx264 @ 0x5ad82943c9c0] ref P L0: 95.2%  0.4%  1.6%  2.8%
[libx264 @ 0x5ad82943c9c0] ref B L0: 85.4% 14.6%
[libx264 @ 0x5ad82943c9c0] ref B L1: 97.7%  2.3%
[libx264 @ 0x5ad82943c9c0] kb/s:1061.90
ffmpeg version 7.0.2-3ubuntu1 Copyright (c) 2000-2024 the FFmpeg developers
  built with gcc 14 (Ubuntu 14.2.0-2ubuntu1)
  configuration: --prefix=/usr --extra-version=3ubuntu1 --toolchain=hardened --libdir=/usr/lib/x86_64-linux-gnu --incdir=/usr/include/x86_64-linux-gnu --arch=amd64 --enable-gpl --disable-stripping --disable-libmfx --disable-omx --enable-gnutls --enable-libaom --enable-libass --enable-libbs2b --enable-libcdio --enable-libcodec2 --enable-libdav1d --enable-libflite --enable-libfontconfig --enable-libfreetype --enable-libfribidi --enable-libglslang --enable-libgme --enable-libgsm --enable-libharfbuzz --enable-libmp3lame --enable-libmysofa --enable-libopenjpeg --enable-libopenmpt --enable-libopus --enable-librubberband --enable-libshine --enable-libsnappy --enable-libsoxr --enable-libspeex --enable-libtheora --enable-libtwolame --enable-libvidstab --enable-libvorbis --enable-libvpx --enable-libwebp --enable-libx265 --enable-libxml2 --enable-libxvid --enable-libzimg --enable-openal --enable-opencl --enable-opengl --disable-sndio --enable-libvpl --enable-libdc1394 --enable-libdrm --enable-libiec61883 --enable-chromaprint --enable-frei0r --enable-ladspa --enable-libbluray --enable-libcaca --enable-libdvdnav --enable-libdvdread --enable-libjack --enable-libpulse --enable-librabbitmq --enable-librist --enable-libsrt --enable-libssh --enable-libsvtav1 --enable-libx264 --enable-libzmq --enable-libzvbi --enable-lv2 --enable-sdl2 --enable-libplacebo --enable-librav1e --enable-pocketsphinx --enable-librsvg --enable-libjxl --enable-shared
  libavutil      59.  8.100 / 59.  8.100
  libavcodec     61.  3.100 / 61.  3.100
  libavformat    61.  1.100 / 61.  1.100
  libavdevice    61.  1.100 / 61.  1.100
  libavfilter    10.  1.100 / 10.  1.100
  libswscale      8.  1.100 /  8.  1.100
  libswresample   5.  1.100 /  5.  1.100
  libpostproc    58.  1.100 / 58.  1.100
Input #0, concat, from '/home/marco-lasagna/Scaricati/ffmpeg-java/inputFile.txt':
  Duration: N/A, start: 0.000000, bitrate: N/A
  Stream #0:0: Video: mjpeg (Baseline), yuvj420p(pc, bt470bg/unknown/unknown), 4501x4500 [SAR 1:1 DAR 4501:4500], 25 fps, 25 tbr, 25 tbn
Stream mapping:
  Stream #0:0 -> #0:0 (mjpeg (native) -> h264 (libx264))
Press [q] to stop, [?] for help
[swscaler @ 0x7f2938016b00] deprecated pixel format used, make sure you did set range correctly
    Last message repeated 1 times
[swscaler @ 0x7f2938b407c0] deprecated pixel format used, make sure you did set range correctly
    Last message repeated 1 times
[vost#0:0/libx264 @ 0x57833a14f3c0] No information about the input framerate is available. Falling back to a default value of 25fps. Use the -r option if you want a different framerate.
[libx264 @ 0x57833a145780] using SAR=2048/4095
[libx264 @ 0x57833a145780] using cpu capabilities: MMX2 SSE2Fast SSSE3 SSE4.2 AVX FMA3 BMI2 AVX2
[libx264 @ 0x57833a145780] profile High, level 4.0, 4:2:0, 8-bit
[libx264 @ 0x57833a145780] 264 - core 164 r3108 31e19f9 - H.264/MPEG-4 AVC codec - Copyleft 2003-2023 - http://www.videolan.org/x264.html - options: cabac=1 ref=3 deblock=1:0:0 analyse=0x3:0x113 me=hex subme=7 psy=1 psy_rd=1.00:0.00 mixed_ref=1 me_range=16 chroma_me=1 trellis=1 8x8dct=1 cqm=0 deadzone=21,11 fast_pskip=1 chroma_qp_offset=-2 threads=30 lookahead_threads=5 sliced_threads=0 nr=0 decimate=1 interlaced=0 bluray_compat=0 constrained_intra=0 bframes=3 b_pyramid=2 b_adapt=1 b_bias=0 direct=1 weightb=1 open_gop=0 weightp=2 keyint=250 keyint_min=25 scenecut=40 intra_refresh=0 rc_lookahead=40 rc=crf mbtree=1 crf=23.0 qcomp=0.60 qpmin=0 qpmax=69 qpstep=4 ip_ratio=1.40 aq=1:1.00
Output #0, mp4, to './src/test/resources/output/translation/tempVideo/517.mp4':
  Metadata:
    encoder         : Lavf61.1.100
  Stream #0:0: Video: h264 (avc1 / 0x31637661), yuvj420p(pc, progressive), 2048x1024 [SAR 4501:9000 DAR 4501:4500], q=2-31, 25 fps, 12800 tbn
      Metadata:
        encoder         : Lavc61.3.100 libx264
      Side data:
        cpb: bitrate max/min/avg: 0/0/0 buffer size: 0 vbv_delay: N/A
[out#0/mp4 @ 0x57833a14d140] video:31KiB audio:0KiB subtitle:0KiB other streams:0KiB global headers:0KiB muxing overhead: 2.995861%
frame=    5 fps=0.0 q=-1.0 Lsize=      32KiB time=00:00:00.12 bitrate=2156.7kbits/s dup=0 drop=13 speed=0.631x    
[libx264 @ 0x57833a145780] frame I:1     Avg QP:19.83  size: 29399
[libx264 @ 0x57833a145780] frame P:1     Avg QP:16.97  size:   475
[libx264 @ 0x57833a145780] frame B:3     Avg QP:18.27  size:   282
[libx264 @ 0x57833a145780] consecutive B-frames: 20.0%  0.0%  0.0% 80.0%
[libx264 @ 0x57833a145780] mb I  I16..4: 21.9% 67.6% 10.5%
[libx264 @ 0x57833a145780] mb P  I16..4:  0.2%  0.4%  0.0%  P16..4:  1.3%  0.3%  0.0%  0.0%  0.0%    skip:97.8%
[libx264 @ 0x57833a145780] mb B  I16..4:  0.1%  0.0%  0.0%  B16..8:  1.3%  0.1%  0.0%  direct: 0.1%  skip:98.5%  L0:57.3% L1:40.2% BI: 2.4%
[libx264 @ 0x57833a145780] 8x8 transform intra:67.5% inter:28.3%
[libx264 @ 0x57833a145780] coded y,uvDC,uvAC intra: 5.9% 10.1% 8.9% inter: 0.1% 0.0% 0.0%
[libx264 @ 0x57833a145780] i16 v,h,dc,p: 84% 15%  1%  0%
[libx264 @ 0x57833a145780] i8 v,h,dc,ddl,ddr,vr,hd,vl,hu: 61%  9% 29%  0%  0%  0%  0%  0%  0%
[libx264 @ 0x57833a145780] i4 v,h,dc,ddl,ddr,vr,hd,vl,hu: 41% 30%  9%  4%  2%  2%  4%  4%  5%
[libx264 @ 0x57833a145780] i8c dc,h,v,p: 82%  9%  8%  1%
[libx264 @ 0x57833a145780] Weighted P-Frames: Y:0.0% UV:0.0%
[libx264 @ 0x57833a145780] ref B L0: 88.8% 11.2%
[libx264 @ 0x57833a145780] ref B L1: 91.4%  8.6%
[libx264 @ 0x57833a145780] kb/s:1228.80
ffmpeg version 7.0.2-3ubuntu1 Copyright (c) 2000-2024 the FFmpeg developers
  built with gcc 14 (Ubuntu 14.2.0-2ubuntu1)
  configuration: --prefix=/usr --extra-version=3ubuntu1 --toolchain=hardened --libdir=/usr/lib/x86_64-linux-gnu --incdir=/usr/include/x86_64-linux-gnu --arch=amd64 --enable-gpl --disable-stripping --disable-libmfx --disable-omx --enable-gnutls --enable-libaom --enable-libass --enable-libbs2b --enable-libcdio --enable-libcodec2 --enable-libdav1d --enable-libflite --enable-libfontconfig --enable-libfreetype --enable-libfribidi --enable-libglslang --enable-libgme --enable-libgsm --enable-libharfbuzz --enable-libmp3lame --enable-libmysofa --enable-libopenjpeg --enable-libopenmpt --enable-libopus --enable-librubberband --enable-libshine --enable-libsnappy --enable-libsoxr --enable-libspeex --enable-libtheora --enable-libtwolame --enable-libvidstab --enable-libvorbis --enable-libvpx --enable-libwebp --enable-libx265 --enable-libxml2 --enable-libxvid --enable-libzimg --enable-openal --enable-opencl --enable-opengl --disable-sndio --enable-libvpl --enable-libdc1394 --enable-libdrm --enable-libiec61883 --enable-chromaprint --enable-frei0r --enable-ladspa --enable-libbluray --enable-libcaca --enable-libdvdnav --enable-libdvdread --enable-libjack --enable-libpulse --enable-librabbitmq --enable-librist --enable-libsrt --enable-libssh --enable-libsvtav1 --enable-libx264 --enable-libzmq --enable-libzvbi --enable-lv2 --enable-sdl2 --enable-libplacebo --enable-librav1e --enable-pocketsphinx --enable-librsvg --enable-libjxl --enable-shared
  libavutil      59.  8.100 / 59.  8.100
  libavcodec     61.  3.100 / 61.  3.100
  libavformat    61.  1.100 / 61.  1.100
  libavdevice    61.  1.100 / 61.  1.100
  libavfilter    10.  1.100 / 10.  1.100
  libswscale      8.  1.100 /  8.  1.100
  libswresample   5.  1.100 /  5.  1.100
  libpostproc    58.  1.100 / 58.  1.100
[mov,mp4,m4a,3gp,3g2,mj2 @ 0x576d31670c80] Auto-inserting h264_mp4toannexb bitstream filter
Input #0, concat, from '/home/marco-lasagna/Scaricati/ffmpeg-java/inputFile.txt':
  Duration: N/A, start: 0.000000, bitrate: 1081 kb/s
  Stream #0:0(und): Video: h264 (High) (avc1 / 0x31637661), yuvj420p(pc, progressive), 2048x1024 [SAR 2048:4095 DAR 4096:4095], 1081 kb/s, SAR 4501:9000 DAR 4501:4500, 25 fps, 25 tbr, 12800 tbn
      Metadata:
        handler_name    : VideoHandler
        vendor_id       : [0][0][0][0]
        encoder         : Lavc61.3.100 libx264
Stream mapping:
  Stream #0:0 -> #0:0 (h264 (native) -> h264 (libx264))
Press [q] to stop, [?] for help
[mov,mp4,m4a,3gp,3g2,mj2 @ 0x576d31670c80] Auto-inserting h264_mp4toannexb bitstream filter
    Last message repeated 3 times
[vost#0:0/libx264 @ 0x576d317063c0] No information about the input framerate is available. Falling back to a default value of 25fps. Use the -r option if you want a different framerate.
[libx264 @ 0x576d31671880] using SAR=2048/4095
[libx264 @ 0x576d31671880] using cpu capabilities: MMX2 SSE2Fast SSSE3 SSE4.2 AVX FMA3 BMI2 AVX2
[mov,mp4,m4a,3gp,3g2,mj2 @ 0x576d31670c80] Auto-inserting h264_mp4toannexb bitstream filter
    Last message repeated 1 times
[libx264 @ 0x576d31671880] profile High, level 4.0, 4:2:0, 8-bit
[libx264 @ 0x576d31671880] 264 - core 164 r3108 31e19f9 - H.264/MPEG-4 AVC codec - Copyleft 2003-2023 - http://www.videolan.org/x264.html - options: cabac=1 ref=3 deblock=1:0:0 analyse=0x3:0x113 me=hex subme=7 psy=1 psy_rd=1.00:0.00 mixed_ref=1 me_range=16 chroma_me=1 trellis=1 8x8dct=1 cqm=0 deadzone=21,11 fast_pskip=1 chroma_qp_offset=-2 threads=30 lookahead_threads=5 sliced_threads=0 nr=0 decimate=1 interlaced=0 bluray_compat=0 constrained_intra=0 bframes=3 b_pyramid=2 b_adapt=1 b_bias=0 direct=1 weightb=1 open_gop=0 weightp=2 keyint=250 keyint_min=25 scenecut=40 intra_refresh=0 rc_lookahead=40 rc=crf mbtree=1 crf=23.0 qcomp=0.60 qpmin=0 qpmax=69 qpstep=4 ip_ratio=1.40 aq=1:1.00
Output #0, mp4, to './src/test/resources/output/translation/video/output.mp4':
  Metadata:
    encoder         : Lavf61.1.100
  Stream #0:0(und): Video: h264 (avc1 / 0x31637661), yuvj420p(pc, progressive), 2048x1024 [SAR 4501:9000 DAR 4501:4500], q=2-31, 25 fps, 12800 tbn
      Metadata:
        handler_name    : VideoHandler
        vendor_id       : [0][0][0][0]
        encoder         : Lavc61.3.100 libx264
      Side data:
        cpb: bitrate max/min/avg: 0/0/0 buffer size: 0 vbv_delay: N/A
[mov,mp4,m4a,3gp,3g2,mj2 @ 0x576d31670c80] Auto-inserting h264_mp4toannexb bitstream filter
    Last message repeated 44 times
[out#0/mp4 @ 0x576d31705cc0] video:123KiB audio:0KiB subtitle:0KiB other streams:0KiB global headers:0KiB muxing overhead: 2.180450%
frame=  157 fps=0.0 q=-1.0 Lsize=     125KiB time=00:00:06.20 bitrate= 165.7kbits/s dup=0 drop=590 speed=12.6x    
[libx264 @ 0x576d31671880] frame I:1     Avg QP:15.87  size: 34966
[libx264 @ 0x576d31671880] frame P:45    Avg QP:19.57  size:  1158
[libx264 @ 0x576d31671880] frame B:111   Avg QP:26.75  size:   342
[libx264 @ 0x576d31671880] consecutive B-frames:  4.5%  2.5%  3.8% 89.2%
[libx264 @ 0x576d31671880] mb I  I16..4: 35.0% 54.7% 10.3%
[libx264 @ 0x576d31671880] mb P  I16..4:  0.1%  0.1%  0.0%  P16..4:  1.8%  0.2%  0.1%  0.0%  0.0%    skip:97.7%
[libx264 @ 0x576d31671880] mb B  I16..4:  0.0%  0.0%  0.0%  B16..8:  1.1%  0.1%  0.0%  direct: 0.0%  skip:98.7%  L0:53.0% L1:42.2% BI: 4.8%
[libx264 @ 0x576d31671880] 8x8 transform intra:54.9% inter:27.8%
[libx264 @ 0x576d31671880] coded y,uvDC,uvAC intra: 6.2% 10.1% 8.8% inter: 0.2% 0.1% 0.0%
[libx264 @ 0x576d31671880] i16 v,h,dc,p: 87% 11%  1%  0%
[libx264 @ 0x576d31671880] i8 v,h,dc,ddl,ddr,vr,hd,vl,hu: 65% 15% 19%  0%  0%  0%  0%  0%  0%
[libx264 @ 0x576d31671880] i4 v,h,dc,ddl,ddr,vr,hd,vl,hu: 40% 28% 10%  4%  2%  2%  4%  4%  5%
[libx264 @ 0x576d31671880] i8c dc,h,v,p: 79% 11%  9%  1%
[libx264 @ 0x576d31671880] Weighted P-Frames: Y:0.0% UV:0.0%
[libx264 @ 0x576d31671880] ref P L0: 68.8%  3.0% 14.7% 13.5%
[libx264 @ 0x576d31671880] ref B L0: 74.8% 17.7%  7.5%
[libx264 @ 0x576d31671880] ref B L1: 92.6%  7.4%
[libx264 @ 0x576d31671880] kb/s:159.26
ffmpeg version 7.0.2-3ubuntu1 Copyright (c) 2000-2024 the FFmpeg developers
  built with gcc 14 (Ubuntu 14.2.0-2ubuntu1)
  configuration: --prefix=/usr --extra-version=3ubuntu1 --toolchain=hardened --libdir=/usr/lib/x86_64-linux-gnu --incdir=/usr/include/x86_64-linux-gnu --arch=amd64 --enable-gpl --disable-stripping --disable-libmfx --disable-omx --enable-gnutls --enable-libaom --enable-libass --enable-libbs2b --enable-libcdio --enable-libcodec2 --enable-libdav1d --enable-libflite --enable-libfontconfig --enable-libfreetype --enable-libfribidi --enable-libglslang --enable-libgme --enable-libgsm --enable-libharfbuzz --enable-libmp3lame --enable-libmysofa --enable-libopenjpeg --enable-libopenmpt --enable-libopus --enable-librubberband --enable-libshine --enable-libsnappy --enable-libsoxr --enable-libspeex --enable-libtheora --enable-libtwolame --enable-libvidstab --enable-libvorbis --enable-libvpx --enable-libwebp --enable-libx265 --enable-libxml2 --enable-libxvid --enable-libzimg --enable-openal --enable-opencl --enable-opengl --disable-sndio --enable-libvpl --enable-libdc1394 --enable-libdrm --enable-libiec61883 --enable-chromaprint --enable-frei0r --enable-ladspa --enable-libbluray --enable-libcaca --enable-libdvdnav --enable-libdvdread --enable-libjack --enable-libpulse --enable-librabbitmq --enable-librist --enable-libsrt --enable-libssh --enable-libsvtav1 --enable-libx264 --enable-libzmq --enable-libzvbi --enable-lv2 --enable-sdl2 --enable-libplacebo --enable-librav1e --enable-pocketsphinx --enable-librsvg --enable-libjxl --enable-shared
  libavutil      59.  8.100 / 59.  8.100
  libavcodec     61.  3.100 / 61.  3.100
  libavformat    61.  1.100 / 61.  1.100
  libavdevice    61.  1.100 / 61.  1.100
  libavfilter    10.  1.100 / 10.  1.100
  libswscale      8.  1.100 /  8.  1.100
  libswresample   5.  1.100 /  5.  1.100
  libpostproc    58.  1.100 / 58.  1.100
Input #0, concat, from '/home/marco-lasagna/Scaricati/ffmpeg-java/inputFile.txt':
  Duration: N/A, start: 0.000000, bitrate: N/A
  Stream #0:0: Video: mjpeg (Baseline), yuvj420p(pc, bt470bg/unknown/unknown), 4501x4500 [SAR 1:1 DAR 4501:4500], 25 fps, 25 tbr, 25 tbn
Stream mapping:
  Stream #0:0 -> #0:0 (mjpeg (native) -> h264 (libx264))
Press [q] to stop, [?] for help
[swscaler @ 0x7c0008016b00] deprecated pixel format used, make sure you did set range correctly
    Last message repeated 1 times
[swscaler @ 0x7c0008b407c0] deprecated pixel format used, make sure you did set range correctly
    Last message repeated 1 times
[vost#0:0/libx264 @ 0x5f848ceb7600] No information about the input framerate is available. Falling back to a default value of 25fps. Use the -r option if you want a different framerate.
[libx264 @ 0x5f848cead9c0] using SAR=2048/4095
[libx264 @ 0x5f848cead9c0] using cpu capabilities: MMX2 SSE2Fast SSSE3 SSE4.2 AVX FMA3 BMI2 AVX2
[libx264 @ 0x5f848cead9c0] profile High, level 4.0, 4:2:0, 8-bit
[libx264 @ 0x5f848cead9c0] 264 - core 164 r3108 31e19f9 - H.264/MPEG-4 AVC codec - Copyleft 2003-2023 - http://www.videolan.org/x264.html - options: cabac=1 ref=3 deblock=1:0:0 analyse=0x3:0x113 me=hex subme=7 psy=1 psy_rd=1.00:0.00 mixed_ref=1 me_range=16 chroma_me=1 trellis=1 8x8dct=1 cqm=0 deadzone=21,11 fast_pskip=1 chroma_qp_offset=-2 threads=30 lookahead_threads=5 sliced_threads=0 nr=0 decimate=1 interlaced=0 bluray_compat=0 constrained_intra=0 bframes=3 b_pyramid=2 b_adapt=1 b_bias=0 direct=1 weightb=1 open_gop=0 weightp=2 keyint=250 keyint_min=25 scenecut=40 intra_refresh=0 rc_lookahead=40 rc=crf mbtree=1 crf=23.0 qcomp=0.60 qpmin=0 qpmax=69 qpstep=4 ip_ratio=1.40 aq=1:1.00
Output #0, mp4, to './src/test/resources/output/translation/tempVideo/010.mp4':
  Metadata:
    encoder         : Lavf61.1.100
  Stream #0:0: Video: h264 (avc1 / 0x31637661), yuvj420p(pc, progressive), 2048x1024 [SAR 4501:9000 DAR 4501:4500], q=2-31, 25 fps, 12800 tbn
      Metadata:
        encoder         : Lavc61.3.100 libx264
      Side data:
        cpb: bitrate max/min/avg: 0/0/0 buffer size: 0 vbv_delay: N/A
[out#0/mp4 @ 0x5f848ceb5380] video:32KiB audio:0KiB subtitle:0KiB other streams:0KiB global headers:0KiB muxing overhead: 2.918747%
frame=    6 fps=0.0 q=-1.0 Lsize=      33KiB time=00:00:00.16 bitrate=1680.2kbits/s dup=0 drop=19 speed=0.677x    
[libx264 @ 0x5f848cead9c0] frame I:1     Avg QP:18.53  size: 30347
[libx264 @ 0x5f848cead9c0] frame P:2     Avg QP:17.75  size:   424
[libx264 @ 0x5f848cead9c0] frame B:3     Avg QP:13.72  size:   255
[libx264 @ 0x5f848cead9c0] consecutive B-frames: 33.3%  0.0%  0.0% 66.7%
[libx264 @ 0x5f848cead9c0] mb I  I16..4: 25.9% 63.6% 10.4%
[libx264 @ 0x5f848cead9c0] mb P  I16..4:  0.1%  0.1%  0.0%  P16..4:  1.6%  0.2%  0.0%  0.0%  0.0%    skip:98.0%
[libx264 @ 0x5f848cead9c0] mb B  I16..4:  0.1%  0.0%  0.0%  B16..8:  1.3%  0.1%  0.0%  direct: 0.0%  skip:98.5%  L0:46.4% L1:51.2% BI: 2.4%
[libx264 @ 0x5f848cead9c0] 8x8 transform intra:63.4% inter:45.1%
[libx264 @ 0x5f848cead9c0] coded y,uvDC,uvAC intra: 6.0% 10.2% 9.1% inter: 0.1% 0.0% 0.0%
[libx264 @ 0x5f848cead9c0] i16 v,h,dc,p: 87% 12%  1%  0%
[libx264 @ 0x5f848cead9c0] i8 v,h,dc,ddl,ddr,vr,hd,vl,hu: 48%  5% 47%  0%  0%  0%  0%  0%  0%
[libx264 @ 0x5f848cead9c0] i4 v,h,dc,ddl,ddr,vr,hd,vl,hu: 40% 29% 10%  4%  2%  2%  4%  4%  5%
[libx264 @ 0x5f848cead9c0] i8c dc,h,v,p: 82%  9%  8%  1%
[libx264 @ 0x5f848cead9c0] Weighted P-Frames: Y:0.0% UV:0.0%
[libx264 @ 0x5f848cead9c0] ref P L0: 95.4%  0.0%  3.2%  1.4%
[libx264 @ 0x5f848cead9c0] ref B L0: 86.1% 13.9%
[libx264 @ 0x5f848cead9c0] ref B L1: 98.9%  1.1%
[libx264 @ 0x5f848cead9c0] kb/s:1065.37
ffmpeg version 7.0.2-3ubuntu1 Copyright (c) 2000-2024 the FFmpeg developers
  built with gcc 14 (Ubuntu 14.2.0-2ubuntu1)
  configuration: --prefix=/usr --extra-version=3ubuntu1 --toolchain=hardened --libdir=/usr/lib/x86_64-linux-gnu --incdir=/usr/include/x86_64-linux-gnu --arch=amd64 --enable-gpl --disable-stripping --disable-libmfx --disable-omx --enable-gnutls --enable-libaom --enable-libass --enable-libbs2b --enable-libcdio --enable-libcodec2 --enable-libdav1d --enable-libflite --enable-libfontconfig --enable-libfreetype --enable-libfribidi --enable-libglslang --enable-libgme --enable-libgsm --enable-libharfbuzz --enable-libmp3lame --enable-libmysofa --enable-libopenjpeg --enable-libopenmpt --enable-libopus --enable-librubberband --enable-libshine --enable-libsnappy --enable-libsoxr --enable-libspeex --enable-libtheora --enable-libtwolame --enable-libvidstab --enable-libvorbis --enable-libvpx --enable-libwebp --enable-libx265 --enable-libxml2 --enable-libxvid --enable-libzimg --enable-openal --enable-opencl --enable-opengl --disable-sndio --enable-libvpl --enable-libdc1394 --enable-libdrm --enable-libiec61883 --enable-chromaprint --enable-frei0r --enable-ladspa --enable-libbluray --enable-libcaca --enable-libdvdnav --enable-libdvdread --enable-libjack --enable-libpulse --enable-librabbitmq --enable-librist --enable-libsrt --enable-libssh --enable-libsvtav1 --enable-libx264 --enable-libzmq --enable-libzvbi --enable-lv2 --enable-sdl2 --enable-libplacebo --enable-librav1e --enable-pocketsphinx --enable-librsvg --enable-libjxl --enable-shared
  libavutil      59.  8.100 / 59.  8.100
  libavcodec     61.  3.100 / 61.  3.100
  libavformat    61.  1.100 / 61.  1.100
  libavdevice    61.  1.100 / 61.  1.100
  libavfilter    10.  1.100 / 10.  1.100
  libswscale      8.  1.100 /  8.  1.100
  libswresample   5.  1.100 /  5.  1.100
  libpostproc    58.  1.100 / 58.  1.100
Input #0, concat, from '/home/marco-lasagna/Scaricati/ffmpeg-java/inputFile.txt':
  Duration: N/A, start: 0.000000, bitrate: N/A
  Stream #0:0: Video: mjpeg (Baseline), yuvj420p(pc, bt470bg/unknown/unknown), 4501x4500 [SAR 1:1 DAR 4501:4500], 25 fps, 25 tbr, 25 tbn
Stream mapping:
  Stream #0:0 -> #0:0 (mjpeg (native) -> h264 (libx264))
Press [q] to stop, [?] for help
[swscaler @ 0x7ab91c016b00] deprecated pixel format used, make sure you did set range correctly
    Last message repeated 1 times
[swscaler @ 0x7ab91cb407c0] deprecated pixel format used, make sure you did set range correctly
    Last message repeated 1 times
[vost#0:0/libx264 @ 0x5b37d32d0600] No information about the input framerate is available. Falling back to a default value of 25fps. Use the -r option if you want a different framerate.
[libx264 @ 0x5b37d32c69c0] using SAR=2048/4095
[libx264 @ 0x5b37d32c69c0] using cpu capabilities: MMX2 SSE2Fast SSSE3 SSE4.2 AVX FMA3 BMI2 AVX2
[libx264 @ 0x5b37d32c69c0] profile High, level 4.0, 4:2:0, 8-bit
[libx264 @ 0x5b37d32c69c0] 264 - core 164 r3108 31e19f9 - H.264/MPEG-4 AVC codec - Copyleft 2003-2023 - http://www.videolan.org/x264.html - options: cabac=1 ref=3 deblock=1:0:0 analyse=0x3:0x113 me=hex subme=7 psy=1 psy_rd=1.00:0.00 mixed_ref=1 me_range=16 chroma_me=1 trellis=1 8x8dct=1 cqm=0 deadzone=21,11 fast_pskip=1 chroma_qp_offset=-2 threads=30 lookahead_threads=5 sliced_threads=0 nr=0 decimate=1 interlaced=0 bluray_compat=0 constrained_intra=0 bframes=3 b_pyramid=2 b_adapt=1 b_bias=0 direct=1 weightb=1 open_gop=0 weightp=2 keyint=250 keyint_min=25 scenecut=40 intra_refresh=0 rc_lookahead=40 rc=crf mbtree=1 crf=23.0 qcomp=0.60 qpmin=0 qpmax=69 qpstep=4 ip_ratio=1.40 aq=1:1.00
Output #0, mp4, to './src/test/resources/output/translation/tempVideo/020.mp4':
  Metadata:
    encoder         : Lavf61.1.100
  Stream #0:0: Video: h264 (avc1 / 0x31637661), yuvj420p(pc, progressive), 2048x1024 [SAR 4501:9000 DAR 4501:4500], q=2-31, 25 fps, 12800 tbn
      Metadata:
        encoder         : Lavc61.3.100 libx264
      Side data:
        cpb: bitrate max/min/avg: 0/0/0 buffer size: 0 vbv_delay: N/A
[out#0/mp4 @ 0x5b37d32ce380] video:32KiB audio:0KiB subtitle:0KiB other streams:0KiB global headers:0KiB muxing overhead: 2.923403%
frame=    6 fps=0.0 q=-1.0 Lsize=      33KiB time=00:00:00.16 bitrate=1677.6kbits/s dup=0 drop=19 speed=0.646x    
[libx264 @ 0x5b37d32c69c0] frame I:1     Avg QP:18.31  size: 30321
[libx264 @ 0x5b37d32c69c0] frame P:2     Avg QP:17.47  size:   420
[libx264 @ 0x5b37d32c69c0] frame B:3     Avg QP:24.13  size:   250
[libx264 @ 0x5b37d32c69c0] consecutive B-frames: 33.3%  0.0%  0.0% 66.7%
[libx264 @ 0x5b37d32c69c0] mb I  I16..4: 26.2% 63.5% 10.3%
[libx264 @ 0x5b37d32c69c0] mb P  I16..4:  0.1%  0.1%  0.0%  P16..4:  1.1%  0.2%  0.1%  0.0%  0.0%    skip:98.3%
[libx264 @ 0x5b37d32c69c0] mb B  I16..4:  0.0%  0.0%  0.0%  B16..8:  1.2%  0.1%  0.0%  direct: 0.0%  skip:98.6%  L0:56.3% L1:42.6% BI: 1.1%
[libx264 @ 0x5b37d32c69c0] 8x8 transform intra:63.4% inter:39.7%
[libx264 @ 0x5b37d32c69c0] coded y,uvDC,uvAC intra: 5.9% 10.2% 9.1% inter: 0.1% 0.0% 0.0%
[libx264 @ 0x5b37d32c69c0] i16 v,h,dc,p: 87% 12%  1%  0%
[libx264 @ 0x5b37d32c69c0] i8 v,h,dc,ddl,ddr,vr,hd,vl,hu: 43%  7% 50%  0%  0%  0%  0%  0%  0%
[libx264 @ 0x5b37d32c69c0] i4 v,h,dc,ddl,ddr,vr,hd,vl,hu: 38% 30% 10%  4%  2%  2%  4%  4%  5%
[libx264 @ 0x5b37d32c69c0] i8c dc,h,v,p: 82% 10%  8%  1%
[libx264 @ 0x5b37d32c69c0] Weighted P-Frames: Y:0.0% UV:0.0%
[libx264 @ 0x5b37d32c69c0] ref P L0: 90.0%  0.0%  3.0%  6.9%
[libx264 @ 0x5b37d32c69c0] ref B L0: 87.4% 12.6%
[libx264 @ 0x5b37d32c69c0] ref B L1: 95.3%  4.7%
[libx264 @ 0x5b37d32c69c0] kb/s:1063.63
ffmpeg version 7.0.2-3ubuntu1 Copyright (c) 2000-2024 the FFmpeg developers
  built with gcc 14 (Ubuntu 14.2.0-2ubuntu1)
  configuration: --prefix=/usr --extra-version=3ubuntu1 --toolchain=hardened --libdir=/usr/lib/x86_64-linux-gnu --incdir=/usr/include/x86_64-linux-gnu --arch=amd64 --enable-gpl --disable-stripping --disable-libmfx --disable-omx --enable-gnutls --enable-libaom --enable-libass --enable-libbs2b --enable-libcdio --enable-libcodec2 --enable-libdav1d --enable-libflite --enable-libfontconfig --enable-libfreetype --enable-libfribidi --enable-libglslang --enable-libgme --enable-libgsm --enable-libharfbuzz --enable-libmp3lame --enable-libmysofa --enable-libopenjpeg --enable-libopenmpt --enable-libopus --enable-librubberband --enable-libshine --enable-libsnappy --enable-libsoxr --enable-libspeex --enable-libtheora --enable-libtwolame --enable-libvidstab --enable-libvorbis --enable-libvpx --enable-libwebp --enable-libx265 --enable-libxml2 --enable-libxvid --enable-libzimg --enable-openal --enable-opencl --enable-opengl --disable-sndio --enable-libvpl --enable-libdc1394 --enable-libdrm --enable-libiec61883 --enable-chromaprint --enable-frei0r --enable-ladspa --enable-libbluray --enable-libcaca --enable-libdvdnav --enable-libdvdread --enable-libjack --enable-libpulse --enable-librabbitmq --enable-librist --enable-libsrt --enable-libssh --enable-libsvtav1 --enable-libx264 --enable-libzmq --enable-libzvbi --enable-lv2 --enable-sdl2 --enable-libplacebo --enable-librav1e --enable-pocketsphinx --enable-librsvg --enable-libjxl --enable-shared
  libavutil      59.  8.100 / 59.  8.100
  libavcodec     61.  3.100 / 61.  3.100
  libavformat    61.  1.100 / 61.  1.100
  libavdevice    61.  1.100 / 61.  1.100
  libavfilter    10.  1.100 / 10.  1.100
  libswscale      8.  1.100 /  8.  1.100
  libswresample   5.  1.100 /  5.  1.100
  libpostproc    58.  1.100 / 58.  1.100
Input #0, concat, from '/home/marco-lasagna/Scaricati/ffmpeg-java/inputFile.txt':
  Duration: N/A, start: 0.000000, bitrate: N/A
  Stream #0:0: Video: mjpeg (Baseline), yuvj420p(pc, bt470bg/unknown/unknown), 4501x4500 [SAR 1:1 DAR 4501:4500], 25 fps, 25 tbr, 25 tbn
Stream mapping:
  Stream #0:0 -> #0:0 (mjpeg (native) -> h264 (libx264))
Press [q] to stop, [?] for help
[swscaler @ 0x7729ac016b00] deprecated pixel format used, make sure you did set range correctly
    Last message repeated 1 times
[swscaler @ 0x7729acb407c0] deprecated pixel format used, make sure you did set range correctly
    Last message repeated 1 times
[vost#0:0/libx264 @ 0x6170d8a3e600] No information about the input framerate is available. Falling back to a default value of 25fps. Use the -r option if you want a different framerate.
[libx264 @ 0x6170d8a349c0] using SAR=2048/4095
[libx264 @ 0x6170d8a349c0] using cpu capabilities: MMX2 SSE2Fast SSSE3 SSE4.2 AVX FMA3 BMI2 AVX2
[libx264 @ 0x6170d8a349c0] profile High, level 4.0, 4:2:0, 8-bit
[libx264 @ 0x6170d8a349c0] 264 - core 164 r3108 31e19f9 - H.264/MPEG-4 AVC codec - Copyleft 2003-2023 - http://www.videolan.org/x264.html - options: cabac=1 ref=3 deblock=1:0:0 analyse=0x3:0x113 me=hex subme=7 psy=1 psy_rd=1.00:0.00 mixed_ref=1 me_range=16 chroma_me=1 trellis=1 8x8dct=1 cqm=0 deadzone=21,11 fast_pskip=1 chroma_qp_offset=-2 threads=30 lookahead_threads=5 sliced_threads=0 nr=0 decimate=1 interlaced=0 bluray_compat=0 constrained_intra=0 bframes=3 b_pyramid=2 b_adapt=1 b_bias=0 direct=1 weightb=1 open_gop=0 weightp=2 keyint=250 keyint_min=25 scenecut=40 intra_refresh=0 rc_lookahead=40 rc=crf mbtree=1 crf=23.0 qcomp=0.60 qpmin=0 qpmax=69 qpstep=4 ip_ratio=1.40 aq=1:1.00
Output #0, mp4, to './src/test/resources/output/translation/tempVideo/030.mp4':
  Metadata:
    encoder         : Lavf61.1.100
  Stream #0:0: Video: h264 (avc1 / 0x31637661), yuvj420p(pc, progressive), 2048x1024 [SAR 4501:9000 DAR 4501:4500], q=2-31, 25 fps, 12800 tbn
      Metadata:
        encoder         : Lavc61.3.100 libx264
      Side data:
        cpb: bitrate max/min/avg: 0/0/0 buffer size: 0 vbv_delay: N/A
[out#0/mp4 @ 0x6170d8a3c380] video:32KiB audio:0KiB subtitle:0KiB other streams:0KiB global headers:0KiB muxing overhead: 2.924838%
frame=    6 fps=0.0 q=-1.0 Lsize=      33KiB time=00:00:00.16 bitrate=1676.8kbits/s dup=0 drop=19 speed=0.656x    
[libx264 @ 0x6170d8a349c0] frame I:1     Avg QP:18.68  size: 30312
[libx264 @ 0x6170d8a349c0] frame P:2     Avg QP:16.78  size:   404
[libx264 @ 0x6170d8a349c0] frame B:3     Avg QP:20.50  size:   257
[libx264 @ 0x6170d8a349c0] consecutive B-frames: 33.3%  0.0%  0.0% 66.7%
[libx264 @ 0x6170d8a349c0] mb I  I16..4: 25.4% 64.2% 10.4%
[libx264 @ 0x6170d8a349c0] mb P  I16..4:  0.1%  0.1%  0.0%  P16..4:  1.1%  0.2%  0.1%  0.0%  0.0%    skip:98.5%
[libx264 @ 0x6170d8a349c0] mb B  I16..4:  0.0%  0.0%  0.0%  B16..8:  1.3%  0.1%  0.0%  direct: 0.0%  skip:98.5%  L0:54.5% L1:42.9% BI: 2.6%
[libx264 @ 0x6170d8a349c0] 8x8 transform intra:64.0% inter:32.1%
[libx264 @ 0x6170d8a349c0] coded y,uvDC,uvAC intra: 6.0% 10.2% 9.1% inter: 0.1% 0.0% 0.0%
[libx264 @ 0x6170d8a349c0] i16 v,h,dc,p: 87% 12%  1%  0%
[libx264 @ 0x6170d8a349c0] i8 v,h,dc,ddl,ddr,vr,hd,vl,hu: 47%  6% 46%  0%  0%  0%  0%  0%  0%
[libx264 @ 0x6170d8a349c0] i4 v,h,dc,ddl,ddr,vr,hd,vl,hu: 39% 31%  9%  4%  2%  2%  4%  4%  5%
[libx264 @ 0x6170d8a349c0] i8c dc,h,v,p: 82% 10%  8%  1%
[libx264 @ 0x6170d8a349c0] Weighted P-Frames: Y:0.0% UV:0.0%
[libx264 @ 0x6170d8a349c0] ref P L0: 95.7%  0.0%  1.9%  2.4%
[libx264 @ 0x6170d8a349c0] ref B L0: 91.6%  8.4%
[libx264 @ 0x6170d8a349c0] ref B L1: 92.9%  7.1%
[libx264 @ 0x6170d8a349c0] kb/s:1063.10
ffmpeg version 7.0.2-3ubuntu1 Copyright (c) 2000-2024 the FFmpeg developers
  built with gcc 14 (Ubuntu 14.2.0-2ubuntu1)
  configuration: --prefix=/usr --extra-version=3ubuntu1 --toolchain=hardened --libdir=/usr/lib/x86_64-linux-gnu --incdir=/usr/include/x86_64-linux-gnu --arch=amd64 --enable-gpl --disable-stripping --disable-libmfx --disable-omx --enable-gnutls --enable-libaom --enable-libass --enable-libbs2b --enable-libcdio --enable-libcodec2 --enable-libdav1d --enable-libflite --enable-libfontconfig --enable-libfreetype --enable-libfribidi --enable-libglslang --enable-libgme --enable-libgsm --enable-libharfbuzz --enable-libmp3lame --enable-libmysofa --enable-libopenjpeg --enable-libopenmpt --enable-libopus --enable-librubberband --enable-libshine --enable-libsnappy --enable-libsoxr --enable-libspeex --enable-libtheora --enable-libtwolame --enable-libvidstab --enable-libvorbis --enable-libvpx --enable-libwebp --enable-libx265 --enable-libxml2 --enable-libxvid --enable-libzimg --enable-openal --enable-opencl --enable-opengl --disable-sndio --enable-libvpl --enable-libdc1394 --enable-libdrm --enable-libiec61883 --enable-chromaprint --enable-frei0r --enable-ladspa --enable-libbluray --enable-libcaca --enable-libdvdnav --enable-libdvdread --enable-libjack --enable-libpulse --enable-librabbitmq --enable-librist --enable-libsrt --enable-libssh --enable-libsvtav1 --enable-libx264 --enable-libzmq --enable-libzvbi --enable-lv2 --enable-sdl2 --enable-libplacebo --enable-librav1e --enable-pocketsphinx --enable-librsvg --enable-libjxl --enable-shared
  libavutil      59.  8.100 / 59.  8.100
  libavcodec     61.  3.100 / 61.  3.100
  libavformat    61.  1.100 / 61.  1.100
  libavdevice    61.  1.100 / 61.  1.100
  libavfilter    10.  1.100 / 10.  1.100
  libswscale      8.  1.100 /  8.  1.100
  libswresample   5.  1.100 /  5.  1.100
  libpostproc    58.  1.100 / 58.  1.100
Input #0, concat, from '/home/marco-lasagna/Scaricati/ffmpeg-java/inputFile.txt':
  Duration: N/A, start: 0.000000, bitrate: N/A
  Stream #0:0: Video: mjpeg (Baseline), yuvj420p(pc, bt470bg/unknown/unknown), 4501x4500 [SAR 1:1 DAR 4501:4500], 25 fps, 25 tbr, 25 tbn
Stream mapping:
  Stream #0:0 -> #0:0 (mjpeg (native) -> h264 (libx264))
Press [q] to stop, [?] for help
[swscaler @ 0x71b588016b00] deprecated pixel format used, make sure you did set range correctly
    Last message repeated 1 times
[swscaler @ 0x71b588b407c0] deprecated pixel format used, make sure you did set range correctly
    Last message repeated 1 times
[vost#0:0/libx264 @ 0x64d127e0a600] No information about the input framerate is available. Falling back to a default value of 25fps. Use the -r option if you want a different framerate.
[libx264 @ 0x64d127e009c0] using SAR=2048/4095
[libx264 @ 0x64d127e009c0] using cpu capabilities: MMX2 SSE2Fast SSSE3 SSE4.2 AVX FMA3 BMI2 AVX2
[libx264 @ 0x64d127e009c0] profile High, level 4.0, 4:2:0, 8-bit
[libx264 @ 0x64d127e009c0] 264 - core 164 r3108 31e19f9 - H.264/MPEG-4 AVC codec - Copyleft 2003-2023 - http://www.videolan.org/x264.html - options: cabac=1 ref=3 deblock=1:0:0 analyse=0x3:0x113 me=hex subme=7 psy=1 psy_rd=1.00:0.00 mixed_ref=1 me_range=16 chroma_me=1 trellis=1 8x8dct=1 cqm=0 deadzone=21,11 fast_pskip=1 chroma_qp_offset=-2 threads=30 lookahead_threads=5 sliced_threads=0 nr=0 decimate=1 interlaced=0 bluray_compat=0 constrained_intra=0 bframes=3 b_pyramid=2 b_adapt=1 b_bias=0 direct=1 weightb=1 open_gop=0 weightp=2 keyint=250 keyint_min=25 scenecut=40 intra_refresh=0 rc_lookahead=40 rc=crf mbtree=1 crf=23.0 qcomp=0.60 qpmin=0 qpmax=69 qpstep=4 ip_ratio=1.40 aq=1:1.00
Output #0, mp4, to './src/test/resources/output/translation/tempVideo/040.mp4':
  Metadata:
    encoder         : Lavf61.1.100
  Stream #0:0: Video: h264 (avc1 / 0x31637661), yuvj420p(pc, progressive), 2048x1024 [SAR 4501:9000 DAR 4501:4500], q=2-31, 25 fps, 12800 tbn
      Metadata:
        encoder         : Lavc61.3.100 libx264
      Side data:
        cpb: bitrate max/min/avg: 0/0/0 buffer size: 0 vbv_delay: N/A
[out#0/mp4 @ 0x64d127e08380] video:32KiB audio:0KiB subtitle:0KiB other streams:0KiB global headers:0KiB muxing overhead: 2.923761%
frame=    6 fps=0.0 q=-1.0 Lsize=      33KiB time=00:00:00.16 bitrate=1677.4kbits/s dup=0 drop=19 speed=0.64x    
[libx264 @ 0x64d127e009c0] frame I:1     Avg QP:18.37  size: 30357
[libx264 @ 0x64d127e009c0] frame P:2     Avg QP:16.91  size:   408
[libx264 @ 0x64d127e009c0] frame B:3     Avg QP:20.47  size:   244
[libx264 @ 0x64d127e009c0] consecutive B-frames: 33.3%  0.0%  0.0% 66.7%
[libx264 @ 0x64d127e009c0] mb I  I16..4: 28.3% 61.4% 10.4%
[libx264 @ 0x64d127e009c0] mb P  I16..4:  0.1%  0.1%  0.0%  P16..4:  1.3%  0.1%  0.0%  0.0%  0.0%    skip:98.3%
[libx264 @ 0x64d127e009c0] mb B  I16..4:  0.0%  0.0%  0.0%  B16..8:  1.3%  0.1%  0.0%  direct: 0.0%  skip:98.5%  L0:44.0% L1:54.1% BI: 1.8%
[libx264 @ 0x64d127e009c0] 8x8 transform intra:61.3% inter:20.0%
[libx264 @ 0x64d127e009c0] coded y,uvDC,uvAC intra: 6.0% 10.2% 9.1% inter: 0.1% 0.0% 0.0%
[libx264 @ 0x64d127e009c0] i16 v,h,dc,p: 89% 10%  1%  0%
[libx264 @ 0x64d127e009c0] i8 v,h,dc,ddl,ddr,vr,hd,vl,hu: 58%  5% 36%  0%  0%  0%  0%  0%  0%
[libx264 @ 0x64d127e009c0] i4 v,h,dc,ddl,ddr,vr,hd,vl,hu: 40% 29% 10%  4%  2%  2%  4%  4%  5%
[libx264 @ 0x64d127e009c0] i8c dc,h,v,p: 82% 10%  8%  1%
[libx264 @ 0x64d127e009c0] Weighted P-Frames: Y:0.0% UV:0.0%
[libx264 @ 0x64d127e009c0] ref P L0: 97.7%  0.0%  1.9%  0.4%
[libx264 @ 0x64d127e009c0] ref B L0: 87.1% 12.9%
[libx264 @ 0x64d127e009c0] ref B L1: 98.4%  1.6%
[libx264 @ 0x64d127e009c0] kb/s:1063.50
ffmpeg version 7.0.2-3ubuntu1 Copyright (c) 2000-2024 the FFmpeg developers
  built with gcc 14 (Ubuntu 14.2.0-2ubuntu1)
  configuration: --prefix=/usr --extra-version=3ubuntu1 --toolchain=hardened --libdir=/usr/lib/x86_64-linux-gnu --incdir=/usr/include/x86_64-linux-gnu --arch=amd64 --enable-gpl --disable-stripping --disable-libmfx --disable-omx --enable-gnutls --enable-libaom --enable-libass --enable-libbs2b --enable-libcdio --enable-libcodec2 --enable-libdav1d --enable-libflite --enable-libfontconfig --enable-libfreetype --enable-libfribidi --enable-libglslang --enable-libgme --enable-libgsm --enable-libharfbuzz --enable-libmp3lame --enable-libmysofa --enable-libopenjpeg --enable-libopenmpt --enable-libopus --enable-librubberband --enable-libshine --enable-libsnappy --enable-libsoxr --enable-libspeex --enable-libtheora --enable-libtwolame --enable-libvidstab --enable-libvorbis --enable-libvpx --enable-libwebp --enable-libx265 --enable-libxml2 --enable-libxvid --enable-libzimg --enable-openal --enable-opencl --enable-opengl --disable-sndio --enable-libvpl --enable-libdc1394 --enable-libdrm --enable-libiec61883 --enable-chromaprint --enable-frei0r --enable-ladspa --enable-libbluray --enable-libcaca --enable-libdvdnav --enable-libdvdread --enable-libjack --enable-libpulse --enable-librabbitmq --enable-librist --enable-libsrt --enable-libssh --enable-libsvtav1 --enable-libx264 --enable-libzmq --enable-libzvbi --enable-lv2 --enable-sdl2 --enable-libplacebo --enable-librav1e --enable-pocketsphinx --enable-librsvg --enable-libjxl --enable-shared
  libavutil      59.  8.100 / 59.  8.100
  libavcodec     61.  3.100 / 61.  3.100
  libavformat    61.  1.100 / 61.  1.100
  libavdevice    61.  1.100 / 61.  1.100
  libavfilter    10.  1.100 / 10.  1.100
  libswscale      8.  1.100 /  8.  1.100
  libswresample   5.  1.100 /  5.  1.100
  libpostproc    58.  1.100 / 58.  1.100
Input #0, concat, from '/home/marco-lasagna/Scaricati/ffmpeg-java/inputFile.txt':
  Duration: N/A, start: 0.000000, bitrate: N/A
  Stream #0:0: Video: mjpeg (Baseline), yuvj420p(pc, bt470bg/unknown/unknown), 4501x4500 [SAR 1:1 DAR 4501:4500], 25 fps, 25 tbr, 25 tbn
Stream mapping:
  Stream #0:0 -> #0:0 (mjpeg (native) -> h264 (libx264))
Press [q] to stop, [?] for help
[swscaler @ 0x778888016b00] deprecated pixel format used, make sure you did set range correctly
    Last message repeated 1 times
[swscaler @ 0x778888b407c0] deprecated pixel format used, make sure you did set range correctly
    Last message repeated 1 times
[vost#0:0/libx264 @ 0x5a18b4aa5600] No information about the input framerate is available. Falling back to a default value of 25fps. Use the -r option if you want a different framerate.
[libx264 @ 0x5a18b4a9b9c0] using SAR=2048/4095
[libx264 @ 0x5a18b4a9b9c0] using cpu capabilities: MMX2 SSE2Fast SSSE3 SSE4.2 AVX FMA3 BMI2 AVX2
[libx264 @ 0x5a18b4a9b9c0] profile High, level 4.0, 4:2:0, 8-bit
[libx264 @ 0x5a18b4a9b9c0] 264 - core 164 r3108 31e19f9 - H.264/MPEG-4 AVC codec - Copyleft 2003-2023 - http://www.videolan.org/x264.html - options: cabac=1 ref=3 deblock=1:0:0 analyse=0x3:0x113 me=hex subme=7 psy=1 psy_rd=1.00:0.00 mixed_ref=1 me_range=16 chroma_me=1 trellis=1 8x8dct=1 cqm=0 deadzone=21,11 fast_pskip=1 chroma_qp_offset=-2 threads=30 lookahead_threads=5 sliced_threads=0 nr=0 decimate=1 interlaced=0 bluray_compat=0 constrained_intra=0 bframes=3 b_pyramid=2 b_adapt=1 b_bias=0 direct=1 weightb=1 open_gop=0 weightp=2 keyint=250 keyint_min=25 scenecut=40 intra_refresh=0 rc_lookahead=40 rc=crf mbtree=1 crf=23.0 qcomp=0.60 qpmin=0 qpmax=69 qpstep=4 ip_ratio=1.40 aq=1:1.00
Output #0, mp4, to './src/test/resources/output/translation/tempVideo/050.mp4':
  Metadata:
    encoder         : Lavf61.1.100
  Stream #0:0: Video: h264 (avc1 / 0x31637661), yuvj420p(pc, progressive), 2048x1024 [SAR 4501:9000 DAR 4501:4500], q=2-31, 25 fps, 12800 tbn
      Metadata:
        encoder         : Lavc61.3.100 libx264
      Side data:
        cpb: bitrate max/min/avg: 0/0/0 buffer size: 0 vbv_delay: N/A
[out#0/mp4 @ 0x5a18b4aa3380] video:32KiB audio:0KiB subtitle:0KiB other streams:0KiB global headers:0KiB muxing overhead: 2.915800%
frame=    6 fps=0.0 q=-1.0 Lsize=      33KiB time=00:00:00.16 bitrate=1681.8kbits/s dup=0 drop=19 speed=0.609x    
[libx264 @ 0x5a18b4a9b9c0] frame I:1     Avg QP:18.46  size: 30391
[libx264 @ 0x5a18b4a9b9c0] frame P:2     Avg QP:17.40  size:   418
[libx264 @ 0x5a18b4a9b9c0] frame B:3     Avg QP:25.77  size:   256
[libx264 @ 0x5a18b4a9b9c0] consecutive B-frames: 33.3%  0.0%  0.0% 66.7%
[libx264 @ 0x5a18b4a9b9c0] mb I  I16..4: 25.9% 63.7% 10.5%
[libx264 @ 0x5a18b4a9b9c0] mb P  I16..4:  0.1%  0.1%  0.0%  P16..4:  1.2%  0.2%  0.0%  0.0%  0.0%    skip:98.4%
[libx264 @ 0x5a18b4a9b9c0] mb B  I16..4:  0.0%  0.0%  0.0%  B16..8:  1.2%  0.1%  0.0%  direct: 0.0%  skip:98.6%  L0:57.2% L1:40.9% BI: 2.0%
[libx264 @ 0x5a18b4a9b9c0] 8x8 transform intra:63.6% inter:32.8%
[libx264 @ 0x5a18b4a9b9c0] coded y,uvDC,uvAC intra: 6.1% 10.2% 9.1% inter: 0.1% 0.0% 0.0%
[libx264 @ 0x5a18b4a9b9c0] i16 v,h,dc,p: 88% 12%  1%  0%
[libx264 @ 0x5a18b4a9b9c0] i8 v,h,dc,ddl,ddr,vr,hd,vl,hu: 42%  7% 50%  0%  0%  0%  0%  0%  0%
[libx264 @ 0x5a18b4a9b9c0] i4 v,h,dc,ddl,ddr,vr,hd,vl,hu: 38% 31% 10%  4%  2%  2%  4%  4%  5%
[libx264 @ 0x5a18b4a9b9c0] i8c dc,h,v,p: 82% 10%  8%  1%
[libx264 @ 0x5a18b4a9b9c0] Weighted P-Frames: Y:0.0% UV:0.0%
[libx264 @ 0x5a18b4a9b9c0] ref P L0: 93.5%  0.0%  1.9%  4.5%
[libx264 @ 0x5a18b4a9b9c0] ref B L0: 87.1% 12.9%
[libx264 @ 0x5a18b4a9b9c0] ref B L1: 92.9%  7.1%
[libx264 @ 0x5a18b4a9b9c0] kb/s:1066.47
ffmpeg version 7.0.2-3ubuntu1 Copyright (c) 2000-2024 the FFmpeg developers
  built with gcc 14 (Ubuntu 14.2.0-2ubuntu1)
  configuration: --prefix=/usr --extra-version=3ubuntu1 --toolchain=hardened --libdir=/usr/lib/x86_64-linux-gnu --incdir=/usr/include/x86_64-linux-gnu --arch=amd64 --enable-gpl --disable-stripping --disable-libmfx --disable-omx --enable-gnutls --enable-libaom --enable-libass --enable-libbs2b --enable-libcdio --enable-libcodec2 --enable-libdav1d --enable-libflite --enable-libfontconfig --enable-libfreetype --enable-libfribidi --enable-libglslang --enable-libgme --enable-libgsm --enable-libharfbuzz --enable-libmp3lame --enable-libmysofa --enable-libopenjpeg --enable-libopenmpt --enable-libopus --enable-librubberband --enable-libshine --enable-libsnappy --enable-libsoxr --enable-libspeex --enable-libtheora --enable-libtwolame --enable-libvidstab --enable-libvorbis --enable-libvpx --enable-libwebp --enable-libx265 --enable-libxml2 --enable-libxvid --enable-libzimg --enable-openal --enable-opencl --enable-opengl --disable-sndio --enable-libvpl --enable-libdc1394 --enable-libdrm --enable-libiec61883 --enable-chromaprint --enable-frei0r --enable-ladspa --enable-libbluray --enable-libcaca --enable-libdvdnav --enable-libdvdread --enable-libjack --enable-libpulse --enable-librabbitmq --enable-librist --enable-libsrt --enable-libssh --enable-libsvtav1 --enable-libx264 --enable-libzmq --enable-libzvbi --enable-lv2 --enable-sdl2 --enable-libplacebo --enable-librav1e --enable-pocketsphinx --enable-librsvg --enable-libjxl --enable-shared
  libavutil      59.  8.100 / 59.  8.100
  libavcodec     61.  3.100 / 61.  3.100
  libavformat    61.  1.100 / 61.  1.100
  libavdevice    61.  1.100 / 61.  1.100
  libavfilter    10.  1.100 / 10.  1.100
  libswscale      8.  1.100 /  8.  1.100
  libswresample   5.  1.100 /  5.  1.100
  libpostproc    58.  1.100 / 58.  1.100
Input #0, concat, from '/home/marco-lasagna/Scaricati/ffmpeg-java/inputFile.txt':
  Duration: N/A, start: 0.000000, bitrate: N/A
  Stream #0:0: Video: mjpeg (Baseline), yuvj420p(pc, bt470bg/unknown/unknown), 4501x4500 [SAR 1:1 DAR 4501:4500], 25 fps, 25 tbr, 25 tbn
Stream mapping:
  Stream #0:0 -> #0:0 (mjpeg (native) -> h264 (libx264))
Press [q] to stop, [?] for help
[swscaler @ 0x7079dc016b00] deprecated pixel format used, make sure you did set range correctly
    Last message repeated 1 times
[swscaler @ 0x7079dcb407c0] deprecated pixel format used, make sure you did set range correctly
    Last message repeated 1 times
[vost#0:0/libx264 @ 0x5b4ecb250600] No information about the input framerate is available. Falling back to a default value of 25fps. Use the -r option if you want a different framerate.
[libx264 @ 0x5b4ecb2469c0] using SAR=2048/4095
[libx264 @ 0x5b4ecb2469c0] using cpu capabilities: MMX2 SSE2Fast SSSE3 SSE4.2 AVX FMA3 BMI2 AVX2
[libx264 @ 0x5b4ecb2469c0] profile High, level 4.0, 4:2:0, 8-bit
[libx264 @ 0x5b4ecb2469c0] 264 - core 164 r3108 31e19f9 - H.264/MPEG-4 AVC codec - Copyleft 2003-2023 - http://www.videolan.org/x264.html - options: cabac=1 ref=3 deblock=1:0:0 analyse=0x3:0x113 me=hex subme=7 psy=1 psy_rd=1.00:0.00 mixed_ref=1 me_range=16 chroma_me=1 trellis=1 8x8dct=1 cqm=0 deadzone=21,11 fast_pskip=1 chroma_qp_offset=-2 threads=30 lookahead_threads=5 sliced_threads=0 nr=0 decimate=1 interlaced=0 bluray_compat=0 constrained_intra=0 bframes=3 b_pyramid=2 b_adapt=1 b_bias=0 direct=1 weightb=1 open_gop=0 weightp=2 keyint=250 keyint_min=25 scenecut=40 intra_refresh=0 rc_lookahead=40 rc=crf mbtree=1 crf=23.0 qcomp=0.60 qpmin=0 qpmax=69 qpstep=4 ip_ratio=1.40 aq=1:1.00
Output #0, mp4, to './src/test/resources/output/translation/tempVideo/060.mp4':
  Metadata:
    encoder         : Lavf61.1.100
  Stream #0:0: Video: h264 (avc1 / 0x31637661), yuvj420p(pc, progressive), 2048x1024 [SAR 4501:9000 DAR 4501:4500], q=2-31, 25 fps, 12800 tbn
      Metadata:
        encoder         : Lavc61.3.100 libx264
      Side data:
        cpb: bitrate max/min/avg: 0/0/0 buffer size: 0 vbv_delay: N/A
[out#0/mp4 @ 0x5b4ecb24e380] video:32KiB audio:0KiB subtitle:0KiB other streams:0KiB global headers:0KiB muxing overhead: 2.907704%
frame=    6 fps=0.0 q=-1.0 Lsize=      33KiB time=00:00:00.16 bitrate=1686.4kbits/s dup=0 drop=19 speed=0.628x    
[libx264 @ 0x5b4ecb2469c0] frame I:1     Avg QP:18.39  size: 30399
[libx264 @ 0x5b4ecb2469c0] frame P:2     Avg QP:17.94  size:   420
[libx264 @ 0x5b4ecb2469c0] frame B:3     Avg QP:29.25  size:   282
[libx264 @ 0x5b4ecb2469c0] consecutive B-frames: 33.3%  0.0%  0.0% 66.7%
[libx264 @ 0x5b4ecb2469c0] mb I  I16..4: 25.6% 63.9% 10.5%
[libx264 @ 0x5b4ecb2469c0] mb P  I16..4:  0.1%  0.1%  0.0%  P16..4:  1.2%  0.1%  0.0%  0.0%  0.0%    skip:98.4%
[libx264 @ 0x5b4ecb2469c0] mb B  I16..4:  0.0%  0.0%  0.0%  B16..8:  1.3%  0.1%  0.0%  direct: 0.0%  skip:98.5%  L0:59.8% L1:39.0% BI: 1.2%
[libx264 @ 0x5b4ecb2469c0] 8x8 transform intra:63.8% inter:40.0%
[libx264 @ 0x5b4ecb2469c0] coded y,uvDC,uvAC intra: 6.0% 10.2% 9.1% inter: 0.1% 0.0% 0.0%
[libx264 @ 0x5b4ecb2469c0] i16 v,h,dc,p: 88% 12%  1%  0%
[libx264 @ 0x5b4ecb2469c0] i8 v,h,dc,ddl,ddr,vr,hd,vl,hu: 58%  9% 33%  0%  0%  0%  0%  0%  0%
[libx264 @ 0x5b4ecb2469c0] i4 v,h,dc,ddl,ddr,vr,hd,vl,hu: 40% 29% 10%  4%  2%  2%  4%  4%  5%
[libx264 @ 0x5b4ecb2469c0] i8c dc,h,v,p: 82%  9%  8%  1%
[libx264 @ 0x5b4ecb2469c0] Weighted P-Frames: Y:0.0% UV:0.0%
[libx264 @ 0x5b4ecb2469c0] ref P L0: 94.9%  0.0%  1.8%  3.3%
[libx264 @ 0x5b4ecb2469c0] ref B L0: 88.8% 11.2%
[libx264 @ 0x5b4ecb2469c0] ref B L1: 96.4%  3.6%
[libx264 @ 0x5b4ecb2469c0] kb/s:1069.50
ffmpeg version 7.0.2-3ubuntu1 Copyright (c) 2000-2024 the FFmpeg developers
  built with gcc 14 (Ubuntu 14.2.0-2ubuntu1)
  configuration: --prefix=/usr --extra-version=3ubuntu1 --toolchain=hardened --libdir=/usr/lib/x86_64-linux-gnu --incdir=/usr/include/x86_64-linux-gnu --arch=amd64 --enable-gpl --disable-stripping --disable-libmfx --disable-omx --enable-gnutls --enable-libaom --enable-libass --enable-libbs2b --enable-libcdio --enable-libcodec2 --enable-libdav1d --enable-libflite --enable-libfontconfig --enable-libfreetype --enable-libfribidi --enable-libglslang --enable-libgme --enable-libgsm --enable-libharfbuzz --enable-libmp3lame --enable-libmysofa --enable-libopenjpeg --enable-libopenmpt --enable-libopus --enable-librubberband --enable-libshine --enable-libsnappy --enable-libsoxr --enable-libspeex --enable-libtheora --enable-libtwolame --enable-libvidstab --enable-libvorbis --enable-libvpx --enable-libwebp --enable-libx265 --enable-libxml2 --enable-libxvid --enable-libzimg --enable-openal --enable-opencl --enable-opengl --disable-sndio --enable-libvpl --enable-libdc1394 --enable-libdrm --enable-libiec61883 --enable-chromaprint --enable-frei0r --enable-ladspa --enable-libbluray --enable-libcaca --enable-libdvdnav --enable-libdvdread --enable-libjack --enable-libpulse --enable-librabbitmq --enable-librist --enable-libsrt --enable-libssh --enable-libsvtav1 --enable-libx264 --enable-libzmq --enable-libzvbi --enable-lv2 --enable-sdl2 --enable-libplacebo --enable-librav1e --enable-pocketsphinx --enable-librsvg --enable-libjxl --enable-shared
  libavutil      59.  8.100 / 59.  8.100
  libavcodec     61.  3.100 / 61.  3.100
  libavformat    61.  1.100 / 61.  1.100
  libavdevice    61.  1.100 / 61.  1.100
  libavfilter    10.  1.100 / 10.  1.100
  libswscale      8.  1.100 /  8.  1.100
  libswresample   5.  1.100 /  5.  1.100
  libpostproc    58.  1.100 / 58.  1.100
Input #0, concat, from '/home/marco-lasagna/Scaricati/ffmpeg-java/inputFile.txt':
  Duration: N/A, start: 0.000000, bitrate: N/A
  Stream #0:0: Video: mjpeg (Baseline), yuvj420p(pc, bt470bg/unknown/unknown), 4501x4500 [SAR 1:1 DAR 4501:4500], 25 fps, 25 tbr, 25 tbn
Stream mapping:
  Stream #0:0 -> #0:0 (mjpeg (native) -> h264 (libx264))
Press [q] to stop, [?] for help
[swscaler @ 0x7091cc016b00] deprecated pixel format used, make sure you did set range correctly
    Last message repeated 1 times
[swscaler @ 0x7091ccb407c0] deprecated pixel format used, make sure you did set range correctly
    Last message repeated 1 times
[vost#0:0/libx264 @ 0x556b42f4d600] No information about the input framerate is available. Falling back to a default value of 25fps. Use the -r option if you want a different framerate.
[libx264 @ 0x556b42f439c0] using SAR=2048/4095
[libx264 @ 0x556b42f439c0] using cpu capabilities: MMX2 SSE2Fast SSSE3 SSE4.2 AVX FMA3 BMI2 AVX2
[libx264 @ 0x556b42f439c0] profile High, level 4.0, 4:2:0, 8-bit
[libx264 @ 0x556b42f439c0] 264 - core 164 r3108 31e19f9 - H.264/MPEG-4 AVC codec - Copyleft 2003-2023 - http://www.videolan.org/x264.html - options: cabac=1 ref=3 deblock=1:0:0 analyse=0x3:0x113 me=hex subme=7 psy=1 psy_rd=1.00:0.00 mixed_ref=1 me_range=16 chroma_me=1 trellis=1 8x8dct=1 cqm=0 deadzone=21,11 fast_pskip=1 chroma_qp_offset=-2 threads=30 lookahead_threads=5 sliced_threads=0 nr=0 decimate=1 interlaced=0 bluray_compat=0 constrained_intra=0 bframes=3 b_pyramid=2 b_adapt=1 b_bias=0 direct=1 weightb=1 open_gop=0 weightp=2 keyint=250 keyint_min=25 scenecut=40 intra_refresh=0 rc_lookahead=40 rc=crf mbtree=1 crf=23.0 qcomp=0.60 qpmin=0 qpmax=69 qpstep=4 ip_ratio=1.40 aq=1:1.00
Output #0, mp4, to './src/test/resources/output/translation/tempVideo/070.mp4':
  Metadata:
    encoder         : Lavf61.1.100
  Stream #0:0: Video: h264 (avc1 / 0x31637661), yuvj420p(pc, progressive), 2048x1024 [SAR 4501:9000 DAR 4501:4500], q=2-31, 25 fps, 12800 tbn
      Metadata:
        encoder         : Lavc61.3.100 libx264
      Side data:
        cpb: bitrate max/min/avg: 0/0/0 buffer size: 0 vbv_delay: N/A
[out#0/mp4 @ 0x556b42f4b380] video:32KiB audio:0KiB subtitle:0KiB other streams:0KiB global headers:0KiB muxing overhead: 2.906640%
frame=    6 fps=0.0 q=-1.0 Lsize=      33KiB time=00:00:00.16 bitrate=1687.0kbits/s dup=0 drop=19 speed=0.642x    
[libx264 @ 0x556b42f439c0] frame I:1     Avg QP:18.49  size: 30460
[libx264 @ 0x556b42f439c0] frame P:2     Avg QP:21.55  size:   422
[libx264 @ 0x556b42f439c0] frame B:3     Avg QP:24.69  size:   265
[libx264 @ 0x556b42f439c0] consecutive B-frames: 33.3%  0.0%  0.0% 66.7%
[libx264 @ 0x556b42f439c0] mb I  I16..4: 14.7% 75.0% 10.3%
[libx264 @ 0x556b42f439c0] mb P  I16..4:  0.1%  0.2%  0.0%  P16..4:  1.2%  0.2%  0.1%  0.0%  0.0%    skip:98.3%
[libx264 @ 0x556b42f439c0] mb B  I16..4:  0.0%  0.0%  0.0%  B16..8:  1.3%  0.1%  0.0%  direct: 0.0%  skip:98.5%  L0:54.3% L1:44.0% BI: 1.6%
[libx264 @ 0x556b42f439c0] 8x8 transform intra:74.9% inter:41.0%
[libx264 @ 0x556b42f439c0] coded y,uvDC,uvAC intra: 6.0% 10.1% 9.1% inter: 0.1% 0.0% 0.0%
[libx264 @ 0x556b42f439c0] i16 v,h,dc,p: 78% 20%  2%  0%
[libx264 @ 0x556b42f439c0] i8 v,h,dc,ddl,ddr,vr,hd,vl,hu: 41%  9% 50%  0%  0%  0%  0%  0%  0%
[libx264 @ 0x556b42f439c0] i4 v,h,dc,ddl,ddr,vr,hd,vl,hu: 40% 29% 10%  4%  2%  2%  4%  4%  5%
[libx264 @ 0x556b42f439c0] i8c dc,h,v,p: 82%  9%  8%  1%
[libx264 @ 0x556b42f439c0] Weighted P-Frames: Y:0.0% UV:0.0%
[libx264 @ 0x556b42f439c0] ref P L0: 91.6%  0.0%  2.6%  5.9%
[libx264 @ 0x556b42f439c0] ref B L0: 86.8% 13.2%
[libx264 @ 0x556b42f439c0] ref B L1: 96.9%  3.1%
[libx264 @ 0x556b42f439c0] kb/s:1069.90
ffmpeg version 7.0.2-3ubuntu1 Copyright (c) 2000-2024 the FFmpeg developers
  built with gcc 14 (Ubuntu 14.2.0-2ubuntu1)
  configuration: --prefix=/usr --extra-version=3ubuntu1 --toolchain=hardened --libdir=/usr/lib/x86_64-linux-gnu --incdir=/usr/include/x86_64-linux-gnu --arch=amd64 --enable-gpl --disable-stripping --disable-libmfx --disable-omx --enable-gnutls --enable-libaom --enable-libass --enable-libbs2b --enable-libcdio --enable-libcodec2 --enable-libdav1d --enable-libflite --enable-libfontconfig --enable-libfreetype --enable-libfribidi --enable-libglslang --enable-libgme --enable-libgsm --enable-libharfbuzz --enable-libmp3lame --enable-libmysofa --enable-libopenjpeg --enable-libopenmpt --enable-libopus --enable-librubberband --enable-libshine --enable-libsnappy --enable-libsoxr --enable-libspeex --enable-libtheora --enable-libtwolame --enable-libvidstab --enable-libvorbis --enable-libvpx --enable-libwebp --enable-libx265 --enable-libxml2 --enable-libxvid --enable-libzimg --enable-openal --enable-opencl --enable-opengl --disable-sndio --enable-libvpl --enable-libdc1394 --enable-libdrm --enable-libiec61883 --enable-chromaprint --enable-frei0r --enable-ladspa --enable-libbluray --enable-libcaca --enable-libdvdnav --enable-libdvdread --enable-libjack --enable-libpulse --enable-librabbitmq --enable-librist --enable-libsrt --enable-libssh --enable-libsvtav1 --enable-libx264 --enable-libzmq --enable-libzvbi --enable-lv2 --enable-sdl2 --enable-libplacebo --enable-librav1e --enable-pocketsphinx --enable-librsvg --enable-libjxl --enable-shared
  libavutil      59.  8.100 / 59.  8.100
  libavcodec     61.  3.100 / 61.  3.100
  libavformat    61.  1.100 / 61.  1.100
  libavdevice    61.  1.100 / 61.  1.100
  libavfilter    10.  1.100 / 10.  1.100
  libswscale      8.  1.100 /  8.  1.100
  libswresample   5.  1.100 /  5.  1.100
  libpostproc    58.  1.100 / 58.  1.100
Input #0, concat, from '/home/marco-lasagna/Scaricati/ffmpeg-java/inputFile.txt':
  Duration: N/A, start: 0.000000, bitrate: N/A
  Stream #0:0: Video: mjpeg (Baseline), yuvj420p(pc, bt470bg/unknown/unknown), 4501x4500 [SAR 1:1 DAR 4501:4500], 25 fps, 25 tbr, 25 tbn
Stream mapping:
  Stream #0:0 -> #0:0 (mjpeg (native) -> h264 (libx264))
Press [q] to stop, [?] for help
[swscaler @ 0x7b3ebc016b00] deprecated pixel format used, make sure you did set range correctly
    Last message repeated 1 times
[swscaler @ 0x7b3ebcb407c0] deprecated pixel format used, make sure you did set range correctly
    Last message repeated 1 times
[vost#0:0/libx264 @ 0x5dabe44c0600] No information about the input framerate is available. Falling back to a default value of 25fps. Use the -r option if you want a different framerate.
[libx264 @ 0x5dabe44b69c0] using SAR=2048/4095
[libx264 @ 0x5dabe44b69c0] using cpu capabilities: MMX2 SSE2Fast SSSE3 SSE4.2 AVX FMA3 BMI2 AVX2
[libx264 @ 0x5dabe44b69c0] profile High, level 4.0, 4:2:0, 8-bit
[libx264 @ 0x5dabe44b69c0] 264 - core 164 r3108 31e19f9 - H.264/MPEG-4 AVC codec - Copyleft 2003-2023 - http://www.videolan.org/x264.html - options: cabac=1 ref=3 deblock=1:0:0 analyse=0x3:0x113 me=hex subme=7 psy=1 psy_rd=1.00:0.00 mixed_ref=1 me_range=16 chroma_me=1 trellis=1 8x8dct=1 cqm=0 deadzone=21,11 fast_pskip=1 chroma_qp_offset=-2 threads=30 lookahead_threads=5 sliced_threads=0 nr=0 decimate=1 interlaced=0 bluray_compat=0 constrained_intra=0 bframes=3 b_pyramid=2 b_adapt=1 b_bias=0 direct=1 weightb=1 open_gop=0 weightp=2 keyint=250 keyint_min=25 scenecut=40 intra_refresh=0 rc_lookahead=40 rc=crf mbtree=1 crf=23.0 qcomp=0.60 qpmin=0 qpmax=69 qpstep=4 ip_ratio=1.40 aq=1:1.00
Output #0, mp4, to './src/test/resources/output/translation/tempVideo/080.mp4':
  Metadata:
    encoder         : Lavf61.1.100
  Stream #0:0: Video: h264 (avc1 / 0x31637661), yuvj420p(pc, progressive), 2048x1024 [SAR 4501:9000 DAR 4501:4500], q=2-31, 25 fps, 12800 tbn
      Metadata:
        encoder         : Lavc61.3.100 libx264
      Side data:
        cpb: bitrate max/min/avg: 0/0/0 buffer size: 0 vbv_delay: N/A
[out#0/mp4 @ 0x5dabe44be380] video:32KiB audio:0KiB subtitle:0KiB other streams:0KiB global headers:0KiB muxing overhead: 2.911880%
frame=    6 fps=0.0 q=-1.0 Lsize=      33KiB time=00:00:00.16 bitrate=1684.0kbits/s dup=0 drop=19 speed=0.656x    
[libx264 @ 0x5dabe44b69c0] frame I:1     Avg QP:18.40  size: 30385
[libx264 @ 0x5dabe44b69c0] frame P:2     Avg QP:17.10  size:   436
[libx264 @ 0x5dabe44b69c0] frame B:3     Avg QP:31.15  size:   260
[libx264 @ 0x5dabe44b69c0] consecutive B-frames: 33.3%  0.0%  0.0% 66.7%
[libx264 @ 0x5dabe44b69c0] mb I  I16..4: 25.6% 63.9% 10.5%
[libx264 @ 0x5dabe44b69c0] mb P  I16..4:  0.1%  0.2%  0.0%  P16..4:  1.1%  0.1%  0.1%  0.0%  0.0%    skip:98.4%
[libx264 @ 0x5dabe44b69c0] mb B  I16..4:  0.0%  0.0%  0.0%  B16..8:  1.4%  0.1%  0.0%  direct: 0.0%  skip:98.4%  L0:34.9% L1:63.3% BI: 1.9%
[libx264 @ 0x5dabe44b69c0] 8x8 transform intra:63.9% inter:29.3%
[libx264 @ 0x5dabe44b69c0] coded y,uvDC,uvAC intra: 6.0% 10.1% 9.1% inter: 0.1% 0.0% 0.0%
[libx264 @ 0x5dabe44b69c0] i16 v,h,dc,p: 88% 11%  1%  0%
[libx264 @ 0x5dabe44b69c0] i8 v,h,dc,ddl,ddr,vr,hd,vl,hu: 57%  9% 33%  0%  0%  0%  0%  0%  0%
[libx264 @ 0x5dabe44b69c0] i4 v,h,dc,ddl,ddr,vr,hd,vl,hu: 39% 30% 10%  4%  2%  2%  4%  4%  5%
[libx264 @ 0x5dabe44b69c0] i8c dc,h,v,p: 82%  9%  8%  1%
[libx264 @ 0x5dabe44b69c0] Weighted P-Frames: Y:0.0% UV:0.0%
[libx264 @ 0x5dabe44b69c0] ref P L0: 97.5%  0.6%  1.1%  0.8%
[libx264 @ 0x5dabe44b69c0] ref B L0: 86.5% 13.5%
[libx264 @ 0x5dabe44b69c0] ref B L1: 94.9%  5.1%
[libx264 @ 0x5dabe44b69c0] kb/s:1067.93
ffmpeg version 7.0.2-3ubuntu1 Copyright (c) 2000-2024 the FFmpeg developers
  built with gcc 14 (Ubuntu 14.2.0-2ubuntu1)
  configuration: --prefix=/usr --extra-version=3ubuntu1 --toolchain=hardened --libdir=/usr/lib/x86_64-linux-gnu --incdir=/usr/include/x86_64-linux-gnu --arch=amd64 --enable-gpl --disable-stripping --disable-libmfx --disable-omx --enable-gnutls --enable-libaom --enable-libass --enable-libbs2b --enable-libcdio --enable-libcodec2 --enable-libdav1d --enable-libflite --enable-libfontconfig --enable-libfreetype --enable-libfribidi --enable-libglslang --enable-libgme --enable-libgsm --enable-libharfbuzz --enable-libmp3lame --enable-libmysofa --enable-libopenjpeg --enable-libopenmpt --enable-libopus --enable-librubberband --enable-libshine --enable-libsnappy --enable-libsoxr --enable-libspeex --enable-libtheora --enable-libtwolame --enable-libvidstab --enable-libvorbis --enable-libvpx --enable-libwebp --enable-libx265 --enable-libxml2 --enable-libxvid --enable-libzimg --enable-openal --enable-opencl --enable-opengl --disable-sndio --enable-libvpl --enable-libdc1394 --enable-libdrm --enable-libiec61883 --enable-chromaprint --enable-frei0r --enable-ladspa --enable-libbluray --enable-libcaca --enable-libdvdnav --enable-libdvdread --enable-libjack --enable-libpulse --enable-librabbitmq --enable-librist --enable-libsrt --enable-libssh --enable-libsvtav1 --enable-libx264 --enable-libzmq --enable-libzvbi --enable-lv2 --enable-sdl2 --enable-libplacebo --enable-librav1e --enable-pocketsphinx --enable-librsvg --enable-libjxl --enable-shared
  libavutil      59.  8.100 / 59.  8.100
  libavcodec     61.  3.100 / 61.  3.100
  libavformat    61.  1.100 / 61.  1.100
  libavdevice    61.  1.100 / 61.  1.100
  libavfilter    10.  1.100 / 10.  1.100
  libswscale      8.  1.100 /  8.  1.100
  libswresample   5.  1.100 /  5.  1.100
  libpostproc    58.  1.100 / 58.  1.100
Input #0, concat, from '/home/marco-lasagna/Scaricati/ffmpeg-java/inputFile.txt':
  Duration: N/A, start: 0.000000, bitrate: N/A
  Stream #0:0: Video: mjpeg (Baseline), yuvj420p(pc, bt470bg/unknown/unknown), 4501x4500 [SAR 1:1 DAR 4501:4500], 25 fps, 25 tbr, 25 tbn
Stream mapping:
  Stream #0:0 -> #0:0 (mjpeg (native) -> h264 (libx264))
Press [q] to stop, [?] for help
[swscaler @ 0x7e0a00016b00] deprecated pixel format used, make sure you did set range correctly
    Last message repeated 1 times
[swscaler @ 0x7e0a00b407c0] deprecated pixel format used, make sure you did set range correctly
    Last message repeated 1 times
[vost#0:0/libx264 @ 0x5a4ea5cc4600] No information about the input framerate is available. Falling back to a default value of 25fps. Use the -r option if you want a different framerate.
[libx264 @ 0x5a4ea5cba9c0] using SAR=2048/4095
[libx264 @ 0x5a4ea5cba9c0] using cpu capabilities: MMX2 SSE2Fast SSSE3 SSE4.2 AVX FMA3 BMI2 AVX2
[libx264 @ 0x5a4ea5cba9c0] profile High, level 4.0, 4:2:0, 8-bit
[libx264 @ 0x5a4ea5cba9c0] 264 - core 164 r3108 31e19f9 - H.264/MPEG-4 AVC codec - Copyleft 2003-2023 - http://www.videolan.org/x264.html - options: cabac=1 ref=3 deblock=1:0:0 analyse=0x3:0x113 me=hex subme=7 psy=1 psy_rd=1.00:0.00 mixed_ref=1 me_range=16 chroma_me=1 trellis=1 8x8dct=1 cqm=0 deadzone=21,11 fast_pskip=1 chroma_qp_offset=-2 threads=30 lookahead_threads=5 sliced_threads=0 nr=0 decimate=1 interlaced=0 bluray_compat=0 constrained_intra=0 bframes=3 b_pyramid=2 b_adapt=1 b_bias=0 direct=1 weightb=1 open_gop=0 weightp=2 keyint=250 keyint_min=25 scenecut=40 intra_refresh=0 rc_lookahead=40 rc=crf mbtree=1 crf=23.0 qcomp=0.60 qpmin=0 qpmax=69 qpstep=4 ip_ratio=1.40 aq=1:1.00
Output #0, mp4, to './src/test/resources/output/translation/tempVideo/090.mp4':
  Metadata:
    encoder         : Lavf61.1.100
  Stream #0:0: Video: h264 (avc1 / 0x31637661), yuvj420p(pc, progressive), 2048x1024 [SAR 4501:9000 DAR 4501:4500], q=2-31, 25 fps, 12800 tbn
      Metadata:
        encoder         : Lavc61.3.100 libx264
      Side data:
        cpb: bitrate max/min/avg: 0/0/0 buffer size: 0 vbv_delay: N/A
[out#0/mp4 @ 0x5a4ea5cc2380] video:32KiB audio:0KiB subtitle:0KiB other streams:0KiB global headers:0KiB muxing overhead: 2.917585%
frame=    6 fps=0.0 q=-1.0 Lsize=      33KiB time=00:00:00.16 bitrate=1680.8kbits/s dup=0 drop=19 speed=0.664x    
[libx264 @ 0x5a4ea5cba9c0] frame I:1     Avg QP:18.73  size: 30347
[libx264 @ 0x5a4ea5cba9c0] frame P:2     Avg QP:17.73  size:   426
[libx264 @ 0x5a4ea5cba9c0] frame B:3     Avg QP:23.34  size:   259
[libx264 @ 0x5a4ea5cba9c0] consecutive B-frames: 33.3%  0.0%  0.0% 66.7%
[libx264 @ 0x5a4ea5cba9c0] mb I  I16..4: 16.6% 73.0% 10.4%
[libx264 @ 0x5a4ea5cba9c0] mb P  I16..4:  0.1%  0.1%  0.0%  P16..4:  1.3%  0.2%  0.1%  0.0%  0.0%    skip:98.2%
[libx264 @ 0x5a4ea5cba9c0] mb B  I16..4:  0.0%  0.0%  0.0%  B16..8:  1.3%  0.1%  0.0%  direct: 0.0%  skip:98.5%  L0:46.7% L1:50.8% BI: 2.5%
[libx264 @ 0x5a4ea5cba9c0] 8x8 transform intra:72.8% inter:48.2%
[libx264 @ 0x5a4ea5cba9c0] coded y,uvDC,uvAC intra: 6.0% 10.2% 9.1% inter: 0.1% 0.0% 0.0%
[libx264 @ 0x5a4ea5cba9c0] i16 v,h,dc,p: 82% 17%  1%  0%
[libx264 @ 0x5a4ea5cba9c0] i8 v,h,dc,ddl,ddr,vr,hd,vl,hu: 56% 10% 33%  0%  0%  0%  0%  0%  0%
[libx264 @ 0x5a4ea5cba9c0] i4 v,h,dc,ddl,ddr,vr,hd,vl,hu: 40% 29% 10%  4%  2%  2%  4%  4%  5%
[libx264 @ 0x5a4ea5cba9c0] i8c dc,h,v,p: 82%  9%  8%  1%
[libx264 @ 0x5a4ea5cba9c0] Weighted P-Frames: Y:0.0% UV:0.0%
[libx264 @ 0x5a4ea5cba9c0] ref P L0: 92.0%  0.4%  1.8%  5.8%
[libx264 @ 0x5a4ea5cba9c0] ref B L0: 87.3% 12.7%
[libx264 @ 0x5a4ea5cba9c0] ref B L1: 95.3%  4.7%
[libx264 @ 0x5a4ea5cba9c0] kb/s:1065.80
ffmpeg version 7.0.2-3ubuntu1 Copyright (c) 2000-2024 the FFmpeg developers
  built with gcc 14 (Ubuntu 14.2.0-2ubuntu1)
  configuration: --prefix=/usr --extra-version=3ubuntu1 --toolchain=hardened --libdir=/usr/lib/x86_64-linux-gnu --incdir=/usr/include/x86_64-linux-gnu --arch=amd64 --enable-gpl --disable-stripping --disable-libmfx --disable-omx --enable-gnutls --enable-libaom --enable-libass --enable-libbs2b --enable-libcdio --enable-libcodec2 --enable-libdav1d --enable-libflite --enable-libfontconfig --enable-libfreetype --enable-libfribidi --enable-libglslang --enable-libgme --enable-libgsm --enable-libharfbuzz --enable-libmp3lame --enable-libmysofa --enable-libopenjpeg --enable-libopenmpt --enable-libopus --enable-librubberband --enable-libshine --enable-libsnappy --enable-libsoxr --enable-libspeex --enable-libtheora --enable-libtwolame --enable-libvidstab --enable-libvorbis --enable-libvpx --enable-libwebp --enable-libx265 --enable-libxml2 --enable-libxvid --enable-libzimg --enable-openal --enable-opencl --enable-opengl --disable-sndio --enable-libvpl --enable-libdc1394 --enable-libdrm --enable-libiec61883 --enable-chromaprint --enable-frei0r --enable-ladspa --enable-libbluray --enable-libcaca --enable-libdvdnav --enable-libdvdread --enable-libjack --enable-libpulse --enable-librabbitmq --enable-librist --enable-libsrt --enable-libssh --enable-libsvtav1 --enable-libx264 --enable-libzmq --enable-libzvbi --enable-lv2 --enable-sdl2 --enable-libplacebo --enable-librav1e --enable-pocketsphinx --enable-librsvg --enable-libjxl --enable-shared
  libavutil      59.  8.100 / 59.  8.100
  libavcodec     61.  3.100 / 61.  3.100
  libavformat    61.  1.100 / 61.  1.100
  libavdevice    61.  1.100 / 61.  1.100
  libavfilter    10.  1.100 / 10.  1.100
  libswscale      8.  1.100 /  8.  1.100
  libswresample   5.  1.100 /  5.  1.100
  libpostproc    58.  1.100 / 58.  1.100
Input #0, concat, from '/home/marco-lasagna/Scaricati/ffmpeg-java/inputFile.txt':
  Duration: N/A, start: 0.000000, bitrate: N/A
  Stream #0:0: Video: mjpeg (Baseline), yuvj420p(pc, bt470bg/unknown/unknown), 4501x4500 [SAR 1:1 DAR 4501:4500], 25 fps, 25 tbr, 25 tbn
Stream mapping:
  Stream #0:0 -> #0:0 (mjpeg (native) -> h264 (libx264))
Press [q] to stop, [?] for help
[swscaler @ 0x7da2d8016b00] deprecated pixel format used, make sure you did set range correctly
    Last message repeated 1 times
[swscaler @ 0x7da2d8b407c0] deprecated pixel format used, make sure you did set range correctly
    Last message repeated 1 times
[vost#0:0/libx264 @ 0x5a29f4cf4600] No information about the input framerate is available. Falling back to a default value of 25fps. Use the -r option if you want a different framerate.
[libx264 @ 0x5a29f4cea9c0] using SAR=2048/4095
[libx264 @ 0x5a29f4cea9c0] using cpu capabilities: MMX2 SSE2Fast SSSE3 SSE4.2 AVX FMA3 BMI2 AVX2
[libx264 @ 0x5a29f4cea9c0] profile High, level 4.0, 4:2:0, 8-bit
[libx264 @ 0x5a29f4cea9c0] 264 - core 164 r3108 31e19f9 - H.264/MPEG-4 AVC codec - Copyleft 2003-2023 - http://www.videolan.org/x264.html - options: cabac=1 ref=3 deblock=1:0:0 analyse=0x3:0x113 me=hex subme=7 psy=1 psy_rd=1.00:0.00 mixed_ref=1 me_range=16 chroma_me=1 trellis=1 8x8dct=1 cqm=0 deadzone=21,11 fast_pskip=1 chroma_qp_offset=-2 threads=30 lookahead_threads=5 sliced_threads=0 nr=0 decimate=1 interlaced=0 bluray_compat=0 constrained_intra=0 bframes=3 b_pyramid=2 b_adapt=1 b_bias=0 direct=1 weightb=1 open_gop=0 weightp=2 keyint=250 keyint_min=25 scenecut=40 intra_refresh=0 rc_lookahead=40 rc=crf mbtree=1 crf=23.0 qcomp=0.60 qpmin=0 qpmax=69 qpstep=4 ip_ratio=1.40 aq=1:1.00
Output #0, mp4, to './src/test/resources/output/translation/tempVideo/100.mp4':
  Metadata:
    encoder         : Lavf61.1.100
  Stream #0:0: Video: h264 (avc1 / 0x31637661), yuvj420p(pc, progressive), 2048x1024 [SAR 4501:9000 DAR 4501:4500], q=2-31, 25 fps, 12800 tbn
      Metadata:
        encoder         : Lavc61.3.100 libx264
      Side data:
        cpb: bitrate max/min/avg: 0/0/0 buffer size: 0 vbv_delay: N/A
[out#0/mp4 @ 0x5a29f4cf2380] video:32KiB audio:0KiB subtitle:0KiB other streams:0KiB global headers:0KiB muxing overhead: 2.929243%
frame=    6 fps=0.0 q=-1.0 Lsize=      33KiB time=00:00:00.16 bitrate=1674.3kbits/s dup=0 drop=19 speed=0.664x    
[libx264 @ 0x5a29f4cea9c0] frame I:1     Avg QP:18.38  size: 30309
[libx264 @ 0x5a29f4cea9c0] frame P:2     Avg QP:18.52  size:   407
[libx264 @ 0x5a29f4cea9c0] frame B:3     Avg QP:31.80  size:   240
[libx264 @ 0x5a29f4cea9c0] consecutive B-frames: 33.3%  0.0%  0.0% 66.7%
[libx264 @ 0x5a29f4cea9c0] mb I  I16..4: 25.5% 64.1% 10.4%
[libx264 @ 0x5a29f4cea9c0] mb P  I16..4:  0.1%  0.1%  0.0%  P16..4:  1.1%  0.2%  0.1%  0.0%  0.0%    skip:98.4%
[libx264 @ 0x5a29f4cea9c0] mb B  I16..4:  0.0%  0.0%  0.0%  B16..8:  1.2%  0.1%  0.0%  direct: 0.0%  skip:98.6%  L0:63.7% L1:34.3% BI: 2.1%
[libx264 @ 0x5a29f4cea9c0] 8x8 transform intra:64.1% inter:51.9%
[libx264 @ 0x5a29f4cea9c0] coded y,uvDC,uvAC intra: 5.9% 10.1% 9.1% inter: 0.1% 0.0% 0.0%
[libx264 @ 0x5a29f4cea9c0] i16 v,h,dc,p: 88% 11%  1%  0%
[libx264 @ 0x5a29f4cea9c0] i8 v,h,dc,ddl,ddr,vr,hd,vl,hu: 54%  9% 37%  0%  0%  0%  0%  0%  0%
[libx264 @ 0x5a29f4cea9c0] i4 v,h,dc,ddl,ddr,vr,hd,vl,hu: 40% 29%  9%  4%  2%  2%  4%  4%  5%
[libx264 @ 0x5a29f4cea9c0] i8c dc,h,v,p: 82%  9%  8%  1%
[libx264 @ 0x5a29f4cea9c0] Weighted P-Frames: Y:0.0% UV:0.0%
[libx264 @ 0x5a29f4cea9c0] ref P L0: 90.1%  0.0%  2.5%  7.4%
[libx264 @ 0x5a29f4cea9c0] ref B L0: 88.7% 11.3%
[libx264 @ 0x5a29f4cea9c0] ref B L1: 95.8%  4.2%
[libx264 @ 0x5a29f4cea9c0] kb/s:1061.47
ffmpeg version 7.0.2-3ubuntu1 Copyright (c) 2000-2024 the FFmpeg developers
  built with gcc 14 (Ubuntu 14.2.0-2ubuntu1)
  configuration: --prefix=/usr --extra-version=3ubuntu1 --toolchain=hardened --libdir=/usr/lib/x86_64-linux-gnu --incdir=/usr/include/x86_64-linux-gnu --arch=amd64 --enable-gpl --disable-stripping --disable-libmfx --disable-omx --enable-gnutls --enable-libaom --enable-libass --enable-libbs2b --enable-libcdio --enable-libcodec2 --enable-libdav1d --enable-libflite --enable-libfontconfig --enable-libfreetype --enable-libfribidi --enable-libglslang --enable-libgme --enable-libgsm --enable-libharfbuzz --enable-libmp3lame --enable-libmysofa --enable-libopenjpeg --enable-libopenmpt --enable-libopus --enable-librubberband --enable-libshine --enable-libsnappy --enable-libsoxr --enable-libspeex --enable-libtheora --enable-libtwolame --enable-libvidstab --enable-libvorbis --enable-libvpx --enable-libwebp --enable-libx265 --enable-libxml2 --enable-libxvid --enable-libzimg --enable-openal --enable-opencl --enable-opengl --disable-sndio --enable-libvpl --enable-libdc1394 --enable-libdrm --enable-libiec61883 --enable-chromaprint --enable-frei0r --enable-ladspa --enable-libbluray --enable-libcaca --enable-libdvdnav --enable-libdvdread --enable-libjack --enable-libpulse --enable-librabbitmq --enable-librist --enable-libsrt --enable-libssh --enable-libsvtav1 --enable-libx264 --enable-libzmq --enable-libzvbi --enable-lv2 --enable-sdl2 --enable-libplacebo --enable-librav1e --enable-pocketsphinx --enable-librsvg --enable-libjxl --enable-shared
  libavutil      59.  8.100 / 59.  8.100
  libavcodec     61.  3.100 / 61.  3.100
  libavformat    61.  1.100 / 61.  1.100
  libavdevice    61.  1.100 / 61.  1.100
  libavfilter    10.  1.100 / 10.  1.100
  libswscale      8.  1.100 /  8.  1.100
  libswresample   5.  1.100 /  5.  1.100
  libpostproc    58.  1.100 / 58.  1.100
Input #0, concat, from '/home/marco-lasagna/Scaricati/ffmpeg-java/inputFile.txt':
  Duration: N/A, start: 0.000000, bitrate: N/A
  Stream #0:0: Video: mjpeg (Baseline), yuvj420p(pc, bt470bg/unknown/unknown), 4501x4500 [SAR 1:1 DAR 4501:4500], 25 fps, 25 tbr, 25 tbn
Stream mapping:
  Stream #0:0 -> #0:0 (mjpeg (native) -> h264 (libx264))
Press [q] to stop, [?] for help
[swscaler @ 0x7dca44016b00] deprecated pixel format used, make sure you did set range correctly
    Last message repeated 1 times
[swscaler @ 0x7dca44b407c0] deprecated pixel format used, make sure you did set range correctly
    Last message repeated 1 times
[vost#0:0/libx264 @ 0x55be5d122600] No information about the input framerate is available. Falling back to a default value of 25fps. Use the -r option if you want a different framerate.
[libx264 @ 0x55be5d1189c0] using SAR=2048/4095
[libx264 @ 0x55be5d1189c0] using cpu capabilities: MMX2 SSE2Fast SSSE3 SSE4.2 AVX FMA3 BMI2 AVX2
[libx264 @ 0x55be5d1189c0] profile High, level 4.0, 4:2:0, 8-bit
[libx264 @ 0x55be5d1189c0] 264 - core 164 r3108 31e19f9 - H.264/MPEG-4 AVC codec - Copyleft 2003-2023 - http://www.videolan.org/x264.html - options: cabac=1 ref=3 deblock=1:0:0 analyse=0x3:0x113 me=hex subme=7 psy=1 psy_rd=1.00:0.00 mixed_ref=1 me_range=16 chroma_me=1 trellis=1 8x8dct=1 cqm=0 deadzone=21,11 fast_pskip=1 chroma_qp_offset=-2 threads=30 lookahead_threads=5 sliced_threads=0 nr=0 decimate=1 interlaced=0 bluray_compat=0 constrained_intra=0 bframes=3 b_pyramid=2 b_adapt=1 b_bias=0 direct=1 weightb=1 open_gop=0 weightp=2 keyint=250 keyint_min=25 scenecut=40 intra_refresh=0 rc_lookahead=40 rc=crf mbtree=1 crf=23.0 qcomp=0.60 qpmin=0 qpmax=69 qpstep=4 ip_ratio=1.40 aq=1:1.00
Output #0, mp4, to './src/test/resources/output/translation/tempVideo/110.mp4':
  Metadata:
    encoder         : Lavf61.1.100
  Stream #0:0: Video: h264 (avc1 / 0x31637661), yuvj420p(pc, progressive), 2048x1024 [SAR 4501:9000 DAR 4501:4500], q=2-31, 25 fps, 12800 tbn
      Metadata:
        encoder         : Lavc61.3.100 libx264
      Side data:
        cpb: bitrate max/min/avg: 0/0/0 buffer size: 0 vbv_delay: N/A
[out#0/mp4 @ 0x55be5d120380] video:32KiB audio:0KiB subtitle:0KiB other streams:0KiB global headers:0KiB muxing overhead: 2.925287%
frame=    6 fps=0.0 q=-1.0 Lsize=      33KiB time=00:00:00.16 bitrate=1676.5kbits/s dup=0 drop=19 speed=0.666x    
[libx264 @ 0x55be5d1189c0] frame I:1     Avg QP:18.57  size: 30314
[libx264 @ 0x55be5d1189c0] frame P:2     Avg QP:19.34  size:   416
[libx264 @ 0x55be5d1189c0] frame B:3     Avg QP:30.44  size:   248
[libx264 @ 0x55be5d1189c0] consecutive B-frames: 33.3%  0.0%  0.0% 66.7%
[libx264 @ 0x55be5d1189c0] mb I  I16..4: 24.3% 65.4% 10.4%
[libx264 @ 0x55be5d1189c0] mb P  I16..4:  0.1%  0.1%  0.0%  P16..4:  1.3%  0.1%  0.0%  0.0%  0.0%    skip:98.3%
[libx264 @ 0x55be5d1189c0] mb B  I16..4:  0.0%  0.0%  0.0%  B16..8:  1.3%  0.1%  0.0%  direct: 0.0%  skip:98.5%  L0:44.2% L1:53.1% BI: 2.7%
[libx264 @ 0x55be5d1189c0] 8x8 transform intra:65.3% inter:20.3%
[libx264 @ 0x55be5d1189c0] coded y,uvDC,uvAC intra: 6.0% 10.1% 9.1% inter: 0.1% 0.0% 0.0%
[libx264 @ 0x55be5d1189c0] i16 v,h,dc,p: 87% 12%  1%  0%
[libx264 @ 0x55be5d1189c0] i8 v,h,dc,ddl,ddr,vr,hd,vl,hu: 59%  9% 32%  0%  0%  0%  0%  0%  0%
[libx264 @ 0x55be5d1189c0] i4 v,h,dc,ddl,ddr,vr,hd,vl,hu: 39% 30%  9%  4%  2%  2%  4%  4%  5%
[libx264 @ 0x55be5d1189c0] i8c dc,h,v,p: 82%  9%  8%  1%
[libx264 @ 0x55be5d1189c0] Weighted P-Frames: Y:0.0% UV:0.0%
[libx264 @ 0x55be5d1189c0] ref P L0: 95.1%  0.0%  2.4%  2.6%
[libx264 @ 0x55be5d1189c0] ref B L0: 92.3%  7.7%
[libx264 @ 0x55be5d1189c0] ref B L1: 97.4%  2.6%
[libx264 @ 0x55be5d1189c0] kb/s:1062.93
ffmpeg version 7.0.2-3ubuntu1 Copyright (c) 2000-2024 the FFmpeg developers
  built with gcc 14 (Ubuntu 14.2.0-2ubuntu1)
  configuration: --prefix=/usr --extra-version=3ubuntu1 --toolchain=hardened --libdir=/usr/lib/x86_64-linux-gnu --incdir=/usr/include/x86_64-linux-gnu --arch=amd64 --enable-gpl --disable-stripping --disable-libmfx --disable-omx --enable-gnutls --enable-libaom --enable-libass --enable-libbs2b --enable-libcdio --enable-libcodec2 --enable-libdav1d --enable-libflite --enable-libfontconfig --enable-libfreetype --enable-libfribidi --enable-libglslang --enable-libgme --enable-libgsm --enable-libharfbuzz --enable-libmp3lame --enable-libmysofa --enable-libopenjpeg --enable-libopenmpt --enable-libopus --enable-librubberband --enable-libshine --enable-libsnappy --enable-libsoxr --enable-libspeex --enable-libtheora --enable-libtwolame --enable-libvidstab --enable-libvorbis --enable-libvpx --enable-libwebp --enable-libx265 --enable-libxml2 --enable-libxvid --enable-libzimg --enable-openal --enable-opencl --enable-opengl --disable-sndio --enable-libvpl --enable-libdc1394 --enable-libdrm --enable-libiec61883 --enable-chromaprint --enable-frei0r --enable-ladspa --enable-libbluray --enable-libcaca --enable-libdvdnav --enable-libdvdread --enable-libjack --enable-libpulse --enable-librabbitmq --enable-librist --enable-libsrt --enable-libssh --enable-libsvtav1 --enable-libx264 --enable-libzmq --enable-libzvbi --enable-lv2 --enable-sdl2 --enable-libplacebo --enable-librav1e --enable-pocketsphinx --enable-librsvg --enable-libjxl --enable-shared
  libavutil      59.  8.100 / 59.  8.100
  libavcodec     61.  3.100 / 61.  3.100
  libavformat    61.  1.100 / 61.  1.100
  libavdevice    61.  1.100 / 61.  1.100
  libavfilter    10.  1.100 / 10.  1.100
  libswscale      8.  1.100 /  8.  1.100
  libswresample   5.  1.100 /  5.  1.100
  libpostproc    58.  1.100 / 58.  1.100
Input #0, concat, from '/home/marco-lasagna/Scaricati/ffmpeg-java/inputFile.txt':
  Duration: N/A, start: 0.000000, bitrate: N/A
  Stream #0:0: Video: mjpeg (Baseline), yuvj420p(pc, bt470bg/unknown/unknown), 4501x4500 [SAR 1:1 DAR 4501:4500], 25 fps, 25 tbr, 25 tbn
Stream mapping:
  Stream #0:0 -> #0:0 (mjpeg (native) -> h264 (libx264))
Press [q] to stop, [?] for help
[swscaler @ 0x70bbb0016b00] deprecated pixel format used, make sure you did set range correctly
    Last message repeated 1 times
[swscaler @ 0x70bbb0b407c0] deprecated pixel format used, make sure you did set range correctly
    Last message repeated 1 times
[vost#0:0/libx264 @ 0x564ac96c4600] No information about the input framerate is available. Falling back to a default value of 25fps. Use the -r option if you want a different framerate.
[libx264 @ 0x564ac96ba9c0] using SAR=2048/4095
[libx264 @ 0x564ac96ba9c0] using cpu capabilities: MMX2 SSE2Fast SSSE3 SSE4.2 AVX FMA3 BMI2 AVX2
[libx264 @ 0x564ac96ba9c0] profile High, level 4.0, 4:2:0, 8-bit
[libx264 @ 0x564ac96ba9c0] 264 - core 164 r3108 31e19f9 - H.264/MPEG-4 AVC codec - Copyleft 2003-2023 - http://www.videolan.org/x264.html - options: cabac=1 ref=3 deblock=1:0:0 analyse=0x3:0x113 me=hex subme=7 psy=1 psy_rd=1.00:0.00 mixed_ref=1 me_range=16 chroma_me=1 trellis=1 8x8dct=1 cqm=0 deadzone=21,11 fast_pskip=1 chroma_qp_offset=-2 threads=30 lookahead_threads=5 sliced_threads=0 nr=0 decimate=1 interlaced=0 bluray_compat=0 constrained_intra=0 bframes=3 b_pyramid=2 b_adapt=1 b_bias=0 direct=1 weightb=1 open_gop=0 weightp=2 keyint=250 keyint_min=25 scenecut=40 intra_refresh=0 rc_lookahead=40 rc=crf mbtree=1 crf=23.0 qcomp=0.60 qpmin=0 qpmax=69 qpstep=4 ip_ratio=1.40 aq=1:1.00
Output #0, mp4, to './src/test/resources/output/translation/tempVideo/120.mp4':
  Metadata:
    encoder         : Lavf61.1.100
  Stream #0:0: Video: h264 (avc1 / 0x31637661), yuvj420p(pc, progressive), 2048x1024 [SAR 4501:9000 DAR 4501:4500], q=2-31, 25 fps, 12800 tbn
      Metadata:
        encoder         : Lavc61.3.100 libx264
      Side data:
        cpb: bitrate max/min/avg: 0/0/0 buffer size: 0 vbv_delay: N/A
[out#0/mp4 @ 0x564ac96c2380] video:32KiB audio:0KiB subtitle:0KiB other streams:0KiB global headers:0KiB muxing overhead: 2.917942%
frame=    6 fps=0.0 q=-1.0 Lsize=      33KiB time=00:00:00.16 bitrate=1680.7kbits/s dup=0 drop=19 speed=0.648x    
[libx264 @ 0x564ac96ba9c0] frame I:1     Avg QP:18.84  size: 30351
[libx264 @ 0x564ac96ba9c0] frame P:2     Avg QP:21.09  size:   408
[libx264 @ 0x564ac96ba9c0] frame B:3     Avg QP:25.18  size:   268
[libx264 @ 0x564ac96ba9c0] consecutive B-frames: 33.3%  0.0%  0.0% 66.7%
[libx264 @ 0x564ac96ba9c0] mb I  I16..4: 24.6% 65.0% 10.4%
[libx264 @ 0x564ac96ba9c0] mb P  I16..4:  0.1%  0.1%  0.0%  P16..4:  1.2%  0.2%  0.0%  0.0%  0.0%    skip:98.4%
[libx264 @ 0x564ac96ba9c0] mb B  I16..4:  0.0%  0.0%  0.0%  B16..8:  1.2%  0.1%  0.0%  direct: 0.0%  skip:98.7%  L0:58.3% L1:38.1% BI: 3.7%
[libx264 @ 0x564ac96ba9c0] 8x8 transform intra:64.9% inter:24.6%
[libx264 @ 0x564ac96ba9c0] coded y,uvDC,uvAC intra: 6.0% 10.2% 9.1% inter: 0.1% 0.0% 0.0%
[libx264 @ 0x564ac96ba9c0] i16 v,h,dc,p: 87% 12%  1%  0%
[libx264 @ 0x564ac96ba9c0] i8 v,h,dc,ddl,ddr,vr,hd,vl,hu: 59%  9% 32%  0%  0%  0%  0%  0%  0%
[libx264 @ 0x564ac96ba9c0] i4 v,h,dc,ddl,ddr,vr,hd,vl,hu: 40% 30%  9%  4%  2%  2%  4%  4%  5%
[libx264 @ 0x564ac96ba9c0] i8c dc,h,v,p: 82%  9%  8%  1%
[libx264 @ 0x564ac96ba9c0] Weighted P-Frames: Y:0.0% UV:0.0%
[libx264 @ 0x564ac96ba9c0] ref P L0: 93.0%  0.0%  1.4%  5.5%
[libx264 @ 0x564ac96ba9c0] ref B L0: 88.4% 11.6%
[libx264 @ 0x564ac96ba9c0] ref B L1: 94.6%  5.4%
[libx264 @ 0x564ac96ba9c0] kb/s:1065.67
ffmpeg version 7.0.2-3ubuntu1 Copyright (c) 2000-2024 the FFmpeg developers
  built with gcc 14 (Ubuntu 14.2.0-2ubuntu1)
  configuration: --prefix=/usr --extra-version=3ubuntu1 --toolchain=hardened --libdir=/usr/lib/x86_64-linux-gnu --incdir=/usr/include/x86_64-linux-gnu --arch=amd64 --enable-gpl --disable-stripping --disable-libmfx --disable-omx --enable-gnutls --enable-libaom --enable-libass --enable-libbs2b --enable-libcdio --enable-libcodec2 --enable-libdav1d --enable-libflite --enable-libfontconfig --enable-libfreetype --enable-libfribidi --enable-libglslang --enable-libgme --enable-libgsm --enable-libharfbuzz --enable-libmp3lame --enable-libmysofa --enable-libopenjpeg --enable-libopenmpt --enable-libopus --enable-librubberband --enable-libshine --enable-libsnappy --enable-libsoxr --enable-libspeex --enable-libtheora --enable-libtwolame --enable-libvidstab --enable-libvorbis --enable-libvpx --enable-libwebp --enable-libx265 --enable-libxml2 --enable-libxvid --enable-libzimg --enable-openal --enable-opencl --enable-opengl --disable-sndio --enable-libvpl --enable-libdc1394 --enable-libdrm --enable-libiec61883 --enable-chromaprint --enable-frei0r --enable-ladspa --enable-libbluray --enable-libcaca --enable-libdvdnav --enable-libdvdread --enable-libjack --enable-libpulse --enable-librabbitmq --enable-librist --enable-libsrt --enable-libssh --enable-libsvtav1 --enable-libx264 --enable-libzmq --enable-libzvbi --enable-lv2 --enable-sdl2 --enable-libplacebo --enable-librav1e --enable-pocketsphinx --enable-librsvg --enable-libjxl --enable-shared
  libavutil      59.  8.100 / 59.  8.100
  libavcodec     61.  3.100 / 61.  3.100
  libavformat    61.  1.100 / 61.  1.100
  libavdevice    61.  1.100 / 61.  1.100
  libavfilter    10.  1.100 / 10.  1.100
  libswscale      8.  1.100 /  8.  1.100
  libswresample   5.  1.100 /  5.  1.100
  libpostproc    58.  1.100 / 58.  1.100
Input #0, concat, from '/home/marco-lasagna/Scaricati/ffmpeg-java/inputFile.txt':
  Duration: N/A, start: 0.000000, bitrate: N/A
  Stream #0:0: Video: mjpeg (Baseline), yuvj420p(pc, bt470bg/unknown/unknown), 4501x4500 [SAR 1:1 DAR 4501:4500], 25 fps, 25 tbr, 25 tbn
Stream mapping:
  Stream #0:0 -> #0:0 (mjpeg (native) -> h264 (libx264))
Press [q] to stop, [?] for help
[swscaler @ 0x7895b8016b00] deprecated pixel format used, make sure you did set range correctly
    Last message repeated 1 times
[swscaler @ 0x7895b8b407c0] deprecated pixel format used, make sure you did set range correctly
    Last message repeated 1 times
[vost#0:0/libx264 @ 0x5ea722e6c600] No information about the input framerate is available. Falling back to a default value of 25fps. Use the -r option if you want a different framerate.
[libx264 @ 0x5ea722e629c0] using SAR=2048/4095
[libx264 @ 0x5ea722e629c0] using cpu capabilities: MMX2 SSE2Fast SSSE3 SSE4.2 AVX FMA3 BMI2 AVX2
[libx264 @ 0x5ea722e629c0] profile High, level 4.0, 4:2:0, 8-bit
[libx264 @ 0x5ea722e629c0] 264 - core 164 r3108 31e19f9 - H.264/MPEG-4 AVC codec - Copyleft 2003-2023 - http://www.videolan.org/x264.html - options: cabac=1 ref=3 deblock=1:0:0 analyse=0x3:0x113 me=hex subme=7 psy=1 psy_rd=1.00:0.00 mixed_ref=1 me_range=16 chroma_me=1 trellis=1 8x8dct=1 cqm=0 deadzone=21,11 fast_pskip=1 chroma_qp_offset=-2 threads=30 lookahead_threads=5 sliced_threads=0 nr=0 decimate=1 interlaced=0 bluray_compat=0 constrained_intra=0 bframes=3 b_pyramid=2 b_adapt=1 b_bias=0 direct=1 weightb=1 open_gop=0 weightp=2 keyint=250 keyint_min=25 scenecut=40 intra_refresh=0 rc_lookahead=40 rc=crf mbtree=1 crf=23.0 qcomp=0.60 qpmin=0 qpmax=69 qpstep=4 ip_ratio=1.40 aq=1:1.00
Output #0, mp4, to './src/test/resources/output/translation/tempVideo/130.mp4':
  Metadata:
    encoder         : Lavf61.1.100
  Stream #0:0: Video: h264 (avc1 / 0x31637661), yuvj420p(pc, progressive), 2048x1024 [SAR 4501:9000 DAR 4501:4500], q=2-31, 25 fps, 12800 tbn
      Metadata:
        encoder         : Lavc61.3.100 libx264
      Side data:
        cpb: bitrate max/min/avg: 0/0/0 buffer size: 0 vbv_delay: N/A
[out#0/mp4 @ 0x5ea722e6a380] video:32KiB audio:0KiB subtitle:0KiB other streams:0KiB global headers:0KiB muxing overhead: 2.916424%
frame=    6 fps=0.0 q=-1.0 Lsize=      33KiB time=00:00:00.16 bitrate=1681.5kbits/s dup=0 drop=19 speed=0.671x    
[libx264 @ 0x5ea722e629c0] frame I:1     Avg QP:18.63  size: 30396
[libx264 @ 0x5ea722e629c0] frame P:2     Avg QP:18.72  size:   429
[libx264 @ 0x5ea722e629c0] frame B:3     Avg QP:30.81  size:   244
[libx264 @ 0x5ea722e629c0] consecutive B-frames: 33.3%  0.0%  0.0% 66.7%
[libx264 @ 0x5ea722e629c0] mb I  I16..4: 25.0% 64.5% 10.5%
[libx264 @ 0x5ea722e629c0] mb P  I16..4:  0.1%  0.1%  0.0%  P16..4:  1.2%  0.2%  0.0%  0.0%  0.0%    skip:98.4%
[libx264 @ 0x5ea722e629c0] mb B  I16..4:  0.0%  0.0%  0.0%  B16..8:  1.2%  0.1%  0.0%  direct: 0.0%  skip:98.7%  L0:58.7% L1:38.7% BI: 2.6%
[libx264 @ 0x5ea722e629c0] 8x8 transform intra:64.5% inter:36.8%
[libx264 @ 0x5ea722e629c0] coded y,uvDC,uvAC intra: 6.0% 10.2% 9.1% inter: 0.1% 0.0% 0.0%
[libx264 @ 0x5ea722e629c0] i16 v,h,dc,p: 87% 12%  1%  0%
[libx264 @ 0x5ea722e629c0] i8 v,h,dc,ddl,ddr,vr,hd,vl,hu: 59%  9% 32%  0%  0%  0%  0%  0%  0%
[libx264 @ 0x5ea722e629c0] i4 v,h,dc,ddl,ddr,vr,hd,vl,hu: 42% 29%  8%  4%  2%  2%  4%  4%  5%
[libx264 @ 0x5ea722e629c0] i8c dc,h,v,p: 82%  9%  8%  1%
[libx264 @ 0x5ea722e629c0] Weighted P-Frames: Y:0.0% UV:0.0%
[libx264 @ 0x5ea722e629c0] ref P L0: 90.9%  0.4%  0.9%  7.8%
[libx264 @ 0x5ea722e629c0] ref B L0: 88.9% 11.1%
[libx264 @ 0x5ea722e629c0] ref B L1: 96.9%  3.1%
[libx264 @ 0x5ea722e629c0] kb/s:1066.23
ffmpeg version 7.0.2-3ubuntu1 Copyright (c) 2000-2024 the FFmpeg developers
  built with gcc 14 (Ubuntu 14.2.0-2ubuntu1)
  configuration: --prefix=/usr --extra-version=3ubuntu1 --toolchain=hardened --libdir=/usr/lib/x86_64-linux-gnu --incdir=/usr/include/x86_64-linux-gnu --arch=amd64 --enable-gpl --disable-stripping --disable-libmfx --disable-omx --enable-gnutls --enable-libaom --enable-libass --enable-libbs2b --enable-libcdio --enable-libcodec2 --enable-libdav1d --enable-libflite --enable-libfontconfig --enable-libfreetype --enable-libfribidi --enable-libglslang --enable-libgme --enable-libgsm --enable-libharfbuzz --enable-libmp3lame --enable-libmysofa --enable-libopenjpeg --enable-libopenmpt --enable-libopus --enable-librubberband --enable-libshine --enable-libsnappy --enable-libsoxr --enable-libspeex --enable-libtheora --enable-libtwolame --enable-libvidstab --enable-libvorbis --enable-libvpx --enable-libwebp --enable-libx265 --enable-libxml2 --enable-libxvid --enable-libzimg --enable-openal --enable-opencl --enable-opengl --disable-sndio --enable-libvpl --enable-libdc1394 --enable-libdrm --enable-libiec61883 --enable-chromaprint --enable-frei0r --enable-ladspa --enable-libbluray --enable-libcaca --enable-libdvdnav --enable-libdvdread --enable-libjack --enable-libpulse --enable-librabbitmq --enable-librist --enable-libsrt --enable-libssh --enable-libsvtav1 --enable-libx264 --enable-libzmq --enable-libzvbi --enable-lv2 --enable-sdl2 --enable-libplacebo --enable-librav1e --enable-pocketsphinx --enable-librsvg --enable-libjxl --enable-shared
  libavutil      59.  8.100 / 59.  8.100
  libavcodec     61.  3.100 / 61.  3.100
  libavformat    61.  1.100 / 61.  1.100
  libavdevice    61.  1.100 / 61.  1.100
  libavfilter    10.  1.100 / 10.  1.100
  libswscale      8.  1.100 /  8.  1.100
  libswresample   5.  1.100 /  5.  1.100
  libpostproc    58.  1.100 / 58.  1.100
Input #0, concat, from '/home/marco-lasagna/Scaricati/ffmpeg-java/inputFile.txt':
  Duration: N/A, start: 0.000000, bitrate: N/A
  Stream #0:0: Video: mjpeg (Baseline), yuvj420p(pc, bt470bg/unknown/unknown), 4501x4500 [SAR 1:1 DAR 4501:4500], 25 fps, 25 tbr, 25 tbn
Stream mapping:
  Stream #0:0 -> #0:0 (mjpeg (native) -> h264 (libx264))
Press [q] to stop, [?] for help
[swscaler @ 0x7ed6e8016b00] deprecated pixel format used, make sure you did set range correctly
    Last message repeated 1 times
[swscaler @ 0x7ed6e8b407c0] deprecated pixel format used, make sure you did set range correctly
    Last message repeated 1 times
[vost#0:0/libx264 @ 0x5dd639b29600] No information about the input framerate is available. Falling back to a default value of 25fps. Use the -r option if you want a different framerate.
[libx264 @ 0x5dd639b1f9c0] using SAR=2048/4095
[libx264 @ 0x5dd639b1f9c0] using cpu capabilities: MMX2 SSE2Fast SSSE3 SSE4.2 AVX FMA3 BMI2 AVX2
[libx264 @ 0x5dd639b1f9c0] profile High, level 4.0, 4:2:0, 8-bit
[libx264 @ 0x5dd639b1f9c0] 264 - core 164 r3108 31e19f9 - H.264/MPEG-4 AVC codec - Copyleft 2003-2023 - http://www.videolan.org/x264.html - options: cabac=1 ref=3 deblock=1:0:0 analyse=0x3:0x113 me=hex subme=7 psy=1 psy_rd=1.00:0.00 mixed_ref=1 me_range=16 chroma_me=1 trellis=1 8x8dct=1 cqm=0 deadzone=21,11 fast_pskip=1 chroma_qp_offset=-2 threads=30 lookahead_threads=5 sliced_threads=0 nr=0 decimate=1 interlaced=0 bluray_compat=0 constrained_intra=0 bframes=3 b_pyramid=2 b_adapt=1 b_bias=0 direct=1 weightb=1 open_gop=0 weightp=2 keyint=250 keyint_min=25 scenecut=40 intra_refresh=0 rc_lookahead=40 rc=crf mbtree=1 crf=23.0 qcomp=0.60 qpmin=0 qpmax=69 qpstep=4 ip_ratio=1.40 aq=1:1.00
Output #0, mp4, to './src/test/resources/output/translation/tempVideo/140.mp4':
  Metadata:
    encoder         : Lavf61.1.100
  Stream #0:0: Video: h264 (avc1 / 0x31637661), yuvj420p(pc, progressive), 2048x1024 [SAR 4501:9000 DAR 4501:4500], q=2-31, 25 fps, 12800 tbn
      Metadata:
        encoder         : Lavc61.3.100 libx264
      Side data:
        cpb: bitrate max/min/avg: 0/0/0 buffer size: 0 vbv_delay: N/A
[out#0/mp4 @ 0x5dd639b27380] video:32KiB audio:0KiB subtitle:0KiB other streams:0KiB global headers:0KiB muxing overhead: 2.915354%
frame=    6 fps=0.0 q=-1.0 Lsize=      33KiB time=00:00:00.16 bitrate=1682.1kbits/s dup=0 drop=19 speed=0.671x    
[libx264 @ 0x5dd639b1f9c0] frame I:1     Avg QP:18.75  size: 30418
[libx264 @ 0x5dd639b1f9c0] frame P:2     Avg QP:19.25  size:   408
[libx264 @ 0x5dd639b1f9c0] frame B:3     Avg QP:25.47  size:   255
[libx264 @ 0x5dd639b1f9c0] consecutive B-frames: 33.3%  0.0%  0.0% 66.7%
[libx264 @ 0x5dd639b1f9c0] mb I  I16..4: 14.5% 75.1% 10.4%
[libx264 @ 0x5dd639b1f9c0] mb P  I16..4:  0.1%  0.1%  0.0%  P16..4:  1.2%  0.2%  0.0%  0.0%  0.0%    skip:98.4%
[libx264 @ 0x5dd639b1f9c0] mb B  I16..4:  0.0%  0.0%  0.0%  B16..8:  1.1%  0.1%  0.0%  direct: 0.0%  skip:98.7%  L0:61.8% L1:36.5% BI: 1.6%
[libx264 @ 0x5dd639b1f9c0] 8x8 transform intra:74.9% inter:35.8%
[libx264 @ 0x5dd639b1f9c0] coded y,uvDC,uvAC intra: 6.0% 10.1% 9.1% inter: 0.1% 0.0% 0.0%
[libx264 @ 0x5dd639b1f9c0] i16 v,h,dc,p: 79% 20%  1%  0%
[libx264 @ 0x5dd639b1f9c0] i8 v,h,dc,ddl,ddr,vr,hd,vl,hu: 43%  8% 49%  0%  0%  0%  0%  0%  0%
[libx264 @ 0x5dd639b1f9c0] i4 v,h,dc,ddl,ddr,vr,hd,vl,hu: 40% 30% 10%  4%  2%  2%  4%  4%  5%
[libx264 @ 0x5dd639b1f9c0] i8c dc,h,v,p: 82%  9%  8%  1%
[libx264 @ 0x5dd639b1f9c0] Weighted P-Frames: Y:0.0% UV:0.0%
[libx264 @ 0x5dd639b1f9c0] ref P L0: 90.9%  0.2%  2.2%  6.7%
[libx264 @ 0x5dd639b1f9c0] ref B L0: 83.4% 16.6%
[libx264 @ 0x5dd639b1f9c0] ref B L1: 96.6%  3.4%
[libx264 @ 0x5dd639b1f9c0] kb/s:1066.63
ffmpeg version 7.0.2-3ubuntu1 Copyright (c) 2000-2024 the FFmpeg developers
  built with gcc 14 (Ubuntu 14.2.0-2ubuntu1)
  configuration: --prefix=/usr --extra-version=3ubuntu1 --toolchain=hardened --libdir=/usr/lib/x86_64-linux-gnu --incdir=/usr/include/x86_64-linux-gnu --arch=amd64 --enable-gpl --disable-stripping --disable-libmfx --disable-omx --enable-gnutls --enable-libaom --enable-libass --enable-libbs2b --enable-libcdio --enable-libcodec2 --enable-libdav1d --enable-libflite --enable-libfontconfig --enable-libfreetype --enable-libfribidi --enable-libglslang --enable-libgme --enable-libgsm --enable-libharfbuzz --enable-libmp3lame --enable-libmysofa --enable-libopenjpeg --enable-libopenmpt --enable-libopus --enable-librubberband --enable-libshine --enable-libsnappy --enable-libsoxr --enable-libspeex --enable-libtheora --enable-libtwolame --enable-libvidstab --enable-libvorbis --enable-libvpx --enable-libwebp --enable-libx265 --enable-libxml2 --enable-libxvid --enable-libzimg --enable-openal --enable-opencl --enable-opengl --disable-sndio --enable-libvpl --enable-libdc1394 --enable-libdrm --enable-libiec61883 --enable-chromaprint --enable-frei0r --enable-ladspa --enable-libbluray --enable-libcaca --enable-libdvdnav --enable-libdvdread --enable-libjack --enable-libpulse --enable-librabbitmq --enable-librist --enable-libsrt --enable-libssh --enable-libsvtav1 --enable-libx264 --enable-libzmq --enable-libzvbi --enable-lv2 --enable-sdl2 --enable-libplacebo --enable-librav1e --enable-pocketsphinx --enable-librsvg --enable-libjxl --enable-shared
  libavutil      59.  8.100 / 59.  8.100
  libavcodec     61.  3.100 / 61.  3.100
  libavformat    61.  1.100 / 61.  1.100
  libavdevice    61.  1.100 / 61.  1.100
  libavfilter    10.  1.100 / 10.  1.100
  libswscale      8.  1.100 /  8.  1.100
  libswresample   5.  1.100 /  5.  1.100
  libpostproc    58.  1.100 / 58.  1.100
Input #0, concat, from '/home/marco-lasagna/Scaricati/ffmpeg-java/inputFile.txt':
  Duration: N/A, start: 0.000000, bitrate: N/A
  Stream #0:0: Video: mjpeg (Baseline), yuvj420p(pc, bt470bg/unknown/unknown), 4501x4500 [SAR 1:1 DAR 4501:4500], 25 fps, 25 tbr, 25 tbn
Stream mapping:
  Stream #0:0 -> #0:0 (mjpeg (native) -> h264 (libx264))
Press [q] to stop, [?] for help
[swscaler @ 0x7048c0016b00] deprecated pixel format used, make sure you did set range correctly
    Last message repeated 1 times
[swscaler @ 0x7048c0b407c0] deprecated pixel format used, make sure you did set range correctly
    Last message repeated 1 times
[vost#0:0/libx264 @ 0x61a1db68e600] No information about the input framerate is available. Falling back to a default value of 25fps. Use the -r option if you want a different framerate.
[libx264 @ 0x61a1db6849c0] using SAR=2048/4095
[libx264 @ 0x61a1db6849c0] using cpu capabilities: MMX2 SSE2Fast SSSE3 SSE4.2 AVX FMA3 BMI2 AVX2
[libx264 @ 0x61a1db6849c0] profile High, level 4.0, 4:2:0, 8-bit
[libx264 @ 0x61a1db6849c0] 264 - core 164 r3108 31e19f9 - H.264/MPEG-4 AVC codec - Copyleft 2003-2023 - http://www.videolan.org/x264.html - options: cabac=1 ref=3 deblock=1:0:0 analyse=0x3:0x113 me=hex subme=7 psy=1 psy_rd=1.00:0.00 mixed_ref=1 me_range=16 chroma_me=1 trellis=1 8x8dct=1 cqm=0 deadzone=21,11 fast_pskip=1 chroma_qp_offset=-2 threads=30 lookahead_threads=5 sliced_threads=0 nr=0 decimate=1 interlaced=0 bluray_compat=0 constrained_intra=0 bframes=3 b_pyramid=2 b_adapt=1 b_bias=0 direct=1 weightb=1 open_gop=0 weightp=2 keyint=250 keyint_min=25 scenecut=40 intra_refresh=0 rc_lookahead=40 rc=crf mbtree=1 crf=23.0 qcomp=0.60 qpmin=0 qpmax=69 qpstep=4 ip_ratio=1.40 aq=1:1.00
Output #0, mp4, to './src/test/resources/output/translation/tempVideo/150.mp4':
  Metadata:
    encoder         : Lavf61.1.100
  Stream #0:0: Video: h264 (avc1 / 0x31637661), yuvj420p(pc, progressive), 2048x1024 [SAR 4501:9000 DAR 4501:4500], q=2-31, 25 fps, 12800 tbn
      Metadata:
        encoder         : Lavc61.3.100 libx264
      Side data:
        cpb: bitrate max/min/avg: 0/0/0 buffer size: 0 vbv_delay: N/A
[out#0/mp4 @ 0x61a1db68c380] video:32KiB audio:0KiB subtitle:0KiB other streams:0KiB global headers:0KiB muxing overhead: 2.914284%
frame=    6 fps=0.0 q=-1.0 Lsize=      33KiB time=00:00:00.16 bitrate=1682.7kbits/s dup=0 drop=19 speed=0.668x    
[libx264 @ 0x61a1db6849c0] frame I:1     Avg QP:18.77  size: 30435
[libx264 @ 0x61a1db6849c0] frame P:2     Avg QP:18.25  size:   420
[libx264 @ 0x61a1db6849c0] frame B:3     Avg QP:24.84  size:   245
[libx264 @ 0x61a1db6849c0] consecutive B-frames: 33.3%  0.0%  0.0% 66.7%
[libx264 @ 0x61a1db6849c0] mb I  I16..4: 24.1% 65.4% 10.5%
[libx264 @ 0x61a1db6849c0] mb P  I16..4:  0.1%  0.1%  0.0%  P16..4:  1.2%  0.2%  0.1%  0.0%  0.0%    skip:98.3%
[libx264 @ 0x61a1db6849c0] mb B  I16..4:  0.0%  0.0%  0.0%  B16..8:  1.0%  0.1%  0.0%  direct: 0.0%  skip:98.8%  L0:55.1% L1:40.9% BI: 4.0%
[libx264 @ 0x61a1db6849c0] 8x8 transform intra:65.4% inter:13.7%
[libx264 @ 0x61a1db6849c0] coded y,uvDC,uvAC intra: 6.0% 10.2% 9.1% inter: 0.1% 0.0% 0.0%
[libx264 @ 0x61a1db6849c0] i16 v,h,dc,p: 87% 12%  1%  0%
[libx264 @ 0x61a1db6849c0] i8 v,h,dc,ddl,ddr,vr,hd,vl,hu: 59%  9% 31%  0%  0%  0%  0%  0%  0%
[libx264 @ 0x61a1db6849c0] i4 v,h,dc,ddl,ddr,vr,hd,vl,hu: 41% 29%  9%  3%  2%  2%  4%  4%  5%
[libx264 @ 0x61a1db6849c0] i8c dc,h,v,p: 82%  9%  8%  1%
[libx264 @ 0x61a1db6849c0] Weighted P-Frames: Y:0.0% UV:0.0%
[libx264 @ 0x61a1db6849c0] ref P L0: 93.0%  0.0%  1.7%  5.3%
[libx264 @ 0x61a1db6849c0] ref B L0: 89.2% 10.8%
[libx264 @ 0x61a1db6849c0] ref B L1: 97.3%  2.7%
[libx264 @ 0x61a1db6849c0] kb/s:1067.03
ffmpeg version 7.0.2-3ubuntu1 Copyright (c) 2000-2024 the FFmpeg developers
  built with gcc 14 (Ubuntu 14.2.0-2ubuntu1)
  configuration: --prefix=/usr --extra-version=3ubuntu1 --toolchain=hardened --libdir=/usr/lib/x86_64-linux-gnu --incdir=/usr/include/x86_64-linux-gnu --arch=amd64 --enable-gpl --disable-stripping --disable-libmfx --disable-omx --enable-gnutls --enable-libaom --enable-libass --enable-libbs2b --enable-libcdio --enable-libcodec2 --enable-libdav1d --enable-libflite --enable-libfontconfig --enable-libfreetype --enable-libfribidi --enable-libglslang --enable-libgme --enable-libgsm --enable-libharfbuzz --enable-libmp3lame --enable-libmysofa --enable-libopenjpeg --enable-libopenmpt --enable-libopus --enable-librubberband --enable-libshine --enable-libsnappy --enable-libsoxr --enable-libspeex --enable-libtheora --enable-libtwolame --enable-libvidstab --enable-libvorbis --enable-libvpx --enable-libwebp --enable-libx265 --enable-libxml2 --enable-libxvid --enable-libzimg --enable-openal --enable-opencl --enable-opengl --disable-sndio --enable-libvpl --enable-libdc1394 --enable-libdrm --enable-libiec61883 --enable-chromaprint --enable-frei0r --enable-ladspa --enable-libbluray --enable-libcaca --enable-libdvdnav --enable-libdvdread --enable-libjack --enable-libpulse --enable-librabbitmq --enable-librist --enable-libsrt --enable-libssh --enable-libsvtav1 --enable-libx264 --enable-libzmq --enable-libzvbi --enable-lv2 --enable-sdl2 --enable-libplacebo --enable-librav1e --enable-pocketsphinx --enable-librsvg --enable-libjxl --enable-shared
  libavutil      59.  8.100 / 59.  8.100
  libavcodec     61.  3.100 / 61.  3.100
  libavformat    61.  1.100 / 61.  1.100
  libavdevice    61.  1.100 / 61.  1.100
  libavfilter    10.  1.100 / 10.  1.100
  libswscale      8.  1.100 /  8.  1.100
  libswresample   5.  1.100 /  5.  1.100
  libpostproc    58.  1.100 / 58.  1.100
Input #0, concat, from '/home/marco-lasagna/Scaricati/ffmpeg-java/inputFile.txt':
  Duration: N/A, start: 0.000000, bitrate: N/A
  Stream #0:0: Video: mjpeg (Baseline), yuvj420p(pc, bt470bg/unknown/unknown), 4501x4500 [SAR 1:1 DAR 4501:4500], 25 fps, 25 tbr, 25 tbn
Stream mapping:
  Stream #0:0 -> #0:0 (mjpeg (native) -> h264 (libx264))
Press [q] to stop, [?] for help
[swscaler @ 0x7bcfa0016b00] deprecated pixel format used, make sure you did set range correctly
    Last message repeated 1 times
[swscaler @ 0x7bcfa0b407c0] deprecated pixel format used, make sure you did set range correctly
    Last message repeated 1 times
[vost#0:0/libx264 @ 0x5a9a2d503600] No information about the input framerate is available. Falling back to a default value of 25fps. Use the -r option if you want a different framerate.
[libx264 @ 0x5a9a2d4f99c0] using SAR=2048/4095
[libx264 @ 0x5a9a2d4f99c0] using cpu capabilities: MMX2 SSE2Fast SSSE3 SSE4.2 AVX FMA3 BMI2 AVX2
[libx264 @ 0x5a9a2d4f99c0] profile High, level 4.0, 4:2:0, 8-bit
[libx264 @ 0x5a9a2d4f99c0] 264 - core 164 r3108 31e19f9 - H.264/MPEG-4 AVC codec - Copyleft 2003-2023 - http://www.videolan.org/x264.html - options: cabac=1 ref=3 deblock=1:0:0 analyse=0x3:0x113 me=hex subme=7 psy=1 psy_rd=1.00:0.00 mixed_ref=1 me_range=16 chroma_me=1 trellis=1 8x8dct=1 cqm=0 deadzone=21,11 fast_pskip=1 chroma_qp_offset=-2 threads=30 lookahead_threads=5 sliced_threads=0 nr=0 decimate=1 interlaced=0 bluray_compat=0 constrained_intra=0 bframes=3 b_pyramid=2 b_adapt=1 b_bias=0 direct=1 weightb=1 open_gop=0 weightp=2 keyint=250 keyint_min=25 scenecut=40 intra_refresh=0 rc_lookahead=40 rc=crf mbtree=1 crf=23.0 qcomp=0.60 qpmin=0 qpmax=69 qpstep=4 ip_ratio=1.40 aq=1:1.00
Output #0, mp4, to './src/test/resources/output/translation/tempVideo/160.mp4':
  Metadata:
    encoder         : Lavf61.1.100
  Stream #0:0: Video: h264 (avc1 / 0x31637661), yuvj420p(pc, progressive), 2048x1024 [SAR 4501:9000 DAR 4501:4500], q=2-31, 25 fps, 12800 tbn
      Metadata:
        encoder         : Lavc61.3.100 libx264
      Side data:
        cpb: bitrate max/min/avg: 0/0/0 buffer size: 0 vbv_delay: N/A
[out#0/mp4 @ 0x5a9a2d501380] video:32KiB audio:0KiB subtitle:0KiB other streams:0KiB global headers:0KiB muxing overhead: 2.921789%
frame=    6 fps=0.0 q=-1.0 Lsize=      33KiB time=00:00:00.16 bitrate=1678.5kbits/s dup=0 drop=19 speed=0.672x    
[libx264 @ 0x5a9a2d4f99c0] frame I:1     Avg QP:18.78  size: 30366
[libx264 @ 0x5a9a2d4f99c0] frame P:2     Avg QP:16.63  size:   411
[libx264 @ 0x5a9a2d4f99c0] frame B:3     Avg QP:21.22  size:   246
[libx264 @ 0x5a9a2d4f99c0] consecutive B-frames: 33.3%  0.0%  0.0% 66.7%
[libx264 @ 0x5a9a2d4f99c0] mb I  I16..4: 24.0% 65.6% 10.4%
[libx264 @ 0x5a9a2d4f99c0] mb P  I16..4:  0.2%  0.1%  0.0%  P16..4:  1.1%  0.2%  0.1%  0.0%  0.0%    skip:98.4%
[libx264 @ 0x5a9a2d4f99c0] mb B  I16..4:  0.0%  0.0%  0.0%  B16..8:  1.3%  0.1%  0.0%  direct: 0.0%  skip:98.5%  L0:32.8% L1:65.7% BI: 1.5%
[libx264 @ 0x5a9a2d4f99c0] 8x8 transform intra:65.4% inter:37.0%
[libx264 @ 0x5a9a2d4f99c0] coded y,uvDC,uvAC intra: 6.0% 10.2% 9.1% inter: 0.1% 0.0% 0.0%
[libx264 @ 0x5a9a2d4f99c0] i16 v,h,dc,p: 87% 12%  1%  0%
[libx264 @ 0x5a9a2d4f99c0] i8 v,h,dc,ddl,ddr,vr,hd,vl,hu: 59%  9% 31%  0%  0%  0%  0%  0%  0%
[libx264 @ 0x5a9a2d4f99c0] i4 v,h,dc,ddl,ddr,vr,hd,vl,hu: 40% 29%  9%  4%  2%  2%  4%  4%  5%
[libx264 @ 0x5a9a2d4f99c0] i8c dc,h,v,p: 82%  9%  8%  1%
[libx264 @ 0x5a9a2d4f99c0] Weighted P-Frames: Y:0.0% UV:0.0%
[libx264 @ 0x5a9a2d4f99c0] ref P L0: 94.5%  0.2%  3.2%  2.0%
[libx264 @ 0x5a9a2d4f99c0] ref B L0: 86.6% 13.4%
[libx264 @ 0x5a9a2d4f99c0] ref B L1: 97.0%  3.0%
[libx264 @ 0x5a9a2d4f99c0] kb/s:1064.23
ffmpeg version 7.0.2-3ubuntu1 Copyright (c) 2000-2024 the FFmpeg developers
  built with gcc 14 (Ubuntu 14.2.0-2ubuntu1)
  configuration: --prefix=/usr --extra-version=3ubuntu1 --toolchain=hardened --libdir=/usr/lib/x86_64-linux-gnu --incdir=/usr/include/x86_64-linux-gnu --arch=amd64 --enable-gpl --disable-stripping --disable-libmfx --disable-omx --enable-gnutls --enable-libaom --enable-libass --enable-libbs2b --enable-libcdio --enable-libcodec2 --enable-libdav1d --enable-libflite --enable-libfontconfig --enable-libfreetype --enable-libfribidi --enable-libglslang --enable-libgme --enable-libgsm --enable-libharfbuzz --enable-libmp3lame --enable-libmysofa --enable-libopenjpeg --enable-libopenmpt --enable-libopus --enable-librubberband --enable-libshine --enable-libsnappy --enable-libsoxr --enable-libspeex --enable-libtheora --enable-libtwolame --enable-libvidstab --enable-libvorbis --enable-libvpx --enable-libwebp --enable-libx265 --enable-libxml2 --enable-libxvid --enable-libzimg --enable-openal --enable-opencl --enable-opengl --disable-sndio --enable-libvpl --enable-libdc1394 --enable-libdrm --enable-libiec61883 --enable-chromaprint --enable-frei0r --enable-ladspa --enable-libbluray --enable-libcaca --enable-libdvdnav --enable-libdvdread --enable-libjack --enable-libpulse --enable-librabbitmq --enable-librist --enable-libsrt --enable-libssh --enable-libsvtav1 --enable-libx264 --enable-libzmq --enable-libzvbi --enable-lv2 --enable-sdl2 --enable-libplacebo --enable-librav1e --enable-pocketsphinx --enable-librsvg --enable-libjxl --enable-shared
  libavutil      59.  8.100 / 59.  8.100
  libavcodec     61.  3.100 / 61.  3.100
  libavformat    61.  1.100 / 61.  1.100
  libavdevice    61.  1.100 / 61.  1.100
  libavfilter    10.  1.100 / 10.  1.100
  libswscale      8.  1.100 /  8.  1.100
  libswresample   5.  1.100 /  5.  1.100
  libpostproc    58.  1.100 / 58.  1.100
Input #0, concat, from '/home/marco-lasagna/Scaricati/ffmpeg-java/inputFile.txt':
  Duration: N/A, start: 0.000000, bitrate: N/A
  Stream #0:0: Video: mjpeg (Baseline), yuvj420p(pc, bt470bg/unknown/unknown), 4501x4500 [SAR 1:1 DAR 4501:4500], 25 fps, 25 tbr, 25 tbn
Stream mapping:
  Stream #0:0 -> #0:0 (mjpeg (native) -> h264 (libx264))
Press [q] to stop, [?] for help
[swscaler @ 0x7aea50016b00] deprecated pixel format used, make sure you did set range correctly
    Last message repeated 1 times
[swscaler @ 0x7aea50b407c0] deprecated pixel format used, make sure you did set range correctly
    Last message repeated 1 times
[vost#0:0/libx264 @ 0x63c800732600] No information about the input framerate is available. Falling back to a default value of 25fps. Use the -r option if you want a different framerate.
[libx264 @ 0x63c8007289c0] using SAR=2048/4095
[libx264 @ 0x63c8007289c0] using cpu capabilities: MMX2 SSE2Fast SSSE3 SSE4.2 AVX FMA3 BMI2 AVX2
[libx264 @ 0x63c8007289c0] profile High, level 4.0, 4:2:0, 8-bit
[libx264 @ 0x63c8007289c0] 264 - core 164 r3108 31e19f9 - H.264/MPEG-4 AVC codec - Copyleft 2003-2023 - http://www.videolan.org/x264.html - options: cabac=1 ref=3 deblock=1:0:0 analyse=0x3:0x113 me=hex subme=7 psy=1 psy_rd=1.00:0.00 mixed_ref=1 me_range=16 chroma_me=1 trellis=1 8x8dct=1 cqm=0 deadzone=21,11 fast_pskip=1 chroma_qp_offset=-2 threads=30 lookahead_threads=5 sliced_threads=0 nr=0 decimate=1 interlaced=0 bluray_compat=0 constrained_intra=0 bframes=3 b_pyramid=2 b_adapt=1 b_bias=0 direct=1 weightb=1 open_gop=0 weightp=2 keyint=250 keyint_min=25 scenecut=40 intra_refresh=0 rc_lookahead=40 rc=crf mbtree=1 crf=23.0 qcomp=0.60 qpmin=0 qpmax=69 qpstep=4 ip_ratio=1.40 aq=1:1.00
Output #0, mp4, to './src/test/resources/output/translation/tempVideo/170.mp4':
  Metadata:
    encoder         : Lavf61.1.100
  Stream #0:0: Video: h264 (avc1 / 0x31637661), yuvj420p(pc, progressive), 2048x1024 [SAR 4501:9000 DAR 4501:4500], q=2-31, 25 fps, 12800 tbn
      Metadata:
        encoder         : Lavc61.3.100 libx264
      Side data:
        cpb: bitrate max/min/avg: 0/0/0 buffer size: 0 vbv_delay: N/A
[out#0/mp4 @ 0x63c800730380] video:32KiB audio:0KiB subtitle:0KiB other streams:0KiB global headers:0KiB muxing overhead: 2.930234%
frame=    6 fps=0.0 q=-1.0 Lsize=      33KiB time=00:00:00.16 bitrate=1673.8kbits/s dup=0 drop=19 speed=0.67x    
[libx264 @ 0x63c8007289c0] frame I:1     Avg QP:18.78  size: 30280
[libx264 @ 0x63c8007289c0] frame P:2     Avg QP:18.65  size:   424
[libx264 @ 0x63c8007289c0] frame B:3     Avg QP:23.66  size:   235
[libx264 @ 0x63c8007289c0] consecutive B-frames: 33.3%  0.0%  0.0% 66.7%
[libx264 @ 0x63c8007289c0] mb I  I16..4: 16.7% 73.0% 10.4%
[libx264 @ 0x63c8007289c0] mb P  I16..4:  0.1%  0.1%  0.0%  P16..4:  1.1%  0.2%  0.1%  0.0%  0.0%    skip:98.4%
[libx264 @ 0x63c8007289c0] mb B  I16..4:  0.0%  0.0%  0.0%  B16..8:  1.0%  0.1%  0.0%  direct: 0.0%  skip:98.8%  L0:34.7% L1:62.6% BI: 2.6%
[libx264 @ 0x63c8007289c0] 8x8 transform intra:72.8% inter:33.9%
[libx264 @ 0x63c8007289c0] coded y,uvDC,uvAC intra: 5.9% 10.2% 9.1% inter: 0.1% 0.0% 0.0%
[libx264 @ 0x63c8007289c0] i16 v,h,dc,p: 81% 18%  1%  0%
[libx264 @ 0x63c8007289c0] i8 v,h,dc,ddl,ddr,vr,hd,vl,hu: 60% 10% 30%  0%  0%  0%  0%  0%  0%
[libx264 @ 0x63c8007289c0] i4 v,h,dc,ddl,ddr,vr,hd,vl,hu: 41% 29%  9%  4%  2%  2%  4%  4%  5%
[libx264 @ 0x63c8007289c0] i8c dc,h,v,p: 82%  9%  8%  1%
[libx264 @ 0x63c8007289c0] Weighted P-Frames: Y:0.0% UV:0.0%
[libx264 @ 0x63c8007289c0] ref P L0: 93.3%  0.0%  1.7%  5.0%
[libx264 @ 0x63c8007289c0] ref B L0: 83.4% 16.6%
[libx264 @ 0x63c8007289c0] ref B L1: 94.7%  5.3%
[libx264 @ 0x63c8007289c0] kb/s:1061.10
ffmpeg version 7.0.2-3ubuntu1 Copyright (c) 2000-2024 the FFmpeg developers
  built with gcc 14 (Ubuntu 14.2.0-2ubuntu1)
  configuration: --prefix=/usr --extra-version=3ubuntu1 --toolchain=hardened --libdir=/usr/lib/x86_64-linux-gnu --incdir=/usr/include/x86_64-linux-gnu --arch=amd64 --enable-gpl --disable-stripping --disable-libmfx --disable-omx --enable-gnutls --enable-libaom --enable-libass --enable-libbs2b --enable-libcdio --enable-libcodec2 --enable-libdav1d --enable-libflite --enable-libfontconfig --enable-libfreetype --enable-libfribidi --enable-libglslang --enable-libgme --enable-libgsm --enable-libharfbuzz --enable-libmp3lame --enable-libmysofa --enable-libopenjpeg --enable-libopenmpt --enable-libopus --enable-librubberband --enable-libshine --enable-libsnappy --enable-libsoxr --enable-libspeex --enable-libtheora --enable-libtwolame --enable-libvidstab --enable-libvorbis --enable-libvpx --enable-libwebp --enable-libx265 --enable-libxml2 --enable-libxvid --enable-libzimg --enable-openal --enable-opencl --enable-opengl --disable-sndio --enable-libvpl --enable-libdc1394 --enable-libdrm --enable-libiec61883 --enable-chromaprint --enable-frei0r --enable-ladspa --enable-libbluray --enable-libcaca --enable-libdvdnav --enable-libdvdread --enable-libjack --enable-libpulse --enable-librabbitmq --enable-librist --enable-libsrt --enable-libssh --enable-libsvtav1 --enable-libx264 --enable-libzmq --enable-libzvbi --enable-lv2 --enable-sdl2 --enable-libplacebo --enable-librav1e --enable-pocketsphinx --enable-librsvg --enable-libjxl --enable-shared
  libavutil      59.  8.100 / 59.  8.100
  libavcodec     61.  3.100 / 61.  3.100
  libavformat    61.  1.100 / 61.  1.100
  libavdevice    61.  1.100 / 61.  1.100
  libavfilter    10.  1.100 / 10.  1.100
  libswscale      8.  1.100 /  8.  1.100
  libswresample   5.  1.100 /  5.  1.100
  libpostproc    58.  1.100 / 58.  1.100
Input #0, concat, from '/home/marco-lasagna/Scaricati/ffmpeg-java/inputFile.txt':
  Duration: N/A, start: 0.000000, bitrate: N/A
  Stream #0:0: Video: mjpeg (Baseline), yuvj420p(pc, bt470bg/unknown/unknown), 4501x4500 [SAR 1:1 DAR 4501:4500], 25 fps, 25 tbr, 25 tbn
Stream mapping:
  Stream #0:0 -> #0:0 (mjpeg (native) -> h264 (libx264))
Press [q] to stop, [?] for help
[swscaler @ 0x7bc93c016b00] deprecated pixel format used, make sure you did set range correctly
    Last message repeated 1 times
[swscaler @ 0x7bc93cb407c0] deprecated pixel format used, make sure you did set range correctly
    Last message repeated 1 times
[vost#0:0/libx264 @ 0x5c1f905f1600] No information about the input framerate is available. Falling back to a default value of 25fps. Use the -r option if you want a different framerate.
[libx264 @ 0x5c1f905e79c0] using SAR=2048/4095
[libx264 @ 0x5c1f905e79c0] using cpu capabilities: MMX2 SSE2Fast SSSE3 SSE4.2 AVX FMA3 BMI2 AVX2
[libx264 @ 0x5c1f905e79c0] profile High, level 4.0, 4:2:0, 8-bit
[libx264 @ 0x5c1f905e79c0] 264 - core 164 r3108 31e19f9 - H.264/MPEG-4 AVC codec - Copyleft 2003-2023 - http://www.videolan.org/x264.html - options: cabac=1 ref=3 deblock=1:0:0 analyse=0x3:0x113 me=hex subme=7 psy=1 psy_rd=1.00:0.00 mixed_ref=1 me_range=16 chroma_me=1 trellis=1 8x8dct=1 cqm=0 deadzone=21,11 fast_pskip=1 chroma_qp_offset=-2 threads=30 lookahead_threads=5 sliced_threads=0 nr=0 decimate=1 interlaced=0 bluray_compat=0 constrained_intra=0 bframes=3 b_pyramid=2 b_adapt=1 b_bias=0 direct=1 weightb=1 open_gop=0 weightp=2 keyint=250 keyint_min=25 scenecut=40 intra_refresh=0 rc_lookahead=40 rc=crf mbtree=1 crf=23.0 qcomp=0.60 qpmin=0 qpmax=69 qpstep=4 ip_ratio=1.40 aq=1:1.00
Output #0, mp4, to './src/test/resources/output/translation/tempVideo/180.mp4':
  Metadata:
    encoder         : Lavf61.1.100
  Stream #0:0: Video: h264 (avc1 / 0x31637661), yuvj420p(pc, progressive), 2048x1024 [SAR 4501:9000 DAR 4501:4500], q=2-31, 25 fps, 12800 tbn
      Metadata:
        encoder         : Lavc61.3.100 libx264
      Side data:
        cpb: bitrate max/min/avg: 0/0/0 buffer size: 0 vbv_delay: N/A
[out#0/mp4 @ 0x5c1f905ef380] video:32KiB audio:0KiB subtitle:0KiB other streams:0KiB global headers:0KiB muxing overhead: 2.918032%
frame=    6 fps=0.0 q=-1.0 Lsize=      33KiB time=00:00:00.16 bitrate=1680.6kbits/s dup=0 drop=19 speed=0.677x    
[libx264 @ 0x5c1f905e79c0] frame I:1     Avg QP:18.34  size: 30310
[libx264 @ 0x5c1f905e79c0] frame P:2     Avg QP:17.82  size:   425
[libx264 @ 0x5c1f905e79c0] frame B:3     Avg QP:18.65  size:   270
[libx264 @ 0x5c1f905e79c0] consecutive B-frames: 33.3%  0.0%  0.0% 66.7%
[libx264 @ 0x5c1f905e79c0] mb I  I16..4: 25.7% 63.9% 10.4%
[libx264 @ 0x5c1f905e79c0] mb P  I16..4:  0.1%  0.1%  0.0%  P16..4:  1.1%  0.2%  0.1%  0.0%  0.0%    skip:98.4%
[libx264 @ 0x5c1f905e79c0] mb B  I16..4:  0.1%  0.0%  0.0%  B16..8:  1.2%  0.1%  0.0%  direct: 0.0%  skip:98.5%  L0:54.7% L1:43.0% BI: 2.3%
[libx264 @ 0x5c1f905e79c0] 8x8 transform intra:63.7% inter:41.9%
[libx264 @ 0x5c1f905e79c0] coded y,uvDC,uvAC intra: 6.0% 10.1% 9.1% inter: 0.1% 0.0% 0.0%
[libx264 @ 0x5c1f905e79c0] i16 v,h,dc,p: 87% 12%  1%  0%
[libx264 @ 0x5c1f905e79c0] i8 v,h,dc,ddl,ddr,vr,hd,vl,hu: 57%  9% 33%  0%  0%  0%  0%  0%  0%
[libx264 @ 0x5c1f905e79c0] i4 v,h,dc,ddl,ddr,vr,hd,vl,hu: 40% 30% 10%  4%  2%  2%  4%  4%  5%
[libx264 @ 0x5c1f905e79c0] i8c dc,h,v,p: 82%  9%  8%  1%
[libx264 @ 0x5c1f905e79c0] Weighted P-Frames: Y:0.0% UV:0.0%
[libx264 @ 0x5c1f905e79c0] ref P L0: 94.3%  0.0%  1.0%  4.7%
[libx264 @ 0x5c1f905e79c0] ref B L0: 89.6% 10.4%
[libx264 @ 0x5c1f905e79c0] ref B L1: 92.3%  7.7%
[libx264 @ 0x5c1f905e79c0] kb/s:1065.63
ffmpeg version 7.0.2-3ubuntu1 Copyright (c) 2000-2024 the FFmpeg developers
  built with gcc 14 (Ubuntu 14.2.0-2ubuntu1)
  configuration: --prefix=/usr --extra-version=3ubuntu1 --toolchain=hardened --libdir=/usr/lib/x86_64-linux-gnu --incdir=/usr/include/x86_64-linux-gnu --arch=amd64 --enable-gpl --disable-stripping --disable-libmfx --disable-omx --enable-gnutls --enable-libaom --enable-libass --enable-libbs2b --enable-libcdio --enable-libcodec2 --enable-libdav1d --enable-libflite --enable-libfontconfig --enable-libfreetype --enable-libfribidi --enable-libglslang --enable-libgme --enable-libgsm --enable-libharfbuzz --enable-libmp3lame --enable-libmysofa --enable-libopenjpeg --enable-libopenmpt --enable-libopus --enable-librubberband --enable-libshine --enable-libsnappy --enable-libsoxr --enable-libspeex --enable-libtheora --enable-libtwolame --enable-libvidstab --enable-libvorbis --enable-libvpx --enable-libwebp --enable-libx265 --enable-libxml2 --enable-libxvid --enable-libzimg --enable-openal --enable-opencl --enable-opengl --disable-sndio --enable-libvpl --enable-libdc1394 --enable-libdrm --enable-libiec61883 --enable-chromaprint --enable-frei0r --enable-ladspa --enable-libbluray --enable-libcaca --enable-libdvdnav --enable-libdvdread --enable-libjack --enable-libpulse --enable-librabbitmq --enable-librist --enable-libsrt --enable-libssh --enable-libsvtav1 --enable-libx264 --enable-libzmq --enable-libzvbi --enable-lv2 --enable-sdl2 --enable-libplacebo --enable-librav1e --enable-pocketsphinx --enable-librsvg --enable-libjxl --enable-shared
  libavutil      59.  8.100 / 59.  8.100
  libavcodec     61.  3.100 / 61.  3.100
  libavformat    61.  1.100 / 61.  1.100
  libavdevice    61.  1.100 / 61.  1.100
  libavfilter    10.  1.100 / 10.  1.100
  libswscale      8.  1.100 /  8.  1.100
  libswresample   5.  1.100 /  5.  1.100
  libpostproc    58.  1.100 / 58.  1.100
Input #0, concat, from '/home/marco-lasagna/Scaricati/ffmpeg-java/inputFile.txt':
  Duration: N/A, start: 0.000000, bitrate: N/A
  Stream #0:0: Video: mjpeg (Baseline), yuvj420p(pc, bt470bg/unknown/unknown), 4501x4500 [SAR 1:1 DAR 4501:4500], 25 fps, 25 tbr, 25 tbn
Stream mapping:
  Stream #0:0 -> #0:0 (mjpeg (native) -> h264 (libx264))
Press [q] to stop, [?] for help
[swscaler @ 0x7e2f10016b00] deprecated pixel format used, make sure you did set range correctly
    Last message repeated 1 times
[swscaler @ 0x7e2f10b407c0] deprecated pixel format used, make sure you did set range correctly
    Last message repeated 1 times
[vost#0:0/libx264 @ 0x5ec48a5a6600] No information about the input framerate is available. Falling back to a default value of 25fps. Use the -r option if you want a different framerate.
[libx264 @ 0x5ec48a59c9c0] using SAR=2048/4095
[libx264 @ 0x5ec48a59c9c0] using cpu capabilities: MMX2 SSE2Fast SSSE3 SSE4.2 AVX FMA3 BMI2 AVX2
[libx264 @ 0x5ec48a59c9c0] profile High, level 4.0, 4:2:0, 8-bit
[libx264 @ 0x5ec48a59c9c0] 264 - core 164 r3108 31e19f9 - H.264/MPEG-4 AVC codec - Copyleft 2003-2023 - http://www.videolan.org/x264.html - options: cabac=1 ref=3 deblock=1:0:0 analyse=0x3:0x113 me=hex subme=7 psy=1 psy_rd=1.00:0.00 mixed_ref=1 me_range=16 chroma_me=1 trellis=1 8x8dct=1 cqm=0 deadzone=21,11 fast_pskip=1 chroma_qp_offset=-2 threads=30 lookahead_threads=5 sliced_threads=0 nr=0 decimate=1 interlaced=0 bluray_compat=0 constrained_intra=0 bframes=3 b_pyramid=2 b_adapt=1 b_bias=0 direct=1 weightb=1 open_gop=0 weightp=2 keyint=250 keyint_min=25 scenecut=40 intra_refresh=0 rc_lookahead=40 rc=crf mbtree=1 crf=23.0 qcomp=0.60 qpmin=0 qpmax=69 qpstep=4 ip_ratio=1.40 aq=1:1.00
Output #0, mp4, to './src/test/resources/output/translation/tempVideo/190.mp4':
  Metadata:
    encoder         : Lavf61.1.100
  Stream #0:0: Video: h264 (avc1 / 0x31637661), yuvj420p(pc, progressive), 2048x1024 [SAR 4501:9000 DAR 4501:4500], q=2-31, 25 fps, 12800 tbn
      Metadata:
        encoder         : Lavc61.3.100 libx264
      Side data:
        cpb: bitrate max/min/avg: 0/0/0 buffer size: 0 vbv_delay: N/A
[out#0/mp4 @ 0x5ec48a5a4380] video:32KiB audio:0KiB subtitle:0KiB other streams:0KiB global headers:0KiB muxing overhead: 2.926275%
frame=    6 fps=0.0 q=-1.0 Lsize=      33KiB time=00:00:00.16 bitrate=1676.0kbits/s dup=0 drop=19 speed=0.675x    
[libx264 @ 0x5ec48a59c9c0] frame I:1     Avg QP:18.64  size: 30313
[libx264 @ 0x5ec48a59c9c0] frame P:2     Avg QP:18.82  size:   406
[libx264 @ 0x5ec48a59c9c0] frame B:3     Avg QP:32.67  size:   251
[libx264 @ 0x5ec48a59c9c0] consecutive B-frames: 33.3%  0.0%  0.0% 66.7%
[libx264 @ 0x5ec48a59c9c0] mb I  I16..4: 25.9% 63.6% 10.5%
[libx264 @ 0x5ec48a59c9c0] mb P  I16..4:  0.1%  0.1%  0.0%  P16..4:  1.1%  0.2%  0.1%  0.0%  0.0%    skip:98.4%
[libx264 @ 0x5ec48a59c9c0] mb B  I16..4:  0.0%  0.1%  0.0%  B16..8:  1.0%  0.1%  0.0%  direct: 0.0%  skip:98.8%  L0:61.1% L1:35.6% BI: 3.4%
[libx264 @ 0x5ec48a59c9c0] 8x8 transform intra:63.6% inter:16.7%
[libx264 @ 0x5ec48a59c9c0] coded y,uvDC,uvAC intra: 6.0% 10.2% 9.1% inter: 0.1% 0.0% 0.0%
[libx264 @ 0x5ec48a59c9c0] i16 v,h,dc,p: 88% 11%  1%  0%
[libx264 @ 0x5ec48a59c9c0] i8 v,h,dc,ddl,ddr,vr,hd,vl,hu: 44%  6% 50%  0%  0%  0%  0%  0%  0%
[libx264 @ 0x5ec48a59c9c0] i4 v,h,dc,ddl,ddr,vr,hd,vl,hu: 40% 29% 10%  4%  2%  2%  4%  4%  5%
[libx264 @ 0x5ec48a59c9c0] i8c dc,h,v,p: 82%  9%  8%  1%
[libx264 @ 0x5ec48a59c9c0] Weighted P-Frames: Y:0.0% UV:0.0%
[libx264 @ 0x5ec48a59c9c0] ref P L0: 94.8%  0.2%  0.6%  4.3%
[libx264 @ 0x5ec48a59c9c0] ref B L0: 89.1% 10.9%
[libx264 @ 0x5ec48a59c9c0] ref B L1: 92.9%  7.1%
[libx264 @ 0x5ec48a59c9c0] kb/s:1062.57
ffmpeg version 7.0.2-3ubuntu1 Copyright (c) 2000-2024 the FFmpeg developers
  built with gcc 14 (Ubuntu 14.2.0-2ubuntu1)
  configuration: --prefix=/usr --extra-version=3ubuntu1 --toolchain=hardened --libdir=/usr/lib/x86_64-linux-gnu --incdir=/usr/include/x86_64-linux-gnu --arch=amd64 --enable-gpl --disable-stripping --disable-libmfx --disable-omx --enable-gnutls --enable-libaom --enable-libass --enable-libbs2b --enable-libcdio --enable-libcodec2 --enable-libdav1d --enable-libflite --enable-libfontconfig --enable-libfreetype --enable-libfribidi --enable-libglslang --enable-libgme --enable-libgsm --enable-libharfbuzz --enable-libmp3lame --enable-libmysofa --enable-libopenjpeg --enable-libopenmpt --enable-libopus --enable-librubberband --enable-libshine --enable-libsnappy --enable-libsoxr --enable-libspeex --enable-libtheora --enable-libtwolame --enable-libvidstab --enable-libvorbis --enable-libvpx --enable-libwebp --enable-libx265 --enable-libxml2 --enable-libxvid --enable-libzimg --enable-openal --enable-opencl --enable-opengl --disable-sndio --enable-libvpl --enable-libdc1394 --enable-libdrm --enable-libiec61883 --enable-chromaprint --enable-frei0r --enable-ladspa --enable-libbluray --enable-libcaca --enable-libdvdnav --enable-libdvdread --enable-libjack --enable-libpulse --enable-librabbitmq --enable-librist --enable-libsrt --enable-libssh --enable-libsvtav1 --enable-libx264 --enable-libzmq --enable-libzvbi --enable-lv2 --enable-sdl2 --enable-libplacebo --enable-librav1e --enable-pocketsphinx --enable-librsvg --enable-libjxl --enable-shared
  libavutil      59.  8.100 / 59.  8.100
  libavcodec     61.  3.100 / 61.  3.100
  libavformat    61.  1.100 / 61.  1.100
  libavdevice    61.  1.100 / 61.  1.100
  libavfilter    10.  1.100 / 10.  1.100
  libswscale      8.  1.100 /  8.  1.100
  libswresample   5.  1.100 /  5.  1.100
  libpostproc    58.  1.100 / 58.  1.100
Input #0, concat, from '/home/marco-lasagna/Scaricati/ffmpeg-java/inputFile.txt':
  Duration: N/A, start: 0.000000, bitrate: N/A
  Stream #0:0: Video: mjpeg (Baseline), yuvj420p(pc, bt470bg/unknown/unknown), 4501x4500 [SAR 1:1 DAR 4501:4500], 25 fps, 25 tbr, 25 tbn
Stream mapping:
  Stream #0:0 -> #0:0 (mjpeg (native) -> h264 (libx264))
Press [q] to stop, [?] for help
[swscaler @ 0x789d40016b00] deprecated pixel format used, make sure you did set range correctly
    Last message repeated 1 times
[swscaler @ 0x789d40b407c0] deprecated pixel format used, make sure you did set range correctly
    Last message repeated 1 times
[vost#0:0/libx264 @ 0x61a83b9d9600] No information about the input framerate is available. Falling back to a default value of 25fps. Use the -r option if you want a different framerate.
[libx264 @ 0x61a83b9cf9c0] using SAR=2048/4095
[libx264 @ 0x61a83b9cf9c0] using cpu capabilities: MMX2 SSE2Fast SSSE3 SSE4.2 AVX FMA3 BMI2 AVX2
[libx264 @ 0x61a83b9cf9c0] profile High, level 4.0, 4:2:0, 8-bit
[libx264 @ 0x61a83b9cf9c0] 264 - core 164 r3108 31e19f9 - H.264/MPEG-4 AVC codec - Copyleft 2003-2023 - http://www.videolan.org/x264.html - options: cabac=1 ref=3 deblock=1:0:0 analyse=0x3:0x113 me=hex subme=7 psy=1 psy_rd=1.00:0.00 mixed_ref=1 me_range=16 chroma_me=1 trellis=1 8x8dct=1 cqm=0 deadzone=21,11 fast_pskip=1 chroma_qp_offset=-2 threads=30 lookahead_threads=5 sliced_threads=0 nr=0 decimate=1 interlaced=0 bluray_compat=0 constrained_intra=0 bframes=3 b_pyramid=2 b_adapt=1 b_bias=0 direct=1 weightb=1 open_gop=0 weightp=2 keyint=250 keyint_min=25 scenecut=40 intra_refresh=0 rc_lookahead=40 rc=crf mbtree=1 crf=23.0 qcomp=0.60 qpmin=0 qpmax=69 qpstep=4 ip_ratio=1.40 aq=1:1.00
Output #0, mp4, to './src/test/resources/output/translation/tempVideo/200.mp4':
  Metadata:
    encoder         : Lavf61.1.100
  Stream #0:0: Video: h264 (avc1 / 0x31637661), yuvj420p(pc, progressive), 2048x1024 [SAR 4501:9000 DAR 4501:4500], q=2-31, 25 fps, 12800 tbn
      Metadata:
        encoder         : Lavc61.3.100 libx264
      Side data:
        cpb: bitrate max/min/avg: 0/0/0 buffer size: 0 vbv_delay: N/A
[out#0/mp4 @ 0x61a83b9d7380] video:32KiB audio:0KiB subtitle:0KiB other streams:0KiB global headers:0KiB muxing overhead: 2.915265%
frame=    6 fps=0.0 q=-1.0 Lsize=      33KiB time=00:00:00.16 bitrate=1682.2kbits/s dup=0 drop=19 speed=0.676x    
[libx264 @ 0x61a83b9cf9c0] frame I:1     Avg QP:18.37  size: 30328
[libx264 @ 0x61a83b9cf9c0] frame P:2     Avg QP:21.20  size:   468
[libx264 @ 0x61a83b9cf9c0] frame B:3     Avg QP:21.45  size:   245
[libx264 @ 0x61a83b9cf9c0] consecutive B-frames: 33.3%  0.0%  0.0% 66.7%
[libx264 @ 0x61a83b9cf9c0] mb I  I16..4: 25.5% 64.0% 10.4%
[libx264 @ 0x61a83b9cf9c0] mb P  I16..4:  0.1%  0.1%  0.0%  P16..4:  1.2%  0.2%  0.0%  0.0%  0.0%    skip:98.3%
[libx264 @ 0x61a83b9cf9c0] mb B  I16..4:  0.0%  0.0%  0.0%  B16..8:  1.2%  0.1%  0.0%  direct: 0.0%  skip:98.7%  L0:32.0% L1:65.6% BI: 2.5%
[libx264 @ 0x61a83b9cf9c0] 8x8 transform intra:63.9% inter:35.7%
[libx264 @ 0x61a83b9cf9c0] coded y,uvDC,uvAC intra: 6.0% 10.2% 9.1% inter: 0.1% 0.0% 0.0%
[libx264 @ 0x61a83b9cf9c0] i16 v,h,dc,p: 88% 12%  1%  0%
[libx264 @ 0x61a83b9cf9c0] i8 v,h,dc,ddl,ddr,vr,hd,vl,hu: 57%  9% 33%  0%  0%  0%  0%  0%  0%
[libx264 @ 0x61a83b9cf9c0] i4 v,h,dc,ddl,ddr,vr,hd,vl,hu: 40% 30% 10%  4%  2%  2%  4%  4%  5%
[libx264 @ 0x61a83b9cf9c0] i8c dc,h,v,p: 82%  9%  8%  1%
[libx264 @ 0x61a83b9cf9c0] Weighted P-Frames: Y:0.0% UV:0.0%
[libx264 @ 0x61a83b9cf9c0] ref P L0: 93.2%  0.0%  2.7%  4.2%
[libx264 @ 0x61a83b9cf9c0] ref B L0: 81.3% 18.7%
[libx264 @ 0x61a83b9cf9c0] ref B L1: 97.2%  2.8%
[libx264 @ 0x61a83b9cf9c0] kb/s:1066.67
ffmpeg version 7.0.2-3ubuntu1 Copyright (c) 2000-2024 the FFmpeg developers
  built with gcc 14 (Ubuntu 14.2.0-2ubuntu1)
  configuration: --prefix=/usr --extra-version=3ubuntu1 --toolchain=hardened --libdir=/usr/lib/x86_64-linux-gnu --incdir=/usr/include/x86_64-linux-gnu --arch=amd64 --enable-gpl --disable-stripping --disable-libmfx --disable-omx --enable-gnutls --enable-libaom --enable-libass --enable-libbs2b --enable-libcdio --enable-libcodec2 --enable-libdav1d --enable-libflite --enable-libfontconfig --enable-libfreetype --enable-libfribidi --enable-libglslang --enable-libgme --enable-libgsm --enable-libharfbuzz --enable-libmp3lame --enable-libmysofa --enable-libopenjpeg --enable-libopenmpt --enable-libopus --enable-librubberband --enable-libshine --enable-libsnappy --enable-libsoxr --enable-libspeex --enable-libtheora --enable-libtwolame --enable-libvidstab --enable-libvorbis --enable-libvpx --enable-libwebp --enable-libx265 --enable-libxml2 --enable-libxvid --enable-libzimg --enable-openal --enable-opencl --enable-opengl --disable-sndio --enable-libvpl --enable-libdc1394 --enable-libdrm --enable-libiec61883 --enable-chromaprint --enable-frei0r --enable-ladspa --enable-libbluray --enable-libcaca --enable-libdvdnav --enable-libdvdread --enable-libjack --enable-libpulse --enable-librabbitmq --enable-librist --enable-libsrt --enable-libssh --enable-libsvtav1 --enable-libx264 --enable-libzmq --enable-libzvbi --enable-lv2 --enable-sdl2 --enable-libplacebo --enable-librav1e --enable-pocketsphinx --enable-librsvg --enable-libjxl --enable-shared
  libavutil      59.  8.100 / 59.  8.100
  libavcodec     61.  3.100 / 61.  3.100
  libavformat    61.  1.100 / 61.  1.100
  libavdevice    61.  1.100 / 61.  1.100
  libavfilter    10.  1.100 / 10.  1.100
  libswscale      8.  1.100 /  8.  1.100
  libswresample   5.  1.100 /  5.  1.100
  libpostproc    58.  1.100 / 58.  1.100
Input #0, concat, from '/home/marco-lasagna/Scaricati/ffmpeg-java/inputFile.txt':
  Duration: N/A, start: 0.000000, bitrate: N/A
  Stream #0:0: Video: mjpeg (Baseline), yuvj420p(pc, bt470bg/unknown/unknown), 4501x4500 [SAR 1:1 DAR 4501:4500], 25 fps, 25 tbr, 25 tbn
Stream mapping:
  Stream #0:0 -> #0:0 (mjpeg (native) -> h264 (libx264))
Press [q] to stop, [?] for help
[swscaler @ 0x7b50a0016b00] deprecated pixel format used, make sure you did set range correctly
    Last message repeated 1 times
[swscaler @ 0x7b50a0b407c0] deprecated pixel format used, make sure you did set range correctly
    Last message repeated 1 times
[vost#0:0/libx264 @ 0x594b851be600] No information about the input framerate is available. Falling back to a default value of 25fps. Use the -r option if you want a different framerate.
[libx264 @ 0x594b851b49c0] using SAR=2048/4095
[libx264 @ 0x594b851b49c0] using cpu capabilities: MMX2 SSE2Fast SSSE3 SSE4.2 AVX FMA3 BMI2 AVX2
[libx264 @ 0x594b851b49c0] profile High, level 4.0, 4:2:0, 8-bit
[libx264 @ 0x594b851b49c0] 264 - core 164 r3108 31e19f9 - H.264/MPEG-4 AVC codec - Copyleft 2003-2023 - http://www.videolan.org/x264.html - options: cabac=1 ref=3 deblock=1:0:0 analyse=0x3:0x113 me=hex subme=7 psy=1 psy_rd=1.00:0.00 mixed_ref=1 me_range=16 chroma_me=1 trellis=1 8x8dct=1 cqm=0 deadzone=21,11 fast_pskip=1 chroma_qp_offset=-2 threads=30 lookahead_threads=5 sliced_threads=0 nr=0 decimate=1 interlaced=0 bluray_compat=0 constrained_intra=0 bframes=3 b_pyramid=2 b_adapt=1 b_bias=0 direct=1 weightb=1 open_gop=0 weightp=2 keyint=250 keyint_min=25 scenecut=40 intra_refresh=0 rc_lookahead=40 rc=crf mbtree=1 crf=23.0 qcomp=0.60 qpmin=0 qpmax=69 qpstep=4 ip_ratio=1.40 aq=1:1.00
Output #0, mp4, to './src/test/resources/output/translation/tempVideo/210.mp4':
  Metadata:
    encoder         : Lavf61.1.100
  Stream #0:0: Video: h264 (avc1 / 0x31637661), yuvj420p(pc, progressive), 2048x1024 [SAR 4501:9000 DAR 4501:4500], q=2-31, 25 fps, 12800 tbn
      Metadata:
        encoder         : Lavc61.3.100 libx264
      Side data:
        cpb: bitrate max/min/avg: 0/0/0 buffer size: 0 vbv_delay: N/A
[out#0/mp4 @ 0x594b851bc380] video:32KiB audio:0KiB subtitle:0KiB other streams:0KiB global headers:0KiB muxing overhead: 2.920536%
frame=    6 fps=0.0 q=-1.0 Lsize=      33KiB time=00:00:00.16 bitrate=1679.2kbits/s dup=0 drop=19 speed=0.625x    
[libx264 @ 0x594b851b49c0] frame I:1     Avg QP:18.54  size: 30305
[libx264 @ 0x594b851b49c0] frame P:2     Avg QP:17.52  size:   415
[libx264 @ 0x594b851b49c0] frame B:3     Avg QP:24.02  size:   269
[libx264 @ 0x594b851b49c0] consecutive B-frames: 33.3%  0.0%  0.0% 66.7%
[libx264 @ 0x594b851b49c0] mb I  I16..4: 17.2% 72.3% 10.4%
[libx264 @ 0x594b851b49c0] mb P  I16..4:  0.1%  0.1%  0.0%  P16..4:  1.2%  0.2%  0.0%  0.0%  0.0%    skip:98.3%
[libx264 @ 0x594b851b49c0] mb B  I16..4:  0.0%  0.0%  0.0%  B16..8:  1.3%  0.1%  0.0%  direct: 0.0%  skip:98.6%  L0:57.3% L1:40.7% BI: 2.1%
[libx264 @ 0x594b851b49c0] 8x8 transform intra:72.2% inter:35.7%
[libx264 @ 0x594b851b49c0] coded y,uvDC,uvAC intra: 6.0% 10.2% 9.1% inter: 0.1% 0.0% 0.0%
[libx264 @ 0x594b851b49c0] i16 v,h,dc,p: 82% 17%  1%  0%
[libx264 @ 0x594b851b49c0] i8 v,h,dc,ddl,ddr,vr,hd,vl,hu: 44%  7% 49%  0%  0%  0%  0%  0%  0%
[libx264 @ 0x594b851b49c0] i4 v,h,dc,ddl,ddr,vr,hd,vl,hu: 39% 30% 10%  4%  2%  2%  4%  4%  5%
[libx264 @ 0x594b851b49c0] i8c dc,h,v,p: 82%  9%  8%  1%
[libx264 @ 0x594b851b49c0] Weighted P-Frames: Y:0.0% UV:0.0%
[libx264 @ 0x594b851b49c0] ref P L0: 91.2%  0.2%  2.1%  6.4%
[libx264 @ 0x594b851b49c0] ref B L0: 90.2%  9.8%
[libx264 @ 0x594b851b49c0] ref B L1: 93.1%  6.9%
[libx264 @ 0x594b851b49c0] kb/s:1064.70
ffmpeg version 7.0.2-3ubuntu1 Copyright (c) 2000-2024 the FFmpeg developers
  built with gcc 14 (Ubuntu 14.2.0-2ubuntu1)
  configuration: --prefix=/usr --extra-version=3ubuntu1 --toolchain=hardened --libdir=/usr/lib/x86_64-linux-gnu --incdir=/usr/include/x86_64-linux-gnu --arch=amd64 --enable-gpl --disable-stripping --disable-libmfx --disable-omx --enable-gnutls --enable-libaom --enable-libass --enable-libbs2b --enable-libcdio --enable-libcodec2 --enable-libdav1d --enable-libflite --enable-libfontconfig --enable-libfreetype --enable-libfribidi --enable-libglslang --enable-libgme --enable-libgsm --enable-libharfbuzz --enable-libmp3lame --enable-libmysofa --enable-libopenjpeg --enable-libopenmpt --enable-libopus --enable-librubberband --enable-libshine --enable-libsnappy --enable-libsoxr --enable-libspeex --enable-libtheora --enable-libtwolame --enable-libvidstab --enable-libvorbis --enable-libvpx --enable-libwebp --enable-libx265 --enable-libxml2 --enable-libxvid --enable-libzimg --enable-openal --enable-opencl --enable-opengl --disable-sndio --enable-libvpl --enable-libdc1394 --enable-libdrm --enable-libiec61883 --enable-chromaprint --enable-frei0r --enable-ladspa --enable-libbluray --enable-libcaca --enable-libdvdnav --enable-libdvdread --enable-libjack --enable-libpulse --enable-librabbitmq --enable-librist --enable-libsrt --enable-libssh --enable-libsvtav1 --enable-libx264 --enable-libzmq --enable-libzvbi --enable-lv2 --enable-sdl2 --enable-libplacebo --enable-librav1e --enable-pocketsphinx --enable-librsvg --enable-libjxl --enable-shared
  libavutil      59.  8.100 / 59.  8.100
  libavcodec     61.  3.100 / 61.  3.100
  libavformat    61.  1.100 / 61.  1.100
  libavdevice    61.  1.100 / 61.  1.100
  libavfilter    10.  1.100 / 10.  1.100
  libswscale      8.  1.100 /  8.  1.100
  libswresample   5.  1.100 /  5.  1.100
  libpostproc    58.  1.100 / 58.  1.100
Input #0, concat, from '/home/marco-lasagna/Scaricati/ffmpeg-java/inputFile.txt':
  Duration: N/A, start: 0.000000, bitrate: N/A
  Stream #0:0: Video: mjpeg (Baseline), yuvj420p(pc, bt470bg/unknown/unknown), 4501x4500 [SAR 1:1 DAR 4501:4500], 25 fps, 25 tbr, 25 tbn
Stream mapping:
  Stream #0:0 -> #0:0 (mjpeg (native) -> h264 (libx264))
Press [q] to stop, [?] for help
[swscaler @ 0x7d438c016b00] deprecated pixel format used, make sure you did set range correctly
    Last message repeated 1 times
[swscaler @ 0x7d438cb407c0] deprecated pixel format used, make sure you did set range correctly
    Last message repeated 1 times
[vost#0:0/libx264 @ 0x61fcb884a600] No information about the input framerate is available. Falling back to a default value of 25fps. Use the -r option if you want a different framerate.
[libx264 @ 0x61fcb88409c0] using SAR=2048/4095
[libx264 @ 0x61fcb88409c0] using cpu capabilities: MMX2 SSE2Fast SSSE3 SSE4.2 AVX FMA3 BMI2 AVX2
[libx264 @ 0x61fcb88409c0] profile High, level 4.0, 4:2:0, 8-bit
[libx264 @ 0x61fcb88409c0] 264 - core 164 r3108 31e19f9 - H.264/MPEG-4 AVC codec - Copyleft 2003-2023 - http://www.videolan.org/x264.html - options: cabac=1 ref=3 deblock=1:0:0 analyse=0x3:0x113 me=hex subme=7 psy=1 psy_rd=1.00:0.00 mixed_ref=1 me_range=16 chroma_me=1 trellis=1 8x8dct=1 cqm=0 deadzone=21,11 fast_pskip=1 chroma_qp_offset=-2 threads=30 lookahead_threads=5 sliced_threads=0 nr=0 decimate=1 interlaced=0 bluray_compat=0 constrained_intra=0 bframes=3 b_pyramid=2 b_adapt=1 b_bias=0 direct=1 weightb=1 open_gop=0 weightp=2 keyint=250 keyint_min=25 scenecut=40 intra_refresh=0 rc_lookahead=40 rc=crf mbtree=1 crf=23.0 qcomp=0.60 qpmin=0 qpmax=69 qpstep=4 ip_ratio=1.40 aq=1:1.00
Output #0, mp4, to './src/test/resources/output/translation/tempVideo/220.mp4':
  Metadata:
    encoder         : Lavf61.1.100
  Stream #0:0: Video: h264 (avc1 / 0x31637661), yuvj420p(pc, progressive), 2048x1024 [SAR 4501:9000 DAR 4501:4500], q=2-31, 25 fps, 12800 tbn
      Metadata:
        encoder         : Lavc61.3.100 libx264
      Side data:
        cpb: bitrate max/min/avg: 0/0/0 buffer size: 0 vbv_delay: N/A
[out#0/mp4 @ 0x61fcb8848380] video:32KiB audio:0KiB subtitle:0KiB other streams:0KiB global headers:0KiB muxing overhead: 2.915443%
frame=    6 fps=0.0 q=-1.0 Lsize=      33KiB time=00:00:00.16 bitrate=1682.0kbits/s dup=0 drop=19 speed=0.664x    
[libx264 @ 0x61fcb88409c0] frame I:1     Avg QP:18.67  size: 30331
[libx264 @ 0x61fcb88409c0] frame P:2     Avg QP:19.46  size:   440
[libx264 @ 0x61fcb88409c0] frame B:3     Avg QP:27.55  size:   262
[libx264 @ 0x61fcb88409c0] consecutive B-frames: 33.3%  0.0%  0.0% 66.7%
[libx264 @ 0x61fcb88409c0] mb I  I16..4: 17.1% 72.4% 10.5%
[libx264 @ 0x61fcb88409c0] mb P  I16..4:  0.1%  0.1%  0.0%  P16..4:  1.2%  0.2%  0.0%  0.0%  0.0%    skip:98.3%
[libx264 @ 0x61fcb88409c0] mb B  I16..4:  0.0%  0.0%  0.0%  B16..8:  1.2%  0.1%  0.0%  direct: 0.0%  skip:98.6%  L0:36.4% L1:61.8% BI: 1.8%
[libx264 @ 0x61fcb88409c0] 8x8 transform intra:72.4% inter:23.7%
[libx264 @ 0x61fcb88409c0] coded y,uvDC,uvAC intra: 6.0% 10.2% 9.1% inter: 0.1% 0.0% 0.0%
[libx264 @ 0x61fcb88409c0] i16 v,h,dc,p: 82% 16%  1%  0%
[libx264 @ 0x61fcb88409c0] i8 v,h,dc,ddl,ddr,vr,hd,vl,hu: 44%  7% 49%  0%  0%  0%  0%  0%  0%
[libx264 @ 0x61fcb88409c0] i4 v,h,dc,ddl,ddr,vr,hd,vl,hu: 40% 30%  9%  4%  2%  2%  4%  4%  5%
[libx264 @ 0x61fcb88409c0] i8c dc,h,v,p: 82%  9%  8%  1%
[libx264 @ 0x61fcb88409c0] Weighted P-Frames: Y:0.0% UV:0.0%
[libx264 @ 0x61fcb88409c0] ref P L0: 93.3%  0.0%  2.2%  4.5%
[libx264 @ 0x61fcb88409c0] ref B L0: 84.8% 15.2%
[libx264 @ 0x61fcb88409c0] ref B L1: 97.1%  2.9%
[libx264 @ 0x61fcb88409c0] kb/s:1066.60
ffmpeg version 7.0.2-3ubuntu1 Copyright (c) 2000-2024 the FFmpeg developers
  built with gcc 14 (Ubuntu 14.2.0-2ubuntu1)
  configuration: --prefix=/usr --extra-version=3ubuntu1 --toolchain=hardened --libdir=/usr/lib/x86_64-linux-gnu --incdir=/usr/include/x86_64-linux-gnu --arch=amd64 --enable-gpl --disable-stripping --disable-libmfx --disable-omx --enable-gnutls --enable-libaom --enable-libass --enable-libbs2b --enable-libcdio --enable-libcodec2 --enable-libdav1d --enable-libflite --enable-libfontconfig --enable-libfreetype --enable-libfribidi --enable-libglslang --enable-libgme --enable-libgsm --enable-libharfbuzz --enable-libmp3lame --enable-libmysofa --enable-libopenjpeg --enable-libopenmpt --enable-libopus --enable-librubberband --enable-libshine --enable-libsnappy --enable-libsoxr --enable-libspeex --enable-libtheora --enable-libtwolame --enable-libvidstab --enable-libvorbis --enable-libvpx --enable-libwebp --enable-libx265 --enable-libxml2 --enable-libxvid --enable-libzimg --enable-openal --enable-opencl --enable-opengl --disable-sndio --enable-libvpl --enable-libdc1394 --enable-libdrm --enable-libiec61883 --enable-chromaprint --enable-frei0r --enable-ladspa --enable-libbluray --enable-libcaca --enable-libdvdnav --enable-libdvdread --enable-libjack --enable-libpulse --enable-librabbitmq --enable-librist --enable-libsrt --enable-libssh --enable-libsvtav1 --enable-libx264 --enable-libzmq --enable-libzvbi --enable-lv2 --enable-sdl2 --enable-libplacebo --enable-librav1e --enable-pocketsphinx --enable-librsvg --enable-libjxl --enable-shared
  libavutil      59.  8.100 / 59.  8.100
  libavcodec     61.  3.100 / 61.  3.100
  libavformat    61.  1.100 / 61.  1.100
  libavdevice    61.  1.100 / 61.  1.100
  libavfilter    10.  1.100 / 10.  1.100
  libswscale      8.  1.100 /  8.  1.100
  libswresample   5.  1.100 /  5.  1.100
  libpostproc    58.  1.100 / 58.  1.100
Input #0, concat, from '/home/marco-lasagna/Scaricati/ffmpeg-java/inputFile.txt':
  Duration: N/A, start: 0.000000, bitrate: N/A
  Stream #0:0: Video: mjpeg (Baseline), yuvj420p(pc, bt470bg/unknown/unknown), 4501x4500 [SAR 1:1 DAR 4501:4500], 25 fps, 25 tbr, 25 tbn
Stream mapping:
  Stream #0:0 -> #0:0 (mjpeg (native) -> h264 (libx264))
Press [q] to stop, [?] for help
[swscaler @ 0x747f68016b00] deprecated pixel format used, make sure you did set range correctly
    Last message repeated 1 times
[swscaler @ 0x747f68b407c0] deprecated pixel format used, make sure you did set range correctly
    Last message repeated 1 times
[vost#0:0/libx264 @ 0x5b8577268600] No information about the input framerate is available. Falling back to a default value of 25fps. Use the -r option if you want a different framerate.
[libx264 @ 0x5b857725e9c0] using SAR=2048/4095
[libx264 @ 0x5b857725e9c0] using cpu capabilities: MMX2 SSE2Fast SSSE3 SSE4.2 AVX FMA3 BMI2 AVX2
[libx264 @ 0x5b857725e9c0] profile High, level 4.0, 4:2:0, 8-bit
[libx264 @ 0x5b857725e9c0] 264 - core 164 r3108 31e19f9 - H.264/MPEG-4 AVC codec - Copyleft 2003-2023 - http://www.videolan.org/x264.html - options: cabac=1 ref=3 deblock=1:0:0 analyse=0x3:0x113 me=hex subme=7 psy=1 psy_rd=1.00:0.00 mixed_ref=1 me_range=16 chroma_me=1 trellis=1 8x8dct=1 cqm=0 deadzone=21,11 fast_pskip=1 chroma_qp_offset=-2 threads=30 lookahead_threads=5 sliced_threads=0 nr=0 decimate=1 interlaced=0 bluray_compat=0 constrained_intra=0 bframes=3 b_pyramid=2 b_adapt=1 b_bias=0 direct=1 weightb=1 open_gop=0 weightp=2 keyint=250 keyint_min=25 scenecut=40 intra_refresh=0 rc_lookahead=40 rc=crf mbtree=1 crf=23.0 qcomp=0.60 qpmin=0 qpmax=69 qpstep=4 ip_ratio=1.40 aq=1:1.00
Output #0, mp4, to './src/test/resources/output/translation/tempVideo/230.mp4':
  Metadata:
    encoder         : Lavf61.1.100
  Stream #0:0: Video: h264 (avc1 / 0x31637661), yuvj420p(pc, progressive), 2048x1024 [SAR 4501:9000 DAR 4501:4500], q=2-31, 25 fps, 12800 tbn
      Metadata:
        encoder         : Lavc61.3.100 libx264
      Side data:
        cpb: bitrate max/min/avg: 0/0/0 buffer size: 0 vbv_delay: N/A
[out#0/mp4 @ 0x5b8577266380] video:32KiB audio:0KiB subtitle:0KiB other streams:0KiB global headers:0KiB muxing overhead: 2.913749%
frame=    6 fps=0.0 q=-1.0 Lsize=      33KiB time=00:00:00.16 bitrate=1683.0kbits/s dup=0 drop=19 speed=0.664x    
[libx264 @ 0x5b857725e9c0] frame I:1     Avg QP:18.37  size: 30299
[libx264 @ 0x5b857725e9c0] frame P:2     Avg QP:16.97  size:   463
[libx264 @ 0x5b857725e9c0] frame B:3     Avg QP:23.77  size:   264
[libx264 @ 0x5b857725e9c0] consecutive B-frames: 33.3%  0.0%  0.0% 66.7%
[libx264 @ 0x5b857725e9c0] mb I  I16..4: 16.8% 72.8% 10.4%
[libx264 @ 0x5b857725e9c0] mb P  I16..4:  0.2%  0.2%  0.0%  P16..4:  0.9%  0.1%  0.1%  0.0%  0.0%    skip:98.6%
[libx264 @ 0x5b857725e9c0] mb B  I16..4:  0.0%  0.0%  0.0%  B16..8:  1.4%  0.1%  0.0%  direct: 0.0%  skip:98.4%  L0:41.0% L1:56.7% BI: 2.3%
[libx264 @ 0x5b857725e9c0] 8x8 transform intra:72.6% inter:47.5%
[libx264 @ 0x5b857725e9c0] coded y,uvDC,uvAC intra: 6.0% 10.2% 9.1% inter: 0.1% 0.0% 0.0%
[libx264 @ 0x5b857725e9c0] i16 v,h,dc,p: 81% 18%  1%  0%
[libx264 @ 0x5b857725e9c0] i8 v,h,dc,ddl,ddr,vr,hd,vl,hu: 55% 10% 34%  0%  0%  0%  0%  0%  0%
[libx264 @ 0x5b857725e9c0] i4 v,h,dc,ddl,ddr,vr,hd,vl,hu: 39% 30% 10%  4%  2%  2%  4%  4%  5%
[libx264 @ 0x5b857725e9c0] i8c dc,h,v,p: 82%  9%  8%  1%
[libx264 @ 0x5b857725e9c0] Weighted P-Frames: Y:0.0% UV:0.0%
[libx264 @ 0x5b857725e9c0] ref P L0: 96.1%  1.1%  1.1%  1.7%
[libx264 @ 0x5b857725e9c0] ref B L0: 88.2% 11.8%
[libx264 @ 0x5b857725e9c0] ref B L1: 94.9%  5.1%
[libx264 @ 0x5b857725e9c0] kb/s:1067.23
ffmpeg version 7.0.2-3ubuntu1 Copyright (c) 2000-2024 the FFmpeg developers
  built with gcc 14 (Ubuntu 14.2.0-2ubuntu1)
  configuration: --prefix=/usr --extra-version=3ubuntu1 --toolchain=hardened --libdir=/usr/lib/x86_64-linux-gnu --incdir=/usr/include/x86_64-linux-gnu --arch=amd64 --enable-gpl --disable-stripping --disable-libmfx --disable-omx --enable-gnutls --enable-libaom --enable-libass --enable-libbs2b --enable-libcdio --enable-libcodec2 --enable-libdav1d --enable-libflite --enable-libfontconfig --enable-libfreetype --enable-libfribidi --enable-libglslang --enable-libgme --enable-libgsm --enable-libharfbuzz --enable-libmp3lame --enable-libmysofa --enable-libopenjpeg --enable-libopenmpt --enable-libopus --enable-librubberband --enable-libshine --enable-libsnappy --enable-libsoxr --enable-libspeex --enable-libtheora --enable-libtwolame --enable-libvidstab --enable-libvorbis --enable-libvpx --enable-libwebp --enable-libx265 --enable-libxml2 --enable-libxvid --enable-libzimg --enable-openal --enable-opencl --enable-opengl --disable-sndio --enable-libvpl --enable-libdc1394 --enable-libdrm --enable-libiec61883 --enable-chromaprint --enable-frei0r --enable-ladspa --enable-libbluray --enable-libcaca --enable-libdvdnav --enable-libdvdread --enable-libjack --enable-libpulse --enable-librabbitmq --enable-librist --enable-libsrt --enable-libssh --enable-libsvtav1 --enable-libx264 --enable-libzmq --enable-libzvbi --enable-lv2 --enable-sdl2 --enable-libplacebo --enable-librav1e --enable-pocketsphinx --enable-librsvg --enable-libjxl --enable-shared
  libavutil      59.  8.100 / 59.  8.100
  libavcodec     61.  3.100 / 61.  3.100
  libavformat    61.  1.100 / 61.  1.100
  libavdevice    61.  1.100 / 61.  1.100
  libavfilter    10.  1.100 / 10.  1.100
  libswscale      8.  1.100 /  8.  1.100
  libswresample   5.  1.100 /  5.  1.100
  libpostproc    58.  1.100 / 58.  1.100
Input #0, concat, from '/home/marco-lasagna/Scaricati/ffmpeg-java/inputFile.txt':
  Duration: N/A, start: 0.000000, bitrate: N/A
  Stream #0:0: Video: mjpeg (Baseline), yuvj420p(pc, bt470bg/unknown/unknown), 4501x4500 [SAR 1:1 DAR 4501:4500], 25 fps, 25 tbr, 25 tbn
Stream mapping:
  Stream #0:0 -> #0:0 (mjpeg (native) -> h264 (libx264))
Press [q] to stop, [?] for help
[swscaler @ 0x70c448016b00] deprecated pixel format used, make sure you did set range correctly
    Last message repeated 1 times
[swscaler @ 0x70c448b407c0] deprecated pixel format used, make sure you did set range correctly
    Last message repeated 1 times
[vost#0:0/libx264 @ 0x6303b3e14600] No information about the input framerate is available. Falling back to a default value of 25fps. Use the -r option if you want a different framerate.
[libx264 @ 0x6303b3e0a9c0] using SAR=2048/4095
[libx264 @ 0x6303b3e0a9c0] using cpu capabilities: MMX2 SSE2Fast SSSE3 SSE4.2 AVX FMA3 BMI2 AVX2
[libx264 @ 0x6303b3e0a9c0] profile High, level 4.0, 4:2:0, 8-bit
[libx264 @ 0x6303b3e0a9c0] 264 - core 164 r3108 31e19f9 - H.264/MPEG-4 AVC codec - Copyleft 2003-2023 - http://www.videolan.org/x264.html - options: cabac=1 ref=3 deblock=1:0:0 analyse=0x3:0x113 me=hex subme=7 psy=1 psy_rd=1.00:0.00 mixed_ref=1 me_range=16 chroma_me=1 trellis=1 8x8dct=1 cqm=0 deadzone=21,11 fast_pskip=1 chroma_qp_offset=-2 threads=30 lookahead_threads=5 sliced_threads=0 nr=0 decimate=1 interlaced=0 bluray_compat=0 constrained_intra=0 bframes=3 b_pyramid=2 b_adapt=1 b_bias=0 direct=1 weightb=1 open_gop=0 weightp=2 keyint=250 keyint_min=25 scenecut=40 intra_refresh=0 rc_lookahead=40 rc=crf mbtree=1 crf=23.0 qcomp=0.60 qpmin=0 qpmax=69 qpstep=4 ip_ratio=1.40 aq=1:1.00
Output #0, mp4, to './src/test/resources/output/translation/tempVideo/240.mp4':
  Metadata:
    encoder         : Lavf61.1.100
  Stream #0:0: Video: h264 (avc1 / 0x31637661), yuvj420p(pc, progressive), 2048x1024 [SAR 4501:9000 DAR 4501:4500], q=2-31, 25 fps, 12800 tbn
      Metadata:
        encoder         : Lavc61.3.100 libx264
      Side data:
        cpb: bitrate max/min/avg: 0/0/0 buffer size: 0 vbv_delay: N/A
[out#0/mp4 @ 0x6303b3e12380] video:32KiB audio:0KiB subtitle:0KiB other streams:0KiB global headers:0KiB muxing overhead: 2.919999%
frame=    6 fps=0.0 q=-1.0 Lsize=      33KiB time=00:00:00.16 bitrate=1679.5kbits/s dup=0 drop=19 speed=0.666x    
[libx264 @ 0x6303b3e0a9c0] frame I:1     Avg QP:18.39  size: 30301
[libx264 @ 0x6303b3e0a9c0] frame P:2     Avg QP:19.06  size:   423
[libx264 @ 0x6303b3e0a9c0] frame B:3     Avg QP:21.28  size:   267
[libx264 @ 0x6303b3e0a9c0] consecutive B-frames: 33.3%  0.0%  0.0% 66.7%
[libx264 @ 0x6303b3e0a9c0] mb I  I16..4: 16.7% 73.0% 10.3%
[libx264 @ 0x6303b3e0a9c0] mb P  I16..4:  0.1%  0.1%  0.0%  P16..4:  1.1%  0.1%  0.0%  0.0%  0.0%    skip:98.5%
[libx264 @ 0x6303b3e0a9c0] mb B  I16..4:  0.0%  0.0%  0.0%  B16..8:  1.1%  0.1%  0.0%  direct: 0.0%  skip:98.7%  L0:61.3% L1:36.7% BI: 2.1%
[libx264 @ 0x6303b3e0a9c0] 8x8 transform intra:72.9% inter:39.7%
[libx264 @ 0x6303b3e0a9c0] coded y,uvDC,uvAC intra: 6.0% 10.2% 9.1% inter: 0.1% 0.0% 0.0%
[libx264 @ 0x6303b3e0a9c0] i16 v,h,dc,p: 81% 17%  1%  0%
[libx264 @ 0x6303b3e0a9c0] i8 v,h,dc,ddl,ddr,vr,hd,vl,hu: 56% 10% 33%  0%  0%  0%  0%  0%  0%
[libx264 @ 0x6303b3e0a9c0] i4 v,h,dc,ddl,ddr,vr,hd,vl,hu: 40% 30%  9%  4%  2%  2%  4%  4%  5%
[libx264 @ 0x6303b3e0a9c0] i8c dc,h,v,p: 82%  9%  8%  1%
[libx264 @ 0x6303b3e0a9c0] Weighted P-Frames: Y:0.0% UV:0.0%
[libx264 @ 0x6303b3e0a9c0] ref P L0: 93.0%  0.5%  2.1%  4.4%
[libx264 @ 0x6303b3e0a9c0] ref B L0: 91.1%  8.9%
[libx264 @ 0x6303b3e0a9c0] ref B L1: 96.6%  3.4%
[libx264 @ 0x6303b3e0a9c0] kb/s:1064.90
ffmpeg version 7.0.2-3ubuntu1 Copyright (c) 2000-2024 the FFmpeg developers
  built with gcc 14 (Ubuntu 14.2.0-2ubuntu1)
  configuration: --prefix=/usr --extra-version=3ubuntu1 --toolchain=hardened --libdir=/usr/lib/x86_64-linux-gnu --incdir=/usr/include/x86_64-linux-gnu --arch=amd64 --enable-gpl --disable-stripping --disable-libmfx --disable-omx --enable-gnutls --enable-libaom --enable-libass --enable-libbs2b --enable-libcdio --enable-libcodec2 --enable-libdav1d --enable-libflite --enable-libfontconfig --enable-libfreetype --enable-libfribidi --enable-libglslang --enable-libgme --enable-libgsm --enable-libharfbuzz --enable-libmp3lame --enable-libmysofa --enable-libopenjpeg --enable-libopenmpt --enable-libopus --enable-librubberband --enable-libshine --enable-libsnappy --enable-libsoxr --enable-libspeex --enable-libtheora --enable-libtwolame --enable-libvidstab --enable-libvorbis --enable-libvpx --enable-libwebp --enable-libx265 --enable-libxml2 --enable-libxvid --enable-libzimg --enable-openal --enable-opencl --enable-opengl --disable-sndio --enable-libvpl --enable-libdc1394 --enable-libdrm --enable-libiec61883 --enable-chromaprint --enable-frei0r --enable-ladspa --enable-libbluray --enable-libcaca --enable-libdvdnav --enable-libdvdread --enable-libjack --enable-libpulse --enable-librabbitmq --enable-librist --enable-libsrt --enable-libssh --enable-libsvtav1 --enable-libx264 --enable-libzmq --enable-libzvbi --enable-lv2 --enable-sdl2 --enable-libplacebo --enable-librav1e --enable-pocketsphinx --enable-librsvg --enable-libjxl --enable-shared
  libavutil      59.  8.100 / 59.  8.100
  libavcodec     61.  3.100 / 61.  3.100
  libavformat    61.  1.100 / 61.  1.100
  libavdevice    61.  1.100 / 61.  1.100
  libavfilter    10.  1.100 / 10.  1.100
  libswscale      8.  1.100 /  8.  1.100
  libswresample   5.  1.100 /  5.  1.100
  libpostproc    58.  1.100 / 58.  1.100
Input #0, concat, from '/home/marco-lasagna/Scaricati/ffmpeg-java/inputFile.txt':
  Duration: N/A, start: 0.000000, bitrate: N/A
  Stream #0:0: Video: mjpeg (Baseline), yuvj420p(pc, bt470bg/unknown/unknown), 4501x4500 [SAR 1:1 DAR 4501:4500], 25 fps, 25 tbr, 25 tbn
Stream mapping:
  Stream #0:0 -> #0:0 (mjpeg (native) -> h264 (libx264))
Press [q] to stop, [?] for help
[swscaler @ 0x72dc04016b00] deprecated pixel format used, make sure you did set range correctly
    Last message repeated 1 times
[swscaler @ 0x72dc04b407c0] deprecated pixel format used, make sure you did set range correctly
    Last message repeated 1 times
[vost#0:0/libx264 @ 0x62d8800d8600] No information about the input framerate is available. Falling back to a default value of 25fps. Use the -r option if you want a different framerate.
[libx264 @ 0x62d8800ce9c0] using SAR=2048/4095
[libx264 @ 0x62d8800ce9c0] using cpu capabilities: MMX2 SSE2Fast SSSE3 SSE4.2 AVX FMA3 BMI2 AVX2
[libx264 @ 0x62d8800ce9c0] profile High, level 4.0, 4:2:0, 8-bit
[libx264 @ 0x62d8800ce9c0] 264 - core 164 r3108 31e19f9 - H.264/MPEG-4 AVC codec - Copyleft 2003-2023 - http://www.videolan.org/x264.html - options: cabac=1 ref=3 deblock=1:0:0 analyse=0x3:0x113 me=hex subme=7 psy=1 psy_rd=1.00:0.00 mixed_ref=1 me_range=16 chroma_me=1 trellis=1 8x8dct=1 cqm=0 deadzone=21,11 fast_pskip=1 chroma_qp_offset=-2 threads=30 lookahead_threads=5 sliced_threads=0 nr=0 decimate=1 interlaced=0 bluray_compat=0 constrained_intra=0 bframes=3 b_pyramid=2 b_adapt=1 b_bias=0 direct=1 weightb=1 open_gop=0 weightp=2 keyint=250 keyint_min=25 scenecut=40 intra_refresh=0 rc_lookahead=40 rc=crf mbtree=1 crf=23.0 qcomp=0.60 qpmin=0 qpmax=69 qpstep=4 ip_ratio=1.40 aq=1:1.00
Output #0, mp4, to './src/test/resources/output/translation/tempVideo/250.mp4':
  Metadata:
    encoder         : Lavf61.1.100
  Stream #0:0: Video: h264 (avc1 / 0x31637661), yuvj420p(pc, progressive), 2048x1024 [SAR 4501:9000 DAR 4501:4500], q=2-31, 25 fps, 12800 tbn
      Metadata:
        encoder         : Lavc61.3.100 libx264
      Side data:
        cpb: bitrate max/min/avg: 0/0/0 buffer size: 0 vbv_delay: N/A
[out#0/mp4 @ 0x62d8800d6380] video:32KiB audio:0KiB subtitle:0KiB other streams:0KiB global headers:0KiB muxing overhead: 2.907083%
frame=    6 fps=0.0 q=-1.0 Lsize=      33KiB time=00:00:00.16 bitrate=1686.8kbits/s dup=0 drop=19 speed=0.66x    
[libx264 @ 0x62d8800ce9c0] frame I:1     Avg QP:18.70  size: 30273
[libx264 @ 0x62d8800ce9c0] frame P:2     Avg QP:17.84  size:   457
[libx264 @ 0x62d8800ce9c0] frame B:3     Avg QP:24.65  size:   302
[libx264 @ 0x62d8800ce9c0] consecutive B-frames: 33.3%  0.0%  0.0% 66.7%
[libx264 @ 0x62d8800ce9c0] mb I  I16..4: 25.9% 63.8% 10.4%
[libx264 @ 0x62d8800ce9c0] mb P  I16..4:  0.1%  0.1%  0.0%  P16..4:  1.3%  0.1%  0.0%  0.0%  0.0%    skip:98.3%
[libx264 @ 0x62d8800ce9c0] mb B  I16..4:  0.0%  0.0%  0.0%  B16..8:  1.4%  0.1%  0.0%  direct: 0.0%  skip:98.4%  L0:25.8% L1:72.9% BI: 1.4%
[libx264 @ 0x62d8800ce9c0] 8x8 transform intra:63.7% inter:32.9%
[libx264 @ 0x62d8800ce9c0] coded y,uvDC,uvAC intra: 6.0% 10.2% 9.1% inter: 0.1% 0.0% 0.0%
[libx264 @ 0x62d8800ce9c0] i16 v,h,dc,p: 88% 11%  1%  0%
[libx264 @ 0x62d8800ce9c0] i8 v,h,dc,ddl,ddr,vr,hd,vl,hu: 49%  5% 46%  0%  0%  0%  0%  0%  0%
[libx264 @ 0x62d8800ce9c0] i4 v,h,dc,ddl,ddr,vr,hd,vl,hu: 39% 30%  9%  4%  2%  2%  4%  4%  5%
[libx264 @ 0x62d8800ce9c0] i8c dc,h,v,p: 82%  9%  8%  1%
[libx264 @ 0x62d8800ce9c0] Weighted P-Frames: Y:0.0% UV:0.0%
[libx264 @ 0x62d8800ce9c0] ref P L0: 95.6%  0.4%  0.4%  3.5%
[libx264 @ 0x62d8800ce9c0] ref B L0: 85.6% 14.4%
[libx264 @ 0x62d8800ce9c0] ref B L1: 96.0%  4.0%
[libx264 @ 0x62d8800ce9c0] kb/s:1069.73
ffmpeg version 7.0.2-3ubuntu1 Copyright (c) 2000-2024 the FFmpeg developers
  built with gcc 14 (Ubuntu 14.2.0-2ubuntu1)
  configuration: --prefix=/usr --extra-version=3ubuntu1 --toolchain=hardened --libdir=/usr/lib/x86_64-linux-gnu --incdir=/usr/include/x86_64-linux-gnu --arch=amd64 --enable-gpl --disable-stripping --disable-libmfx --disable-omx --enable-gnutls --enable-libaom --enable-libass --enable-libbs2b --enable-libcdio --enable-libcodec2 --enable-libdav1d --enable-libflite --enable-libfontconfig --enable-libfreetype --enable-libfribidi --enable-libglslang --enable-libgme --enable-libgsm --enable-libharfbuzz --enable-libmp3lame --enable-libmysofa --enable-libopenjpeg --enable-libopenmpt --enable-libopus --enable-librubberband --enable-libshine --enable-libsnappy --enable-libsoxr --enable-libspeex --enable-libtheora --enable-libtwolame --enable-libvidstab --enable-libvorbis --enable-libvpx --enable-libwebp --enable-libx265 --enable-libxml2 --enable-libxvid --enable-libzimg --enable-openal --enable-opencl --enable-opengl --disable-sndio --enable-libvpl --enable-libdc1394 --enable-libdrm --enable-libiec61883 --enable-chromaprint --enable-frei0r --enable-ladspa --enable-libbluray --enable-libcaca --enable-libdvdnav --enable-libdvdread --enable-libjack --enable-libpulse --enable-librabbitmq --enable-librist --enable-libsrt --enable-libssh --enable-libsvtav1 --enable-libx264 --enable-libzmq --enable-libzvbi --enable-lv2 --enable-sdl2 --enable-libplacebo --enable-librav1e --enable-pocketsphinx --enable-librsvg --enable-libjxl --enable-shared
  libavutil      59.  8.100 / 59.  8.100
  libavcodec     61.  3.100 / 61.  3.100
  libavformat    61.  1.100 / 61.  1.100
  libavdevice    61.  1.100 / 61.  1.100
  libavfilter    10.  1.100 / 10.  1.100
  libswscale      8.  1.100 /  8.  1.100
  libswresample   5.  1.100 /  5.  1.100
  libpostproc    58.  1.100 / 58.  1.100
Input #0, concat, from '/home/marco-lasagna/Scaricati/ffmpeg-java/inputFile.txt':
  Duration: N/A, start: 0.000000, bitrate: N/A
  Stream #0:0: Video: mjpeg (Baseline), yuvj420p(pc, bt470bg/unknown/unknown), 4501x4500 [SAR 1:1 DAR 4501:4500], 25 fps, 25 tbr, 25 tbn
Stream mapping:
  Stream #0:0 -> #0:0 (mjpeg (native) -> h264 (libx264))
Press [q] to stop, [?] for help
[swscaler @ 0x781ed0016b00] deprecated pixel format used, make sure you did set range correctly
    Last message repeated 1 times
[swscaler @ 0x781ed0b407c0] deprecated pixel format used, make sure you did set range correctly
    Last message repeated 1 times
[vost#0:0/libx264 @ 0x56e577d99600] No information about the input framerate is available. Falling back to a default value of 25fps. Use the -r option if you want a different framerate.
[libx264 @ 0x56e577d8f9c0] using SAR=2048/4095
[libx264 @ 0x56e577d8f9c0] using cpu capabilities: MMX2 SSE2Fast SSSE3 SSE4.2 AVX FMA3 BMI2 AVX2
[libx264 @ 0x56e577d8f9c0] profile High, level 4.0, 4:2:0, 8-bit
[libx264 @ 0x56e577d8f9c0] 264 - core 164 r3108 31e19f9 - H.264/MPEG-4 AVC codec - Copyleft 2003-2023 - http://www.videolan.org/x264.html - options: cabac=1 ref=3 deblock=1:0:0 analyse=0x3:0x113 me=hex subme=7 psy=1 psy_rd=1.00:0.00 mixed_ref=1 me_range=16 chroma_me=1 trellis=1 8x8dct=1 cqm=0 deadzone=21,11 fast_pskip=1 chroma_qp_offset=-2 threads=30 lookahead_threads=5 sliced_threads=0 nr=0 decimate=1 interlaced=0 bluray_compat=0 constrained_intra=0 bframes=3 b_pyramid=2 b_adapt=1 b_bias=0 direct=1 weightb=1 open_gop=0 weightp=2 keyint=250 keyint_min=25 scenecut=40 intra_refresh=0 rc_lookahead=40 rc=crf mbtree=1 crf=23.0 qcomp=0.60 qpmin=0 qpmax=69 qpstep=4 ip_ratio=1.40 aq=1:1.00
Output #0, mp4, to './src/test/resources/output/translation/tempVideo/260.mp4':
  Metadata:
    encoder         : Lavf61.1.100
  Stream #0:0: Video: h264 (avc1 / 0x31637661), yuvj420p(pc, progressive), 2048x1024 [SAR 4501:9000 DAR 4501:4500], q=2-31, 25 fps, 12800 tbn
      Metadata:
        encoder         : Lavc61.3.100 libx264
      Side data:
        cpb: bitrate max/min/avg: 0/0/0 buffer size: 0 vbv_delay: N/A
[out#0/mp4 @ 0x56e577d97380] video:32KiB audio:0KiB subtitle:0KiB other streams:0KiB global headers:0KiB muxing overhead: 2.917406%
frame=    6 fps=0.0 q=-1.0 Lsize=      33KiB time=00:00:00.16 bitrate=1681.0kbits/s dup=0 drop=19 speed=0.669x    
[libx264 @ 0x56e577d8f9c0] frame I:1     Avg QP:18.59  size: 30223
[libx264 @ 0x56e577d8f9c0] frame P:2     Avg QP:17.96  size:   462
[libx264 @ 0x56e577d8f9c0] frame B:3     Avg QP:23.98  size:   277
[libx264 @ 0x56e577d8f9c0] consecutive B-frames: 33.3%  0.0%  0.0% 66.7%
[libx264 @ 0x56e577d8f9c0] mb I  I16..4: 16.7% 72.9% 10.4%
[libx264 @ 0x56e577d8f9c0] mb P  I16..4:  0.1%  0.2%  0.0%  P16..4:  1.3%  0.2%  0.0%  0.0%  0.0%    skip:98.2%
[libx264 @ 0x56e577d8f9c0] mb B  I16..4:  0.0%  0.0%  0.0%  B16..8:  1.4%  0.1%  0.0%  direct: 0.0%  skip:98.4%  L0:43.8% L1:53.3% BI: 2.9%
[libx264 @ 0x56e577d8f9c0] 8x8 transform intra:72.8% inter:32.4%
[libx264 @ 0x56e577d8f9c0] coded y,uvDC,uvAC intra: 6.0% 10.2% 9.1% inter: 0.1% 0.0% 0.0%
[libx264 @ 0x56e577d8f9c0] i16 v,h,dc,p: 82% 17%  1%  0%
[libx264 @ 0x56e577d8f9c0] i8 v,h,dc,ddl,ddr,vr,hd,vl,hu: 44%  7% 49%  0%  0%  0%  0%  0%  0%
[libx264 @ 0x56e577d8f9c0] i4 v,h,dc,ddl,ddr,vr,hd,vl,hu: 38% 30% 10%  4%  2%  2%  4%  4%  5%
[libx264 @ 0x56e577d8f9c0] i8c dc,h,v,p: 82%  9%  8%  1%
[libx264 @ 0x56e577d8f9c0] Weighted P-Frames: Y:0.0% UV:0.0%
[libx264 @ 0x56e577d8f9c0] ref P L0: 95.9%  0.9%  0.2%  3.0%
[libx264 @ 0x56e577d8f9c0] ref B L0: 93.8%  6.2%
[libx264 @ 0x56e577d8f9c0] ref B L1: 93.9%  6.1%
[libx264 @ 0x56e577d8f9c0] kb/s:1065.87
ffmpeg version 7.0.2-3ubuntu1 Copyright (c) 2000-2024 the FFmpeg developers
  built with gcc 14 (Ubuntu 14.2.0-2ubuntu1)
  configuration: --prefix=/usr --extra-version=3ubuntu1 --toolchain=hardened --libdir=/usr/lib/x86_64-linux-gnu --incdir=/usr/include/x86_64-linux-gnu --arch=amd64 --enable-gpl --disable-stripping --disable-libmfx --disable-omx --enable-gnutls --enable-libaom --enable-libass --enable-libbs2b --enable-libcdio --enable-libcodec2 --enable-libdav1d --enable-libflite --enable-libfontconfig --enable-libfreetype --enable-libfribidi --enable-libglslang --enable-libgme --enable-libgsm --enable-libharfbuzz --enable-libmp3lame --enable-libmysofa --enable-libopenjpeg --enable-libopenmpt --enable-libopus --enable-librubberband --enable-libshine --enable-libsnappy --enable-libsoxr --enable-libspeex --enable-libtheora --enable-libtwolame --enable-libvidstab --enable-libvorbis --enable-libvpx --enable-libwebp --enable-libx265 --enable-libxml2 --enable-libxvid --enable-libzimg --enable-openal --enable-opencl --enable-opengl --disable-sndio --enable-libvpl --enable-libdc1394 --enable-libdrm --enable-libiec61883 --enable-chromaprint --enable-frei0r --enable-ladspa --enable-libbluray --enable-libcaca --enable-libdvdnav --enable-libdvdread --enable-libjack --enable-libpulse --enable-librabbitmq --enable-librist --enable-libsrt --enable-libssh --enable-libsvtav1 --enable-libx264 --enable-libzmq --enable-libzvbi --enable-lv2 --enable-sdl2 --enable-libplacebo --enable-librav1e --enable-pocketsphinx --enable-librsvg --enable-libjxl --enable-shared
  libavutil      59.  8.100 / 59.  8.100
  libavcodec     61.  3.100 / 61.  3.100
  libavformat    61.  1.100 / 61.  1.100
  libavdevice    61.  1.100 / 61.  1.100
  libavfilter    10.  1.100 / 10.  1.100
  libswscale      8.  1.100 /  8.  1.100
  libswresample   5.  1.100 /  5.  1.100
  libpostproc    58.  1.100 / 58.  1.100
Input #0, concat, from '/home/marco-lasagna/Scaricati/ffmpeg-java/inputFile.txt':
  Duration: N/A, start: 0.000000, bitrate: N/A
  Stream #0:0: Video: mjpeg (Baseline), yuvj420p(pc, bt470bg/unknown/unknown), 4501x4500 [SAR 1:1 DAR 4501:4500], 25 fps, 25 tbr, 25 tbn
Stream mapping:
  Stream #0:0 -> #0:0 (mjpeg (native) -> h264 (libx264))
Press [q] to stop, [?] for help
[swscaler @ 0x7ae160016b00] deprecated pixel format used, make sure you did set range correctly
    Last message repeated 1 times
[swscaler @ 0x7ae160b407c0] deprecated pixel format used, make sure you did set range correctly
    Last message repeated 1 times
[vost#0:0/libx264 @ 0x5e72750fa600] No information about the input framerate is available. Falling back to a default value of 25fps. Use the -r option if you want a different framerate.
[libx264 @ 0x5e72750f09c0] using SAR=2048/4095
[libx264 @ 0x5e72750f09c0] using cpu capabilities: MMX2 SSE2Fast SSSE3 SSE4.2 AVX FMA3 BMI2 AVX2
[libx264 @ 0x5e72750f09c0] profile High, level 4.0, 4:2:0, 8-bit
[libx264 @ 0x5e72750f09c0] 264 - core 164 r3108 31e19f9 - H.264/MPEG-4 AVC codec - Copyleft 2003-2023 - http://www.videolan.org/x264.html - options: cabac=1 ref=3 deblock=1:0:0 analyse=0x3:0x113 me=hex subme=7 psy=1 psy_rd=1.00:0.00 mixed_ref=1 me_range=16 chroma_me=1 trellis=1 8x8dct=1 cqm=0 deadzone=21,11 fast_pskip=1 chroma_qp_offset=-2 threads=30 lookahead_threads=5 sliced_threads=0 nr=0 decimate=1 interlaced=0 bluray_compat=0 constrained_intra=0 bframes=3 b_pyramid=2 b_adapt=1 b_bias=0 direct=1 weightb=1 open_gop=0 weightp=2 keyint=250 keyint_min=25 scenecut=40 intra_refresh=0 rc_lookahead=40 rc=crf mbtree=1 crf=23.0 qcomp=0.60 qpmin=0 qpmax=69 qpstep=4 ip_ratio=1.40 aq=1:1.00
Output #0, mp4, to './src/test/resources/output/translation/tempVideo/270.mp4':
  Metadata:
    encoder         : Lavf61.1.100
  Stream #0:0: Video: h264 (avc1 / 0x31637661), yuvj420p(pc, progressive), 2048x1024 [SAR 4501:9000 DAR 4501:4500], q=2-31, 25 fps, 12800 tbn
      Metadata:
        encoder         : Lavc61.3.100 libx264
      Side data:
        cpb: bitrate max/min/avg: 0/0/0 buffer size: 0 vbv_delay: N/A
[out#0/mp4 @ 0x5e72750f8380] video:32KiB audio:0KiB subtitle:0KiB other streams:0KiB global headers:0KiB muxing overhead: 2.907261%
frame=    6 fps=0.0 q=-1.0 Lsize=      33KiB time=00:00:00.16 bitrate=1686.7kbits/s dup=0 drop=19 speed=0.646x    
[libx264 @ 0x5e72750f09c0] frame I:1     Avg QP:18.72  size: 30204
[libx264 @ 0x5e72750f09c0] frame P:2     Avg QP:17.77  size:   498
[libx264 @ 0x5e72750f09c0] frame B:3     Avg QP:30.91  size:   296
[libx264 @ 0x5e72750f09c0] consecutive B-frames: 33.3%  0.0%  0.0% 66.7%
[libx264 @ 0x5e72750f09c0] mb I  I16..4: 25.4% 64.1% 10.4%
[libx264 @ 0x5e72750f09c0] mb P  I16..4:  0.1%  0.1%  0.0%  P16..4:  1.3%  0.2%  0.1%  0.0%  0.0%    skip:98.2%
[libx264 @ 0x5e72750f09c0] mb B  I16..4:  0.0%  0.1%  0.0%  B16..8:  1.5%  0.1%  0.0%  direct: 0.0%  skip:98.3%  L0:43.3% L1:54.4% BI: 2.3%
[libx264 @ 0x5e72750f09c0] 8x8 transform intra:64.1% inter:17.5%
[libx264 @ 0x5e72750f09c0] coded y,uvDC,uvAC intra: 5.9% 10.2% 9.1% inter: 0.1% 0.0% 0.0%
[libx264 @ 0x5e72750f09c0] i16 v,h,dc,p: 88% 11%  1%  0%
[libx264 @ 0x5e72750f09c0] i8 v,h,dc,ddl,ddr,vr,hd,vl,hu: 62%  9% 29%  0%  0%  0%  0%  0%  0%
[libx264 @ 0x5e72750f09c0] i4 v,h,dc,ddl,ddr,vr,hd,vl,hu: 40% 30%  9%  4%  2%  2%  4%  4%  5%
[libx264 @ 0x5e72750f09c0] i8c dc,h,v,p: 82%  9%  8%  1%
[libx264 @ 0x5e72750f09c0] Weighted P-Frames: Y:0.0% UV:0.0%
[libx264 @ 0x5e72750f09c0] ref P L0: 95.1%  0.0%  0.0%  4.9%
[libx264 @ 0x5e72750f09c0] ref B L0: 87.3% 12.7%
[libx264 @ 0x5e72750f09c0] ref B L1: 92.5%  7.5%
[libx264 @ 0x5e72750f09c0] kb/s:1069.67
ffmpeg version 7.0.2-3ubuntu1 Copyright (c) 2000-2024 the FFmpeg developers
  built with gcc 14 (Ubuntu 14.2.0-2ubuntu1)
  configuration: --prefix=/usr --extra-version=3ubuntu1 --toolchain=hardened --libdir=/usr/lib/x86_64-linux-gnu --incdir=/usr/include/x86_64-linux-gnu --arch=amd64 --enable-gpl --disable-stripping --disable-libmfx --disable-omx --enable-gnutls --enable-libaom --enable-libass --enable-libbs2b --enable-libcdio --enable-libcodec2 --enable-libdav1d --enable-libflite --enable-libfontconfig --enable-libfreetype --enable-libfribidi --enable-libglslang --enable-libgme --enable-libgsm --enable-libharfbuzz --enable-libmp3lame --enable-libmysofa --enable-libopenjpeg --enable-libopenmpt --enable-libopus --enable-librubberband --enable-libshine --enable-libsnappy --enable-libsoxr --enable-libspeex --enable-libtheora --enable-libtwolame --enable-libvidstab --enable-libvorbis --enable-libvpx --enable-libwebp --enable-libx265 --enable-libxml2 --enable-libxvid --enable-libzimg --enable-openal --enable-opencl --enable-opengl --disable-sndio --enable-libvpl --enable-libdc1394 --enable-libdrm --enable-libiec61883 --enable-chromaprint --enable-frei0r --enable-ladspa --enable-libbluray --enable-libcaca --enable-libdvdnav --enable-libdvdread --enable-libjack --enable-libpulse --enable-librabbitmq --enable-librist --enable-libsrt --enable-libssh --enable-libsvtav1 --enable-libx264 --enable-libzmq --enable-libzvbi --enable-lv2 --enable-sdl2 --enable-libplacebo --enable-librav1e --enable-pocketsphinx --enable-librsvg --enable-libjxl --enable-shared
  libavutil      59.  8.100 / 59.  8.100
  libavcodec     61.  3.100 / 61.  3.100
  libavformat    61.  1.100 / 61.  1.100
  libavdevice    61.  1.100 / 61.  1.100
  libavfilter    10.  1.100 / 10.  1.100
  libswscale      8.  1.100 /  8.  1.100
  libswresample   5.  1.100 /  5.  1.100
  libpostproc    58.  1.100 / 58.  1.100
Input #0, concat, from '/home/marco-lasagna/Scaricati/ffmpeg-java/inputFile.txt':
  Duration: N/A, start: 0.000000, bitrate: N/A
  Stream #0:0: Video: mjpeg (Baseline), yuvj420p(pc, bt470bg/unknown/unknown), 4501x4500 [SAR 1:1 DAR 4501:4500], 25 fps, 25 tbr, 25 tbn
Stream mapping:
  Stream #0:0 -> #0:0 (mjpeg (native) -> h264 (libx264))
Press [q] to stop, [?] for help
[swscaler @ 0x77a230016b00] deprecated pixel format used, make sure you did set range correctly
    Last message repeated 1 times
[swscaler @ 0x77a230b407c0] deprecated pixel format used, make sure you did set range correctly
    Last message repeated 1 times
[vost#0:0/libx264 @ 0x58ff7e877600] No information about the input framerate is available. Falling back to a default value of 25fps. Use the -r option if you want a different framerate.
[libx264 @ 0x58ff7e86d9c0] using SAR=2048/4095
[libx264 @ 0x58ff7e86d9c0] using cpu capabilities: MMX2 SSE2Fast SSSE3 SSE4.2 AVX FMA3 BMI2 AVX2
[libx264 @ 0x58ff7e86d9c0] profile High, level 4.0, 4:2:0, 8-bit
[libx264 @ 0x58ff7e86d9c0] 264 - core 164 r3108 31e19f9 - H.264/MPEG-4 AVC codec - Copyleft 2003-2023 - http://www.videolan.org/x264.html - options: cabac=1 ref=3 deblock=1:0:0 analyse=0x3:0x113 me=hex subme=7 psy=1 psy_rd=1.00:0.00 mixed_ref=1 me_range=16 chroma_me=1 trellis=1 8x8dct=1 cqm=0 deadzone=21,11 fast_pskip=1 chroma_qp_offset=-2 threads=30 lookahead_threads=5 sliced_threads=0 nr=0 decimate=1 interlaced=0 bluray_compat=0 constrained_intra=0 bframes=3 b_pyramid=2 b_adapt=1 b_bias=0 direct=1 weightb=1 open_gop=0 weightp=2 keyint=250 keyint_min=25 scenecut=40 intra_refresh=0 rc_lookahead=40 rc=crf mbtree=1 crf=23.0 qcomp=0.60 qpmin=0 qpmax=69 qpstep=4 ip_ratio=1.40 aq=1:1.00
Output #0, mp4, to './src/test/resources/output/translation/tempVideo/280.mp4':
  Metadata:
    encoder         : Lavf61.1.100
  Stream #0:0: Video: h264 (avc1 / 0x31637661), yuvj420p(pc, progressive), 2048x1024 [SAR 4501:9000 DAR 4501:4500], q=2-31, 25 fps, 12800 tbn
      Metadata:
        encoder         : Lavc61.3.100 libx264
      Side data:
        cpb: bitrate max/min/avg: 0/0/0 buffer size: 0 vbv_delay: N/A
[out#0/mp4 @ 0x58ff7e875380] video:32KiB audio:0KiB subtitle:0KiB other streams:0KiB global headers:0KiB muxing overhead: 2.909572%
frame=    6 fps=0.0 q=-1.0 Lsize=      33KiB time=00:00:00.16 bitrate=1671.2kbits/s dup=0 drop=19 speed=0.659x    
[libx264 @ 0x58ff7e86d9c0] frame I:1     Avg QP:18.72  size: 30186
[libx264 @ 0x58ff7e86d9c0] frame P:2     Avg QP:18.11  size:   438
[libx264 @ 0x58ff7e86d9c0] frame B:3     Avg QP:25.93  size:   243
[libx264 @ 0x58ff7e86d9c0] consecutive B-frames: 16.7% 33.3% 50.0%  0.0%
[libx264 @ 0x58ff7e86d9c0] mb I  I16..4: 25.4% 64.3% 10.3%
[libx264 @ 0x58ff7e86d9c0] mb P  I16..4:  0.1%  0.1%  0.0%  P16..4:  1.4%  0.2%  0.1%  0.0%  0.0%    skip:98.2%
[libx264 @ 0x58ff7e86d9c0] mb B  I16..4:  0.0%  0.0%  0.0%  B16..8:  1.2%  0.0%  0.0%  direct: 0.0%  skip:98.7%  L0:45.6% L1:53.0% BI: 1.4%
[libx264 @ 0x58ff7e86d9c0] 8x8 transform intra:64.2% inter:26.4%
[libx264 @ 0x58ff7e86d9c0] coded y,uvDC,uvAC intra: 6.0% 10.1% 9.1% inter: 0.1% 0.0% 0.0%
[libx264 @ 0x58ff7e86d9c0] i16 v,h,dc,p: 87% 12%  1%  0%
[libx264 @ 0x58ff7e86d9c0] i8 v,h,dc,ddl,ddr,vr,hd,vl,hu: 63%  8% 28%  0%  0%  0%  0%  0%  0%
[libx264 @ 0x58ff7e86d9c0] i4 v,h,dc,ddl,ddr,vr,hd,vl,hu: 41% 29%  9%  4%  2%  2%  4%  4%  5%
[libx264 @ 0x58ff7e86d9c0] i8c dc,h,v,p: 82%  9%  8%  1%
[libx264 @ 0x58ff7e86d9c0] Weighted P-Frames: Y:0.0% UV:0.0%
[libx264 @ 0x58ff7e86d9c0] ref P L0: 96.1%  0.4%  2.6%  0.9%
[libx264 @ 0x58ff7e86d9c0] ref B L0: 43.9% 56.1%
[libx264 @ 0x58ff7e86d9c0] kb/s:1059.63
ffmpeg version 7.0.2-3ubuntu1 Copyright (c) 2000-2024 the FFmpeg developers
  built with gcc 14 (Ubuntu 14.2.0-2ubuntu1)
  configuration: --prefix=/usr --extra-version=3ubuntu1 --toolchain=hardened --libdir=/usr/lib/x86_64-linux-gnu --incdir=/usr/include/x86_64-linux-gnu --arch=amd64 --enable-gpl --disable-stripping --disable-libmfx --disable-omx --enable-gnutls --enable-libaom --enable-libass --enable-libbs2b --enable-libcdio --enable-libcodec2 --enable-libdav1d --enable-libflite --enable-libfontconfig --enable-libfreetype --enable-libfribidi --enable-libglslang --enable-libgme --enable-libgsm --enable-libharfbuzz --enable-libmp3lame --enable-libmysofa --enable-libopenjpeg --enable-libopenmpt --enable-libopus --enable-librubberband --enable-libshine --enable-libsnappy --enable-libsoxr --enable-libspeex --enable-libtheora --enable-libtwolame --enable-libvidstab --enable-libvorbis --enable-libvpx --enable-libwebp --enable-libx265 --enable-libxml2 --enable-libxvid --enable-libzimg --enable-openal --enable-opencl --enable-opengl --disable-sndio --enable-libvpl --enable-libdc1394 --enable-libdrm --enable-libiec61883 --enable-chromaprint --enable-frei0r --enable-ladspa --enable-libbluray --enable-libcaca --enable-libdvdnav --enable-libdvdread --enable-libjack --enable-libpulse --enable-librabbitmq --enable-librist --enable-libsrt --enable-libssh --enable-libsvtav1 --enable-libx264 --enable-libzmq --enable-libzvbi --enable-lv2 --enable-sdl2 --enable-libplacebo --enable-librav1e --enable-pocketsphinx --enable-librsvg --enable-libjxl --enable-shared
  libavutil      59.  8.100 / 59.  8.100
  libavcodec     61.  3.100 / 61.  3.100
  libavformat    61.  1.100 / 61.  1.100
  libavdevice    61.  1.100 / 61.  1.100
  libavfilter    10.  1.100 / 10.  1.100
  libswscale      8.  1.100 /  8.  1.100
  libswresample   5.  1.100 /  5.  1.100
  libpostproc    58.  1.100 / 58.  1.100
Input #0, concat, from '/home/marco-lasagna/Scaricati/ffmpeg-java/inputFile.txt':
  Duration: N/A, start: 0.000000, bitrate: N/A
  Stream #0:0: Video: mjpeg (Baseline), yuvj420p(pc, bt470bg/unknown/unknown), 4501x4500 [SAR 1:1 DAR 4501:4500], 25 fps, 25 tbr, 25 tbn
Stream mapping:
  Stream #0:0 -> #0:0 (mjpeg (native) -> h264 (libx264))
Press [q] to stop, [?] for help
[swscaler @ 0x73dd2c016b00] deprecated pixel format used, make sure you did set range correctly
    Last message repeated 1 times
[swscaler @ 0x73dd2cb407c0] deprecated pixel format used, make sure you did set range correctly
    Last message repeated 1 times
[vost#0:0/libx264 @ 0x5a806373a600] No information about the input framerate is available. Falling back to a default value of 25fps. Use the -r option if you want a different framerate.
[libx264 @ 0x5a80637309c0] using SAR=2048/4095
[libx264 @ 0x5a80637309c0] using cpu capabilities: MMX2 SSE2Fast SSSE3 SSE4.2 AVX FMA3 BMI2 AVX2
[libx264 @ 0x5a80637309c0] profile High, level 4.0, 4:2:0, 8-bit
[libx264 @ 0x5a80637309c0] 264 - core 164 r3108 31e19f9 - H.264/MPEG-4 AVC codec - Copyleft 2003-2023 - http://www.videolan.org/x264.html - options: cabac=1 ref=3 deblock=1:0:0 analyse=0x3:0x113 me=hex subme=7 psy=1 psy_rd=1.00:0.00 mixed_ref=1 me_range=16 chroma_me=1 trellis=1 8x8dct=1 cqm=0 deadzone=21,11 fast_pskip=1 chroma_qp_offset=-2 threads=30 lookahead_threads=5 sliced_threads=0 nr=0 decimate=1 interlaced=0 bluray_compat=0 constrained_intra=0 bframes=3 b_pyramid=2 b_adapt=1 b_bias=0 direct=1 weightb=1 open_gop=0 weightp=2 keyint=250 keyint_min=25 scenecut=40 intra_refresh=0 rc_lookahead=40 rc=crf mbtree=1 crf=23.0 qcomp=0.60 qpmin=0 qpmax=69 qpstep=4 ip_ratio=1.40 aq=1:1.00
Output #0, mp4, to './src/test/resources/output/translation/tempVideo/290.mp4':
  Metadata:
    encoder         : Lavf61.1.100
  Stream #0:0: Video: h264 (avc1 / 0x31637661), yuvj420p(pc, progressive), 2048x1024 [SAR 4501:9000 DAR 4501:4500], q=2-31, 25 fps, 12800 tbn
      Metadata:
        encoder         : Lavc61.3.100 libx264
      Side data:
        cpb: bitrate max/min/avg: 0/0/0 buffer size: 0 vbv_delay: N/A
[out#0/mp4 @ 0x5a8063738380] video:32KiB audio:0KiB subtitle:0KiB other streams:0KiB global headers:0KiB muxing overhead: 2.906374%
frame=    6 fps=0.0 q=-1.0 Lsize=      33KiB time=00:00:00.16 bitrate=1687.2kbits/s dup=0 drop=19 speed=0.67x    
[libx264 @ 0x5a80637309c0] frame I:1     Avg QP:18.47  size: 30261
[libx264 @ 0x5a80637309c0] frame P:2     Avg QP:19.49  size:   484
[libx264 @ 0x5a80637309c0] frame B:3     Avg QP:31.39  size:   290
[libx264 @ 0x5a80637309c0] consecutive B-frames: 33.3%  0.0%  0.0% 66.7%
[libx264 @ 0x5a80637309c0] mb I  I16..4: 17.3% 72.3% 10.5%
[libx264 @ 0x5a80637309c0] mb P  I16..4:  0.1%  0.1%  0.0%  P16..4:  1.2%  0.1%  0.1%  0.0%  0.0%    skip:98.4%
[libx264 @ 0x5a80637309c0] mb B  I16..4:  0.0%  0.0%  0.0%  B16..8:  1.2%  0.1%  0.0%  direct: 0.0%  skip:98.6%  L0:62.8% L1:33.7% BI: 3.5%
[libx264 @ 0x5a80637309c0] 8x8 transform intra:72.2% inter:18.7%
[libx264 @ 0x5a80637309c0] coded y,uvDC,uvAC intra: 6.0% 10.2% 9.1% inter: 0.1% 0.0% 0.0%
[libx264 @ 0x5a80637309c0] i16 v,h,dc,p: 82% 17%  1%  0%
[libx264 @ 0x5a80637309c0] i8 v,h,dc,ddl,ddr,vr,hd,vl,hu: 44%  7% 49%  0%  0%  0%  0%  0%  0%
[libx264 @ 0x5a80637309c0] i4 v,h,dc,ddl,ddr,vr,hd,vl,hu: 40% 29%  9%  4%  2%  2%  4%  4%  5%
[libx264 @ 0x5a80637309c0] i8c dc,h,v,p: 82%  9%  8%  1%
[libx264 @ 0x5a80637309c0] Weighted P-Frames: Y:0.0% UV:0.0%
[libx264 @ 0x5a80637309c0] ref P L0: 95.0%  0.8%  1.7%  2.5%
[libx264 @ 0x5a80637309c0] ref B L0: 91.5%  8.5%
[libx264 @ 0x5a80637309c0] ref B L1: 94.4%  5.6%
[libx264 @ 0x5a80637309c0] kb/s:1070.00
ffmpeg version 7.0.2-3ubuntu1 Copyright (c) 2000-2024 the FFmpeg developers
  built with gcc 14 (Ubuntu 14.2.0-2ubuntu1)
  configuration: --prefix=/usr --extra-version=3ubuntu1 --toolchain=hardened --libdir=/usr/lib/x86_64-linux-gnu --incdir=/usr/include/x86_64-linux-gnu --arch=amd64 --enable-gpl --disable-stripping --disable-libmfx --disable-omx --enable-gnutls --enable-libaom --enable-libass --enable-libbs2b --enable-libcdio --enable-libcodec2 --enable-libdav1d --enable-libflite --enable-libfontconfig --enable-libfreetype --enable-libfribidi --enable-libglslang --enable-libgme --enable-libgsm --enable-libharfbuzz --enable-libmp3lame --enable-libmysofa --enable-libopenjpeg --enable-libopenmpt --enable-libopus --enable-librubberband --enable-libshine --enable-libsnappy --enable-libsoxr --enable-libspeex --enable-libtheora --enable-libtwolame --enable-libvidstab --enable-libvorbis --enable-libvpx --enable-libwebp --enable-libx265 --enable-libxml2 --enable-libxvid --enable-libzimg --enable-openal --enable-opencl --enable-opengl --disable-sndio --enable-libvpl --enable-libdc1394 --enable-libdrm --enable-libiec61883 --enable-chromaprint --enable-frei0r --enable-ladspa --enable-libbluray --enable-libcaca --enable-libdvdnav --enable-libdvdread --enable-libjack --enable-libpulse --enable-librabbitmq --enable-librist --enable-libsrt --enable-libssh --enable-libsvtav1 --enable-libx264 --enable-libzmq --enable-libzvbi --enable-lv2 --enable-sdl2 --enable-libplacebo --enable-librav1e --enable-pocketsphinx --enable-librsvg --enable-libjxl --enable-shared
  libavutil      59.  8.100 / 59.  8.100
  libavcodec     61.  3.100 / 61.  3.100
  libavformat    61.  1.100 / 61.  1.100
  libavdevice    61.  1.100 / 61.  1.100
  libavfilter    10.  1.100 / 10.  1.100
  libswscale      8.  1.100 /  8.  1.100
  libswresample   5.  1.100 /  5.  1.100
  libpostproc    58.  1.100 / 58.  1.100
Input #0, concat, from '/home/marco-lasagna/Scaricati/ffmpeg-java/inputFile.txt':
  Duration: N/A, start: 0.000000, bitrate: N/A
  Stream #0:0: Video: mjpeg (Baseline), yuvj420p(pc, bt470bg/unknown/unknown), 4501x4500 [SAR 1:1 DAR 4501:4500], 25 fps, 25 tbr, 25 tbn
Stream mapping:
  Stream #0:0 -> #0:0 (mjpeg (native) -> h264 (libx264))
Press [q] to stop, [?] for help
[swscaler @ 0x7a69c4016b00] deprecated pixel format used, make sure you did set range correctly
    Last message repeated 1 times
[swscaler @ 0x7a69c4b407c0] deprecated pixel format used, make sure you did set range correctly
    Last message repeated 1 times
[vost#0:0/libx264 @ 0x600ad1e6f600] No information about the input framerate is available. Falling back to a default value of 25fps. Use the -r option if you want a different framerate.
[libx264 @ 0x600ad1e659c0] using SAR=2048/4095
[libx264 @ 0x600ad1e659c0] using cpu capabilities: MMX2 SSE2Fast SSSE3 SSE4.2 AVX FMA3 BMI2 AVX2
[libx264 @ 0x600ad1e659c0] profile High, level 4.0, 4:2:0, 8-bit
[libx264 @ 0x600ad1e659c0] 264 - core 164 r3108 31e19f9 - H.264/MPEG-4 AVC codec - Copyleft 2003-2023 - http://www.videolan.org/x264.html - options: cabac=1 ref=3 deblock=1:0:0 analyse=0x3:0x113 me=hex subme=7 psy=1 psy_rd=1.00:0.00 mixed_ref=1 me_range=16 chroma_me=1 trellis=1 8x8dct=1 cqm=0 deadzone=21,11 fast_pskip=1 chroma_qp_offset=-2 threads=30 lookahead_threads=5 sliced_threads=0 nr=0 decimate=1 interlaced=0 bluray_compat=0 constrained_intra=0 bframes=3 b_pyramid=2 b_adapt=1 b_bias=0 direct=1 weightb=1 open_gop=0 weightp=2 keyint=250 keyint_min=25 scenecut=40 intra_refresh=0 rc_lookahead=40 rc=crf mbtree=1 crf=23.0 qcomp=0.60 qpmin=0 qpmax=69 qpstep=4 ip_ratio=1.40 aq=1:1.00
Output #0, mp4, to './src/test/resources/output/translation/tempVideo/300.mp4':
  Metadata:
    encoder         : Lavf61.1.100
  Stream #0:0: Video: h264 (avc1 / 0x31637661), yuvj420p(pc, progressive), 2048x1024 [SAR 4501:9000 DAR 4501:4500], q=2-31, 25 fps, 12800 tbn
      Metadata:
        encoder         : Lavc61.3.100 libx264
      Side data:
        cpb: bitrate max/min/avg: 0/0/0 buffer size: 0 vbv_delay: N/A
[out#0/mp4 @ 0x600ad1e6d380] video:32KiB audio:0KiB subtitle:0KiB other streams:0KiB global headers:0KiB muxing overhead: 2.926275%
frame=    6 fps=0.0 q=-1.0 Lsize=      33KiB time=00:00:00.16 bitrate=1676.0kbits/s dup=0 drop=19 speed=0.652x    
[libx264 @ 0x600ad1e659c0] frame I:1     Avg QP:18.66  size: 30204
[libx264 @ 0x600ad1e659c0] frame P:2     Avg QP:16.15  size:   456
[libx264 @ 0x600ad1e659c0] frame B:3     Avg QP:21.86  size:   254
[libx264 @ 0x600ad1e659c0] consecutive B-frames: 33.3%  0.0%  0.0% 66.7%
[libx264 @ 0x600ad1e659c0] mb I  I16..4: 17.3% 72.3% 10.4%
[libx264 @ 0x600ad1e659c0] mb P  I16..4:  0.2%  0.1%  0.0%  P16..4:  0.5%  0.1%  0.1%  0.0%  0.0%    skip:99.0%
[libx264 @ 0x600ad1e659c0] mb B  I16..4:  0.0%  0.0%  0.0%  B16..8:  1.2%  0.1%  0.0%  direct: 0.0%  skip:98.6%  L0:58.5% L1:39.2% BI: 2.3%
[libx264 @ 0x600ad1e659c0] 8x8 transform intra:72.0% inter:37.7%
[libx264 @ 0x600ad1e659c0] coded y,uvDC,uvAC intra: 6.0% 10.1% 9.1% inter: 0.1% 0.0% 0.0%
[libx264 @ 0x600ad1e659c0] i16 v,h,dc,p: 81% 18%  1%  0%
[libx264 @ 0x600ad1e659c0] i8 v,h,dc,ddl,ddr,vr,hd,vl,hu: 43%  8% 49%  0%  0%  0%  0%  0%  0%
[libx264 @ 0x600ad1e659c0] i4 v,h,dc,ddl,ddr,vr,hd,vl,hu: 39% 31%  9%  4%  2%  2%  4%  4%  5%
[libx264 @ 0x600ad1e659c0] i8c dc,h,v,p: 82%  9%  8%  1%
[libx264 @ 0x600ad1e659c0] Weighted P-Frames: Y:0.0% UV:0.0%
[libx264 @ 0x600ad1e659c0] ref P L0: 94.5%  1.4%  2.8%  1.4%
[libx264 @ 0x600ad1e659c0] ref B L0: 94.1%  5.9%
[libx264 @ 0x600ad1e659c0] ref B L1: 96.3%  3.7%
[libx264 @ 0x600ad1e659c0] kb/s:1062.57
ffmpeg version 7.0.2-3ubuntu1 Copyright (c) 2000-2024 the FFmpeg developers
  built with gcc 14 (Ubuntu 14.2.0-2ubuntu1)
  configuration: --prefix=/usr --extra-version=3ubuntu1 --toolchain=hardened --libdir=/usr/lib/x86_64-linux-gnu --incdir=/usr/include/x86_64-linux-gnu --arch=amd64 --enable-gpl --disable-stripping --disable-libmfx --disable-omx --enable-gnutls --enable-libaom --enable-libass --enable-libbs2b --enable-libcdio --enable-libcodec2 --enable-libdav1d --enable-libflite --enable-libfontconfig --enable-libfreetype --enable-libfribidi --enable-libglslang --enable-libgme --enable-libgsm --enable-libharfbuzz --enable-libmp3lame --enable-libmysofa --enable-libopenjpeg --enable-libopenmpt --enable-libopus --enable-librubberband --enable-libshine --enable-libsnappy --enable-libsoxr --enable-libspeex --enable-libtheora --enable-libtwolame --enable-libvidstab --enable-libvorbis --enable-libvpx --enable-libwebp --enable-libx265 --enable-libxml2 --enable-libxvid --enable-libzimg --enable-openal --enable-opencl --enable-opengl --disable-sndio --enable-libvpl --enable-libdc1394 --enable-libdrm --enable-libiec61883 --enable-chromaprint --enable-frei0r --enable-ladspa --enable-libbluray --enable-libcaca --enable-libdvdnav --enable-libdvdread --enable-libjack --enable-libpulse --enable-librabbitmq --enable-librist --enable-libsrt --enable-libssh --enable-libsvtav1 --enable-libx264 --enable-libzmq --enable-libzvbi --enable-lv2 --enable-sdl2 --enable-libplacebo --enable-librav1e --enable-pocketsphinx --enable-librsvg --enable-libjxl --enable-shared
  libavutil      59.  8.100 / 59.  8.100
  libavcodec     61.  3.100 / 61.  3.100
  libavformat    61.  1.100 / 61.  1.100
  libavdevice    61.  1.100 / 61.  1.100
  libavfilter    10.  1.100 / 10.  1.100
  libswscale      8.  1.100 /  8.  1.100
  libswresample   5.  1.100 /  5.  1.100
  libpostproc    58.  1.100 / 58.  1.100
Input #0, concat, from '/home/marco-lasagna/Scaricati/ffmpeg-java/inputFile.txt':
  Duration: N/A, start: 0.000000, bitrate: N/A
  Stream #0:0: Video: mjpeg (Baseline), yuvj420p(pc, bt470bg/unknown/unknown), 4501x4500 [SAR 1:1 DAR 4501:4500], 25 fps, 25 tbr, 25 tbn
Stream mapping:
  Stream #0:0 -> #0:0 (mjpeg (native) -> h264 (libx264))
Press [q] to stop, [?] for help
[swscaler @ 0x7a73bc016b00] deprecated pixel format used, make sure you did set range correctly
    Last message repeated 1 times
[swscaler @ 0x7a73bcb407c0] deprecated pixel format used, make sure you did set range correctly
    Last message repeated 1 times
[vost#0:0/libx264 @ 0x57abce0e0600] No information about the input framerate is available. Falling back to a default value of 25fps. Use the -r option if you want a different framerate.
[libx264 @ 0x57abce0d69c0] using SAR=2048/4095
[libx264 @ 0x57abce0d69c0] using cpu capabilities: MMX2 SSE2Fast SSSE3 SSE4.2 AVX FMA3 BMI2 AVX2
[libx264 @ 0x57abce0d69c0] profile High, level 4.0, 4:2:0, 8-bit
[libx264 @ 0x57abce0d69c0] 264 - core 164 r3108 31e19f9 - H.264/MPEG-4 AVC codec - Copyleft 2003-2023 - http://www.videolan.org/x264.html - options: cabac=1 ref=3 deblock=1:0:0 analyse=0x3:0x113 me=hex subme=7 psy=1 psy_rd=1.00:0.00 mixed_ref=1 me_range=16 chroma_me=1 trellis=1 8x8dct=1 cqm=0 deadzone=21,11 fast_pskip=1 chroma_qp_offset=-2 threads=30 lookahead_threads=5 sliced_threads=0 nr=0 decimate=1 interlaced=0 bluray_compat=0 constrained_intra=0 bframes=3 b_pyramid=2 b_adapt=1 b_bias=0 direct=1 weightb=1 open_gop=0 weightp=2 keyint=250 keyint_min=25 scenecut=40 intra_refresh=0 rc_lookahead=40 rc=crf mbtree=1 crf=23.0 qcomp=0.60 qpmin=0 qpmax=69 qpstep=4 ip_ratio=1.40 aq=1:1.00
Output #0, mp4, to './src/test/resources/output/translation/tempVideo/310.mp4':
  Metadata:
    encoder         : Lavf61.1.100
  Stream #0:0: Video: h264 (avc1 / 0x31637661), yuvj420p(pc, progressive), 2048x1024 [SAR 4501:9000 DAR 4501:4500], q=2-31, 25 fps, 12800 tbn
      Metadata:
        encoder         : Lavc61.3.100 libx264
      Side data:
        cpb: bitrate max/min/avg: 0/0/0 buffer size: 0 vbv_delay: N/A
[out#0/mp4 @ 0x57abce0de380] video:32KiB audio:0KiB subtitle:0KiB other streams:0KiB global headers:0KiB muxing overhead: 2.916335%
frame=    6 fps=0.0 q=-1.0 Lsize=      33KiB time=00:00:00.16 bitrate=1681.5kbits/s dup=0 drop=19 speed=0.676x    
[libx264 @ 0x57abce0d69c0] frame I:1     Avg QP:18.59  size: 30225
[libx264 @ 0x57abce0d69c0] frame P:2     Avg QP:19.95  size:   468
[libx264 @ 0x57abce0d69c0] frame B:3     Avg QP:25.34  size:   276
[libx264 @ 0x57abce0d69c0] consecutive B-frames: 33.3%  0.0%  0.0% 66.7%
[libx264 @ 0x57abce0d69c0] mb I  I16..4: 17.1% 72.6% 10.4%
[libx264 @ 0x57abce0d69c0] mb P  I16..4:  0.1%  0.2%  0.0%  P16..4:  1.2%  0.1%  0.1%  0.0%  0.0%    skip:98.3%
[libx264 @ 0x57abce0d69c0] mb B  I16..4:  0.0%  0.0%  0.0%  B16..8:  1.3%  0.1%  0.0%  direct: 0.0%  skip:98.5%  L0:57.5% L1:40.4% BI: 2.1%
[libx264 @ 0x57abce0d69c0] 8x8 transform intra:72.5% inter:33.3%
[libx264 @ 0x57abce0d69c0] coded y,uvDC,uvAC intra: 5.9% 10.1% 9.1% inter: 0.1% 0.0% 0.0%
[libx264 @ 0x57abce0d69c0] i16 v,h,dc,p: 82% 17%  1%  0%
[libx264 @ 0x57abce0d69c0] i8 v,h,dc,ddl,ddr,vr,hd,vl,hu: 42%  9% 48%  0%  0%  0%  0%  0%  0%
[libx264 @ 0x57abce0d69c0] i4 v,h,dc,ddl,ddr,vr,hd,vl,hu: 40% 30%  9%  4%  2%  2%  4%  4%  5%
[libx264 @ 0x57abce0d69c0] i8c dc,h,v,p: 82%  9%  8%  1%
[libx264 @ 0x57abce0d69c0] Weighted P-Frames: Y:0.0% UV:0.0%
[libx264 @ 0x57abce0d69c0] ref P L0: 91.6%  0.2%  3.9%  4.3%
[libx264 @ 0x57abce0d69c0] ref B L0: 89.5% 10.5%
[libx264 @ 0x57abce0d69c0] ref B L1: 90.6%  9.4%
[libx264 @ 0x57abce0d69c0] kb/s:1066.27
ffmpeg version 7.0.2-3ubuntu1 Copyright (c) 2000-2024 the FFmpeg developers
  built with gcc 14 (Ubuntu 14.2.0-2ubuntu1)
  configuration: --prefix=/usr --extra-version=3ubuntu1 --toolchain=hardened --libdir=/usr/lib/x86_64-linux-gnu --incdir=/usr/include/x86_64-linux-gnu --arch=amd64 --enable-gpl --disable-stripping --disable-libmfx --disable-omx --enable-gnutls --enable-libaom --enable-libass --enable-libbs2b --enable-libcdio --enable-libcodec2 --enable-libdav1d --enable-libflite --enable-libfontconfig --enable-libfreetype --enable-libfribidi --enable-libglslang --enable-libgme --enable-libgsm --enable-libharfbuzz --enable-libmp3lame --enable-libmysofa --enable-libopenjpeg --enable-libopenmpt --enable-libopus --enable-librubberband --enable-libshine --enable-libsnappy --enable-libsoxr --enable-libspeex --enable-libtheora --enable-libtwolame --enable-libvidstab --enable-libvorbis --enable-libvpx --enable-libwebp --enable-libx265 --enable-libxml2 --enable-libxvid --enable-libzimg --enable-openal --enable-opencl --enable-opengl --disable-sndio --enable-libvpl --enable-libdc1394 --enable-libdrm --enable-libiec61883 --enable-chromaprint --enable-frei0r --enable-ladspa --enable-libbluray --enable-libcaca --enable-libdvdnav --enable-libdvdread --enable-libjack --enable-libpulse --enable-librabbitmq --enable-librist --enable-libsrt --enable-libssh --enable-libsvtav1 --enable-libx264 --enable-libzmq --enable-libzvbi --enable-lv2 --enable-sdl2 --enable-libplacebo --enable-librav1e --enable-pocketsphinx --enable-librsvg --enable-libjxl --enable-shared
  libavutil      59.  8.100 / 59.  8.100
  libavcodec     61.  3.100 / 61.  3.100
  libavformat    61.  1.100 / 61.  1.100
  libavdevice    61.  1.100 / 61.  1.100
  libavfilter    10.  1.100 / 10.  1.100
  libswscale      8.  1.100 /  8.  1.100
  libswresample   5.  1.100 /  5.  1.100
  libpostproc    58.  1.100 / 58.  1.100
Input #0, concat, from '/home/marco-lasagna/Scaricati/ffmpeg-java/inputFile.txt':
  Duration: N/A, start: 0.000000, bitrate: N/A
  Stream #0:0: Video: mjpeg (Baseline), yuvj420p(pc, bt470bg/unknown/unknown), 4501x4500 [SAR 1:1 DAR 4501:4500], 25 fps, 25 tbr, 25 tbn
Stream mapping:
  Stream #0:0 -> #0:0 (mjpeg (native) -> h264 (libx264))
Press [q] to stop, [?] for help
[swscaler @ 0x7d0fd4016b00] deprecated pixel format used, make sure you did set range correctly
    Last message repeated 1 times
[swscaler @ 0x7d0fd4b407c0] deprecated pixel format used, make sure you did set range correctly
    Last message repeated 1 times
[vost#0:0/libx264 @ 0x60342d18e600] No information about the input framerate is available. Falling back to a default value of 25fps. Use the -r option if you want a different framerate.
[libx264 @ 0x60342d1849c0] using SAR=2048/4095
[libx264 @ 0x60342d1849c0] using cpu capabilities: MMX2 SSE2Fast SSSE3 SSE4.2 AVX FMA3 BMI2 AVX2
[libx264 @ 0x60342d1849c0] profile High, level 4.0, 4:2:0, 8-bit
[libx264 @ 0x60342d1849c0] 264 - core 164 r3108 31e19f9 - H.264/MPEG-4 AVC codec - Copyleft 2003-2023 - http://www.videolan.org/x264.html - options: cabac=1 ref=3 deblock=1:0:0 analyse=0x3:0x113 me=hex subme=7 psy=1 psy_rd=1.00:0.00 mixed_ref=1 me_range=16 chroma_me=1 trellis=1 8x8dct=1 cqm=0 deadzone=21,11 fast_pskip=1 chroma_qp_offset=-2 threads=30 lookahead_threads=5 sliced_threads=0 nr=0 decimate=1 interlaced=0 bluray_compat=0 constrained_intra=0 bframes=3 b_pyramid=2 b_adapt=1 b_bias=0 direct=1 weightb=1 open_gop=0 weightp=2 keyint=250 keyint_min=25 scenecut=40 intra_refresh=0 rc_lookahead=40 rc=crf mbtree=1 crf=23.0 qcomp=0.60 qpmin=0 qpmax=69 qpstep=4 ip_ratio=1.40 aq=1:1.00
Output #0, mp4, to './src/test/resources/output/translation/tempVideo/320.mp4':
  Metadata:
    encoder         : Lavf61.1.100
  Stream #0:0: Video: h264 (avc1 / 0x31637661), yuvj420p(pc, progressive), 2048x1024 [SAR 4501:9000 DAR 4501:4500], q=2-31, 25 fps, 12800 tbn
      Metadata:
        encoder         : Lavc61.3.100 libx264
      Side data:
        cpb: bitrate max/min/avg: 0/0/0 buffer size: 0 vbv_delay: N/A
[out#0/mp4 @ 0x60342d18c380] video:32KiB audio:0KiB subtitle:0KiB other streams:0KiB global headers:0KiB muxing overhead: 2.909924%
frame=    6 fps=0.0 q=-1.0 Lsize=      33KiB time=00:00:00.16 bitrate=1685.2kbits/s dup=0 drop=19 speed=0.666x    
[libx264 @ 0x60342d1849c0] frame I:1     Avg QP:18.62  size: 30206
[libx264 @ 0x60342d1849c0] frame P:2     Avg QP:19.87  size:   524
[libx264 @ 0x60342d1849c0] frame B:3     Avg QP:20.46  size:   269
[libx264 @ 0x60342d1849c0] consecutive B-frames: 33.3%  0.0%  0.0% 66.7%
[libx264 @ 0x60342d1849c0] mb I  I16..4: 17.1% 72.6% 10.4%
[libx264 @ 0x60342d1849c0] mb P  I16..4:  0.1%  0.1%  0.0%  P16..4:  1.2%  0.1%  0.1%  0.0%  0.0%    skip:98.4%
[libx264 @ 0x60342d1849c0] mb B  I16..4:  0.0%  0.1%  0.0%  B16..8:  1.1%  0.0%  0.0%  direct: 0.0%  skip:98.7%  L0:36.3% L1:61.5% BI: 2.1%
[libx264 @ 0x60342d1849c0] 8x8 transform intra:72.4% inter:45.3%
[libx264 @ 0x60342d1849c0] coded y,uvDC,uvAC intra: 5.9% 10.1% 9.1% inter: 0.1% 0.0% 0.0%
[libx264 @ 0x60342d1849c0] i16 v,h,dc,p: 82% 17%  1%  0%
[libx264 @ 0x60342d1849c0] i8 v,h,dc,ddl,ddr,vr,hd,vl,hu: 41% 10% 48%  0%  0%  0%  0%  0%  0%
[libx264 @ 0x60342d1849c0] i4 v,h,dc,ddl,ddr,vr,hd,vl,hu: 40% 30%  9%  4%  2%  2%  4%  4%  5%
[libx264 @ 0x60342d1849c0] i8c dc,h,v,p: 82%  9%  8%  1%
[libx264 @ 0x60342d1849c0] Weighted P-Frames: Y:0.0% UV:0.0%
[libx264 @ 0x60342d1849c0] ref P L0: 94.8%  0.5%  3.1%  1.6%
[libx264 @ 0x60342d1849c0] ref B L0: 84.6% 15.4%
[libx264 @ 0x60342d1849c0] ref B L1: 98.4%  1.6%
[libx264 @ 0x60342d1849c0] kb/s:1068.67
ffmpeg version 7.0.2-3ubuntu1 Copyright (c) 2000-2024 the FFmpeg developers
  built with gcc 14 (Ubuntu 14.2.0-2ubuntu1)
  configuration: --prefix=/usr --extra-version=3ubuntu1 --toolchain=hardened --libdir=/usr/lib/x86_64-linux-gnu --incdir=/usr/include/x86_64-linux-gnu --arch=amd64 --enable-gpl --disable-stripping --disable-libmfx --disable-omx --enable-gnutls --enable-libaom --enable-libass --enable-libbs2b --enable-libcdio --enable-libcodec2 --enable-libdav1d --enable-libflite --enable-libfontconfig --enable-libfreetype --enable-libfribidi --enable-libglslang --enable-libgme --enable-libgsm --enable-libharfbuzz --enable-libmp3lame --enable-libmysofa --enable-libopenjpeg --enable-libopenmpt --enable-libopus --enable-librubberband --enable-libshine --enable-libsnappy --enable-libsoxr --enable-libspeex --enable-libtheora --enable-libtwolame --enable-libvidstab --enable-libvorbis --enable-libvpx --enable-libwebp --enable-libx265 --enable-libxml2 --enable-libxvid --enable-libzimg --enable-openal --enable-opencl --enable-opengl --disable-sndio --enable-libvpl --enable-libdc1394 --enable-libdrm --enable-libiec61883 --enable-chromaprint --enable-frei0r --enable-ladspa --enable-libbluray --enable-libcaca --enable-libdvdnav --enable-libdvdread --enable-libjack --enable-libpulse --enable-librabbitmq --enable-librist --enable-libsrt --enable-libssh --enable-libsvtav1 --enable-libx264 --enable-libzmq --enable-libzvbi --enable-lv2 --enable-sdl2 --enable-libplacebo --enable-librav1e --enable-pocketsphinx --enable-librsvg --enable-libjxl --enable-shared
  libavutil      59.  8.100 / 59.  8.100
  libavcodec     61.  3.100 / 61.  3.100
  libavformat    61.  1.100 / 61.  1.100
  libavdevice    61.  1.100 / 61.  1.100
  libavfilter    10.  1.100 / 10.  1.100
  libswscale      8.  1.100 /  8.  1.100
  libswresample   5.  1.100 /  5.  1.100
  libpostproc    58.  1.100 / 58.  1.100
Input #0, concat, from '/home/marco-lasagna/Scaricati/ffmpeg-java/inputFile.txt':
  Duration: N/A, start: 0.000000, bitrate: N/A
  Stream #0:0: Video: mjpeg (Baseline), yuvj420p(pc, bt470bg/unknown/unknown), 4501x4500 [SAR 1:1 DAR 4501:4500], 25 fps, 25 tbr, 25 tbn
Stream mapping:
  Stream #0:0 -> #0:0 (mjpeg (native) -> h264 (libx264))
Press [q] to stop, [?] for help
[swscaler @ 0x733b28016b00] deprecated pixel format used, make sure you did set range correctly
    Last message repeated 1 times
[swscaler @ 0x733b28b407c0] deprecated pixel format used, make sure you did set range correctly
    Last message repeated 1 times
[vost#0:0/libx264 @ 0x5bbd02520600] No information about the input framerate is available. Falling back to a default value of 25fps. Use the -r option if you want a different framerate.
[libx264 @ 0x5bbd025169c0] using SAR=2048/4095
[libx264 @ 0x5bbd025169c0] using cpu capabilities: MMX2 SSE2Fast SSSE3 SSE4.2 AVX FMA3 BMI2 AVX2
[libx264 @ 0x5bbd025169c0] profile High, level 4.0, 4:2:0, 8-bit
[libx264 @ 0x5bbd025169c0] 264 - core 164 r3108 31e19f9 - H.264/MPEG-4 AVC codec - Copyleft 2003-2023 - http://www.videolan.org/x264.html - options: cabac=1 ref=3 deblock=1:0:0 analyse=0x3:0x113 me=hex subme=7 psy=1 psy_rd=1.00:0.00 mixed_ref=1 me_range=16 chroma_me=1 trellis=1 8x8dct=1 cqm=0 deadzone=21,11 fast_pskip=1 chroma_qp_offset=-2 threads=30 lookahead_threads=5 sliced_threads=0 nr=0 decimate=1 interlaced=0 bluray_compat=0 constrained_intra=0 bframes=3 b_pyramid=2 b_adapt=1 b_bias=0 direct=1 weightb=1 open_gop=0 weightp=2 keyint=250 keyint_min=25 scenecut=40 intra_refresh=0 rc_lookahead=40 rc=crf mbtree=1 crf=23.0 qcomp=0.60 qpmin=0 qpmax=69 qpstep=4 ip_ratio=1.40 aq=1:1.00
Output #0, mp4, to './src/test/resources/output/translation/tempVideo/330.mp4':
  Metadata:
    encoder         : Lavf61.1.100
  Stream #0:0: Video: h264 (avc1 / 0x31637661), yuvj420p(pc, progressive), 2048x1024 [SAR 4501:9000 DAR 4501:4500], q=2-31, 25 fps, 12800 tbn
      Metadata:
        encoder         : Lavc61.3.100 libx264
      Side data:
        cpb: bitrate max/min/avg: 0/0/0 buffer size: 0 vbv_delay: N/A
[out#0/mp4 @ 0x5bbd0251e380] video:32KiB audio:0KiB subtitle:0KiB other streams:0KiB global headers:0KiB muxing overhead: 2.914819%
frame=    6 fps=0.0 q=-1.0 Lsize=      33KiB time=00:00:00.16 bitrate=1682.4kbits/s dup=0 drop=19 speed=0.655x    
[libx264 @ 0x5bbd025169c0] frame I:1     Avg QP:18.86  size: 30203
[libx264 @ 0x5bbd025169c0] frame P:2     Avg QP:17.95  size:   482
[libx264 @ 0x5bbd025169c0] frame B:3     Avg QP:24.79  size:   280
[libx264 @ 0x5bbd025169c0] consecutive B-frames: 33.3%  0.0%  0.0% 66.7%
[libx264 @ 0x5bbd025169c0] mb I  I16..4: 13.3% 76.3% 10.4%
[libx264 @ 0x5bbd025169c0] mb P  I16..4:  0.1%  0.1%  0.0%  P16..4:  1.3%  0.1%  0.0%  0.0%  0.0%    skip:98.4%
[libx264 @ 0x5bbd025169c0] mb B  I16..4:  0.0%  0.0%  0.0%  B16..8:  1.2%  0.1%  0.0%  direct: 0.0%  skip:98.6%  L0:53.7% L1:44.8% BI: 1.5%
[libx264 @ 0x5bbd025169c0] 8x8 transform intra:76.1% inter:33.7%
[libx264 @ 0x5bbd025169c0] coded y,uvDC,uvAC intra: 6.0% 10.2% 9.1% inter: 0.1% 0.0% 0.0%
[libx264 @ 0x5bbd025169c0] i16 v,h,dc,p: 77% 21%  1%  0%
[libx264 @ 0x5bbd025169c0] i8 v,h,dc,ddl,ddr,vr,hd,vl,hu: 46%  8% 46%  0%  0%  0%  0%  0%  0%
[libx264 @ 0x5bbd025169c0] i4 v,h,dc,ddl,ddr,vr,hd,vl,hu: 39% 31%  9%  4%  2%  2%  4%  4%  5%
[libx264 @ 0x5bbd025169c0] i8c dc,h,v,p: 82%  9%  8%  1%
[libx264 @ 0x5bbd025169c0] Weighted P-Frames: Y:0.0% UV:0.0%
[libx264 @ 0x5bbd025169c0] ref P L0: 98.7%  0.0%  0.4%  0.8%
[libx264 @ 0x5bbd025169c0] ref B L0: 90.1%  9.9%
[libx264 @ 0x5bbd025169c0] ref B L1: 92.7%  7.3%
[libx264 @ 0x5bbd025169c0] kb/s:1066.83
ffmpeg version 7.0.2-3ubuntu1 Copyright (c) 2000-2024 the FFmpeg developers
  built with gcc 14 (Ubuntu 14.2.0-2ubuntu1)
  configuration: --prefix=/usr --extra-version=3ubuntu1 --toolchain=hardened --libdir=/usr/lib/x86_64-linux-gnu --incdir=/usr/include/x86_64-linux-gnu --arch=amd64 --enable-gpl --disable-stripping --disable-libmfx --disable-omx --enable-gnutls --enable-libaom --enable-libass --enable-libbs2b --enable-libcdio --enable-libcodec2 --enable-libdav1d --enable-libflite --enable-libfontconfig --enable-libfreetype --enable-libfribidi --enable-libglslang --enable-libgme --enable-libgsm --enable-libharfbuzz --enable-libmp3lame --enable-libmysofa --enable-libopenjpeg --enable-libopenmpt --enable-libopus --enable-librubberband --enable-libshine --enable-libsnappy --enable-libsoxr --enable-libspeex --enable-libtheora --enable-libtwolame --enable-libvidstab --enable-libvorbis --enable-libvpx --enable-libwebp --enable-libx265 --enable-libxml2 --enable-libxvid --enable-libzimg --enable-openal --enable-opencl --enable-opengl --disable-sndio --enable-libvpl --enable-libdc1394 --enable-libdrm --enable-libiec61883 --enable-chromaprint --enable-frei0r --enable-ladspa --enable-libbluray --enable-libcaca --enable-libdvdnav --enable-libdvdread --enable-libjack --enable-libpulse --enable-librabbitmq --enable-librist --enable-libsrt --enable-libssh --enable-libsvtav1 --enable-libx264 --enable-libzmq --enable-libzvbi --enable-lv2 --enable-sdl2 --enable-libplacebo --enable-librav1e --enable-pocketsphinx --enable-librsvg --enable-libjxl --enable-shared
  libavutil      59.  8.100 / 59.  8.100
  libavcodec     61.  3.100 / 61.  3.100
  libavformat    61.  1.100 / 61.  1.100
  libavdevice    61.  1.100 / 61.  1.100
  libavfilter    10.  1.100 / 10.  1.100
  libswscale      8.  1.100 /  8.  1.100
  libswresample   5.  1.100 /  5.  1.100
  libpostproc    58.  1.100 / 58.  1.100
Input #0, concat, from '/home/marco-lasagna/Scaricati/ffmpeg-java/inputFile.txt':
  Duration: N/A, start: 0.000000, bitrate: N/A
  Stream #0:0: Video: mjpeg (Baseline), yuvj420p(pc, bt470bg/unknown/unknown), 4501x4500 [SAR 1:1 DAR 4501:4500], 25 fps, 25 tbr, 25 tbn
Stream mapping:
  Stream #0:0 -> #0:0 (mjpeg (native) -> h264 (libx264))
Press [q] to stop, [?] for help
[swscaler @ 0x7e5e08016b00] deprecated pixel format used, make sure you did set range correctly
    Last message repeated 1 times
[swscaler @ 0x7e5e08b407c0] deprecated pixel format used, make sure you did set range correctly
    Last message repeated 1 times
[vost#0:0/libx264 @ 0x63432beda600] No information about the input framerate is available. Falling back to a default value of 25fps. Use the -r option if you want a different framerate.
[libx264 @ 0x63432bed09c0] using SAR=2048/4095
[libx264 @ 0x63432bed09c0] using cpu capabilities: MMX2 SSE2Fast SSSE3 SSE4.2 AVX FMA3 BMI2 AVX2
[libx264 @ 0x63432bed09c0] profile High, level 4.0, 4:2:0, 8-bit
[libx264 @ 0x63432bed09c0] 264 - core 164 r3108 31e19f9 - H.264/MPEG-4 AVC codec - Copyleft 2003-2023 - http://www.videolan.org/x264.html - options: cabac=1 ref=3 deblock=1:0:0 analyse=0x3:0x113 me=hex subme=7 psy=1 psy_rd=1.00:0.00 mixed_ref=1 me_range=16 chroma_me=1 trellis=1 8x8dct=1 cqm=0 deadzone=21,11 fast_pskip=1 chroma_qp_offset=-2 threads=30 lookahead_threads=5 sliced_threads=0 nr=0 decimate=1 interlaced=0 bluray_compat=0 constrained_intra=0 bframes=3 b_pyramid=2 b_adapt=1 b_bias=0 direct=1 weightb=1 open_gop=0 weightp=2 keyint=250 keyint_min=25 scenecut=40 intra_refresh=0 rc_lookahead=40 rc=crf mbtree=1 crf=23.0 qcomp=0.60 qpmin=0 qpmax=69 qpstep=4 ip_ratio=1.40 aq=1:1.00
Output #0, mp4, to './src/test/resources/output/translation/tempVideo/340.mp4':
  Metadata:
    encoder         : Lavf61.1.100
  Stream #0:0: Video: h264 (avc1 / 0x31637661), yuvj420p(pc, progressive), 2048x1024 [SAR 4501:9000 DAR 4501:4500], q=2-31, 25 fps, 12800 tbn
      Metadata:
        encoder         : Lavc61.3.100 libx264
      Side data:
        cpb: bitrate max/min/avg: 0/0/0 buffer size: 0 vbv_delay: N/A
[out#0/mp4 @ 0x63432bed8380] video:32KiB audio:0KiB subtitle:0KiB other streams:0KiB global headers:0KiB muxing overhead: 2.917049%
frame=    6 fps=0.0 q=-1.0 Lsize=      33KiB time=00:00:00.16 bitrate=1681.2kbits/s dup=0 drop=19 speed=0.672x    
[libx264 @ 0x63432bed09c0] frame I:1     Avg QP:18.68  size: 30241
[libx264 @ 0x63432bed09c0] frame P:2     Avg QP:17.88  size:   484
[libx264 @ 0x63432bed09c0] frame B:3     Avg QP:25.76  size:   257
[libx264 @ 0x63432bed09c0] consecutive B-frames: 33.3%  0.0%  0.0% 66.7%
[libx264 @ 0x63432bed09c0] mb I  I16..4: 25.7% 64.0% 10.4%
[libx264 @ 0x63432bed09c0] mb P  I16..4:  0.1%  0.1%  0.0%  P16..4:  1.2%  0.2%  0.0%  0.0%  0.0%    skip:98.4%
[libx264 @ 0x63432bed09c0] mb B  I16..4:  0.0%  0.0%  0.0%  B16..8:  1.2%  0.1%  0.0%  direct: 0.0%  skip:98.7%  L0:31.6% L1:64.8% BI: 3.6%
[libx264 @ 0x63432bed09c0] 8x8 transform intra:63.9% inter:22.2%
[libx264 @ 0x63432bed09c0] coded y,uvDC,uvAC intra: 6.0% 10.2% 9.1% inter: 0.1% 0.0% 0.0%
[libx264 @ 0x63432bed09c0] i16 v,h,dc,p: 88% 11%  1%  0%
[libx264 @ 0x63432bed09c0] i8 v,h,dc,ddl,ddr,vr,hd,vl,hu: 54% 16% 29%  0%  0%  0%  0%  0%  0%
[libx264 @ 0x63432bed09c0] i4 v,h,dc,ddl,ddr,vr,hd,vl,hu: 38% 31% 10%  4%  2%  2%  4%  4%  5%
[libx264 @ 0x63432bed09c0] i8c dc,h,v,p: 82%  9%  8%  1%
[libx264 @ 0x63432bed09c0] Weighted P-Frames: Y:0.0% UV:0.0%
[libx264 @ 0x63432bed09c0] ref P L0: 96.2%  0.8%  0.0%  2.9%
[libx264 @ 0x63432bed09c0] ref B L0: 79.6% 20.4%
[libx264 @ 0x63432bed09c0] ref B L1: 94.4%  5.6%
[libx264 @ 0x63432bed09c0] kb/s:1066.00
ffmpeg version 7.0.2-3ubuntu1 Copyright (c) 2000-2024 the FFmpeg developers
  built with gcc 14 (Ubuntu 14.2.0-2ubuntu1)
  configuration: --prefix=/usr --extra-version=3ubuntu1 --toolchain=hardened --libdir=/usr/lib/x86_64-linux-gnu --incdir=/usr/include/x86_64-linux-gnu --arch=amd64 --enable-gpl --disable-stripping --disable-libmfx --disable-omx --enable-gnutls --enable-libaom --enable-libass --enable-libbs2b --enable-libcdio --enable-libcodec2 --enable-libdav1d --enable-libflite --enable-libfontconfig --enable-libfreetype --enable-libfribidi --enable-libglslang --enable-libgme --enable-libgsm --enable-libharfbuzz --enable-libmp3lame --enable-libmysofa --enable-libopenjpeg --enable-libopenmpt --enable-libopus --enable-librubberband --enable-libshine --enable-libsnappy --enable-libsoxr --enable-libspeex --enable-libtheora --enable-libtwolame --enable-libvidstab --enable-libvorbis --enable-libvpx --enable-libwebp --enable-libx265 --enable-libxml2 --enable-libxvid --enable-libzimg --enable-openal --enable-opencl --enable-opengl --disable-sndio --enable-libvpl --enable-libdc1394 --enable-libdrm --enable-libiec61883 --enable-chromaprint --enable-frei0r --enable-ladspa --enable-libbluray --enable-libcaca --enable-libdvdnav --enable-libdvdread --enable-libjack --enable-libpulse --enable-librabbitmq --enable-librist --enable-libsrt --enable-libssh --enable-libsvtav1 --enable-libx264 --enable-libzmq --enable-libzvbi --enable-lv2 --enable-sdl2 --enable-libplacebo --enable-librav1e --enable-pocketsphinx --enable-librsvg --enable-libjxl --enable-shared
  libavutil      59.  8.100 / 59.  8.100
  libavcodec     61.  3.100 / 61.  3.100
  libavformat    61.  1.100 / 61.  1.100
  libavdevice    61.  1.100 / 61.  1.100
  libavfilter    10.  1.100 / 10.  1.100
  libswscale      8.  1.100 /  8.  1.100
  libswresample   5.  1.100 /  5.  1.100
  libpostproc    58.  1.100 / 58.  1.100
Input #0, concat, from '/home/marco-lasagna/Scaricati/ffmpeg-java/inputFile.txt':
  Duration: N/A, start: 0.000000, bitrate: N/A
  Stream #0:0: Video: mjpeg (Baseline), yuvj420p(pc, bt470bg/unknown/unknown), 4501x4500 [SAR 1:1 DAR 4501:4500], 25 fps, 25 tbr, 25 tbn
Stream mapping:
  Stream #0:0 -> #0:0 (mjpeg (native) -> h264 (libx264))
Press [q] to stop, [?] for help
[swscaler @ 0x79a15c016b00] deprecated pixel format used, make sure you did set range correctly
    Last message repeated 1 times
[swscaler @ 0x79a15cb407c0] deprecated pixel format used, make sure you did set range correctly
    Last message repeated 1 times
[vost#0:0/libx264 @ 0x5bb2885c5600] No information about the input framerate is available. Falling back to a default value of 25fps. Use the -r option if you want a different framerate.
[libx264 @ 0x5bb2885bb9c0] using SAR=2048/4095
[libx264 @ 0x5bb2885bb9c0] using cpu capabilities: MMX2 SSE2Fast SSSE3 SSE4.2 AVX FMA3 BMI2 AVX2
[libx264 @ 0x5bb2885bb9c0] profile High, level 4.0, 4:2:0, 8-bit
[libx264 @ 0x5bb2885bb9c0] 264 - core 164 r3108 31e19f9 - H.264/MPEG-4 AVC codec - Copyleft 2003-2023 - http://www.videolan.org/x264.html - options: cabac=1 ref=3 deblock=1:0:0 analyse=0x3:0x113 me=hex subme=7 psy=1 psy_rd=1.00:0.00 mixed_ref=1 me_range=16 chroma_me=1 trellis=1 8x8dct=1 cqm=0 deadzone=21,11 fast_pskip=1 chroma_qp_offset=-2 threads=30 lookahead_threads=5 sliced_threads=0 nr=0 decimate=1 interlaced=0 bluray_compat=0 constrained_intra=0 bframes=3 b_pyramid=2 b_adapt=1 b_bias=0 direct=1 weightb=1 open_gop=0 weightp=2 keyint=250 keyint_min=25 scenecut=40 intra_refresh=0 rc_lookahead=40 rc=crf mbtree=1 crf=23.0 qcomp=0.60 qpmin=0 qpmax=69 qpstep=4 ip_ratio=1.40 aq=1:1.00
Output #0, mp4, to './src/test/resources/output/translation/tempVideo/350.mp4':
  Metadata:
    encoder         : Lavf61.1.100
  Stream #0:0: Video: h264 (avc1 / 0x31637661), yuvj420p(pc, progressive), 2048x1024 [SAR 4501:9000 DAR 4501:4500], q=2-31, 25 fps, 12800 tbn
      Metadata:
        encoder         : Lavc61.3.100 libx264
      Side data:
        cpb: bitrate max/min/avg: 0/0/0 buffer size: 0 vbv_delay: N/A
[out#0/mp4 @ 0x5bb2885c3380] video:32KiB audio:0KiB subtitle:0KiB other streams:0KiB global headers:0KiB muxing overhead: 2.924389%
frame=    6 fps=0.0 q=-1.0 Lsize=      33KiB time=00:00:00.16 bitrate=1677.0kbits/s dup=0 drop=19 speed=0.673x    
[libx264 @ 0x5bb2885bb9c0] frame I:1     Avg QP:18.81  size: 30195
[libx264 @ 0x5bb2885bb9c0] frame P:2     Avg QP:19.03  size:   462
[libx264 @ 0x5bb2885bb9c0] frame B:3     Avg QP:25.86  size:   260
[libx264 @ 0x5bb2885bb9c0] consecutive B-frames: 33.3%  0.0%  0.0% 66.7%
[libx264 @ 0x5bb2885bb9c0] mb I  I16..4: 26.0% 63.6% 10.4%
[libx264 @ 0x5bb2885bb9c0] mb P  I16..4:  0.1%  0.1%  0.0%  P16..4:  1.4%  0.2%  0.0%  0.0%  0.0%    skip:98.2%
[libx264 @ 0x5bb2885bb9c0] mb B  I16..4:  0.0%  0.0%  0.0%  B16..8:  1.3%  0.1%  0.0%  direct: 0.0%  skip:98.5%  L0:49.7% L1:48.4% BI: 1.9%
[libx264 @ 0x5bb2885bb9c0] 8x8 transform intra:63.6% inter:29.3%
[libx264 @ 0x5bb2885bb9c0] coded y,uvDC,uvAC intra: 6.0% 10.2% 9.1% inter: 0.1% 0.0% 0.0%
[libx264 @ 0x5bb2885bb9c0] i16 v,h,dc,p: 88% 12%  1%  0%
[libx264 @ 0x5bb2885bb9c0] i8 v,h,dc,ddl,ddr,vr,hd,vl,hu: 48%  5% 46%  0%  0%  0%  0%  0%  0%
[libx264 @ 0x5bb2885bb9c0] i4 v,h,dc,ddl,ddr,vr,hd,vl,hu: 40% 30%  9%  4%  2%  2%  4%  4%  5%
[libx264 @ 0x5bb2885bb9c0] i8c dc,h,v,p: 82%  9%  8%  1%
[libx264 @ 0x5bb2885bb9c0] Weighted P-Frames: Y:0.0% UV:0.0%
[libx264 @ 0x5bb2885bb9c0] ref P L0: 93.9%  0.6%  0.0%  5.6%
[libx264 @ 0x5bb2885bb9c0] ref B L0: 79.8% 20.2%
[libx264 @ 0x5bb2885bb9c0] ref B L1: 95.1%  4.9%
[libx264 @ 0x5bb2885bb9c0] kb/s:1063.27
ffmpeg version 7.0.2-3ubuntu1 Copyright (c) 2000-2024 the FFmpeg developers
  built with gcc 14 (Ubuntu 14.2.0-2ubuntu1)
  configuration: --prefix=/usr --extra-version=3ubuntu1 --toolchain=hardened --libdir=/usr/lib/x86_64-linux-gnu --incdir=/usr/include/x86_64-linux-gnu --arch=amd64 --enable-gpl --disable-stripping --disable-libmfx --disable-omx --enable-gnutls --enable-libaom --enable-libass --enable-libbs2b --enable-libcdio --enable-libcodec2 --enable-libdav1d --enable-libflite --enable-libfontconfig --enable-libfreetype --enable-libfribidi --enable-libglslang --enable-libgme --enable-libgsm --enable-libharfbuzz --enable-libmp3lame --enable-libmysofa --enable-libopenjpeg --enable-libopenmpt --enable-libopus --enable-librubberband --enable-libshine --enable-libsnappy --enable-libsoxr --enable-libspeex --enable-libtheora --enable-libtwolame --enable-libvidstab --enable-libvorbis --enable-libvpx --enable-libwebp --enable-libx265 --enable-libxml2 --enable-libxvid --enable-libzimg --enable-openal --enable-opencl --enable-opengl --disable-sndio --enable-libvpl --enable-libdc1394 --enable-libdrm --enable-libiec61883 --enable-chromaprint --enable-frei0r --enable-ladspa --enable-libbluray --enable-libcaca --enable-libdvdnav --enable-libdvdread --enable-libjack --enable-libpulse --enable-librabbitmq --enable-librist --enable-libsrt --enable-libssh --enable-libsvtav1 --enable-libx264 --enable-libzmq --enable-libzvbi --enable-lv2 --enable-sdl2 --enable-libplacebo --enable-librav1e --enable-pocketsphinx --enable-librsvg --enable-libjxl --enable-shared
  libavutil      59.  8.100 / 59.  8.100
  libavcodec     61.  3.100 / 61.  3.100
  libavformat    61.  1.100 / 61.  1.100
  libavdevice    61.  1.100 / 61.  1.100
  libavfilter    10.  1.100 / 10.  1.100
  libswscale      8.  1.100 /  8.  1.100
  libswresample   5.  1.100 /  5.  1.100
  libpostproc    58.  1.100 / 58.  1.100
Input #0, concat, from '/home/marco-lasagna/Scaricati/ffmpeg-java/inputFile.txt':
  Duration: N/A, start: 0.000000, bitrate: N/A
  Stream #0:0: Video: mjpeg (Baseline), yuvj420p(pc, bt470bg/unknown/unknown), 4501x4500 [SAR 1:1 DAR 4501:4500], 25 fps, 25 tbr, 25 tbn
Stream mapping:
  Stream #0:0 -> #0:0 (mjpeg (native) -> h264 (libx264))
Press [q] to stop, [?] for help
[swscaler @ 0x72b814016b00] deprecated pixel format used, make sure you did set range correctly
    Last message repeated 1 times
[swscaler @ 0x72b814b407c0] deprecated pixel format used, make sure you did set range correctly
    Last message repeated 1 times
[vost#0:0/libx264 @ 0x61cd34c11600] No information about the input framerate is available. Falling back to a default value of 25fps. Use the -r option if you want a different framerate.
[libx264 @ 0x61cd34c079c0] using SAR=2048/4095
[libx264 @ 0x61cd34c079c0] using cpu capabilities: MMX2 SSE2Fast SSSE3 SSE4.2 AVX FMA3 BMI2 AVX2
[libx264 @ 0x61cd34c079c0] profile High, level 4.0, 4:2:0, 8-bit
[libx264 @ 0x61cd34c079c0] 264 - core 164 r3108 31e19f9 - H.264/MPEG-4 AVC codec - Copyleft 2003-2023 - http://www.videolan.org/x264.html - options: cabac=1 ref=3 deblock=1:0:0 analyse=0x3:0x113 me=hex subme=7 psy=1 psy_rd=1.00:0.00 mixed_ref=1 me_range=16 chroma_me=1 trellis=1 8x8dct=1 cqm=0 deadzone=21,11 fast_pskip=1 chroma_qp_offset=-2 threads=30 lookahead_threads=5 sliced_threads=0 nr=0 decimate=1 interlaced=0 bluray_compat=0 constrained_intra=0 bframes=3 b_pyramid=2 b_adapt=1 b_bias=0 direct=1 weightb=1 open_gop=0 weightp=2 keyint=250 keyint_min=25 scenecut=40 intra_refresh=0 rc_lookahead=40 rc=crf mbtree=1 crf=23.0 qcomp=0.60 qpmin=0 qpmax=69 qpstep=4 ip_ratio=1.40 aq=1:1.00
Output #0, mp4, to './src/test/resources/output/translation/tempVideo/360.mp4':
  Metadata:
    encoder         : Lavf61.1.100
  Stream #0:0: Video: h264 (avc1 / 0x31637661), yuvj420p(pc, progressive), 2048x1024 [SAR 4501:9000 DAR 4501:4500], q=2-31, 25 fps, 12800 tbn
      Metadata:
        encoder         : Lavc61.3.100 libx264
      Side data:
        cpb: bitrate max/min/avg: 0/0/0 buffer size: 0 vbv_delay: N/A
[out#0/mp4 @ 0x61cd34c0f380] video:32KiB audio:0KiB subtitle:0KiB other streams:0KiB global headers:0KiB muxing overhead: 2.899565%
frame=    6 fps=0.0 q=-1.0 Lsize=      33KiB time=00:00:00.16 bitrate=1691.0kbits/s dup=0 drop=19 speed=0.659x    
[libx264 @ 0x61cd34c079c0] frame I:1     Avg QP:18.83  size: 30335
[libx264 @ 0x61cd34c079c0] frame P:2     Avg QP:18.89  size:   492
[libx264 @ 0x61cd34c079c0] frame B:3     Avg QP:27.65  size:   286
[libx264 @ 0x61cd34c079c0] consecutive B-frames: 33.3%  0.0%  0.0% 66.7%
[libx264 @ 0x61cd34c079c0] mb I  I16..4: 14.0% 75.7% 10.3%
[libx264 @ 0x61cd34c079c0] mb P  I16..4:  0.1%  0.1%  0.0%  P16..4:  1.3%  0.2%  0.1%  0.0%  0.0%    skip:98.3%
[libx264 @ 0x61cd34c079c0] mb B  I16..4:  0.0%  0.0%  0.0%  B16..8:  1.6%  0.1%  0.0%  direct: 0.0%  skip:98.3%  L0:35.8% L1:62.8% BI: 1.4%
[libx264 @ 0x61cd34c079c0] 8x8 transform intra:75.6% inter:8.4%
[libx264 @ 0x61cd34c079c0] coded y,uvDC,uvAC intra: 5.9% 10.2% 9.1% inter: 0.1% 0.0% 0.0%
[libx264 @ 0x61cd34c079c0] i16 v,h,dc,p: 78% 21%  1%  0%
[libx264 @ 0x61cd34c079c0] i8 v,h,dc,ddl,ddr,vr,hd,vl,hu: 58% 11% 31%  0%  0%  0%  0%  0%  0%
[libx264 @ 0x61cd34c079c0] i4 v,h,dc,ddl,ddr,vr,hd,vl,hu: 42% 28%  8%  4%  2%  2%  4%  4%  5%
[libx264 @ 0x61cd34c079c0] i8c dc,h,v,p: 82%  9%  8%  1%
[libx264 @ 0x61cd34c079c0] Weighted P-Frames: Y:0.0% UV:0.0%
[libx264 @ 0x61cd34c079c0] ref P L0: 94.8%  0.2%  2.6%  2.3%
[libx264 @ 0x61cd34c079c0] ref B L0: 80.6% 19.4%
[libx264 @ 0x61cd34c079c0] ref B L1: 98.9%  1.1%
[libx264 @ 0x61cd34c079c0] kb/s:1072.57
ffmpeg version 7.0.2-3ubuntu1 Copyright (c) 2000-2024 the FFmpeg developers
  built with gcc 14 (Ubuntu 14.2.0-2ubuntu1)
  configuration: --prefix=/usr --extra-version=3ubuntu1 --toolchain=hardened --libdir=/usr/lib/x86_64-linux-gnu --incdir=/usr/include/x86_64-linux-gnu --arch=amd64 --enable-gpl --disable-stripping --disable-libmfx --disable-omx --enable-gnutls --enable-libaom --enable-libass --enable-libbs2b --enable-libcdio --enable-libcodec2 --enable-libdav1d --enable-libflite --enable-libfontconfig --enable-libfreetype --enable-libfribidi --enable-libglslang --enable-libgme --enable-libgsm --enable-libharfbuzz --enable-libmp3lame --enable-libmysofa --enable-libopenjpeg --enable-libopenmpt --enable-libopus --enable-librubberband --enable-libshine --enable-libsnappy --enable-libsoxr --enable-libspeex --enable-libtheora --enable-libtwolame --enable-libvidstab --enable-libvorbis --enable-libvpx --enable-libwebp --enable-libx265 --enable-libxml2 --enable-libxvid --enable-libzimg --enable-openal --enable-opencl --enable-opengl --disable-sndio --enable-libvpl --enable-libdc1394 --enable-libdrm --enable-libiec61883 --enable-chromaprint --enable-frei0r --enable-ladspa --enable-libbluray --enable-libcaca --enable-libdvdnav --enable-libdvdread --enable-libjack --enable-libpulse --enable-librabbitmq --enable-librist --enable-libsrt --enable-libssh --enable-libsvtav1 --enable-libx264 --enable-libzmq --enable-libzvbi --enable-lv2 --enable-sdl2 --enable-libplacebo --enable-librav1e --enable-pocketsphinx --enable-librsvg --enable-libjxl --enable-shared
  libavutil      59.  8.100 / 59.  8.100
  libavcodec     61.  3.100 / 61.  3.100
  libavformat    61.  1.100 / 61.  1.100
  libavdevice    61.  1.100 / 61.  1.100
  libavfilter    10.  1.100 / 10.  1.100
  libswscale      8.  1.100 /  8.  1.100
  libswresample   5.  1.100 /  5.  1.100
  libpostproc    58.  1.100 / 58.  1.100
Input #0, concat, from '/home/marco-lasagna/Scaricati/ffmpeg-java/inputFile.txt':
  Duration: N/A, start: 0.000000, bitrate: N/A
  Stream #0:0: Video: mjpeg (Baseline), yuvj420p(pc, bt470bg/unknown/unknown), 4501x4500 [SAR 1:1 DAR 4501:4500], 25 fps, 25 tbr, 25 tbn
Stream mapping:
  Stream #0:0 -> #0:0 (mjpeg (native) -> h264 (libx264))
Press [q] to stop, [?] for help
[swscaler @ 0x747a64016b00] deprecated pixel format used, make sure you did set range correctly
    Last message repeated 1 times
[swscaler @ 0x747a64b407c0] deprecated pixel format used, make sure you did set range correctly
    Last message repeated 1 times
[vost#0:0/libx264 @ 0x571e8bdf8600] No information about the input framerate is available. Falling back to a default value of 25fps. Use the -r option if you want a different framerate.
[libx264 @ 0x571e8bdee9c0] using SAR=2048/4095
[libx264 @ 0x571e8bdee9c0] using cpu capabilities: MMX2 SSE2Fast SSSE3 SSE4.2 AVX FMA3 BMI2 AVX2
[libx264 @ 0x571e8bdee9c0] profile High, level 4.0, 4:2:0, 8-bit
[libx264 @ 0x571e8bdee9c0] 264 - core 164 r3108 31e19f9 - H.264/MPEG-4 AVC codec - Copyleft 2003-2023 - http://www.videolan.org/x264.html - options: cabac=1 ref=3 deblock=1:0:0 analyse=0x3:0x113 me=hex subme=7 psy=1 psy_rd=1.00:0.00 mixed_ref=1 me_range=16 chroma_me=1 trellis=1 8x8dct=1 cqm=0 deadzone=21,11 fast_pskip=1 chroma_qp_offset=-2 threads=30 lookahead_threads=5 sliced_threads=0 nr=0 decimate=1 interlaced=0 bluray_compat=0 constrained_intra=0 bframes=3 b_pyramid=2 b_adapt=1 b_bias=0 direct=1 weightb=1 open_gop=0 weightp=2 keyint=250 keyint_min=25 scenecut=40 intra_refresh=0 rc_lookahead=40 rc=crf mbtree=1 crf=23.0 qcomp=0.60 qpmin=0 qpmax=69 qpstep=4 ip_ratio=1.40 aq=1:1.00
Output #0, mp4, to './src/test/resources/output/translation/tempVideo/370.mp4':
  Metadata:
    encoder         : Lavf61.1.100
  Stream #0:0: Video: h264 (avc1 / 0x31637661), yuvj420p(pc, progressive), 2048x1024 [SAR 4501:9000 DAR 4501:4500], q=2-31, 25 fps, 12800 tbn
      Metadata:
        encoder         : Lavc61.3.100 libx264
      Side data:
        cpb: bitrate max/min/avg: 0/0/0 buffer size: 0 vbv_delay: N/A
[out#0/mp4 @ 0x571e8bdf6380] video:32KiB audio:0KiB subtitle:0KiB other streams:0KiB global headers:0KiB muxing overhead: 2.932398%
frame=    6 fps=0.0 q=-1.0 Lsize=      33KiB time=00:00:00.16 bitrate=1672.6kbits/s dup=0 drop=19 speed=0.626x    
[libx264 @ 0x571e8bdee9c0] frame I:1     Avg QP:18.14  size: 30180
[libx264 @ 0x571e8bdee9c0] frame P:2     Avg QP:16.10  size:   456
[libx264 @ 0x571e8bdee9c0] frame B:3     Avg QP:26.64  size:   239
[libx264 @ 0x571e8bdee9c0] consecutive B-frames: 33.3%  0.0%  0.0% 66.7%
[libx264 @ 0x571e8bdee9c0] mb I  I16..4: 14.3% 75.3% 10.4%
[libx264 @ 0x571e8bdee9c0] mb P  I16..4:  0.2%  0.1%  0.0%  P16..4:  0.5%  0.2%  0.0%  0.0%  0.0%    skip:99.1%
[libx264 @ 0x571e8bdee9c0] mb B  I16..4:  0.0%  0.0%  0.0%  B16..8:  1.1%  0.1%  0.0%  direct: 0.0%  skip:98.7%  L0:51.1% L1:46.4% BI: 2.5%
[libx264 @ 0x571e8bdee9c0] 8x8 transform intra:75.1% inter:27.6%
[libx264 @ 0x571e8bdee9c0] coded y,uvDC,uvAC intra: 6.0% 10.1% 9.1% inter: 0.1% 0.0% 0.0%
[libx264 @ 0x571e8bdee9c0] i16 v,h,dc,p: 78% 21%  1%  0%
[libx264 @ 0x571e8bdee9c0] i8 v,h,dc,ddl,ddr,vr,hd,vl,hu: 49% 15% 35%  0%  0%  0%  0%  0%  0%
[libx264 @ 0x571e8bdee9c0] i4 v,h,dc,ddl,ddr,vr,hd,vl,hu: 39% 30% 10%  4%  2%  2%  4%  4%  5%
[libx264 @ 0x571e8bdee9c0] i8c dc,h,v,p: 82%  9%  8%  1%
[libx264 @ 0x571e8bdee9c0] Weighted P-Frames: Y:0.0% UV:0.0%
[libx264 @ 0x571e8bdee9c0] ref P L0: 95.3%  0.9%  2.8%  0.9%
[libx264 @ 0x571e8bdee9c0] ref B L0: 92.3%  7.7%
[libx264 @ 0x571e8bdee9c0] ref B L1: 90.5%  9.5%
[libx264 @ 0x571e8bdee9c0] kb/s:1060.30
ffmpeg version 7.0.2-3ubuntu1 Copyright (c) 2000-2024 the FFmpeg developers
  built with gcc 14 (Ubuntu 14.2.0-2ubuntu1)
  configuration: --prefix=/usr --extra-version=3ubuntu1 --toolchain=hardened --libdir=/usr/lib/x86_64-linux-gnu --incdir=/usr/include/x86_64-linux-gnu --arch=amd64 --enable-gpl --disable-stripping --disable-libmfx --disable-omx --enable-gnutls --enable-libaom --enable-libass --enable-libbs2b --enable-libcdio --enable-libcodec2 --enable-libdav1d --enable-libflite --enable-libfontconfig --enable-libfreetype --enable-libfribidi --enable-libglslang --enable-libgme --enable-libgsm --enable-libharfbuzz --enable-libmp3lame --enable-libmysofa --enable-libopenjpeg --enable-libopenmpt --enable-libopus --enable-librubberband --enable-libshine --enable-libsnappy --enable-libsoxr --enable-libspeex --enable-libtheora --enable-libtwolame --enable-libvidstab --enable-libvorbis --enable-libvpx --enable-libwebp --enable-libx265 --enable-libxml2 --enable-libxvid --enable-libzimg --enable-openal --enable-opencl --enable-opengl --disable-sndio --enable-libvpl --enable-libdc1394 --enable-libdrm --enable-libiec61883 --enable-chromaprint --enable-frei0r --enable-ladspa --enable-libbluray --enable-libcaca --enable-libdvdnav --enable-libdvdread --enable-libjack --enable-libpulse --enable-librabbitmq --enable-librist --enable-libsrt --enable-libssh --enable-libsvtav1 --enable-libx264 --enable-libzmq --enable-libzvbi --enable-lv2 --enable-sdl2 --enable-libplacebo --enable-librav1e --enable-pocketsphinx --enable-librsvg --enable-libjxl --enable-shared
  libavutil      59.  8.100 / 59.  8.100
  libavcodec     61.  3.100 / 61.  3.100
  libavformat    61.  1.100 / 61.  1.100
  libavdevice    61.  1.100 / 61.  1.100
  libavfilter    10.  1.100 / 10.  1.100
  libswscale      8.  1.100 /  8.  1.100
  libswresample   5.  1.100 /  5.  1.100
  libpostproc    58.  1.100 / 58.  1.100
Input #0, concat, from '/home/marco-lasagna/Scaricati/ffmpeg-java/inputFile.txt':
  Duration: N/A, start: 0.000000, bitrate: N/A
  Stream #0:0: Video: mjpeg (Baseline), yuvj420p(pc, bt470bg/unknown/unknown), 4501x4500 [SAR 1:1 DAR 4501:4500], 25 fps, 25 tbr, 25 tbn
Stream mapping:
  Stream #0:0 -> #0:0 (mjpeg (native) -> h264 (libx264))
Press [q] to stop, [?] for help
[swscaler @ 0x741140016b00] deprecated pixel format used, make sure you did set range correctly
    Last message repeated 1 times
[swscaler @ 0x741140b407c0] deprecated pixel format used, make sure you did set range correctly
    Last message repeated 1 times
[vost#0:0/libx264 @ 0x5bbfd6735600] No information about the input framerate is available. Falling back to a default value of 25fps. Use the -r option if you want a different framerate.
[libx264 @ 0x5bbfd672b9c0] using SAR=2048/4095
[libx264 @ 0x5bbfd672b9c0] using cpu capabilities: MMX2 SSE2Fast SSSE3 SSE4.2 AVX FMA3 BMI2 AVX2
[libx264 @ 0x5bbfd672b9c0] profile High, level 4.0, 4:2:0, 8-bit
[libx264 @ 0x5bbfd672b9c0] 264 - core 164 r3108 31e19f9 - H.264/MPEG-4 AVC codec - Copyleft 2003-2023 - http://www.videolan.org/x264.html - options: cabac=1 ref=3 deblock=1:0:0 analyse=0x3:0x113 me=hex subme=7 psy=1 psy_rd=1.00:0.00 mixed_ref=1 me_range=16 chroma_me=1 trellis=1 8x8dct=1 cqm=0 deadzone=21,11 fast_pskip=1 chroma_qp_offset=-2 threads=30 lookahead_threads=5 sliced_threads=0 nr=0 decimate=1 interlaced=0 bluray_compat=0 constrained_intra=0 bframes=3 b_pyramid=2 b_adapt=1 b_bias=0 direct=1 weightb=1 open_gop=0 weightp=2 keyint=250 keyint_min=25 scenecut=40 intra_refresh=0 rc_lookahead=40 rc=crf mbtree=1 crf=23.0 qcomp=0.60 qpmin=0 qpmax=69 qpstep=4 ip_ratio=1.40 aq=1:1.00
Output #0, mp4, to './src/test/resources/output/translation/tempVideo/380.mp4':
  Metadata:
    encoder         : Lavf61.1.100
  Stream #0:0: Video: h264 (avc1 / 0x31637661), yuvj420p(pc, progressive), 2048x1024 [SAR 4501:9000 DAR 4501:4500], q=2-31, 25 fps, 12800 tbn
      Metadata:
        encoder         : Lavc61.3.100 libx264
      Side data:
        cpb: bitrate max/min/avg: 0/0/0 buffer size: 0 vbv_delay: N/A
[out#0/mp4 @ 0x5bbfd6733380] video:32KiB audio:0KiB subtitle:0KiB other streams:0KiB global headers:0KiB muxing overhead: 2.918479%
frame=    6 fps=0.0 q=-1.0 Lsize=      33KiB time=00:00:00.16 bitrate=1680.3kbits/s dup=0 drop=19 speed=0.655x    
[libx264 @ 0x5bbfd672b9c0] frame I:1     Avg QP:18.63  size: 30258
[libx264 @ 0x5bbfd672b9c0] frame P:2     Avg QP:17.97  size:   471
[libx264 @ 0x5bbfd672b9c0] frame B:3     Avg QP:25.04  size:   255
[libx264 @ 0x5bbfd672b9c0] consecutive B-frames: 33.3%  0.0%  0.0% 66.7%
[libx264 @ 0x5bbfd672b9c0] mb I  I16..4: 13.3% 76.3% 10.4%
[libx264 @ 0x5bbfd672b9c0] mb P  I16..4:  0.1%  0.1%  0.0%  P16..4:  1.2%  0.1%  0.0%  0.0%  0.0%    skip:98.4%
[libx264 @ 0x5bbfd672b9c0] mb B  I16..4:  0.0%  0.0%  0.0%  B16..8:  1.2%  0.1%  0.0%  direct: 0.0%  skip:98.6%  L0:30.9% L1:66.6% BI: 2.6%
[libx264 @ 0x5bbfd672b9c0] 8x8 transform intra:76.2% inter:39.4%
[libx264 @ 0x5bbfd672b9c0] coded y,uvDC,uvAC intra: 6.0% 10.2% 9.1% inter: 0.1% 0.0% 0.0%
[libx264 @ 0x5bbfd672b9c0] i16 v,h,dc,p: 77% 22%  1%  0%
[libx264 @ 0x5bbfd672b9c0] i8 v,h,dc,ddl,ddr,vr,hd,vl,hu: 40% 10% 49%  0%  0%  0%  0%  0%  0%
[libx264 @ 0x5bbfd672b9c0] i4 v,h,dc,ddl,ddr,vr,hd,vl,hu: 38% 31%  9%  4%  2%  2%  4%  4%  5%
[libx264 @ 0x5bbfd672b9c0] i8c dc,h,v,p: 82%  9%  8%  1%
[libx264 @ 0x5bbfd672b9c0] Weighted P-Frames: Y:0.0% UV:0.0%
[libx264 @ 0x5bbfd672b9c0] ref P L0: 96.9%  0.0%  1.5%  1.5%
[libx264 @ 0x5bbfd672b9c0] ref B L0: 88.8% 11.2%
[libx264 @ 0x5bbfd672b9c0] ref B L1: 93.1%  6.9%
[libx264 @ 0x5bbfd672b9c0] kb/s:1065.47
ffmpeg version 7.0.2-3ubuntu1 Copyright (c) 2000-2024 the FFmpeg developers
  built with gcc 14 (Ubuntu 14.2.0-2ubuntu1)
  configuration: --prefix=/usr --extra-version=3ubuntu1 --toolchain=hardened --libdir=/usr/lib/x86_64-linux-gnu --incdir=/usr/include/x86_64-linux-gnu --arch=amd64 --enable-gpl --disable-stripping --disable-libmfx --disable-omx --enable-gnutls --enable-libaom --enable-libass --enable-libbs2b --enable-libcdio --enable-libcodec2 --enable-libdav1d --enable-libflite --enable-libfontconfig --enable-libfreetype --enable-libfribidi --enable-libglslang --enable-libgme --enable-libgsm --enable-libharfbuzz --enable-libmp3lame --enable-libmysofa --enable-libopenjpeg --enable-libopenmpt --enable-libopus --enable-librubberband --enable-libshine --enable-libsnappy --enable-libsoxr --enable-libspeex --enable-libtheora --enable-libtwolame --enable-libvidstab --enable-libvorbis --enable-libvpx --enable-libwebp --enable-libx265 --enable-libxml2 --enable-libxvid --enable-libzimg --enable-openal --enable-opencl --enable-opengl --disable-sndio --enable-libvpl --enable-libdc1394 --enable-libdrm --enable-libiec61883 --enable-chromaprint --enable-frei0r --enable-ladspa --enable-libbluray --enable-libcaca --enable-libdvdnav --enable-libdvdread --enable-libjack --enable-libpulse --enable-librabbitmq --enable-librist --enable-libsrt --enable-libssh --enable-libsvtav1 --enable-libx264 --enable-libzmq --enable-libzvbi --enable-lv2 --enable-sdl2 --enable-libplacebo --enable-librav1e --enable-pocketsphinx --enable-librsvg --enable-libjxl --enable-shared
  libavutil      59.  8.100 / 59.  8.100
  libavcodec     61.  3.100 / 61.  3.100
  libavformat    61.  1.100 / 61.  1.100
  libavdevice    61.  1.100 / 61.  1.100
  libavfilter    10.  1.100 / 10.  1.100
  libswscale      8.  1.100 /  8.  1.100
  libswresample   5.  1.100 /  5.  1.100
  libpostproc    58.  1.100 / 58.  1.100
Input #0, concat, from '/home/marco-lasagna/Scaricati/ffmpeg-java/inputFile.txt':
  Duration: N/A, start: 0.000000, bitrate: N/A
  Stream #0:0: Video: mjpeg (Baseline), yuvj420p(pc, bt470bg/unknown/unknown), 4501x4500 [SAR 1:1 DAR 4501:4500], 25 fps, 25 tbr, 25 tbn
Stream mapping:
  Stream #0:0 -> #0:0 (mjpeg (native) -> h264 (libx264))
Press [q] to stop, [?] for help
[swscaler @ 0x7438dc016b00] deprecated pixel format used, make sure you did set range correctly
    Last message repeated 1 times
[swscaler @ 0x7438dcb407c0] deprecated pixel format used, make sure you did set range correctly
    Last message repeated 1 times
[vost#0:0/libx264 @ 0x5949a8927600] No information about the input framerate is available. Falling back to a default value of 25fps. Use the -r option if you want a different framerate.
[libx264 @ 0x5949a891d9c0] using SAR=2048/4095
[libx264 @ 0x5949a891d9c0] using cpu capabilities: MMX2 SSE2Fast SSSE3 SSE4.2 AVX FMA3 BMI2 AVX2
[libx264 @ 0x5949a891d9c0] profile High, level 4.0, 4:2:0, 8-bit
[libx264 @ 0x5949a891d9c0] 264 - core 164 r3108 31e19f9 - H.264/MPEG-4 AVC codec - Copyleft 2003-2023 - http://www.videolan.org/x264.html - options: cabac=1 ref=3 deblock=1:0:0 analyse=0x3:0x113 me=hex subme=7 psy=1 psy_rd=1.00:0.00 mixed_ref=1 me_range=16 chroma_me=1 trellis=1 8x8dct=1 cqm=0 deadzone=21,11 fast_pskip=1 chroma_qp_offset=-2 threads=30 lookahead_threads=5 sliced_threads=0 nr=0 decimate=1 interlaced=0 bluray_compat=0 constrained_intra=0 bframes=3 b_pyramid=2 b_adapt=1 b_bias=0 direct=1 weightb=1 open_gop=0 weightp=2 keyint=250 keyint_min=25 scenecut=40 intra_refresh=0 rc_lookahead=40 rc=crf mbtree=1 crf=23.0 qcomp=0.60 qpmin=0 qpmax=69 qpstep=4 ip_ratio=1.40 aq=1:1.00
Output #0, mp4, to './src/test/resources/output/translation/tempVideo/390.mp4':
  Metadata:
    encoder         : Lavf61.1.100
  Stream #0:0: Video: h264 (avc1 / 0x31637661), yuvj420p(pc, progressive), 2048x1024 [SAR 4501:9000 DAR 4501:4500], q=2-31, 25 fps, 12800 tbn
      Metadata:
        encoder         : Lavc61.3.100 libx264
      Side data:
        cpb: bitrate max/min/avg: 0/0/0 buffer size: 0 vbv_delay: N/A
[out#0/mp4 @ 0x5949a8925380] video:32KiB audio:0KiB subtitle:0KiB other streams:0KiB global headers:0KiB muxing overhead: 2.925556%
frame=    6 fps=0.0 q=-1.0 Lsize=      33KiB time=00:00:00.16 bitrate=1676.4kbits/s dup=0 drop=19 speed=0.649x    
[libx264 @ 0x5949a891d9c0] frame I:1     Avg QP:18.15  size: 30226
[libx264 @ 0x5949a891d9c0] frame P:2     Avg QP:18.00  size:   450
[libx264 @ 0x5949a891d9c0] frame B:3     Avg QP:32.32  size:   253
[libx264 @ 0x5949a891d9c0] consecutive B-frames: 33.3%  0.0%  0.0% 66.7%
[libx264 @ 0x5949a891d9c0] mb I  I16..4: 14.3% 75.4% 10.3%
[libx264 @ 0x5949a891d9c0] mb P  I16..4:  0.1%  0.1%  0.0%  P16..4:  1.1%  0.2%  0.0%  0.0%  0.0%    skip:98.4%
[libx264 @ 0x5949a891d9c0] mb B  I16..4:  0.0%  0.0%  0.0%  B16..8:  1.2%  0.1%  0.0%  direct: 0.0%  skip:98.7%  L0:26.9% L1:70.8% BI: 2.3%
[libx264 @ 0x5949a891d9c0] 8x8 transform intra:75.4% inter:27.0%
[libx264 @ 0x5949a891d9c0] coded y,uvDC,uvAC intra: 6.0% 10.1% 9.1% inter: 0.1% 0.0% 0.0%
[libx264 @ 0x5949a891d9c0] i16 v,h,dc,p: 79% 20%  1%  0%
[libx264 @ 0x5949a891d9c0] i8 v,h,dc,ddl,ddr,vr,hd,vl,hu: 53% 12% 35%  0%  0%  0%  0%  0%  0%
[libx264 @ 0x5949a891d9c0] i4 v,h,dc,ddl,ddr,vr,hd,vl,hu: 38% 30% 10%  4%  2%  2%  4%  4%  5%
[libx264 @ 0x5949a891d9c0] i8c dc,h,v,p: 82%  9%  8%  1%
[libx264 @ 0x5949a891d9c0] Weighted P-Frames: Y:0.0% UV:0.0%
[libx264 @ 0x5949a891d9c0] ref P L0: 96.4%  0.0%  0.5%  3.1%
[libx264 @ 0x5949a891d9c0] ref B L0: 81.9% 18.1%
[libx264 @ 0x5949a891d9c0] ref B L1: 95.2%  4.8%
[libx264 @ 0x5949a891d9c0] kb/s:1062.83
ffmpeg version 7.0.2-3ubuntu1 Copyright (c) 2000-2024 the FFmpeg developers
  built with gcc 14 (Ubuntu 14.2.0-2ubuntu1)
  configuration: --prefix=/usr --extra-version=3ubuntu1 --toolchain=hardened --libdir=/usr/lib/x86_64-linux-gnu --incdir=/usr/include/x86_64-linux-gnu --arch=amd64 --enable-gpl --disable-stripping --disable-libmfx --disable-omx --enable-gnutls --enable-libaom --enable-libass --enable-libbs2b --enable-libcdio --enable-libcodec2 --enable-libdav1d --enable-libflite --enable-libfontconfig --enable-libfreetype --enable-libfribidi --enable-libglslang --enable-libgme --enable-libgsm --enable-libharfbuzz --enable-libmp3lame --enable-libmysofa --enable-libopenjpeg --enable-libopenmpt --enable-libopus --enable-librubberband --enable-libshine --enable-libsnappy --enable-libsoxr --enable-libspeex --enable-libtheora --enable-libtwolame --enable-libvidstab --enable-libvorbis --enable-libvpx --enable-libwebp --enable-libx265 --enable-libxml2 --enable-libxvid --enable-libzimg --enable-openal --enable-opencl --enable-opengl --disable-sndio --enable-libvpl --enable-libdc1394 --enable-libdrm --enable-libiec61883 --enable-chromaprint --enable-frei0r --enable-ladspa --enable-libbluray --enable-libcaca --enable-libdvdnav --enable-libdvdread --enable-libjack --enable-libpulse --enable-librabbitmq --enable-librist --enable-libsrt --enable-libssh --enable-libsvtav1 --enable-libx264 --enable-libzmq --enable-libzvbi --enable-lv2 --enable-sdl2 --enable-libplacebo --enable-librav1e --enable-pocketsphinx --enable-librsvg --enable-libjxl --enable-shared
  libavutil      59.  8.100 / 59.  8.100
  libavcodec     61.  3.100 / 61.  3.100
  libavformat    61.  1.100 / 61.  1.100
  libavdevice    61.  1.100 / 61.  1.100
  libavfilter    10.  1.100 / 10.  1.100
  libswscale      8.  1.100 /  8.  1.100
  libswresample   5.  1.100 /  5.  1.100
  libpostproc    58.  1.100 / 58.  1.100
Input #0, concat, from '/home/marco-lasagna/Scaricati/ffmpeg-java/inputFile.txt':
  Duration: N/A, start: 0.000000, bitrate: N/A
  Stream #0:0: Video: mjpeg (Baseline), yuvj420p(pc, bt470bg/unknown/unknown), 4501x4500 [SAR 1:1 DAR 4501:4500], 25 fps, 25 tbr, 25 tbn
Stream mapping:
  Stream #0:0 -> #0:0 (mjpeg (native) -> h264 (libx264))
Press [q] to stop, [?] for help
[swscaler @ 0x795138016b00] deprecated pixel format used, make sure you did set range correctly
    Last message repeated 1 times
[swscaler @ 0x795138b407c0] deprecated pixel format used, make sure you did set range correctly
    Last message repeated 1 times
[vost#0:0/libx264 @ 0x6016329c0600] No information about the input framerate is available. Falling back to a default value of 25fps. Use the -r option if you want a different framerate.
[libx264 @ 0x6016329b69c0] using SAR=2048/4095
[libx264 @ 0x6016329b69c0] using cpu capabilities: MMX2 SSE2Fast SSSE3 SSE4.2 AVX FMA3 BMI2 AVX2
[libx264 @ 0x6016329b69c0] profile High, level 4.0, 4:2:0, 8-bit
[libx264 @ 0x6016329b69c0] 264 - core 164 r3108 31e19f9 - H.264/MPEG-4 AVC codec - Copyleft 2003-2023 - http://www.videolan.org/x264.html - options: cabac=1 ref=3 deblock=1:0:0 analyse=0x3:0x113 me=hex subme=7 psy=1 psy_rd=1.00:0.00 mixed_ref=1 me_range=16 chroma_me=1 trellis=1 8x8dct=1 cqm=0 deadzone=21,11 fast_pskip=1 chroma_qp_offset=-2 threads=30 lookahead_threads=5 sliced_threads=0 nr=0 decimate=1 interlaced=0 bluray_compat=0 constrained_intra=0 bframes=3 b_pyramid=2 b_adapt=1 b_bias=0 direct=1 weightb=1 open_gop=0 weightp=2 keyint=250 keyint_min=25 scenecut=40 intra_refresh=0 rc_lookahead=40 rc=crf mbtree=1 crf=23.0 qcomp=0.60 qpmin=0 qpmax=69 qpstep=4 ip_ratio=1.40 aq=1:1.00
Output #0, mp4, to './src/test/resources/output/translation/tempVideo/400.mp4':
  Metadata:
    encoder         : Lavf61.1.100
  Stream #0:0: Video: h264 (avc1 / 0x31637661), yuvj420p(pc, progressive), 2048x1024 [SAR 4501:9000 DAR 4501:4500], q=2-31, 25 fps, 12800 tbn
      Metadata:
        encoder         : Lavc61.3.100 libx264
      Side data:
        cpb: bitrate max/min/avg: 0/0/0 buffer size: 0 vbv_delay: N/A
[out#0/mp4 @ 0x6016329be380] video:32KiB audio:0KiB subtitle:0KiB other streams:0KiB global headers:0KiB muxing overhead: 2.912681%
frame=    6 fps=0.0 q=-1.0 Lsize=      33KiB time=00:00:00.16 bitrate=1683.6kbits/s dup=0 drop=19 speed=0.681x    
[libx264 @ 0x6016329b69c0] frame I:1     Avg QP:18.49  size: 30219
[libx264 @ 0x6016329b69c0] frame P:2     Avg QP:19.23  size:   507
[libx264 @ 0x6016329b69c0] frame B:3     Avg QP:26.58  size:   265
[libx264 @ 0x6016329b69c0] consecutive B-frames: 33.3%  0.0%  0.0% 66.7%
[libx264 @ 0x6016329b69c0] mb I  I16..4: 26.0% 63.6% 10.3%
[libx264 @ 0x6016329b69c0] mb P  I16..4:  0.1%  0.1%  0.0%  P16..4:  1.2%  0.2%  0.1%  0.0%  0.0%    skip:98.3%
[libx264 @ 0x6016329b69c0] mb B  I16..4:  0.0%  0.0%  0.0%  B16..8:  1.2%  0.1%  0.0%  direct: 0.0%  skip:98.6%  L0:58.0% L1:40.3% BI: 1.7%
[libx264 @ 0x6016329b69c0] 8x8 transform intra:63.6% inter:26.8%
[libx264 @ 0x6016329b69c0] coded y,uvDC,uvAC intra: 5.9% 10.2% 9.1% inter: 0.1% 0.0% 0.0%
[libx264 @ 0x6016329b69c0] i16 v,h,dc,p: 88% 12%  1%  0%
[libx264 @ 0x6016329b69c0] i8 v,h,dc,ddl,ddr,vr,hd,vl,hu: 46%  8% 46%  0%  0%  0%  0%  0%  0%
[libx264 @ 0x6016329b69c0] i4 v,h,dc,ddl,ddr,vr,hd,vl,hu: 39% 31%  9%  4%  2%  2%  4%  4%  5%
[libx264 @ 0x6016329b69c0] i8c dc,h,v,p: 82%  9%  8%  1%
[libx264 @ 0x6016329b69c0] Weighted P-Frames: Y:0.0% UV:0.0%
[libx264 @ 0x6016329b69c0] ref P L0: 94.9%  0.4%  0.9%  3.8%
[libx264 @ 0x6016329b69c0] ref B L0: 92.0%  8.0%
[libx264 @ 0x6016329b69c0] ref B L1: 93.4%  6.6%
[libx264 @ 0x6016329b69c0] kb/s:1067.63
ffmpeg version 7.0.2-3ubuntu1 Copyright (c) 2000-2024 the FFmpeg developers
  built with gcc 14 (Ubuntu 14.2.0-2ubuntu1)
  configuration: --prefix=/usr --extra-version=3ubuntu1 --toolchain=hardened --libdir=/usr/lib/x86_64-linux-gnu --incdir=/usr/include/x86_64-linux-gnu --arch=amd64 --enable-gpl --disable-stripping --disable-libmfx --disable-omx --enable-gnutls --enable-libaom --enable-libass --enable-libbs2b --enable-libcdio --enable-libcodec2 --enable-libdav1d --enable-libflite --enable-libfontconfig --enable-libfreetype --enable-libfribidi --enable-libglslang --enable-libgme --enable-libgsm --enable-libharfbuzz --enable-libmp3lame --enable-libmysofa --enable-libopenjpeg --enable-libopenmpt --enable-libopus --enable-librubberband --enable-libshine --enable-libsnappy --enable-libsoxr --enable-libspeex --enable-libtheora --enable-libtwolame --enable-libvidstab --enable-libvorbis --enable-libvpx --enable-libwebp --enable-libx265 --enable-libxml2 --enable-libxvid --enable-libzimg --enable-openal --enable-opencl --enable-opengl --disable-sndio --enable-libvpl --enable-libdc1394 --enable-libdrm --enable-libiec61883 --enable-chromaprint --enable-frei0r --enable-ladspa --enable-libbluray --enable-libcaca --enable-libdvdnav --enable-libdvdread --enable-libjack --enable-libpulse --enable-librabbitmq --enable-librist --enable-libsrt --enable-libssh --enable-libsvtav1 --enable-libx264 --enable-libzmq --enable-libzvbi --enable-lv2 --enable-sdl2 --enable-libplacebo --enable-librav1e --enable-pocketsphinx --enable-librsvg --enable-libjxl --enable-shared
  libavutil      59.  8.100 / 59.  8.100
  libavcodec     61.  3.100 / 61.  3.100
  libavformat    61.  1.100 / 61.  1.100
  libavdevice    61.  1.100 / 61.  1.100
  libavfilter    10.  1.100 / 10.  1.100
  libswscale      8.  1.100 /  8.  1.100
  libswresample   5.  1.100 /  5.  1.100
  libpostproc    58.  1.100 / 58.  1.100
Input #0, concat, from '/home/marco-lasagna/Scaricati/ffmpeg-java/inputFile.txt':
  Duration: N/A, start: 0.000000, bitrate: N/A
  Stream #0:0: Video: mjpeg (Baseline), yuvj420p(pc, bt470bg/unknown/unknown), 4501x4500 [SAR 1:1 DAR 4501:4500], 25 fps, 25 tbr, 25 tbn
Stream mapping:
  Stream #0:0 -> #0:0 (mjpeg (native) -> h264 (libx264))
Press [q] to stop, [?] for help
[swscaler @ 0x723ff4016b00] deprecated pixel format used, make sure you did set range correctly
    Last message repeated 1 times
[swscaler @ 0x723ff4b407c0] deprecated pixel format used, make sure you did set range correctly
    Last message repeated 1 times
[vost#0:0/libx264 @ 0x634420ed6600] No information about the input framerate is available. Falling back to a default value of 25fps. Use the -r option if you want a different framerate.
[libx264 @ 0x634420ecc9c0] using SAR=2048/4095
[libx264 @ 0x634420ecc9c0] using cpu capabilities: MMX2 SSE2Fast SSSE3 SSE4.2 AVX FMA3 BMI2 AVX2
[libx264 @ 0x634420ecc9c0] profile High, level 4.0, 4:2:0, 8-bit
[libx264 @ 0x634420ecc9c0] 264 - core 164 r3108 31e19f9 - H.264/MPEG-4 AVC codec - Copyleft 2003-2023 - http://www.videolan.org/x264.html - options: cabac=1 ref=3 deblock=1:0:0 analyse=0x3:0x113 me=hex subme=7 psy=1 psy_rd=1.00:0.00 mixed_ref=1 me_range=16 chroma_me=1 trellis=1 8x8dct=1 cqm=0 deadzone=21,11 fast_pskip=1 chroma_qp_offset=-2 threads=30 lookahead_threads=5 sliced_threads=0 nr=0 decimate=1 interlaced=0 bluray_compat=0 constrained_intra=0 bframes=3 b_pyramid=2 b_adapt=1 b_bias=0 direct=1 weightb=1 open_gop=0 weightp=2 keyint=250 keyint_min=25 scenecut=40 intra_refresh=0 rc_lookahead=40 rc=crf mbtree=1 crf=23.0 qcomp=0.60 qpmin=0 qpmax=69 qpstep=4 ip_ratio=1.40 aq=1:1.00
Output #0, mp4, to './src/test/resources/output/translation/tempVideo/410.mp4':
  Metadata:
    encoder         : Lavf61.1.100
  Stream #0:0: Video: h264 (avc1 / 0x31637661), yuvj420p(pc, progressive), 2048x1024 [SAR 4501:9000 DAR 4501:4500], q=2-31, 25 fps, 12800 tbn
      Metadata:
        encoder         : Lavc61.3.100 libx264
      Side data:
        cpb: bitrate max/min/avg: 0/0/0 buffer size: 0 vbv_delay: N/A
[out#0/mp4 @ 0x634420ed4380] video:32KiB audio:0KiB subtitle:0KiB other streams:0KiB global headers:0KiB muxing overhead: 2.914640%
frame=    6 fps=0.0 q=-1.0 Lsize=      33KiB time=00:00:00.16 bitrate=1682.5kbits/s dup=0 drop=19 speed=0.665x    
[libx264 @ 0x634420ecc9c0] frame I:1     Avg QP:18.49  size: 30228
[libx264 @ 0x634420ecc9c0] frame P:2     Avg QP:18.07  size:   480
[libx264 @ 0x634420ecc9c0] frame B:3     Avg QP:25.53  size:   273
[libx264 @ 0x634420ecc9c0] consecutive B-frames: 33.3%  0.0%  0.0% 66.7%
[libx264 @ 0x634420ecc9c0] mb I  I16..4: 26.0% 63.6% 10.4%
[libx264 @ 0x634420ecc9c0] mb P  I16..4:  0.1%  0.1%  0.0%  P16..4:  1.2%  0.3%  0.0%  0.0%  0.0%    skip:98.3%
[libx264 @ 0x634420ecc9c0] mb B  I16..4:  0.0%  0.0%  0.0%  B16..8:  1.3%  0.1%  0.0%  direct: 0.0%  skip:98.5%  L0:28.6% L1:69.9% BI: 1.6%
[libx264 @ 0x634420ecc9c0] 8x8 transform intra:63.6% inter:20.5%
[libx264 @ 0x634420ecc9c0] coded y,uvDC,uvAC intra: 5.9% 10.2% 9.1% inter: 0.1% 0.0% 0.0%
[libx264 @ 0x634420ecc9c0] i16 v,h,dc,p: 88% 11%  1%  0%
[libx264 @ 0x634420ecc9c0] i8 v,h,dc,ddl,ddr,vr,hd,vl,hu: 49%  5% 46%  0%  0%  0%  0%  0%  0%
[libx264 @ 0x634420ecc9c0] i4 v,h,dc,ddl,ddr,vr,hd,vl,hu: 40% 30%  9%  4%  2%  2%  4%  4%  5%
[libx264 @ 0x634420ecc9c0] i8c dc,h,v,p: 82%  9%  8%  1%
[libx264 @ 0x634420ecc9c0] Weighted P-Frames: Y:0.0% UV:0.0%
[libx264 @ 0x634420ecc9c0] ref P L0: 97.9%  0.0%  0.8%  1.2%
[libx264 @ 0x634420ecc9c0] ref B L0: 90.5%  9.5%
[libx264 @ 0x634420ecc9c0] ref B L1: 94.8%  5.2%
[libx264 @ 0x634420ecc9c0] kb/s:1066.90
ffmpeg version 7.0.2-3ubuntu1 Copyright (c) 2000-2024 the FFmpeg developers
  built with gcc 14 (Ubuntu 14.2.0-2ubuntu1)
  configuration: --prefix=/usr --extra-version=3ubuntu1 --toolchain=hardened --libdir=/usr/lib/x86_64-linux-gnu --incdir=/usr/include/x86_64-linux-gnu --arch=amd64 --enable-gpl --disable-stripping --disable-libmfx --disable-omx --enable-gnutls --enable-libaom --enable-libass --enable-libbs2b --enable-libcdio --enable-libcodec2 --enable-libdav1d --enable-libflite --enable-libfontconfig --enable-libfreetype --enable-libfribidi --enable-libglslang --enable-libgme --enable-libgsm --enable-libharfbuzz --enable-libmp3lame --enable-libmysofa --enable-libopenjpeg --enable-libopenmpt --enable-libopus --enable-librubberband --enable-libshine --enable-libsnappy --enable-libsoxr --enable-libspeex --enable-libtheora --enable-libtwolame --enable-libvidstab --enable-libvorbis --enable-libvpx --enable-libwebp --enable-libx265 --enable-libxml2 --enable-libxvid --enable-libzimg --enable-openal --enable-opencl --enable-opengl --disable-sndio --enable-libvpl --enable-libdc1394 --enable-libdrm --enable-libiec61883 --enable-chromaprint --enable-frei0r --enable-ladspa --enable-libbluray --enable-libcaca --enable-libdvdnav --enable-libdvdread --enable-libjack --enable-libpulse --enable-librabbitmq --enable-librist --enable-libsrt --enable-libssh --enable-libsvtav1 --enable-libx264 --enable-libzmq --enable-libzvbi --enable-lv2 --enable-sdl2 --enable-libplacebo --enable-librav1e --enable-pocketsphinx --enable-librsvg --enable-libjxl --enable-shared
  libavutil      59.  8.100 / 59.  8.100
  libavcodec     61.  3.100 / 61.  3.100
  libavformat    61.  1.100 / 61.  1.100
  libavdevice    61.  1.100 / 61.  1.100
  libavfilter    10.  1.100 / 10.  1.100
  libswscale      8.  1.100 /  8.  1.100
  libswresample   5.  1.100 /  5.  1.100
  libpostproc    58.  1.100 / 58.  1.100
Input #0, concat, from '/home/marco-lasagna/Scaricati/ffmpeg-java/inputFile.txt':
  Duration: N/A, start: 0.000000, bitrate: N/A
  Stream #0:0: Video: mjpeg (Baseline), yuvj420p(pc, bt470bg/unknown/unknown), 4501x4500 [SAR 1:1 DAR 4501:4500], 25 fps, 25 tbr, 25 tbn
Stream mapping:
  Stream #0:0 -> #0:0 (mjpeg (native) -> h264 (libx264))
Press [q] to stop, [?] for help
[swscaler @ 0x731498016b00] deprecated pixel format used, make sure you did set range correctly
    Last message repeated 1 times
[swscaler @ 0x731498b407c0] deprecated pixel format used, make sure you did set range correctly
    Last message repeated 1 times
[vost#0:0/libx264 @ 0x62f320fc2600] No information about the input framerate is available. Falling back to a default value of 25fps. Use the -r option if you want a different framerate.
[libx264 @ 0x62f320fb89c0] using SAR=2048/4095
[libx264 @ 0x62f320fb89c0] using cpu capabilities: MMX2 SSE2Fast SSSE3 SSE4.2 AVX FMA3 BMI2 AVX2
[libx264 @ 0x62f320fb89c0] profile High, level 4.0, 4:2:0, 8-bit
[libx264 @ 0x62f320fb89c0] 264 - core 164 r3108 31e19f9 - H.264/MPEG-4 AVC codec - Copyleft 2003-2023 - http://www.videolan.org/x264.html - options: cabac=1 ref=3 deblock=1:0:0 analyse=0x3:0x113 me=hex subme=7 psy=1 psy_rd=1.00:0.00 mixed_ref=1 me_range=16 chroma_me=1 trellis=1 8x8dct=1 cqm=0 deadzone=21,11 fast_pskip=1 chroma_qp_offset=-2 threads=30 lookahead_threads=5 sliced_threads=0 nr=0 decimate=1 interlaced=0 bluray_compat=0 constrained_intra=0 bframes=3 b_pyramid=2 b_adapt=1 b_bias=0 direct=1 weightb=1 open_gop=0 weightp=2 keyint=250 keyint_min=25 scenecut=40 intra_refresh=0 rc_lookahead=40 rc=crf mbtree=1 crf=23.0 qcomp=0.60 qpmin=0 qpmax=69 qpstep=4 ip_ratio=1.40 aq=1:1.00
Output #0, mp4, to './src/test/resources/output/translation/tempVideo/420.mp4':
  Metadata:
    encoder         : Lavf61.1.100
  Stream #0:0: Video: h264 (avc1 / 0x31637661), yuvj420p(pc, progressive), 2048x1024 [SAR 4501:9000 DAR 4501:4500], q=2-31, 25 fps, 12800 tbn
      Metadata:
        encoder         : Lavc61.3.100 libx264
      Side data:
        cpb: bitrate max/min/avg: 0/0/0 buffer size: 0 vbv_delay: N/A
[out#0/mp4 @ 0x62f320fc0380] video:32KiB audio:0KiB subtitle:0KiB other streams:0KiB global headers:0KiB muxing overhead: 2.918389%
frame=    6 fps=0.0 q=-1.0 Lsize=      33KiB time=00:00:00.16 bitrate=1680.4kbits/s dup=0 drop=19 speed=0.673x    
[libx264 @ 0x62f320fb89c0] frame I:1     Avg QP:18.52  size: 30182
[libx264 @ 0x62f320fb89c0] frame P:2     Avg QP:18.21  size:   502
[libx264 @ 0x62f320fb89c0] frame B:3     Avg QP:26.38  size:   260
[libx264 @ 0x62f320fb89c0] consecutive B-frames: 33.3%  0.0%  0.0% 66.7%
[libx264 @ 0x62f320fb89c0] mb I  I16..4: 14.2% 75.5% 10.3%
[libx264 @ 0x62f320fb89c0] mb P  I16..4:  0.1%  0.1%  0.0%  P16..4:  1.1%  0.3%  0.1%  0.0%  0.0%    skip:98.3%
[libx264 @ 0x62f320fb89c0] mb B  I16..4:  0.0%  0.0%  0.0%  B16..8:  1.1%  0.1%  0.0%  direct: 0.0%  skip:98.7%  L0:54.5% L1:42.1% BI: 3.4%
[libx264 @ 0x62f320fb89c0] 8x8 transform intra:75.4% inter:37.2%
[libx264 @ 0x62f320fb89c0] coded y,uvDC,uvAC intra: 5.9% 10.2% 9.1% inter: 0.1% 0.0% 0.0%
[libx264 @ 0x62f320fb89c0] i16 v,h,dc,p: 78% 20%  1%  0%
[libx264 @ 0x62f320fb89c0] i8 v,h,dc,ddl,ddr,vr,hd,vl,hu: 57% 11% 32%  0%  0%  0%  0%  0%  0%
[libx264 @ 0x62f320fb89c0] i4 v,h,dc,ddl,ddr,vr,hd,vl,hu: 39% 30% 10%  4%  2%  2%  4%  4%  5%
[libx264 @ 0x62f320fb89c0] i8c dc,h,v,p: 82%  9%  8%  1%
[libx264 @ 0x62f320fb89c0] Weighted P-Frames: Y:0.0% UV:0.0%
[libx264 @ 0x62f320fb89c0] ref P L0: 95.9%  0.0%  0.8%  3.3%
[libx264 @ 0x62f320fb89c0] ref B L0: 92.8%  7.2%
[libx264 @ 0x62f320fb89c0] ref B L1: 92.0%  8.0%
[libx264 @ 0x62f320fb89c0] kb/s:1065.50
ffmpeg version 7.0.2-3ubuntu1 Copyright (c) 2000-2024 the FFmpeg developers
  built with gcc 14 (Ubuntu 14.2.0-2ubuntu1)
  configuration: --prefix=/usr --extra-version=3ubuntu1 --toolchain=hardened --libdir=/usr/lib/x86_64-linux-gnu --incdir=/usr/include/x86_64-linux-gnu --arch=amd64 --enable-gpl --disable-stripping --disable-libmfx --disable-omx --enable-gnutls --enable-libaom --enable-libass --enable-libbs2b --enable-libcdio --enable-libcodec2 --enable-libdav1d --enable-libflite --enable-libfontconfig --enable-libfreetype --enable-libfribidi --enable-libglslang --enable-libgme --enable-libgsm --enable-libharfbuzz --enable-libmp3lame --enable-libmysofa --enable-libopenjpeg --enable-libopenmpt --enable-libopus --enable-librubberband --enable-libshine --enable-libsnappy --enable-libsoxr --enable-libspeex --enable-libtheora --enable-libtwolame --enable-libvidstab --enable-libvorbis --enable-libvpx --enable-libwebp --enable-libx265 --enable-libxml2 --enable-libxvid --enable-libzimg --enable-openal --enable-opencl --enable-opengl --disable-sndio --enable-libvpl --enable-libdc1394 --enable-libdrm --enable-libiec61883 --enable-chromaprint --enable-frei0r --enable-ladspa --enable-libbluray --enable-libcaca --enable-libdvdnav --enable-libdvdread --enable-libjack --enable-libpulse --enable-librabbitmq --enable-librist --enable-libsrt --enable-libssh --enable-libsvtav1 --enable-libx264 --enable-libzmq --enable-libzvbi --enable-lv2 --enable-sdl2 --enable-libplacebo --enable-librav1e --enable-pocketsphinx --enable-librsvg --enable-libjxl --enable-shared
  libavutil      59.  8.100 / 59.  8.100
  libavcodec     61.  3.100 / 61.  3.100
  libavformat    61.  1.100 / 61.  1.100
  libavdevice    61.  1.100 / 61.  1.100
  libavfilter    10.  1.100 / 10.  1.100
  libswscale      8.  1.100 /  8.  1.100
  libswresample   5.  1.100 /  5.  1.100
  libpostproc    58.  1.100 / 58.  1.100
Input #0, concat, from '/home/marco-lasagna/Scaricati/ffmpeg-java/inputFile.txt':
  Duration: N/A, start: 0.000000, bitrate: N/A
  Stream #0:0: Video: mjpeg (Baseline), yuvj420p(pc, bt470bg/unknown/unknown), 4501x4500 [SAR 1:1 DAR 4501:4500], 25 fps, 25 tbr, 25 tbn
Stream mapping:
  Stream #0:0 -> #0:0 (mjpeg (native) -> h264 (libx264))
Press [q] to stop, [?] for help
[swscaler @ 0x7e333c016b00] deprecated pixel format used, make sure you did set range correctly
    Last message repeated 1 times
[swscaler @ 0x7e333cb407c0] deprecated pixel format used, make sure you did set range correctly
    Last message repeated 1 times
[vost#0:0/libx264 @ 0x61348b45e600] No information about the input framerate is available. Falling back to a default value of 25fps. Use the -r option if you want a different framerate.
[libx264 @ 0x61348b4549c0] using SAR=2048/4095
[libx264 @ 0x61348b4549c0] using cpu capabilities: MMX2 SSE2Fast SSSE3 SSE4.2 AVX FMA3 BMI2 AVX2
[libx264 @ 0x61348b4549c0] profile High, level 4.0, 4:2:0, 8-bit
[libx264 @ 0x61348b4549c0] 264 - core 164 r3108 31e19f9 - H.264/MPEG-4 AVC codec - Copyleft 2003-2023 - http://www.videolan.org/x264.html - options: cabac=1 ref=3 deblock=1:0:0 analyse=0x3:0x113 me=hex subme=7 psy=1 psy_rd=1.00:0.00 mixed_ref=1 me_range=16 chroma_me=1 trellis=1 8x8dct=1 cqm=0 deadzone=21,11 fast_pskip=1 chroma_qp_offset=-2 threads=30 lookahead_threads=5 sliced_threads=0 nr=0 decimate=1 interlaced=0 bluray_compat=0 constrained_intra=0 bframes=3 b_pyramid=2 b_adapt=1 b_bias=0 direct=1 weightb=1 open_gop=0 weightp=2 keyint=250 keyint_min=25 scenecut=40 intra_refresh=0 rc_lookahead=40 rc=crf mbtree=1 crf=23.0 qcomp=0.60 qpmin=0 qpmax=69 qpstep=4 ip_ratio=1.40 aq=1:1.00
Output #0, mp4, to './src/test/resources/output/translation/tempVideo/430.mp4':
  Metadata:
    encoder         : Lavf61.1.100
  Stream #0:0: Video: h264 (avc1 / 0x31637661), yuvj420p(pc, progressive), 2048x1024 [SAR 4501:9000 DAR 4501:4500], q=2-31, 25 fps, 12800 tbn
      Metadata:
        encoder         : Lavc61.3.100 libx264
      Side data:
        cpb: bitrate max/min/avg: 0/0/0 buffer size: 0 vbv_delay: N/A
[out#0/mp4 @ 0x61348b45c380] video:32KiB audio:0KiB subtitle:0KiB other streams:0KiB global headers:0KiB muxing overhead: 2.914195%
frame=    6 fps=0.0 q=-1.0 Lsize=      33KiB time=00:00:00.16 bitrate=1682.8kbits/s dup=0 drop=19 speed=0.677x    
[libx264 @ 0x61348b4549c0] frame I:1     Avg QP:18.76  size: 30238
[libx264 @ 0x61348b4549c0] frame P:2     Avg QP:17.98  size:   496
[libx264 @ 0x61348b4549c0] frame B:3     Avg QP:31.38  size:   260
[libx264 @ 0x61348b4549c0] consecutive B-frames: 33.3%  0.0%  0.0% 66.7%
[libx264 @ 0x61348b4549c0] mb I  I16..4: 22.8% 66.8% 10.3%
[libx264 @ 0x61348b4549c0] mb P  I16..4:  0.1%  0.1%  0.0%  P16..4:  1.2%  0.2%  0.1%  0.0%  0.0%    skip:98.3%
[libx264 @ 0x61348b4549c0] mb B  I16..4:  0.0%  0.0%  0.0%  B16..8:  1.2%  0.1%  0.0%  direct: 0.0%  skip:98.6%  L0:33.0% L1:65.5% BI: 1.5%
[libx264 @ 0x61348b4549c0] 8x8 transform intra:66.8% inter:33.8%
[libx264 @ 0x61348b4549c0] coded y,uvDC,uvAC intra: 6.0% 10.2% 9.1% inter: 0.1% 0.0% 0.0%
[libx264 @ 0x61348b4549c0] i16 v,h,dc,p: 87% 12%  1%  0%
[libx264 @ 0x61348b4549c0] i8 v,h,dc,ddl,ddr,vr,hd,vl,hu: 58% 10% 32%  0%  0%  0%  0%  0%  0%
[libx264 @ 0x61348b4549c0] i4 v,h,dc,ddl,ddr,vr,hd,vl,hu: 38% 31%  9%  4%  2%  2%  4%  4%  5%
[libx264 @ 0x61348b4549c0] i8c dc,h,v,p: 82%  9%  8%  1%
[libx264 @ 0x61348b4549c0] Weighted P-Frames: Y:0.0% UV:0.0%
[libx264 @ 0x61348b4549c0] ref P L0: 95.2%  0.0%  0.8%  4.0%
[libx264 @ 0x61348b4549c0] ref B L0: 88.5% 11.5%
[libx264 @ 0x61348b4549c0] ref B L1: 95.4%  4.6%
[libx264 @ 0x61348b4549c0] kb/s:1067.07
ffmpeg version 7.0.2-3ubuntu1 Copyright (c) 2000-2024 the FFmpeg developers
  built with gcc 14 (Ubuntu 14.2.0-2ubuntu1)
  configuration: --prefix=/usr --extra-version=3ubuntu1 --toolchain=hardened --libdir=/usr/lib/x86_64-linux-gnu --incdir=/usr/include/x86_64-linux-gnu --arch=amd64 --enable-gpl --disable-stripping --disable-libmfx --disable-omx --enable-gnutls --enable-libaom --enable-libass --enable-libbs2b --enable-libcdio --enable-libcodec2 --enable-libdav1d --enable-libflite --enable-libfontconfig --enable-libfreetype --enable-libfribidi --enable-libglslang --enable-libgme --enable-libgsm --enable-libharfbuzz --enable-libmp3lame --enable-libmysofa --enable-libopenjpeg --enable-libopenmpt --enable-libopus --enable-librubberband --enable-libshine --enable-libsnappy --enable-libsoxr --enable-libspeex --enable-libtheora --enable-libtwolame --enable-libvidstab --enable-libvorbis --enable-libvpx --enable-libwebp --enable-libx265 --enable-libxml2 --enable-libxvid --enable-libzimg --enable-openal --enable-opencl --enable-opengl --disable-sndio --enable-libvpl --enable-libdc1394 --enable-libdrm --enable-libiec61883 --enable-chromaprint --enable-frei0r --enable-ladspa --enable-libbluray --enable-libcaca --enable-libdvdnav --enable-libdvdread --enable-libjack --enable-libpulse --enable-librabbitmq --enable-librist --enable-libsrt --enable-libssh --enable-libsvtav1 --enable-libx264 --enable-libzmq --enable-libzvbi --enable-lv2 --enable-sdl2 --enable-libplacebo --enable-librav1e --enable-pocketsphinx --enable-librsvg --enable-libjxl --enable-shared
  libavutil      59.  8.100 / 59.  8.100
  libavcodec     61.  3.100 / 61.  3.100
  libavformat    61.  1.100 / 61.  1.100
  libavdevice    61.  1.100 / 61.  1.100
  libavfilter    10.  1.100 / 10.  1.100
  libswscale      8.  1.100 /  8.  1.100
  libswresample   5.  1.100 /  5.  1.100
  libpostproc    58.  1.100 / 58.  1.100
Input #0, concat, from '/home/marco-lasagna/Scaricati/ffmpeg-java/inputFile.txt':
  Duration: N/A, start: 0.000000, bitrate: N/A
  Stream #0:0: Video: mjpeg (Baseline), yuvj420p(pc, bt470bg/unknown/unknown), 4501x4500 [SAR 1:1 DAR 4501:4500], 25 fps, 25 tbr, 25 tbn
Stream mapping:
  Stream #0:0 -> #0:0 (mjpeg (native) -> h264 (libx264))
Press [q] to stop, [?] for help
[swscaler @ 0x7c60a8016b00] deprecated pixel format used, make sure you did set range correctly
    Last message repeated 1 times
[swscaler @ 0x7c60a8b407c0] deprecated pixel format used, make sure you did set range correctly
    Last message repeated 1 times
[vost#0:0/libx264 @ 0x5ddb294f0600] No information about the input framerate is available. Falling back to a default value of 25fps. Use the -r option if you want a different framerate.
[libx264 @ 0x5ddb294e69c0] using SAR=2048/4095
[libx264 @ 0x5ddb294e69c0] using cpu capabilities: MMX2 SSE2Fast SSSE3 SSE4.2 AVX FMA3 BMI2 AVX2
[libx264 @ 0x5ddb294e69c0] profile High, level 4.0, 4:2:0, 8-bit
[libx264 @ 0x5ddb294e69c0] 264 - core 164 r3108 31e19f9 - H.264/MPEG-4 AVC codec - Copyleft 2003-2023 - http://www.videolan.org/x264.html - options: cabac=1 ref=3 deblock=1:0:0 analyse=0x3:0x113 me=hex subme=7 psy=1 psy_rd=1.00:0.00 mixed_ref=1 me_range=16 chroma_me=1 trellis=1 8x8dct=1 cqm=0 deadzone=21,11 fast_pskip=1 chroma_qp_offset=-2 threads=30 lookahead_threads=5 sliced_threads=0 nr=0 decimate=1 interlaced=0 bluray_compat=0 constrained_intra=0 bframes=3 b_pyramid=2 b_adapt=1 b_bias=0 direct=1 weightb=1 open_gop=0 weightp=2 keyint=250 keyint_min=25 scenecut=40 intra_refresh=0 rc_lookahead=40 rc=crf mbtree=1 crf=23.0 qcomp=0.60 qpmin=0 qpmax=69 qpstep=4 ip_ratio=1.40 aq=1:1.00
Output #0, mp4, to './src/test/resources/output/translation/tempVideo/440.mp4':
  Metadata:
    encoder         : Lavf61.1.100
  Stream #0:0: Video: h264 (avc1 / 0x31637661), yuvj420p(pc, progressive), 2048x1024 [SAR 4501:9000 DAR 4501:4500], q=2-31, 25 fps, 12800 tbn
      Metadata:
        encoder         : Lavc61.3.100 libx264
      Side data:
        cpb: bitrate max/min/avg: 0/0/0 buffer size: 0 vbv_delay: N/A
[out#0/mp4 @ 0x5ddb294ee380] video:32KiB audio:0KiB subtitle:0KiB other streams:0KiB global headers:0KiB muxing overhead: 2.910013%
frame=    6 fps=0.0 q=-1.0 Lsize=      33KiB time=00:00:00.16 bitrate=1685.1kbits/s dup=0 drop=19 speed=0.65x    
[libx264 @ 0x5ddb294e69c0] frame I:1     Avg QP:18.27  size: 30269
[libx264 @ 0x5ddb294e69c0] frame P:2     Avg QP:19.35  size:   484
[libx264 @ 0x5ddb294e69c0] frame B:3     Avg QP:19.90  size:   274
[libx264 @ 0x5ddb294e69c0] consecutive B-frames: 33.3%  0.0%  0.0% 66.7%
[libx264 @ 0x5ddb294e69c0] mb I  I16..4: 26.0% 63.7% 10.3%
[libx264 @ 0x5ddb294e69c0] mb P  I16..4:  0.1%  0.1%  0.0%  P16..4:  0.8%  0.2%  0.1%  0.0%  0.0%    skip:98.7%
[libx264 @ 0x5ddb294e69c0] mb B  I16..4:  0.0%  0.0%  0.0%  B16..8:  1.1%  0.1%  0.0%  direct: 0.0%  skip:98.8%  L0:29.2% L1:67.9% BI: 2.9%
[libx264 @ 0x5ddb294e69c0] 8x8 transform intra:63.7% inter:26.1%
[libx264 @ 0x5ddb294e69c0] coded y,uvDC,uvAC intra: 5.9% 10.2% 9.1% inter: 0.1% 0.0% 0.0%
[libx264 @ 0x5ddb294e69c0] i16 v,h,dc,p: 88% 11%  1%  0%
[libx264 @ 0x5ddb294e69c0] i8 v,h,dc,ddl,ddr,vr,hd,vl,hu: 44%  5% 50%  0%  0%  0%  0%  0%  0%
[libx264 @ 0x5ddb294e69c0] i4 v,h,dc,ddl,ddr,vr,hd,vl,hu: 38% 30% 10%  4%  2%  2%  4%  4%  5%
[libx264 @ 0x5ddb294e69c0] i8c dc,h,v,p: 82%  9%  8%  1%
[libx264 @ 0x5ddb294e69c0] Weighted P-Frames: Y:0.0% UV:0.0%
[libx264 @ 0x5ddb294e69c0] ref P L0: 96.2%  0.0%  2.9%  0.9%
[libx264 @ 0x5ddb294e69c0] ref B L0: 89.2% 10.8%
[libx264 @ 0x5ddb294e69c0] ref B L1: 98.1%  1.9%
[libx264 @ 0x5ddb294e69c0] kb/s:1068.63
ffmpeg version 7.0.2-3ubuntu1 Copyright (c) 2000-2024 the FFmpeg developers
  built with gcc 14 (Ubuntu 14.2.0-2ubuntu1)
  configuration: --prefix=/usr --extra-version=3ubuntu1 --toolchain=hardened --libdir=/usr/lib/x86_64-linux-gnu --incdir=/usr/include/x86_64-linux-gnu --arch=amd64 --enable-gpl --disable-stripping --disable-libmfx --disable-omx --enable-gnutls --enable-libaom --enable-libass --enable-libbs2b --enable-libcdio --enable-libcodec2 --enable-libdav1d --enable-libflite --enable-libfontconfig --enable-libfreetype --enable-libfribidi --enable-libglslang --enable-libgme --enable-libgsm --enable-libharfbuzz --enable-libmp3lame --enable-libmysofa --enable-libopenjpeg --enable-libopenmpt --enable-libopus --enable-librubberband --enable-libshine --enable-libsnappy --enable-libsoxr --enable-libspeex --enable-libtheora --enable-libtwolame --enable-libvidstab --enable-libvorbis --enable-libvpx --enable-libwebp --enable-libx265 --enable-libxml2 --enable-libxvid --enable-libzimg --enable-openal --enable-opencl --enable-opengl --disable-sndio --enable-libvpl --enable-libdc1394 --enable-libdrm --enable-libiec61883 --enable-chromaprint --enable-frei0r --enable-ladspa --enable-libbluray --enable-libcaca --enable-libdvdnav --enable-libdvdread --enable-libjack --enable-libpulse --enable-librabbitmq --enable-librist --enable-libsrt --enable-libssh --enable-libsvtav1 --enable-libx264 --enable-libzmq --enable-libzvbi --enable-lv2 --enable-sdl2 --enable-libplacebo --enable-librav1e --enable-pocketsphinx --enable-librsvg --enable-libjxl --enable-shared
  libavutil      59.  8.100 / 59.  8.100
  libavcodec     61.  3.100 / 61.  3.100
  libavformat    61.  1.100 / 61.  1.100
  libavdevice    61.  1.100 / 61.  1.100
  libavfilter    10.  1.100 / 10.  1.100
  libswscale      8.  1.100 /  8.  1.100
  libswresample   5.  1.100 /  5.  1.100
  libpostproc    58.  1.100 / 58.  1.100
Input #0, concat, from '/home/marco-lasagna/Scaricati/ffmpeg-java/inputFile.txt':
  Duration: N/A, start: 0.000000, bitrate: N/A
  Stream #0:0: Video: mjpeg (Baseline), yuvj420p(pc, bt470bg/unknown/unknown), 4501x4500 [SAR 1:1 DAR 4501:4500], 25 fps, 25 tbr, 25 tbn
Stream mapping:
  Stream #0:0 -> #0:0 (mjpeg (native) -> h264 (libx264))
Press [q] to stop, [?] for help
[swscaler @ 0x7117c4016b00] deprecated pixel format used, make sure you did set range correctly
    Last message repeated 1 times
[swscaler @ 0x7117c4b407c0] deprecated pixel format used, make sure you did set range correctly
    Last message repeated 1 times
[vost#0:0/libx264 @ 0x5b85debaf600] No information about the input framerate is available. Falling back to a default value of 25fps. Use the -r option if you want a different framerate.
[libx264 @ 0x5b85deba59c0] using SAR=2048/4095
[libx264 @ 0x5b85deba59c0] using cpu capabilities: MMX2 SSE2Fast SSSE3 SSE4.2 AVX FMA3 BMI2 AVX2
[libx264 @ 0x5b85deba59c0] profile High, level 4.0, 4:2:0, 8-bit
[libx264 @ 0x5b85deba59c0] 264 - core 164 r3108 31e19f9 - H.264/MPEG-4 AVC codec - Copyleft 2003-2023 - http://www.videolan.org/x264.html - options: cabac=1 ref=3 deblock=1:0:0 analyse=0x3:0x113 me=hex subme=7 psy=1 psy_rd=1.00:0.00 mixed_ref=1 me_range=16 chroma_me=1 trellis=1 8x8dct=1 cqm=0 deadzone=21,11 fast_pskip=1 chroma_qp_offset=-2 threads=30 lookahead_threads=5 sliced_threads=0 nr=0 decimate=1 interlaced=0 bluray_compat=0 constrained_intra=0 bframes=3 b_pyramid=2 b_adapt=1 b_bias=0 direct=1 weightb=1 open_gop=0 weightp=2 keyint=250 keyint_min=25 scenecut=40 intra_refresh=0 rc_lookahead=40 rc=crf mbtree=1 crf=23.0 qcomp=0.60 qpmin=0 qpmax=69 qpstep=4 ip_ratio=1.40 aq=1:1.00
Output #0, mp4, to './src/test/resources/output/translation/tempVideo/450.mp4':
  Metadata:
    encoder         : Lavf61.1.100
  Stream #0:0: Video: h264 (avc1 / 0x31637661), yuvj420p(pc, progressive), 2048x1024 [SAR 4501:9000 DAR 4501:4500], q=2-31, 25 fps, 12800 tbn
      Metadata:
        encoder         : Lavc61.3.100 libx264
      Side data:
        cpb: bitrate max/min/avg: 0/0/0 buffer size: 0 vbv_delay: N/A
[out#0/mp4 @ 0x5b85debad380] video:32KiB audio:0KiB subtitle:0KiB other streams:0KiB global headers:0KiB muxing overhead: 2.892524%
frame=    6 fps=0.0 q=-1.0 Lsize=      33KiB time=00:00:00.16 bitrate=1695.0kbits/s dup=0 drop=19 speed=0.686x    
[libx264 @ 0x5b85deba59c0] frame I:1     Avg QP:18.69  size: 30194
[libx264 @ 0x5b85deba59c0] frame P:2     Avg QP:19.38  size:   572
[libx264 @ 0x5b85deba59c0] frame B:3     Avg QP:27.10  size:   307
[libx264 @ 0x5b85deba59c0] consecutive B-frames: 33.3%  0.0%  0.0% 66.7%
[libx264 @ 0x5b85deba59c0] mb I  I16..4: 25.7% 64.1% 10.2%
[libx264 @ 0x5b85deba59c0] mb P  I16..4:  0.1%  0.1%  0.0%  P16..4:  1.3%  0.2%  0.1%  0.0%  0.0%    skip:98.2%
[libx264 @ 0x5b85deba59c0] mb B  I16..4:  0.0%  0.1%  0.0%  B16..8:  1.3%  0.1%  0.0%  direct: 0.0%  skip:98.4%  L0:42.7% L1:55.6% BI: 1.7%
[libx264 @ 0x5b85deba59c0] 8x8 transform intra:64.1% inter:20.5%
[libx264 @ 0x5b85deba59c0] coded y,uvDC,uvAC intra: 5.9% 10.2% 9.1% inter: 0.1% 0.0% 0.0%
[libx264 @ 0x5b85deba59c0] i16 v,h,dc,p: 87% 12%  1%  0%
[libx264 @ 0x5b85deba59c0] i8 v,h,dc,ddl,ddr,vr,hd,vl,hu: 59%  8% 33%  0%  0%  0%  0%  0%  0%
[libx264 @ 0x5b85deba59c0] i4 v,h,dc,ddl,ddr,vr,hd,vl,hu: 40% 29% 10%  4%  2%  2%  4%  4%  5%
[libx264 @ 0x5b85deba59c0] i8c dc,h,v,p: 82%  9%  8%  1%
[libx264 @ 0x5b85deba59c0] Weighted P-Frames: Y:0.0% UV:0.0%
[libx264 @ 0x5b85deba59c0] ref P L0: 97.0%  0.3%  1.2%  1.5%
[libx264 @ 0x5b85deba59c0] ref B L0: 92.2%  7.8%
[libx264 @ 0x5b85deba59c0] ref B L1: 94.6%  5.4%
[libx264 @ 0x5b85deba59c0] kb/s:1075.23
ffmpeg version 7.0.2-3ubuntu1 Copyright (c) 2000-2024 the FFmpeg developers
  built with gcc 14 (Ubuntu 14.2.0-2ubuntu1)
  configuration: --prefix=/usr --extra-version=3ubuntu1 --toolchain=hardened --libdir=/usr/lib/x86_64-linux-gnu --incdir=/usr/include/x86_64-linux-gnu --arch=amd64 --enable-gpl --disable-stripping --disable-libmfx --disable-omx --enable-gnutls --enable-libaom --enable-libass --enable-libbs2b --enable-libcdio --enable-libcodec2 --enable-libdav1d --enable-libflite --enable-libfontconfig --enable-libfreetype --enable-libfribidi --enable-libglslang --enable-libgme --enable-libgsm --enable-libharfbuzz --enable-libmp3lame --enable-libmysofa --enable-libopenjpeg --enable-libopenmpt --enable-libopus --enable-librubberband --enable-libshine --enable-libsnappy --enable-libsoxr --enable-libspeex --enable-libtheora --enable-libtwolame --enable-libvidstab --enable-libvorbis --enable-libvpx --enable-libwebp --enable-libx265 --enable-libxml2 --enable-libxvid --enable-libzimg --enable-openal --enable-opencl --enable-opengl --disable-sndio --enable-libvpl --enable-libdc1394 --enable-libdrm --enable-libiec61883 --enable-chromaprint --enable-frei0r --enable-ladspa --enable-libbluray --enable-libcaca --enable-libdvdnav --enable-libdvdread --enable-libjack --enable-libpulse --enable-librabbitmq --enable-librist --enable-libsrt --enable-libssh --enable-libsvtav1 --enable-libx264 --enable-libzmq --enable-libzvbi --enable-lv2 --enable-sdl2 --enable-libplacebo --enable-librav1e --enable-pocketsphinx --enable-librsvg --enable-libjxl --enable-shared
  libavutil      59.  8.100 / 59.  8.100
  libavcodec     61.  3.100 / 61.  3.100
  libavformat    61.  1.100 / 61.  1.100
  libavdevice    61.  1.100 / 61.  1.100
  libavfilter    10.  1.100 / 10.  1.100
  libswscale      8.  1.100 /  8.  1.100
  libswresample   5.  1.100 /  5.  1.100
  libpostproc    58.  1.100 / 58.  1.100
Input #0, concat, from '/home/marco-lasagna/Scaricati/ffmpeg-java/inputFile.txt':
  Duration: N/A, start: 0.000000, bitrate: N/A
  Stream #0:0: Video: mjpeg (Baseline), yuvj420p(pc, bt470bg/unknown/unknown), 4501x4500 [SAR 1:1 DAR 4501:4500], 25 fps, 25 tbr, 25 tbn
Stream mapping:
  Stream #0:0 -> #0:0 (mjpeg (native) -> h264 (libx264))
Press [q] to stop, [?] for help
[swscaler @ 0x772720016b00] deprecated pixel format used, make sure you did set range correctly
    Last message repeated 1 times
[swscaler @ 0x772720b407c0] deprecated pixel format used, make sure you did set range correctly
    Last message repeated 1 times
[vost#0:0/libx264 @ 0x5b223f974600] No information about the input framerate is available. Falling back to a default value of 25fps. Use the -r option if you want a different framerate.
[libx264 @ 0x5b223f96a9c0] using SAR=2048/4095
[libx264 @ 0x5b223f96a9c0] using cpu capabilities: MMX2 SSE2Fast SSSE3 SSE4.2 AVX FMA3 BMI2 AVX2
[libx264 @ 0x5b223f96a9c0] profile High, level 4.0, 4:2:0, 8-bit
[libx264 @ 0x5b223f96a9c0] 264 - core 164 r3108 31e19f9 - H.264/MPEG-4 AVC codec - Copyleft 2003-2023 - http://www.videolan.org/x264.html - options: cabac=1 ref=3 deblock=1:0:0 analyse=0x3:0x113 me=hex subme=7 psy=1 psy_rd=1.00:0.00 mixed_ref=1 me_range=16 chroma_me=1 trellis=1 8x8dct=1 cqm=0 deadzone=21,11 fast_pskip=1 chroma_qp_offset=-2 threads=30 lookahead_threads=5 sliced_threads=0 nr=0 decimate=1 interlaced=0 bluray_compat=0 constrained_intra=0 bframes=3 b_pyramid=2 b_adapt=1 b_bias=0 direct=1 weightb=1 open_gop=0 weightp=2 keyint=250 keyint_min=25 scenecut=40 intra_refresh=0 rc_lookahead=40 rc=crf mbtree=1 crf=23.0 qcomp=0.60 qpmin=0 qpmax=69 qpstep=4 ip_ratio=1.40 aq=1:1.00
Output #0, mp4, to './src/test/resources/output/translation/tempVideo/460.mp4':
  Metadata:
    encoder         : Lavf61.1.100
  Stream #0:0: Video: h264 (avc1 / 0x31637661), yuvj420p(pc, progressive), 2048x1024 [SAR 4501:9000 DAR 4501:4500], q=2-31, 25 fps, 12800 tbn
      Metadata:
        encoder         : Lavc61.3.100 libx264
      Side data:
        cpb: bitrate max/min/avg: 0/0/0 buffer size: 0 vbv_delay: N/A
[out#0/mp4 @ 0x5b223f972380] video:32KiB audio:0KiB subtitle:0KiB other streams:0KiB global headers:0KiB muxing overhead: 2.923403%
frame=    6 fps=0.0 q=-1.0 Lsize=      33KiB time=00:00:00.16 bitrate=1677.6kbits/s dup=0 drop=19 speed=0.672x    
[libx264 @ 0x5b223f96a9c0] frame I:1     Avg QP:18.54  size: 30023
[libx264 @ 0x5b223f96a9c0] frame P:2     Avg QP:18.30  size:   516
[libx264 @ 0x5b223f96a9c0] frame B:3     Avg QP:21.88  size:   285
[libx264 @ 0x5b223f96a9c0] consecutive B-frames: 33.3%  0.0%  0.0% 66.7%
[libx264 @ 0x5b223f96a9c0] mb I  I16..4: 26.5% 63.2% 10.2%
[libx264 @ 0x5b223f96a9c0] mb P  I16..4:  0.1%  0.2%  0.0%  P16..4:  1.1%  0.2%  0.1%  0.0%  0.0%    skip:98.4%
[libx264 @ 0x5b223f96a9c0] mb B  I16..4:  0.0%  0.0%  0.0%  B16..8:  1.1%  0.1%  0.0%  direct: 0.0%  skip:98.7%  L0:56.4% L1:41.5% BI: 2.1%
[libx264 @ 0x5b223f96a9c0] 8x8 transform intra:63.2% inter:31.5%
[libx264 @ 0x5b223f96a9c0] coded y,uvDC,uvAC intra: 5.9% 10.1% 9.1% inter: 0.1% 0.0% 0.0%
[libx264 @ 0x5b223f96a9c0] i16 v,h,dc,p: 87% 12%  1%  0%
[libx264 @ 0x5b223f96a9c0] i8 v,h,dc,ddl,ddr,vr,hd,vl,hu: 61%  9% 30%  0%  0%  0%  0%  0%  0%
[libx264 @ 0x5b223f96a9c0] i4 v,h,dc,ddl,ddr,vr,hd,vl,hu: 39% 30% 10%  4%  2%  2%  4%  4%  5%
[libx264 @ 0x5b223f96a9c0] i8c dc,h,v,p: 82%  9%  8%  1%
[libx264 @ 0x5b223f96a9c0] Weighted P-Frames: Y:0.0% UV:0.0%
[libx264 @ 0x5b223f96a9c0] ref P L0: 98.3%  0.1%  0.9%  0.7%
[libx264 @ 0x5b223f96a9c0] ref B L0: 91.1%  8.9%
[libx264 @ 0x5b223f96a9c0] ref B L1: 91.0%  9.0%
[libx264 @ 0x5b223f96a9c0] kb/s:1063.63
ffmpeg version 7.0.2-3ubuntu1 Copyright (c) 2000-2024 the FFmpeg developers
  built with gcc 14 (Ubuntu 14.2.0-2ubuntu1)
  configuration: --prefix=/usr --extra-version=3ubuntu1 --toolchain=hardened --libdir=/usr/lib/x86_64-linux-gnu --incdir=/usr/include/x86_64-linux-gnu --arch=amd64 --enable-gpl --disable-stripping --disable-libmfx --disable-omx --enable-gnutls --enable-libaom --enable-libass --enable-libbs2b --enable-libcdio --enable-libcodec2 --enable-libdav1d --enable-libflite --enable-libfontconfig --enable-libfreetype --enable-libfribidi --enable-libglslang --enable-libgme --enable-libgsm --enable-libharfbuzz --enable-libmp3lame --enable-libmysofa --enable-libopenjpeg --enable-libopenmpt --enable-libopus --enable-librubberband --enable-libshine --enable-libsnappy --enable-libsoxr --enable-libspeex --enable-libtheora --enable-libtwolame --enable-libvidstab --enable-libvorbis --enable-libvpx --enable-libwebp --enable-libx265 --enable-libxml2 --enable-libxvid --enable-libzimg --enable-openal --enable-opencl --enable-opengl --disable-sndio --enable-libvpl --enable-libdc1394 --enable-libdrm --enable-libiec61883 --enable-chromaprint --enable-frei0r --enable-ladspa --enable-libbluray --enable-libcaca --enable-libdvdnav --enable-libdvdread --enable-libjack --enable-libpulse --enable-librabbitmq --enable-librist --enable-libsrt --enable-libssh --enable-libsvtav1 --enable-libx264 --enable-libzmq --enable-libzvbi --enable-lv2 --enable-sdl2 --enable-libplacebo --enable-librav1e --enable-pocketsphinx --enable-librsvg --enable-libjxl --enable-shared
  libavutil      59.  8.100 / 59.  8.100
  libavcodec     61.  3.100 / 61.  3.100
  libavformat    61.  1.100 / 61.  1.100
  libavdevice    61.  1.100 / 61.  1.100
  libavfilter    10.  1.100 / 10.  1.100
  libswscale      8.  1.100 /  8.  1.100
  libswresample   5.  1.100 /  5.  1.100
  libpostproc    58.  1.100 / 58.  1.100
Input #0, concat, from '/home/marco-lasagna/Scaricati/ffmpeg-java/inputFile.txt':
  Duration: N/A, start: 0.000000, bitrate: N/A
  Stream #0:0: Video: mjpeg (Baseline), yuvj420p(pc, bt470bg/unknown/unknown), 4501x4500 [SAR 1:1 DAR 4501:4500], 25 fps, 25 tbr, 25 tbn
Stream mapping:
  Stream #0:0 -> #0:0 (mjpeg (native) -> h264 (libx264))
Press [q] to stop, [?] for help
[swscaler @ 0x745a10016b00] deprecated pixel format used, make sure you did set range correctly
    Last message repeated 1 times
[swscaler @ 0x745a10b407c0] deprecated pixel format used, make sure you did set range correctly
    Last message repeated 1 times
[vost#0:0/libx264 @ 0x633c0d099600] No information about the input framerate is available. Falling back to a default value of 25fps. Use the -r option if you want a different framerate.
[libx264 @ 0x633c0d08f9c0] using SAR=2048/4095
[libx264 @ 0x633c0d08f9c0] using cpu capabilities: MMX2 SSE2Fast SSSE3 SSE4.2 AVX FMA3 BMI2 AVX2
[libx264 @ 0x633c0d08f9c0] profile High, level 4.0, 4:2:0, 8-bit
[libx264 @ 0x633c0d08f9c0] 264 - core 164 r3108 31e19f9 - H.264/MPEG-4 AVC codec - Copyleft 2003-2023 - http://www.videolan.org/x264.html - options: cabac=1 ref=3 deblock=1:0:0 analyse=0x3:0x113 me=hex subme=7 psy=1 psy_rd=1.00:0.00 mixed_ref=1 me_range=16 chroma_me=1 trellis=1 8x8dct=1 cqm=0 deadzone=21,11 fast_pskip=1 chroma_qp_offset=-2 threads=30 lookahead_threads=5 sliced_threads=0 nr=0 decimate=1 interlaced=0 bluray_compat=0 constrained_intra=0 bframes=3 b_pyramid=2 b_adapt=1 b_bias=0 direct=1 weightb=1 open_gop=0 weightp=2 keyint=250 keyint_min=25 scenecut=40 intra_refresh=0 rc_lookahead=40 rc=crf mbtree=1 crf=23.0 qcomp=0.60 qpmin=0 qpmax=69 qpstep=4 ip_ratio=1.40 aq=1:1.00
Output #0, mp4, to './src/test/resources/output/translation/tempVideo/470.mp4':
  Metadata:
    encoder         : Lavf61.1.100
  Stream #0:0: Video: h264 (avc1 / 0x31637661), yuvj420p(pc, progressive), 2048x1024 [SAR 4501:9000 DAR 4501:4500], q=2-31, 25 fps, 12800 tbn
      Metadata:
        encoder         : Lavc61.3.100 libx264
      Side data:
        cpb: bitrate max/min/avg: 0/0/0 buffer size: 0 vbv_delay: N/A
[out#0/mp4 @ 0x633c0d097380] video:32KiB audio:0KiB subtitle:0KiB other streams:0KiB global headers:0KiB muxing overhead: 2.910812%
frame=    6 fps=0.0 q=-1.0 Lsize=      33KiB time=00:00:00.16 bitrate=1684.7kbits/s dup=0 drop=19 speed=0.673x    
[libx264 @ 0x633c0d08f9c0] frame I:1     Avg QP:18.99  size: 30063
[libx264 @ 0x633c0d08f9c0] frame P:2     Avg QP:19.30  size:   558
[libx264 @ 0x633c0d08f9c0] frame B:3     Avg QP:26.00  size:   290
[libx264 @ 0x633c0d08f9c0] consecutive B-frames: 33.3%  0.0%  0.0% 66.7%
[libx264 @ 0x633c0d08f9c0] mb I  I16..4: 25.5% 64.3% 10.2%
[libx264 @ 0x633c0d08f9c0] mb P  I16..4:  0.1%  0.1%  0.0%  P16..4:  1.2%  0.2%  0.1%  0.0%  0.0%    skip:98.3%
[libx264 @ 0x633c0d08f9c0] mb B  I16..4:  0.0%  0.0%  0.0%  B16..8:  1.2%  0.1%  0.0%  direct: 0.0%  skip:98.6%  L0:37.1% L1:61.1% BI: 1.8%
[libx264 @ 0x633c0d08f9c0] 8x8 transform intra:64.3% inter:23.8%
[libx264 @ 0x633c0d08f9c0] coded y,uvDC,uvAC intra: 5.9% 10.2% 9.1% inter: 0.1% 0.0% 0.0%
[libx264 @ 0x633c0d08f9c0] i16 v,h,dc,p: 87% 13%  1%  0%
[libx264 @ 0x633c0d08f9c0] i8 v,h,dc,ddl,ddr,vr,hd,vl,hu: 63%  8% 28%  0%  0%  0%  0%  0%  0%
[libx264 @ 0x633c0d08f9c0] i4 v,h,dc,ddl,ddr,vr,hd,vl,hu: 40% 29%  9%  4%  2%  2%  4%  4%  5%
[libx264 @ 0x633c0d08f9c0] i8c dc,h,v,p: 82%  9%  8%  1%
[libx264 @ 0x633c0d08f9c0] Weighted P-Frames: Y:0.0% UV:0.0%
[libx264 @ 0x633c0d08f9c0] ref P L0: 94.8%  0.6%  0.5%  4.0%
[libx264 @ 0x633c0d08f9c0] ref B L0: 89.5% 10.5%
[libx264 @ 0x633c0d08f9c0] ref B L1: 94.7%  5.3%
[libx264 @ 0x633c0d08f9c0] kb/s:1068.33
ffmpeg version 7.0.2-3ubuntu1 Copyright (c) 2000-2024 the FFmpeg developers
  built with gcc 14 (Ubuntu 14.2.0-2ubuntu1)
  configuration: --prefix=/usr --extra-version=3ubuntu1 --toolchain=hardened --libdir=/usr/lib/x86_64-linux-gnu --incdir=/usr/include/x86_64-linux-gnu --arch=amd64 --enable-gpl --disable-stripping --disable-libmfx --disable-omx --enable-gnutls --enable-libaom --enable-libass --enable-libbs2b --enable-libcdio --enable-libcodec2 --enable-libdav1d --enable-libflite --enable-libfontconfig --enable-libfreetype --enable-libfribidi --enable-libglslang --enable-libgme --enable-libgsm --enable-libharfbuzz --enable-libmp3lame --enable-libmysofa --enable-libopenjpeg --enable-libopenmpt --enable-libopus --enable-librubberband --enable-libshine --enable-libsnappy --enable-libsoxr --enable-libspeex --enable-libtheora --enable-libtwolame --enable-libvidstab --enable-libvorbis --enable-libvpx --enable-libwebp --enable-libx265 --enable-libxml2 --enable-libxvid --enable-libzimg --enable-openal --enable-opencl --enable-opengl --disable-sndio --enable-libvpl --enable-libdc1394 --enable-libdrm --enable-libiec61883 --enable-chromaprint --enable-frei0r --enable-ladspa --enable-libbluray --enable-libcaca --enable-libdvdnav --enable-libdvdread --enable-libjack --enable-libpulse --enable-librabbitmq --enable-librist --enable-libsrt --enable-libssh --enable-libsvtav1 --enable-libx264 --enable-libzmq --enable-libzvbi --enable-lv2 --enable-sdl2 --enable-libplacebo --enable-librav1e --enable-pocketsphinx --enable-librsvg --enable-libjxl --enable-shared
  libavutil      59.  8.100 / 59.  8.100
  libavcodec     61.  3.100 / 61.  3.100
  libavformat    61.  1.100 / 61.  1.100
  libavdevice    61.  1.100 / 61.  1.100
  libavfilter    10.  1.100 / 10.  1.100
  libswscale      8.  1.100 /  8.  1.100
  libswresample   5.  1.100 /  5.  1.100
  libpostproc    58.  1.100 / 58.  1.100
Input #0, concat, from '/home/marco-lasagna/Scaricati/ffmpeg-java/inputFile.txt':
  Duration: N/A, start: 0.000000, bitrate: N/A
  Stream #0:0: Video: mjpeg (Baseline), yuvj420p(pc, bt470bg/unknown/unknown), 4501x4500 [SAR 1:1 DAR 4501:4500], 25 fps, 25 tbr, 25 tbn
Stream mapping:
  Stream #0:0 -> #0:0 (mjpeg (native) -> h264 (libx264))
Press [q] to stop, [?] for help
[swscaler @ 0x7bb964016b00] deprecated pixel format used, make sure you did set range correctly
    Last message repeated 1 times
[swscaler @ 0x7bb964b407c0] deprecated pixel format used, make sure you did set range correctly
    Last message repeated 1 times
[vost#0:0/libx264 @ 0x596ca15e9600] No information about the input framerate is available. Falling back to a default value of 25fps. Use the -r option if you want a different framerate.
[libx264 @ 0x596ca15df9c0] using SAR=2048/4095
[libx264 @ 0x596ca15df9c0] using cpu capabilities: MMX2 SSE2Fast SSSE3 SSE4.2 AVX FMA3 BMI2 AVX2
[libx264 @ 0x596ca15df9c0] profile High, level 4.0, 4:2:0, 8-bit
[libx264 @ 0x596ca15df9c0] 264 - core 164 r3108 31e19f9 - H.264/MPEG-4 AVC codec - Copyleft 2003-2023 - http://www.videolan.org/x264.html - options: cabac=1 ref=3 deblock=1:0:0 analyse=0x3:0x113 me=hex subme=7 psy=1 psy_rd=1.00:0.00 mixed_ref=1 me_range=16 chroma_me=1 trellis=1 8x8dct=1 cqm=0 deadzone=21,11 fast_pskip=1 chroma_qp_offset=-2 threads=30 lookahead_threads=5 sliced_threads=0 nr=0 decimate=1 interlaced=0 bluray_compat=0 constrained_intra=0 bframes=3 b_pyramid=2 b_adapt=1 b_bias=0 direct=1 weightb=1 open_gop=0 weightp=2 keyint=250 keyint_min=25 scenecut=40 intra_refresh=0 rc_lookahead=40 rc=crf mbtree=1 crf=23.0 qcomp=0.60 qpmin=0 qpmax=69 qpstep=4 ip_ratio=1.40 aq=1:1.00
Output #0, mp4, to './src/test/resources/output/translation/tempVideo/480.mp4':
  Metadata:
    encoder         : Lavf61.1.100
  Stream #0:0: Video: h264 (avc1 / 0x31637661), yuvj420p(pc, progressive), 2048x1024 [SAR 4501:9000 DAR 4501:4500], q=2-31, 25 fps, 12800 tbn
      Metadata:
        encoder         : Lavc61.3.100 libx264
      Side data:
        cpb: bitrate max/min/avg: 0/0/0 buffer size: 0 vbv_delay: N/A
[out#0/mp4 @ 0x596ca15e7380] video:32KiB audio:0KiB subtitle:0KiB other streams:0KiB global headers:0KiB muxing overhead: 2.903363%
frame=    6 fps=0.0 q=-1.0 Lsize=      33KiB time=00:00:00.16 bitrate=1688.8kbits/s dup=0 drop=19 speed=0.679x    
[libx264 @ 0x596ca15df9c0] frame I:1     Avg QP:18.69  size: 29959
[libx264 @ 0x596ca15df9c0] frame P:2     Avg QP:18.24  size:   624
[libx264 @ 0x596ca15df9c0] frame B:3     Avg QP:26.14  size:   309
[libx264 @ 0x596ca15df9c0] consecutive B-frames: 33.3%  0.0%  0.0% 66.7%
[libx264 @ 0x596ca15df9c0] mb I  I16..4: 24.7% 65.1% 10.2%
[libx264 @ 0x596ca15df9c0] mb P  I16..4:  0.1%  0.1%  0.0%  P16..4:  1.2%  0.1%  0.1%  0.0%  0.0%    skip:98.4%
[libx264 @ 0x596ca15df9c0] mb B  I16..4:  0.0%  0.0%  0.0%  B16..8:  1.1%  0.1%  0.0%  direct: 0.1%  skip:98.7%  L0:57.6% L1:39.9% BI: 2.6%
[libx264 @ 0x596ca15df9c0] 8x8 transform intra:65.0% inter:29.0%
[libx264 @ 0x596ca15df9c0] coded y,uvDC,uvAC intra: 5.9% 10.2% 9.1% inter: 0.1% 0.0% 0.0%
[libx264 @ 0x596ca15df9c0] i16 v,h,dc,p: 86% 13%  1%  0%
[libx264 @ 0x596ca15df9c0] i8 v,h,dc,ddl,ddr,vr,hd,vl,hu: 68%  3% 29%  0%  0%  0%  0%  0%  0%
[libx264 @ 0x596ca15df9c0] i4 v,h,dc,ddl,ddr,vr,hd,vl,hu: 40% 29%  9%  4%  2%  2%  4%  4%  5%
[libx264 @ 0x596ca15df9c0] i8c dc,h,v,p: 82%  9%  8%  1%
[libx264 @ 0x596ca15df9c0] Weighted P-Frames: Y:0.0% UV:0.0%
[libx264 @ 0x596ca15df9c0] ref P L0: 96.5%  0.3%  0.9%  2.4%
[libx264 @ 0x596ca15df9c0] ref B L0: 92.8%  7.2%
[libx264 @ 0x596ca15df9c0] ref B L1: 91.0%  9.0%
[libx264 @ 0x596ca15df9c0] kb/s:1071.13
ffmpeg version 7.0.2-3ubuntu1 Copyright (c) 2000-2024 the FFmpeg developers
  built with gcc 14 (Ubuntu 14.2.0-2ubuntu1)
  configuration: --prefix=/usr --extra-version=3ubuntu1 --toolchain=hardened --libdir=/usr/lib/x86_64-linux-gnu --incdir=/usr/include/x86_64-linux-gnu --arch=amd64 --enable-gpl --disable-stripping --disable-libmfx --disable-omx --enable-gnutls --enable-libaom --enable-libass --enable-libbs2b --enable-libcdio --enable-libcodec2 --enable-libdav1d --enable-libflite --enable-libfontconfig --enable-libfreetype --enable-libfribidi --enable-libglslang --enable-libgme --enable-libgsm --enable-libharfbuzz --enable-libmp3lame --enable-libmysofa --enable-libopenjpeg --enable-libopenmpt --enable-libopus --enable-librubberband --enable-libshine --enable-libsnappy --enable-libsoxr --enable-libspeex --enable-libtheora --enable-libtwolame --enable-libvidstab --enable-libvorbis --enable-libvpx --enable-libwebp --enable-libx265 --enable-libxml2 --enable-libxvid --enable-libzimg --enable-openal --enable-opencl --enable-opengl --disable-sndio --enable-libvpl --enable-libdc1394 --enable-libdrm --enable-libiec61883 --enable-chromaprint --enable-frei0r --enable-ladspa --enable-libbluray --enable-libcaca --enable-libdvdnav --enable-libdvdread --enable-libjack --enable-libpulse --enable-librabbitmq --enable-librist --enable-libsrt --enable-libssh --enable-libsvtav1 --enable-libx264 --enable-libzmq --enable-libzvbi --enable-lv2 --enable-sdl2 --enable-libplacebo --enable-librav1e --enable-pocketsphinx --enable-librsvg --enable-libjxl --enable-shared
  libavutil      59.  8.100 / 59.  8.100
  libavcodec     61.  3.100 / 61.  3.100
  libavformat    61.  1.100 / 61.  1.100
  libavdevice    61.  1.100 / 61.  1.100
  libavfilter    10.  1.100 / 10.  1.100
  libswscale      8.  1.100 /  8.  1.100
  libswresample   5.  1.100 /  5.  1.100
  libpostproc    58.  1.100 / 58.  1.100
Input #0, concat, from '/home/marco-lasagna/Scaricati/ffmpeg-java/inputFile.txt':
  Duration: N/A, start: 0.000000, bitrate: N/A
  Stream #0:0: Video: mjpeg (Baseline), yuvj420p(pc, bt470bg/unknown/unknown), 4501x4500 [SAR 1:1 DAR 4501:4500], 25 fps, 25 tbr, 25 tbn
Stream mapping:
  Stream #0:0 -> #0:0 (mjpeg (native) -> h264 (libx264))
Press [q] to stop, [?] for help
[swscaler @ 0x7d86ec016b00] deprecated pixel format used, make sure you did set range correctly
    Last message repeated 1 times
[swscaler @ 0x7d86ecb407c0] deprecated pixel format used, make sure you did set range correctly
    Last message repeated 1 times
[vost#0:0/libx264 @ 0x5bf56db25600] No information about the input framerate is available. Falling back to a default value of 25fps. Use the -r option if you want a different framerate.
[libx264 @ 0x5bf56db1b9c0] using SAR=2048/4095
[libx264 @ 0x5bf56db1b9c0] using cpu capabilities: MMX2 SSE2Fast SSSE3 SSE4.2 AVX FMA3 BMI2 AVX2
[libx264 @ 0x5bf56db1b9c0] profile High, level 4.0, 4:2:0, 8-bit
[libx264 @ 0x5bf56db1b9c0] 264 - core 164 r3108 31e19f9 - H.264/MPEG-4 AVC codec - Copyleft 2003-2023 - http://www.videolan.org/x264.html - options: cabac=1 ref=3 deblock=1:0:0 analyse=0x3:0x113 me=hex subme=7 psy=1 psy_rd=1.00:0.00 mixed_ref=1 me_range=16 chroma_me=1 trellis=1 8x8dct=1 cqm=0 deadzone=21,11 fast_pskip=1 chroma_qp_offset=-2 threads=30 lookahead_threads=5 sliced_threads=0 nr=0 decimate=1 interlaced=0 bluray_compat=0 constrained_intra=0 bframes=3 b_pyramid=2 b_adapt=1 b_bias=0 direct=1 weightb=1 open_gop=0 weightp=2 keyint=250 keyint_min=25 scenecut=40 intra_refresh=0 rc_lookahead=40 rc=crf mbtree=1 crf=23.0 qcomp=0.60 qpmin=0 qpmax=69 qpstep=4 ip_ratio=1.40 aq=1:1.00
Output #0, mp4, to './src/test/resources/output/translation/tempVideo/490.mp4':
  Metadata:
    encoder         : Lavf61.1.100
  Stream #0:0: Video: h264 (avc1 / 0x31637661), yuvj420p(pc, progressive), 2048x1024 [SAR 4501:9000 DAR 4501:4500], q=2-31, 25 fps, 12800 tbn
      Metadata:
        encoder         : Lavc61.3.100 libx264
      Side data:
        cpb: bitrate max/min/avg: 0/0/0 buffer size: 0 vbv_delay: N/A
[out#0/mp4 @ 0x5bf56db23380] video:32KiB audio:0KiB subtitle:0KiB other streams:0KiB global headers:0KiB muxing overhead: 2.913928%
frame=    6 fps=0.0 q=-1.0 Lsize=      33KiB time=00:00:00.16 bitrate=1682.9kbits/s dup=0 drop=19 speed=0.655x    
[libx264 @ 0x5bf56db1b9c0] frame I:1     Avg QP:18.45  size: 29882
[libx264 @ 0x5bf56db1b9c0] frame P:2     Avg QP:16.48  size:   615
[libx264 @ 0x5bf56db1b9c0] frame B:3     Avg QP:26.02  size:   301
[libx264 @ 0x5bf56db1b9c0] consecutive B-frames: 33.3%  0.0%  0.0% 66.7%
[libx264 @ 0x5bf56db1b9c0] mb I  I16..4: 14.2% 75.6% 10.2%
[libx264 @ 0x5bf56db1b9c0] mb P  I16..4:  0.2%  0.1%  0.0%  P16..4:  1.2%  0.2%  0.1%  0.0%  0.0%    skip:98.3%
[libx264 @ 0x5bf56db1b9c0] mb B  I16..4:  0.0%  0.0%  0.0%  B16..8:  1.2%  0.0%  0.0%  direct: 0.0%  skip:98.7%  L0:57.8% L1:39.6% BI: 2.6%
[libx264 @ 0x5bf56db1b9c0] 8x8 transform intra:75.5% inter:25.0%
[libx264 @ 0x5bf56db1b9c0] coded y,uvDC,uvAC intra: 5.9% 10.2% 9.1% inter: 0.1% 0.0% 0.0%
[libx264 @ 0x5bf56db1b9c0] i16 v,h,dc,p: 79% 20%  2%  0%
[libx264 @ 0x5bf56db1b9c0] i8 v,h,dc,ddl,ddr,vr,hd,vl,hu: 56% 11% 32%  0%  0%  0%  0%  0%  0%
[libx264 @ 0x5bf56db1b9c0] i4 v,h,dc,ddl,ddr,vr,hd,vl,hu: 39% 30% 10%  4%  2%  2%  4%  4%  5%
[libx264 @ 0x5bf56db1b9c0] i8c dc,h,v,p: 82%  9%  8%  1%
[libx264 @ 0x5bf56db1b9c0] Weighted P-Frames: Y:0.0% UV:0.0%
[libx264 @ 0x5bf56db1b9c0] ref P L0: 97.2%  0.1%  1.2%  1.5%
[libx264 @ 0x5bf56db1b9c0] ref B L0: 93.5%  6.5%
[libx264 @ 0x5bf56db1b9c0] ref B L1: 90.8%  9.2%
[libx264 @ 0x5bf56db1b9c0] kb/s:1067.17
ffmpeg version 7.0.2-3ubuntu1 Copyright (c) 2000-2024 the FFmpeg developers
  built with gcc 14 (Ubuntu 14.2.0-2ubuntu1)
  configuration: --prefix=/usr --extra-version=3ubuntu1 --toolchain=hardened --libdir=/usr/lib/x86_64-linux-gnu --incdir=/usr/include/x86_64-linux-gnu --arch=amd64 --enable-gpl --disable-stripping --disable-libmfx --disable-omx --enable-gnutls --enable-libaom --enable-libass --enable-libbs2b --enable-libcdio --enable-libcodec2 --enable-libdav1d --enable-libflite --enable-libfontconfig --enable-libfreetype --enable-libfribidi --enable-libglslang --enable-libgme --enable-libgsm --enable-libharfbuzz --enable-libmp3lame --enable-libmysofa --enable-libopenjpeg --enable-libopenmpt --enable-libopus --enable-librubberband --enable-libshine --enable-libsnappy --enable-libsoxr --enable-libspeex --enable-libtheora --enable-libtwolame --enable-libvidstab --enable-libvorbis --enable-libvpx --enable-libwebp --enable-libx265 --enable-libxml2 --enable-libxvid --enable-libzimg --enable-openal --enable-opencl --enable-opengl --disable-sndio --enable-libvpl --enable-libdc1394 --enable-libdrm --enable-libiec61883 --enable-chromaprint --enable-frei0r --enable-ladspa --enable-libbluray --enable-libcaca --enable-libdvdnav --enable-libdvdread --enable-libjack --enable-libpulse --enable-librabbitmq --enable-librist --enable-libsrt --enable-libssh --enable-libsvtav1 --enable-libx264 --enable-libzmq --enable-libzvbi --enable-lv2 --enable-sdl2 --enable-libplacebo --enable-librav1e --enable-pocketsphinx --enable-librsvg --enable-libjxl --enable-shared
  libavutil      59.  8.100 / 59.  8.100
  libavcodec     61.  3.100 / 61.  3.100
  libavformat    61.  1.100 / 61.  1.100
  libavdevice    61.  1.100 / 61.  1.100
  libavfilter    10.  1.100 / 10.  1.100
  libswscale      8.  1.100 /  8.  1.100
  libswresample   5.  1.100 /  5.  1.100
  libpostproc    58.  1.100 / 58.  1.100
Input #0, concat, from '/home/marco-lasagna/Scaricati/ffmpeg-java/inputFile.txt':
  Duration: N/A, start: 0.000000, bitrate: N/A
  Stream #0:0: Video: mjpeg (Baseline), yuvj420p(pc, bt470bg/unknown/unknown), 4501x4500 [SAR 1:1 DAR 4501:4500], 25 fps, 25 tbr, 25 tbn
Stream mapping:
  Stream #0:0 -> #0:0 (mjpeg (native) -> h264 (libx264))
Press [q] to stop, [?] for help
[swscaler @ 0x7120d8016b00] deprecated pixel format used, make sure you did set range correctly
    Last message repeated 1 times
[swscaler @ 0x7120d8b407c0] deprecated pixel format used, make sure you did set range correctly
    Last message repeated 1 times
[vost#0:0/libx264 @ 0x5c9b2f0f6600] No information about the input framerate is available. Falling back to a default value of 25fps. Use the -r option if you want a different framerate.
[libx264 @ 0x5c9b2f0ec9c0] using SAR=2048/4095
[libx264 @ 0x5c9b2f0ec9c0] using cpu capabilities: MMX2 SSE2Fast SSSE3 SSE4.2 AVX FMA3 BMI2 AVX2
[libx264 @ 0x5c9b2f0ec9c0] profile High, level 4.0, 4:2:0, 8-bit
[libx264 @ 0x5c9b2f0ec9c0] 264 - core 164 r3108 31e19f9 - H.264/MPEG-4 AVC codec - Copyleft 2003-2023 - http://www.videolan.org/x264.html - options: cabac=1 ref=3 deblock=1:0:0 analyse=0x3:0x113 me=hex subme=7 psy=1 psy_rd=1.00:0.00 mixed_ref=1 me_range=16 chroma_me=1 trellis=1 8x8dct=1 cqm=0 deadzone=21,11 fast_pskip=1 chroma_qp_offset=-2 threads=30 lookahead_threads=5 sliced_threads=0 nr=0 decimate=1 interlaced=0 bluray_compat=0 constrained_intra=0 bframes=3 b_pyramid=2 b_adapt=1 b_bias=0 direct=1 weightb=1 open_gop=0 weightp=2 keyint=250 keyint_min=25 scenecut=40 intra_refresh=0 rc_lookahead=40 rc=crf mbtree=1 crf=23.0 qcomp=0.60 qpmin=0 qpmax=69 qpstep=4 ip_ratio=1.40 aq=1:1.00
Output #0, mp4, to './src/test/resources/output/translation/tempVideo/500.mp4':
  Metadata:
    encoder         : Lavf61.1.100
  Stream #0:0: Video: h264 (avc1 / 0x31637661), yuvj420p(pc, progressive), 2048x1024 [SAR 4501:9000 DAR 4501:4500], q=2-31, 25 fps, 12800 tbn
      Metadata:
        encoder         : Lavc61.3.100 libx264
      Side data:
        cpb: bitrate max/min/avg: 0/0/0 buffer size: 0 vbv_delay: N/A
[out#0/mp4 @ 0x5c9b2f0f4380] video:32KiB audio:0KiB subtitle:0KiB other streams:0KiB global headers:0KiB muxing overhead: 2.921968%
frame=    6 fps=0.0 q=-1.0 Lsize=      33KiB time=00:00:00.16 bitrate=1678.4kbits/s dup=0 drop=19 speed=0.648x    
[libx264 @ 0x5c9b2f0ec9c0] frame I:1     Avg QP:18.42  size: 29847
[libx264 @ 0x5c9b2f0ec9c0] frame P:2     Avg QP:19.31  size:   582
[libx264 @ 0x5c9b2f0ec9c0] frame B:3     Avg QP:26.94  size:   305
[libx264 @ 0x5c9b2f0ec9c0] consecutive B-frames: 33.3%  0.0%  0.0% 66.7%
[libx264 @ 0x5c9b2f0ec9c0] mb I  I16..4: 28.7% 61.1% 10.3%
[libx264 @ 0x5c9b2f0ec9c0] mb P  I16..4:  0.1%  0.1%  0.0%  P16..4:  1.2%  0.1%  0.1%  0.0%  0.0%    skip:98.4%
[libx264 @ 0x5c9b2f0ec9c0] mb B  I16..4:  0.0%  0.1%  0.0%  B16..8:  1.2%  0.1%  0.0%  direct: 0.1%  skip:98.6%  L0:32.9% L1:64.5% BI: 2.5%
[libx264 @ 0x5c9b2f0ec9c0] 8x8 transform intra:61.1% inter:20.2%
[libx264 @ 0x5c9b2f0ec9c0] coded y,uvDC,uvAC intra: 5.9% 10.2% 9.1% inter: 0.1% 0.0% 0.0%
[libx264 @ 0x5c9b2f0ec9c0] i16 v,h,dc,p: 88% 11%  1%  0%
[libx264 @ 0x5c9b2f0ec9c0] i8 v,h,dc,ddl,ddr,vr,hd,vl,hu: 38%  4% 58%  0%  0%  0%  0%  0%  0%
[libx264 @ 0x5c9b2f0ec9c0] i4 v,h,dc,ddl,ddr,vr,hd,vl,hu: 37% 30% 11%  4%  2%  2%  4%  4%  5%
[libx264 @ 0x5c9b2f0ec9c0] i8c dc,h,v,p: 82%  9%  8%  1%
[libx264 @ 0x5c9b2f0ec9c0] Weighted P-Frames: Y:0.0% UV:0.0%
[libx264 @ 0x5c9b2f0ec9c0] ref P L0: 94.8%  0.2%  0.9%  4.1%
[libx264 @ 0x5c9b2f0ec9c0] ref B L0: 88.3% 11.7%
[libx264 @ 0x5c9b2f0ec9c0] ref B L1: 94.3%  5.7%
[libx264 @ 0x5c9b2f0ec9c0] kb/s:1064.17
ffmpeg version 7.0.2-3ubuntu1 Copyright (c) 2000-2024 the FFmpeg developers
  built with gcc 14 (Ubuntu 14.2.0-2ubuntu1)
  configuration: --prefix=/usr --extra-version=3ubuntu1 --toolchain=hardened --libdir=/usr/lib/x86_64-linux-gnu --incdir=/usr/include/x86_64-linux-gnu --arch=amd64 --enable-gpl --disable-stripping --disable-libmfx --disable-omx --enable-gnutls --enable-libaom --enable-libass --enable-libbs2b --enable-libcdio --enable-libcodec2 --enable-libdav1d --enable-libflite --enable-libfontconfig --enable-libfreetype --enable-libfribidi --enable-libglslang --enable-libgme --enable-libgsm --enable-libharfbuzz --enable-libmp3lame --enable-libmysofa --enable-libopenjpeg --enable-libopenmpt --enable-libopus --enable-librubberband --enable-libshine --enable-libsnappy --enable-libsoxr --enable-libspeex --enable-libtheora --enable-libtwolame --enable-libvidstab --enable-libvorbis --enable-libvpx --enable-libwebp --enable-libx265 --enable-libxml2 --enable-libxvid --enable-libzimg --enable-openal --enable-opencl --enable-opengl --disable-sndio --enable-libvpl --enable-libdc1394 --enable-libdrm --enable-libiec61883 --enable-chromaprint --enable-frei0r --enable-ladspa --enable-libbluray --enable-libcaca --enable-libdvdnav --enable-libdvdread --enable-libjack --enable-libpulse --enable-librabbitmq --enable-librist --enable-libsrt --enable-libssh --enable-libsvtav1 --enable-libx264 --enable-libzmq --enable-libzvbi --enable-lv2 --enable-sdl2 --enable-libplacebo --enable-librav1e --enable-pocketsphinx --enable-librsvg --enable-libjxl --enable-shared
  libavutil      59.  8.100 / 59.  8.100
  libavcodec     61.  3.100 / 61.  3.100
  libavformat    61.  1.100 / 61.  1.100
  libavdevice    61.  1.100 / 61.  1.100
  libavfilter    10.  1.100 / 10.  1.100
  libswscale      8.  1.100 /  8.  1.100
  libswresample   5.  1.100 /  5.  1.100
  libpostproc    58.  1.100 / 58.  1.100
Input #0, concat, from '/home/marco-lasagna/Scaricati/ffmpeg-java/inputFile.txt':
  Duration: N/A, start: 0.000000, bitrate: N/A
  Stream #0:0: Video: mjpeg (Baseline), yuvj420p(pc, bt470bg/unknown/unknown), 4501x4500 [SAR 1:1 DAR 4501:4500], 25 fps, 25 tbr, 25 tbn
Stream mapping:
  Stream #0:0 -> #0:0 (mjpeg (native) -> h264 (libx264))
Press [q] to stop, [?] for help
[swscaler @ 0x7fcc28016b00] deprecated pixel format used, make sure you did set range correctly
    Last message repeated 1 times
[swscaler @ 0x7fcc28b407c0] deprecated pixel format used, make sure you did set range correctly
    Last message repeated 1 times
[vost#0:0/libx264 @ 0x6348e159a600] No information about the input framerate is available. Falling back to a default value of 25fps. Use the -r option if you want a different framerate.
[libx264 @ 0x6348e15909c0] using SAR=2048/4095
[libx264 @ 0x6348e15909c0] using cpu capabilities: MMX2 SSE2Fast SSSE3 SSE4.2 AVX FMA3 BMI2 AVX2
[libx264 @ 0x6348e15909c0] profile High, level 4.0, 4:2:0, 8-bit
[libx264 @ 0x6348e15909c0] 264 - core 164 r3108 31e19f9 - H.264/MPEG-4 AVC codec - Copyleft 2003-2023 - http://www.videolan.org/x264.html - options: cabac=1 ref=3 deblock=1:0:0 analyse=0x3:0x113 me=hex subme=7 psy=1 psy_rd=1.00:0.00 mixed_ref=1 me_range=16 chroma_me=1 trellis=1 8x8dct=1 cqm=0 deadzone=21,11 fast_pskip=1 chroma_qp_offset=-2 threads=30 lookahead_threads=5 sliced_threads=0 nr=0 decimate=1 interlaced=0 bluray_compat=0 constrained_intra=0 bframes=3 b_pyramid=2 b_adapt=1 b_bias=0 direct=1 weightb=1 open_gop=0 weightp=2 keyint=250 keyint_min=25 scenecut=40 intra_refresh=0 rc_lookahead=40 rc=crf mbtree=1 crf=23.0 qcomp=0.60 qpmin=0 qpmax=69 qpstep=4 ip_ratio=1.40 aq=1:1.00
Output #0, mp4, to './src/test/resources/output/translation/tempVideo/510.mp4':
  Metadata:
    encoder         : Lavf61.1.100
  Stream #0:0: Video: h264 (avc1 / 0x31637661), yuvj420p(pc, progressive), 2048x1024 [SAR 4501:9000 DAR 4501:4500], q=2-31, 25 fps, 12800 tbn
      Metadata:
        encoder         : Lavc61.3.100 libx264
      Side data:
        cpb: bitrate max/min/avg: 0/0/0 buffer size: 0 vbv_delay: N/A
[out#0/mp4 @ 0x6348e1598380] video:32KiB audio:0KiB subtitle:0KiB other streams:0KiB global headers:0KiB muxing overhead: 2.935288%
frame=    6 fps=0.0 q=-1.0 Lsize=      33KiB time=00:00:00.16 bitrate=1671.0kbits/s dup=0 drop=19 speed=0.659x    
[libx264 @ 0x6348e15909c0] frame I:1     Avg QP:18.82  size: 29738
[libx264 @ 0x6348e15909c0] frame P:2     Avg QP:18.18  size:   562
[libx264 @ 0x6348e15909c0] frame B:3     Avg QP:26.94  size:   305
[libx264 @ 0x6348e15909c0] consecutive B-frames: 33.3%  0.0%  0.0% 66.7%
[libx264 @ 0x6348e15909c0] mb I  I16..4: 26.0% 63.8% 10.2%
[libx264 @ 0x6348e15909c0] mb P  I16..4:  0.2%  0.1%  0.0%  P16..4:  0.5%  0.1%  0.1%  0.0%  0.0%    skip:99.0%
[libx264 @ 0x6348e15909c0] mb B  I16..4:  0.0%  0.0%  0.0%  B16..8:  1.4%  0.0%  0.0%  direct: 0.0%  skip:98.5%  L0:23.4% L1:74.8% BI: 1.7%
[libx264 @ 0x6348e15909c0] 8x8 transform intra:63.7% inter:17.9%
[libx264 @ 0x6348e15909c0] coded y,uvDC,uvAC intra: 5.9% 10.2% 9.1% inter: 0.1% 0.0% 0.0%
[libx264 @ 0x6348e15909c0] i16 v,h,dc,p: 87% 12%  1%  0%
[libx264 @ 0x6348e15909c0] i8 v,h,dc,ddl,ddr,vr,hd,vl,hu: 49%  5% 46%  0%  0%  0%  0%  0%  0%
[libx264 @ 0x6348e15909c0] i4 v,h,dc,ddl,ddr,vr,hd,vl,hu: 39% 30% 10%  4%  2%  2%  4%  4%  5%
[libx264 @ 0x6348e15909c0] i8c dc,h,v,p: 82%  9%  8%  1%
[libx264 @ 0x6348e15909c0] Weighted P-Frames: Y:0.0% UV:0.0%
[libx264 @ 0x6348e15909c0] ref P L0: 95.4%  1.0%  0.8%  2.8%
[libx264 @ 0x6348e15909c0] ref B L0: 93.5%  6.5%
[libx264 @ 0x6348e15909c0] ref B L1: 93.7%  6.3%
[libx264 @ 0x6348e15909c0] kb/s:1059.23
ffmpeg version 7.0.2-3ubuntu1 Copyright (c) 2000-2024 the FFmpeg developers
  built with gcc 14 (Ubuntu 14.2.0-2ubuntu1)
  configuration: --prefix=/usr --extra-version=3ubuntu1 --toolchain=hardened --libdir=/usr/lib/x86_64-linux-gnu --incdir=/usr/include/x86_64-linux-gnu --arch=amd64 --enable-gpl --disable-stripping --disable-libmfx --disable-omx --enable-gnutls --enable-libaom --enable-libass --enable-libbs2b --enable-libcdio --enable-libcodec2 --enable-libdav1d --enable-libflite --enable-libfontconfig --enable-libfreetype --enable-libfribidi --enable-libglslang --enable-libgme --enable-libgsm --enable-libharfbuzz --enable-libmp3lame --enable-libmysofa --enable-libopenjpeg --enable-libopenmpt --enable-libopus --enable-librubberband --enable-libshine --enable-libsnappy --enable-libsoxr --enable-libspeex --enable-libtheora --enable-libtwolame --enable-libvidstab --enable-libvorbis --enable-libvpx --enable-libwebp --enable-libx265 --enable-libxml2 --enable-libxvid --enable-libzimg --enable-openal --enable-opencl --enable-opengl --disable-sndio --enable-libvpl --enable-libdc1394 --enable-libdrm --enable-libiec61883 --enable-chromaprint --enable-frei0r --enable-ladspa --enable-libbluray --enable-libcaca --enable-libdvdnav --enable-libdvdread --enable-libjack --enable-libpulse --enable-librabbitmq --enable-librist --enable-libsrt --enable-libssh --enable-libsvtav1 --enable-libx264 --enable-libzmq --enable-libzvbi --enable-lv2 --enable-sdl2 --enable-libplacebo --enable-librav1e --enable-pocketsphinx --enable-librsvg --enable-libjxl --enable-shared
  libavutil      59.  8.100 / 59.  8.100
  libavcodec     61.  3.100 / 61.  3.100
  libavformat    61.  1.100 / 61.  1.100
  libavdevice    61.  1.100 / 61.  1.100
  libavfilter    10.  1.100 / 10.  1.100
  libswscale      8.  1.100 /  8.  1.100
  libswresample   5.  1.100 /  5.  1.100
  libpostproc    58.  1.100 / 58.  1.100
Input #0, concat, from '/home/marco-lasagna/Scaricati/ffmpeg-java/inputFile.txt':
  Duration: N/A, start: 0.000000, bitrate: N/A
  Stream #0:0: Video: mjpeg (Baseline), yuvj420p(pc, bt470bg/unknown/unknown), 4501x4500 [SAR 1:1 DAR 4501:4500], 25 fps, 25 tbr, 25 tbn
Stream mapping:
  Stream #0:0 -> #0:0 (mjpeg (native) -> h264 (libx264))
Press [q] to stop, [?] for help
[swscaler @ 0x7ae698016b00] deprecated pixel format used, make sure you did set range correctly
    Last message repeated 1 times
[swscaler @ 0x7ae698b407c0] deprecated pixel format used, make sure you did set range correctly
    Last message repeated 1 times
[vost#0:0/libx264 @ 0x59ff402f73c0] No information about the input framerate is available. Falling back to a default value of 25fps. Use the -r option if you want a different framerate.
[libx264 @ 0x59ff402ed780] using SAR=2048/4095
[libx264 @ 0x59ff402ed780] using cpu capabilities: MMX2 SSE2Fast SSSE3 SSE4.2 AVX FMA3 BMI2 AVX2
[libx264 @ 0x59ff402ed780] profile High, level 4.0, 4:2:0, 8-bit
[libx264 @ 0x59ff402ed780] 264 - core 164 r3108 31e19f9 - H.264/MPEG-4 AVC codec - Copyleft 2003-2023 - http://www.videolan.org/x264.html - options: cabac=1 ref=3 deblock=1:0:0 analyse=0x3:0x113 me=hex subme=7 psy=1 psy_rd=1.00:0.00 mixed_ref=1 me_range=16 chroma_me=1 trellis=1 8x8dct=1 cqm=0 deadzone=21,11 fast_pskip=1 chroma_qp_offset=-2 threads=30 lookahead_threads=5 sliced_threads=0 nr=0 decimate=1 interlaced=0 bluray_compat=0 constrained_intra=0 bframes=3 b_pyramid=2 b_adapt=1 b_bias=0 direct=1 weightb=1 open_gop=0 weightp=2 keyint=250 keyint_min=25 scenecut=40 intra_refresh=0 rc_lookahead=40 rc=crf mbtree=1 crf=23.0 qcomp=0.60 qpmin=0 qpmax=69 qpstep=4 ip_ratio=1.40 aq=1:1.00
Output #0, mp4, to './src/test/resources/output/translation/tempVideo/517.mp4':
  Metadata:
    encoder         : Lavf61.1.100
  Stream #0:0: Video: h264 (avc1 / 0x31637661), yuvj420p(pc, progressive), 2048x1024 [SAR 4501:9000 DAR 4501:4500], q=2-31, 25 fps, 12800 tbn
      Metadata:
        encoder         : Lavc61.3.100 libx264
      Side data:
        cpb: bitrate max/min/avg: 0/0/0 buffer size: 0 vbv_delay: N/A
[out#0/mp4 @ 0x59ff402f5140] video:30KiB audio:0KiB subtitle:0KiB other streams:0KiB global headers:0KiB muxing overhead: 3.004154%
frame=    5 fps=0.0 q=-1.0 Lsize=      31KiB time=00:00:00.12 bitrate=2132.7kbits/s dup=0 drop=13 speed=0.63x    
[libx264 @ 0x59ff402ed780] frame I:1     Avg QP:19.38  size: 28771
[libx264 @ 0x59ff402ed780] frame P:2     Avg QP:14.47  size:   540
[libx264 @ 0x59ff402ed780] frame B:2     Avg QP:25.24  size:   258
[libx264 @ 0x59ff402ed780] consecutive B-frames: 40.0%  0.0% 60.0%  0.0%
[libx264 @ 0x59ff402ed780] mb I  I16..4: 24.6% 65.3% 10.1%
[libx264 @ 0x59ff402ed780] mb P  I16..4:  0.3%  0.0%  0.0%  P16..4:  0.9%  0.2%  0.1%  0.0%  0.0%    skip:98.5%
[libx264 @ 0x59ff402ed780] mb B  I16..4:  0.1%  0.0%  0.0%  B16..8:  1.3%  0.1%  0.0%  direct: 0.1%  skip:98.5%  L0:23.5% L1:75.5% BI: 1.0%
[libx264 @ 0x59ff402ed780] 8x8 transform intra:64.8% inter:10.2%
[libx264 @ 0x59ff402ed780] coded y,uvDC,uvAC intra: 5.8% 10.0% 8.9% inter: 0.1% 0.0% 0.0%
[libx264 @ 0x59ff402ed780] i16 v,h,dc,p: 87% 13%  1%  0%
[libx264 @ 0x59ff402ed780] i8 v,h,dc,ddl,ddr,vr,hd,vl,hu: 62% 11% 27%  0%  0%  0%  0%  0%  0%
[libx264 @ 0x59ff402ed780] i4 v,h,dc,ddl,ddr,vr,hd,vl,hu: 40% 30%  9%  4%  2%  2%  4%  4%  5%
[libx264 @ 0x59ff402ed780] i8c dc,h,v,p: 82%  9%  8%  1%
[libx264 @ 0x59ff402ed780] Weighted P-Frames: Y:0.0% UV:0.0%
[libx264 @ 0x59ff402ed780] ref P L0: 98.3%  0.1%  1.6%
[libx264 @ 0x59ff402ed780] kb/s:1214.68
ffmpeg version 7.0.2-3ubuntu1 Copyright (c) 2000-2024 the FFmpeg developers
  built with gcc 14 (Ubuntu 14.2.0-2ubuntu1)
  configuration: --prefix=/usr --extra-version=3ubuntu1 --toolchain=hardened --libdir=/usr/lib/x86_64-linux-gnu --incdir=/usr/include/x86_64-linux-gnu --arch=amd64 --enable-gpl --disable-stripping --disable-libmfx --disable-omx --enable-gnutls --enable-libaom --enable-libass --enable-libbs2b --enable-libcdio --enable-libcodec2 --enable-libdav1d --enable-libflite --enable-libfontconfig --enable-libfreetype --enable-libfribidi --enable-libglslang --enable-libgme --enable-libgsm --enable-libharfbuzz --enable-libmp3lame --enable-libmysofa --enable-libopenjpeg --enable-libopenmpt --enable-libopus --enable-librubberband --enable-libshine --enable-libsnappy --enable-libsoxr --enable-libspeex --enable-libtheora --enable-libtwolame --enable-libvidstab --enable-libvorbis --enable-libvpx --enable-libwebp --enable-libx265 --enable-libxml2 --enable-libxvid --enable-libzimg --enable-openal --enable-opencl --enable-opengl --disable-sndio --enable-libvpl --enable-libdc1394 --enable-libdrm --enable-libiec61883 --enable-chromaprint --enable-frei0r --enable-ladspa --enable-libbluray --enable-libcaca --enable-libdvdnav --enable-libdvdread --enable-libjack --enable-libpulse --enable-librabbitmq --enable-librist --enable-libsrt --enable-libssh --enable-libsvtav1 --enable-libx264 --enable-libzmq --enable-libzvbi --enable-lv2 --enable-sdl2 --enable-libplacebo --enable-librav1e --enable-pocketsphinx --enable-librsvg --enable-libjxl --enable-shared
  libavutil      59.  8.100 / 59.  8.100
  libavcodec     61.  3.100 / 61.  3.100
  libavformat    61.  1.100 / 61.  1.100
  libavdevice    61.  1.100 / 61.  1.100
  libavfilter    10.  1.100 / 10.  1.100
  libswscale      8.  1.100 /  8.  1.100
  libswresample   5.  1.100 /  5.  1.100
  libpostproc    58.  1.100 / 58.  1.100
[mov,mp4,m4a,3gp,3g2,mj2 @ 0x594011eddc80] Auto-inserting h264_mp4toannexb bitstream filter
Input #0, concat, from '/home/marco-lasagna/Scaricati/ffmpeg-java/inputFile.txt':
  Duration: N/A, start: 0.000000, bitrate: 1088 kb/s
  Stream #0:0(und): Video: h264 (High) (avc1 / 0x31637661), yuvj420p(pc, progressive), 2048x1024 [SAR 2048:4095 DAR 4096:4095], 1088 kb/s, SAR 4501:9000 DAR 4501:4500, 25 fps, 25 tbr, 12800 tbn
      Metadata:
        handler_name    : VideoHandler
        vendor_id       : [0][0][0][0]
        encoder         : Lavc61.3.100 libx264
Stream mapping:
  Stream #0:0 -> #0:0 (h264 (native) -> h264 (libx264))
Press [q] to stop, [?] for help
[mov,mp4,m4a,3gp,3g2,mj2 @ 0x594011eddc80] Auto-inserting h264_mp4toannexb bitstream filter
    Last message repeated 3 times
[vost#0:0/libx264 @ 0x594011f73600] No information about the input framerate is available. Falling back to a default value of 25fps. Use the -r option if you want a different framerate.
[libx264 @ 0x594011ede880] using SAR=2048/4095
[libx264 @ 0x594011ede880] using cpu capabilities: MMX2 SSE2Fast SSSE3 SSE4.2 AVX FMA3 BMI2 AVX2
[mov,mp4,m4a,3gp,3g2,mj2 @ 0x594011eddc80] Auto-inserting h264_mp4toannexb bitstream filter
[libx264 @ 0x594011ede880] profile High, level 4.0, 4:2:0, 8-bit
[libx264 @ 0x594011ede880] 264 - core 164 r3108 31e19f9 - H.264/MPEG-4 AVC codec - Copyleft 2003-2023 - http://www.videolan.org/x264.html - options: cabac=1 ref=3 deblock=1:0:0 analyse=0x3:0x113 me=hex subme=7 psy=1 psy_rd=1.00:0.00 mixed_ref=1 me_range=16 chroma_me=1 trellis=1 8x8dct=1 cqm=0 deadzone=21,11 fast_pskip=1 chroma_qp_offset=-2 threads=30 lookahead_threads=5 sliced_threads=0 nr=0 decimate=1 interlaced=0 bluray_compat=0 constrained_intra=0 bframes=3 b_pyramid=2 b_adapt=1 b_bias=0 direct=1 weightb=1 open_gop=0 weightp=2 keyint=250 keyint_min=25 scenecut=40 intra_refresh=0 rc_lookahead=40 rc=crf mbtree=1 crf=23.0 qcomp=0.60 qpmin=0 qpmax=69 qpstep=4 ip_ratio=1.40 aq=1:1.00
Output #0, mp4, to './src/test/resources/output/translation/video/output1.mp4':
  Metadata:
    encoder         : Lavf61.1.100
  Stream #0:0(und): Video: h264 (avc1 / 0x31637661), yuvj420p(pc, progressive), 2048x1024 [SAR 4501:9000 DAR 4501:4500], q=2-31, 25 fps, 12800 tbn
      Metadata:
        handler_name    : VideoHandler
        vendor_id       : [0][0][0][0]
        encoder         : Lavc61.3.100 libx264
      Side data:
        cpb: bitrate max/min/avg: 0/0/0 buffer size: 0 vbv_delay: N/A
[mov,mp4,m4a,3gp,3g2,mj2 @ 0x594011eddc80] Auto-inserting h264_mp4toannexb bitstream filter
    Last message repeated 45 times
[out#0/mp4 @ 0x594011f72e00] video:117KiB audio:0KiB subtitle:0KiB other streams:0KiB global headers:0KiB muxing overhead: 2.300164%
frame=  157 fps=0.0 q=-1.0 Lsize=     120KiB time=00:00:06.20 bitrate= 158.2kbits/s dup=0 drop=590 speed=12.7x    
[libx264 @ 0x594011ede880] frame I:1     Avg QP:16.94  size: 35768
[libx264 @ 0x594011ede880] frame P:41    Avg QP:20.61  size:  1105
[libx264 @ 0x594011ede880] frame B:115   Avg QP:28.69  size:   331
[libx264 @ 0x594011ede880] consecutive B-frames:  1.9%  1.3%  0.0% 96.8%
[libx264 @ 0x594011ede880] mb I  I16..4: 16.7% 72.8% 10.5%
[libx264 @ 0x594011ede880] mb P  I16..4:  0.1%  0.1%  0.0%  P16..4:  2.0%  0.2%  0.1%  0.0%  0.0%    skip:97.5%
[libx264 @ 0x594011ede880] mb B  I16..4:  0.0%  0.0%  0.0%  B16..8:  1.3%  0.1%  0.0%  direct: 0.0%  skip:98.5%  L0:50.8% L1:45.5% BI: 3.7%
[libx264 @ 0x594011ede880] 8x8 transform intra:70.9% inter:27.2%
[libx264 @ 0x594011ede880] coded y,uvDC,uvAC intra: 6.0% 10.0% 8.9% inter: 0.1% 0.1% 0.0%
[libx264 @ 0x594011ede880] i16 v,h,dc,p: 75% 24%  1%  0%
[libx264 @ 0x594011ede880] i8 v,h,dc,ddl,ddr,vr,hd,vl,hu: 61%  9% 29%  0%  0%  0%  0%  0%  0%
[libx264 @ 0x594011ede880] i4 v,h,dc,ddl,ddr,vr,hd,vl,hu: 39% 29% 11%  4%  2%  2%  4%  3%  5%
[libx264 @ 0x594011ede880] i8c dc,h,v,p: 78% 12%  9%  1%
[libx264 @ 0x594011ede880] Weighted P-Frames: Y:0.0% UV:0.0%
[libx264 @ 0x594011ede880] ref P L0: 67.8%  2.9% 15.3% 14.0%
[libx264 @ 0x594011ede880] ref B L0: 71.6% 21.2%  7.2%
[libx264 @ 0x594011ede880] ref B L1: 91.8%  8.2%
[libx264 @ 0x594011ede880] kb/s:151.81
]]></system-err>
</testsuite>
